17:37:22.367 [main                     ] DEBUG Logger               - Configured Logger
17:37:22.403 [main                     ] DEBUG GameApplication      - Logging settings
Title: RTAIparty
Version: 1.0
Width: 1280
Height: 720
Fullscreen: false
Intro: false
Profiling: false
Single step:false
App Mode: DEVELOPER
Menu Key: ESCAPE
Stage Style: DECORATED
Scene Factory: class ui.RTAISceneFactory

17:37:22.843 [JavaFX Application Thread] DEBUG FXGLApplication      - Initializing FXGL
17:37:22.845 [JavaFX Application Thread] INFO  Engine               - FXGL-11.17 (16.07.2021 15.46) on WINDOWS (J:16.0.2 FX:16)
17:37:22.846 [JavaFX Application Thread] DEBUG Engine               - JRE Vendor Name: Oracle Corporation
17:37:22.847 [JavaFX Application Thread] DEBUG Engine               - Running on OS: Windows 10 version 10.0
17:37:22.847 [JavaFX Application Thread] DEBUG Engine               - Architecture: amd64
17:37:22.847 [JavaFX Application Thread] INFO  Engine               - Source code and latest versions at: https://github.com/AlmasB/FXGL
17:37:22.847 [JavaFX Application Thread] INFO  Engine               -              Join the FXGL chat at: https://gitter.im/AlmasB/FXGL
17:37:22.952 [JavaFX Application Thread] DEBUG PrimaryStageWindow   - Creating a JavaFX scene
17:37:23.001 [JavaFX Application Thread] DEBUG PrimaryStageWindow   - Target settings size: 1280.0 x 720.0
17:37:23.001 [JavaFX Application Thread] DEBUG PrimaryStageWindow   - Scaled scene size:    1280.0 x 720.0
17:37:23.002 [JavaFX Application Thread] DEBUG PrimaryStageWindow   - Scaled ratio: (1.0, 1.0)
17:37:23.003 [JavaFX Application Thread] DEBUG PrimaryStageWindow   - Set initial scene to FXGLStartupScene
17:37:23.009 [JavaFX Application Thread] DEBUG PrimaryStageWindow   - Opening main window
17:37:23.088 [JavaFX Application Thread] DEBUG PrimaryStageWindow   - Window border size: (16.0, 39.0)
17:37:23.088 [JavaFX Application Thread] DEBUG PrimaryStageWindow   - Scaled size: 1280.0 x 720.0
17:37:23.089 [JavaFX Application Thread] DEBUG PrimaryStageWindow   - Scaled ratio: (1.0, 1.0)
17:37:23.089 [JavaFX Application Thread] DEBUG PrimaryStageWindow   - Scene size: 1280.0 x 720.0
17:37:23.089 [JavaFX Application Thread] DEBUG PrimaryStageWindow   - Stage size: 1296.0 x 759.0
17:37:23.100 [FXGL Background Thread 1 ] DEBUG Engine               - Initializing environment variables
17:37:23.177 [FXGL Background Thread 1 ] DEBUG FXGLAssetLoaderServi - User app class for loading assets: class com.almasb.fxglgames.RTAIparty.RTAIpartyApp
17:37:23.177 [FXGL Background Thread 1 ] DEBUG GameApplicationServi - Applying CSS: fxgl_dark.css
17:37:23.178 [FXGL Background Thread 1 ] DEBUG FXGLAssetLoaderServi - Loading from file system: jar:file:///C:/Users/zorm1/.m2/repository/com/github/almasb/fxgl/11.17/fxgl-11.17.jar!/fxglassets/ui/css/fxgl_dark.css
17:37:23.253 [FXGL Background Thread 1 ] DEBUG GameApplicationServi - Initializing application scenes
17:37:23.301 [FXGL Background Thread 1 ] DEBUG GameWorld            - Game world initialized
17:37:23.370 [FXGL Background Thread 1 ] DEBUG PhysicsWorld         - Physics world initialized: appHeight=720, physics.ppm=50,0
17:37:23.370 [FXGL Background Thread 1 ] DEBUG PhysicsWorld         - Using strategy: BRUTE_FORCE
17:37:23.373 [FXGL Background Thread 1 ] DEBUG GameScene            - Game scene initialized: 1280x720
17:37:23.382 [FXGL Background Thread 1 ] DEBUG FXGLAssetLoaderServi - Loading from file system: file:/C:/Users/zorm1/eclipse-workspace/RTAIparty/target/classes/assets/textures/garcon_blond.png
17:37:23.398 [FXGL Background Thread 1 ] DEBUG FXGLAssetLoaderServi - Loading from file system: file:/C:/Users/zorm1/eclipse-workspace/RTAIparty/target/classes/assets/textures/garcon_brun.png
17:37:23.400 [FXGL Background Thread 1 ] DEBUG FXGLAssetLoaderServi - Loading from file system: file:/C:/Users/zorm1/eclipse-workspace/RTAIparty/target/classes/assets/textures/fille_blonde.png
17:37:23.401 [FXGL Background Thread 1 ] DEBUG FXGLAssetLoaderServi - Loading from file system: file:/C:/Users/zorm1/eclipse-workspace/RTAIparty/target/classes/assets/textures/fille_brune.png
17:37:23.402 [FXGL Background Thread 1 ] DEBUG FXGLAssetLoaderServi - Loading from file system: file:/C:/Users/zorm1/eclipse-workspace/RTAIparty/target/classes/assets/textures/background/classe.png
17:37:23.466 [FXGL Background Thread 1 ] DEBUG FXGLAssetLoaderServi - Loading from file system: file:/C:/Users/zorm1/eclipse-workspace/RTAIparty/target/classes/assets/textures/tableau.png
17:37:23.474 [FXGL Background Thread 1 ] DEBUG FXGLAssetLoaderServi - Loading from file system: file:/C:/Users/zorm1/eclipse-workspace/RTAIparty/target/classes/assets/textures/table.png
17:37:23.493 [FXGL Background Thread 1 ] DEBUG FXGL.DefaultMenu     - createMenuBodyGameMenu()
17:37:23.506 [FXGL Background Thread 1 ] DEBUG FXGL.DefaultMenu     - createOptionsMenu()
17:37:23.513 [FXGL Background Thread 1 ] DEBUG FXGLAssetLoaderServi - Loading from file system: jar:file:///C:/Users/zorm1/.m2/repository/com/github/almasb/fxgl/11.17/fxgl-11.17.jar!/fxglassets/textures/particles/smoke.png
17:37:23.615 [FXGL Background Thread 1 ] DEBUG FXGLAssetLoaderServi - Loading from file system: jar:file:///C:/Users/zorm1/.m2/repository/com/github/almasb/fxgl/11.17/fxgl-11.17.jar!/fxglassets/textures/particles/trace_horizontal.png
17:37:23.638 [FXGL Background Thread 1 ] DEBUG GameApplicationServi - Application scenes initialized
17:37:23.651 [FXGL Background Thread 1 ] DEBUG SystemBundleService  - Loading FXGL system data
17:37:23.656 [FXGL Background Thread 1 ] DEBUG FileSystemAccess     - Reading from: C:\Users\zorm1\eclipse-workspace\RTAIparty\system\fxgl.bundle
17:37:23.667 [FXGL Background Thread 1 ] DEBUG SystemBundleService  - Bundle FXGL: {}
17:37:23.667 [FXGL Background Thread 1 ] DEBUG UpdaterService       - Checking for updates
17:37:23.671 [FXGL Background Thread 4 ] DEBUG FXGLApplication      - Loading fonts
17:37:23.672 [FXGL Background Thread 4 ] DEBUG FXGLAssetLoaderServi - Loading from file system: jar:file:///C:/Users/zorm1/.m2/repository/com/github/almasb/fxgl/11.17/fxgl-11.17.jar!/fxglassets/ui/fonts/VarelaRound-Regular.ttf
17:37:23.672 [FXGL Background Thread 1 ] DEBUG FXGLApplication      - Loading default localization
17:37:23.673 [FXGL Background Thread 1 ] DEBUG FXGLAssetLoaderServi - Loading from file system: jar:file:///C:/Users/zorm1/.m2/repository/com/github/almasb/fxgl/11.17/fxgl-11.17.jar!/fxglassets/languages/english.lang
17:37:23.692 [FXGL Background Thread 1 ] INFO  FXGLApplication      - FXGL initialization took: 0,591 sec
17:37:23.697 [JavaFX Application Thread] DEBUG Input                - Registered new binding: clic - LMB
17:37:23.708 [JavaFX Application Thread] DEBUG Input                - Registered new binding: test - E
17:37:23.712 [JavaFX Application Thread] DEBUG FXGLAssetLoaderServi - Loading from file system: jar:file:///C:/Users/zorm1/.m2/repository/com/github/almasb/fxgl/11.17/fxgl-11.17.jar!/fxglassets/textures/fxgl_icon.png
17:37:23.733 [JavaFX Application Thread] DEBUG FXGLAssetLoaderServi - Loading from file system: jar:file:///C:/Users/zorm1/.m2/repository/com/github/almasb/fxgl/11.17/fxgl-11.17.jar!/fxglassets/textures/fxgl_default_cursor.png
17:37:23.736 [JavaFX Application Thread] DEBUG Input                - Registered new binding: Screenshot - CTRL+8
17:37:23.737 [JavaFX Application Thread] DEBUG Input                - Registered new binding: System info dump - CTRL+9
17:37:23.738 [JavaFX Application Thread] DEBUG Input                - Registered new binding: Restart - CTRL+R
17:37:23.739 [JavaFX Application Thread] DEBUG Input                - Registered new binding: Toggle Debug Camera - CTRL+C
17:37:23.741 [JavaFX Application Thread] DEBUG LoopRunner           - Starting loop
17:37:23.742 [JavaFX Application Thread] DEBUG LoopRunner           - Initializing JavaFX AnimationTimerLoop
17:37:23.745 [JavaFX Application Thread] DEBUG Input                - Clearing active input actions
17:37:23.751 [FXGL Background Thread 4 ] DEBUG FXGLAssetLoaderServi - Loading from file system: jar:file:///C:/Users/zorm1/.m2/repository/com/github/almasb/fxgl/11.17/fxgl-11.17.jar!/fxglassets/ui/fonts/Abel-Regular.ttf
17:37:23.755 [JavaFX Application Thread] DEBUG GameApplicationServi - Removing overlay from FXGLStartupScene and adding to FXGLMainMenuDummyScene
17:37:23.755 [JavaFX Application Thread] DEBUG PrimaryStageWindow   - FXGLStartupScene -> FXGLMainMenuDummyScene
17:37:23.756 [JavaFX Application Thread] DEBUG PrimaryStageWindow   - Push state: RTAIpartyMainMenu
17:37:23.756 [JavaFX Application Thread] DEBUG Input                - Clearing active input actions
17:37:23.765 [JavaFX Application Thread] DEBUG GameApplicationServi - Removing overlay from FXGLMainMenuDummyScene and adding to RTAIpartyMainMenu
17:37:23.765 [JavaFX Application Thread] DEBUG PrimaryStageWindow   - FXGLMainMenuDummyScene -> RTAIpartyMainMenu
17:37:23.770 [FXGL Background Thread 4 ] DEBUG FXGLAssetLoaderServi - Loading from file system: jar:file:///C:/Users/zorm1/.m2/repository/com/github/almasb/fxgl/11.17/fxgl-11.17.jar!/fxglassets/ui/fonts/lucida_console.ttf
17:37:23.788 [FXGL Background Thread 4 ] DEBUG FXGLAssetLoaderServi - Loading from file system: jar:file:///C:/Users/zorm1/.m2/repository/com/github/almasb/fxgl/11.17/fxgl-11.17.jar!/fxglassets/ui/fonts/Courier-Prime.ttf
17:37:23.808 [JavaFX Application Thread] DEBUG FXGLApplication      - Registering font factories with UI factory
17:37:26.671 [FXGL Background Thread 3 ] DEBUG Engine               - Logging environment variables
17:37:26.673 [FXGL Background Thread 3 ] DEBUG Engine               - achievements: []
17:37:26.673 [FXGL Background Thread 3 ] DEBUG Engine               - actualHeight: 720.0
17:37:26.674 [FXGL Background Thread 3 ] DEBUG Engine               - actualHeightProperty: ReadOnlyDoubleProperty [value: 720.0]
17:37:26.674 [FXGL Background Thread 3 ] DEBUG Engine               - actualWidth: 1280.0
17:37:26.675 [FXGL Background Thread 3 ] DEBUG Engine               - actualWidthProperty: ReadOnlyDoubleProperty [value: 1280.0]
17:37:26.675 [FXGL Background Thread 3 ] DEBUG Engine               - appIcon: fxgl_icon.png
17:37:26.676 [FXGL Background Thread 3 ] DEBUG Engine               - applicationMode: DEVELOPER
17:37:26.676 [FXGL Background Thread 3 ] DEBUG Engine               - cSSList: [fxgl_dark.css]
17:37:26.677 [FXGL Background Thread 3 ] DEBUG Engine               - collisionDetectionStrategy: BRUTE_FORCE
17:37:26.677 [FXGL Background Thread 3 ] DEBUG Engine               - configClass: Optional.empty
17:37:26.678 [FXGL Background Thread 3 ] DEBUG Engine               - credits: []
17:37:26.679 [FXGL Background Thread 3 ] DEBUG Engine               - defaultCursor: CursorInfo(imageName=fxgl_default_cursor.png, hotspotX=7.0, hotspotY=6.0)
17:37:26.680 [FXGL Background Thread 3 ] DEBUG Engine               - devBBoxColorProperty: ObjectProperty [value: 0xff0000ff]
17:37:26.680 [FXGL Background Thread 3 ] DEBUG Engine               - devEnableDebugCameraProperty: BooleanProperty [value: false]
17:37:26.681 [FXGL Background Thread 3 ] DEBUG Engine               - devSensorColorProperty: ObjectProperty [value: 0xffff00ff]
17:37:26.682 [FXGL Background Thread 3 ] DEBUG Engine               - devShowBBoxProperty: BooleanProperty [value: false]
17:37:26.682 [FXGL Background Thread 3 ] DEBUG Engine               - devShowPositionProperty: BooleanProperty [value: false]
17:37:26.682 [FXGL Background Thread 3 ] DEBUG Engine               - enabledMenuItems: []
17:37:26.683 [FXGL Background Thread 3 ] DEBUG Engine               - engineServices: [class com.almasb.fxgl.app.services.FXGLAssetLoaderService, class com.almasb.fxgl.app.FXGLApplication$GameApplicationService, class com.almasb.fxgl.app.services.FXGLDialogService, class com.almasb.fxgl.app.services.IOTaskExecutorService, class com.almasb.fxgl.io.FileSystemService, class com.almasb.fxgl.localization.LocalizationService, class com.almasb.fxgl.app.services.SystemBundleService, class com.almasb.fxgl.profile.SaveLoadService, class com.almasb.fxgl.ui.FXGLUIFactoryServiceProvider, class com.almasb.fxgl.ui.FXGLDialogFactoryServiceProvider, class com.almasb.fxgl.audio.AudioPlayer, class com.almasb.fxgl.notification.impl.NotificationServiceProvider, class com.almasb.fxgl.achievement.AchievementService, class com.almasb.fxgl.cutscene.CutsceneService, class com.almasb.fxgl.minigames.MiniGameService, class com.almasb.fxgl.net.NetService, class com.almasb.fxgl.app.services.UpdaterService, class com.almasb.fxgl.dev.DevService]
17:37:26.683 [FXGL Background Thread 3 ] DEBUG Engine               - fontGame: Abel-Regular.ttf
17:37:26.684 [FXGL Background Thread 3 ] DEBUG Engine               - fontMono: lucida_console.ttf
17:37:26.684 [FXGL Background Thread 3 ] DEBUG Engine               - fontText: Courier-Prime.ttf
17:37:26.684 [FXGL Background Thread 3 ] DEBUG Engine               - fontUI: VarelaRound-Regular.ttf
17:37:26.685 [FXGL Background Thread 3 ] DEBUG Engine               - fullScreen: BooleanProperty [value: false]
17:37:26.685 [FXGL Background Thread 3 ] DEBUG Engine               - gameDifficulty: MEDIUM
17:37:26.686 [FXGL Background Thread 3 ] DEBUG Engine               - gameDifficultyProperty: ObjectProperty [value: MEDIUM]
17:37:26.686 [FXGL Background Thread 3 ] DEBUG Engine               - globalMusicVolume: 0.5
17:37:26.687 [FXGL Background Thread 3 ] DEBUG Engine               - globalMusicVolumeProperty: DoubleProperty [value: 0.5]
17:37:26.688 [FXGL Background Thread 3 ] DEBUG Engine               - globalSoundVolume: 0.5
17:37:26.688 [FXGL Background Thread 3 ] DEBUG Engine               - globalSoundVolumeProperty: DoubleProperty [value: 0.5]
17:37:26.689 [FXGL Background Thread 3 ] DEBUG Engine               - height: 720
17:37:26.689 [FXGL Background Thread 3 ] DEBUG Engine               - is3D: false
17:37:26.689 [FXGL Background Thread 3 ] DEBUG Engine               - isAndroid: false
17:37:26.690 [FXGL Background Thread 3 ] DEBUG Engine               - isBrowser: false
17:37:26.690 [FXGL Background Thread 3 ] DEBUG Engine               - isClickFeedbackEnabled: false
17:37:26.690 [FXGL Background Thread 3 ] DEBUG Engine               - isCloseConfirmation: false
17:37:26.691 [FXGL Background Thread 3 ] DEBUG Engine               - isDesktop: true
17:37:26.691 [FXGL Background Thread 3 ] DEBUG Engine               - isDeveloperMenuEnabled: false
17:37:26.692 [FXGL Background Thread 3 ] DEBUG Engine               - isEntityPreloadEnabled: true
17:37:26.692 [FXGL Background Thread 3 ] DEBUG Engine               - isExperimentalTiledLargeMap: false
17:37:26.693 [FXGL Background Thread 3 ] DEBUG Engine               - isFileSystemWriteAllowed: true
17:37:26.693 [FXGL Background Thread 3 ] DEBUG Engine               - isFullScreenAllowed: false
17:37:26.694 [FXGL Background Thread 3 ] DEBUG Engine               - isFullScreenFromStart: false
17:37:26.694 [FXGL Background Thread 3 ] DEBUG Engine               - isGameMenuEnabled: true
17:37:26.695 [FXGL Background Thread 3 ] DEBUG Engine               - isIOS: false
17:37:26.695 [FXGL Background Thread 3 ] DEBUG Engine               - isIntroEnabled: false
17:37:26.695 [FXGL Background Thread 3 ] DEBUG Engine               - isLinux: false
17:37:26.696 [FXGL Background Thread 3 ] DEBUG Engine               - isMac: false
17:37:26.696 [FXGL Background Thread 3 ] DEBUG Engine               - isMainMenuEnabled: true
17:37:26.696 [FXGL Background Thread 3 ] DEBUG Engine               - isManualResizeEnabled: true
17:37:26.697 [FXGL Background Thread 3 ] DEBUG Engine               - isMobile: false
17:37:26.697 [FXGL Background Thread 3 ] DEBUG Engine               - isNative: false
17:37:26.697 [FXGL Background Thread 3 ] DEBUG Engine               - isPauseMusicWhenMinimized: true
17:37:26.698 [FXGL Background Thread 3 ] DEBUG Engine               - isPreserveResizeRatio: true
17:37:26.698 [FXGL Background Thread 3 ] DEBUG Engine               - isProfilingEnabled: false
17:37:26.699 [FXGL Background Thread 3 ] DEBUG Engine               - isScaleAffectedOnResize: true
17:37:26.700 [FXGL Background Thread 3 ] DEBUG Engine               - isSingleStep: false
17:37:26.700 [FXGL Background Thread 3 ] DEBUG Engine               - isUserProfileEnabled: false
17:37:26.701 [FXGL Background Thread 3 ] DEBUG Engine               - isWindows: true
17:37:26.701 [FXGL Background Thread 3 ] DEBUG Engine               - language: ObjectProperty [value: ENGLISH]
17:37:26.702 [FXGL Background Thread 3 ] DEBUG Engine               - menuKey: ESCAPE
17:37:26.702 [FXGL Background Thread 3 ] DEBUG Engine               - mouseSensitivity: 0.2
17:37:26.702 [FXGL Background Thread 3 ] DEBUG Engine               - notificationViewClass: class com.almasb.fxgl.notification.view.XboxNotificationView
17:37:26.703 [FXGL Background Thread 3 ] DEBUG Engine               - pixelsPerMeter: 50.0
17:37:26.703 [FXGL Background Thread 3 ] DEBUG Engine               - platform: WINDOWS
17:37:26.703 [FXGL Background Thread 3 ] DEBUG Engine               - prefHeightProperty: ReadOnlyDoubleProperty [value: 720.0]
17:37:26.703 [FXGL Background Thread 3 ] DEBUG Engine               - prefWidthProperty: ReadOnlyDoubleProperty [value: 1280.0]
17:37:26.703 [FXGL Background Thread 3 ] DEBUG Engine               - profileDir: profiles/
17:37:26.703 [FXGL Background Thread 3 ] DEBUG Engine               - profileName: StringProperty [value: DEFAULT]
17:37:26.703 [FXGL Background Thread 3 ] DEBUG Engine               - randomSeed: -1
17:37:26.704 [FXGL Background Thread 3 ] DEBUG Engine               - runtimeInfo: RuntimeInfo(platform=WINDOWS, version=11.17, build=16.07.2021 15.46)
17:37:26.704 [FXGL Background Thread 3 ] DEBUG Engine               - saveFileExt: sav
17:37:26.704 [FXGL Background Thread 3 ] DEBUG Engine               - scaledHeightProp$fxgl: DoubleProperty [bound, value: 720.0]
17:37:26.704 [FXGL Background Thread 3 ] DEBUG Engine               - scaledWidthProp$fxgl: DoubleProperty [bound, value: 1280.0]
17:37:26.705 [FXGL Background Thread 3 ] DEBUG Engine               - sceneFactory: ui.RTAISceneFactory@34f43359
17:37:26.705 [FXGL Background Thread 3 ] DEBUG Engine               - secondsIn24h: 60
17:37:26.705 [FXGL Background Thread 3 ] DEBUG Engine               - soundMenuBack: menu/back.wav
17:37:26.705 [FXGL Background Thread 3 ] DEBUG Engine               - soundMenuPress: menu/press.wav
17:37:26.705 [FXGL Background Thread 3 ] DEBUG Engine               - soundMenuSelect: menu/select.wav
17:37:26.705 [FXGL Background Thread 3 ] DEBUG Engine               - soundNotification: core/notification.wav
17:37:26.706 [FXGL Background Thread 3 ] DEBUG Engine               - stageStyle: DECORATED
17:37:26.706 [FXGL Background Thread 3 ] DEBUG Engine               - supportedLanguages: [ENGLISH, FRENCH, GERMAN, HUNGARIAN, RUSSIAN]
17:37:26.706 [FXGL Background Thread 3 ] DEBUG Engine               - ticksPerSecond: -1
17:37:26.706 [FXGL Background Thread 3 ] DEBUG Engine               - title: RTAIparty
17:37:26.706 [FXGL Background Thread 3 ] DEBUG Engine               - urlGithub: https://github.com/AlmasB/FXGL
17:37:26.707 [FXGL Background Thread 3 ] DEBUG Engine               - urlLeaderboard: http://fxgl-top.herokuapp.com/
17:37:26.707 [FXGL Background Thread 3 ] DEBUG Engine               - urlPOM: https://raw.githubusercontent.com/AlmasB/FXGL/release/README.md
17:37:26.707 [FXGL Background Thread 3 ] DEBUG Engine               - userAppClass: class com.almasb.fxglgames.RTAIparty.RTAIpartyApp
17:37:26.707 [FXGL Background Thread 3 ] DEBUG Engine               - version: 1.0
17:37:26.708 [FXGL Background Thread 3 ] DEBUG Engine               - versionCheckDays: 7
17:37:26.708 [FXGL Background Thread 3 ] DEBUG Engine               - width: 1280
17:37:26.708 [FXGL Background Thread 3 ] DEBUG Engine               - Logging services
17:37:26.708 [FXGL Background Thread 3 ] DEBUG Engine               - class com.almasb.fxgl.app.services.FXGLAssetLoaderService
17:37:26.708 [FXGL Background Thread 3 ] DEBUG Engine               - class com.almasb.fxgl.app.FXGLApplication$GameApplicationService
17:37:26.708 [FXGL Background Thread 3 ] DEBUG Engine               - class com.almasb.fxgl.app.services.FXGLDialogService
17:37:26.709 [FXGL Background Thread 3 ] DEBUG Engine               - class com.almasb.fxgl.app.services.IOTaskExecutorService
17:37:26.709 [FXGL Background Thread 3 ] DEBUG Engine               - class com.almasb.fxgl.io.FileSystemService
17:37:26.709 [FXGL Background Thread 3 ] DEBUG Engine               - class com.almasb.fxgl.localization.LocalizationService
17:37:26.709 [FXGL Background Thread 3 ] DEBUG Engine               - class com.almasb.fxgl.app.services.SystemBundleService
17:37:26.710 [FXGL Background Thread 3 ] DEBUG Engine               - class com.almasb.fxgl.profile.SaveLoadService
17:37:26.710 [FXGL Background Thread 3 ] DEBUG Engine               - class com.almasb.fxgl.ui.FXGLUIFactoryServiceProvider
17:37:26.710 [FXGL Background Thread 3 ] DEBUG Engine               - class com.almasb.fxgl.ui.FXGLDialogFactoryServiceProvider
17:37:26.710 [FXGL Background Thread 3 ] DEBUG Engine               - class com.almasb.fxgl.audio.AudioPlayer
17:37:26.710 [FXGL Background Thread 3 ] DEBUG Engine               - class com.almasb.fxgl.notification.impl.NotificationServiceProvider
17:37:26.710 [FXGL Background Thread 3 ] DEBUG Engine               - class com.almasb.fxgl.achievement.AchievementService
17:37:26.711 [FXGL Background Thread 3 ] DEBUG Engine               - class com.almasb.fxgl.cutscene.CutsceneService
17:37:26.711 [FXGL Background Thread 3 ] DEBUG Engine               - class com.almasb.fxgl.minigames.MiniGameService
17:37:26.711 [FXGL Background Thread 3 ] DEBUG Engine               - class com.almasb.fxgl.net.NetService
17:37:26.711 [FXGL Background Thread 3 ] DEBUG Engine               - class com.almasb.fxgl.app.services.UpdaterService
17:37:26.712 [FXGL Background Thread 3 ] DEBUG Engine               - class com.almasb.fxgl.dev.DevService
17:37:27.464 [JavaFX Application Thread] DEBUG Menu                 - fireNewGame()
17:37:27.465 [JavaFX Application Thread] DEBUG GameApplicationServi - Starting new game
17:37:27.465 [JavaFX Application Thread] DEBUG PrimaryStageWindow   - Pop state: RTAIpartyMainMenu
17:37:27.466 [JavaFX Application Thread] DEBUG Input                - Clearing active input actions
17:37:27.467 [JavaFX Application Thread] DEBUG GameApplicationServi - Removing overlay from RTAIpartyMainMenu and adding to FXGLMainMenuDummyScene
17:37:27.468 [JavaFX Application Thread] DEBUG PrimaryStageWindow   - FXGLMainMenuDummyScene <- RTAIpartyMainMenu
17:37:27.469 [JavaFX Application Thread] DEBUG Input                - Clearing active input actions
17:37:27.497 [JavaFX Application Thread] DEBUG GameApplicationServi - Removing overlay from FXGLMainMenuDummyScene and adding to FXGLLoadingScene
17:37:27.498 [JavaFX Application Thread] DEBUG PrimaryStageWindow   - FXGLMainMenuDummyScene -> FXGLLoadingScene
17:37:27.498 [JavaFX Application Thread] DEBUG GameApplicationServi - Clearing previous game
17:37:27.499 [JavaFX Application Thread] DEBUG GameScene            - Clearing game scene
17:37:27.500 [JavaFX Application Thread] DEBUG GameWorld            - Clearing game world
17:37:27.500 [JavaFX Application Thread] DEBUG PhysicsWorld         - Clearing physics world
17:37:27.505 [FXGL Background Thread 2 ] DEBUG FXGLApplication      - Initializing game
17:37:27.532 [JavaFX Application Thread] DEBUG Input                - Registered new binding: fin - E
17:37:27.533 [JavaFX Application Thread] DEBUG Input                - Registered new binding: Up - Up
17:37:27.533 [JavaFX Application Thread] DEBUG Input                - Registered new binding: Down - Down
17:37:27.534 [JavaFX Application Thread] DEBUG Input                - Registered new binding: Left - Left
17:37:27.534 [JavaFX Application Thread] DEBUG Input                - Registered new binding: Right - Right
17:37:27.540 [JavaFX Application Thread] DEBUG FXGLAssetLoaderServi - Loading from file system: file:/C:/Users/zorm1/eclipse-workspace/RTAIparty/target/classes/assets/textures/DodgeBlock.png
17:37:27.546 [FXGL Background Thread 2 ] INFO  FXGLApplication      - Game initialization took: 0,041 sec
17:37:27.855 [JavaFX Application Thread] DEBUG FXGLAssetLoaderServi - Loading from file system: file:/C:/Users/zorm1/eclipse-workspace/RTAIparty/target/classes/assets/textures/garcon_dodge.png
17:37:28.102 [JavaFX Application Thread] DEBUG GameWorld            - Clearing removable entities
17:37:28.103 [JavaFX Application Thread] DEBUG GameWorld            - Setting level: com.almasb.fxgl.entity.level.Level@233c8bf9
17:37:28.146 [JavaFX Application Thread] DEBUG Input                - Clearing active input actions
17:37:28.214 [JavaFX Application Thread] DEBUG GameApplicationServi - Removing overlay from FXGLLoadingScene and adding to GameScene
17:37:28.214 [JavaFX Application Thread] DEBUG PrimaryStageWindow   - FXGLLoadingScene -> GameScene
17:37:28.237 [JavaFX Application Thread] DEBUG PrimaryStageWindow   - Push state: DodgeSubScene
17:37:28.237 [JavaFX Application Thread] DEBUG Input                - Clearing active input actions
17:37:28.237 [JavaFX Application Thread] DEBUG GameApplicationServi - Removing overlay from GameScene and adding to DodgeSubScene
17:37:28.238 [JavaFX Application Thread] DEBUG PrimaryStageWindow   - GameScene -> DodgeSubScene
17:38:44.013 [JavaFX Application Thread] DEBUG FXGLApplication      - Exiting FXGL
17:38:44.014 [JavaFX Application Thread] DEBUG LoopRunner           - Stopping loop
17:38:44.014 [JavaFX Application Thread] DEBUG SystemBundleService  - Saving FXGL system data
17:38:44.020 [JavaFX Application Thread] DEBUG FileSystemAccess     - Writing to: C:\Users\zorm1\eclipse-workspace\RTAIparty\system\fxgl.bundle
17:38:44.025 [JavaFX Application Thread] DEBUG Async                - Shutting down background threads
17:38:44.026 [JavaFX Application Thread] DEBUG PrimaryStageWindow   - Closing main window
17:38:44.069 [JavaFX Application Thread] DEBUG Logger               - Closing Logger
