14:38:53.613 [main                     ] DEBUG Logger               - Configured Logger
14:38:53.646 [main                     ] DEBUG GameApplication      - Logging settings
Title: FXGL tower defense
Version: 1.0
Width: 672
Height: 672
Fullscreen: false
Intro: false
Profiling: false
Single step:false
App Mode: DEVELOPER
Menu Key: ESCAPE
Stage Style: DECORATED
Scene Factory: class com.almasb.fxgl.app.scene.SceneFactory

14:38:54.081 [JavaFX Application Thread] DEBUG FXGLApplication      - Initializing FXGL
14:38:54.083 [JavaFX Application Thread] INFO  Engine               - FXGL-11.16 (25.05.2021 08.16) on WINDOWS (J:16.0.2 FX:16)
14:38:54.083 [JavaFX Application Thread] DEBUG Engine               - JRE Vendor Name: Oracle Corporation
14:38:54.084 [JavaFX Application Thread] DEBUG Engine               - Running on OS: Windows 10 version 10.0
14:38:54.084 [JavaFX Application Thread] DEBUG Engine               - Architecture: amd64
14:38:54.084 [JavaFX Application Thread] INFO  Engine               - Source code and latest versions at: https://github.com/AlmasB/FXGL
14:38:54.084 [JavaFX Application Thread] INFO  Engine               -              Join the FXGL chat at: https://gitter.im/AlmasB/FXGL
14:38:54.208 [JavaFX Application Thread] DEBUG PrimaryStageWindow   - Creating a JavaFX scene
14:38:54.272 [JavaFX Application Thread] DEBUG PrimaryStageWindow   - Target settings size: 672.0 x 672.0
14:38:54.273 [JavaFX Application Thread] DEBUG PrimaryStageWindow   - Scaled scene size:    672.0 x 672.0
14:38:54.273 [JavaFX Application Thread] DEBUG PrimaryStageWindow   - Scaled ratio: (1.0, 1.0)
14:38:54.274 [JavaFX Application Thread] DEBUG PrimaryStageWindow   - Set initial scene to FXGLStartupScene
14:38:54.279 [JavaFX Application Thread] DEBUG PrimaryStageWindow   - Opening main window
14:38:54.374 [JavaFX Application Thread] DEBUG PrimaryStageWindow   - Window border size: (16.0, 39.0)
14:38:54.374 [JavaFX Application Thread] DEBUG PrimaryStageWindow   - Scaled size: 672.0 x 672.0
14:38:54.375 [JavaFX Application Thread] DEBUG PrimaryStageWindow   - Scaled ratio: (1.0, 1.0)
14:38:54.375 [JavaFX Application Thread] DEBUG PrimaryStageWindow   - Scene size: 672.0 x 672.0
14:38:54.375 [JavaFX Application Thread] DEBUG PrimaryStageWindow   - Stage size: 688.0 x 711.0
14:38:54.384 [FXGL Background Thread 1 ] DEBUG Engine               - Initializing environment variables
14:38:54.435 [FXGL Background Thread 1 ] DEBUG FXGLAssetLoaderServi - User app class for loading assets: class com.almasb.fxglgames.TowerDefense.TowerDefenseApp
14:38:54.436 [FXGL Background Thread 1 ] DEBUG GameApplicationServi - Applying CSS: fxgl_dark.css
14:38:54.438 [FXGL Background Thread 1 ] DEBUG FXGLAssetLoaderServi - Loading from file system: jar:file:///C:/Users/zorm1/.m2/repository/com/github/almasb/fxgl/11.16/fxgl-11.16.jar!/fxglassets/ui/css/fxgl_dark.css
14:38:54.526 [FXGL Background Thread 1 ] DEBUG GameApplicationServi - Initializing application scenes
14:38:54.600 [FXGL Background Thread 1 ] DEBUG GameWorld            - Game world initialized
14:38:54.675 [FXGL Background Thread 1 ] DEBUG PhysicsWorld         - Physics world initialized: appHeight=672, physics.ppm=50,0
14:38:54.675 [FXGL Background Thread 1 ] DEBUG PhysicsWorld         - Using strategy: BRUTE_FORCE
14:38:54.678 [FXGL Background Thread 1 ] DEBUG GameScene            - Game scene initialized: 672x672
14:38:54.689 [FXGL Background Thread 1 ] WARN  FXGL.DefaultMenu     - FXGLDefaultMenu is not designed for resolutions < 800x600
14:38:54.689 [FXGL Background Thread 1 ] DEBUG FXGL.DefaultMenu     - createMenuBodyGameMenu()
14:38:54.705 [FXGL Background Thread 1 ] DEBUG FXGL.DefaultMenu     - createOptionsMenu()
14:38:54.718 [FXGL Background Thread 1 ] DEBUG FXGLAssetLoaderServi - Loading from file system: jar:file:///C:/Users/zorm1/.m2/repository/com/github/almasb/fxgl/11.16/fxgl-11.16.jar!/fxglassets/textures/particles/smoke.png
14:38:54.853 [FXGL Background Thread 1 ] DEBUG FXGLAssetLoaderServi - Loading from file system: jar:file:///C:/Users/zorm1/.m2/repository/com/github/almasb/fxgl/11.16/fxgl-11.16.jar!/fxglassets/textures/particles/trace_horizontal.png
14:38:54.890 [FXGL Background Thread 1 ] DEBUG GameApplicationServi - Application scenes initialized
14:38:54.906 [FXGL Background Thread 1 ] DEBUG SystemBundleService  - Loading FXGL system data
14:38:54.918 [FXGL Background Thread 1 ] DEBUG FileSystemAccess     - Reading from: C:\Users\zorm1\eclipse-workspace\TowerDefense Element\system\fxgl.bundle
14:38:54.924 [FXGL Background Thread 1 ] DEBUG SystemBundleService  - Bundle FXGL: {}
14:38:54.924 [FXGL Background Thread 1 ] DEBUG UpdaterService       - Checking for updates
14:38:54.928 [FXGL Background Thread 4 ] DEBUG FXGLApplication      - Loading fonts
14:38:54.929 [FXGL Background Thread 4 ] DEBUG FXGLAssetLoaderServi - Loading from file system: jar:file:///C:/Users/zorm1/.m2/repository/com/github/almasb/fxgl/11.16/fxgl-11.16.jar!/fxglassets/ui/fonts/VarelaRound-Regular.ttf
14:38:54.929 [FXGL Background Thread 1 ] DEBUG FXGLApplication      - Loading default localization
14:38:54.929 [FXGL Background Thread 1 ] DEBUG FXGLAssetLoaderServi - Loading from file system: jar:file:///C:/Users/zorm1/.m2/repository/com/github/almasb/fxgl/11.16/fxgl-11.16.jar!/fxglassets/languages/english.lang
14:38:54.954 [FXGL Background Thread 1 ] INFO  FXGLApplication      - FXGL initialization took: 0,570 sec
14:38:54.963 [JavaFX Application Thread] DEBUG Input                - Registered new binding: clic - LMB
14:38:54.973 [JavaFX Application Thread] DEBUG Input                - Registered new binding: CreateEnnemi - E
14:38:54.974 [JavaFX Application Thread] DEBUG FXGLAssetLoaderServi - Loading from file system: jar:file:///C:/Users/zorm1/.m2/repository/com/github/almasb/fxgl/11.16/fxgl-11.16.jar!/fxglassets/textures/fxgl_icon.png
14:38:55.011 [JavaFX Application Thread] DEBUG FXGLAssetLoaderServi - Loading from file system: jar:file:///C:/Users/zorm1/.m2/repository/com/github/almasb/fxgl/11.16/fxgl-11.16.jar!/fxglassets/textures/fxgl_default_cursor.png
14:38:55.016 [JavaFX Application Thread] DEBUG Input                - Registered new binding: Screenshot - CTRL+8
14:38:55.022 [JavaFX Application Thread] DEBUG Input                - Registered new binding: System info dump - CTRL+9
14:38:55.023 [JavaFX Application Thread] DEBUG Input                - Registered new binding: Restart - CTRL+R
14:38:55.024 [JavaFX Application Thread] DEBUG Input                - Registered new binding: Toggle Debug Camera - CTRL+C
14:38:55.024 [FXGL Background Thread 4 ] DEBUG FXGLAssetLoaderServi - Loading from file system: jar:file:///C:/Users/zorm1/.m2/repository/com/github/almasb/fxgl/11.16/fxgl-11.16.jar!/fxglassets/ui/fonts/Abel-Regular.ttf
14:38:55.027 [JavaFX Application Thread] DEBUG LoopRunner           - Starting loop
14:38:55.028 [JavaFX Application Thread] DEBUG LoopRunner           - Initializing JavaFX AnimationTimerLoop
14:38:55.029 [JavaFX Application Thread] DEBUG GameApplicationServi - Starting new game
14:38:55.030 [JavaFX Application Thread] DEBUG Input                - Clearing active input actions
14:38:55.046 [JavaFX Application Thread] DEBUG GameApplicationServi - Removing overlay from FXGLStartupScene and adding to FXGLLoadingScene
14:38:55.047 [JavaFX Application Thread] DEBUG PrimaryStageWindow   - FXGLStartupScene -> FXGLLoadingScene
14:38:55.047 [JavaFX Application Thread] DEBUG GameApplicationServi - Clearing previous game
14:38:55.047 [JavaFX Application Thread] DEBUG GameScene            - Clearing game scene
14:38:55.047 [JavaFX Application Thread] DEBUG GameWorld            - Clearing game world
14:38:55.048 [JavaFX Application Thread] DEBUG PhysicsWorld         - Clearing physics world
14:38:55.051 [FXGL Background Thread 1 ] DEBUG FXGLApplication      - Initializing game
14:38:55.089 [FXGL Background Thread 1 ] DEBUG FXGLAssetLoaderServi - Loading from file system: file:/C:/Users/zorm1/eclipse-workspace/TowerDefense%20Element/target/classes/assets/textures/eauHG.png
14:38:55.089 [FXGL Background Thread 4 ] DEBUG FXGLAssetLoaderServi - Loading from file system: jar:file:///C:/Users/zorm1/.m2/repository/com/github/almasb/fxgl/11.16/fxgl-11.16.jar!/fxglassets/ui/fonts/lucida_console.ttf
14:38:55.106 [FXGL Background Thread 1 ] DEBUG FXGLAssetLoaderServi - Loading from file system: file:/C:/Users/zorm1/eclipse-workspace/TowerDefense%20Element/target/classes/assets/textures/eauH.png
14:38:55.118 [FXGL Background Thread 4 ] DEBUG FXGLAssetLoaderServi - Loading from file system: jar:file:///C:/Users/zorm1/.m2/repository/com/github/almasb/fxgl/11.16/fxgl-11.16.jar!/fxglassets/ui/fonts/Courier-Prime.ttf
14:38:55.135 [FXGL Background Thread 1 ] DEBUG FXGLAssetLoaderServi - Loading from file system: file:/C:/Users/zorm1/eclipse-workspace/TowerDefense%20Element/target/classes/assets/textures/eauHD.png
14:38:55.139 [FXGL Background Thread 1 ] DEBUG FXGLAssetLoaderServi - Loading from file system: file:/C:/Users/zorm1/eclipse-workspace/TowerDefense%20Element/target/classes/assets/textures/eauG.png
14:38:55.142 [FXGL Background Thread 1 ] DEBUG FXGLAssetLoaderServi - Loading from file system: file:/C:/Users/zorm1/eclipse-workspace/TowerDefense%20Element/target/classes/assets/textures/herbe.png
14:38:55.155 [FXGL Background Thread 1 ] DEBUG FXGLAssetLoaderServi - Loading from file system: file:/C:/Users/zorm1/eclipse-workspace/TowerDefense%20Element/target/classes/assets/textures/portail.png
14:38:55.177 [FXGL Background Thread 1 ] DEBUG FXGLAssetLoaderServi - Loading from file system: file:/C:/Users/zorm1/eclipse-workspace/TowerDefense%20Element/target/classes/assets/textures/eauD.png
14:38:55.187 [FXGL Background Thread 1 ] DEBUG FXGLAssetLoaderServi - Loading from file system: file:/C:/Users/zorm1/eclipse-workspace/TowerDefense%20Element/target/classes/assets/textures/herbeD.png
14:38:55.189 [FXGL Background Thread 1 ] DEBUG FXGLAssetLoaderServi - Loading from file system: file:/C:/Users/zorm1/eclipse-workspace/TowerDefense%20Element/target/classes/assets/textures/terre.png
14:38:55.192 [FXGL Background Thread 1 ] DEBUG FXGLAssetLoaderServi - Loading from file system: file:/C:/Users/zorm1/eclipse-workspace/TowerDefense%20Element/target/classes/assets/textures/herbeG.png
14:38:55.211 [FXGL Background Thread 1 ] DEBUG FXGLAssetLoaderServi - Loading from file system: file:/C:/Users/zorm1/eclipse-workspace/TowerDefense%20Element/target/classes/assets/textures/fondation.png
14:38:55.235 [JavaFX Application Thread] DEBUG FXGLApplication      - Registering font factories with UI factory
14:38:55.443 [FXGL Background Thread 1 ] DEBUG GameWorld            - Clearing removable entities
14:38:55.444 [FXGL Background Thread 1 ] DEBUG GameWorld            - Setting level: com.almasb.fxgl.entity.level.Level@404dbcbb
14:38:55.464 [FXGL Background Thread 1 ] INFO  FXGLApplication      - Game initialization took: 0,413 sec
14:38:55.465 [JavaFX Application Thread] DEBUG Input                - Clearing active input actions
14:38:55.505 [JavaFX Application Thread] DEBUG GameApplicationServi - Removing overlay from FXGLLoadingScene and adding to GameScene
14:38:55.507 [JavaFX Application Thread] DEBUG PrimaryStageWindow   - FXGLLoadingScene -> GameScene
14:38:55.915 [FXGL Background Thread 2 ] INFO  UpdaterService       - Your current version:  11.16
14:38:55.915 [FXGL Background Thread 2 ] INFO  UpdaterService       - Latest stable version: 11.17
14:38:57.927 [FXGL Background Thread 3 ] DEBUG Engine               - Logging environment variables
14:38:57.927 [FXGL Background Thread 3 ] DEBUG Engine               - achievements: []
14:38:57.928 [FXGL Background Thread 3 ] DEBUG Engine               - actualHeight: 672.0
14:38:57.928 [FXGL Background Thread 3 ] DEBUG Engine               - actualHeightProperty: ReadOnlyDoubleProperty [value: 1017.0]
14:38:57.928 [FXGL Background Thread 3 ] DEBUG Engine               - actualWidth: 672.0
14:38:57.928 [FXGL Background Thread 3 ] DEBUG Engine               - actualWidthProperty: ReadOnlyDoubleProperty [value: 1920.0]
14:38:57.928 [FXGL Background Thread 3 ] DEBUG Engine               - appIcon: fxgl_icon.png
14:38:57.928 [FXGL Background Thread 3 ] DEBUG Engine               - applicationMode: DEVELOPER
14:38:57.929 [FXGL Background Thread 3 ] DEBUG Engine               - cSSList: [fxgl_dark.css]
14:38:57.929 [FXGL Background Thread 3 ] DEBUG Engine               - collisionDetectionStrategy: BRUTE_FORCE
14:38:57.929 [FXGL Background Thread 3 ] DEBUG Engine               - configClass: Optional.empty
14:38:57.929 [FXGL Background Thread 3 ] DEBUG Engine               - credits: []
14:38:57.929 [FXGL Background Thread 3 ] DEBUG Engine               - defaultCursor: CursorInfo(imageName=fxgl_default_cursor.png, hotspotX=7.0, hotspotY=6.0)
14:38:57.930 [FXGL Background Thread 3 ] DEBUG Engine               - devBBoxColorProperty: ObjectProperty [value: 0xff0000ff]
14:38:57.930 [FXGL Background Thread 3 ] DEBUG Engine               - devEnableDebugCameraProperty: BooleanProperty [value: false]
14:38:57.930 [FXGL Background Thread 3 ] DEBUG Engine               - devSensorColorProperty: ObjectProperty [value: 0xffff00ff]
14:38:57.931 [FXGL Background Thread 3 ] DEBUG Engine               - devShowBBoxProperty: BooleanProperty [value: false]
14:38:57.931 [FXGL Background Thread 3 ] DEBUG Engine               - devShowPositionProperty: BooleanProperty [value: false]
14:38:57.931 [FXGL Background Thread 3 ] DEBUG Engine               - enabledMenuItems: []
14:38:57.931 [FXGL Background Thread 3 ] DEBUG Engine               - engineServices: [class com.almasb.fxgl.app.services.FXGLAssetLoaderService, class com.almasb.fxgl.app.FXGLApplication$GameApplicationService, class com.almasb.fxgl.app.services.FXGLDialogService, class com.almasb.fxgl.app.services.IOTaskExecutorService, class com.almasb.fxgl.io.FileSystemService, class com.almasb.fxgl.localization.LocalizationService, class com.almasb.fxgl.app.services.SystemBundleService, class com.almasb.fxgl.profile.SaveLoadService, class com.almasb.fxgl.ui.FXGLUIFactoryServiceProvider, class com.almasb.fxgl.ui.FXGLDialogFactoryServiceProvider, class com.almasb.fxgl.audio.AudioPlayer, class com.almasb.fxgl.notification.impl.NotificationServiceProvider, class com.almasb.fxgl.achievement.AchievementService, class com.almasb.fxgl.cutscene.CutsceneService, class com.almasb.fxgl.minigames.MiniGameService, class com.almasb.fxgl.net.NetService, class com.almasb.fxgl.app.services.UpdaterService, class com.almasb.fxgl.dev.DevService]
14:38:57.931 [FXGL Background Thread 3 ] DEBUG Engine               - fontGame: Abel-Regular.ttf
14:38:57.931 [FXGL Background Thread 3 ] DEBUG Engine               - fontMono: lucida_console.ttf
14:38:57.932 [FXGL Background Thread 3 ] DEBUG Engine               - fontText: Courier-Prime.ttf
14:38:57.932 [FXGL Background Thread 3 ] DEBUG Engine               - fontUI: VarelaRound-Regular.ttf
14:38:57.932 [FXGL Background Thread 3 ] DEBUG Engine               - fullScreen: BooleanProperty [value: false]
14:38:57.932 [FXGL Background Thread 3 ] DEBUG Engine               - gameDifficulty: MEDIUM
14:38:57.933 [FXGL Background Thread 3 ] DEBUG Engine               - gameDifficultyProperty: ObjectProperty [value: MEDIUM]
14:38:57.933 [FXGL Background Thread 3 ] DEBUG Engine               - globalMusicVolume: 0.5
14:38:57.933 [FXGL Background Thread 3 ] DEBUG Engine               - globalMusicVolumeProperty: DoubleProperty [value: 0.5]
14:38:57.933 [FXGL Background Thread 3 ] DEBUG Engine               - globalSoundVolume: 0.5
14:38:57.934 [FXGL Background Thread 3 ] DEBUG Engine               - globalSoundVolumeProperty: DoubleProperty [value: 0.5]
14:38:57.934 [FXGL Background Thread 3 ] DEBUG Engine               - height: 672
14:38:57.934 [FXGL Background Thread 3 ] DEBUG Engine               - is3D: false
14:38:57.934 [FXGL Background Thread 3 ] DEBUG Engine               - isAndroid: false
14:38:57.934 [FXGL Background Thread 3 ] DEBUG Engine               - isBrowser: false
14:38:57.934 [FXGL Background Thread 3 ] DEBUG Engine               - isClickFeedbackEnabled: false
14:38:57.935 [FXGL Background Thread 3 ] DEBUG Engine               - isCloseConfirmation: false
14:38:57.935 [FXGL Background Thread 3 ] DEBUG Engine               - isDesktop: true
14:38:57.935 [FXGL Background Thread 3 ] DEBUG Engine               - isDeveloperMenuEnabled: false
14:38:57.935 [FXGL Background Thread 3 ] DEBUG Engine               - isEntityPreloadEnabled: true
14:38:57.935 [FXGL Background Thread 3 ] DEBUG Engine               - isExperimentalTiledLargeMap: false
14:38:57.935 [FXGL Background Thread 3 ] DEBUG Engine               - isFileSystemWriteAllowed: true
14:38:57.936 [FXGL Background Thread 3 ] DEBUG Engine               - isFullScreenAllowed: false
14:38:57.936 [FXGL Background Thread 3 ] DEBUG Engine               - isFullScreenFromStart: false
14:38:57.936 [FXGL Background Thread 3 ] DEBUG Engine               - isGameMenuEnabled: true
14:38:57.936 [FXGL Background Thread 3 ] DEBUG Engine               - isIOS: false
14:38:57.936 [FXGL Background Thread 3 ] DEBUG Engine               - isIntroEnabled: false
14:38:57.937 [FXGL Background Thread 3 ] DEBUG Engine               - isLinux: false
14:38:57.937 [FXGL Background Thread 3 ] DEBUG Engine               - isMac: false
14:38:57.937 [FXGL Background Thread 3 ] DEBUG Engine               - isMainMenuEnabled: false
14:38:57.937 [FXGL Background Thread 3 ] DEBUG Engine               - isManualResizeEnabled: true
14:38:57.937 [FXGL Background Thread 3 ] DEBUG Engine               - isMobile: false
14:38:57.937 [FXGL Background Thread 3 ] DEBUG Engine               - isNative: false
14:38:57.937 [FXGL Background Thread 3 ] DEBUG Engine               - isPreserveResizeRatio: true
14:38:57.937 [FXGL Background Thread 3 ] DEBUG Engine               - isProfilingEnabled: false
14:38:57.938 [FXGL Background Thread 3 ] DEBUG Engine               - isScaleAffectedOnResize: true
14:38:57.938 [FXGL Background Thread 3 ] DEBUG Engine               - isSingleStep: false
14:38:57.938 [FXGL Background Thread 3 ] DEBUG Engine               - isUserProfileEnabled: false
14:38:57.938 [FXGL Background Thread 3 ] DEBUG Engine               - isWindows: true
14:38:57.938 [FXGL Background Thread 3 ] DEBUG Engine               - language: ObjectProperty [value: ENGLISH]
14:38:57.939 [FXGL Background Thread 3 ] DEBUG Engine               - menuKey: ESCAPE
14:38:57.939 [FXGL Background Thread 3 ] DEBUG Engine               - mouseSensitivity: 0.2
14:38:57.939 [FXGL Background Thread 3 ] DEBUG Engine               - notificationViewClass: class com.almasb.fxgl.notification.view.XboxNotificationView
14:38:57.939 [FXGL Background Thread 3 ] DEBUG Engine               - pixelsPerMeter: 50.0
14:38:57.939 [FXGL Background Thread 3 ] DEBUG Engine               - platform: WINDOWS
14:38:57.939 [FXGL Background Thread 3 ] DEBUG Engine               - prefHeightProperty: ReadOnlyDoubleProperty [value: 672.0]
14:38:57.939 [FXGL Background Thread 3 ] DEBUG Engine               - prefWidthProperty: ReadOnlyDoubleProperty [value: 672.0]
14:38:57.940 [FXGL Background Thread 3 ] DEBUG Engine               - profileDir: profiles/
14:38:57.940 [FXGL Background Thread 3 ] DEBUG Engine               - profileName: StringProperty [value: DEFAULT]
14:38:57.940 [FXGL Background Thread 3 ] DEBUG Engine               - randomSeed: -1
14:38:57.940 [FXGL Background Thread 3 ] DEBUG Engine               - runtimeInfo: RuntimeInfo(platform=WINDOWS, version=11.16, build=25.05.2021 08.16)
14:38:57.940 [FXGL Background Thread 3 ] DEBUG Engine               - saveFileExt: sav
14:38:57.940 [FXGL Background Thread 3 ] DEBUG Engine               - scaledHeightProp$fxgl: DoubleProperty [bound, value: 1017.0]
14:38:57.940 [FXGL Background Thread 3 ] DEBUG Engine               - scaledWidthProp$fxgl: DoubleProperty [bound, value: 1920.0]
14:38:57.941 [FXGL Background Thread 3 ] DEBUG Engine               - sceneFactory: com.almasb.fxgl.app.scene.SceneFactory@6e4c8416
14:38:57.941 [FXGL Background Thread 3 ] DEBUG Engine               - secondsIn24h: 60
14:38:57.942 [FXGL Background Thread 3 ] DEBUG Engine               - soundMenuBack: menu/back.wav
14:38:57.942 [FXGL Background Thread 3 ] DEBUG Engine               - soundMenuPress: menu/press.wav
14:38:57.942 [FXGL Background Thread 3 ] DEBUG Engine               - soundMenuSelect: menu/select.wav
14:38:57.942 [FXGL Background Thread 3 ] DEBUG Engine               - soundNotification: core/notification.wav
14:38:57.942 [FXGL Background Thread 3 ] DEBUG Engine               - stageStyle: DECORATED
14:38:57.943 [FXGL Background Thread 3 ] DEBUG Engine               - supportedLanguages: [ENGLISH, FRENCH, GERMAN, HUNGARIAN, RUSSIAN]
14:38:57.943 [FXGL Background Thread 3 ] DEBUG Engine               - ticksPerSecond: -1
14:38:57.943 [FXGL Background Thread 3 ] DEBUG Engine               - title: FXGL tower defense
14:38:57.943 [FXGL Background Thread 3 ] DEBUG Engine               - urlGithub: https://github.com/AlmasB/FXGL
14:38:57.943 [FXGL Background Thread 3 ] DEBUG Engine               - urlLeaderboard: http://fxgl-top.herokuapp.com/
14:38:57.943 [FXGL Background Thread 3 ] DEBUG Engine               - urlPOM: https://raw.githubusercontent.com/AlmasB/FXGL/release/README.md
14:38:57.943 [FXGL Background Thread 3 ] DEBUG Engine               - userAppClass: class com.almasb.fxglgames.TowerDefense.TowerDefenseApp
14:38:57.943 [FXGL Background Thread 3 ] DEBUG Engine               - version: 1.0
14:38:57.944 [FXGL Background Thread 3 ] DEBUG Engine               - versionCheckDays: 7
14:38:57.944 [FXGL Background Thread 3 ] DEBUG Engine               - width: 672
14:38:57.944 [FXGL Background Thread 3 ] DEBUG Engine               - Logging services
14:38:57.944 [FXGL Background Thread 3 ] DEBUG Engine               - class com.almasb.fxgl.app.services.FXGLAssetLoaderService
14:38:57.944 [FXGL Background Thread 3 ] DEBUG Engine               - class com.almasb.fxgl.app.FXGLApplication$GameApplicationService
14:38:57.945 [FXGL Background Thread 3 ] DEBUG Engine               - class com.almasb.fxgl.app.services.FXGLDialogService
14:38:57.945 [FXGL Background Thread 3 ] DEBUG Engine               - class com.almasb.fxgl.app.services.IOTaskExecutorService
14:38:57.945 [FXGL Background Thread 3 ] DEBUG Engine               - class com.almasb.fxgl.io.FileSystemService
14:38:57.945 [FXGL Background Thread 3 ] DEBUG Engine               - class com.almasb.fxgl.localization.LocalizationService
14:38:57.945 [FXGL Background Thread 3 ] DEBUG Engine               - class com.almasb.fxgl.app.services.SystemBundleService
14:38:57.945 [FXGL Background Thread 3 ] DEBUG Engine               - class com.almasb.fxgl.profile.SaveLoadService
14:38:57.945 [FXGL Background Thread 3 ] DEBUG Engine               - class com.almasb.fxgl.ui.FXGLUIFactoryServiceProvider
14:38:57.945 [FXGL Background Thread 3 ] DEBUG Engine               - class com.almasb.fxgl.ui.FXGLDialogFactoryServiceProvider
14:38:57.946 [FXGL Background Thread 3 ] DEBUG Engine               - class com.almasb.fxgl.audio.AudioPlayer
14:38:57.946 [FXGL Background Thread 3 ] DEBUG Engine               - class com.almasb.fxgl.notification.impl.NotificationServiceProvider
14:38:57.946 [FXGL Background Thread 3 ] DEBUG Engine               - class com.almasb.fxgl.achievement.AchievementService
14:38:57.946 [FXGL Background Thread 3 ] DEBUG Engine               - class com.almasb.fxgl.cutscene.CutsceneService
14:38:57.946 [FXGL Background Thread 3 ] DEBUG Engine               - class com.almasb.fxgl.minigames.MiniGameService
14:38:57.946 [FXGL Background Thread 3 ] DEBUG Engine               - class com.almasb.fxgl.net.NetService
14:38:57.947 [FXGL Background Thread 3 ] DEBUG Engine               - class com.almasb.fxgl.app.services.UpdaterService
14:38:57.947 [FXGL Background Thread 3 ] DEBUG Engine               - class com.almasb.fxgl.dev.DevService
14:38:58.868 [JavaFX Application Thread] DEBUG FXGLAssetLoaderServi - Loading from file system: file:/C:/Users/zorm1/eclipse-workspace/TowerDefense%20Element/target/classes/assets/textures/choiceTower.png
14:38:59.384 [JavaFX Application Thread] DEBUG FXGLAssetLoaderServi - Loading from file system: file:/C:/Users/zorm1/eclipse-workspace/TowerDefense%20Element/target/classes/assets/textures/towerFireAnime.png
14:51:21.259 [JavaFX Application Thread] DEBUG FXGLAssetLoaderServi - Loading from file system: file:/C:/Users/zorm1/eclipse-workspace/TowerDefense%20Element/target/classes/assets/textures/slime.png
14:51:38.947 [JavaFX Application Thread] WARN  GameWorld            - Attempted to remove entity which is not active
14:51:40.839 [JavaFX Application Thread] WARN  GameWorld            - Attempted to remove entity which is not active
14:51:56.183 [JavaFX Application Thread] DEBUG FXGLApplication      - Exiting FXGL
14:51:56.183 [JavaFX Application Thread] DEBUG LoopRunner           - Stopping loop
14:51:56.183 [JavaFX Application Thread] DEBUG SystemBundleService  - Saving FXGL system data
14:51:56.185 [JavaFX Application Thread] DEBUG FileSystemAccess     - Writing to: C:\Users\zorm1\eclipse-workspace\TowerDefense Element\system\fxgl.bundle
14:51:56.187 [JavaFX Application Thread] DEBUG Async                - Shutting down background threads
14:51:56.187 [JavaFX Application Thread] DEBUG PrimaryStageWindow   - Closing main window
14:51:56.204 [JavaFX Application Thread] DEBUG Logger               - Closing Logger
