23:38:08.501 [main                     ] DEBUG Logger               - Configured Logger
23:38:08.524 [main                     ] DEBUG GameApplication      - Logging settings
Title: RTAIparty
Version: 1.0
Width: 672
Height: 672
Fullscreen: false
Intro: false
Profiling: false
Single step:false
App Mode: DEVELOPER
Menu Key: ESCAPE
Stage Style: DECORATED
Scene Factory: class com.almasb.fxgl.app.scene.SceneFactory

23:38:08.803 [JavaFX Application Thread] DEBUG FXGLApplication      - Initializing FXGL
23:38:08.805 [JavaFX Application Thread] INFO  Engine               - FXGL-11.16 (25.05.2021 08.16) on WINDOWS (J:16.0.2 FX:16)
23:38:08.805 [JavaFX Application Thread] DEBUG Engine               - JRE Vendor Name: Oracle Corporation
23:38:08.806 [JavaFX Application Thread] DEBUG Engine               - Running on OS: Windows 10 version 10.0
23:38:08.806 [JavaFX Application Thread] DEBUG Engine               - Architecture: amd64
23:38:08.806 [JavaFX Application Thread] INFO  Engine               - Source code and latest versions at: https://github.com/AlmasB/FXGL
23:38:08.806 [JavaFX Application Thread] INFO  Engine               -              Join the FXGL chat at: https://gitter.im/AlmasB/FXGL
23:38:08.879 [JavaFX Application Thread] DEBUG PrimaryStageWindow   - Creating a JavaFX scene
23:38:08.927 [JavaFX Application Thread] DEBUG PrimaryStageWindow   - Target settings size: 672.0 x 672.0
23:38:08.927 [JavaFX Application Thread] DEBUG PrimaryStageWindow   - Scaled scene size:    672.0 x 672.0
23:38:08.927 [JavaFX Application Thread] DEBUG PrimaryStageWindow   - Scaled ratio: (1.0, 1.0)
23:38:08.928 [JavaFX Application Thread] DEBUG PrimaryStageWindow   - Set initial scene to FXGLStartupScene
23:38:08.932 [JavaFX Application Thread] DEBUG PrimaryStageWindow   - Opening main window
23:38:09.029 [JavaFX Application Thread] DEBUG PrimaryStageWindow   - Window border size: (16.0, 39.0)
23:38:09.029 [JavaFX Application Thread] DEBUG PrimaryStageWindow   - Scaled size: 672.0 x 672.0
23:38:09.030 [JavaFX Application Thread] DEBUG PrimaryStageWindow   - Scaled ratio: (1.0, 1.0)
23:38:09.031 [JavaFX Application Thread] DEBUG PrimaryStageWindow   - Scene size: 672.0 x 672.0
23:38:09.031 [JavaFX Application Thread] DEBUG PrimaryStageWindow   - Stage size: 688.0 x 711.0
23:38:09.043 [FXGL Background Thread 1 ] DEBUG Engine               - Initializing environment variables
23:38:09.131 [FXGL Background Thread 1 ] DEBUG FXGLAssetLoaderServi - User app class for loading assets: class com.almasb.fxglgames.RTAIparty.RTAIpartyApp
23:38:09.131 [FXGL Background Thread 1 ] DEBUG GameApplicationServi - Applying CSS: fxgl_dark.css
23:38:09.134 [FXGL Background Thread 1 ] DEBUG FXGLAssetLoaderServi - Loading from file system: jar:file:///C:/Users/zorm1/.m2/repository/com/github/almasb/fxgl/11.16/fxgl-11.16.jar!/fxglassets/ui/css/fxgl_dark.css
23:38:09.257 [FXGL Background Thread 1 ] DEBUG GameApplicationServi - Initializing application scenes
23:38:09.329 [FXGL Background Thread 1 ] DEBUG GameWorld            - Game world initialized
23:38:09.379 [FXGL Background Thread 1 ] DEBUG PhysicsWorld         - Physics world initialized: appHeight=672, physics.ppm=50,0
23:38:09.379 [FXGL Background Thread 1 ] DEBUG PhysicsWorld         - Using strategy: BRUTE_FORCE
23:38:09.380 [FXGL Background Thread 1 ] DEBUG GameScene            - Game scene initialized: 672x672
23:38:09.389 [FXGL Background Thread 1 ] WARN  FXGL.DefaultMenu     - FXGLDefaultMenu is not designed for resolutions < 800x600
23:38:09.389 [FXGL Background Thread 1 ] DEBUG FXGL.DefaultMenu     - createMenuBodyGameMenu()
23:38:09.403 [FXGL Background Thread 1 ] DEBUG FXGL.DefaultMenu     - createOptionsMenu()
23:38:09.409 [FXGL Background Thread 1 ] DEBUG FXGLAssetLoaderServi - Loading from file system: jar:file:///C:/Users/zorm1/.m2/repository/com/github/almasb/fxgl/11.16/fxgl-11.16.jar!/fxglassets/textures/particles/smoke.png
23:38:09.490 [FXGL Background Thread 1 ] DEBUG FXGLAssetLoaderServi - Loading from file system: jar:file:///C:/Users/zorm1/.m2/repository/com/github/almasb/fxgl/11.16/fxgl-11.16.jar!/fxglassets/textures/particles/trace_horizontal.png
23:38:09.516 [FXGL Background Thread 1 ] DEBUG GameApplicationServi - Application scenes initialized
23:38:09.523 [FXGL Background Thread 1 ] DEBUG SystemBundleService  - Loading FXGL system data
23:38:09.534 [FXGL Background Thread 1 ] DEBUG FileSystemAccess     - Reading from: C:\Users\zorm1\eclipse-workspace\RTAIparty\system\fxgl.bundle
23:38:09.539 [FXGL Background Thread 1 ] DEBUG SystemBundleService  - Bundle FXGL: {}
23:38:09.539 [FXGL Background Thread 1 ] DEBUG UpdaterService       - Checking for updates
23:38:09.545 [FXGL Background Thread 4 ] DEBUG FXGLApplication      - Loading fonts
23:38:09.546 [FXGL Background Thread 1 ] DEBUG FXGLApplication      - Loading default localization
23:38:09.546 [FXGL Background Thread 4 ] DEBUG FXGLAssetLoaderServi - Loading from file system: jar:file:///C:/Users/zorm1/.m2/repository/com/github/almasb/fxgl/11.16/fxgl-11.16.jar!/fxglassets/ui/fonts/VarelaRound-Regular.ttf
23:38:09.546 [FXGL Background Thread 1 ] DEBUG FXGLAssetLoaderServi - Loading from file system: jar:file:///C:/Users/zorm1/.m2/repository/com/github/almasb/fxgl/11.16/fxgl-11.16.jar!/fxglassets/languages/english.lang
23:38:09.566 [FXGL Background Thread 1 ] INFO  FXGLApplication      - FXGL initialization took: 0,522 sec
23:38:09.569 [JavaFX Application Thread] DEBUG Input                - Registered new binding: clic - LMB
23:38:09.577 [JavaFX Application Thread] DEBUG Input                - Registered new binding: test - E
23:38:09.580 [JavaFX Application Thread] DEBUG FXGLAssetLoaderServi - Loading from file system: jar:file:///C:/Users/zorm1/.m2/repository/com/github/almasb/fxgl/11.16/fxgl-11.16.jar!/fxglassets/textures/fxgl_icon.png
23:38:09.601 [JavaFX Application Thread] DEBUG FXGLAssetLoaderServi - Loading from file system: jar:file:///C:/Users/zorm1/.m2/repository/com/github/almasb/fxgl/11.16/fxgl-11.16.jar!/fxglassets/textures/fxgl_default_cursor.png
23:38:09.603 [JavaFX Application Thread] DEBUG Input                - Registered new binding: Screenshot - CTRL+8
23:38:09.604 [JavaFX Application Thread] DEBUG Input                - Registered new binding: System info dump - CTRL+9
23:38:09.604 [JavaFX Application Thread] DEBUG Input                - Registered new binding: Restart - CTRL+R
23:38:09.605 [JavaFX Application Thread] DEBUG Input                - Registered new binding: Toggle Debug Camera - CTRL+C
23:38:09.607 [JavaFX Application Thread] DEBUG LoopRunner           - Starting loop
23:38:09.608 [JavaFX Application Thread] DEBUG LoopRunner           - Initializing JavaFX AnimationTimerLoop
23:38:09.610 [JavaFX Application Thread] DEBUG GameApplicationServi - Starting new game
23:38:09.610 [JavaFX Application Thread] DEBUG Input                - Clearing active input actions
23:38:09.620 [FXGL Background Thread 4 ] DEBUG FXGLAssetLoaderServi - Loading from file system: jar:file:///C:/Users/zorm1/.m2/repository/com/github/almasb/fxgl/11.16/fxgl-11.16.jar!/fxglassets/ui/fonts/Abel-Regular.ttf
23:38:09.623 [JavaFX Application Thread] DEBUG GameApplicationServi - Removing overlay from FXGLStartupScene and adding to FXGLLoadingScene
23:38:09.624 [JavaFX Application Thread] DEBUG PrimaryStageWindow   - FXGLStartupScene -> FXGLLoadingScene
23:38:09.624 [JavaFX Application Thread] DEBUG GameApplicationServi - Clearing previous game
23:38:09.624 [JavaFX Application Thread] DEBUG GameScene            - Clearing game scene
23:38:09.624 [JavaFX Application Thread] DEBUG GameWorld            - Clearing game world
23:38:09.625 [JavaFX Application Thread] DEBUG PhysicsWorld         - Clearing physics world
23:38:09.626 [FXGL Background Thread 1 ] DEBUG FXGLApplication      - Initializing game
23:38:09.635 [FXGL Background Thread 4 ] DEBUG FXGLAssetLoaderServi - Loading from file system: jar:file:///C:/Users/zorm1/.m2/repository/com/github/almasb/fxgl/11.16/fxgl-11.16.jar!/fxglassets/ui/fonts/lucida_console.ttf
23:38:09.659 [FXGL Background Thread 4 ] DEBUG FXGLAssetLoaderServi - Loading from file system: jar:file:///C:/Users/zorm1/.m2/repository/com/github/almasb/fxgl/11.16/fxgl-11.16.jar!/fxglassets/ui/fonts/Courier-Prime.ttf
23:38:09.669 [JavaFX Application Thread] DEBUG LoopRunner           - Stopping loop
23:38:09.671 [JavaFX Application Thread] FATAL FXGLApplication      - Uncaught Exception:
java.lang.RuntimeException: Initialization failed
	at com.almasb.fxgl.all/com.almasb.fxgl.app.FXGLApplication$InitAppTask.failed(FXGLApplication.kt:343)
	at javafx.graphics/javafx.concurrent.Task.setState(Task.java:710)
	at javafx.graphics/javafx.concurrent.Task$TaskCallable.lambda$call$2(Task.java:1455)
	at javafx.graphics/com.sun.javafx.application.PlatformImpl.lambda$runLater$10(PlatformImpl.java:447)
	at java.base/java.security.AccessController.doPrivileged(AccessController.java:391)
	at javafx.graphics/com.sun.javafx.application.PlatformImpl.lambda$runLater$11(PlatformImpl.java:446)
	at javafx.graphics/com.sun.glass.ui.InvokeLaterDispatcher$Future.run(InvokeLaterDispatcher.java:96)
	at javafx.graphics/com.sun.glass.ui.win.WinApplication._runLoop(Native Method)
	at javafx.graphics/com.sun.glass.ui.win.WinApplication.lambda$runLoop$3(WinApplication.java:174)
	at java.base/java.lang.Thread.run(Thread.java:831)
Caused by: java.lang.IllegalArgumentException: No EntityFactory has a method annotated @Spawns(9)
	at com.almasb.fxgl.entity/com.almasb.fxgl.entity.GameWorld.create(GameWorld.kt:413)
	at com.almasb.fxgl.entity/com.almasb.fxgl.entity.level.text.TextLevelLoader.load(TextLevelLoader.kt:41)
	at com.almasb.fxgl.all/com.almasb.fxgl.app.services.FXGLAssetLoaderService.loadLevel(FXGLAssetLoaderService.kt:446)
	at TowerDefense.main/com.almasb.fxglgames.RTAIparty.RTAIpartyApp.initGame(RTAIpartyApp.java:136)
	at com.almasb.fxgl.all/com.almasb.fxgl.app.FXGLApplication$InitAppTask.initGame(FXGLApplication.kt:339)
	at com.almasb.fxgl.all/com.almasb.fxgl.app.FXGLApplication$InitAppTask.call(FXGLApplication.kt:319)
	at com.almasb.fxgl.all/com.almasb.fxgl.app.FXGLApplication$InitAppTask.call(FXGLApplication.kt:311)
	at javafx.graphics/javafx.concurrent.Task$TaskCallable.call(Task.java:1425)
	at java.base/java.util.concurrent.FutureTask.run(FutureTask.java:264)
	at java.base/java.util.concurrent.Executors$RunnableAdapter.call(Executors.java:515)
	at java.base/java.util.concurrent.FutureTask.run(FutureTask.java:264)
	at java.base/java.util.concurrent.ThreadPoolExecutor.runWorker(ThreadPoolExecutor.java:1130)
	at java.base/java.util.concurrent.ThreadPoolExecutor$Worker.run(ThreadPoolExecutor.java:630)
	... 1 more

23:38:09.671 [JavaFX Application Thread] FATAL FXGLApplication      - Application will now exit
23:38:09.691 [JavaFX Application Thread] DEBUG PrimaryStageWindow   - Push state: ErrorSubScene
23:38:09.691 [JavaFX Application Thread] DEBUG Input                - Clearing active input actions
23:38:09.701 [JavaFX Application Thread] DEBUG GameApplicationServi - Removing overlay from FXGLLoadingScene and adding to ErrorSubScene
23:38:09.701 [JavaFX Application Thread] DEBUG PrimaryStageWindow   - FXGLLoadingScene -> ErrorSubScene
23:38:09.704 [JavaFX Application Thread] DEBUG FXGLApplication      - Registering font factories with UI factory
23:38:10.304 [FXGL Background Thread 2 ] INFO  UpdaterService       - Your current version:  11.16
23:38:10.305 [FXGL Background Thread 2 ] INFO  UpdaterService       - Latest stable version: 11.17
23:38:12.546 [FXGL Background Thread 3 ] DEBUG Engine               - Logging environment variables
23:38:12.546 [FXGL Background Thread 3 ] DEBUG Engine               - achievements: []
23:38:12.546 [FXGL Background Thread 3 ] DEBUG Engine               - actualHeight: 672.0
23:38:12.547 [FXGL Background Thread 3 ] DEBUG Engine               - actualHeightProperty: ReadOnlyDoubleProperty [value: 672.0]
23:38:12.547 [FXGL Background Thread 3 ] DEBUG Engine               - actualWidth: 672.0
23:38:12.547 [FXGL Background Thread 3 ] DEBUG Engine               - actualWidthProperty: ReadOnlyDoubleProperty [value: 672.0]
23:38:12.547 [FXGL Background Thread 3 ] DEBUG Engine               - appIcon: fxgl_icon.png
23:38:12.547 [FXGL Background Thread 3 ] DEBUG Engine               - applicationMode: DEVELOPER
23:38:12.547 [FXGL Background Thread 3 ] DEBUG Engine               - cSSList: [fxgl_dark.css]
23:38:12.547 [FXGL Background Thread 3 ] DEBUG Engine               - collisionDetectionStrategy: BRUTE_FORCE
23:38:12.548 [FXGL Background Thread 3 ] DEBUG Engine               - configClass: Optional.empty
23:38:12.548 [FXGL Background Thread 3 ] DEBUG Engine               - credits: []
23:38:12.548 [FXGL Background Thread 3 ] DEBUG Engine               - defaultCursor: CursorInfo(imageName=fxgl_default_cursor.png, hotspotX=7.0, hotspotY=6.0)
23:38:12.549 [FXGL Background Thread 3 ] DEBUG Engine               - devBBoxColorProperty: ObjectProperty [value: 0xff0000ff]
23:38:12.549 [FXGL Background Thread 3 ] DEBUG Engine               - devEnableDebugCameraProperty: BooleanProperty [value: false]
23:38:12.550 [FXGL Background Thread 3 ] DEBUG Engine               - devSensorColorProperty: ObjectProperty [value: 0xffff00ff]
23:38:12.550 [FXGL Background Thread 3 ] DEBUG Engine               - devShowBBoxProperty: BooleanProperty [value: false]
23:38:12.550 [FXGL Background Thread 3 ] DEBUG Engine               - devShowPositionProperty: BooleanProperty [value: false]
23:38:12.550 [FXGL Background Thread 3 ] DEBUG Engine               - enabledMenuItems: []
23:38:12.550 [FXGL Background Thread 3 ] DEBUG Engine               - engineServices: [class com.almasb.fxgl.app.services.FXGLAssetLoaderService, class com.almasb.fxgl.app.FXGLApplication$GameApplicationService, class com.almasb.fxgl.app.services.FXGLDialogService, class com.almasb.fxgl.app.services.IOTaskExecutorService, class com.almasb.fxgl.io.FileSystemService, class com.almasb.fxgl.localization.LocalizationService, class com.almasb.fxgl.app.services.SystemBundleService, class com.almasb.fxgl.profile.SaveLoadService, class com.almasb.fxgl.ui.FXGLUIFactoryServiceProvider, class com.almasb.fxgl.ui.FXGLDialogFactoryServiceProvider, class com.almasb.fxgl.audio.AudioPlayer, class com.almasb.fxgl.notification.impl.NotificationServiceProvider, class com.almasb.fxgl.achievement.AchievementService, class com.almasb.fxgl.cutscene.CutsceneService, class com.almasb.fxgl.minigames.MiniGameService, class com.almasb.fxgl.net.NetService, class com.almasb.fxgl.app.services.UpdaterService, class com.almasb.fxgl.dev.DevService]
23:38:12.550 [FXGL Background Thread 3 ] DEBUG Engine               - fontGame: Abel-Regular.ttf
23:38:12.550 [FXGL Background Thread 3 ] DEBUG Engine               - fontMono: lucida_console.ttf
23:38:12.550 [FXGL Background Thread 3 ] DEBUG Engine               - fontText: Courier-Prime.ttf
23:38:12.550 [FXGL Background Thread 3 ] DEBUG Engine               - fontUI: VarelaRound-Regular.ttf
23:38:12.551 [FXGL Background Thread 3 ] DEBUG Engine               - fullScreen: BooleanProperty [value: false]
23:38:12.551 [FXGL Background Thread 3 ] DEBUG Engine               - gameDifficulty: MEDIUM
23:38:12.551 [FXGL Background Thread 3 ] DEBUG Engine               - gameDifficultyProperty: ObjectProperty [value: MEDIUM]
23:38:12.551 [FXGL Background Thread 3 ] DEBUG Engine               - globalMusicVolume: 0.5
23:38:12.551 [FXGL Background Thread 3 ] DEBUG Engine               - globalMusicVolumeProperty: DoubleProperty [value: 0.5]
23:38:12.552 [FXGL Background Thread 3 ] DEBUG Engine               - globalSoundVolume: 0.5
23:38:12.552 [FXGL Background Thread 3 ] DEBUG Engine               - globalSoundVolumeProperty: DoubleProperty [value: 0.5]
23:38:12.552 [FXGL Background Thread 3 ] DEBUG Engine               - height: 672
23:38:12.552 [FXGL Background Thread 3 ] DEBUG Engine               - is3D: false
23:38:12.552 [FXGL Background Thread 3 ] DEBUG Engine               - isAndroid: false
23:38:12.552 [FXGL Background Thread 3 ] DEBUG Engine               - isBrowser: false
23:38:12.552 [FXGL Background Thread 3 ] DEBUG Engine               - isClickFeedbackEnabled: false
23:38:12.552 [FXGL Background Thread 3 ] DEBUG Engine               - isCloseConfirmation: false
23:38:12.553 [FXGL Background Thread 3 ] DEBUG Engine               - isDesktop: true
23:38:12.553 [FXGL Background Thread 3 ] DEBUG Engine               - isDeveloperMenuEnabled: false
23:38:12.553 [FXGL Background Thread 3 ] DEBUG Engine               - isEntityPreloadEnabled: true
23:38:12.553 [FXGL Background Thread 3 ] DEBUG Engine               - isExperimentalTiledLargeMap: false
23:38:12.553 [FXGL Background Thread 3 ] DEBUG Engine               - isFileSystemWriteAllowed: true
23:38:12.553 [FXGL Background Thread 3 ] DEBUG Engine               - isFullScreenAllowed: false
23:38:12.553 [FXGL Background Thread 3 ] DEBUG Engine               - isFullScreenFromStart: false
23:38:12.554 [FXGL Background Thread 3 ] DEBUG Engine               - isGameMenuEnabled: true
23:38:12.554 [FXGL Background Thread 3 ] DEBUG Engine               - isIOS: false
23:38:12.554 [FXGL Background Thread 3 ] DEBUG Engine               - isIntroEnabled: false
23:38:12.554 [FXGL Background Thread 3 ] DEBUG Engine               - isLinux: false
23:38:12.554 [FXGL Background Thread 3 ] DEBUG Engine               - isMac: false
23:38:12.554 [FXGL Background Thread 3 ] DEBUG Engine               - isMainMenuEnabled: false
23:38:12.554 [FXGL Background Thread 3 ] DEBUG Engine               - isManualResizeEnabled: true
23:38:12.554 [FXGL Background Thread 3 ] DEBUG Engine               - isMobile: false
23:38:12.555 [FXGL Background Thread 3 ] DEBUG Engine               - isNative: false
23:38:12.555 [FXGL Background Thread 3 ] DEBUG Engine               - isPreserveResizeRatio: true
23:38:12.555 [FXGL Background Thread 3 ] DEBUG Engine               - isProfilingEnabled: false
23:38:12.555 [FXGL Background Thread 3 ] DEBUG Engine               - isScaleAffectedOnResize: true
23:38:12.555 [FXGL Background Thread 3 ] DEBUG Engine               - isSingleStep: false
23:38:12.555 [FXGL Background Thread 3 ] DEBUG Engine               - isUserProfileEnabled: false
23:38:12.555 [FXGL Background Thread 3 ] DEBUG Engine               - isWindows: true
23:38:12.555 [FXGL Background Thread 3 ] DEBUG Engine               - language: ObjectProperty [value: ENGLISH]
23:38:12.556 [FXGL Background Thread 3 ] DEBUG Engine               - menuKey: ESCAPE
23:38:12.556 [FXGL Background Thread 3 ] DEBUG Engine               - mouseSensitivity: 0.2
23:38:12.556 [FXGL Background Thread 3 ] DEBUG Engine               - notificationViewClass: class com.almasb.fxgl.notification.view.XboxNotificationView
23:38:12.556 [FXGL Background Thread 3 ] DEBUG Engine               - pixelsPerMeter: 50.0
23:38:12.556 [FXGL Background Thread 3 ] DEBUG Engine               - platform: WINDOWS
23:38:12.556 [FXGL Background Thread 3 ] DEBUG Engine               - prefHeightProperty: ReadOnlyDoubleProperty [value: 672.0]
23:38:12.557 [FXGL Background Thread 3 ] DEBUG Engine               - prefWidthProperty: ReadOnlyDoubleProperty [value: 672.0]
23:38:12.557 [FXGL Background Thread 3 ] DEBUG Engine               - profileDir: profiles/
23:38:12.557 [FXGL Background Thread 3 ] DEBUG Engine               - profileName: StringProperty [value: DEFAULT]
23:38:12.557 [FXGL Background Thread 3 ] DEBUG Engine               - randomSeed: -1
23:38:12.557 [FXGL Background Thread 3 ] DEBUG Engine               - runtimeInfo: RuntimeInfo(platform=WINDOWS, version=11.16, build=25.05.2021 08.16)
23:38:12.557 [FXGL Background Thread 3 ] DEBUG Engine               - saveFileExt: sav
23:38:12.557 [FXGL Background Thread 3 ] DEBUG Engine               - scaledHeightProp$fxgl: DoubleProperty [bound, value: 672.0]
23:38:12.557 [FXGL Background Thread 3 ] DEBUG Engine               - scaledWidthProp$fxgl: DoubleProperty [bound, value: 672.0]
23:38:12.558 [FXGL Background Thread 3 ] DEBUG Engine               - sceneFactory: com.almasb.fxgl.app.scene.SceneFactory@b7dc274
23:38:12.558 [FXGL Background Thread 3 ] DEBUG Engine               - secondsIn24h: 60
23:38:12.558 [FXGL Background Thread 3 ] DEBUG Engine               - soundMenuBack: menu/back.wav
23:38:12.558 [FXGL Background Thread 3 ] DEBUG Engine               - soundMenuPress: menu/press.wav
23:38:12.558 [FXGL Background Thread 3 ] DEBUG Engine               - soundMenuSelect: menu/select.wav
23:38:12.558 [FXGL Background Thread 3 ] DEBUG Engine               - soundNotification: core/notification.wav
23:38:12.558 [FXGL Background Thread 3 ] DEBUG Engine               - stageStyle: DECORATED
23:38:12.559 [FXGL Background Thread 3 ] DEBUG Engine               - supportedLanguages: [ENGLISH, FRENCH, GERMAN, HUNGARIAN, RUSSIAN]
23:38:12.559 [FXGL Background Thread 3 ] DEBUG Engine               - ticksPerSecond: -1
23:38:12.559 [FXGL Background Thread 3 ] DEBUG Engine               - title: RTAIparty
23:38:12.559 [FXGL Background Thread 3 ] DEBUG Engine               - urlGithub: https://github.com/AlmasB/FXGL
23:38:12.559 [FXGL Background Thread 3 ] DEBUG Engine               - urlLeaderboard: http://fxgl-top.herokuapp.com/
23:38:12.559 [FXGL Background Thread 3 ] DEBUG Engine               - urlPOM: https://raw.githubusercontent.com/AlmasB/FXGL/release/README.md
23:38:12.559 [FXGL Background Thread 3 ] DEBUG Engine               - userAppClass: class com.almasb.fxglgames.RTAIparty.RTAIpartyApp
23:38:12.559 [FXGL Background Thread 3 ] DEBUG Engine               - version: 1.0
23:38:12.560 [FXGL Background Thread 3 ] DEBUG Engine               - versionCheckDays: 7
23:38:12.560 [FXGL Background Thread 3 ] DEBUG Engine               - width: 672
23:38:12.560 [FXGL Background Thread 3 ] DEBUG Engine               - Logging services
23:38:12.560 [FXGL Background Thread 3 ] DEBUG Engine               - class com.almasb.fxgl.app.services.FXGLAssetLoaderService
23:38:12.560 [FXGL Background Thread 3 ] DEBUG Engine               - class com.almasb.fxgl.app.FXGLApplication$GameApplicationService
23:38:12.560 [FXGL Background Thread 3 ] DEBUG Engine               - class com.almasb.fxgl.app.services.FXGLDialogService
23:38:12.560 [FXGL Background Thread 3 ] DEBUG Engine               - class com.almasb.fxgl.app.services.IOTaskExecutorService
23:38:12.560 [FXGL Background Thread 3 ] DEBUG Engine               - class com.almasb.fxgl.io.FileSystemService
23:38:12.560 [FXGL Background Thread 3 ] DEBUG Engine               - class com.almasb.fxgl.localization.LocalizationService
23:38:12.560 [FXGL Background Thread 3 ] DEBUG Engine               - class com.almasb.fxgl.app.services.SystemBundleService
23:38:12.561 [FXGL Background Thread 3 ] DEBUG Engine               - class com.almasb.fxgl.profile.SaveLoadService
23:38:12.561 [FXGL Background Thread 3 ] DEBUG Engine               - class com.almasb.fxgl.ui.FXGLUIFactoryServiceProvider
23:38:12.561 [FXGL Background Thread 3 ] DEBUG Engine               - class com.almasb.fxgl.ui.FXGLDialogFactoryServiceProvider
23:38:12.561 [FXGL Background Thread 3 ] DEBUG Engine               - class com.almasb.fxgl.audio.AudioPlayer
23:38:12.561 [FXGL Background Thread 3 ] DEBUG Engine               - class com.almasb.fxgl.notification.impl.NotificationServiceProvider
23:38:12.561 [FXGL Background Thread 3 ] DEBUG Engine               - class com.almasb.fxgl.achievement.AchievementService
23:38:12.561 [FXGL Background Thread 3 ] DEBUG Engine               - class com.almasb.fxgl.cutscene.CutsceneService
23:38:12.561 [FXGL Background Thread 3 ] DEBUG Engine               - class com.almasb.fxgl.minigames.MiniGameService
23:38:12.562 [FXGL Background Thread 3 ] DEBUG Engine               - class com.almasb.fxgl.net.NetService
23:38:12.562 [FXGL Background Thread 3 ] DEBUG Engine               - class com.almasb.fxgl.app.services.UpdaterService
23:38:12.562 [FXGL Background Thread 3 ] DEBUG Engine               - class com.almasb.fxgl.dev.DevService
23:38:25.400 [JavaFX Application Thread] DEBUG FXGLApplication      - Exiting FXGL
23:38:25.400 [JavaFX Application Thread] DEBUG Async                - Shutting down background threads
23:38:25.401 [JavaFX Application Thread] DEBUG PrimaryStageWindow   - Closing main window
23:38:25.407 [JavaFX Application Thread] DEBUG Logger               - Closing Logger
