16:31:58.845 [main                     ] DEBUG Logger               - Configured Logger
16:31:58.885 [main                     ] DEBUG GameApplication      - Logging settings
Title: RTAIparty
Version: 1.0
Width: 1280
Height: 720
Fullscreen: false
Intro: false
Profiling: false
Single step:false
App Mode: DEVELOPER
Menu Key: ESCAPE
Stage Style: DECORATED
Scene Factory: class ui.RTAISceneFactory

16:31:59.269 [JavaFX Application Thread] DEBUG FXGLApplication      - Initializing FXGL
16:31:59.271 [JavaFX Application Thread] INFO  Engine               - FXGL-11.17 (16.07.2021 15.46) on WINDOWS (J:16.0.2 FX:16)
16:31:59.272 [JavaFX Application Thread] DEBUG Engine               - JRE Vendor Name: Oracle Corporation
16:31:59.272 [JavaFX Application Thread] DEBUG Engine               - Running on OS: Windows 10 version 10.0
16:31:59.272 [JavaFX Application Thread] DEBUG Engine               - Architecture: amd64
16:31:59.273 [JavaFX Application Thread] INFO  Engine               - Source code and latest versions at: https://github.com/AlmasB/FXGL
16:31:59.273 [JavaFX Application Thread] INFO  Engine               -              Join the FXGL chat at: https://gitter.im/AlmasB/FXGL
16:31:59.369 [JavaFX Application Thread] DEBUG PrimaryStageWindow   - Creating a JavaFX scene
16:31:59.415 [JavaFX Application Thread] DEBUG PrimaryStageWindow   - Target settings size: 1280.0 x 720.0
16:31:59.415 [JavaFX Application Thread] DEBUG PrimaryStageWindow   - Scaled scene size:    1280.0 x 720.0
16:31:59.415 [JavaFX Application Thread] DEBUG PrimaryStageWindow   - Scaled ratio: (1.0, 1.0)
16:31:59.415 [JavaFX Application Thread] DEBUG PrimaryStageWindow   - Set initial scene to FXGLStartupScene
16:31:59.421 [JavaFX Application Thread] DEBUG PrimaryStageWindow   - Opening main window
16:31:59.497 [JavaFX Application Thread] DEBUG PrimaryStageWindow   - Window border size: (16.0, 39.0)
16:31:59.497 [JavaFX Application Thread] DEBUG PrimaryStageWindow   - Scaled size: 1280.0 x 720.0
16:31:59.498 [JavaFX Application Thread] DEBUG PrimaryStageWindow   - Scaled ratio: (1.0, 1.0)
16:31:59.498 [JavaFX Application Thread] DEBUG PrimaryStageWindow   - Scene size: 1280.0 x 720.0
16:31:59.498 [JavaFX Application Thread] DEBUG PrimaryStageWindow   - Stage size: 1296.0 x 759.0
16:31:59.507 [FXGL Background Thread 1 ] DEBUG Engine               - Initializing environment variables
16:31:59.586 [FXGL Background Thread 1 ] DEBUG FXGLAssetLoaderServi - User app class for loading assets: class com.almasb.fxglgames.RTAIparty.RTAIpartyApp
16:31:59.587 [FXGL Background Thread 1 ] DEBUG GameApplicationServi - Applying CSS: fxgl_dark.css
16:31:59.589 [FXGL Background Thread 1 ] DEBUG FXGLAssetLoaderServi - Loading from file system: jar:file:///C:/Users/zorm1/.m2/repository/com/github/almasb/fxgl/11.17/fxgl-11.17.jar!/fxglassets/ui/css/fxgl_dark.css
16:31:59.667 [FXGL Background Thread 1 ] DEBUG GameApplicationServi - Initializing application scenes
16:31:59.738 [FXGL Background Thread 1 ] DEBUG GameWorld            - Game world initialized
16:31:59.824 [FXGL Background Thread 1 ] DEBUG PhysicsWorld         - Physics world initialized: appHeight=720, physics.ppm=50,0
16:31:59.824 [FXGL Background Thread 1 ] DEBUG PhysicsWorld         - Using strategy: BRUTE_FORCE
16:31:59.828 [FXGL Background Thread 1 ] DEBUG GameScene            - Game scene initialized: 1280x720
16:31:59.835 [FXGL Background Thread 1 ] DEBUG FXGLAssetLoaderServi - Loading from file system: file:/C:/Users/zorm1/eclipse-workspace/RTAIparty/target/classes/assets/textures/garcon_blond.png
16:31:59.852 [FXGL Background Thread 1 ] DEBUG FXGLAssetLoaderServi - Loading from file system: file:/C:/Users/zorm1/eclipse-workspace/RTAIparty/target/classes/assets/textures/garcon_brun.png
16:31:59.853 [FXGL Background Thread 1 ] DEBUG FXGLAssetLoaderServi - Loading from file system: file:/C:/Users/zorm1/eclipse-workspace/RTAIparty/target/classes/assets/textures/fille_blonde.png
16:31:59.854 [FXGL Background Thread 1 ] DEBUG FXGLAssetLoaderServi - Loading from file system: file:/C:/Users/zorm1/eclipse-workspace/RTAIparty/target/classes/assets/textures/fille_brune.png
16:31:59.856 [FXGL Background Thread 1 ] DEBUG FXGLAssetLoaderServi - Loading from file system: file:/C:/Users/zorm1/eclipse-workspace/RTAIparty/target/classes/assets/textures/background/classe.png
16:31:59.921 [FXGL Background Thread 1 ] DEBUG FXGLAssetLoaderServi - Loading from file system: file:/C:/Users/zorm1/eclipse-workspace/RTAIparty/target/classes/assets/textures/tableau.png
16:31:59.928 [FXGL Background Thread 1 ] DEBUG FXGLAssetLoaderServi - Loading from file system: file:/C:/Users/zorm1/eclipse-workspace/RTAIparty/target/classes/assets/textures/table.png
16:31:59.950 [FXGL Background Thread 1 ] DEBUG FXGL.DefaultMenu     - createMenuBodyGameMenu()
16:31:59.961 [FXGL Background Thread 1 ] DEBUG FXGL.DefaultMenu     - createOptionsMenu()
16:31:59.970 [FXGL Background Thread 1 ] DEBUG FXGLAssetLoaderServi - Loading from file system: jar:file:///C:/Users/zorm1/.m2/repository/com/github/almasb/fxgl/11.17/fxgl-11.17.jar!/fxglassets/textures/particles/smoke.png
16:32:00.061 [FXGL Background Thread 1 ] DEBUG FXGLAssetLoaderServi - Loading from file system: jar:file:///C:/Users/zorm1/.m2/repository/com/github/almasb/fxgl/11.17/fxgl-11.17.jar!/fxglassets/textures/particles/trace_horizontal.png
16:32:00.087 [FXGL Background Thread 1 ] DEBUG GameApplicationServi - Application scenes initialized
16:32:00.097 [FXGL Background Thread 1 ] DEBUG SystemBundleService  - Loading FXGL system data
16:32:00.104 [FXGL Background Thread 1 ] DEBUG FileSystemAccess     - Reading from: C:\Users\zorm1\eclipse-workspace\RTAIparty\system\fxgl.bundle
16:32:00.113 [FXGL Background Thread 1 ] DEBUG SystemBundleService  - Bundle FXGL: {}
16:32:00.113 [FXGL Background Thread 1 ] DEBUG UpdaterService       - Checking for updates
16:32:00.120 [FXGL Background Thread 4 ] DEBUG FXGLApplication      - Loading fonts
16:32:00.120 [FXGL Background Thread 1 ] DEBUG FXGLApplication      - Loading default localization
16:32:00.121 [FXGL Background Thread 4 ] DEBUG FXGLAssetLoaderServi - Loading from file system: jar:file:///C:/Users/zorm1/.m2/repository/com/github/almasb/fxgl/11.17/fxgl-11.17.jar!/fxglassets/ui/fonts/VarelaRound-Regular.ttf
16:32:00.121 [FXGL Background Thread 1 ] DEBUG FXGLAssetLoaderServi - Loading from file system: jar:file:///C:/Users/zorm1/.m2/repository/com/github/almasb/fxgl/11.17/fxgl-11.17.jar!/fxglassets/languages/english.lang
16:32:00.137 [FXGL Background Thread 1 ] INFO  FXGLApplication      - FXGL initialization took: 0,630 sec
16:32:00.144 [JavaFX Application Thread] DEBUG Input                - Registered new binding: clic - LMB
16:32:00.155 [JavaFX Application Thread] DEBUG Input                - Registered new binding: test - E
16:32:00.155 [JavaFX Application Thread] DEBUG FXGLAssetLoaderServi - Loading from file system: jar:file:///C:/Users/zorm1/.m2/repository/com/github/almasb/fxgl/11.17/fxgl-11.17.jar!/fxglassets/textures/fxgl_icon.png
16:32:00.179 [JavaFX Application Thread] DEBUG FXGLAssetLoaderServi - Loading from file system: jar:file:///C:/Users/zorm1/.m2/repository/com/github/almasb/fxgl/11.17/fxgl-11.17.jar!/fxglassets/textures/fxgl_default_cursor.png
16:32:00.181 [JavaFX Application Thread] DEBUG Input                - Registered new binding: Screenshot - CTRL+8
16:32:00.182 [JavaFX Application Thread] DEBUG Input                - Registered new binding: System info dump - CTRL+9
16:32:00.183 [JavaFX Application Thread] DEBUG Input                - Registered new binding: Restart - CTRL+R
16:32:00.184 [JavaFX Application Thread] DEBUG Input                - Registered new binding: Toggle Debug Camera - CTRL+C
16:32:00.187 [JavaFX Application Thread] DEBUG LoopRunner           - Starting loop
16:32:00.187 [JavaFX Application Thread] DEBUG LoopRunner           - Initializing JavaFX AnimationTimerLoop
16:32:00.191 [JavaFX Application Thread] DEBUG Input                - Clearing active input actions
16:32:00.198 [FXGL Background Thread 4 ] DEBUG FXGLAssetLoaderServi - Loading from file system: jar:file:///C:/Users/zorm1/.m2/repository/com/github/almasb/fxgl/11.17/fxgl-11.17.jar!/fxglassets/ui/fonts/Abel-Regular.ttf
16:32:00.204 [JavaFX Application Thread] DEBUG GameApplicationServi - Removing overlay from FXGLStartupScene and adding to FXGLMainMenuDummyScene
16:32:00.204 [JavaFX Application Thread] DEBUG PrimaryStageWindow   - FXGLStartupScene -> FXGLMainMenuDummyScene
16:32:00.205 [JavaFX Application Thread] DEBUG PrimaryStageWindow   - Push state: RTAIpartyMainMenu
16:32:00.206 [JavaFX Application Thread] DEBUG Input                - Clearing active input actions
16:32:00.214 [FXGL Background Thread 4 ] DEBUG FXGLAssetLoaderServi - Loading from file system: jar:file:///C:/Users/zorm1/.m2/repository/com/github/almasb/fxgl/11.17/fxgl-11.17.jar!/fxglassets/ui/fonts/lucida_console.ttf
16:32:00.214 [JavaFX Application Thread] DEBUG GameApplicationServi - Removing overlay from FXGLMainMenuDummyScene and adding to RTAIpartyMainMenu
16:32:00.215 [JavaFX Application Thread] DEBUG PrimaryStageWindow   - FXGLMainMenuDummyScene -> RTAIpartyMainMenu
16:32:00.235 [FXGL Background Thread 4 ] DEBUG FXGLAssetLoaderServi - Loading from file system: jar:file:///C:/Users/zorm1/.m2/repository/com/github/almasb/fxgl/11.17/fxgl-11.17.jar!/fxglassets/ui/fonts/Courier-Prime.ttf
16:32:00.257 [JavaFX Application Thread] DEBUG FXGLApplication      - Registering font factories with UI factory
16:32:03.118 [FXGL Background Thread 3 ] DEBUG Engine               - Logging environment variables
16:32:03.119 [FXGL Background Thread 3 ] DEBUG Engine               - achievements: []
16:32:03.119 [FXGL Background Thread 3 ] DEBUG Engine               - actualHeight: 720.0
16:32:03.120 [FXGL Background Thread 3 ] DEBUG Engine               - actualHeightProperty: ReadOnlyDoubleProperty [value: 720.0]
16:32:03.120 [FXGL Background Thread 3 ] DEBUG Engine               - actualWidth: 1280.0
16:32:03.120 [FXGL Background Thread 3 ] DEBUG Engine               - actualWidthProperty: ReadOnlyDoubleProperty [value: 1280.0]
16:32:03.121 [FXGL Background Thread 3 ] DEBUG Engine               - appIcon: fxgl_icon.png
16:32:03.121 [FXGL Background Thread 3 ] DEBUG Engine               - applicationMode: DEVELOPER
16:32:03.121 [FXGL Background Thread 3 ] DEBUG Engine               - cSSList: [fxgl_dark.css]
16:32:03.121 [FXGL Background Thread 3 ] DEBUG Engine               - collisionDetectionStrategy: BRUTE_FORCE
16:32:03.122 [FXGL Background Thread 3 ] DEBUG Engine               - configClass: Optional.empty
16:32:03.122 [FXGL Background Thread 3 ] DEBUG Engine               - credits: []
16:32:03.122 [FXGL Background Thread 3 ] DEBUG Engine               - defaultCursor: CursorInfo(imageName=fxgl_default_cursor.png, hotspotX=7.0, hotspotY=6.0)
16:32:03.123 [FXGL Background Thread 3 ] DEBUG Engine               - devBBoxColorProperty: ObjectProperty [value: 0xff0000ff]
16:32:03.123 [FXGL Background Thread 3 ] DEBUG Engine               - devEnableDebugCameraProperty: BooleanProperty [value: false]
16:32:03.124 [FXGL Background Thread 3 ] DEBUG Engine               - devSensorColorProperty: ObjectProperty [value: 0xffff00ff]
16:32:03.124 [FXGL Background Thread 3 ] DEBUG Engine               - devShowBBoxProperty: BooleanProperty [value: false]
16:32:03.124 [FXGL Background Thread 3 ] DEBUG Engine               - devShowPositionProperty: BooleanProperty [value: false]
16:32:03.125 [FXGL Background Thread 3 ] DEBUG Engine               - enabledMenuItems: []
16:32:03.125 [FXGL Background Thread 3 ] DEBUG Engine               - engineServices: [class com.almasb.fxgl.app.services.FXGLAssetLoaderService, class com.almasb.fxgl.app.FXGLApplication$GameApplicationService, class com.almasb.fxgl.app.services.FXGLDialogService, class com.almasb.fxgl.app.services.IOTaskExecutorService, class com.almasb.fxgl.io.FileSystemService, class com.almasb.fxgl.localization.LocalizationService, class com.almasb.fxgl.app.services.SystemBundleService, class com.almasb.fxgl.profile.SaveLoadService, class com.almasb.fxgl.ui.FXGLUIFactoryServiceProvider, class com.almasb.fxgl.ui.FXGLDialogFactoryServiceProvider, class com.almasb.fxgl.audio.AudioPlayer, class com.almasb.fxgl.notification.impl.NotificationServiceProvider, class com.almasb.fxgl.achievement.AchievementService, class com.almasb.fxgl.cutscene.CutsceneService, class com.almasb.fxgl.minigames.MiniGameService, class com.almasb.fxgl.net.NetService, class com.almasb.fxgl.app.services.UpdaterService, class com.almasb.fxgl.dev.DevService]
16:32:03.125 [FXGL Background Thread 3 ] DEBUG Engine               - fontGame: Abel-Regular.ttf
16:32:03.125 [FXGL Background Thread 3 ] DEBUG Engine               - fontMono: lucida_console.ttf
16:32:03.126 [FXGL Background Thread 3 ] DEBUG Engine               - fontText: Courier-Prime.ttf
16:32:03.126 [FXGL Background Thread 3 ] DEBUG Engine               - fontUI: VarelaRound-Regular.ttf
16:32:03.126 [FXGL Background Thread 3 ] DEBUG Engine               - fullScreen: BooleanProperty [value: false]
16:32:03.126 [FXGL Background Thread 3 ] DEBUG Engine               - gameDifficulty: MEDIUM
16:32:03.127 [FXGL Background Thread 3 ] DEBUG Engine               - gameDifficultyProperty: ObjectProperty [value: MEDIUM]
16:32:03.127 [FXGL Background Thread 3 ] DEBUG Engine               - globalMusicVolume: 0.5
16:32:03.127 [FXGL Background Thread 3 ] DEBUG Engine               - globalMusicVolumeProperty: DoubleProperty [value: 0.5]
16:32:03.128 [FXGL Background Thread 3 ] DEBUG Engine               - globalSoundVolume: 0.5
16:32:03.128 [FXGL Background Thread 3 ] DEBUG Engine               - globalSoundVolumeProperty: DoubleProperty [value: 0.5]
16:32:03.129 [FXGL Background Thread 3 ] DEBUG Engine               - height: 720
16:32:03.129 [FXGL Background Thread 3 ] DEBUG Engine               - is3D: false
16:32:03.129 [FXGL Background Thread 3 ] DEBUG Engine               - isAndroid: false
16:32:03.129 [FXGL Background Thread 3 ] DEBUG Engine               - isBrowser: false
16:32:03.130 [FXGL Background Thread 3 ] DEBUG Engine               - isClickFeedbackEnabled: false
16:32:03.130 [FXGL Background Thread 3 ] DEBUG Engine               - isCloseConfirmation: false
16:32:03.130 [FXGL Background Thread 3 ] DEBUG Engine               - isDesktop: true
16:32:03.130 [FXGL Background Thread 3 ] DEBUG Engine               - isDeveloperMenuEnabled: false
16:32:03.131 [FXGL Background Thread 3 ] DEBUG Engine               - isEntityPreloadEnabled: true
16:32:03.131 [FXGL Background Thread 3 ] DEBUG Engine               - isExperimentalTiledLargeMap: false
16:32:03.131 [FXGL Background Thread 3 ] DEBUG Engine               - isFileSystemWriteAllowed: true
16:32:03.132 [FXGL Background Thread 3 ] DEBUG Engine               - isFullScreenAllowed: false
16:32:03.132 [FXGL Background Thread 3 ] DEBUG Engine               - isFullScreenFromStart: false
16:32:03.132 [FXGL Background Thread 3 ] DEBUG Engine               - isGameMenuEnabled: true
16:32:03.133 [FXGL Background Thread 3 ] DEBUG Engine               - isIOS: false
16:32:03.133 [FXGL Background Thread 3 ] DEBUG Engine               - isIntroEnabled: false
16:32:03.133 [FXGL Background Thread 3 ] DEBUG Engine               - isLinux: false
16:32:03.133 [FXGL Background Thread 3 ] DEBUG Engine               - isMac: false
16:32:03.134 [FXGL Background Thread 3 ] DEBUG Engine               - isMainMenuEnabled: true
16:32:03.134 [FXGL Background Thread 3 ] DEBUG Engine               - isManualResizeEnabled: true
16:32:03.134 [FXGL Background Thread 3 ] DEBUG Engine               - isMobile: false
16:32:03.134 [FXGL Background Thread 3 ] DEBUG Engine               - isNative: false
16:32:03.135 [FXGL Background Thread 3 ] DEBUG Engine               - isPauseMusicWhenMinimized: true
16:32:03.135 [FXGL Background Thread 3 ] DEBUG Engine               - isPreserveResizeRatio: true
16:32:03.135 [FXGL Background Thread 3 ] DEBUG Engine               - isProfilingEnabled: false
16:32:03.136 [FXGL Background Thread 3 ] DEBUG Engine               - isScaleAffectedOnResize: true
16:32:03.136 [FXGL Background Thread 3 ] DEBUG Engine               - isSingleStep: false
16:32:03.137 [FXGL Background Thread 3 ] DEBUG Engine               - isUserProfileEnabled: false
16:32:03.137 [FXGL Background Thread 3 ] DEBUG Engine               - isWindows: true
16:32:03.137 [FXGL Background Thread 3 ] DEBUG Engine               - language: ObjectProperty [value: ENGLISH]
16:32:03.138 [FXGL Background Thread 3 ] DEBUG Engine               - menuKey: ESCAPE
16:32:03.138 [FXGL Background Thread 3 ] DEBUG Engine               - mouseSensitivity: 0.2
16:32:03.138 [FXGL Background Thread 3 ] DEBUG Engine               - notificationViewClass: class com.almasb.fxgl.notification.view.XboxNotificationView
16:32:03.139 [FXGL Background Thread 3 ] DEBUG Engine               - pixelsPerMeter: 50.0
16:32:03.139 [FXGL Background Thread 3 ] DEBUG Engine               - platform: WINDOWS
16:32:03.139 [FXGL Background Thread 3 ] DEBUG Engine               - prefHeightProperty: ReadOnlyDoubleProperty [value: 720.0]
16:32:03.140 [FXGL Background Thread 3 ] DEBUG Engine               - prefWidthProperty: ReadOnlyDoubleProperty [value: 1280.0]
16:32:03.140 [FXGL Background Thread 3 ] DEBUG Engine               - profileDir: profiles/
16:32:03.140 [FXGL Background Thread 3 ] DEBUG Engine               - profileName: StringProperty [value: DEFAULT]
16:32:03.141 [FXGL Background Thread 3 ] DEBUG Engine               - randomSeed: -1
16:32:03.141 [FXGL Background Thread 3 ] DEBUG Engine               - runtimeInfo: RuntimeInfo(platform=WINDOWS, version=11.17, build=16.07.2021 15.46)
16:32:03.141 [FXGL Background Thread 3 ] DEBUG Engine               - saveFileExt: sav
16:32:03.142 [FXGL Background Thread 3 ] DEBUG Engine               - scaledHeightProp$fxgl: DoubleProperty [bound, value: 720.0]
16:32:03.142 [FXGL Background Thread 3 ] DEBUG Engine               - scaledWidthProp$fxgl: DoubleProperty [bound, value: 1280.0]
16:32:03.143 [FXGL Background Thread 3 ] DEBUG Engine               - sceneFactory: ui.RTAISceneFactory@1e7bf817
16:32:03.143 [FXGL Background Thread 3 ] DEBUG Engine               - secondsIn24h: 60
16:32:03.143 [FXGL Background Thread 3 ] DEBUG Engine               - soundMenuBack: menu/back.wav
16:32:03.144 [FXGL Background Thread 3 ] DEBUG Engine               - soundMenuPress: menu/press.wav
16:32:03.144 [FXGL Background Thread 3 ] DEBUG Engine               - soundMenuSelect: menu/select.wav
16:32:03.144 [FXGL Background Thread 3 ] DEBUG Engine               - soundNotification: core/notification.wav
16:32:03.145 [FXGL Background Thread 3 ] DEBUG Engine               - stageStyle: DECORATED
16:32:03.145 [FXGL Background Thread 3 ] DEBUG Engine               - supportedLanguages: [ENGLISH, FRENCH, GERMAN, HUNGARIAN, RUSSIAN]
16:32:03.145 [FXGL Background Thread 3 ] DEBUG Engine               - ticksPerSecond: -1
16:32:03.145 [FXGL Background Thread 3 ] DEBUG Engine               - title: RTAIparty
16:32:03.146 [FXGL Background Thread 3 ] DEBUG Engine               - urlGithub: https://github.com/AlmasB/FXGL
16:32:03.146 [FXGL Background Thread 3 ] DEBUG Engine               - urlLeaderboard: http://fxgl-top.herokuapp.com/
16:32:03.146 [FXGL Background Thread 3 ] DEBUG Engine               - urlPOM: https://raw.githubusercontent.com/AlmasB/FXGL/release/README.md
16:32:03.147 [FXGL Background Thread 3 ] DEBUG Engine               - userAppClass: class com.almasb.fxglgames.RTAIparty.RTAIpartyApp
16:32:03.147 [FXGL Background Thread 3 ] DEBUG Engine               - version: 1.0
16:32:03.147 [FXGL Background Thread 3 ] DEBUG Engine               - versionCheckDays: 7
16:32:03.148 [FXGL Background Thread 3 ] DEBUG Engine               - width: 1280
16:32:03.148 [FXGL Background Thread 3 ] DEBUG Engine               - Logging services
16:32:03.149 [FXGL Background Thread 3 ] DEBUG Engine               - class com.almasb.fxgl.app.services.FXGLAssetLoaderService
16:32:03.149 [FXGL Background Thread 3 ] DEBUG Engine               - class com.almasb.fxgl.app.FXGLApplication$GameApplicationService
16:32:03.150 [FXGL Background Thread 3 ] DEBUG Engine               - class com.almasb.fxgl.app.services.FXGLDialogService
16:32:03.150 [FXGL Background Thread 3 ] DEBUG Engine               - class com.almasb.fxgl.app.services.IOTaskExecutorService
16:32:03.150 [FXGL Background Thread 3 ] DEBUG Engine               - class com.almasb.fxgl.io.FileSystemService
16:32:03.150 [FXGL Background Thread 3 ] DEBUG Engine               - class com.almasb.fxgl.localization.LocalizationService
16:32:03.151 [FXGL Background Thread 3 ] DEBUG Engine               - class com.almasb.fxgl.app.services.SystemBundleService
16:32:03.151 [FXGL Background Thread 3 ] DEBUG Engine               - class com.almasb.fxgl.profile.SaveLoadService
16:32:03.151 [FXGL Background Thread 3 ] DEBUG Engine               - class com.almasb.fxgl.ui.FXGLUIFactoryServiceProvider
16:32:03.152 [FXGL Background Thread 3 ] DEBUG Engine               - class com.almasb.fxgl.ui.FXGLDialogFactoryServiceProvider
16:32:03.152 [FXGL Background Thread 3 ] DEBUG Engine               - class com.almasb.fxgl.audio.AudioPlayer
16:32:03.152 [FXGL Background Thread 3 ] DEBUG Engine               - class com.almasb.fxgl.notification.impl.NotificationServiceProvider
16:32:03.152 [FXGL Background Thread 3 ] DEBUG Engine               - class com.almasb.fxgl.achievement.AchievementService
16:32:03.153 [FXGL Background Thread 3 ] DEBUG Engine               - class com.almasb.fxgl.cutscene.CutsceneService
16:32:03.153 [FXGL Background Thread 3 ] DEBUG Engine               - class com.almasb.fxgl.minigames.MiniGameService
16:32:03.154 [FXGL Background Thread 3 ] DEBUG Engine               - class com.almasb.fxgl.net.NetService
16:32:03.154 [FXGL Background Thread 3 ] DEBUG Engine               - class com.almasb.fxgl.app.services.UpdaterService
16:32:03.154 [FXGL Background Thread 3 ] DEBUG Engine               - class com.almasb.fxgl.dev.DevService
16:32:05.243 [JavaFX Application Thread] DEBUG Menu                 - fireNewGame()
16:32:05.244 [JavaFX Application Thread] DEBUG GameApplicationServi - Starting new game
16:32:05.245 [JavaFX Application Thread] DEBUG PrimaryStageWindow   - Pop state: RTAIpartyMainMenu
16:32:05.245 [JavaFX Application Thread] DEBUG Input                - Clearing active input actions
16:32:05.246 [JavaFX Application Thread] DEBUG GameApplicationServi - Removing overlay from RTAIpartyMainMenu and adding to FXGLMainMenuDummyScene
16:32:05.247 [JavaFX Application Thread] DEBUG PrimaryStageWindow   - FXGLMainMenuDummyScene <- RTAIpartyMainMenu
16:32:05.247 [JavaFX Application Thread] DEBUG Input                - Clearing active input actions
16:32:05.270 [JavaFX Application Thread] DEBUG GameApplicationServi - Removing overlay from FXGLMainMenuDummyScene and adding to FXGLLoadingScene
16:32:05.271 [JavaFX Application Thread] DEBUG PrimaryStageWindow   - FXGLMainMenuDummyScene -> FXGLLoadingScene
16:32:05.272 [JavaFX Application Thread] DEBUG GameApplicationServi - Clearing previous game
16:32:05.272 [JavaFX Application Thread] DEBUG GameScene            - Clearing game scene
16:32:05.273 [JavaFX Application Thread] DEBUG GameWorld            - Clearing game world
16:32:05.274 [JavaFX Application Thread] DEBUG PhysicsWorld         - Clearing physics world
16:32:05.278 [FXGL Background Thread 2 ] DEBUG FXGLApplication      - Initializing game
16:32:05.301 [JavaFX Application Thread] DEBUG Input                - Registered new binding: fin - E
16:32:05.301 [JavaFX Application Thread] DEBUG Input                - Registered new binding: Up - Up
16:32:05.302 [JavaFX Application Thread] DEBUG Input                - Registered new binding: Down - Down
16:32:05.302 [JavaFX Application Thread] DEBUG Input                - Registered new binding: Left - Left
16:32:05.303 [JavaFX Application Thread] DEBUG Input                - Registered new binding: Right - Right
16:32:05.307 [JavaFX Application Thread] DEBUG FXGLAssetLoaderServi - Loading from file system: file:/C:/Users/zorm1/eclipse-workspace/RTAIparty/target/classes/assets/textures/DodgeBlock.png
16:32:05.311 [FXGL Background Thread 2 ] INFO  FXGLApplication      - Game initialization took: 0,033 sec
16:32:05.893 [JavaFX Application Thread] DEBUG GameWorld            - Clearing removable entities
16:32:05.894 [JavaFX Application Thread] DEBUG GameWorld            - Setting level: com.almasb.fxgl.entity.level.Level@8ab93a9
16:32:05.930 [JavaFX Application Thread] DEBUG Input                - Clearing active input actions
16:32:05.983 [JavaFX Application Thread] DEBUG GameApplicationServi - Removing overlay from FXGLLoadingScene and adding to GameScene
16:32:05.983 [JavaFX Application Thread] DEBUG PrimaryStageWindow   - FXGLLoadingScene -> GameScene
16:32:06.000 [JavaFX Application Thread] DEBUG PrimaryStageWindow   - Push state: DodgeSubScene
16:32:06.001 [JavaFX Application Thread] DEBUG Input                - Clearing active input actions
16:32:06.001 [JavaFX Application Thread] DEBUG GameApplicationServi - Removing overlay from GameScene and adding to DodgeSubScene
16:32:06.001 [JavaFX Application Thread] DEBUG PrimaryStageWindow   - GameScene -> DodgeSubScene
16:32:19.738 [JavaFX Application Thread] DEBUG FXGLApplication      - Exiting FXGL
16:32:19.738 [JavaFX Application Thread] DEBUG LoopRunner           - Stopping loop
16:32:19.739 [JavaFX Application Thread] DEBUG SystemBundleService  - Saving FXGL system data
16:32:19.744 [JavaFX Application Thread] DEBUG FileSystemAccess     - Writing to: C:\Users\zorm1\eclipse-workspace\RTAIparty\system\fxgl.bundle
16:32:19.748 [JavaFX Application Thread] DEBUG Async                - Shutting down background threads
16:32:19.749 [JavaFX Application Thread] DEBUG PrimaryStageWindow   - Closing main window
16:32:19.792 [JavaFX Application Thread] DEBUG Logger               - Closing Logger
