23:22:50.470 [main                     ] DEBUG Logger               - Configured Logger
23:22:50.529 [main                     ] DEBUG GameApplication      - Logging settings
Title: RTAIparty
Version: 1.0
Width: 1280
Height: 720
Fullscreen: false
Intro: false
Profiling: false
Single step:false
App Mode: DEVELOPER
Menu Key: ESCAPE
Stage Style: DECORATED
Scene Factory: class ui.RTAISceneFactory

23:22:51.117 [JavaFX Application Thread] DEBUG FXGLApplication      - Initializing FXGL
23:22:51.120 [JavaFX Application Thread] INFO  Engine               - FXGL-11.17 (16.07.2021 15.46) on WINDOWS (J:16.0.2 FX:16)
23:22:51.121 [JavaFX Application Thread] DEBUG Engine               - JRE Vendor Name: Oracle Corporation
23:22:51.121 [JavaFX Application Thread] DEBUG Engine               - Running on OS: Windows 10 version 10.0
23:22:51.122 [JavaFX Application Thread] DEBUG Engine               - Architecture: amd64
23:22:51.122 [JavaFX Application Thread] INFO  Engine               - Source code and latest versions at: https://github.com/AlmasB/FXGL
23:22:51.123 [JavaFX Application Thread] INFO  Engine               -              Join the FXGL chat at: https://gitter.im/AlmasB/FXGL
23:22:51.234 [JavaFX Application Thread] DEBUG PrimaryStageWindow   - Creating a JavaFX scene
23:22:51.291 [JavaFX Application Thread] DEBUG PrimaryStageWindow   - Target settings size: 1280.0 x 720.0
23:22:51.291 [JavaFX Application Thread] DEBUG PrimaryStageWindow   - Scaled scene size:    1280.0 x 720.0
23:22:51.292 [JavaFX Application Thread] DEBUG PrimaryStageWindow   - Scaled ratio: (1.0, 1.0)
23:22:51.293 [JavaFX Application Thread] DEBUG PrimaryStageWindow   - Set initial scene to FXGLStartupScene
23:22:51.300 [JavaFX Application Thread] DEBUG PrimaryStageWindow   - Opening main window
23:22:51.402 [JavaFX Application Thread] DEBUG PrimaryStageWindow   - Window border size: (8.0, 28.0)
23:22:51.402 [JavaFX Application Thread] DEBUG PrimaryStageWindow   - Scaled size: 1280.0 x 720.0
23:22:51.402 [JavaFX Application Thread] DEBUG PrimaryStageWindow   - Scaled ratio: (1.0, 1.0)
23:22:51.402 [JavaFX Application Thread] DEBUG PrimaryStageWindow   - Scene size: 1280.0 x 720.0
23:22:51.403 [JavaFX Application Thread] DEBUG PrimaryStageWindow   - Stage size: 1288.0 x 748.0
23:22:51.412 [FXGL Background Thread 1 ] DEBUG Engine               - Initializing environment variables
23:22:51.480 [FXGL Background Thread 1 ] DEBUG FXGLAssetLoaderServi - User app class for loading assets: class com.almasb.fxglgames.RTAIparty.RTAIpartyApp
23:22:51.480 [FXGL Background Thread 1 ] DEBUG GameApplicationServi - Applying CSS: fxgl_dark.css
23:22:51.481 [FXGL Background Thread 1 ] DEBUG FXGLAssetLoaderServi - Loading from file system: jar:file:///C:/Users/moi/.m2/repository/com/github/almasb/fxgl/11.17/fxgl-11.17.jar!/fxglassets/ui/css/fxgl_dark.css
23:22:51.563 [FXGL Background Thread 1 ] DEBUG GameApplicationServi - Initializing application scenes
23:22:51.617 [FXGL Background Thread 1 ] DEBUG GameWorld            - Game world initialized
23:22:51.705 [FXGL Background Thread 1 ] DEBUG PhysicsWorld         - Physics world initialized: appHeight=720, physics.ppm=50,0
23:22:51.705 [FXGL Background Thread 1 ] DEBUG PhysicsWorld         - Using strategy: BRUTE_FORCE
23:22:51.709 [FXGL Background Thread 1 ] DEBUG GameScene            - Game scene initialized: 1280x720
23:22:51.722 [FXGL Background Thread 1 ] DEBUG FXGLAssetLoaderServi - Loading from file system: file:/C:/Users/moi/java-workspace/RTAIparty/target/classes/assets/textures/garcon_blond.png
23:22:51.742 [FXGL Background Thread 1 ] DEBUG FXGLAssetLoaderServi - Loading from file system: file:/C:/Users/moi/java-workspace/RTAIparty/target/classes/assets/textures/garcon_brun.png
23:22:51.744 [FXGL Background Thread 1 ] DEBUG FXGLAssetLoaderServi - Loading from file system: file:/C:/Users/moi/java-workspace/RTAIparty/target/classes/assets/textures/fille_blonde.png
23:22:51.746 [FXGL Background Thread 1 ] DEBUG FXGLAssetLoaderServi - Loading from file system: file:/C:/Users/moi/java-workspace/RTAIparty/target/classes/assets/textures/fille_brune.png
23:22:51.748 [FXGL Background Thread 1 ] DEBUG FXGLAssetLoaderServi - Loading from file system: file:/C:/Users/moi/java-workspace/RTAIparty/target/classes/assets/textures/background/classe.png
23:22:51.830 [FXGL Background Thread 1 ] DEBUG FXGLAssetLoaderServi - Loading from file system: file:/C:/Users/moi/java-workspace/RTAIparty/target/classes/assets/textures/tableau.png
23:22:51.840 [FXGL Background Thread 1 ] DEBUG FXGLAssetLoaderServi - Loading from file system: file:/C:/Users/moi/java-workspace/RTAIparty/target/classes/assets/textures/table.png
23:22:51.873 [FXGL Background Thread 1 ] DEBUG FXGL.DefaultMenu     - createMenuBodyGameMenu()
23:22:51.887 [FXGL Background Thread 1 ] DEBUG FXGL.DefaultMenu     - createOptionsMenu()
23:22:51.897 [FXGL Background Thread 1 ] DEBUG FXGLAssetLoaderServi - Loading from file system: jar:file:///C:/Users/moi/.m2/repository/com/github/almasb/fxgl/11.17/fxgl-11.17.jar!/fxglassets/textures/particles/smoke.png
23:22:52.041 [FXGL Background Thread 1 ] DEBUG FXGLAssetLoaderServi - Loading from file system: jar:file:///C:/Users/moi/.m2/repository/com/github/almasb/fxgl/11.17/fxgl-11.17.jar!/fxglassets/textures/particles/trace_horizontal.png
23:22:52.066 [FXGL Background Thread 1 ] DEBUG GameApplicationServi - Application scenes initialized
23:22:52.081 [FXGL Background Thread 1 ] DEBUG SystemBundleService  - Loading FXGL system data
23:22:52.089 [FXGL Background Thread 1 ] DEBUG FileSystemAccess     - Reading from: C:\Users\moi\java-workspace\RTAIparty\system\fxgl.bundle
23:22:52.099 [FXGL Background Thread 1 ] DEBUG SystemBundleService  - Bundle FXGL: {}
23:22:52.100 [FXGL Background Thread 1 ] DEBUG UpdaterService       - Checking for updates
23:22:52.105 [FXGL Background Thread 4 ] DEBUG FXGLApplication      - Loading fonts
23:22:52.106 [FXGL Background Thread 1 ] DEBUG FXGLApplication      - Loading default localization
23:22:52.106 [FXGL Background Thread 4 ] DEBUG FXGLAssetLoaderServi - Loading from file system: jar:file:///C:/Users/moi/.m2/repository/com/github/almasb/fxgl/11.17/fxgl-11.17.jar!/fxglassets/ui/fonts/VarelaRound-Regular.ttf
23:22:52.107 [FXGL Background Thread 1 ] DEBUG FXGLAssetLoaderServi - Loading from file system: jar:file:///C:/Users/moi/.m2/repository/com/github/almasb/fxgl/11.17/fxgl-11.17.jar!/fxglassets/languages/english.lang
23:22:52.136 [FXGL Background Thread 1 ] INFO  FXGLApplication      - FXGL initialization took: 0,724 sec
23:22:52.142 [JavaFX Application Thread] DEBUG Input                - Registered new binding: clic - LMB
23:22:52.155 [JavaFX Application Thread] DEBUG Input                - Registered new binding: test - E
23:22:52.156 [JavaFX Application Thread] DEBUG FXGLAssetLoaderServi - Loading from file system: jar:file:///C:/Users/moi/.m2/repository/com/github/almasb/fxgl/11.17/fxgl-11.17.jar!/fxglassets/textures/fxgl_icon.png
23:22:52.172 [JavaFX Application Thread] DEBUG FXGLAssetLoaderServi - Loading from file system: jar:file:///C:/Users/moi/.m2/repository/com/github/almasb/fxgl/11.17/fxgl-11.17.jar!/fxglassets/textures/fxgl_default_cursor.png
23:22:52.175 [JavaFX Application Thread] DEBUG Input                - Registered new binding: Screenshot - CTRL+8
23:22:52.177 [JavaFX Application Thread] DEBUG Input                - Registered new binding: System info dump - CTRL+9
23:22:52.178 [JavaFX Application Thread] DEBUG Input                - Registered new binding: Restart - CTRL+R
23:22:52.179 [JavaFX Application Thread] DEBUG Input                - Registered new binding: Toggle Debug Camera - CTRL+C
23:22:52.182 [JavaFX Application Thread] DEBUG LoopRunner           - Starting loop
23:22:52.182 [JavaFX Application Thread] DEBUG LoopRunner           - Initializing JavaFX AnimationTimerLoop
23:22:52.186 [JavaFX Application Thread] DEBUG Input                - Clearing active input actions
23:22:52.198 [JavaFX Application Thread] DEBUG GameApplicationServi - Removing overlay from FXGLStartupScene and adding to FXGLMainMenuDummyScene
23:22:52.199 [JavaFX Application Thread] DEBUG PrimaryStageWindow   - FXGLStartupScene -> FXGLMainMenuDummyScene
23:22:52.199 [JavaFX Application Thread] DEBUG PrimaryStageWindow   - Push state: RTAIpartyMainMenu
23:22:52.200 [JavaFX Application Thread] DEBUG Input                - Clearing active input actions
23:22:52.205 [JavaFX Application Thread] DEBUG GameApplicationServi - Removing overlay from FXGLMainMenuDummyScene and adding to RTAIpartyMainMenu
23:22:52.206 [JavaFX Application Thread] DEBUG PrimaryStageWindow   - FXGLMainMenuDummyScene -> RTAIpartyMainMenu
23:22:52.361 [FXGL Background Thread 4 ] DEBUG FXGLAssetLoaderServi - Loading from file system: jar:file:///C:/Users/moi/.m2/repository/com/github/almasb/fxgl/11.17/fxgl-11.17.jar!/fxglassets/ui/fonts/Abel-Regular.ttf
23:22:52.382 [FXGL Background Thread 4 ] DEBUG FXGLAssetLoaderServi - Loading from file system: jar:file:///C:/Users/moi/.m2/repository/com/github/almasb/fxgl/11.17/fxgl-11.17.jar!/fxglassets/ui/fonts/lucida_console.ttf
23:22:52.400 [FXGL Background Thread 4 ] DEBUG FXGLAssetLoaderServi - Loading from file system: jar:file:///C:/Users/moi/.m2/repository/com/github/almasb/fxgl/11.17/fxgl-11.17.jar!/fxglassets/ui/fonts/Courier-Prime.ttf
23:22:52.441 [JavaFX Application Thread] DEBUG FXGLApplication      - Registering font factories with UI factory
23:22:55.104 [FXGL Background Thread 3 ] DEBUG Engine               - Logging environment variables
23:22:55.104 [FXGL Background Thread 3 ] DEBUG Engine               - achievements: []
23:22:55.105 [FXGL Background Thread 3 ] DEBUG Engine               - actualHeight: 720.0
23:22:55.105 [FXGL Background Thread 3 ] DEBUG Engine               - actualHeightProperty: ReadOnlyDoubleProperty [value: 720.0]
23:22:55.105 [FXGL Background Thread 3 ] DEBUG Engine               - actualWidth: 1280.0
23:22:55.105 [FXGL Background Thread 3 ] DEBUG Engine               - actualWidthProperty: ReadOnlyDoubleProperty [value: 1280.0]
23:22:55.106 [FXGL Background Thread 3 ] DEBUG Engine               - appIcon: fxgl_icon.png
23:22:55.106 [FXGL Background Thread 3 ] DEBUG Engine               - applicationMode: DEVELOPER
23:22:55.106 [FXGL Background Thread 3 ] DEBUG Engine               - cSSList: [fxgl_dark.css]
23:22:55.107 [FXGL Background Thread 3 ] DEBUG Engine               - collisionDetectionStrategy: BRUTE_FORCE
23:22:55.107 [FXGL Background Thread 3 ] DEBUG Engine               - configClass: Optional.empty
23:22:55.107 [FXGL Background Thread 3 ] DEBUG Engine               - credits: []
23:22:55.108 [FXGL Background Thread 3 ] DEBUG Engine               - defaultCursor: CursorInfo(imageName=fxgl_default_cursor.png, hotspotX=7.0, hotspotY=6.0)
23:22:55.108 [FXGL Background Thread 3 ] DEBUG Engine               - devBBoxColorProperty: ObjectProperty [value: 0xff0000ff]
23:22:55.109 [FXGL Background Thread 3 ] DEBUG Engine               - devEnableDebugCameraProperty: BooleanProperty [value: false]
23:22:55.109 [FXGL Background Thread 3 ] DEBUG Engine               - devSensorColorProperty: ObjectProperty [value: 0xffff00ff]
23:22:55.109 [FXGL Background Thread 3 ] DEBUG Engine               - devShowBBoxProperty: BooleanProperty [value: false]
23:22:55.110 [FXGL Background Thread 3 ] DEBUG Engine               - devShowPositionProperty: BooleanProperty [value: false]
23:22:55.110 [FXGL Background Thread 3 ] DEBUG Engine               - enabledMenuItems: []
23:22:55.110 [FXGL Background Thread 3 ] DEBUG Engine               - engineServices: [class com.almasb.fxgl.app.services.FXGLAssetLoaderService, class com.almasb.fxgl.app.FXGLApplication$GameApplicationService, class com.almasb.fxgl.app.services.FXGLDialogService, class com.almasb.fxgl.app.services.IOTaskExecutorService, class com.almasb.fxgl.io.FileSystemService, class com.almasb.fxgl.localization.LocalizationService, class com.almasb.fxgl.app.services.SystemBundleService, class com.almasb.fxgl.profile.SaveLoadService, class com.almasb.fxgl.ui.FXGLUIFactoryServiceProvider, class com.almasb.fxgl.ui.FXGLDialogFactoryServiceProvider, class com.almasb.fxgl.audio.AudioPlayer, class com.almasb.fxgl.notification.impl.NotificationServiceProvider, class com.almasb.fxgl.achievement.AchievementService, class com.almasb.fxgl.cutscene.CutsceneService, class com.almasb.fxgl.minigames.MiniGameService, class com.almasb.fxgl.net.NetService, class com.almasb.fxgl.app.services.UpdaterService, class com.almasb.fxgl.dev.DevService]
23:22:55.110 [FXGL Background Thread 3 ] DEBUG Engine               - fontGame: Abel-Regular.ttf
23:22:55.111 [FXGL Background Thread 3 ] DEBUG Engine               - fontMono: lucida_console.ttf
23:22:55.111 [FXGL Background Thread 3 ] DEBUG Engine               - fontText: Courier-Prime.ttf
23:22:55.111 [FXGL Background Thread 3 ] DEBUG Engine               - fontUI: VarelaRound-Regular.ttf
23:22:55.112 [FXGL Background Thread 3 ] DEBUG Engine               - fullScreen: BooleanProperty [value: false]
23:22:55.112 [FXGL Background Thread 3 ] DEBUG Engine               - gameDifficulty: MEDIUM
23:22:55.112 [FXGL Background Thread 3 ] DEBUG Engine               - gameDifficultyProperty: ObjectProperty [value: MEDIUM]
23:22:55.112 [FXGL Background Thread 3 ] DEBUG Engine               - globalMusicVolume: 0.5
23:22:55.113 [FXGL Background Thread 3 ] DEBUG Engine               - globalMusicVolumeProperty: DoubleProperty [value: 0.5]
23:22:55.113 [FXGL Background Thread 3 ] DEBUG Engine               - globalSoundVolume: 0.5
23:22:55.113 [FXGL Background Thread 3 ] DEBUG Engine               - globalSoundVolumeProperty: DoubleProperty [value: 0.5]
23:22:55.113 [FXGL Background Thread 3 ] DEBUG Engine               - height: 720
23:22:55.114 [FXGL Background Thread 3 ] DEBUG Engine               - is3D: false
23:22:55.114 [FXGL Background Thread 3 ] DEBUG Engine               - isAndroid: false
23:22:55.114 [FXGL Background Thread 3 ] DEBUG Engine               - isBrowser: false
23:22:55.114 [FXGL Background Thread 3 ] DEBUG Engine               - isClickFeedbackEnabled: false
23:22:55.115 [FXGL Background Thread 3 ] DEBUG Engine               - isCloseConfirmation: false
23:22:55.115 [FXGL Background Thread 3 ] DEBUG Engine               - isDesktop: true
23:22:55.115 [FXGL Background Thread 3 ] DEBUG Engine               - isDeveloperMenuEnabled: false
23:22:55.115 [FXGL Background Thread 3 ] DEBUG Engine               - isEntityPreloadEnabled: true
23:22:55.115 [FXGL Background Thread 3 ] DEBUG Engine               - isExperimentalTiledLargeMap: false
23:22:55.116 [FXGL Background Thread 3 ] DEBUG Engine               - isFileSystemWriteAllowed: true
23:22:55.116 [FXGL Background Thread 3 ] DEBUG Engine               - isFullScreenAllowed: false
23:22:55.116 [FXGL Background Thread 3 ] DEBUG Engine               - isFullScreenFromStart: false
23:22:55.117 [FXGL Background Thread 3 ] DEBUG Engine               - isGameMenuEnabled: true
23:22:55.117 [FXGL Background Thread 3 ] DEBUG Engine               - isIOS: false
23:22:55.117 [FXGL Background Thread 3 ] DEBUG Engine               - isIntroEnabled: false
23:22:55.117 [FXGL Background Thread 3 ] DEBUG Engine               - isLinux: false
23:22:55.118 [FXGL Background Thread 3 ] DEBUG Engine               - isMac: false
23:22:55.118 [FXGL Background Thread 3 ] DEBUG Engine               - isMainMenuEnabled: true
23:22:55.118 [FXGL Background Thread 3 ] DEBUG Engine               - isManualResizeEnabled: true
23:22:55.118 [FXGL Background Thread 3 ] DEBUG Engine               - isMobile: false
23:22:55.118 [FXGL Background Thread 3 ] DEBUG Engine               - isNative: false
23:22:55.119 [FXGL Background Thread 3 ] DEBUG Engine               - isPauseMusicWhenMinimized: true
23:22:55.119 [FXGL Background Thread 3 ] DEBUG Engine               - isPreserveResizeRatio: true
23:22:55.119 [FXGL Background Thread 3 ] DEBUG Engine               - isProfilingEnabled: false
23:22:55.119 [FXGL Background Thread 3 ] DEBUG Engine               - isScaleAffectedOnResize: true
23:22:55.120 [FXGL Background Thread 3 ] DEBUG Engine               - isSingleStep: false
23:22:55.120 [FXGL Background Thread 3 ] DEBUG Engine               - isUserProfileEnabled: false
23:22:55.120 [FXGL Background Thread 3 ] DEBUG Engine               - isWindows: true
23:22:55.120 [FXGL Background Thread 3 ] DEBUG Engine               - language: ObjectProperty [value: ENGLISH]
23:22:55.121 [FXGL Background Thread 3 ] DEBUG Engine               - menuKey: ESCAPE
23:22:55.121 [FXGL Background Thread 3 ] DEBUG Engine               - mouseSensitivity: 0.2
23:22:55.121 [FXGL Background Thread 3 ] DEBUG Engine               - notificationViewClass: class com.almasb.fxgl.notification.view.XboxNotificationView
23:22:55.122 [FXGL Background Thread 3 ] DEBUG Engine               - pixelsPerMeter: 50.0
23:22:55.122 [FXGL Background Thread 3 ] DEBUG Engine               - platform: WINDOWS
23:22:55.122 [FXGL Background Thread 3 ] DEBUG Engine               - prefHeightProperty: ReadOnlyDoubleProperty [value: 720.0]
23:22:55.122 [FXGL Background Thread 3 ] DEBUG Engine               - prefWidthProperty: ReadOnlyDoubleProperty [value: 1280.0]
23:22:55.122 [FXGL Background Thread 3 ] DEBUG Engine               - profileDir: profiles/
23:22:55.123 [FXGL Background Thread 3 ] DEBUG Engine               - profileName: StringProperty [value: DEFAULT]
23:22:55.123 [FXGL Background Thread 3 ] DEBUG Engine               - randomSeed: -1
23:22:55.123 [FXGL Background Thread 3 ] DEBUG Engine               - runtimeInfo: RuntimeInfo(platform=WINDOWS, version=11.17, build=16.07.2021 15.46)
23:22:55.123 [FXGL Background Thread 3 ] DEBUG Engine               - saveFileExt: sav
23:22:55.123 [FXGL Background Thread 3 ] DEBUG Engine               - scaledHeightProp$fxgl: DoubleProperty [bound, value: 720.0]
23:22:55.124 [FXGL Background Thread 3 ] DEBUG Engine               - scaledWidthProp$fxgl: DoubleProperty [bound, value: 1280.0]
23:22:55.124 [FXGL Background Thread 3 ] DEBUG Engine               - sceneFactory: ui.RTAISceneFactory@4b61154d
23:22:55.124 [FXGL Background Thread 3 ] DEBUG Engine               - secondsIn24h: 60
23:22:55.124 [FXGL Background Thread 3 ] DEBUG Engine               - soundMenuBack: menu/back.wav
23:22:55.124 [FXGL Background Thread 3 ] DEBUG Engine               - soundMenuPress: menu/press.wav
23:22:55.125 [FXGL Background Thread 3 ] DEBUG Engine               - soundMenuSelect: menu/select.wav
23:22:55.125 [FXGL Background Thread 3 ] DEBUG Engine               - soundNotification: core/notification.wav
23:22:55.125 [FXGL Background Thread 3 ] DEBUG Engine               - stageStyle: DECORATED
23:22:55.125 [FXGL Background Thread 3 ] DEBUG Engine               - supportedLanguages: [ENGLISH, FRENCH, GERMAN, HUNGARIAN, RUSSIAN]
23:22:55.125 [FXGL Background Thread 3 ] DEBUG Engine               - ticksPerSecond: -1
23:22:55.125 [FXGL Background Thread 3 ] DEBUG Engine               - title: RTAIparty
23:22:55.126 [FXGL Background Thread 3 ] DEBUG Engine               - urlGithub: https://github.com/AlmasB/FXGL
23:22:55.126 [FXGL Background Thread 3 ] DEBUG Engine               - urlLeaderboard: http://fxgl-top.herokuapp.com/
23:22:55.126 [FXGL Background Thread 3 ] DEBUG Engine               - urlPOM: https://raw.githubusercontent.com/AlmasB/FXGL/release/README.md
23:22:55.126 [FXGL Background Thread 3 ] DEBUG Engine               - userAppClass: class com.almasb.fxglgames.RTAIparty.RTAIpartyApp
23:22:55.127 [FXGL Background Thread 3 ] DEBUG Engine               - version: 1.0
23:22:55.127 [FXGL Background Thread 3 ] DEBUG Engine               - versionCheckDays: 7
23:22:55.127 [FXGL Background Thread 3 ] DEBUG Engine               - width: 1280
23:22:55.127 [FXGL Background Thread 3 ] DEBUG Engine               - Logging services
23:22:55.128 [FXGL Background Thread 3 ] DEBUG Engine               - class com.almasb.fxgl.app.services.FXGLAssetLoaderService
23:22:55.128 [FXGL Background Thread 3 ] DEBUG Engine               - class com.almasb.fxgl.app.FXGLApplication$GameApplicationService
23:22:55.128 [FXGL Background Thread 3 ] DEBUG Engine               - class com.almasb.fxgl.app.services.FXGLDialogService
23:22:55.128 [FXGL Background Thread 3 ] DEBUG Engine               - class com.almasb.fxgl.app.services.IOTaskExecutorService
23:22:55.129 [FXGL Background Thread 3 ] DEBUG Engine               - class com.almasb.fxgl.io.FileSystemService
23:22:55.129 [FXGL Background Thread 3 ] DEBUG Engine               - class com.almasb.fxgl.localization.LocalizationService
23:22:55.129 [FXGL Background Thread 3 ] DEBUG Engine               - class com.almasb.fxgl.app.services.SystemBundleService
23:22:55.129 [FXGL Background Thread 3 ] DEBUG Engine               - class com.almasb.fxgl.profile.SaveLoadService
23:22:55.130 [FXGL Background Thread 3 ] DEBUG Engine               - class com.almasb.fxgl.ui.FXGLUIFactoryServiceProvider
23:22:55.130 [FXGL Background Thread 3 ] DEBUG Engine               - class com.almasb.fxgl.ui.FXGLDialogFactoryServiceProvider
23:22:55.130 [FXGL Background Thread 3 ] DEBUG Engine               - class com.almasb.fxgl.audio.AudioPlayer
23:22:55.130 [FXGL Background Thread 3 ] DEBUG Engine               - class com.almasb.fxgl.notification.impl.NotificationServiceProvider
23:22:55.131 [FXGL Background Thread 3 ] DEBUG Engine               - class com.almasb.fxgl.achievement.AchievementService
23:22:55.131 [FXGL Background Thread 3 ] DEBUG Engine               - class com.almasb.fxgl.cutscene.CutsceneService
23:22:55.131 [FXGL Background Thread 3 ] DEBUG Engine               - class com.almasb.fxgl.minigames.MiniGameService
23:22:55.131 [FXGL Background Thread 3 ] DEBUG Engine               - class com.almasb.fxgl.net.NetService
23:22:55.131 [FXGL Background Thread 3 ] DEBUG Engine               - class com.almasb.fxgl.app.services.UpdaterService
23:22:55.132 [FXGL Background Thread 3 ] DEBUG Engine               - class com.almasb.fxgl.dev.DevService
23:22:55.392 [JavaFX Application Thread] DEBUG Menu                 - fireNewGame()
23:22:55.392 [JavaFX Application Thread] DEBUG GameApplicationServi - Starting new game
23:22:55.393 [JavaFX Application Thread] DEBUG PrimaryStageWindow   - Pop state: RTAIpartyMainMenu
23:22:55.393 [JavaFX Application Thread] DEBUG Input                - Clearing active input actions
23:22:55.393 [JavaFX Application Thread] DEBUG GameApplicationServi - Removing overlay from RTAIpartyMainMenu and adding to FXGLMainMenuDummyScene
23:22:55.394 [JavaFX Application Thread] DEBUG PrimaryStageWindow   - FXGLMainMenuDummyScene <- RTAIpartyMainMenu
23:22:55.394 [JavaFX Application Thread] DEBUG Input                - Clearing active input actions
23:22:55.411 [JavaFX Application Thread] DEBUG GameApplicationServi - Removing overlay from FXGLMainMenuDummyScene and adding to FXGLLoadingScene
23:22:55.411 [JavaFX Application Thread] DEBUG PrimaryStageWindow   - FXGLMainMenuDummyScene -> FXGLLoadingScene
23:22:55.411 [JavaFX Application Thread] DEBUG GameApplicationServi - Clearing previous game
23:22:55.412 [JavaFX Application Thread] DEBUG GameScene            - Clearing game scene
23:22:55.412 [JavaFX Application Thread] DEBUG GameWorld            - Clearing game world
23:22:55.412 [JavaFX Application Thread] DEBUG PhysicsWorld         - Clearing physics world
23:22:55.414 [FXGL Background Thread 2 ] DEBUG FXGLApplication      - Initializing game
23:22:55.416 [FXGL Background Thread 2 ] INFO  FXGLApplication      - Game initialization took: 0,001 sec
23:22:55.424 [JavaFX Application Thread] DEBUG Input                - Registered new binding: fin - E
23:22:55.427 [JavaFX Application Thread] DEBUG FXGLAssetLoaderServi - Loading from file system: file:/C:/Users/moi/java-workspace/RTAIparty/target/classes/assets/textures/block-bleu.png
23:22:55.753 [JavaFX Application Thread] DEBUG GameWorld            - Clearing removable entities
23:22:55.753 [JavaFX Application Thread] DEBUG GameWorld            - Setting level: com.almasb.fxgl.entity.level.Level@6ebcdf1b
23:22:55.785 [JavaFX Application Thread] DEBUG Input                - Clearing active input actions
23:22:55.819 [JavaFX Application Thread] DEBUG GameApplicationServi - Removing overlay from FXGLLoadingScene and adding to GameScene
23:22:55.820 [JavaFX Application Thread] DEBUG PrimaryStageWindow   - FXGLLoadingScene -> GameScene
23:22:55.841 [JavaFX Application Thread] DEBUG PrimaryStageWindow   - Push state: DodgeSubScene
23:22:55.842 [JavaFX Application Thread] DEBUG Input                - Clearing active input actions
23:22:55.842 [JavaFX Application Thread] DEBUG GameApplicationServi - Removing overlay from GameScene and adding to DodgeSubScene
23:22:55.843 [JavaFX Application Thread] DEBUG PrimaryStageWindow   - GameScene -> DodgeSubScene
23:22:57.574 [JavaFX Application Thread] DEBUG FXGLApplication      - Exiting FXGL
23:22:57.574 [JavaFX Application Thread] DEBUG LoopRunner           - Stopping loop
23:22:57.575 [JavaFX Application Thread] DEBUG SystemBundleService  - Saving FXGL system data
23:22:57.577 [JavaFX Application Thread] DEBUG FileSystemAccess     - Writing to: C:\Users\moi\java-workspace\RTAIparty\system\fxgl.bundle
23:22:57.579 [JavaFX Application Thread] DEBUG Async                - Shutting down background threads
23:22:57.580 [JavaFX Application Thread] DEBUG PrimaryStageWindow   - Closing main window
23:22:57.597 [JavaFX Application Thread] DEBUG Logger               - Closing Logger
