14:27:30.375 [main                     ] DEBUG Logger               - Configured Logger
14:27:30.411 [main                     ] DEBUG GameApplication      - Logging settings
Title: RTAIparty
Version: 1.0
Width: 1280
Height: 720
Fullscreen: false
Intro: false
Profiling: false
Single step:false
App Mode: DEVELOPER
Menu Key: ESCAPE
Stage Style: DECORATED
Scene Factory: class ui.RTAISceneFactory

14:27:30.725 [JavaFX Application Thread] DEBUG FXGLApplication      - Initializing FXGL
14:27:30.728 [JavaFX Application Thread] INFO  Engine               - FXGL-11.17 (16.07.2021 15.46) on WINDOWS (J:16.0.2 FX:16)
14:27:30.730 [JavaFX Application Thread] DEBUG Engine               - JRE Vendor Name: Oracle Corporation
14:27:30.730 [JavaFX Application Thread] DEBUG Engine               - Running on OS: Windows 10 version 10.0
14:27:30.730 [JavaFX Application Thread] DEBUG Engine               - Architecture: amd64
14:27:30.730 [JavaFX Application Thread] INFO  Engine               - Source code and latest versions at: https://github.com/AlmasB/FXGL
14:27:30.730 [JavaFX Application Thread] INFO  Engine               -              Join the FXGL chat at: https://gitter.im/AlmasB/FXGL
14:27:30.827 [JavaFX Application Thread] DEBUG PrimaryStageWindow   - Creating a JavaFX scene
14:27:30.872 [JavaFX Application Thread] DEBUG PrimaryStageWindow   - Target settings size: 1280.0 x 720.0
14:27:30.873 [JavaFX Application Thread] DEBUG PrimaryStageWindow   - Scaled scene size:    1280.0 x 720.0
14:27:30.873 [JavaFX Application Thread] DEBUG PrimaryStageWindow   - Scaled ratio: (1.0, 1.0)
14:27:30.874 [JavaFX Application Thread] DEBUG PrimaryStageWindow   - Set initial scene to FXGLStartupScene
14:27:30.880 [JavaFX Application Thread] DEBUG PrimaryStageWindow   - Opening main window
14:27:30.956 [JavaFX Application Thread] DEBUG PrimaryStageWindow   - Window border size: (16.0, 39.0)
14:27:30.956 [JavaFX Application Thread] DEBUG PrimaryStageWindow   - Scaled size: 1280.0 x 720.0
14:27:30.956 [JavaFX Application Thread] DEBUG PrimaryStageWindow   - Scaled ratio: (1.0, 1.0)
14:27:30.957 [JavaFX Application Thread] DEBUG PrimaryStageWindow   - Scene size: 1280.0 x 720.0
14:27:30.957 [JavaFX Application Thread] DEBUG PrimaryStageWindow   - Stage size: 1296.0 x 759.0
14:27:30.968 [FXGL Background Thread 1 ] DEBUG Engine               - Initializing environment variables
14:27:31.051 [FXGL Background Thread 1 ] DEBUG FXGLAssetLoaderServi - User app class for loading assets: class com.almasb.fxglgames.RTAIparty.RTAIpartyApp
14:27:31.052 [FXGL Background Thread 1 ] DEBUG GameApplicationServi - Applying CSS: fxgl_dark.css
14:27:31.054 [FXGL Background Thread 1 ] DEBUG FXGLAssetLoaderServi - Loading from file system: jar:file:///C:/Users/zorm1/.m2/repository/com/github/almasb/fxgl/11.17/fxgl-11.17.jar!/fxglassets/ui/css/fxgl_dark.css
14:27:31.129 [FXGL Background Thread 1 ] DEBUG GameApplicationServi - Initializing application scenes
14:27:31.190 [FXGL Background Thread 1 ] DEBUG GameWorld            - Game world initialized
14:27:31.270 [FXGL Background Thread 1 ] DEBUG PhysicsWorld         - Physics world initialized: appHeight=720, physics.ppm=50,0
14:27:31.270 [FXGL Background Thread 1 ] DEBUG PhysicsWorld         - Using strategy: BRUTE_FORCE
14:27:31.273 [FXGL Background Thread 1 ] DEBUG GameScene            - Game scene initialized: 1280x720
14:27:31.283 [FXGL Background Thread 1 ] DEBUG FXGLAssetLoaderServi - Loading from file system: file:/C:/Users/zorm1/eclipse-workspace/RTAIparty/target/classes/assets/textures/garcon_blond.png
14:27:31.298 [FXGL Background Thread 1 ] DEBUG FXGLAssetLoaderServi - Loading from file system: file:/C:/Users/zorm1/eclipse-workspace/RTAIparty/target/classes/assets/textures/garcon_brun.png
14:27:31.300 [FXGL Background Thread 1 ] DEBUG FXGLAssetLoaderServi - Loading from file system: file:/C:/Users/zorm1/eclipse-workspace/RTAIparty/target/classes/assets/textures/fille_blonde.png
14:27:31.301 [FXGL Background Thread 1 ] DEBUG FXGLAssetLoaderServi - Loading from file system: file:/C:/Users/zorm1/eclipse-workspace/RTAIparty/target/classes/assets/textures/fille_brune.png
14:27:31.302 [FXGL Background Thread 1 ] DEBUG FXGLAssetLoaderServi - Loading from file system: file:/C:/Users/zorm1/eclipse-workspace/RTAIparty/target/classes/assets/textures/background/classe.png
14:27:31.367 [FXGL Background Thread 1 ] DEBUG FXGLAssetLoaderServi - Loading from file system: file:/C:/Users/zorm1/eclipse-workspace/RTAIparty/target/classes/assets/textures/tableau.png
14:27:31.374 [FXGL Background Thread 1 ] DEBUG FXGLAssetLoaderServi - Loading from file system: file:/C:/Users/zorm1/eclipse-workspace/RTAIparty/target/classes/assets/textures/table.png
14:27:31.394 [FXGL Background Thread 1 ] DEBUG FXGL.DefaultMenu     - createMenuBodyGameMenu()
14:27:31.412 [FXGL Background Thread 1 ] DEBUG FXGL.DefaultMenu     - createOptionsMenu()
14:27:31.421 [FXGL Background Thread 1 ] DEBUG FXGLAssetLoaderServi - Loading from file system: jar:file:///C:/Users/zorm1/.m2/repository/com/github/almasb/fxgl/11.17/fxgl-11.17.jar!/fxglassets/textures/particles/smoke.png
14:27:31.514 [FXGL Background Thread 1 ] DEBUG FXGLAssetLoaderServi - Loading from file system: jar:file:///C:/Users/zorm1/.m2/repository/com/github/almasb/fxgl/11.17/fxgl-11.17.jar!/fxglassets/textures/particles/trace_horizontal.png
14:27:31.539 [FXGL Background Thread 1 ] DEBUG GameApplicationServi - Application scenes initialized
14:27:31.550 [FXGL Background Thread 1 ] DEBUG SystemBundleService  - Loading FXGL system data
14:27:31.559 [FXGL Background Thread 1 ] DEBUG FileSystemAccess     - Reading from: C:\Users\zorm1\eclipse-workspace\RTAIparty\system\fxgl.bundle
14:27:31.569 [FXGL Background Thread 1 ] DEBUG SystemBundleService  - Bundle FXGL: {}
14:27:31.569 [FXGL Background Thread 1 ] DEBUG UpdaterService       - Checking for updates
14:27:31.573 [FXGL Background Thread 4 ] DEBUG FXGLApplication      - Loading fonts
14:27:31.574 [FXGL Background Thread 1 ] DEBUG FXGLApplication      - Loading default localization
14:27:31.574 [FXGL Background Thread 4 ] DEBUG FXGLAssetLoaderServi - Loading from file system: jar:file:///C:/Users/zorm1/.m2/repository/com/github/almasb/fxgl/11.17/fxgl-11.17.jar!/fxglassets/ui/fonts/VarelaRound-Regular.ttf
14:27:31.574 [FXGL Background Thread 1 ] DEBUG FXGLAssetLoaderServi - Loading from file system: jar:file:///C:/Users/zorm1/.m2/repository/com/github/almasb/fxgl/11.17/fxgl-11.17.jar!/fxglassets/languages/english.lang
14:27:31.591 [FXGL Background Thread 1 ] INFO  FXGLApplication      - FXGL initialization took: 0,623 sec
14:27:31.598 [JavaFX Application Thread] DEBUG Input                - Registered new binding: clic - LMB
14:27:31.606 [JavaFX Application Thread] DEBUG Input                - Registered new binding: test - E
14:27:31.608 [JavaFX Application Thread] DEBUG FXGLAssetLoaderServi - Loading from file system: jar:file:///C:/Users/zorm1/.m2/repository/com/github/almasb/fxgl/11.17/fxgl-11.17.jar!/fxglassets/textures/fxgl_icon.png
14:27:31.628 [JavaFX Application Thread] DEBUG FXGLAssetLoaderServi - Loading from file system: jar:file:///C:/Users/zorm1/.m2/repository/com/github/almasb/fxgl/11.17/fxgl-11.17.jar!/fxglassets/textures/fxgl_default_cursor.png
14:27:31.631 [JavaFX Application Thread] DEBUG Input                - Registered new binding: Screenshot - CTRL+8
14:27:31.632 [JavaFX Application Thread] DEBUG Input                - Registered new binding: System info dump - CTRL+9
14:27:31.633 [JavaFX Application Thread] DEBUG Input                - Registered new binding: Restart - CTRL+R
14:27:31.634 [JavaFX Application Thread] DEBUG Input                - Registered new binding: Toggle Debug Camera - CTRL+C
14:27:31.637 [JavaFX Application Thread] DEBUG LoopRunner           - Starting loop
14:27:31.637 [JavaFX Application Thread] DEBUG LoopRunner           - Initializing JavaFX AnimationTimerLoop
14:27:31.640 [JavaFX Application Thread] DEBUG Input                - Clearing active input actions
14:27:31.650 [JavaFX Application Thread] DEBUG GameApplicationServi - Removing overlay from FXGLStartupScene and adding to FXGLMainMenuDummyScene
14:27:31.650 [JavaFX Application Thread] DEBUG PrimaryStageWindow   - FXGLStartupScene -> FXGLMainMenuDummyScene
14:27:31.650 [JavaFX Application Thread] DEBUG PrimaryStageWindow   - Push state: RTAIpartyMainMenu
14:27:31.651 [JavaFX Application Thread] DEBUG Input                - Clearing active input actions
14:27:31.656 [JavaFX Application Thread] DEBUG GameApplicationServi - Removing overlay from FXGLMainMenuDummyScene and adding to RTAIpartyMainMenu
14:27:31.657 [JavaFX Application Thread] DEBUG PrimaryStageWindow   - FXGLMainMenuDummyScene -> RTAIpartyMainMenu
14:27:31.663 [FXGL Background Thread 4 ] DEBUG FXGLAssetLoaderServi - Loading from file system: jar:file:///C:/Users/zorm1/.m2/repository/com/github/almasb/fxgl/11.17/fxgl-11.17.jar!/fxglassets/ui/fonts/Abel-Regular.ttf
14:27:31.686 [FXGL Background Thread 4 ] DEBUG FXGLAssetLoaderServi - Loading from file system: jar:file:///C:/Users/zorm1/.m2/repository/com/github/almasb/fxgl/11.17/fxgl-11.17.jar!/fxglassets/ui/fonts/lucida_console.ttf
14:27:31.704 [FXGL Background Thread 4 ] DEBUG FXGLAssetLoaderServi - Loading from file system: jar:file:///C:/Users/zorm1/.m2/repository/com/github/almasb/fxgl/11.17/fxgl-11.17.jar!/fxglassets/ui/fonts/Courier-Prime.ttf
14:27:31.723 [JavaFX Application Thread] DEBUG FXGLApplication      - Registering font factories with UI factory
14:27:34.574 [FXGL Background Thread 3 ] DEBUG Engine               - Logging environment variables
14:27:34.575 [FXGL Background Thread 3 ] DEBUG Engine               - achievements: []
14:27:34.576 [FXGL Background Thread 3 ] DEBUG Engine               - actualHeight: 720.0
14:27:34.576 [FXGL Background Thread 3 ] DEBUG Engine               - actualHeightProperty: ReadOnlyDoubleProperty [value: 720.0]
14:27:34.577 [FXGL Background Thread 3 ] DEBUG Engine               - actualWidth: 1280.0
14:27:34.578 [FXGL Background Thread 3 ] DEBUG Engine               - actualWidthProperty: ReadOnlyDoubleProperty [value: 1280.0]
14:27:34.578 [FXGL Background Thread 3 ] DEBUG Engine               - appIcon: fxgl_icon.png
14:27:34.579 [FXGL Background Thread 3 ] DEBUG Engine               - applicationMode: DEVELOPER
14:27:34.580 [FXGL Background Thread 3 ] DEBUG Engine               - cSSList: [fxgl_dark.css]
14:27:34.580 [FXGL Background Thread 3 ] DEBUG Engine               - collisionDetectionStrategy: BRUTE_FORCE
14:27:34.581 [FXGL Background Thread 3 ] DEBUG Engine               - configClass: Optional.empty
14:27:34.582 [FXGL Background Thread 3 ] DEBUG Engine               - credits: []
14:27:34.582 [FXGL Background Thread 3 ] DEBUG Engine               - defaultCursor: CursorInfo(imageName=fxgl_default_cursor.png, hotspotX=7.0, hotspotY=6.0)
14:27:34.584 [FXGL Background Thread 3 ] DEBUG Engine               - devBBoxColorProperty: ObjectProperty [value: 0xff0000ff]
14:27:34.585 [FXGL Background Thread 3 ] DEBUG Engine               - devEnableDebugCameraProperty: BooleanProperty [value: false]
14:27:34.586 [FXGL Background Thread 3 ] DEBUG Engine               - devSensorColorProperty: ObjectProperty [value: 0xffff00ff]
14:27:34.586 [FXGL Background Thread 3 ] DEBUG Engine               - devShowBBoxProperty: BooleanProperty [value: false]
14:27:34.587 [FXGL Background Thread 3 ] DEBUG Engine               - devShowPositionProperty: BooleanProperty [value: false]
14:27:34.587 [FXGL Background Thread 3 ] DEBUG Engine               - enabledMenuItems: []
14:27:34.588 [FXGL Background Thread 3 ] DEBUG Engine               - engineServices: [class com.almasb.fxgl.app.services.FXGLAssetLoaderService, class com.almasb.fxgl.app.FXGLApplication$GameApplicationService, class com.almasb.fxgl.app.services.FXGLDialogService, class com.almasb.fxgl.app.services.IOTaskExecutorService, class com.almasb.fxgl.io.FileSystemService, class com.almasb.fxgl.localization.LocalizationService, class com.almasb.fxgl.app.services.SystemBundleService, class com.almasb.fxgl.profile.SaveLoadService, class com.almasb.fxgl.ui.FXGLUIFactoryServiceProvider, class com.almasb.fxgl.ui.FXGLDialogFactoryServiceProvider, class com.almasb.fxgl.audio.AudioPlayer, class com.almasb.fxgl.notification.impl.NotificationServiceProvider, class com.almasb.fxgl.achievement.AchievementService, class com.almasb.fxgl.cutscene.CutsceneService, class com.almasb.fxgl.minigames.MiniGameService, class com.almasb.fxgl.net.NetService, class com.almasb.fxgl.app.services.UpdaterService, class com.almasb.fxgl.dev.DevService]
14:27:34.588 [FXGL Background Thread 3 ] DEBUG Engine               - fontGame: Abel-Regular.ttf
14:27:34.588 [FXGL Background Thread 3 ] DEBUG Engine               - fontMono: lucida_console.ttf
14:27:34.589 [FXGL Background Thread 3 ] DEBUG Engine               - fontText: Courier-Prime.ttf
14:27:34.589 [FXGL Background Thread 3 ] DEBUG Engine               - fontUI: VarelaRound-Regular.ttf
14:27:34.590 [FXGL Background Thread 3 ] DEBUG Engine               - fullScreen: BooleanProperty [value: false]
14:27:34.590 [FXGL Background Thread 3 ] DEBUG Engine               - gameDifficulty: MEDIUM
14:27:34.590 [FXGL Background Thread 3 ] DEBUG Engine               - gameDifficultyProperty: ObjectProperty [value: MEDIUM]
14:27:34.591 [FXGL Background Thread 3 ] DEBUG Engine               - globalMusicVolume: 0.5
14:27:34.592 [FXGL Background Thread 3 ] DEBUG Engine               - globalMusicVolumeProperty: DoubleProperty [value: 0.5]
14:27:34.592 [FXGL Background Thread 3 ] DEBUG Engine               - globalSoundVolume: 0.5
14:27:34.593 [FXGL Background Thread 3 ] DEBUG Engine               - globalSoundVolumeProperty: DoubleProperty [value: 0.5]
14:27:34.593 [FXGL Background Thread 3 ] DEBUG Engine               - height: 720
14:27:34.594 [FXGL Background Thread 3 ] DEBUG Engine               - is3D: false
14:27:34.594 [FXGL Background Thread 3 ] DEBUG Engine               - isAndroid: false
14:27:34.595 [FXGL Background Thread 3 ] DEBUG Engine               - isBrowser: false
14:27:34.595 [FXGL Background Thread 3 ] DEBUG Engine               - isClickFeedbackEnabled: false
14:27:34.595 [FXGL Background Thread 3 ] DEBUG Engine               - isCloseConfirmation: false
14:27:34.596 [FXGL Background Thread 3 ] DEBUG Engine               - isDesktop: true
14:27:34.596 [FXGL Background Thread 3 ] DEBUG Engine               - isDeveloperMenuEnabled: false
14:27:34.596 [FXGL Background Thread 3 ] DEBUG Engine               - isEntityPreloadEnabled: true
14:27:34.597 [FXGL Background Thread 3 ] DEBUG Engine               - isExperimentalTiledLargeMap: false
14:27:34.598 [FXGL Background Thread 3 ] DEBUG Engine               - isFileSystemWriteAllowed: true
14:27:34.598 [FXGL Background Thread 3 ] DEBUG Engine               - isFullScreenAllowed: false
14:27:34.599 [FXGL Background Thread 3 ] DEBUG Engine               - isFullScreenFromStart: false
14:27:34.600 [FXGL Background Thread 3 ] DEBUG Engine               - isGameMenuEnabled: true
14:27:34.600 [FXGL Background Thread 3 ] DEBUG Engine               - isIOS: false
14:27:34.600 [FXGL Background Thread 3 ] DEBUG Engine               - isIntroEnabled: false
14:27:34.601 [FXGL Background Thread 3 ] DEBUG Engine               - isLinux: false
14:27:34.601 [FXGL Background Thread 3 ] DEBUG Engine               - isMac: false
14:27:34.602 [FXGL Background Thread 3 ] DEBUG Engine               - isMainMenuEnabled: true
14:27:34.602 [FXGL Background Thread 3 ] DEBUG Engine               - isManualResizeEnabled: true
14:27:34.602 [FXGL Background Thread 3 ] DEBUG Engine               - isMobile: false
14:27:34.603 [FXGL Background Thread 3 ] DEBUG Engine               - isNative: false
14:27:34.604 [FXGL Background Thread 3 ] DEBUG Engine               - isPauseMusicWhenMinimized: true
14:27:34.604 [FXGL Background Thread 3 ] DEBUG Engine               - isPreserveResizeRatio: true
14:27:34.604 [FXGL Background Thread 3 ] DEBUG Engine               - isProfilingEnabled: false
14:27:34.605 [FXGL Background Thread 3 ] DEBUG Engine               - isScaleAffectedOnResize: true
14:27:34.605 [FXGL Background Thread 3 ] DEBUG Engine               - isSingleStep: false
14:27:34.606 [FXGL Background Thread 3 ] DEBUG Engine               - isUserProfileEnabled: false
14:27:34.606 [FXGL Background Thread 3 ] DEBUG Engine               - isWindows: true
14:27:34.607 [FXGL Background Thread 3 ] DEBUG Engine               - language: ObjectProperty [value: ENGLISH]
14:27:34.607 [FXGL Background Thread 3 ] DEBUG Engine               - menuKey: ESCAPE
14:27:34.608 [FXGL Background Thread 3 ] DEBUG Engine               - mouseSensitivity: 0.2
14:27:34.608 [FXGL Background Thread 3 ] DEBUG Engine               - notificationViewClass: class com.almasb.fxgl.notification.view.XboxNotificationView
14:27:34.609 [FXGL Background Thread 3 ] DEBUG Engine               - pixelsPerMeter: 50.0
14:27:34.609 [FXGL Background Thread 3 ] DEBUG Engine               - platform: WINDOWS
14:27:34.610 [FXGL Background Thread 3 ] DEBUG Engine               - prefHeightProperty: ReadOnlyDoubleProperty [value: 720.0]
14:27:34.611 [FXGL Background Thread 3 ] DEBUG Engine               - prefWidthProperty: ReadOnlyDoubleProperty [value: 1280.0]
14:27:34.612 [FXGL Background Thread 3 ] DEBUG Engine               - profileDir: profiles/
14:27:34.613 [FXGL Background Thread 3 ] DEBUG Engine               - profileName: StringProperty [value: DEFAULT]
14:27:34.613 [FXGL Background Thread 3 ] DEBUG Engine               - randomSeed: -1
14:27:34.614 [FXGL Background Thread 3 ] DEBUG Engine               - runtimeInfo: RuntimeInfo(platform=WINDOWS, version=11.17, build=16.07.2021 15.46)
14:27:34.614 [FXGL Background Thread 3 ] DEBUG Engine               - saveFileExt: sav
14:27:34.615 [FXGL Background Thread 3 ] DEBUG Engine               - scaledHeightProp$fxgl: DoubleProperty [bound, value: 720.0]
14:27:34.615 [FXGL Background Thread 3 ] DEBUG Engine               - scaledWidthProp$fxgl: DoubleProperty [bound, value: 1280.0]
14:27:34.615 [FXGL Background Thread 3 ] DEBUG Engine               - sceneFactory: ui.RTAISceneFactory@52373c1f
14:27:34.616 [FXGL Background Thread 3 ] DEBUG Engine               - secondsIn24h: 60
14:27:34.617 [FXGL Background Thread 3 ] DEBUG Engine               - soundMenuBack: menu/back.wav
14:27:34.617 [FXGL Background Thread 3 ] DEBUG Engine               - soundMenuPress: menu/press.wav
14:27:34.617 [FXGL Background Thread 3 ] DEBUG Engine               - soundMenuSelect: menu/select.wav
14:27:34.618 [FXGL Background Thread 3 ] DEBUG Engine               - soundNotification: core/notification.wav
14:27:34.618 [FXGL Background Thread 3 ] DEBUG Engine               - stageStyle: DECORATED
14:27:34.618 [FXGL Background Thread 3 ] DEBUG Engine               - supportedLanguages: [ENGLISH, FRENCH, GERMAN, HUNGARIAN, RUSSIAN]
14:27:34.619 [FXGL Background Thread 3 ] DEBUG Engine               - ticksPerSecond: -1
14:27:34.619 [FXGL Background Thread 3 ] DEBUG Engine               - title: RTAIparty
14:27:34.620 [FXGL Background Thread 3 ] DEBUG Engine               - urlGithub: https://github.com/AlmasB/FXGL
14:27:34.620 [FXGL Background Thread 3 ] DEBUG Engine               - urlLeaderboard: http://fxgl-top.herokuapp.com/
14:27:34.621 [FXGL Background Thread 3 ] DEBUG Engine               - urlPOM: https://raw.githubusercontent.com/AlmasB/FXGL/release/README.md
14:27:34.621 [FXGL Background Thread 3 ] DEBUG Engine               - userAppClass: class com.almasb.fxglgames.RTAIparty.RTAIpartyApp
14:27:34.622 [FXGL Background Thread 3 ] DEBUG Engine               - version: 1.0
14:27:34.622 [FXGL Background Thread 3 ] DEBUG Engine               - versionCheckDays: 7
14:27:34.623 [FXGL Background Thread 3 ] DEBUG Engine               - width: 1280
14:27:34.623 [FXGL Background Thread 3 ] DEBUG Engine               - Logging services
14:27:34.624 [FXGL Background Thread 3 ] DEBUG Engine               - class com.almasb.fxgl.app.services.FXGLAssetLoaderService
14:27:34.624 [FXGL Background Thread 3 ] DEBUG Engine               - class com.almasb.fxgl.app.FXGLApplication$GameApplicationService
14:27:34.625 [FXGL Background Thread 3 ] DEBUG Engine               - class com.almasb.fxgl.app.services.FXGLDialogService
14:27:34.625 [FXGL Background Thread 3 ] DEBUG Engine               - class com.almasb.fxgl.app.services.IOTaskExecutorService
14:27:34.625 [FXGL Background Thread 3 ] DEBUG Engine               - class com.almasb.fxgl.io.FileSystemService
14:27:34.626 [FXGL Background Thread 3 ] DEBUG Engine               - class com.almasb.fxgl.localization.LocalizationService
14:27:34.626 [FXGL Background Thread 3 ] DEBUG Engine               - class com.almasb.fxgl.app.services.SystemBundleService
14:27:34.626 [FXGL Background Thread 3 ] DEBUG Engine               - class com.almasb.fxgl.profile.SaveLoadService
14:27:34.627 [FXGL Background Thread 3 ] DEBUG Engine               - class com.almasb.fxgl.ui.FXGLUIFactoryServiceProvider
14:27:34.627 [FXGL Background Thread 3 ] DEBUG Engine               - class com.almasb.fxgl.ui.FXGLDialogFactoryServiceProvider
14:27:34.627 [FXGL Background Thread 3 ] DEBUG Engine               - class com.almasb.fxgl.audio.AudioPlayer
14:27:34.628 [FXGL Background Thread 3 ] DEBUG Engine               - class com.almasb.fxgl.notification.impl.NotificationServiceProvider
14:27:34.628 [FXGL Background Thread 3 ] DEBUG Engine               - class com.almasb.fxgl.achievement.AchievementService
14:27:34.628 [FXGL Background Thread 3 ] DEBUG Engine               - class com.almasb.fxgl.cutscene.CutsceneService
14:27:34.629 [FXGL Background Thread 3 ] DEBUG Engine               - class com.almasb.fxgl.minigames.MiniGameService
14:27:34.629 [FXGL Background Thread 3 ] DEBUG Engine               - class com.almasb.fxgl.net.NetService
14:27:34.630 [FXGL Background Thread 3 ] DEBUG Engine               - class com.almasb.fxgl.app.services.UpdaterService
14:27:34.630 [FXGL Background Thread 3 ] DEBUG Engine               - class com.almasb.fxgl.dev.DevService
14:27:42.811 [JavaFX Application Thread] DEBUG Menu                 - fireNewGame()
14:27:42.812 [JavaFX Application Thread] DEBUG GameApplicationServi - Starting new game
14:27:42.813 [JavaFX Application Thread] DEBUG PrimaryStageWindow   - Pop state: RTAIpartyMainMenu
14:27:42.814 [JavaFX Application Thread] DEBUG Input                - Clearing active input actions
14:27:42.816 [JavaFX Application Thread] DEBUG GameApplicationServi - Removing overlay from RTAIpartyMainMenu and adding to FXGLMainMenuDummyScene
14:27:42.816 [JavaFX Application Thread] DEBUG PrimaryStageWindow   - FXGLMainMenuDummyScene <- RTAIpartyMainMenu
14:27:42.817 [JavaFX Application Thread] DEBUG Input                - Clearing active input actions
14:27:42.840 [JavaFX Application Thread] DEBUG GameApplicationServi - Removing overlay from FXGLMainMenuDummyScene and adding to FXGLLoadingScene
14:27:42.841 [JavaFX Application Thread] DEBUG PrimaryStageWindow   - FXGLMainMenuDummyScene -> FXGLLoadingScene
14:27:42.842 [JavaFX Application Thread] DEBUG GameApplicationServi - Clearing previous game
14:27:42.842 [JavaFX Application Thread] DEBUG GameScene            - Clearing game scene
14:27:42.843 [JavaFX Application Thread] DEBUG GameWorld            - Clearing game world
14:27:42.843 [JavaFX Application Thread] DEBUG PhysicsWorld         - Clearing physics world
14:27:42.846 [FXGL Background Thread 2 ] DEBUG FXGLApplication      - Initializing game
14:27:42.850 [FXGL Background Thread 2 ] INFO  FXGLApplication      - Game initialization took: 0,003 sec
14:27:42.866 [JavaFX Application Thread] DEBUG Input                - Registered new binding: fin - E
14:27:42.871 [JavaFX Application Thread] DEBUG FXGLAssetLoaderServi - Loading from file system: file:/C:/Users/zorm1/eclipse-workspace/RTAIparty/target/classes/assets/textures/block-bleu.png
14:27:42.916 [JavaFX Application Thread] DEBUG GameWorld            - Clearing removable entities
14:27:42.918 [JavaFX Application Thread] DEBUG GameWorld            - Setting level: com.almasb.fxgl.entity.level.Level@146fd8e2
14:27:42.952 [JavaFX Application Thread] DEBUG Input                - Clearing active input actions
14:27:42.972 [JavaFX Application Thread] DEBUG GameApplicationServi - Removing overlay from FXGLLoadingScene and adding to GameScene
14:27:42.973 [JavaFX Application Thread] DEBUG PrimaryStageWindow   - FXGLLoadingScene -> GameScene
14:27:42.978 [JavaFX Application Thread] DEBUG PrimaryStageWindow   - Push state: DodgeSubScene
14:27:42.979 [JavaFX Application Thread] DEBUG Input                - Clearing active input actions
14:27:42.980 [JavaFX Application Thread] DEBUG GameApplicationServi - Removing overlay from GameScene and adding to DodgeSubScene
14:27:42.982 [JavaFX Application Thread] DEBUG PrimaryStageWindow   - GameScene -> DodgeSubScene
14:27:46.095 [JavaFX Application Thread] DEBUG FXGLApplication      - Exiting FXGL
14:27:46.095 [JavaFX Application Thread] DEBUG LoopRunner           - Stopping loop
14:27:46.096 [JavaFX Application Thread] DEBUG SystemBundleService  - Saving FXGL system data
14:27:46.102 [JavaFX Application Thread] DEBUG FileSystemAccess     - Writing to: C:\Users\zorm1\eclipse-workspace\RTAIparty\system\fxgl.bundle
14:27:46.107 [JavaFX Application Thread] DEBUG Async                - Shutting down background threads
14:27:46.108 [JavaFX Application Thread] DEBUG PrimaryStageWindow   - Closing main window
14:27:46.134 [JavaFX Application Thread] DEBUG Logger               - Closing Logger
