01:32:01.706 [main                     ] DEBUG Logger               - Configured Logger
01:32:01.733 [main                     ] DEBUG GameApplication      - Logging settings
Title: RTAIparty
Version: 1.0
Width: 1280
Height: 720
Fullscreen: false
Intro: false
Profiling: false
Single step:false
App Mode: DEVELOPER
Menu Key: ESCAPE
Stage Style: DECORATED
Scene Factory: class ui.RTAISceneFactory

01:32:01.950 [JavaFX Application Thread] DEBUG FXGLApplication      - Initializing FXGL
01:32:01.951 [JavaFX Application Thread] INFO  Engine               - FXGL-11+dev-SNAPSHOT (28.11.2021 18.20) on WINDOWS (J:16.0.2 FX:17.0.0.1)
01:32:01.952 [JavaFX Application Thread] DEBUG Engine               - JRE Vendor Name: Oracle Corporation
01:32:01.952 [JavaFX Application Thread] DEBUG Engine               - Running on OS: Windows 10 version 10.0
01:32:01.952 [JavaFX Application Thread] DEBUG Engine               - Architecture: amd64
01:32:01.952 [JavaFX Application Thread] INFO  Engine               - Source code and latest versions at: https://github.com/AlmasB/FXGL
01:32:01.952 [JavaFX Application Thread] INFO  Engine               -       Ask questions and discuss at: https://github.com/AlmasB/FXGL/discussions
01:32:01.953 [JavaFX Application Thread] INFO  Engine               -              Join the FXGL chat at: https://gitter.im/AlmasB/FXGL
01:32:02.019 [JavaFX Application Thread] DEBUG PrimaryStageWindow   - Creating a JavaFX scene
01:32:02.052 [JavaFX Application Thread] DEBUG PrimaryStageWindow   - Target settings size: 1280.0 x 720.0
01:32:02.052 [JavaFX Application Thread] DEBUG PrimaryStageWindow   - Scaled scene size:    1280.0 x 720.0
01:32:02.052 [JavaFX Application Thread] DEBUG PrimaryStageWindow   - Scaled ratio: (1.0, 1.0)
01:32:02.053 [JavaFX Application Thread] DEBUG PrimaryStageWindow   - Set initial scene to FXGLStartupScene
01:32:02.058 [JavaFX Application Thread] DEBUG PrimaryStageWindow   - Opening main window
01:32:02.112 [JavaFX Application Thread] DEBUG PrimaryStageWindow   - Window border size: (16.0, 39.0)
01:32:02.113 [JavaFX Application Thread] DEBUG PrimaryStageWindow   - Scaled size: 1280.0 x 720.0
01:32:02.113 [JavaFX Application Thread] DEBUG PrimaryStageWindow   - Scaled ratio: (1.0, 1.0)
01:32:02.113 [JavaFX Application Thread] DEBUG PrimaryStageWindow   - Scene size: 1280.0 x 720.0
01:32:02.113 [JavaFX Application Thread] DEBUG PrimaryStageWindow   - Stage size: 1296.0 x 759.0
01:32:02.121 [FXGL Background Thread 1 ] DEBUG Engine               - Initializing environment variables
01:32:02.193 [FXGL Background Thread 1 ] DEBUG FXGLAssetLoaderServi - User app class for loading assets: class com.almasb.fxglgames.RTAIparty.RTAIpartyApp
01:32:02.193 [FXGL Background Thread 1 ] DEBUG GameApplicationServi - Applying CSS: fxgl_dark.css
01:32:02.195 [FXGL Background Thread 1 ] DEBUG FXGLAssetLoaderServi - Loading from file system: jar:file:///C:/Users/zorm1/.m2/repository/com/github/almasb/fxgl/11+dev-SNAPSHOT/fxgl-11+dev-SNAPSHOT.jar!/fxglassets/ui/css/fxgl_dark.css
01:32:02.357 [FXGL Background Thread 1 ] DEBUG GameApplicationServi - Initializing application scenes
01:32:02.417 [FXGL Background Thread 1 ] DEBUG GameWorld            - Game world initialized
01:32:02.463 [FXGL Background Thread 1 ] DEBUG PhysicsWorld         - Physics world initialized: appHeight=720, physics.ppm=50,0
01:32:02.463 [FXGL Background Thread 1 ] DEBUG PhysicsWorld         - Using strategy: BRUTE_FORCE
01:32:02.466 [FXGL Background Thread 1 ] DEBUG GameScene            - Game scene initialized: 1280x720
01:32:02.471 [FXGL Background Thread 1 ] DEBUG FXGLAssetLoaderServi - Loading from file system: file:/C:/Users/zorm1/eclipse-workspace/RTAIparty/target/classes/assets/textures/garcon_blond.png
01:32:02.484 [FXGL Background Thread 1 ] DEBUG FXGLAssetLoaderServi - Loading from file system: file:/C:/Users/zorm1/eclipse-workspace/RTAIparty/target/classes/assets/textures/garcon_brun.png
01:32:02.485 [FXGL Background Thread 1 ] DEBUG FXGLAssetLoaderServi - Loading from file system: file:/C:/Users/zorm1/eclipse-workspace/RTAIparty/target/classes/assets/textures/fille_blonde.png
01:32:02.486 [FXGL Background Thread 1 ] DEBUG FXGLAssetLoaderServi - Loading from file system: file:/C:/Users/zorm1/eclipse-workspace/RTAIparty/target/classes/assets/textures/fille_brune.png
01:32:02.487 [FXGL Background Thread 1 ] DEBUG FXGLAssetLoaderServi - Loading from file system: file:/C:/Users/zorm1/eclipse-workspace/RTAIparty/target/classes/assets/textures/background/classe.png
01:32:02.529 [FXGL Background Thread 1 ] DEBUG FXGLAssetLoaderServi - Loading from file system: file:/C:/Users/zorm1/eclipse-workspace/RTAIparty/target/classes/assets/textures/tableau.png
01:32:02.535 [FXGL Background Thread 1 ] DEBUG FXGLAssetLoaderServi - Loading from file system: file:/C:/Users/zorm1/eclipse-workspace/RTAIparty/target/classes/assets/textures/table.png
01:32:02.552 [FXGL Background Thread 1 ] DEBUG FXGL.DefaultMenu     - createMenuBodyGameMenu()
01:32:02.563 [FXGL Background Thread 1 ] DEBUG FXGL.DefaultMenu     - createOptionsMenu()
01:32:02.568 [FXGL Background Thread 1 ] DEBUG FXGLAssetLoaderServi - Loading from file system: jar:file:///C:/Users/zorm1/.m2/repository/com/github/almasb/fxgl/11+dev-SNAPSHOT/fxgl-11+dev-SNAPSHOT.jar!/fxglassets/textures/particles/smoke.png
01:32:02.627 [FXGL Background Thread 1 ] DEBUG FXGLAssetLoaderServi - Loading from file system: jar:file:///C:/Users/zorm1/.m2/repository/com/github/almasb/fxgl/11+dev-SNAPSHOT/fxgl-11+dev-SNAPSHOT.jar!/fxglassets/textures/particles/trace_horizontal.png
01:32:02.644 [FXGL Background Thread 1 ] DEBUG GameApplicationServi - Application scenes initialized
01:32:02.653 [FXGL Background Thread 1 ] DEBUG SystemBundleService  - Loading FXGL system data
01:32:02.658 [FXGL Background Thread 1 ] DEBUG FileSystemAccess     - Reading from: C:\Users\zorm1\eclipse-workspace\RTAIparty\system\fxgl.bundle
01:32:02.663 [FXGL Background Thread 1 ] DEBUG SystemBundleService  - Bundle FXGL: {}
01:32:02.663 [FXGL Background Thread 1 ] DEBUG UpdaterService       - Checking for updates
01:32:02.666 [FXGL Background Thread 4 ] DEBUG FXGLApplication      - Loading fonts
01:32:02.666 [FXGL Background Thread 1 ] DEBUG FXGLApplication      - Loading default localization
01:32:02.666 [FXGL Background Thread 4 ] DEBUG FXGLAssetLoaderServi - Loading from file system: jar:file:///C:/Users/zorm1/.m2/repository/com/github/almasb/fxgl/11+dev-SNAPSHOT/fxgl-11+dev-SNAPSHOT.jar!/fxglassets/ui/fonts/VarelaRound-Regular.ttf
01:32:02.667 [FXGL Background Thread 1 ] DEBUG FXGLAssetLoaderServi - Loading from file system: jar:file:///C:/Users/zorm1/.m2/repository/com/github/almasb/fxgl/11+dev-SNAPSHOT/fxgl-11+dev-SNAPSHOT.jar!/fxglassets/languages/english.lang
01:32:02.676 [FXGL Background Thread 1 ] INFO  FXGLApplication      - FXGL initialization took: 0,555 sec
01:32:02.679 [JavaFX Application Thread] DEBUG Input                - Registered new binding: clic - LMB
01:32:02.686 [JavaFX Application Thread] DEBUG Input                - Registered new binding: test - E
01:32:02.687 [JavaFX Application Thread] DEBUG FXGLAssetLoaderServi - Loading from file system: jar:file:///C:/Users/zorm1/.m2/repository/com/github/almasb/fxgl/11+dev-SNAPSHOT/fxgl-11+dev-SNAPSHOT.jar!/fxglassets/textures/fxgl_icon.png
01:32:02.705 [JavaFX Application Thread] DEBUG FXGLAssetLoaderServi - Loading from file system: jar:file:///C:/Users/zorm1/.m2/repository/com/github/almasb/fxgl/11+dev-SNAPSHOT/fxgl-11+dev-SNAPSHOT.jar!/fxglassets/textures/fxgl_default_cursor.png
01:32:02.707 [JavaFX Application Thread] DEBUG Input                - Registered new binding: Screenshot - CTRL+8
01:32:02.709 [JavaFX Application Thread] DEBUG Input                - Registered new binding: System info dump - CTRL+9
01:32:02.711 [JavaFX Application Thread] DEBUG Input                - Registered new binding: Restart - CTRL+R
01:32:02.712 [JavaFX Application Thread] DEBUG Input                - Registered new binding: Toggle Debug Camera - CTRL+7
01:32:02.714 [JavaFX Application Thread] DEBUG LoopRunner           - Starting loop
01:32:02.714 [JavaFX Application Thread] DEBUG LoopRunner           - Initializing JavaFX AnimationTimerLoop
01:32:02.718 [JavaFX Application Thread] DEBUG Input                - Clearing active input actions
01:32:02.726 [JavaFX Application Thread] DEBUG GameApplicationServi - Removing overlay from FXGLStartupScene and adding to FXGLMainMenuDummyScene
01:32:02.726 [JavaFX Application Thread] DEBUG PrimaryStageWindow   - FXGLStartupScene -> FXGLMainMenuDummyScene
01:32:02.726 [JavaFX Application Thread] DEBUG PrimaryStageWindow   - Push state: RTAIpartyMainMenu
01:32:02.727 [JavaFX Application Thread] DEBUG Input                - Clearing active input actions
01:32:02.730 [JavaFX Application Thread] DEBUG GameApplicationServi - Removing overlay from FXGLMainMenuDummyScene and adding to RTAIpartyMainMenu
01:32:02.731 [JavaFX Application Thread] DEBUG PrimaryStageWindow   - FXGLMainMenuDummyScene -> RTAIpartyMainMenu
01:32:02.736 [FXGL Background Thread 4 ] DEBUG FXGLAssetLoaderServi - Loading from file system: jar:file:///C:/Users/zorm1/.m2/repository/com/github/almasb/fxgl/11+dev-SNAPSHOT/fxgl-11+dev-SNAPSHOT.jar!/fxglassets/ui/fonts/Abel-Regular.ttf
01:32:02.747 [FXGL Background Thread 4 ] DEBUG FXGLAssetLoaderServi - Loading from file system: jar:file:///C:/Users/zorm1/.m2/repository/com/github/almasb/fxgl/11+dev-SNAPSHOT/fxgl-11+dev-SNAPSHOT.jar!/fxglassets/ui/fonts/lucida_console.ttf
01:32:02.771 [FXGL Background Thread 4 ] DEBUG FXGLAssetLoaderServi - Loading from file system: jar:file:///C:/Users/zorm1/.m2/repository/com/github/almasb/fxgl/11+dev-SNAPSHOT/fxgl-11+dev-SNAPSHOT.jar!/fxglassets/ui/fonts/Courier-Prime.ttf
01:32:02.785 [JavaFX Application Thread] DEBUG FXGLApplication      - Registering font factories with UI factory
01:32:03.147 [FXGL Background Thread 2 ] INFO  UpdaterService       - Your current version:  11+dev-SNAPSHOT
01:32:03.148 [FXGL Background Thread 2 ] INFO  UpdaterService       - Latest stable version: 11.17
01:32:05.667 [FXGL Background Thread 3 ] DEBUG Engine               - Logging environment variables
01:32:05.667 [FXGL Background Thread 3 ] DEBUG Engine               - achievements: []
01:32:05.667 [FXGL Background Thread 3 ] DEBUG Engine               - actualHeight: 720.0
01:32:05.667 [FXGL Background Thread 3 ] DEBUG Engine               - actualHeightProperty: ReadOnlyDoubleProperty [value: 720.0]
01:32:05.668 [FXGL Background Thread 3 ] DEBUG Engine               - actualWidth: 1280.0
01:32:05.668 [FXGL Background Thread 3 ] DEBUG Engine               - actualWidthProperty: ReadOnlyDoubleProperty [value: 1280.0]
01:32:05.668 [FXGL Background Thread 3 ] DEBUG Engine               - appIcon: fxgl_icon.png
01:32:05.668 [FXGL Background Thread 3 ] DEBUG Engine               - applicationMode: DEVELOPER
01:32:05.668 [FXGL Background Thread 3 ] DEBUG Engine               - cSSList: [fxgl_dark.css]
01:32:05.668 [FXGL Background Thread 3 ] DEBUG Engine               - collisionDetectionStrategy: BRUTE_FORCE
01:32:05.669 [FXGL Background Thread 3 ] DEBUG Engine               - configClass: Optional.empty
01:32:05.669 [FXGL Background Thread 3 ] DEBUG Engine               - credits: []
01:32:05.669 [FXGL Background Thread 3 ] DEBUG Engine               - defaultCursor: CursorInfo(imageName=fxgl_default_cursor.png, hotspotX=7.0, hotspotY=6.0)
01:32:05.669 [FXGL Background Thread 3 ] DEBUG Engine               - devBBoxColorProperty: ObjectProperty [value: 0xff0000ff]
01:32:05.669 [FXGL Background Thread 3 ] DEBUG Engine               - devEnableDebugCameraProperty: BooleanProperty [value: false]
01:32:05.669 [FXGL Background Thread 3 ] DEBUG Engine               - devSensorColorProperty: ObjectProperty [value: 0xffff00ff]
01:32:05.669 [FXGL Background Thread 3 ] DEBUG Engine               - devShowBBoxProperty: BooleanProperty [value: false]
01:32:05.670 [FXGL Background Thread 3 ] DEBUG Engine               - devShowPositionProperty: BooleanProperty [value: false]
01:32:05.670 [FXGL Background Thread 3 ] DEBUG Engine               - enabledMenuItems: []
01:32:05.670 [FXGL Background Thread 3 ] DEBUG Engine               - engineServices: [class com.almasb.fxgl.app.services.FXGLAssetLoaderService, class com.almasb.fxgl.app.FXGLApplication$GameApplicationService, class com.almasb.fxgl.app.services.FXGLDialogService, class com.almasb.fxgl.app.services.IOTaskExecutorService, class com.almasb.fxgl.io.FileSystemService, class com.almasb.fxgl.localization.LocalizationService, class com.almasb.fxgl.app.services.SystemBundleService, class com.almasb.fxgl.profile.SaveLoadService, class com.almasb.fxgl.ui.FXGLUIFactoryServiceProvider, class com.almasb.fxgl.ui.FXGLDialogFactoryServiceProvider, class com.almasb.fxgl.audio.AudioPlayer, class com.almasb.fxgl.notification.impl.NotificationServiceProvider, class com.almasb.fxgl.achievement.AchievementService, class com.almasb.fxgl.cutscene.CutsceneService, class com.almasb.fxgl.minigames.MiniGameService, class com.almasb.fxgl.net.NetService, class com.almasb.fxgl.app.services.UpdaterService, class com.almasb.fxgl.dev.DevService]
01:32:05.670 [FXGL Background Thread 3 ] DEBUG Engine               - fontGame: Abel-Regular.ttf
01:32:05.670 [FXGL Background Thread 3 ] DEBUG Engine               - fontMono: lucida_console.ttf
01:32:05.670 [FXGL Background Thread 3 ] DEBUG Engine               - fontText: Courier-Prime.ttf
01:32:05.670 [FXGL Background Thread 3 ] DEBUG Engine               - fontUI: VarelaRound-Regular.ttf
01:32:05.670 [FXGL Background Thread 3 ] DEBUG Engine               - fullScreen: BooleanProperty [value: false]
01:32:05.670 [FXGL Background Thread 3 ] DEBUG Engine               - gameDifficulty: MEDIUM
01:32:05.671 [FXGL Background Thread 3 ] DEBUG Engine               - gameDifficultyProperty: ObjectProperty [value: MEDIUM]
01:32:05.671 [FXGL Background Thread 3 ] DEBUG Engine               - globalMusicVolume: 0.5
01:32:05.671 [FXGL Background Thread 3 ] DEBUG Engine               - globalMusicVolumeProperty: DoubleProperty [value: 0.5]
01:32:05.671 [FXGL Background Thread 3 ] DEBUG Engine               - globalSoundVolume: 0.5
01:32:05.671 [FXGL Background Thread 3 ] DEBUG Engine               - globalSoundVolumeProperty: DoubleProperty [value: 0.5]
01:32:05.671 [FXGL Background Thread 3 ] DEBUG Engine               - height: 720
01:32:05.671 [FXGL Background Thread 3 ] DEBUG Engine               - is3D: false
01:32:05.671 [FXGL Background Thread 3 ] DEBUG Engine               - isAndroid: false
01:32:05.671 [FXGL Background Thread 3 ] DEBUG Engine               - isBrowser: false
01:32:05.672 [FXGL Background Thread 3 ] DEBUG Engine               - isClickFeedbackEnabled: false
01:32:05.672 [FXGL Background Thread 3 ] DEBUG Engine               - isCloseConfirmation: false
01:32:05.672 [FXGL Background Thread 3 ] DEBUG Engine               - isDesktop: true
01:32:05.672 [FXGL Background Thread 3 ] DEBUG Engine               - isDeveloperMenuEnabled: false
01:32:05.672 [FXGL Background Thread 3 ] DEBUG Engine               - isEmbedded: false
01:32:05.672 [FXGL Background Thread 3 ] DEBUG Engine               - isEntityPreloadEnabled: true
01:32:05.672 [FXGL Background Thread 3 ] DEBUG Engine               - isExperimentalTiledLargeMap: false
01:32:05.672 [FXGL Background Thread 3 ] DEBUG Engine               - isFileSystemWriteAllowed: true
01:32:05.672 [FXGL Background Thread 3 ] DEBUG Engine               - isFullScreenAllowed: false
01:32:05.673 [FXGL Background Thread 3 ] DEBUG Engine               - isFullScreenFromStart: false
01:32:05.673 [FXGL Background Thread 3 ] DEBUG Engine               - isGameMenuEnabled: true
01:32:05.673 [FXGL Background Thread 3 ] DEBUG Engine               - isIOS: false
01:32:05.673 [FXGL Background Thread 3 ] DEBUG Engine               - isIntroEnabled: false
01:32:05.673 [FXGL Background Thread 3 ] DEBUG Engine               - isLinux: false
01:32:05.673 [FXGL Background Thread 3 ] DEBUG Engine               - isMac: false
01:32:05.673 [FXGL Background Thread 3 ] DEBUG Engine               - isMainMenuEnabled: true
01:32:05.674 [FXGL Background Thread 3 ] DEBUG Engine               - isManualResizeEnabled: true
01:32:05.674 [FXGL Background Thread 3 ] DEBUG Engine               - isMobile: false
01:32:05.674 [FXGL Background Thread 3 ] DEBUG Engine               - isNative: false
01:32:05.674 [FXGL Background Thread 3 ] DEBUG Engine               - isPauseMusicWhenMinimized: true
01:32:05.674 [FXGL Background Thread 3 ] DEBUG Engine               - isPreserveResizeRatio: true
01:32:05.674 [FXGL Background Thread 3 ] DEBUG Engine               - isProfilingEnabled: false
01:32:05.674 [FXGL Background Thread 3 ] DEBUG Engine               - isScaleAffectedOnResize: true
01:32:05.674 [FXGL Background Thread 3 ] DEBUG Engine               - isSingleStep: false
01:32:05.674 [FXGL Background Thread 3 ] DEBUG Engine               - isUserProfileEnabled: false
01:32:05.674 [FXGL Background Thread 3 ] DEBUG Engine               - isWindows: true
01:32:05.675 [FXGL Background Thread 3 ] DEBUG Engine               - language: ObjectProperty [value: ENGLISH]
01:32:05.675 [FXGL Background Thread 3 ] DEBUG Engine               - menuKey: ESCAPE
01:32:05.675 [FXGL Background Thread 3 ] DEBUG Engine               - mouseSensitivity: 0.2
01:32:05.675 [FXGL Background Thread 3 ] DEBUG Engine               - notificationViewClass: class com.almasb.fxgl.notification.view.XboxNotificationView
01:32:05.675 [FXGL Background Thread 3 ] DEBUG Engine               - pixelsPerMeter: 50.0
01:32:05.675 [FXGL Background Thread 3 ] DEBUG Engine               - platform: WINDOWS
01:32:05.675 [FXGL Background Thread 3 ] DEBUG Engine               - prefHeightProperty: ReadOnlyDoubleProperty [value: 720.0]
01:32:05.675 [FXGL Background Thread 3 ] DEBUG Engine               - prefWidthProperty: ReadOnlyDoubleProperty [value: 1280.0]
01:32:05.675 [FXGL Background Thread 3 ] DEBUG Engine               - profileDir: profiles/
01:32:05.676 [FXGL Background Thread 3 ] DEBUG Engine               - profileName: StringProperty [value: DEFAULT]
01:32:05.676 [FXGL Background Thread 3 ] DEBUG Engine               - randomSeed: -1
01:32:05.676 [FXGL Background Thread 3 ] DEBUG Engine               - runtimeInfo: RuntimeInfo(platform=WINDOWS, version=11+dev-SNAPSHOT, build=28.11.2021 18.20)
01:32:05.676 [FXGL Background Thread 3 ] DEBUG Engine               - saveFileExt: sav
01:32:05.676 [FXGL Background Thread 3 ] DEBUG Engine               - scaledHeightProp$fxgl: DoubleProperty [bound, value: 720.0]
01:32:05.676 [FXGL Background Thread 3 ] DEBUG Engine               - scaledWidthProp$fxgl: DoubleProperty [bound, value: 1280.0]
01:32:05.676 [FXGL Background Thread 3 ] DEBUG Engine               - sceneFactory: ui.RTAISceneFactory@77d351c2
01:32:05.676 [FXGL Background Thread 3 ] DEBUG Engine               - secondsIn24h: 60
01:32:05.676 [FXGL Background Thread 3 ] DEBUG Engine               - soundMenuBack: menu/back.wav
01:32:05.676 [FXGL Background Thread 3 ] DEBUG Engine               - soundMenuPress: menu/press.wav
01:32:05.676 [FXGL Background Thread 3 ] DEBUG Engine               - soundMenuSelect: menu/select.wav
01:32:05.677 [FXGL Background Thread 3 ] DEBUG Engine               - soundNotification: core/notification.wav
01:32:05.677 [FXGL Background Thread 3 ] DEBUG Engine               - stageStyle: DECORATED
01:32:05.677 [FXGL Background Thread 3 ] DEBUG Engine               - supportedLanguages: [ENGLISH, FRENCH, GERMAN, HUNGARIAN, RUSSIAN]
01:32:05.677 [FXGL Background Thread 3 ] DEBUG Engine               - ticksPerSecond: -1
01:32:05.677 [FXGL Background Thread 3 ] DEBUG Engine               - title: RTAIparty
01:32:05.677 [FXGL Background Thread 3 ] DEBUG Engine               - urlGithub: https://github.com/AlmasB/FXGL
01:32:05.677 [FXGL Background Thread 3 ] DEBUG Engine               - urlLeaderboard: http://fxgl-top.herokuapp.com/
01:32:05.677 [FXGL Background Thread 3 ] DEBUG Engine               - urlPOM: https://raw.githubusercontent.com/AlmasB/FXGL/release/README.md
01:32:05.677 [FXGL Background Thread 3 ] DEBUG Engine               - userAppClass: class com.almasb.fxglgames.RTAIparty.RTAIpartyApp
01:32:05.677 [FXGL Background Thread 3 ] DEBUG Engine               - version: 1.0
01:32:05.678 [FXGL Background Thread 3 ] DEBUG Engine               - versionCheckDays: 7
01:32:05.678 [FXGL Background Thread 3 ] DEBUG Engine               - width: 1280
01:32:05.678 [FXGL Background Thread 3 ] DEBUG Engine               - Logging services
01:32:05.678 [FXGL Background Thread 3 ] DEBUG Engine               - class com.almasb.fxgl.app.services.FXGLAssetLoaderService
01:32:05.678 [FXGL Background Thread 3 ] DEBUG Engine               - class com.almasb.fxgl.app.FXGLApplication$GameApplicationService
01:32:05.678 [FXGL Background Thread 3 ] DEBUG Engine               - class com.almasb.fxgl.app.services.FXGLDialogService
01:32:05.678 [FXGL Background Thread 3 ] DEBUG Engine               - class com.almasb.fxgl.app.services.IOTaskExecutorService
01:32:05.678 [FXGL Background Thread 3 ] DEBUG Engine               - class com.almasb.fxgl.io.FileSystemService
01:32:05.678 [FXGL Background Thread 3 ] DEBUG Engine               - class com.almasb.fxgl.localization.LocalizationService
01:32:05.678 [FXGL Background Thread 3 ] DEBUG Engine               - class com.almasb.fxgl.app.services.SystemBundleService
01:32:05.678 [FXGL Background Thread 3 ] DEBUG Engine               - class com.almasb.fxgl.profile.SaveLoadService
01:32:05.679 [FXGL Background Thread 3 ] DEBUG Engine               - class com.almasb.fxgl.ui.FXGLUIFactoryServiceProvider
01:32:05.679 [FXGL Background Thread 3 ] DEBUG Engine               - class com.almasb.fxgl.ui.FXGLDialogFactoryServiceProvider
01:32:05.679 [FXGL Background Thread 3 ] DEBUG Engine               - class com.almasb.fxgl.audio.AudioPlayer
01:32:05.679 [FXGL Background Thread 3 ] DEBUG Engine               - class com.almasb.fxgl.notification.impl.NotificationServiceProvider
01:32:05.679 [FXGL Background Thread 3 ] DEBUG Engine               - class com.almasb.fxgl.achievement.AchievementService
01:32:05.679 [FXGL Background Thread 3 ] DEBUG Engine               - class com.almasb.fxgl.cutscene.CutsceneService
01:32:05.679 [FXGL Background Thread 3 ] DEBUG Engine               - class com.almasb.fxgl.minigames.MiniGameService
01:32:05.679 [FXGL Background Thread 3 ] DEBUG Engine               - class com.almasb.fxgl.net.NetService
01:32:05.679 [FXGL Background Thread 3 ] DEBUG Engine               - class com.almasb.fxgl.app.services.UpdaterService
01:32:05.679 [FXGL Background Thread 3 ] DEBUG Engine               - class com.almasb.fxgl.dev.DevService
01:32:06.174 [JavaFX Application Thread] DEBUG Menu                 - fireNewGame()
01:32:06.174 [JavaFX Application Thread] DEBUG GameApplicationServi - Starting new game
01:32:06.174 [JavaFX Application Thread] DEBUG PrimaryStageWindow   - Pop state: RTAIpartyMainMenu
01:32:06.175 [JavaFX Application Thread] DEBUG Input                - Clearing active input actions
01:32:06.175 [JavaFX Application Thread] DEBUG GameApplicationServi - Removing overlay from RTAIpartyMainMenu and adding to FXGLMainMenuDummyScene
01:32:06.175 [JavaFX Application Thread] DEBUG PrimaryStageWindow   - FXGLMainMenuDummyScene <- RTAIpartyMainMenu
01:32:06.175 [JavaFX Application Thread] DEBUG Input                - Clearing active input actions
01:32:06.179 [JavaFX Application Thread] DEBUG GameApplicationServi - Removing overlay from FXGLMainMenuDummyScene and adding to FXGLLoadingScene
01:32:06.179 [JavaFX Application Thread] DEBUG PrimaryStageWindow   - FXGLMainMenuDummyScene -> FXGLLoadingScene
01:32:06.179 [JavaFX Application Thread] DEBUG GameApplicationServi - Clearing previous game
01:32:06.180 [JavaFX Application Thread] DEBUG GameScene            - Clearing game scene
01:32:06.180 [JavaFX Application Thread] DEBUG GameWorld            - Clearing game world
01:32:06.180 [JavaFX Application Thread] DEBUG PhysicsWorld         - Clearing physics world
01:32:06.181 [FXGL Background Thread 2 ] DEBUG FXGLApplication      - Initializing game
01:32:06.182 [FXGL Background Thread 2 ] INFO  FXGLApplication      - Game initialization took: 0,001 sec
01:32:06.186 [JavaFX Application Thread] DEBUG GameWorld            - Game world initialized
01:32:06.187 [JavaFX Application Thread] DEBUG PhysicsWorld         - Physics world initialized: appHeight=720, physics.ppm=50,0
01:32:06.187 [JavaFX Application Thread] DEBUG PhysicsWorld         - Using strategy: BRUTE_FORCE
01:32:06.187 [JavaFX Application Thread] DEBUG GameScene            - Game scene initialized: 1280x720
01:32:06.187 [JavaFX Application Thread] DEBUG Input                - Registered new binding: Fin - E
01:32:06.188 [JavaFX Application Thread] DEBUG Input                - Registered new binding: Up - Up
01:32:06.188 [JavaFX Application Thread] DEBUG Input                - Registered new binding: Down - Down
01:32:06.188 [JavaFX Application Thread] DEBUG Input                - Registered new binding: Left - Left
01:32:06.188 [JavaFX Application Thread] DEBUG Input                - Registered new binding: Right - Right
01:32:06.188 [JavaFX Application Thread] DEBUG Input                - Registered new binding: Start - Enter
01:32:06.194 [JavaFX Application Thread] DEBUG FXGLAssetLoaderServi - Loading from file system: file:/C:/Users/zorm1/eclipse-workspace/RTAIparty/target/classes/assets/textures/background/decordodge.png
01:32:06.212 [JavaFX Application Thread] DEBUG FXGLAssetLoaderServi - Loading from file system: file:/C:/Users/zorm1/eclipse-workspace/RTAIparty/target/classes/assets/textures/garcon_blond_dodge.png
01:32:06.238 [JavaFX Application Thread] DEBUG Input                - Clearing active input actions
01:32:06.243 [JavaFX Application Thread] DEBUG GameApplicationServi - Removing overlay from FXGLLoadingScene and adding to GameScene
01:32:06.244 [JavaFX Application Thread] DEBUG PrimaryStageWindow   - FXGLLoadingScene -> GameScene
01:32:06.249 [JavaFX Application Thread] DEBUG PrimaryStageWindow   - Push state: DodgeSubScene
01:32:06.250 [JavaFX Application Thread] DEBUG Input                - Clearing active input actions
01:32:06.250 [JavaFX Application Thread] DEBUG GameApplicationServi - Removing overlay from GameScene and adding to DodgeSubScene
01:32:06.250 [JavaFX Application Thread] DEBUG PrimaryStageWindow   - GameScene -> DodgeSubScene
01:32:07.061 [JavaFX Application Thread] DEBUG PrimaryStageWindow   - Pop state: DodgeSubScene
01:32:07.061 [JavaFX Application Thread] DEBUG Input                - Clearing active input actions
01:32:07.062 [JavaFX Application Thread] DEBUG GameApplicationServi - Removing overlay from DodgeSubScene and adding to GameScene
01:32:07.062 [JavaFX Application Thread] DEBUG PrimaryStageWindow   - GameScene <- DodgeSubScene
01:32:07.063 [JavaFX Application Thread] DEBUG GameWorld            - Game world initialized
01:32:07.064 [JavaFX Application Thread] DEBUG PhysicsWorld         - Physics world initialized: appHeight=720, physics.ppm=50,0
01:32:07.064 [JavaFX Application Thread] DEBUG PhysicsWorld         - Using strategy: BRUTE_FORCE
01:32:07.064 [JavaFX Application Thread] DEBUG GameScene            - Game scene initialized: 1280x720
01:32:07.064 [JavaFX Application Thread] DEBUG Input                - Registered new binding: Fin - E
01:32:07.064 [JavaFX Application Thread] DEBUG Input                - Registered new binding: Up - Up
01:32:07.064 [JavaFX Application Thread] DEBUG Input                - Registered new binding: Down - Down
01:32:07.065 [JavaFX Application Thread] DEBUG Input                - Registered new binding: Left - Left
01:32:07.065 [JavaFX Application Thread] DEBUG Input                - Registered new binding: Right - Right
01:32:07.065 [JavaFX Application Thread] DEBUG Input                - Registered new binding: Start - Enter
01:32:07.068 [JavaFX Application Thread] DEBUG FXGLAssetLoaderServi - Loading from file system: file:/C:/Users/zorm1/eclipse-workspace/RTAIparty/target/classes/assets/textures/garcon_brun_dodge.png
01:32:07.069 [JavaFX Application Thread] DEBUG PrimaryStageWindow   - Push state: DodgeSubScene
01:32:07.070 [JavaFX Application Thread] DEBUG Input                - Clearing active input actions
01:32:07.070 [JavaFX Application Thread] DEBUG GameApplicationServi - Removing overlay from GameScene and adding to DodgeSubScene
01:32:07.070 [JavaFX Application Thread] DEBUG PrimaryStageWindow   - GameScene -> DodgeSubScene
01:32:07.190 [JavaFX Application Thread] DEBUG PrimaryStageWindow   - Pop state: DodgeSubScene
01:32:07.190 [JavaFX Application Thread] DEBUG Input                - Clearing active input actions
01:32:07.190 [JavaFX Application Thread] DEBUG GameApplicationServi - Removing overlay from DodgeSubScene and adding to GameScene
01:32:07.191 [JavaFX Application Thread] DEBUG PrimaryStageWindow   - GameScene <- DodgeSubScene
01:32:07.192 [JavaFX Application Thread] DEBUG GameWorld            - Game world initialized
01:32:07.193 [JavaFX Application Thread] DEBUG PhysicsWorld         - Physics world initialized: appHeight=720, physics.ppm=50,0
01:32:07.194 [JavaFX Application Thread] DEBUG PhysicsWorld         - Using strategy: BRUTE_FORCE
01:32:07.194 [JavaFX Application Thread] DEBUG GameScene            - Game scene initialized: 1280x720
01:32:07.197 [JavaFX Application Thread] DEBUG PrimaryStageWindow   - Push state: EndgameSubScene
01:32:07.198 [JavaFX Application Thread] DEBUG Input                - Clearing active input actions
01:32:07.198 [JavaFX Application Thread] DEBUG GameApplicationServi - Removing overlay from GameScene and adding to EndgameSubScene
01:32:07.200 [JavaFX Application Thread] DEBUG PrimaryStageWindow   - GameScene -> EndgameSubScene
01:32:09.773 [JavaFX Application Thread] DEBUG FXGLApplication      - Exiting FXGL
01:32:09.773 [JavaFX Application Thread] DEBUG LoopRunner           - Stopping loop
01:32:09.773 [JavaFX Application Thread] DEBUG SystemBundleService  - Saving FXGL system data
01:32:09.775 [JavaFX Application Thread] DEBUG FileSystemAccess     - Writing to: C:\Users\zorm1\eclipse-workspace\RTAIparty\system\fxgl.bundle
01:32:09.776 [JavaFX Application Thread] DEBUG Async                - Shutting down background threads
01:32:09.776 [JavaFX Application Thread] DEBUG PrimaryStageWindow   - Closing main window
01:32:09.784 [JavaFX Application Thread] DEBUG Logger               - Closing Logger
