17:20:28.124 [main                     ] DEBUG Logger               - Configured Logger
17:20:28.186 [main                     ] DEBUG GameApplication      - Logging settings
Title: RTAIparty
Version: 1.0
Width: 1280
Height: 720
Fullscreen: false
Intro: false
Profiling: false
Single step:false
App Mode: DEVELOPER
Menu Key: ESCAPE
Stage Style: DECORATED
Scene Factory: class ui.RTAISceneFactory

17:20:29.224 [JavaFX Application Thread] DEBUG FXGLApplication      - Initializing FXGL
17:20:29.229 [JavaFX Application Thread] INFO  Engine               - FXGL-11.17 (16.07.2021 15.46) on MAC (J:13.0.2 FX:16)
17:20:29.230 [JavaFX Application Thread] DEBUG Engine               - JRE Vendor Name: Oracle Corporation
17:20:29.232 [JavaFX Application Thread] DEBUG Engine               - Running on OS: Mac OS X version 10.16
17:20:29.232 [JavaFX Application Thread] DEBUG Engine               - Architecture: x86_64
17:20:29.233 [JavaFX Application Thread] INFO  Engine               - Source code and latest versions at: https://github.com/AlmasB/FXGL
17:20:29.234 [JavaFX Application Thread] INFO  Engine               -              Join the FXGL chat at: https://gitter.im/AlmasB/FXGL
17:20:29.496 [JavaFX Application Thread] DEBUG PrimaryStageWindow   - Creating a JavaFX scene
17:20:29.613 [JavaFX Application Thread] DEBUG PrimaryStageWindow   - Target settings size: 1280.0 x 720.0
17:20:29.613 [JavaFX Application Thread] DEBUG PrimaryStageWindow   - Scaled scene size:    1280.0 x 720.0
17:20:29.614 [JavaFX Application Thread] DEBUG PrimaryStageWindow   - Scaled ratio: (1.0, 1.0)
17:20:29.615 [JavaFX Application Thread] DEBUG PrimaryStageWindow   - Set initial scene to FXGLStartupScene
17:20:29.627 [JavaFX Application Thread] DEBUG PrimaryStageWindow   - Opening main window
17:20:29.808 [JavaFX Application Thread] DEBUG PrimaryStageWindow   - Window border size: (0.0, 28.0)
17:20:29.808 [JavaFX Application Thread] DEBUG PrimaryStageWindow   - Scaled size: 1280.0 x 720.0
17:20:29.809 [JavaFX Application Thread] DEBUG PrimaryStageWindow   - Scaled ratio: (1.0, 1.0)
17:20:29.809 [JavaFX Application Thread] DEBUG PrimaryStageWindow   - Scene size: 1280.0 x 720.0
17:20:29.810 [JavaFX Application Thread] DEBUG PrimaryStageWindow   - Stage size: 1280.0 x 748.0
17:20:29.823 [FXGL Background Thread 1 ] DEBUG Engine               - Initializing environment variables
17:20:29.972 [FXGL Background Thread 1 ] DEBUG FXGLAssetLoaderServi - User app class for loading assets: class com.almasb.fxglgames.RTAIparty.RTAIpartyApp
17:20:29.973 [FXGL Background Thread 1 ] DEBUG GameApplicationServi - Applying CSS: fxgl_dark.css
17:20:29.974 [FXGL Background Thread 1 ] DEBUG FXGLAssetLoaderServi - Loading from file system: jar:file:///Users/mehnounekheira/.m2/repository/com/github/almasb/fxgl/11.17/fxgl-11.17.jar!/fxglassets/ui/css/fxgl_dark.css
17:20:30.077 [FXGL Background Thread 1 ] DEBUG GameApplicationServi - Initializing application scenes
17:20:30.726 [FXGL Background Thread 1 ] DEBUG GameWorld            - Game world initialized
17:20:30.832 [FXGL Background Thread 1 ] DEBUG PhysicsWorld         - Physics world initialized: appHeight=720, physics.ppm=50,0
17:20:30.833 [FXGL Background Thread 1 ] DEBUG PhysicsWorld         - Using strategy: BRUTE_FORCE
17:20:30.839 [FXGL Background Thread 1 ] DEBUG GameScene            - Game scene initialized: 1280x720
17:20:30.853 [FXGL Background Thread 1 ] DEBUG FXGLAssetLoaderServi - Loading from file system: file:/Users/mehnounekheira/eclipse-workspace/RTAIparty/target/classes/assets/textures/garcon_blond.png
17:20:30.894 [FXGL Background Thread 1 ] DEBUG FXGLAssetLoaderServi - Loading from file system: file:/Users/mehnounekheira/eclipse-workspace/RTAIparty/target/classes/assets/textures/garcon_brun.png
17:20:30.897 [FXGL Background Thread 1 ] DEBUG FXGLAssetLoaderServi - Loading from file system: file:/Users/mehnounekheira/eclipse-workspace/RTAIparty/target/classes/assets/textures/fille_blonde.png
17:20:30.900 [FXGL Background Thread 1 ] DEBUG FXGLAssetLoaderServi - Loading from file system: file:/Users/mehnounekheira/eclipse-workspace/RTAIparty/target/classes/assets/textures/fille_brune.png
17:20:30.904 [FXGL Background Thread 1 ] DEBUG FXGLAssetLoaderServi - Loading from file system: file:/Users/mehnounekheira/eclipse-workspace/RTAIparty/target/classes/assets/textures/background/classe.png
17:20:31.031 [FXGL Background Thread 1 ] DEBUG FXGLAssetLoaderServi - Loading from file system: file:/Users/mehnounekheira/eclipse-workspace/RTAIparty/target/classes/assets/textures/tableau.png
17:20:31.056 [FXGL Background Thread 1 ] DEBUG FXGLAssetLoaderServi - Loading from file system: file:/Users/mehnounekheira/eclipse-workspace/RTAIparty/target/classes/assets/textures/table.png
17:20:31.085 [FXGL Background Thread 1 ] DEBUG FXGL.DefaultMenu     - createMenuBodyGameMenu()
17:20:31.108 [FXGL Background Thread 1 ] DEBUG FXGL.DefaultMenu     - createOptionsMenu()
17:20:31.116 [FXGL Background Thread 1 ] DEBUG FXGLAssetLoaderServi - Loading from file system: jar:file:///Users/mehnounekheira/.m2/repository/com/github/almasb/fxgl/11.17/fxgl-11.17.jar!/fxglassets/textures/particles/smoke.png
17:20:31.266 [FXGL Background Thread 1 ] DEBUG FXGLAssetLoaderServi - Loading from file system: jar:file:///Users/mehnounekheira/.m2/repository/com/github/almasb/fxgl/11.17/fxgl-11.17.jar!/fxglassets/textures/particles/trace_horizontal.png
17:20:31.303 [FXGL Background Thread 1 ] DEBUG GameApplicationServi - Application scenes initialized
17:20:31.320 [FXGL Background Thread 1 ] DEBUG SystemBundleService  - Loading FXGL system data
17:20:31.329 [FXGL Background Thread 1 ] DEBUG FileSystemAccess     - Reading from: /Users/mehnounekheira/eclipse-workspace/RTAIparty/system/fxgl.bundle
17:20:31.346 [FXGL Background Thread 1 ] DEBUG SystemBundleService  - Bundle FXGL: {}
17:20:31.347 [FXGL Background Thread 1 ] DEBUG UpdaterService       - Checking for updates
17:20:31.354 [FXGL Background Thread 4 ] DEBUG FXGLApplication      - Loading fonts
17:20:31.355 [FXGL Background Thread 1 ] DEBUG FXGLApplication      - Loading default localization
17:20:31.355 [FXGL Background Thread 4 ] DEBUG FXGLAssetLoaderServi - Loading from file system: jar:file:///Users/mehnounekheira/.m2/repository/com/github/almasb/fxgl/11.17/fxgl-11.17.jar!/fxglassets/ui/fonts/VarelaRound-Regular.ttf
17:20:31.356 [FXGL Background Thread 1 ] DEBUG FXGLAssetLoaderServi - Loading from file system: jar:file:///Users/mehnounekheira/.m2/repository/com/github/almasb/fxgl/11.17/fxgl-11.17.jar!/fxglassets/languages/english.lang
17:20:31.384 [FXGL Background Thread 1 ] INFO  FXGLApplication      - FXGL initialization took: 1,561 sec
17:20:31.393 [JavaFX Application Thread] DEBUG Input                - Registered new binding: clic - LMB
17:20:31.410 [JavaFX Application Thread] DEBUG Input                - Registered new binding: test - E
17:20:31.411 [FXGL Background Thread 4 ] DEBUG FXGLAssetLoaderServi - Loading from file system: jar:file:///Users/mehnounekheira/.m2/repository/com/github/almasb/fxgl/11.17/fxgl-11.17.jar!/fxglassets/ui/fonts/Abel-Regular.ttf
17:20:31.428 [FXGL Background Thread 4 ] DEBUG FXGLAssetLoaderServi - Loading from file system: jar:file:///Users/mehnounekheira/.m2/repository/com/github/almasb/fxgl/11.17/fxgl-11.17.jar!/fxglassets/ui/fonts/lucida_console.ttf
17:20:31.436 [FXGL Background Thread 4 ] DEBUG FXGLAssetLoaderServi - Loading from file system: jar:file:///Users/mehnounekheira/.m2/repository/com/github/almasb/fxgl/11.17/fxgl-11.17.jar!/fxglassets/ui/fonts/Courier-Prime.ttf
17:20:31.453 [JavaFX Application Thread] DEBUG FXGLAssetLoaderServi - Loading from file system: jar:file:///Users/mehnounekheira/.m2/repository/com/github/almasb/fxgl/11.17/fxgl-11.17.jar!/fxglassets/textures/fxgl_default_cursor.png
17:20:31.457 [JavaFX Application Thread] DEBUG Input                - Registered new binding: Screenshot - CTRL+8
17:20:31.458 [JavaFX Application Thread] DEBUG Input                - Registered new binding: System info dump - CTRL+9
17:20:31.458 [JavaFX Application Thread] DEBUG Input                - Registered new binding: Restart - CTRL+R
17:20:31.459 [JavaFX Application Thread] DEBUG Input                - Registered new binding: Toggle Debug Camera - CTRL+C
17:20:31.463 [JavaFX Application Thread] DEBUG LoopRunner           - Starting loop
17:20:31.464 [JavaFX Application Thread] DEBUG LoopRunner           - Initializing JavaFX AnimationTimerLoop
17:20:31.468 [JavaFX Application Thread] DEBUG Input                - Clearing active input actions
17:20:31.481 [JavaFX Application Thread] DEBUG GameApplicationServi - Removing overlay from FXGLStartupScene and adding to FXGLMainMenuDummyScene
17:20:31.482 [JavaFX Application Thread] DEBUG PrimaryStageWindow   - FXGLStartupScene -> FXGLMainMenuDummyScene
17:20:31.483 [JavaFX Application Thread] DEBUG PrimaryStageWindow   - Push state: RTAIpartyMainMenu
17:20:31.483 [JavaFX Application Thread] DEBUG Input                - Clearing active input actions
17:20:31.490 [JavaFX Application Thread] DEBUG GameApplicationServi - Removing overlay from FXGLMainMenuDummyScene and adding to RTAIpartyMainMenu
17:20:31.491 [JavaFX Application Thread] DEBUG PrimaryStageWindow   - FXGLMainMenuDummyScene -> RTAIpartyMainMenu
17:20:31.550 [JavaFX Application Thread] DEBUG FXGLApplication      - Registering font factories with UI factory
17:20:34.352 [FXGL Background Thread 3 ] DEBUG Engine               - Logging environment variables
17:20:34.354 [FXGL Background Thread 3 ] DEBUG Engine               - achievements: []
17:20:34.354 [FXGL Background Thread 3 ] DEBUG Engine               - actualHeight: 720.0
17:20:34.355 [FXGL Background Thread 3 ] DEBUG Engine               - actualHeightProperty: ReadOnlyDoubleProperty [value: 720.0]
17:20:34.355 [FXGL Background Thread 3 ] DEBUG Engine               - actualWidth: 1280.0
17:20:34.356 [FXGL Background Thread 3 ] DEBUG Engine               - actualWidthProperty: ReadOnlyDoubleProperty [value: 1280.0]
17:20:34.356 [FXGL Background Thread 3 ] DEBUG Engine               - appIcon: fxgl_icon.png
17:20:34.357 [FXGL Background Thread 3 ] DEBUG Engine               - applicationMode: DEVELOPER
17:20:34.357 [FXGL Background Thread 3 ] DEBUG Engine               - cSSList: [fxgl_dark.css]
17:20:34.357 [FXGL Background Thread 3 ] DEBUG Engine               - collisionDetectionStrategy: BRUTE_FORCE
17:20:34.358 [FXGL Background Thread 3 ] DEBUG Engine               - configClass: Optional.empty
17:20:34.358 [FXGL Background Thread 3 ] DEBUG Engine               - credits: []
17:20:34.359 [FXGL Background Thread 3 ] DEBUG Engine               - defaultCursor: CursorInfo(imageName=fxgl_default_cursor.png, hotspotX=7.0, hotspotY=6.0)
17:20:34.360 [FXGL Background Thread 3 ] DEBUG Engine               - devBBoxColorProperty: ObjectProperty [value: 0xff0000ff]
17:20:34.360 [FXGL Background Thread 3 ] DEBUG Engine               - devEnableDebugCameraProperty: BooleanProperty [value: false]
17:20:34.361 [FXGL Background Thread 3 ] DEBUG Engine               - devSensorColorProperty: ObjectProperty [value: 0xffff00ff]
17:20:34.361 [FXGL Background Thread 3 ] DEBUG Engine               - devShowBBoxProperty: BooleanProperty [value: false]
17:20:34.362 [FXGL Background Thread 3 ] DEBUG Engine               - devShowPositionProperty: BooleanProperty [value: false]
17:20:34.363 [FXGL Background Thread 3 ] DEBUG Engine               - enabledMenuItems: []
17:20:34.364 [FXGL Background Thread 3 ] DEBUG Engine               - engineServices: [class com.almasb.fxgl.app.services.FXGLAssetLoaderService, class com.almasb.fxgl.app.FXGLApplication$GameApplicationService, class com.almasb.fxgl.app.services.FXGLDialogService, class com.almasb.fxgl.app.services.IOTaskExecutorService, class com.almasb.fxgl.io.FileSystemService, class com.almasb.fxgl.localization.LocalizationService, class com.almasb.fxgl.app.services.SystemBundleService, class com.almasb.fxgl.profile.SaveLoadService, class com.almasb.fxgl.ui.FXGLUIFactoryServiceProvider, class com.almasb.fxgl.ui.FXGLDialogFactoryServiceProvider, class com.almasb.fxgl.audio.AudioPlayer, class com.almasb.fxgl.notification.impl.NotificationServiceProvider, class com.almasb.fxgl.achievement.AchievementService, class com.almasb.fxgl.cutscene.CutsceneService, class com.almasb.fxgl.minigames.MiniGameService, class com.almasb.fxgl.net.NetService, class com.almasb.fxgl.app.services.UpdaterService, class com.almasb.fxgl.dev.DevService]
17:20:34.364 [FXGL Background Thread 3 ] DEBUG Engine               - fontGame: Abel-Regular.ttf
17:20:34.364 [FXGL Background Thread 3 ] DEBUG Engine               - fontMono: lucida_console.ttf
17:20:34.365 [FXGL Background Thread 3 ] DEBUG Engine               - fontText: Courier-Prime.ttf
17:20:34.365 [FXGL Background Thread 3 ] DEBUG Engine               - fontUI: VarelaRound-Regular.ttf
17:20:34.365 [FXGL Background Thread 3 ] DEBUG Engine               - fullScreen: BooleanProperty [value: false]
17:20:34.366 [FXGL Background Thread 3 ] DEBUG Engine               - gameDifficulty: MEDIUM
17:20:34.366 [FXGL Background Thread 3 ] DEBUG Engine               - gameDifficultyProperty: ObjectProperty [value: MEDIUM]
17:20:34.366 [FXGL Background Thread 3 ] DEBUG Engine               - globalMusicVolume: 0.5
17:20:34.366 [FXGL Background Thread 3 ] DEBUG Engine               - globalMusicVolumeProperty: DoubleProperty [value: 0.5]
17:20:34.367 [FXGL Background Thread 3 ] DEBUG Engine               - globalSoundVolume: 0.5
17:20:34.367 [FXGL Background Thread 3 ] DEBUG Engine               - globalSoundVolumeProperty: DoubleProperty [value: 0.5]
17:20:34.367 [FXGL Background Thread 3 ] DEBUG Engine               - height: 720
17:20:34.368 [FXGL Background Thread 3 ] DEBUG Engine               - is3D: false
17:20:34.368 [FXGL Background Thread 3 ] DEBUG Engine               - isAndroid: false
17:20:34.368 [FXGL Background Thread 3 ] DEBUG Engine               - isBrowser: false
17:20:34.368 [FXGL Background Thread 3 ] DEBUG Engine               - isClickFeedbackEnabled: false
17:20:34.368 [FXGL Background Thread 3 ] DEBUG Engine               - isCloseConfirmation: false
17:20:34.369 [FXGL Background Thread 3 ] DEBUG Engine               - isDesktop: true
17:20:34.369 [FXGL Background Thread 3 ] DEBUG Engine               - isDeveloperMenuEnabled: false
17:20:34.369 [FXGL Background Thread 3 ] DEBUG Engine               - isEntityPreloadEnabled: true
17:20:34.369 [FXGL Background Thread 3 ] DEBUG Engine               - isExperimentalTiledLargeMap: false
17:20:34.369 [FXGL Background Thread 3 ] DEBUG Engine               - isFileSystemWriteAllowed: true
17:20:34.370 [FXGL Background Thread 3 ] DEBUG Engine               - isFullScreenAllowed: false
17:20:34.370 [FXGL Background Thread 3 ] DEBUG Engine               - isFullScreenFromStart: false
17:20:34.370 [FXGL Background Thread 3 ] DEBUG Engine               - isGameMenuEnabled: true
17:20:34.370 [FXGL Background Thread 3 ] DEBUG Engine               - isIOS: false
17:20:34.370 [FXGL Background Thread 3 ] DEBUG Engine               - isIntroEnabled: false
17:20:34.371 [FXGL Background Thread 3 ] DEBUG Engine               - isLinux: false
17:20:34.371 [FXGL Background Thread 3 ] DEBUG Engine               - isMac: true
17:20:34.371 [FXGL Background Thread 3 ] DEBUG Engine               - isMainMenuEnabled: true
17:20:34.371 [FXGL Background Thread 3 ] DEBUG Engine               - isManualResizeEnabled: true
17:20:34.372 [FXGL Background Thread 3 ] DEBUG Engine               - isMobile: false
17:20:34.372 [FXGL Background Thread 3 ] DEBUG Engine               - isNative: false
17:20:34.372 [FXGL Background Thread 3 ] DEBUG Engine               - isPauseMusicWhenMinimized: true
17:20:34.372 [FXGL Background Thread 3 ] DEBUG Engine               - isPreserveResizeRatio: true
17:20:34.373 [FXGL Background Thread 3 ] DEBUG Engine               - isProfilingEnabled: false
17:20:34.373 [FXGL Background Thread 3 ] DEBUG Engine               - isScaleAffectedOnResize: true
17:20:34.374 [FXGL Background Thread 3 ] DEBUG Engine               - isSingleStep: false
17:20:34.375 [FXGL Background Thread 3 ] DEBUG Engine               - isUserProfileEnabled: false
17:20:34.376 [FXGL Background Thread 3 ] DEBUG Engine               - isWindows: false
17:20:34.376 [FXGL Background Thread 3 ] DEBUG Engine               - language: ObjectProperty [value: ENGLISH]
17:20:34.377 [FXGL Background Thread 3 ] DEBUG Engine               - menuKey: ESCAPE
17:20:34.377 [FXGL Background Thread 3 ] DEBUG Engine               - mouseSensitivity: 0.2
17:20:34.377 [FXGL Background Thread 3 ] DEBUG Engine               - notificationViewClass: class com.almasb.fxgl.notification.view.XboxNotificationView
17:20:34.377 [FXGL Background Thread 3 ] DEBUG Engine               - pixelsPerMeter: 50.0
17:20:34.378 [FXGL Background Thread 3 ] DEBUG Engine               - platform: MAC
17:20:34.378 [FXGL Background Thread 3 ] DEBUG Engine               - prefHeightProperty: ReadOnlyDoubleProperty [value: 720.0]
17:20:34.378 [FXGL Background Thread 3 ] DEBUG Engine               - prefWidthProperty: ReadOnlyDoubleProperty [value: 1280.0]
17:20:34.378 [FXGL Background Thread 3 ] DEBUG Engine               - profileDir: profiles/
17:20:34.379 [FXGL Background Thread 3 ] DEBUG Engine               - profileName: StringProperty [value: DEFAULT]
17:20:34.380 [FXGL Background Thread 3 ] DEBUG Engine               - randomSeed: -1
17:20:34.381 [FXGL Background Thread 3 ] DEBUG Engine               - runtimeInfo: RuntimeInfo(platform=MAC, version=11.17, build=16.07.2021 15.46)
17:20:34.381 [FXGL Background Thread 3 ] DEBUG Engine               - saveFileExt: sav
17:20:34.381 [FXGL Background Thread 3 ] DEBUG Engine               - scaledHeightProp$fxgl: DoubleProperty [bound, value: 720.0]
17:20:34.381 [FXGL Background Thread 3 ] DEBUG Engine               - scaledWidthProp$fxgl: DoubleProperty [bound, value: 1280.0]
17:20:34.382 [FXGL Background Thread 3 ] DEBUG Engine               - sceneFactory: ui.RTAISceneFactory@424e01a8
17:20:34.382 [FXGL Background Thread 3 ] DEBUG Engine               - secondsIn24h: 60
17:20:34.382 [FXGL Background Thread 3 ] DEBUG Engine               - soundMenuBack: menu/back.wav
17:20:34.382 [FXGL Background Thread 3 ] DEBUG Engine               - soundMenuPress: menu/press.wav
17:20:34.382 [FXGL Background Thread 3 ] DEBUG Engine               - soundMenuSelect: menu/select.wav
17:20:34.383 [FXGL Background Thread 3 ] DEBUG Engine               - soundNotification: core/notification.wav
17:20:34.383 [FXGL Background Thread 3 ] DEBUG Engine               - stageStyle: DECORATED
17:20:34.383 [FXGL Background Thread 3 ] DEBUG Engine               - supportedLanguages: [ENGLISH, FRENCH, GERMAN, HUNGARIAN, RUSSIAN]
17:20:34.383 [FXGL Background Thread 3 ] DEBUG Engine               - ticksPerSecond: -1
17:20:34.383 [FXGL Background Thread 3 ] DEBUG Engine               - title: RTAIparty
17:20:34.384 [FXGL Background Thread 3 ] DEBUG Engine               - urlGithub: https://github.com/AlmasB/FXGL
17:20:34.384 [FXGL Background Thread 3 ] DEBUG Engine               - urlLeaderboard: http://fxgl-top.herokuapp.com/
17:20:34.384 [FXGL Background Thread 3 ] DEBUG Engine               - urlPOM: https://raw.githubusercontent.com/AlmasB/FXGL/release/README.md
17:20:34.384 [FXGL Background Thread 3 ] DEBUG Engine               - userAppClass: class com.almasb.fxglgames.RTAIparty.RTAIpartyApp
17:20:34.385 [FXGL Background Thread 3 ] DEBUG Engine               - version: 1.0
17:20:34.385 [FXGL Background Thread 3 ] DEBUG Engine               - versionCheckDays: 7
17:20:34.385 [FXGL Background Thread 3 ] DEBUG Engine               - width: 1280
17:20:34.385 [FXGL Background Thread 3 ] DEBUG Engine               - Logging services
17:20:34.386 [FXGL Background Thread 3 ] DEBUG Engine               - class com.almasb.fxgl.app.services.FXGLAssetLoaderService
17:20:34.386 [FXGL Background Thread 3 ] DEBUG Engine               - class com.almasb.fxgl.app.FXGLApplication$GameApplicationService
17:20:34.386 [FXGL Background Thread 3 ] DEBUG Engine               - class com.almasb.fxgl.app.services.FXGLDialogService
17:20:34.386 [FXGL Background Thread 3 ] DEBUG Engine               - class com.almasb.fxgl.app.services.IOTaskExecutorService
17:20:34.387 [FXGL Background Thread 3 ] DEBUG Engine               - class com.almasb.fxgl.io.FileSystemService
17:20:34.387 [FXGL Background Thread 3 ] DEBUG Engine               - class com.almasb.fxgl.localization.LocalizationService
17:20:34.387 [FXGL Background Thread 3 ] DEBUG Engine               - class com.almasb.fxgl.app.services.SystemBundleService
17:20:34.387 [FXGL Background Thread 3 ] DEBUG Engine               - class com.almasb.fxgl.profile.SaveLoadService
17:20:34.388 [FXGL Background Thread 3 ] DEBUG Engine               - class com.almasb.fxgl.ui.FXGLUIFactoryServiceProvider
17:20:34.388 [FXGL Background Thread 3 ] DEBUG Engine               - class com.almasb.fxgl.ui.FXGLDialogFactoryServiceProvider
17:20:34.388 [FXGL Background Thread 3 ] DEBUG Engine               - class com.almasb.fxgl.audio.AudioPlayer
17:20:34.388 [FXGL Background Thread 3 ] DEBUG Engine               - class com.almasb.fxgl.notification.impl.NotificationServiceProvider
17:20:34.389 [FXGL Background Thread 3 ] DEBUG Engine               - class com.almasb.fxgl.achievement.AchievementService
17:20:34.389 [FXGL Background Thread 3 ] DEBUG Engine               - class com.almasb.fxgl.cutscene.CutsceneService
17:20:34.389 [FXGL Background Thread 3 ] DEBUG Engine               - class com.almasb.fxgl.minigames.MiniGameService
17:20:34.390 [FXGL Background Thread 3 ] DEBUG Engine               - class com.almasb.fxgl.net.NetService
17:20:34.390 [FXGL Background Thread 3 ] DEBUG Engine               - class com.almasb.fxgl.app.services.UpdaterService
17:20:34.390 [FXGL Background Thread 3 ] DEBUG Engine               - class com.almasb.fxgl.dev.DevService
17:20:39.909 [JavaFX Application Thread] DEBUG Menu                 - fireNewGame()
17:20:39.910 [JavaFX Application Thread] DEBUG GameApplicationServi - Starting new game
17:20:39.910 [JavaFX Application Thread] DEBUG PrimaryStageWindow   - Pop state: RTAIpartyMainMenu
17:20:39.911 [JavaFX Application Thread] DEBUG Input                - Clearing active input actions
17:20:39.911 [JavaFX Application Thread] DEBUG GameApplicationServi - Removing overlay from RTAIpartyMainMenu and adding to FXGLMainMenuDummyScene
17:20:39.912 [JavaFX Application Thread] DEBUG PrimaryStageWindow   - FXGLMainMenuDummyScene <- RTAIpartyMainMenu
17:20:39.913 [JavaFX Application Thread] DEBUG Input                - Clearing active input actions
17:20:39.932 [JavaFX Application Thread] DEBUG GameApplicationServi - Removing overlay from FXGLMainMenuDummyScene and adding to FXGLLoadingScene
17:20:39.932 [JavaFX Application Thread] DEBUG PrimaryStageWindow   - FXGLMainMenuDummyScene -> FXGLLoadingScene
17:20:39.932 [JavaFX Application Thread] DEBUG GameApplicationServi - Clearing previous game
17:20:39.933 [JavaFX Application Thread] DEBUG GameScene            - Clearing game scene
17:20:39.933 [JavaFX Application Thread] DEBUG GameWorld            - Clearing game world
17:20:39.933 [JavaFX Application Thread] DEBUG PhysicsWorld         - Clearing physics world
17:20:39.936 [FXGL Background Thread 2 ] DEBUG FXGLApplication      - Initializing game
17:20:39.938 [FXGL Background Thread 2 ] INFO  FXGLApplication      - Game initialization took: 0,002 sec
17:20:39.948 [JavaFX Application Thread] DEBUG Input                - Registered new binding: fin - E
17:20:39.952 [JavaFX Application Thread] DEBUG FXGLAssetLoaderServi - Loading from file system: file:/Users/mehnounekheira/eclipse-workspace/RTAIparty/target/classes/assets/textures/DodgeBlock.png
17:20:40.690 [JavaFX Application Thread] DEBUG GameWorld            - Clearing removable entities
17:20:40.690 [JavaFX Application Thread] DEBUG GameWorld            - Setting level: com.almasb.fxgl.entity.level.Level@4ffe44f2
17:20:40.796 [JavaFX Application Thread] DEBUG Input                - Clearing active input actions
17:20:40.949 [JavaFX Application Thread] DEBUG GameApplicationServi - Removing overlay from FXGLLoadingScene and adding to GameScene
17:20:40.950 [JavaFX Application Thread] DEBUG PrimaryStageWindow   - FXGLLoadingScene -> GameScene
17:20:40.988 [JavaFX Application Thread] DEBUG PrimaryStageWindow   - Push state: DodgeSubScene
17:20:40.988 [JavaFX Application Thread] DEBUG Input                - Clearing active input actions
17:20:40.989 [JavaFX Application Thread] DEBUG GameApplicationServi - Removing overlay from GameScene and adding to DodgeSubScene
17:20:40.991 [JavaFX Application Thread] DEBUG PrimaryStageWindow   - GameScene -> DodgeSubScene
17:20:44.092 [JavaFX Application Thread] DEBUG Input                - Registered new binding: fin - E
17:20:44.495 [JavaFX Application Thread] DEBUG GameWorld            - Clearing removable entities
17:20:44.587 [JavaFX Application Thread] DEBUG GameWorld            - Setting level: com.almasb.fxgl.entity.level.Level@7043f57c
17:20:44.772 [JavaFX Application Thread] DEBUG Input                - Registered new binding: fin - E
17:20:44.773 [JavaFX Application Thread] DEBUG FXGLAssetLoaderServi - Loading from file system: file:/Users/mehnounekheira/eclipse-workspace/RTAIparty/target/classes/assets/textures/background/decorrythm.png
17:20:44.856 [JavaFX Application Thread] DEBUG FXGLAssetLoaderServi - Loading from file system: file:/Users/mehnounekheira/eclipse-workspace/RTAIparty/target/classes/assets/textures/Numero/numero1.png
17:20:44.874 [JavaFX Application Thread] DEBUG Input                - Registered new binding: fin - E
17:20:58.117 [JavaFX Application Thread] DEBUG FXGLApplication      - Exiting FXGL
17:20:58.117 [JavaFX Application Thread] DEBUG LoopRunner           - Stopping loop
17:20:58.117 [JavaFX Application Thread] DEBUG SystemBundleService  - Saving FXGL system data
17:20:58.129 [JavaFX Application Thread] DEBUG FileSystemAccess     - Writing to: /Users/mehnounekheira/eclipse-workspace/RTAIparty/system/fxgl.bundle
17:20:58.135 [JavaFX Application Thread] DEBUG Async                - Shutting down background threads
17:20:58.135 [JavaFX Application Thread] DEBUG PrimaryStageWindow   - Closing main window
17:20:58.148 [JavaFX Application Thread] DEBUG Logger               - Closing Logger
