15:46:11.595 [main                     ] DEBUG Logger               - Configured Logger
15:46:11.683 [main                     ] DEBUG GameApplication      - Logging settings
Title: FXGL tower defense
Version: 1.0
Width: 672
Height: 672
Fullscreen: false
Intro: false
Profiling: false
Single step:false
App Mode: DEVELOPER
Menu Key: ESCAPE
Stage Style: DECORATED
Scene Factory: class com.almasb.fxgl.app.scene.SceneFactory

15:46:12.093 [JavaFX Application Thread] DEBUG FXGLApplication      - Initializing FXGL
15:46:12.094 [JavaFX Application Thread] INFO  Engine               - FXGL-11.16 (25.05.2021 08.16) on WINDOWS (J:16.0.2 FX:16)
15:46:12.096 [JavaFX Application Thread] DEBUG Engine               - JRE Vendor Name: Oracle Corporation
15:46:12.096 [JavaFX Application Thread] DEBUG Engine               - Running on OS: Windows 10 version 10.0
15:46:12.096 [JavaFX Application Thread] DEBUG Engine               - Architecture: amd64
15:46:12.097 [JavaFX Application Thread] INFO  Engine               - Source code and latest versions at: https://github.com/AlmasB/FXGL
15:46:12.097 [JavaFX Application Thread] INFO  Engine               -              Join the FXGL chat at: https://gitter.im/AlmasB/FXGL
15:46:12.201 [JavaFX Application Thread] DEBUG PrimaryStageWindow   - Creating a JavaFX scene
15:46:12.254 [JavaFX Application Thread] DEBUG PrimaryStageWindow   - Target settings size: 672.0 x 672.0
15:46:12.254 [JavaFX Application Thread] DEBUG PrimaryStageWindow   - Scaled scene size:    672.0 x 672.0
15:46:12.255 [JavaFX Application Thread] DEBUG PrimaryStageWindow   - Scaled ratio: (1.0, 1.0)
15:46:12.256 [JavaFX Application Thread] DEBUG PrimaryStageWindow   - Set initial scene to FXGLStartupScene
15:46:12.262 [JavaFX Application Thread] DEBUG PrimaryStageWindow   - Opening main window
15:46:12.352 [JavaFX Application Thread] DEBUG PrimaryStageWindow   - Window border size: (16.0, 39.0)
15:46:12.353 [JavaFX Application Thread] DEBUG PrimaryStageWindow   - Scaled size: 672.0 x 672.0
15:46:12.353 [JavaFX Application Thread] DEBUG PrimaryStageWindow   - Scaled ratio: (1.0, 1.0)
15:46:12.353 [JavaFX Application Thread] DEBUG PrimaryStageWindow   - Scene size: 672.0 x 672.0
15:46:12.354 [JavaFX Application Thread] DEBUG PrimaryStageWindow   - Stage size: 688.0 x 711.0
15:46:12.367 [FXGL Background Thread 1 ] DEBUG Engine               - Initializing environment variables
15:46:12.437 [FXGL Background Thread 1 ] DEBUG FXGLAssetLoaderServi - User app class for loading assets: class com.almasb.fxglgames.TowerDefense.TowerDefenseApp
15:46:12.438 [FXGL Background Thread 1 ] DEBUG GameApplicationServi - Applying CSS: fxgl_dark.css
15:46:12.441 [FXGL Background Thread 1 ] DEBUG FXGLAssetLoaderServi - Loading from file system: jar:file:///C:/Users/zorm1/.m2/repository/com/github/almasb/fxgl/11.16/fxgl-11.16.jar!/fxglassets/ui/css/fxgl_dark.css
15:46:12.549 [FXGL Background Thread 1 ] DEBUG GameApplicationServi - Initializing application scenes
15:46:12.612 [FXGL Background Thread 1 ] DEBUG GameWorld            - Game world initialized
15:46:12.681 [FXGL Background Thread 1 ] DEBUG PhysicsWorld         - Physics world initialized: appHeight=672, physics.ppm=50,0
15:46:12.681 [FXGL Background Thread 1 ] DEBUG PhysicsWorld         - Using strategy: BRUTE_FORCE
15:46:12.684 [FXGL Background Thread 1 ] DEBUG GameScene            - Game scene initialized: 672x672
15:46:12.696 [FXGL Background Thread 1 ] WARN  FXGL.DefaultMenu     - FXGLDefaultMenu is not designed for resolutions < 800x600
15:46:12.697 [FXGL Background Thread 1 ] DEBUG FXGL.DefaultMenu     - createMenuBodyGameMenu()
15:46:12.713 [FXGL Background Thread 1 ] DEBUG FXGL.DefaultMenu     - createOptionsMenu()
15:46:12.724 [FXGL Background Thread 1 ] DEBUG FXGLAssetLoaderServi - Loading from file system: jar:file:///C:/Users/zorm1/.m2/repository/com/github/almasb/fxgl/11.16/fxgl-11.16.jar!/fxglassets/textures/particles/smoke.png
15:46:12.861 [FXGL Background Thread 1 ] DEBUG FXGLAssetLoaderServi - Loading from file system: jar:file:///C:/Users/zorm1/.m2/repository/com/github/almasb/fxgl/11.16/fxgl-11.16.jar!/fxglassets/textures/particles/trace_horizontal.png
15:46:12.894 [FXGL Background Thread 1 ] DEBUG GameApplicationServi - Application scenes initialized
15:46:12.908 [FXGL Background Thread 1 ] DEBUG SystemBundleService  - Loading FXGL system data
15:46:12.918 [FXGL Background Thread 1 ] DEBUG FileSystemAccess     - Reading from: C:\Users\zorm1\eclipse-workspace\TowerDefense Element\system\fxgl.bundle
15:46:12.929 [FXGL Background Thread 1 ] DEBUG SystemBundleService  - Bundle FXGL: {}
15:46:12.929 [FXGL Background Thread 1 ] DEBUG UpdaterService       - Checking for updates
15:46:12.933 [FXGL Background Thread 4 ] DEBUG FXGLApplication      - Loading fonts
15:46:12.934 [FXGL Background Thread 1 ] DEBUG FXGLApplication      - Loading default localization
15:46:12.934 [FXGL Background Thread 4 ] DEBUG FXGLAssetLoaderServi - Loading from file system: jar:file:///C:/Users/zorm1/.m2/repository/com/github/almasb/fxgl/11.16/fxgl-11.16.jar!/fxglassets/ui/fonts/VarelaRound-Regular.ttf
15:46:12.934 [FXGL Background Thread 1 ] DEBUG FXGLAssetLoaderServi - Loading from file system: jar:file:///C:/Users/zorm1/.m2/repository/com/github/almasb/fxgl/11.16/fxgl-11.16.jar!/fxglassets/languages/english.lang
15:46:12.954 [FXGL Background Thread 1 ] INFO  FXGLApplication      - FXGL initialization took: 0,587 sec
15:46:12.961 [JavaFX Application Thread] DEBUG Input                - Registered new binding: clic - LMB
15:46:12.974 [JavaFX Application Thread] DEBUG Input                - Registered new binding: CreateEnnemi - E
15:46:12.975 [JavaFX Application Thread] DEBUG FXGLAssetLoaderServi - Loading from file system: jar:file:///C:/Users/zorm1/.m2/repository/com/github/almasb/fxgl/11.16/fxgl-11.16.jar!/fxglassets/textures/fxgl_icon.png
15:46:13.001 [JavaFX Application Thread] DEBUG FXGLAssetLoaderServi - Loading from file system: jar:file:///C:/Users/zorm1/.m2/repository/com/github/almasb/fxgl/11.16/fxgl-11.16.jar!/fxglassets/textures/fxgl_default_cursor.png
15:46:13.006 [JavaFX Application Thread] DEBUG Input                - Registered new binding: Screenshot - CTRL+8
15:46:13.008 [JavaFX Application Thread] DEBUG Input                - Registered new binding: System info dump - CTRL+9
15:46:13.009 [JavaFX Application Thread] DEBUG Input                - Registered new binding: Restart - CTRL+R
15:46:13.011 [JavaFX Application Thread] DEBUG Input                - Registered new binding: Toggle Debug Camera - CTRL+C
15:46:13.014 [JavaFX Application Thread] DEBUG LoopRunner           - Starting loop
15:46:13.014 [JavaFX Application Thread] DEBUG LoopRunner           - Initializing JavaFX AnimationTimerLoop
15:46:13.016 [JavaFX Application Thread] DEBUG GameApplicationServi - Starting new game
15:46:13.017 [JavaFX Application Thread] DEBUG Input                - Clearing active input actions
15:46:13.040 [FXGL Background Thread 4 ] DEBUG FXGLAssetLoaderServi - Loading from file system: jar:file:///C:/Users/zorm1/.m2/repository/com/github/almasb/fxgl/11.16/fxgl-11.16.jar!/fxglassets/ui/fonts/Abel-Regular.ttf
15:46:13.041 [JavaFX Application Thread] DEBUG GameApplicationServi - Removing overlay from FXGLStartupScene and adding to FXGLLoadingScene
15:46:13.042 [JavaFX Application Thread] DEBUG PrimaryStageWindow   - FXGLStartupScene -> FXGLLoadingScene
15:46:13.042 [JavaFX Application Thread] DEBUG GameApplicationServi - Clearing previous game
15:46:13.043 [JavaFX Application Thread] DEBUG GameScene            - Clearing game scene
15:46:13.043 [JavaFX Application Thread] DEBUG GameWorld            - Clearing game world
15:46:13.043 [JavaFX Application Thread] DEBUG PhysicsWorld         - Clearing physics world
15:46:13.045 [FXGL Background Thread 1 ] DEBUG FXGLApplication      - Initializing game
15:46:13.061 [FXGL Background Thread 1 ] DEBUG FXGLAssetLoaderServi - Loading from file system: file:/C:/Users/zorm1/eclipse-workspace/TowerDefense%20Element/target/classes/assets/textures/eauHG.png
15:46:13.072 [FXGL Background Thread 4 ] DEBUG FXGLAssetLoaderServi - Loading from file system: jar:file:///C:/Users/zorm1/.m2/repository/com/github/almasb/fxgl/11.16/fxgl-11.16.jar!/fxglassets/ui/fonts/lucida_console.ttf
15:46:13.076 [FXGL Background Thread 1 ] DEBUG FXGLAssetLoaderServi - Loading from file system: file:/C:/Users/zorm1/eclipse-workspace/TowerDefense%20Element/target/classes/assets/textures/eauH.png
15:46:13.099 [FXGL Background Thread 1 ] DEBUG FXGLAssetLoaderServi - Loading from file system: file:/C:/Users/zorm1/eclipse-workspace/TowerDefense%20Element/target/classes/assets/textures/eauHD.png
15:46:13.101 [FXGL Background Thread 1 ] DEBUG FXGLAssetLoaderServi - Loading from file system: file:/C:/Users/zorm1/eclipse-workspace/TowerDefense%20Element/target/classes/assets/textures/eauG.png
15:46:13.105 [FXGL Background Thread 1 ] DEBUG FXGLAssetLoaderServi - Loading from file system: file:/C:/Users/zorm1/eclipse-workspace/TowerDefense%20Element/target/classes/assets/textures/herbe.png
15:46:13.118 [FXGL Background Thread 1 ] DEBUG FXGLAssetLoaderServi - Loading from file system: file:/C:/Users/zorm1/eclipse-workspace/TowerDefense%20Element/target/classes/assets/textures/portail.png
15:46:13.134 [FXGL Background Thread 1 ] DEBUG FXGLAssetLoaderServi - Loading from file system: file:/C:/Users/zorm1/eclipse-workspace/TowerDefense%20Element/target/classes/assets/textures/eauD.png
15:46:13.146 [FXGL Background Thread 1 ] DEBUG FXGLAssetLoaderServi - Loading from file system: file:/C:/Users/zorm1/eclipse-workspace/TowerDefense%20Element/target/classes/assets/textures/herbeD.png
15:46:13.148 [FXGL Background Thread 1 ] DEBUG FXGLAssetLoaderServi - Loading from file system: file:/C:/Users/zorm1/eclipse-workspace/TowerDefense%20Element/target/classes/assets/textures/terre.png
15:46:13.155 [FXGL Background Thread 1 ] DEBUG FXGLAssetLoaderServi - Loading from file system: file:/C:/Users/zorm1/eclipse-workspace/TowerDefense%20Element/target/classes/assets/textures/herbeG.png
15:46:13.171 [FXGL Background Thread 4 ] DEBUG FXGLAssetLoaderServi - Loading from file system: jar:file:///C:/Users/zorm1/.m2/repository/com/github/almasb/fxgl/11.16/fxgl-11.16.jar!/fxglassets/ui/fonts/Courier-Prime.ttf
15:46:13.204 [FXGL Background Thread 1 ] DEBUG FXGLAssetLoaderServi - Loading from file system: file:/C:/Users/zorm1/eclipse-workspace/TowerDefense%20Element/target/classes/assets/textures/fondation.png
15:46:13.233 [JavaFX Application Thread] DEBUG FXGLApplication      - Registering font factories with UI factory
15:46:13.535 [FXGL Background Thread 1 ] DEBUG GameWorld            - Clearing removable entities
15:46:13.536 [FXGL Background Thread 1 ] DEBUG GameWorld            - Setting level: com.almasb.fxgl.entity.level.Level@762656f3
15:46:13.554 [FXGL Background Thread 1 ] INFO  FXGLApplication      - Game initialization took: 0,509 sec
15:46:13.556 [JavaFX Application Thread] DEBUG Input                - Clearing active input actions
15:46:13.608 [JavaFX Application Thread] DEBUG GameApplicationServi - Removing overlay from FXGLLoadingScene and adding to GameScene
15:46:13.608 [JavaFX Application Thread] DEBUG PrimaryStageWindow   - FXGLLoadingScene -> GameScene
15:46:13.755 [FXGL Background Thread 2 ] INFO  UpdaterService       - Your current version:  11.16
15:46:13.756 [FXGL Background Thread 2 ] INFO  UpdaterService       - Latest stable version: 11.17
15:46:14.072 [JavaFX Application Thread] DEBUG FXGLAssetLoaderServi - Loading from file system: file:/C:/Users/zorm1/eclipse-workspace/TowerDefense%20Element/target/classes/assets/textures/slime.png
15:46:15.933 [FXGL Background Thread 3 ] DEBUG Engine               - Logging environment variables
15:46:15.933 [FXGL Background Thread 3 ] DEBUG Engine               - achievements: []
15:46:15.934 [FXGL Background Thread 3 ] DEBUG Engine               - actualHeight: 672.0
15:46:15.934 [FXGL Background Thread 3 ] DEBUG Engine               - actualHeightProperty: ReadOnlyDoubleProperty [value: 672.0]
15:46:15.934 [FXGL Background Thread 3 ] DEBUG Engine               - actualWidth: 672.0
15:46:15.934 [FXGL Background Thread 3 ] DEBUG Engine               - actualWidthProperty: ReadOnlyDoubleProperty [value: 672.0]
15:46:15.934 [FXGL Background Thread 3 ] DEBUG Engine               - appIcon: fxgl_icon.png
15:46:15.935 [FXGL Background Thread 3 ] DEBUG Engine               - applicationMode: DEVELOPER
15:46:15.935 [FXGL Background Thread 3 ] DEBUG Engine               - cSSList: [fxgl_dark.css]
15:46:15.935 [FXGL Background Thread 3 ] DEBUG Engine               - collisionDetectionStrategy: BRUTE_FORCE
15:46:15.935 [FXGL Background Thread 3 ] DEBUG Engine               - configClass: Optional.empty
15:46:15.935 [FXGL Background Thread 3 ] DEBUG Engine               - credits: []
15:46:15.935 [FXGL Background Thread 3 ] DEBUG Engine               - defaultCursor: CursorInfo(imageName=fxgl_default_cursor.png, hotspotX=7.0, hotspotY=6.0)
15:46:15.936 [FXGL Background Thread 3 ] DEBUG Engine               - devBBoxColorProperty: ObjectProperty [value: 0xff0000ff]
15:46:15.936 [FXGL Background Thread 3 ] DEBUG Engine               - devEnableDebugCameraProperty: BooleanProperty [value: false]
15:46:15.937 [FXGL Background Thread 3 ] DEBUG Engine               - devSensorColorProperty: ObjectProperty [value: 0xffff00ff]
15:46:15.937 [FXGL Background Thread 3 ] DEBUG Engine               - devShowBBoxProperty: BooleanProperty [value: false]
15:46:15.937 [FXGL Background Thread 3 ] DEBUG Engine               - devShowPositionProperty: BooleanProperty [value: false]
15:46:15.937 [FXGL Background Thread 3 ] DEBUG Engine               - enabledMenuItems: []
15:46:15.938 [FXGL Background Thread 3 ] DEBUG Engine               - engineServices: [class com.almasb.fxgl.app.services.FXGLAssetLoaderService, class com.almasb.fxgl.app.FXGLApplication$GameApplicationService, class com.almasb.fxgl.app.services.FXGLDialogService, class com.almasb.fxgl.app.services.IOTaskExecutorService, class com.almasb.fxgl.io.FileSystemService, class com.almasb.fxgl.localization.LocalizationService, class com.almasb.fxgl.app.services.SystemBundleService, class com.almasb.fxgl.profile.SaveLoadService, class com.almasb.fxgl.ui.FXGLUIFactoryServiceProvider, class com.almasb.fxgl.ui.FXGLDialogFactoryServiceProvider, class com.almasb.fxgl.audio.AudioPlayer, class com.almasb.fxgl.notification.impl.NotificationServiceProvider, class com.almasb.fxgl.achievement.AchievementService, class com.almasb.fxgl.cutscene.CutsceneService, class com.almasb.fxgl.minigames.MiniGameService, class com.almasb.fxgl.net.NetService, class com.almasb.fxgl.app.services.UpdaterService, class com.almasb.fxgl.dev.DevService]
15:46:15.938 [FXGL Background Thread 3 ] DEBUG Engine               - fontGame: Abel-Regular.ttf
15:46:15.938 [FXGL Background Thread 3 ] DEBUG Engine               - fontMono: lucida_console.ttf
15:46:15.938 [FXGL Background Thread 3 ] DEBUG Engine               - fontText: Courier-Prime.ttf
15:46:15.938 [FXGL Background Thread 3 ] DEBUG Engine               - fontUI: VarelaRound-Regular.ttf
15:46:15.939 [FXGL Background Thread 3 ] DEBUG Engine               - fullScreen: BooleanProperty [value: false]
15:46:15.939 [FXGL Background Thread 3 ] DEBUG Engine               - gameDifficulty: MEDIUM
15:46:15.939 [FXGL Background Thread 3 ] DEBUG Engine               - gameDifficultyProperty: ObjectProperty [value: MEDIUM]
15:46:15.940 [FXGL Background Thread 3 ] DEBUG Engine               - globalMusicVolume: 0.5
15:46:15.940 [FXGL Background Thread 3 ] DEBUG Engine               - globalMusicVolumeProperty: DoubleProperty [value: 0.5]
15:46:15.940 [FXGL Background Thread 3 ] DEBUG Engine               - globalSoundVolume: 0.5
15:46:15.940 [FXGL Background Thread 3 ] DEBUG Engine               - globalSoundVolumeProperty: DoubleProperty [value: 0.5]
15:46:15.941 [FXGL Background Thread 3 ] DEBUG Engine               - height: 672
15:46:15.941 [FXGL Background Thread 3 ] DEBUG Engine               - is3D: false
15:46:15.941 [FXGL Background Thread 3 ] DEBUG Engine               - isAndroid: false
15:46:15.941 [FXGL Background Thread 3 ] DEBUG Engine               - isBrowser: false
15:46:15.941 [FXGL Background Thread 3 ] DEBUG Engine               - isClickFeedbackEnabled: false
15:46:15.941 [FXGL Background Thread 3 ] DEBUG Engine               - isCloseConfirmation: false
15:46:15.942 [FXGL Background Thread 3 ] DEBUG Engine               - isDesktop: true
15:46:15.942 [FXGL Background Thread 3 ] DEBUG Engine               - isDeveloperMenuEnabled: false
15:46:15.942 [FXGL Background Thread 3 ] DEBUG Engine               - isEntityPreloadEnabled: true
15:46:15.942 [FXGL Background Thread 3 ] DEBUG Engine               - isExperimentalTiledLargeMap: false
15:46:15.942 [FXGL Background Thread 3 ] DEBUG Engine               - isFileSystemWriteAllowed: true
15:46:15.943 [FXGL Background Thread 3 ] DEBUG Engine               - isFullScreenAllowed: false
15:46:15.943 [FXGL Background Thread 3 ] DEBUG Engine               - isFullScreenFromStart: false
15:46:15.943 [FXGL Background Thread 3 ] DEBUG Engine               - isGameMenuEnabled: true
15:46:15.943 [FXGL Background Thread 3 ] DEBUG Engine               - isIOS: false
15:46:15.944 [FXGL Background Thread 3 ] DEBUG Engine               - isIntroEnabled: false
15:46:15.944 [FXGL Background Thread 3 ] DEBUG Engine               - isLinux: false
15:46:15.944 [FXGL Background Thread 3 ] DEBUG Engine               - isMac: false
15:46:15.944 [FXGL Background Thread 3 ] DEBUG Engine               - isMainMenuEnabled: false
15:46:15.944 [FXGL Background Thread 3 ] DEBUG Engine               - isManualResizeEnabled: true
15:46:15.944 [FXGL Background Thread 3 ] DEBUG Engine               - isMobile: false
15:46:15.945 [FXGL Background Thread 3 ] DEBUG Engine               - isNative: false
15:46:15.945 [FXGL Background Thread 3 ] DEBUG Engine               - isPreserveResizeRatio: true
15:46:15.945 [FXGL Background Thread 3 ] DEBUG Engine               - isProfilingEnabled: false
15:46:15.946 [FXGL Background Thread 3 ] DEBUG Engine               - isScaleAffectedOnResize: true
15:46:15.947 [FXGL Background Thread 3 ] DEBUG Engine               - isSingleStep: false
15:46:15.947 [FXGL Background Thread 3 ] DEBUG Engine               - isUserProfileEnabled: false
15:46:15.947 [FXGL Background Thread 3 ] DEBUG Engine               - isWindows: true
15:46:15.948 [FXGL Background Thread 3 ] DEBUG Engine               - language: ObjectProperty [value: ENGLISH]
15:46:15.948 [FXGL Background Thread 3 ] DEBUG Engine               - menuKey: ESCAPE
15:46:15.948 [FXGL Background Thread 3 ] DEBUG Engine               - mouseSensitivity: 0.2
15:46:15.949 [FXGL Background Thread 3 ] DEBUG Engine               - notificationViewClass: class com.almasb.fxgl.notification.view.XboxNotificationView
15:46:15.949 [FXGL Background Thread 3 ] DEBUG Engine               - pixelsPerMeter: 50.0
15:46:15.949 [FXGL Background Thread 3 ] DEBUG Engine               - platform: WINDOWS
15:46:15.949 [FXGL Background Thread 3 ] DEBUG Engine               - prefHeightProperty: ReadOnlyDoubleProperty [value: 672.0]
15:46:15.950 [FXGL Background Thread 3 ] DEBUG Engine               - prefWidthProperty: ReadOnlyDoubleProperty [value: 672.0]
15:46:15.950 [FXGL Background Thread 3 ] DEBUG Engine               - profileDir: profiles/
15:46:15.950 [FXGL Background Thread 3 ] DEBUG Engine               - profileName: StringProperty [value: DEFAULT]
15:46:15.950 [FXGL Background Thread 3 ] DEBUG Engine               - randomSeed: -1
15:46:15.950 [FXGL Background Thread 3 ] DEBUG Engine               - runtimeInfo: RuntimeInfo(platform=WINDOWS, version=11.16, build=25.05.2021 08.16)
15:46:15.950 [FXGL Background Thread 3 ] DEBUG Engine               - saveFileExt: sav
15:46:15.951 [FXGL Background Thread 3 ] DEBUG Engine               - scaledHeightProp$fxgl: DoubleProperty [bound, value: 672.0]
15:46:15.951 [FXGL Background Thread 3 ] DEBUG Engine               - scaledWidthProp$fxgl: DoubleProperty [bound, value: 672.0]
15:46:15.951 [FXGL Background Thread 3 ] DEBUG Engine               - sceneFactory: com.almasb.fxgl.app.scene.SceneFactory@6e4c8416
15:46:15.951 [FXGL Background Thread 3 ] DEBUG Engine               - secondsIn24h: 60
15:46:15.951 [FXGL Background Thread 3 ] DEBUG Engine               - soundMenuBack: menu/back.wav
15:46:15.952 [FXGL Background Thread 3 ] DEBUG Engine               - soundMenuPress: menu/press.wav
15:46:15.952 [FXGL Background Thread 3 ] DEBUG Engine               - soundMenuSelect: menu/select.wav
15:46:15.952 [FXGL Background Thread 3 ] DEBUG Engine               - soundNotification: core/notification.wav
15:46:15.952 [FXGL Background Thread 3 ] DEBUG Engine               - stageStyle: DECORATED
15:46:15.953 [FXGL Background Thread 3 ] DEBUG Engine               - supportedLanguages: [ENGLISH, FRENCH, GERMAN, HUNGARIAN, RUSSIAN]
15:46:15.953 [FXGL Background Thread 3 ] DEBUG Engine               - ticksPerSecond: -1
15:46:15.953 [FXGL Background Thread 3 ] DEBUG Engine               - title: FXGL tower defense
15:46:15.953 [FXGL Background Thread 3 ] DEBUG Engine               - urlGithub: https://github.com/AlmasB/FXGL
15:46:15.953 [FXGL Background Thread 3 ] DEBUG Engine               - urlLeaderboard: http://fxgl-top.herokuapp.com/
15:46:15.953 [FXGL Background Thread 3 ] DEBUG Engine               - urlPOM: https://raw.githubusercontent.com/AlmasB/FXGL/release/README.md
15:46:15.954 [FXGL Background Thread 3 ] DEBUG Engine               - userAppClass: class com.almasb.fxglgames.TowerDefense.TowerDefenseApp
15:46:15.954 [FXGL Background Thread 3 ] DEBUG Engine               - version: 1.0
15:46:15.954 [FXGL Background Thread 3 ] DEBUG Engine               - versionCheckDays: 7
15:46:15.955 [FXGL Background Thread 3 ] DEBUG Engine               - width: 672
15:46:15.955 [FXGL Background Thread 3 ] DEBUG Engine               - Logging services
15:46:15.956 [FXGL Background Thread 3 ] DEBUG Engine               - class com.almasb.fxgl.app.services.FXGLAssetLoaderService
15:46:15.956 [FXGL Background Thread 3 ] DEBUG Engine               - class com.almasb.fxgl.app.FXGLApplication$GameApplicationService
15:46:15.957 [FXGL Background Thread 3 ] DEBUG Engine               - class com.almasb.fxgl.app.services.FXGLDialogService
15:46:15.957 [FXGL Background Thread 3 ] DEBUG Engine               - class com.almasb.fxgl.app.services.IOTaskExecutorService
15:46:15.957 [FXGL Background Thread 3 ] DEBUG Engine               - class com.almasb.fxgl.io.FileSystemService
15:46:15.957 [FXGL Background Thread 3 ] DEBUG Engine               - class com.almasb.fxgl.localization.LocalizationService
15:46:15.958 [FXGL Background Thread 3 ] DEBUG Engine               - class com.almasb.fxgl.app.services.SystemBundleService
15:46:15.958 [FXGL Background Thread 3 ] DEBUG Engine               - class com.almasb.fxgl.profile.SaveLoadService
15:46:15.958 [FXGL Background Thread 3 ] DEBUG Engine               - class com.almasb.fxgl.ui.FXGLUIFactoryServiceProvider
15:46:15.958 [FXGL Background Thread 3 ] DEBUG Engine               - class com.almasb.fxgl.ui.FXGLDialogFactoryServiceProvider
15:46:15.959 [FXGL Background Thread 3 ] DEBUG Engine               - class com.almasb.fxgl.audio.AudioPlayer
15:46:15.959 [FXGL Background Thread 3 ] DEBUG Engine               - class com.almasb.fxgl.notification.impl.NotificationServiceProvider
15:46:15.959 [FXGL Background Thread 3 ] DEBUG Engine               - class com.almasb.fxgl.achievement.AchievementService
15:46:15.960 [FXGL Background Thread 3 ] DEBUG Engine               - class com.almasb.fxgl.cutscene.CutsceneService
15:46:15.960 [FXGL Background Thread 3 ] DEBUG Engine               - class com.almasb.fxgl.minigames.MiniGameService
15:46:15.960 [FXGL Background Thread 3 ] DEBUG Engine               - class com.almasb.fxgl.net.NetService
15:46:15.960 [FXGL Background Thread 3 ] DEBUG Engine               - class com.almasb.fxgl.app.services.UpdaterService
15:46:15.961 [FXGL Background Thread 3 ] DEBUG Engine               - class com.almasb.fxgl.dev.DevService
15:46:21.296 [JavaFX Application Thread] DEBUG FXGLApplication      - Exiting FXGL
15:46:21.296 [JavaFX Application Thread] DEBUG LoopRunner           - Stopping loop
15:46:21.296 [JavaFX Application Thread] DEBUG SystemBundleService  - Saving FXGL system data
15:46:21.300 [JavaFX Application Thread] DEBUG FileSystemAccess     - Writing to: C:\Users\zorm1\eclipse-workspace\TowerDefense Element\system\fxgl.bundle
15:46:21.305 [JavaFX Application Thread] DEBUG Async                - Shutting down background threads
15:46:21.306 [JavaFX Application Thread] DEBUG PrimaryStageWindow   - Closing main window
15:46:21.333 [JavaFX Application Thread] DEBUG Logger               - Closing Logger
