15:32:46.742 [main                     ] DEBUG Logger               - Configured Logger
15:32:46.775 [main                     ] DEBUG GameApplication      - Logging settings
Title: FXGL tower defense
Version: 1.0
Width: 672
Height: 672
Fullscreen: false
Intro: false
Profiling: false
Single step:false
App Mode: DEVELOPER
Menu Key: ESCAPE
Stage Style: DECORATED
Scene Factory: class com.almasb.fxgl.app.scene.SceneFactory

15:32:47.079 [JavaFX Application Thread] DEBUG FXGLApplication      - Initializing FXGL
15:32:47.080 [JavaFX Application Thread] INFO  Engine               - FXGL-11.16 (25.05.2021 08.16) on WINDOWS (J:16.0.2 FX:16)
15:32:47.081 [JavaFX Application Thread] DEBUG Engine               - JRE Vendor Name: Oracle Corporation
15:32:47.081 [JavaFX Application Thread] DEBUG Engine               - Running on OS: Windows 10 version 10.0
15:32:47.082 [JavaFX Application Thread] DEBUG Engine               - Architecture: amd64
15:32:47.082 [JavaFX Application Thread] INFO  Engine               - Source code and latest versions at: https://github.com/AlmasB/FXGL
15:32:47.082 [JavaFX Application Thread] INFO  Engine               -              Join the FXGL chat at: https://gitter.im/AlmasB/FXGL
15:32:47.178 [JavaFX Application Thread] DEBUG PrimaryStageWindow   - Creating a JavaFX scene
15:32:47.225 [JavaFX Application Thread] DEBUG PrimaryStageWindow   - Target settings size: 672.0 x 672.0
15:32:47.226 [JavaFX Application Thread] DEBUG PrimaryStageWindow   - Scaled scene size:    672.0 x 672.0
15:32:47.226 [JavaFX Application Thread] DEBUG PrimaryStageWindow   - Scaled ratio: (1.0, 1.0)
15:32:47.226 [JavaFX Application Thread] DEBUG PrimaryStageWindow   - Set initial scene to FXGLStartupScene
15:32:47.231 [JavaFX Application Thread] DEBUG PrimaryStageWindow   - Opening main window
15:32:47.307 [JavaFX Application Thread] DEBUG PrimaryStageWindow   - Window border size: (16.0, 39.0)
15:32:47.307 [JavaFX Application Thread] DEBUG PrimaryStageWindow   - Scaled size: 672.0 x 672.0
15:32:47.308 [JavaFX Application Thread] DEBUG PrimaryStageWindow   - Scaled ratio: (1.0, 1.0)
15:32:47.308 [JavaFX Application Thread] DEBUG PrimaryStageWindow   - Scene size: 672.0 x 672.0
15:32:47.308 [JavaFX Application Thread] DEBUG PrimaryStageWindow   - Stage size: 688.0 x 711.0
15:32:47.317 [FXGL Background Thread 1 ] DEBUG Engine               - Initializing environment variables
15:32:47.367 [FXGL Background Thread 1 ] DEBUG FXGLAssetLoaderServi - User app class for loading assets: class com.almasb.fxglgames.TowerDefense.TowerDefenseApp
15:32:47.368 [FXGL Background Thread 1 ] DEBUG GameApplicationServi - Applying CSS: fxgl_dark.css
15:32:47.372 [FXGL Background Thread 1 ] DEBUG FXGLAssetLoaderServi - Loading from file system: jar:file:///C:/Users/zorm1/.m2/repository/com/github/almasb/fxgl/11.16/fxgl-11.16.jar!/fxglassets/ui/css/fxgl_dark.css
15:32:47.447 [FXGL Background Thread 1 ] DEBUG GameApplicationServi - Initializing application scenes
15:32:47.506 [FXGL Background Thread 1 ] DEBUG GameWorld            - Game world initialized
15:32:47.575 [FXGL Background Thread 1 ] DEBUG PhysicsWorld         - Physics world initialized: appHeight=672, physics.ppm=50,0
15:32:47.576 [FXGL Background Thread 1 ] DEBUG PhysicsWorld         - Using strategy: BRUTE_FORCE
15:32:47.580 [FXGL Background Thread 1 ] DEBUG GameScene            - Game scene initialized: 672x672
15:32:47.593 [FXGL Background Thread 1 ] WARN  FXGL.DefaultMenu     - FXGLDefaultMenu is not designed for resolutions < 800x600
15:32:47.593 [FXGL Background Thread 1 ] DEBUG FXGL.DefaultMenu     - createMenuBodyGameMenu()
15:32:47.606 [FXGL Background Thread 1 ] DEBUG FXGL.DefaultMenu     - createOptionsMenu()
15:32:47.613 [FXGL Background Thread 1 ] DEBUG FXGLAssetLoaderServi - Loading from file system: jar:file:///C:/Users/zorm1/.m2/repository/com/github/almasb/fxgl/11.16/fxgl-11.16.jar!/fxglassets/textures/particles/smoke.png
15:32:47.723 [FXGL Background Thread 1 ] DEBUG FXGLAssetLoaderServi - Loading from file system: jar:file:///C:/Users/zorm1/.m2/repository/com/github/almasb/fxgl/11.16/fxgl-11.16.jar!/fxglassets/textures/particles/trace_horizontal.png
15:32:47.758 [FXGL Background Thread 1 ] DEBUG GameApplicationServi - Application scenes initialized
15:32:47.767 [FXGL Background Thread 1 ] DEBUG SystemBundleService  - Loading FXGL system data
15:32:47.778 [FXGL Background Thread 1 ] DEBUG FileSystemAccess     - Reading from: C:\Users\zorm1\eclipse-workspace\TowerDefense Element\system\fxgl.bundle
15:32:47.785 [FXGL Background Thread 1 ] DEBUG SystemBundleService  - Bundle FXGL: {}
15:32:47.785 [FXGL Background Thread 1 ] DEBUG UpdaterService       - Checking for updates
15:32:47.789 [FXGL Background Thread 4 ] DEBUG FXGLApplication      - Loading fonts
15:32:47.789 [FXGL Background Thread 1 ] DEBUG FXGLApplication      - Loading default localization
15:32:47.789 [FXGL Background Thread 4 ] DEBUG FXGLAssetLoaderServi - Loading from file system: jar:file:///C:/Users/zorm1/.m2/repository/com/github/almasb/fxgl/11.16/fxgl-11.16.jar!/fxglassets/ui/fonts/VarelaRound-Regular.ttf
15:32:47.790 [FXGL Background Thread 1 ] DEBUG FXGLAssetLoaderServi - Loading from file system: jar:file:///C:/Users/zorm1/.m2/repository/com/github/almasb/fxgl/11.16/fxgl-11.16.jar!/fxglassets/languages/english.lang
15:32:47.809 [FXGL Background Thread 1 ] INFO  FXGLApplication      - FXGL initialization took: 0,491 sec
15:32:47.813 [JavaFX Application Thread] DEBUG Input                - Registered new binding: clic - LMB
15:32:47.823 [JavaFX Application Thread] DEBUG Input                - Registered new binding: CreateEnnemi - E
15:32:47.824 [JavaFX Application Thread] DEBUG FXGLAssetLoaderServi - Loading from file system: jar:file:///C:/Users/zorm1/.m2/repository/com/github/almasb/fxgl/11.16/fxgl-11.16.jar!/fxglassets/textures/fxgl_icon.png
15:32:47.854 [JavaFX Application Thread] DEBUG FXGLAssetLoaderServi - Loading from file system: jar:file:///C:/Users/zorm1/.m2/repository/com/github/almasb/fxgl/11.16/fxgl-11.16.jar!/fxglassets/textures/fxgl_default_cursor.png
15:32:47.857 [JavaFX Application Thread] DEBUG Input                - Registered new binding: Screenshot - CTRL+8
15:32:47.858 [JavaFX Application Thread] DEBUG Input                - Registered new binding: System info dump - CTRL+9
15:32:47.858 [JavaFX Application Thread] DEBUG Input                - Registered new binding: Restart - CTRL+R
15:32:47.863 [JavaFX Application Thread] DEBUG Input                - Registered new binding: Toggle Debug Camera - CTRL+C
15:32:47.865 [JavaFX Application Thread] DEBUG LoopRunner           - Starting loop
15:32:47.866 [JavaFX Application Thread] DEBUG LoopRunner           - Initializing JavaFX AnimationTimerLoop
15:32:47.868 [JavaFX Application Thread] DEBUG GameApplicationServi - Starting new game
15:32:47.869 [JavaFX Application Thread] DEBUG Input                - Clearing active input actions
15:32:47.872 [FXGL Background Thread 4 ] DEBUG FXGLAssetLoaderServi - Loading from file system: jar:file:///C:/Users/zorm1/.m2/repository/com/github/almasb/fxgl/11.16/fxgl-11.16.jar!/fxglassets/ui/fonts/Abel-Regular.ttf
15:32:47.885 [JavaFX Application Thread] DEBUG GameApplicationServi - Removing overlay from FXGLStartupScene and adding to FXGLLoadingScene
15:32:47.886 [JavaFX Application Thread] DEBUG PrimaryStageWindow   - FXGLStartupScene -> FXGLLoadingScene
15:32:47.886 [JavaFX Application Thread] DEBUG GameApplicationServi - Clearing previous game
15:32:47.886 [JavaFX Application Thread] DEBUG GameScene            - Clearing game scene
15:32:47.887 [JavaFX Application Thread] DEBUG GameWorld            - Clearing game world
15:32:47.887 [JavaFX Application Thread] DEBUG PhysicsWorld         - Clearing physics world
15:32:47.888 [FXGL Background Thread 1 ] DEBUG FXGLApplication      - Initializing game
15:32:47.897 [FXGL Background Thread 4 ] DEBUG FXGLAssetLoaderServi - Loading from file system: jar:file:///C:/Users/zorm1/.m2/repository/com/github/almasb/fxgl/11.16/fxgl-11.16.jar!/fxglassets/ui/fonts/lucida_console.ttf
15:32:47.902 [FXGL Background Thread 1 ] DEBUG FXGLAssetLoaderServi - Loading from file system: file:/C:/Users/zorm1/eclipse-workspace/TowerDefense%20Element/target/classes/assets/textures/eauHG.png
15:32:47.917 [FXGL Background Thread 1 ] DEBUG FXGLAssetLoaderServi - Loading from file system: file:/C:/Users/zorm1/eclipse-workspace/TowerDefense%20Element/target/classes/assets/textures/eauH.png
15:32:47.941 [FXGL Background Thread 1 ] DEBUG FXGLAssetLoaderServi - Loading from file system: file:/C:/Users/zorm1/eclipse-workspace/TowerDefense%20Element/target/classes/assets/textures/eauHD.png
15:32:47.943 [FXGL Background Thread 1 ] DEBUG FXGLAssetLoaderServi - Loading from file system: file:/C:/Users/zorm1/eclipse-workspace/TowerDefense%20Element/target/classes/assets/textures/eauG.png
15:32:47.946 [FXGL Background Thread 1 ] DEBUG FXGLAssetLoaderServi - Loading from file system: file:/C:/Users/zorm1/eclipse-workspace/TowerDefense%20Element/target/classes/assets/textures/herbe.png
15:32:47.951 [FXGL Background Thread 4 ] DEBUG FXGLAssetLoaderServi - Loading from file system: jar:file:///C:/Users/zorm1/.m2/repository/com/github/almasb/fxgl/11.16/fxgl-11.16.jar!/fxglassets/ui/fonts/Courier-Prime.ttf
15:32:47.959 [FXGL Background Thread 1 ] DEBUG FXGLAssetLoaderServi - Loading from file system: file:/C:/Users/zorm1/eclipse-workspace/TowerDefense%20Element/target/classes/assets/textures/portail.png
15:32:47.969 [FXGL Background Thread 1 ] DEBUG FXGLAssetLoaderServi - Loading from file system: file:/C:/Users/zorm1/eclipse-workspace/TowerDefense%20Element/target/classes/assets/textures/eauD.png
15:32:47.978 [FXGL Background Thread 1 ] DEBUG FXGLAssetLoaderServi - Loading from file system: file:/C:/Users/zorm1/eclipse-workspace/TowerDefense%20Element/target/classes/assets/textures/herbeD.png
15:32:47.979 [FXGL Background Thread 1 ] DEBUG FXGLAssetLoaderServi - Loading from file system: file:/C:/Users/zorm1/eclipse-workspace/TowerDefense%20Element/target/classes/assets/textures/terre.png
15:32:47.981 [FXGL Background Thread 1 ] DEBUG FXGLAssetLoaderServi - Loading from file system: file:/C:/Users/zorm1/eclipse-workspace/TowerDefense%20Element/target/classes/assets/textures/herbeG.png
15:32:47.997 [FXGL Background Thread 1 ] DEBUG FXGLAssetLoaderServi - Loading from file system: file:/C:/Users/zorm1/eclipse-workspace/TowerDefense%20Element/target/classes/assets/textures/fondation.png
15:32:48.037 [JavaFX Application Thread] DEBUG FXGLApplication      - Registering font factories with UI factory
15:32:48.278 [FXGL Background Thread 1 ] DEBUG GameWorld            - Clearing removable entities
15:32:48.279 [FXGL Background Thread 1 ] DEBUG GameWorld            - Setting level: com.almasb.fxgl.entity.level.Level@107799bf
15:32:48.297 [FXGL Background Thread 1 ] INFO  FXGLApplication      - Game initialization took: 0,408 sec
15:32:48.301 [JavaFX Application Thread] DEBUG Input                - Clearing active input actions
15:32:48.346 [JavaFX Application Thread] DEBUG GameApplicationServi - Removing overlay from FXGLLoadingScene and adding to GameScene
15:32:48.347 [JavaFX Application Thread] DEBUG PrimaryStageWindow   - FXGLLoadingScene -> GameScene
15:32:48.827 [FXGL Background Thread 2 ] INFO  UpdaterService       - Your current version:  11.16
15:32:48.828 [FXGL Background Thread 2 ] INFO  UpdaterService       - Latest stable version: 11.17
15:32:50.662 [JavaFX Application Thread] DEBUG FXGLAssetLoaderServi - Loading from file system: file:/C:/Users/zorm1/eclipse-workspace/TowerDefense%20Element/target/classes/assets/textures/choiceTower.png
15:32:50.790 [FXGL Background Thread 3 ] DEBUG Engine               - Logging environment variables
15:32:50.790 [FXGL Background Thread 3 ] DEBUG Engine               - achievements: []
15:32:50.790 [FXGL Background Thread 3 ] DEBUG Engine               - actualHeight: 672.0
15:32:50.791 [FXGL Background Thread 3 ] DEBUG Engine               - actualHeightProperty: ReadOnlyDoubleProperty [value: 1017.0]
15:32:50.791 [FXGL Background Thread 3 ] DEBUG Engine               - actualWidth: 672.0
15:32:50.791 [FXGL Background Thread 3 ] DEBUG Engine               - actualWidthProperty: ReadOnlyDoubleProperty [value: 1920.0]
15:32:50.791 [FXGL Background Thread 3 ] DEBUG Engine               - appIcon: fxgl_icon.png
15:32:50.791 [FXGL Background Thread 3 ] DEBUG Engine               - applicationMode: DEVELOPER
15:32:50.792 [FXGL Background Thread 3 ] DEBUG Engine               - cSSList: [fxgl_dark.css]
15:32:50.792 [FXGL Background Thread 3 ] DEBUG Engine               - collisionDetectionStrategy: BRUTE_FORCE
15:32:50.792 [FXGL Background Thread 3 ] DEBUG Engine               - configClass: Optional.empty
15:32:50.792 [FXGL Background Thread 3 ] DEBUG Engine               - credits: []
15:32:50.792 [FXGL Background Thread 3 ] DEBUG Engine               - defaultCursor: CursorInfo(imageName=fxgl_default_cursor.png, hotspotX=7.0, hotspotY=6.0)
15:32:50.793 [FXGL Background Thread 3 ] DEBUG Engine               - devBBoxColorProperty: ObjectProperty [value: 0xff0000ff]
15:32:50.793 [FXGL Background Thread 3 ] DEBUG Engine               - devEnableDebugCameraProperty: BooleanProperty [value: false]
15:32:50.794 [FXGL Background Thread 3 ] DEBUG Engine               - devSensorColorProperty: ObjectProperty [value: 0xffff00ff]
15:32:50.794 [FXGL Background Thread 3 ] DEBUG Engine               - devShowBBoxProperty: BooleanProperty [value: false]
15:32:50.794 [FXGL Background Thread 3 ] DEBUG Engine               - devShowPositionProperty: BooleanProperty [value: false]
15:32:50.794 [FXGL Background Thread 3 ] DEBUG Engine               - enabledMenuItems: []
15:32:50.794 [FXGL Background Thread 3 ] DEBUG Engine               - engineServices: [class com.almasb.fxgl.app.services.FXGLAssetLoaderService, class com.almasb.fxgl.app.FXGLApplication$GameApplicationService, class com.almasb.fxgl.app.services.FXGLDialogService, class com.almasb.fxgl.app.services.IOTaskExecutorService, class com.almasb.fxgl.io.FileSystemService, class com.almasb.fxgl.localization.LocalizationService, class com.almasb.fxgl.app.services.SystemBundleService, class com.almasb.fxgl.profile.SaveLoadService, class com.almasb.fxgl.ui.FXGLUIFactoryServiceProvider, class com.almasb.fxgl.ui.FXGLDialogFactoryServiceProvider, class com.almasb.fxgl.audio.AudioPlayer, class com.almasb.fxgl.notification.impl.NotificationServiceProvider, class com.almasb.fxgl.achievement.AchievementService, class com.almasb.fxgl.cutscene.CutsceneService, class com.almasb.fxgl.minigames.MiniGameService, class com.almasb.fxgl.net.NetService, class com.almasb.fxgl.app.services.UpdaterService, class com.almasb.fxgl.dev.DevService]
15:32:50.794 [FXGL Background Thread 3 ] DEBUG Engine               - fontGame: Abel-Regular.ttf
15:32:50.795 [FXGL Background Thread 3 ] DEBUG Engine               - fontMono: lucida_console.ttf
15:32:50.795 [FXGL Background Thread 3 ] DEBUG Engine               - fontText: Courier-Prime.ttf
15:32:50.795 [FXGL Background Thread 3 ] DEBUG Engine               - fontUI: VarelaRound-Regular.ttf
15:32:50.795 [FXGL Background Thread 3 ] DEBUG Engine               - fullScreen: BooleanProperty [value: false]
15:32:50.796 [FXGL Background Thread 3 ] DEBUG Engine               - gameDifficulty: MEDIUM
15:32:50.796 [FXGL Background Thread 3 ] DEBUG Engine               - gameDifficultyProperty: ObjectProperty [value: MEDIUM]
15:32:50.796 [FXGL Background Thread 3 ] DEBUG Engine               - globalMusicVolume: 0.5
15:32:50.796 [FXGL Background Thread 3 ] DEBUG Engine               - globalMusicVolumeProperty: DoubleProperty [value: 0.5]
15:32:50.796 [FXGL Background Thread 3 ] DEBUG Engine               - globalSoundVolume: 0.5
15:32:50.796 [FXGL Background Thread 3 ] DEBUG Engine               - globalSoundVolumeProperty: DoubleProperty [value: 0.5]
15:32:50.797 [FXGL Background Thread 3 ] DEBUG Engine               - height: 672
15:32:50.797 [FXGL Background Thread 3 ] DEBUG Engine               - is3D: false
15:32:50.797 [FXGL Background Thread 3 ] DEBUG Engine               - isAndroid: false
15:32:50.797 [FXGL Background Thread 3 ] DEBUG Engine               - isBrowser: false
15:32:50.797 [FXGL Background Thread 3 ] DEBUG Engine               - isClickFeedbackEnabled: false
15:32:50.797 [FXGL Background Thread 3 ] DEBUG Engine               - isCloseConfirmation: false
15:32:50.798 [FXGL Background Thread 3 ] DEBUG Engine               - isDesktop: true
15:32:50.798 [FXGL Background Thread 3 ] DEBUG Engine               - isDeveloperMenuEnabled: false
15:32:50.798 [FXGL Background Thread 3 ] DEBUG Engine               - isEntityPreloadEnabled: true
15:32:50.798 [FXGL Background Thread 3 ] DEBUG Engine               - isExperimentalTiledLargeMap: false
15:32:50.799 [FXGL Background Thread 3 ] DEBUG Engine               - isFileSystemWriteAllowed: true
15:32:50.799 [FXGL Background Thread 3 ] DEBUG Engine               - isFullScreenAllowed: false
15:32:50.799 [FXGL Background Thread 3 ] DEBUG Engine               - isFullScreenFromStart: false
15:32:50.799 [FXGL Background Thread 3 ] DEBUG Engine               - isGameMenuEnabled: true
15:32:50.799 [FXGL Background Thread 3 ] DEBUG Engine               - isIOS: false
15:32:50.799 [FXGL Background Thread 3 ] DEBUG Engine               - isIntroEnabled: false
15:32:50.800 [FXGL Background Thread 3 ] DEBUG Engine               - isLinux: false
15:32:50.800 [FXGL Background Thread 3 ] DEBUG Engine               - isMac: false
15:32:50.800 [FXGL Background Thread 3 ] DEBUG Engine               - isMainMenuEnabled: false
15:32:50.800 [FXGL Background Thread 3 ] DEBUG Engine               - isManualResizeEnabled: true
15:32:50.800 [FXGL Background Thread 3 ] DEBUG Engine               - isMobile: false
15:32:50.800 [FXGL Background Thread 3 ] DEBUG Engine               - isNative: false
15:32:50.801 [FXGL Background Thread 3 ] DEBUG Engine               - isPreserveResizeRatio: true
15:32:50.801 [FXGL Background Thread 3 ] DEBUG Engine               - isProfilingEnabled: false
15:32:50.801 [FXGL Background Thread 3 ] DEBUG Engine               - isScaleAffectedOnResize: true
15:32:50.801 [FXGL Background Thread 3 ] DEBUG Engine               - isSingleStep: false
15:32:50.802 [FXGL Background Thread 3 ] DEBUG Engine               - isUserProfileEnabled: false
15:32:50.802 [FXGL Background Thread 3 ] DEBUG Engine               - isWindows: true
15:32:50.802 [FXGL Background Thread 3 ] DEBUG Engine               - language: ObjectProperty [value: ENGLISH]
15:32:50.802 [FXGL Background Thread 3 ] DEBUG Engine               - menuKey: ESCAPE
15:32:50.802 [FXGL Background Thread 3 ] DEBUG Engine               - mouseSensitivity: 0.2
15:32:50.802 [FXGL Background Thread 3 ] DEBUG Engine               - notificationViewClass: class com.almasb.fxgl.notification.view.XboxNotificationView
15:32:50.803 [FXGL Background Thread 3 ] DEBUG Engine               - pixelsPerMeter: 50.0
15:32:50.803 [FXGL Background Thread 3 ] DEBUG Engine               - platform: WINDOWS
15:32:50.803 [FXGL Background Thread 3 ] DEBUG Engine               - prefHeightProperty: ReadOnlyDoubleProperty [value: 672.0]
15:32:50.803 [FXGL Background Thread 3 ] DEBUG Engine               - prefWidthProperty: ReadOnlyDoubleProperty [value: 672.0]
15:32:50.803 [FXGL Background Thread 3 ] DEBUG Engine               - profileDir: profiles/
15:32:50.804 [FXGL Background Thread 3 ] DEBUG Engine               - profileName: StringProperty [value: DEFAULT]
15:32:50.804 [FXGL Background Thread 3 ] DEBUG Engine               - randomSeed: -1
15:32:50.804 [FXGL Background Thread 3 ] DEBUG Engine               - runtimeInfo: RuntimeInfo(platform=WINDOWS, version=11.16, build=25.05.2021 08.16)
15:32:50.804 [FXGL Background Thread 3 ] DEBUG Engine               - saveFileExt: sav
15:32:50.804 [FXGL Background Thread 3 ] DEBUG Engine               - scaledHeightProp$fxgl: DoubleProperty [bound, value: 1017.0]
15:32:50.805 [FXGL Background Thread 3 ] DEBUG Engine               - scaledWidthProp$fxgl: DoubleProperty [bound, value: 1920.0]
15:32:50.805 [FXGL Background Thread 3 ] DEBUG Engine               - sceneFactory: com.almasb.fxgl.app.scene.SceneFactory@51aac6f0
15:32:50.805 [FXGL Background Thread 3 ] DEBUG Engine               - secondsIn24h: 60
15:32:50.805 [FXGL Background Thread 3 ] DEBUG Engine               - soundMenuBack: menu/back.wav
15:32:50.805 [FXGL Background Thread 3 ] DEBUG Engine               - soundMenuPress: menu/press.wav
15:32:50.806 [FXGL Background Thread 3 ] DEBUG Engine               - soundMenuSelect: menu/select.wav
15:32:50.806 [FXGL Background Thread 3 ] DEBUG Engine               - soundNotification: core/notification.wav
15:32:50.806 [FXGL Background Thread 3 ] DEBUG Engine               - stageStyle: DECORATED
15:32:50.806 [FXGL Background Thread 3 ] DEBUG Engine               - supportedLanguages: [ENGLISH, FRENCH, GERMAN, HUNGARIAN, RUSSIAN]
15:32:50.806 [FXGL Background Thread 3 ] DEBUG Engine               - ticksPerSecond: -1
15:32:50.806 [FXGL Background Thread 3 ] DEBUG Engine               - title: FXGL tower defense
15:32:50.806 [FXGL Background Thread 3 ] DEBUG Engine               - urlGithub: https://github.com/AlmasB/FXGL
15:32:50.807 [FXGL Background Thread 3 ] DEBUG Engine               - urlLeaderboard: http://fxgl-top.herokuapp.com/
15:32:50.807 [FXGL Background Thread 3 ] DEBUG Engine               - urlPOM: https://raw.githubusercontent.com/AlmasB/FXGL/release/README.md
15:32:50.807 [FXGL Background Thread 3 ] DEBUG Engine               - userAppClass: class com.almasb.fxglgames.TowerDefense.TowerDefenseApp
15:32:50.807 [FXGL Background Thread 3 ] DEBUG Engine               - version: 1.0
15:32:50.807 [FXGL Background Thread 3 ] DEBUG Engine               - versionCheckDays: 7
15:32:50.808 [FXGL Background Thread 3 ] DEBUG Engine               - width: 672
15:32:50.808 [FXGL Background Thread 3 ] DEBUG Engine               - Logging services
15:32:50.808 [FXGL Background Thread 3 ] DEBUG Engine               - class com.almasb.fxgl.app.services.FXGLAssetLoaderService
15:32:50.808 [FXGL Background Thread 3 ] DEBUG Engine               - class com.almasb.fxgl.app.FXGLApplication$GameApplicationService
15:32:50.808 [FXGL Background Thread 3 ] DEBUG Engine               - class com.almasb.fxgl.app.services.FXGLDialogService
15:32:50.809 [FXGL Background Thread 3 ] DEBUG Engine               - class com.almasb.fxgl.app.services.IOTaskExecutorService
15:32:50.809 [FXGL Background Thread 3 ] DEBUG Engine               - class com.almasb.fxgl.io.FileSystemService
15:32:50.809 [FXGL Background Thread 3 ] DEBUG Engine               - class com.almasb.fxgl.localization.LocalizationService
15:32:50.809 [FXGL Background Thread 3 ] DEBUG Engine               - class com.almasb.fxgl.app.services.SystemBundleService
15:32:50.809 [FXGL Background Thread 3 ] DEBUG Engine               - class com.almasb.fxgl.profile.SaveLoadService
15:32:50.809 [FXGL Background Thread 3 ] DEBUG Engine               - class com.almasb.fxgl.ui.FXGLUIFactoryServiceProvider
15:32:50.810 [FXGL Background Thread 3 ] DEBUG Engine               - class com.almasb.fxgl.ui.FXGLDialogFactoryServiceProvider
15:32:50.810 [FXGL Background Thread 3 ] DEBUG Engine               - class com.almasb.fxgl.audio.AudioPlayer
15:32:50.810 [FXGL Background Thread 3 ] DEBUG Engine               - class com.almasb.fxgl.notification.impl.NotificationServiceProvider
15:32:50.810 [FXGL Background Thread 3 ] DEBUG Engine               - class com.almasb.fxgl.achievement.AchievementService
15:32:50.810 [FXGL Background Thread 3 ] DEBUG Engine               - class com.almasb.fxgl.cutscene.CutsceneService
15:32:50.810 [FXGL Background Thread 3 ] DEBUG Engine               - class com.almasb.fxgl.minigames.MiniGameService
15:32:50.811 [FXGL Background Thread 3 ] DEBUG Engine               - class com.almasb.fxgl.net.NetService
15:32:50.811 [FXGL Background Thread 3 ] DEBUG Engine               - class com.almasb.fxgl.app.services.UpdaterService
15:32:50.811 [FXGL Background Thread 3 ] DEBUG Engine               - class com.almasb.fxgl.dev.DevService
15:32:51.053 [JavaFX Application Thread] DEBUG FXGLAssetLoaderServi - Loading from file system: file:/C:/Users/zorm1/eclipse-workspace/TowerDefense%20Element/target/classes/assets/textures/towerFireAnime.png
15:32:51.954 [JavaFX Application Thread] DEBUG FXGLApplication      - Exiting FXGL
15:32:51.954 [JavaFX Application Thread] DEBUG LoopRunner           - Stopping loop
15:32:51.955 [JavaFX Application Thread] DEBUG SystemBundleService  - Saving FXGL system data
15:32:51.957 [JavaFX Application Thread] DEBUG FileSystemAccess     - Writing to: C:\Users\zorm1\eclipse-workspace\TowerDefense Element\system\fxgl.bundle
15:32:51.958 [JavaFX Application Thread] DEBUG Async                - Shutting down background threads
15:32:51.958 [JavaFX Application Thread] DEBUG PrimaryStageWindow   - Closing main window
15:32:51.971 [JavaFX Application Thread] DEBUG Logger               - Closing Logger
