01:32:16.706 [main                     ] DEBUG Logger               - Configured Logger
01:32:16.732 [main                     ] DEBUG GameApplication      - Logging settings
Title: RTAIparty
Version: 1.0
Width: 1280
Height: 720
Fullscreen: false
Intro: false
Profiling: false
Single step:false
App Mode: DEVELOPER
Menu Key: ESCAPE
Stage Style: DECORATED
Scene Factory: class ui.RTAISceneFactory

01:32:16.938 [JavaFX Application Thread] DEBUG FXGLApplication      - Initializing FXGL
01:32:16.939 [JavaFX Application Thread] INFO  Engine               - FXGL-11+dev-SNAPSHOT (28.11.2021 18.20) on WINDOWS (J:16.0.2 FX:17.0.0.1)
01:32:16.940 [JavaFX Application Thread] DEBUG Engine               - JRE Vendor Name: Oracle Corporation
01:32:16.940 [JavaFX Application Thread] DEBUG Engine               - Running on OS: Windows 10 version 10.0
01:32:16.940 [JavaFX Application Thread] DEBUG Engine               - Architecture: amd64
01:32:16.940 [JavaFX Application Thread] INFO  Engine               - Source code and latest versions at: https://github.com/AlmasB/FXGL
01:32:16.940 [JavaFX Application Thread] INFO  Engine               -       Ask questions and discuss at: https://github.com/AlmasB/FXGL/discussions
01:32:16.941 [JavaFX Application Thread] INFO  Engine               -              Join the FXGL chat at: https://gitter.im/AlmasB/FXGL
01:32:17.005 [JavaFX Application Thread] DEBUG PrimaryStageWindow   - Creating a JavaFX scene
01:32:17.037 [JavaFX Application Thread] DEBUG PrimaryStageWindow   - Target settings size: 1280.0 x 720.0
01:32:17.037 [JavaFX Application Thread] DEBUG PrimaryStageWindow   - Scaled scene size:    1280.0 x 720.0
01:32:17.038 [JavaFX Application Thread] DEBUG PrimaryStageWindow   - Scaled ratio: (1.0, 1.0)
01:32:17.038 [JavaFX Application Thread] DEBUG PrimaryStageWindow   - Set initial scene to FXGLStartupScene
01:32:17.045 [JavaFX Application Thread] DEBUG PrimaryStageWindow   - Opening main window
01:32:17.100 [JavaFX Application Thread] DEBUG PrimaryStageWindow   - Window border size: (16.0, 39.0)
01:32:17.100 [JavaFX Application Thread] DEBUG PrimaryStageWindow   - Scaled size: 1280.0 x 720.0
01:32:17.100 [JavaFX Application Thread] DEBUG PrimaryStageWindow   - Scaled ratio: (1.0, 1.0)
01:32:17.100 [JavaFX Application Thread] DEBUG PrimaryStageWindow   - Scene size: 1280.0 x 720.0
01:32:17.100 [JavaFX Application Thread] DEBUG PrimaryStageWindow   - Stage size: 1296.0 x 759.0
01:32:17.106 [FXGL Background Thread 1 ] DEBUG Engine               - Initializing environment variables
01:32:17.172 [FXGL Background Thread 1 ] DEBUG FXGLAssetLoaderServi - User app class for loading assets: class com.almasb.fxglgames.RTAIparty.RTAIpartyApp
01:32:17.172 [FXGL Background Thread 1 ] DEBUG GameApplicationServi - Applying CSS: fxgl_dark.css
01:32:17.174 [FXGL Background Thread 1 ] DEBUG FXGLAssetLoaderServi - Loading from file system: jar:file:///C:/Users/zorm1/.m2/repository/com/github/almasb/fxgl/11+dev-SNAPSHOT/fxgl-11+dev-SNAPSHOT.jar!/fxglassets/ui/css/fxgl_dark.css
01:32:17.244 [FXGL Background Thread 1 ] DEBUG GameApplicationServi - Initializing application scenes
01:32:17.297 [FXGL Background Thread 1 ] DEBUG GameWorld            - Game world initialized
01:32:17.365 [FXGL Background Thread 1 ] DEBUG PhysicsWorld         - Physics world initialized: appHeight=720, physics.ppm=50,0
01:32:17.366 [FXGL Background Thread 1 ] DEBUG PhysicsWorld         - Using strategy: BRUTE_FORCE
01:32:17.370 [FXGL Background Thread 1 ] DEBUG GameScene            - Game scene initialized: 1280x720
01:32:17.376 [FXGL Background Thread 1 ] DEBUG FXGLAssetLoaderServi - Loading from file system: file:/C:/Users/zorm1/eclipse-workspace/RTAIparty/target/classes/assets/textures/garcon_blond.png
01:32:17.393 [FXGL Background Thread 1 ] DEBUG FXGLAssetLoaderServi - Loading from file system: file:/C:/Users/zorm1/eclipse-workspace/RTAIparty/target/classes/assets/textures/garcon_brun.png
01:32:17.395 [FXGL Background Thread 1 ] DEBUG FXGLAssetLoaderServi - Loading from file system: file:/C:/Users/zorm1/eclipse-workspace/RTAIparty/target/classes/assets/textures/fille_blonde.png
01:32:17.400 [FXGL Background Thread 1 ] DEBUG FXGLAssetLoaderServi - Loading from file system: file:/C:/Users/zorm1/eclipse-workspace/RTAIparty/target/classes/assets/textures/fille_brune.png
01:32:17.403 [FXGL Background Thread 1 ] DEBUG FXGLAssetLoaderServi - Loading from file system: file:/C:/Users/zorm1/eclipse-workspace/RTAIparty/target/classes/assets/textures/background/classe.png
01:32:17.446 [FXGL Background Thread 1 ] DEBUG FXGLAssetLoaderServi - Loading from file system: file:/C:/Users/zorm1/eclipse-workspace/RTAIparty/target/classes/assets/textures/tableau.png
01:32:17.451 [FXGL Background Thread 1 ] DEBUG FXGLAssetLoaderServi - Loading from file system: file:/C:/Users/zorm1/eclipse-workspace/RTAIparty/target/classes/assets/textures/table.png
01:32:17.469 [FXGL Background Thread 1 ] DEBUG FXGL.DefaultMenu     - createMenuBodyGameMenu()
01:32:17.479 [FXGL Background Thread 1 ] DEBUG FXGL.DefaultMenu     - createOptionsMenu()
01:32:17.483 [FXGL Background Thread 1 ] DEBUG FXGLAssetLoaderServi - Loading from file system: jar:file:///C:/Users/zorm1/.m2/repository/com/github/almasb/fxgl/11+dev-SNAPSHOT/fxgl-11+dev-SNAPSHOT.jar!/fxglassets/textures/particles/smoke.png
01:32:17.541 [FXGL Background Thread 1 ] DEBUG FXGLAssetLoaderServi - Loading from file system: jar:file:///C:/Users/zorm1/.m2/repository/com/github/almasb/fxgl/11+dev-SNAPSHOT/fxgl-11+dev-SNAPSHOT.jar!/fxglassets/textures/particles/trace_horizontal.png
01:32:17.559 [FXGL Background Thread 1 ] DEBUG GameApplicationServi - Application scenes initialized
01:32:17.566 [FXGL Background Thread 1 ] DEBUG SystemBundleService  - Loading FXGL system data
01:32:17.571 [FXGL Background Thread 1 ] DEBUG FileSystemAccess     - Reading from: C:\Users\zorm1\eclipse-workspace\RTAIparty\system\fxgl.bundle
01:32:17.576 [FXGL Background Thread 1 ] DEBUG SystemBundleService  - Bundle FXGL: {}
01:32:17.576 [FXGL Background Thread 1 ] DEBUG UpdaterService       - Checking for updates
01:32:17.578 [FXGL Background Thread 4 ] DEBUG FXGLApplication      - Loading fonts
01:32:17.579 [FXGL Background Thread 1 ] DEBUG FXGLApplication      - Loading default localization
01:32:17.579 [FXGL Background Thread 4 ] DEBUG FXGLAssetLoaderServi - Loading from file system: jar:file:///C:/Users/zorm1/.m2/repository/com/github/almasb/fxgl/11+dev-SNAPSHOT/fxgl-11+dev-SNAPSHOT.jar!/fxglassets/ui/fonts/VarelaRound-Regular.ttf
01:32:17.579 [FXGL Background Thread 1 ] DEBUG FXGLAssetLoaderServi - Loading from file system: jar:file:///C:/Users/zorm1/.m2/repository/com/github/almasb/fxgl/11+dev-SNAPSHOT/fxgl-11+dev-SNAPSHOT.jar!/fxglassets/languages/english.lang
01:32:17.588 [FXGL Background Thread 1 ] INFO  FXGLApplication      - FXGL initialization took: 0,481 sec
01:32:17.590 [JavaFX Application Thread] DEBUG Input                - Registered new binding: clic - LMB
01:32:17.596 [JavaFX Application Thread] DEBUG Input                - Registered new binding: test - E
01:32:17.597 [JavaFX Application Thread] DEBUG FXGLAssetLoaderServi - Loading from file system: jar:file:///C:/Users/zorm1/.m2/repository/com/github/almasb/fxgl/11+dev-SNAPSHOT/fxgl-11+dev-SNAPSHOT.jar!/fxglassets/textures/fxgl_icon.png
01:32:17.612 [JavaFX Application Thread] DEBUG FXGLAssetLoaderServi - Loading from file system: jar:file:///C:/Users/zorm1/.m2/repository/com/github/almasb/fxgl/11+dev-SNAPSHOT/fxgl-11+dev-SNAPSHOT.jar!/fxglassets/textures/fxgl_default_cursor.png
01:32:17.614 [JavaFX Application Thread] DEBUG Input                - Registered new binding: Screenshot - CTRL+8
01:32:17.615 [JavaFX Application Thread] DEBUG Input                - Registered new binding: System info dump - CTRL+9
01:32:17.616 [JavaFX Application Thread] DEBUG Input                - Registered new binding: Restart - CTRL+R
01:32:17.618 [JavaFX Application Thread] DEBUG Input                - Registered new binding: Toggle Debug Camera - CTRL+7
01:32:17.621 [JavaFX Application Thread] DEBUG LoopRunner           - Starting loop
01:32:17.621 [JavaFX Application Thread] DEBUG LoopRunner           - Initializing JavaFX AnimationTimerLoop
01:32:17.623 [JavaFX Application Thread] DEBUG Input                - Clearing active input actions
01:32:17.631 [JavaFX Application Thread] DEBUG GameApplicationServi - Removing overlay from FXGLStartupScene and adding to FXGLMainMenuDummyScene
01:32:17.631 [JavaFX Application Thread] DEBUG PrimaryStageWindow   - FXGLStartupScene -> FXGLMainMenuDummyScene
01:32:17.632 [JavaFX Application Thread] DEBUG PrimaryStageWindow   - Push state: RTAIpartyMainMenu
01:32:17.633 [JavaFX Application Thread] DEBUG Input                - Clearing active input actions
01:32:17.637 [JavaFX Application Thread] DEBUG GameApplicationServi - Removing overlay from FXGLMainMenuDummyScene and adding to RTAIpartyMainMenu
01:32:17.638 [JavaFX Application Thread] DEBUG PrimaryStageWindow   - FXGLMainMenuDummyScene -> RTAIpartyMainMenu
01:32:17.646 [FXGL Background Thread 4 ] DEBUG FXGLAssetLoaderServi - Loading from file system: jar:file:///C:/Users/zorm1/.m2/repository/com/github/almasb/fxgl/11+dev-SNAPSHOT/fxgl-11+dev-SNAPSHOT.jar!/fxglassets/ui/fonts/Abel-Regular.ttf
01:32:17.663 [FXGL Background Thread 4 ] DEBUG FXGLAssetLoaderServi - Loading from file system: jar:file:///C:/Users/zorm1/.m2/repository/com/github/almasb/fxgl/11+dev-SNAPSHOT/fxgl-11+dev-SNAPSHOT.jar!/fxglassets/ui/fonts/lucida_console.ttf
01:32:17.683 [FXGL Background Thread 4 ] DEBUG FXGLAssetLoaderServi - Loading from file system: jar:file:///C:/Users/zorm1/.m2/repository/com/github/almasb/fxgl/11+dev-SNAPSHOT/fxgl-11+dev-SNAPSHOT.jar!/fxglassets/ui/fonts/Courier-Prime.ttf
01:32:17.705 [JavaFX Application Thread] DEBUG FXGLApplication      - Registering font factories with UI factory
01:32:18.078 [FXGL Background Thread 2 ] INFO  UpdaterService       - Your current version:  11+dev-SNAPSHOT
01:32:18.078 [FXGL Background Thread 2 ] INFO  UpdaterService       - Latest stable version: 11.17
01:32:20.579 [FXGL Background Thread 3 ] DEBUG Engine               - Logging environment variables
01:32:20.579 [FXGL Background Thread 3 ] DEBUG Engine               - achievements: []
01:32:20.579 [FXGL Background Thread 3 ] DEBUG Engine               - actualHeight: 720.0
01:32:20.579 [FXGL Background Thread 3 ] DEBUG Engine               - actualHeightProperty: ReadOnlyDoubleProperty [value: 720.0]
01:32:20.580 [FXGL Background Thread 3 ] DEBUG Engine               - actualWidth: 1280.0
01:32:20.580 [FXGL Background Thread 3 ] DEBUG Engine               - actualWidthProperty: ReadOnlyDoubleProperty [value: 1280.0]
01:32:20.580 [FXGL Background Thread 3 ] DEBUG Engine               - appIcon: fxgl_icon.png
01:32:20.580 [FXGL Background Thread 3 ] DEBUG Engine               - applicationMode: DEVELOPER
01:32:20.580 [FXGL Background Thread 3 ] DEBUG Engine               - cSSList: [fxgl_dark.css]
01:32:20.580 [FXGL Background Thread 3 ] DEBUG Engine               - collisionDetectionStrategy: BRUTE_FORCE
01:32:20.580 [FXGL Background Thread 3 ] DEBUG Engine               - configClass: Optional.empty
01:32:20.580 [FXGL Background Thread 3 ] DEBUG Engine               - credits: []
01:32:20.580 [FXGL Background Thread 3 ] DEBUG Engine               - defaultCursor: CursorInfo(imageName=fxgl_default_cursor.png, hotspotX=7.0, hotspotY=6.0)
01:32:20.581 [FXGL Background Thread 3 ] DEBUG Engine               - devBBoxColorProperty: ObjectProperty [value: 0xff0000ff]
01:32:20.581 [FXGL Background Thread 3 ] DEBUG Engine               - devEnableDebugCameraProperty: BooleanProperty [value: false]
01:32:20.581 [FXGL Background Thread 3 ] DEBUG Engine               - devSensorColorProperty: ObjectProperty [value: 0xffff00ff]
01:32:20.581 [FXGL Background Thread 3 ] DEBUG Engine               - devShowBBoxProperty: BooleanProperty [value: false]
01:32:20.581 [FXGL Background Thread 3 ] DEBUG Engine               - devShowPositionProperty: BooleanProperty [value: false]
01:32:20.582 [FXGL Background Thread 3 ] DEBUG Engine               - enabledMenuItems: []
01:32:20.582 [FXGL Background Thread 3 ] DEBUG Engine               - engineServices: [class com.almasb.fxgl.app.services.FXGLAssetLoaderService, class com.almasb.fxgl.app.FXGLApplication$GameApplicationService, class com.almasb.fxgl.app.services.FXGLDialogService, class com.almasb.fxgl.app.services.IOTaskExecutorService, class com.almasb.fxgl.io.FileSystemService, class com.almasb.fxgl.localization.LocalizationService, class com.almasb.fxgl.app.services.SystemBundleService, class com.almasb.fxgl.profile.SaveLoadService, class com.almasb.fxgl.ui.FXGLUIFactoryServiceProvider, class com.almasb.fxgl.ui.FXGLDialogFactoryServiceProvider, class com.almasb.fxgl.audio.AudioPlayer, class com.almasb.fxgl.notification.impl.NotificationServiceProvider, class com.almasb.fxgl.achievement.AchievementService, class com.almasb.fxgl.cutscene.CutsceneService, class com.almasb.fxgl.minigames.MiniGameService, class com.almasb.fxgl.net.NetService, class com.almasb.fxgl.app.services.UpdaterService, class com.almasb.fxgl.dev.DevService]
01:32:20.582 [FXGL Background Thread 3 ] DEBUG Engine               - fontGame: Abel-Regular.ttf
01:32:20.582 [FXGL Background Thread 3 ] DEBUG Engine               - fontMono: lucida_console.ttf
01:32:20.582 [FXGL Background Thread 3 ] DEBUG Engine               - fontText: Courier-Prime.ttf
01:32:20.582 [FXGL Background Thread 3 ] DEBUG Engine               - fontUI: VarelaRound-Regular.ttf
01:32:20.582 [FXGL Background Thread 3 ] DEBUG Engine               - fullScreen: BooleanProperty [value: false]
01:32:20.582 [FXGL Background Thread 3 ] DEBUG Engine               - gameDifficulty: MEDIUM
01:32:20.582 [FXGL Background Thread 3 ] DEBUG Engine               - gameDifficultyProperty: ObjectProperty [value: MEDIUM]
01:32:20.583 [FXGL Background Thread 3 ] DEBUG Engine               - globalMusicVolume: 0.5
01:32:20.583 [FXGL Background Thread 3 ] DEBUG Engine               - globalMusicVolumeProperty: DoubleProperty [value: 0.5]
01:32:20.583 [FXGL Background Thread 3 ] DEBUG Engine               - globalSoundVolume: 0.5
01:32:20.583 [FXGL Background Thread 3 ] DEBUG Engine               - globalSoundVolumeProperty: DoubleProperty [value: 0.5]
01:32:20.583 [FXGL Background Thread 3 ] DEBUG Engine               - height: 720
01:32:20.583 [FXGL Background Thread 3 ] DEBUG Engine               - is3D: false
01:32:20.583 [FXGL Background Thread 3 ] DEBUG Engine               - isAndroid: false
01:32:20.583 [FXGL Background Thread 3 ] DEBUG Engine               - isBrowser: false
01:32:20.584 [FXGL Background Thread 3 ] DEBUG Engine               - isClickFeedbackEnabled: false
01:32:20.584 [FXGL Background Thread 3 ] DEBUG Engine               - isCloseConfirmation: false
01:32:20.584 [FXGL Background Thread 3 ] DEBUG Engine               - isDesktop: true
01:32:20.584 [FXGL Background Thread 3 ] DEBUG Engine               - isDeveloperMenuEnabled: false
01:32:20.584 [FXGL Background Thread 3 ] DEBUG Engine               - isEmbedded: false
01:32:20.584 [FXGL Background Thread 3 ] DEBUG Engine               - isEntityPreloadEnabled: true
01:32:20.584 [FXGL Background Thread 3 ] DEBUG Engine               - isExperimentalTiledLargeMap: false
01:32:20.584 [FXGL Background Thread 3 ] DEBUG Engine               - isFileSystemWriteAllowed: true
01:32:20.584 [FXGL Background Thread 3 ] DEBUG Engine               - isFullScreenAllowed: false
01:32:20.584 [FXGL Background Thread 3 ] DEBUG Engine               - isFullScreenFromStart: false
01:32:20.585 [FXGL Background Thread 3 ] DEBUG Engine               - isGameMenuEnabled: true
01:32:20.585 [FXGL Background Thread 3 ] DEBUG Engine               - isIOS: false
01:32:20.585 [FXGL Background Thread 3 ] DEBUG Engine               - isIntroEnabled: false
01:32:20.585 [FXGL Background Thread 3 ] DEBUG Engine               - isLinux: false
01:32:20.585 [FXGL Background Thread 3 ] DEBUG Engine               - isMac: false
01:32:20.586 [FXGL Background Thread 3 ] DEBUG Engine               - isMainMenuEnabled: true
01:32:20.586 [FXGL Background Thread 3 ] DEBUG Engine               - isManualResizeEnabled: true
01:32:20.586 [FXGL Background Thread 3 ] DEBUG Engine               - isMobile: false
01:32:20.586 [FXGL Background Thread 3 ] DEBUG Engine               - isNative: false
01:32:20.586 [FXGL Background Thread 3 ] DEBUG Engine               - isPauseMusicWhenMinimized: true
01:32:20.586 [FXGL Background Thread 3 ] DEBUG Engine               - isPreserveResizeRatio: true
01:32:20.586 [FXGL Background Thread 3 ] DEBUG Engine               - isProfilingEnabled: false
01:32:20.586 [FXGL Background Thread 3 ] DEBUG Engine               - isScaleAffectedOnResize: true
01:32:20.586 [FXGL Background Thread 3 ] DEBUG Engine               - isSingleStep: false
01:32:20.586 [FXGL Background Thread 3 ] DEBUG Engine               - isUserProfileEnabled: false
01:32:20.587 [FXGL Background Thread 3 ] DEBUG Engine               - isWindows: true
01:32:20.587 [FXGL Background Thread 3 ] DEBUG Engine               - language: ObjectProperty [value: ENGLISH]
01:32:20.587 [FXGL Background Thread 3 ] DEBUG Engine               - menuKey: ESCAPE
01:32:20.587 [FXGL Background Thread 3 ] DEBUG Engine               - mouseSensitivity: 0.2
01:32:20.587 [FXGL Background Thread 3 ] DEBUG Engine               - notificationViewClass: class com.almasb.fxgl.notification.view.XboxNotificationView
01:32:20.587 [FXGL Background Thread 3 ] DEBUG Engine               - pixelsPerMeter: 50.0
01:32:20.587 [FXGL Background Thread 3 ] DEBUG Engine               - platform: WINDOWS
01:32:20.587 [FXGL Background Thread 3 ] DEBUG Engine               - prefHeightProperty: ReadOnlyDoubleProperty [value: 720.0]
01:32:20.587 [FXGL Background Thread 3 ] DEBUG Engine               - prefWidthProperty: ReadOnlyDoubleProperty [value: 1280.0]
01:32:20.588 [FXGL Background Thread 3 ] DEBUG Engine               - profileDir: profiles/
01:32:20.588 [FXGL Background Thread 3 ] DEBUG Engine               - profileName: StringProperty [value: DEFAULT]
01:32:20.588 [FXGL Background Thread 3 ] DEBUG Engine               - randomSeed: -1
01:32:20.588 [FXGL Background Thread 3 ] DEBUG Engine               - runtimeInfo: RuntimeInfo(platform=WINDOWS, version=11+dev-SNAPSHOT, build=28.11.2021 18.20)
01:32:20.588 [FXGL Background Thread 3 ] DEBUG Engine               - saveFileExt: sav
01:32:20.588 [FXGL Background Thread 3 ] DEBUG Engine               - scaledHeightProp$fxgl: DoubleProperty [bound, value: 720.0]
01:32:20.588 [FXGL Background Thread 3 ] DEBUG Engine               - scaledWidthProp$fxgl: DoubleProperty [bound, value: 1280.0]
01:32:20.588 [FXGL Background Thread 3 ] DEBUG Engine               - sceneFactory: ui.RTAISceneFactory@19765c96
01:32:20.589 [FXGL Background Thread 3 ] DEBUG Engine               - secondsIn24h: 60
01:32:20.589 [FXGL Background Thread 3 ] DEBUG Engine               - soundMenuBack: menu/back.wav
01:32:20.589 [FXGL Background Thread 3 ] DEBUG Engine               - soundMenuPress: menu/press.wav
01:32:20.589 [FXGL Background Thread 3 ] DEBUG Engine               - soundMenuSelect: menu/select.wav
01:32:20.589 [FXGL Background Thread 3 ] DEBUG Engine               - soundNotification: core/notification.wav
01:32:20.589 [FXGL Background Thread 3 ] DEBUG Engine               - stageStyle: DECORATED
01:32:20.589 [FXGL Background Thread 3 ] DEBUG Engine               - supportedLanguages: [ENGLISH, FRENCH, GERMAN, HUNGARIAN, RUSSIAN]
01:32:20.589 [FXGL Background Thread 3 ] DEBUG Engine               - ticksPerSecond: -1
01:32:20.589 [FXGL Background Thread 3 ] DEBUG Engine               - title: RTAIparty
01:32:20.590 [FXGL Background Thread 3 ] DEBUG Engine               - urlGithub: https://github.com/AlmasB/FXGL
01:32:20.590 [FXGL Background Thread 3 ] DEBUG Engine               - urlLeaderboard: http://fxgl-top.herokuapp.com/
01:32:20.590 [FXGL Background Thread 3 ] DEBUG Engine               - urlPOM: https://raw.githubusercontent.com/AlmasB/FXGL/release/README.md
01:32:20.590 [FXGL Background Thread 3 ] DEBUG Engine               - userAppClass: class com.almasb.fxglgames.RTAIparty.RTAIpartyApp
01:32:20.590 [FXGL Background Thread 3 ] DEBUG Engine               - version: 1.0
01:32:20.590 [FXGL Background Thread 3 ] DEBUG Engine               - versionCheckDays: 7
01:32:20.590 [FXGL Background Thread 3 ] DEBUG Engine               - width: 1280
01:32:20.590 [FXGL Background Thread 3 ] DEBUG Engine               - Logging services
01:32:20.591 [FXGL Background Thread 3 ] DEBUG Engine               - class com.almasb.fxgl.app.services.FXGLAssetLoaderService
01:32:20.591 [FXGL Background Thread 3 ] DEBUG Engine               - class com.almasb.fxgl.app.FXGLApplication$GameApplicationService
01:32:20.591 [FXGL Background Thread 3 ] DEBUG Engine               - class com.almasb.fxgl.app.services.FXGLDialogService
01:32:20.591 [FXGL Background Thread 3 ] DEBUG Engine               - class com.almasb.fxgl.app.services.IOTaskExecutorService
01:32:20.591 [FXGL Background Thread 3 ] DEBUG Engine               - class com.almasb.fxgl.io.FileSystemService
01:32:20.591 [FXGL Background Thread 3 ] DEBUG Engine               - class com.almasb.fxgl.localization.LocalizationService
01:32:20.591 [FXGL Background Thread 3 ] DEBUG Engine               - class com.almasb.fxgl.app.services.SystemBundleService
01:32:20.591 [FXGL Background Thread 3 ] DEBUG Engine               - class com.almasb.fxgl.profile.SaveLoadService
01:32:20.591 [FXGL Background Thread 3 ] DEBUG Engine               - class com.almasb.fxgl.ui.FXGLUIFactoryServiceProvider
01:32:20.591 [FXGL Background Thread 3 ] DEBUG Engine               - class com.almasb.fxgl.ui.FXGLDialogFactoryServiceProvider
01:32:20.591 [FXGL Background Thread 3 ] DEBUG Engine               - class com.almasb.fxgl.audio.AudioPlayer
01:32:20.592 [FXGL Background Thread 3 ] DEBUG Engine               - class com.almasb.fxgl.notification.impl.NotificationServiceProvider
01:32:20.592 [FXGL Background Thread 3 ] DEBUG Engine               - class com.almasb.fxgl.achievement.AchievementService
01:32:20.592 [FXGL Background Thread 3 ] DEBUG Engine               - class com.almasb.fxgl.cutscene.CutsceneService
01:32:20.592 [FXGL Background Thread 3 ] DEBUG Engine               - class com.almasb.fxgl.minigames.MiniGameService
01:32:20.592 [FXGL Background Thread 3 ] DEBUG Engine               - class com.almasb.fxgl.net.NetService
01:32:20.592 [FXGL Background Thread 3 ] DEBUG Engine               - class com.almasb.fxgl.app.services.UpdaterService
01:32:20.592 [FXGL Background Thread 3 ] DEBUG Engine               - class com.almasb.fxgl.dev.DevService
01:32:20.978 [JavaFX Application Thread] DEBUG Menu                 - fireNewGame()
01:32:20.979 [JavaFX Application Thread] DEBUG GameApplicationServi - Starting new game
01:32:20.979 [JavaFX Application Thread] DEBUG PrimaryStageWindow   - Pop state: RTAIpartyMainMenu
01:32:20.979 [JavaFX Application Thread] DEBUG Input                - Clearing active input actions
01:32:20.979 [JavaFX Application Thread] DEBUG GameApplicationServi - Removing overlay from RTAIpartyMainMenu and adding to FXGLMainMenuDummyScene
01:32:20.979 [JavaFX Application Thread] DEBUG PrimaryStageWindow   - FXGLMainMenuDummyScene <- RTAIpartyMainMenu
01:32:20.979 [JavaFX Application Thread] DEBUG Input                - Clearing active input actions
01:32:20.984 [JavaFX Application Thread] DEBUG GameApplicationServi - Removing overlay from FXGLMainMenuDummyScene and adding to FXGLLoadingScene
01:32:20.984 [JavaFX Application Thread] DEBUG PrimaryStageWindow   - FXGLMainMenuDummyScene -> FXGLLoadingScene
01:32:20.985 [JavaFX Application Thread] DEBUG GameApplicationServi - Clearing previous game
01:32:20.985 [JavaFX Application Thread] DEBUG GameScene            - Clearing game scene
01:32:20.985 [JavaFX Application Thread] DEBUG GameWorld            - Clearing game world
01:32:20.985 [JavaFX Application Thread] DEBUG PhysicsWorld         - Clearing physics world
01:32:20.986 [FXGL Background Thread 2 ] DEBUG FXGLApplication      - Initializing game
01:32:20.987 [FXGL Background Thread 2 ] INFO  FXGLApplication      - Game initialization took: 0,001 sec
01:32:20.992 [JavaFX Application Thread] DEBUG GameWorld            - Game world initialized
01:32:20.992 [JavaFX Application Thread] DEBUG PhysicsWorld         - Physics world initialized: appHeight=720, physics.ppm=50,0
01:32:20.993 [JavaFX Application Thread] DEBUG PhysicsWorld         - Using strategy: BRUTE_FORCE
01:32:20.993 [JavaFX Application Thread] DEBUG GameScene            - Game scene initialized: 1280x720
01:32:20.993 [JavaFX Application Thread] DEBUG Input                - Registered new binding: Fin - E
01:32:20.993 [JavaFX Application Thread] DEBUG Input                - Registered new binding: Up - Up
01:32:20.993 [JavaFX Application Thread] DEBUG Input                - Registered new binding: Down - Down
01:32:20.994 [JavaFX Application Thread] DEBUG Input                - Registered new binding: Left - Left
01:32:20.994 [JavaFX Application Thread] DEBUG Input                - Registered new binding: Right - Right
01:32:20.994 [JavaFX Application Thread] DEBUG Input                - Registered new binding: Start - Enter
01:32:21.000 [JavaFX Application Thread] DEBUG FXGLAssetLoaderServi - Loading from file system: file:/C:/Users/zorm1/eclipse-workspace/RTAIparty/target/classes/assets/textures/background/decordodge.png
01:32:21.019 [JavaFX Application Thread] DEBUG FXGLAssetLoaderServi - Loading from file system: file:/C:/Users/zorm1/eclipse-workspace/RTAIparty/target/classes/assets/textures/garcon_blond_dodge.png
01:32:21.057 [JavaFX Application Thread] DEBUG Input                - Clearing active input actions
01:32:21.062 [JavaFX Application Thread] DEBUG GameApplicationServi - Removing overlay from FXGLLoadingScene and adding to GameScene
01:32:21.062 [JavaFX Application Thread] DEBUG PrimaryStageWindow   - FXGLLoadingScene -> GameScene
01:32:21.064 [JavaFX Application Thread] DEBUG PrimaryStageWindow   - Push state: DodgeSubScene
01:32:21.064 [JavaFX Application Thread] DEBUG Input                - Clearing active input actions
01:32:21.065 [JavaFX Application Thread] DEBUG GameApplicationServi - Removing overlay from GameScene and adding to DodgeSubScene
01:32:21.066 [JavaFX Application Thread] DEBUG PrimaryStageWindow   - GameScene -> DodgeSubScene
01:32:21.410 [JavaFX Application Thread] DEBUG PrimaryStageWindow   - Pop state: DodgeSubScene
01:32:21.410 [JavaFX Application Thread] DEBUG Input                - Clearing active input actions
01:32:21.410 [JavaFX Application Thread] DEBUG GameApplicationServi - Removing overlay from DodgeSubScene and adding to GameScene
01:32:21.411 [JavaFX Application Thread] DEBUG PrimaryStageWindow   - GameScene <- DodgeSubScene
01:32:21.412 [JavaFX Application Thread] DEBUG GameWorld            - Game world initialized
01:32:21.413 [JavaFX Application Thread] DEBUG PhysicsWorld         - Physics world initialized: appHeight=720, physics.ppm=50,0
01:32:21.413 [JavaFX Application Thread] DEBUG PhysicsWorld         - Using strategy: BRUTE_FORCE
01:32:21.413 [JavaFX Application Thread] DEBUG GameScene            - Game scene initialized: 1280x720
01:32:21.413 [JavaFX Application Thread] DEBUG Input                - Registered new binding: Fin - E
01:32:21.413 [JavaFX Application Thread] DEBUG Input                - Registered new binding: Up - Up
01:32:21.414 [JavaFX Application Thread] DEBUG Input                - Registered new binding: Down - Down
01:32:21.414 [JavaFX Application Thread] DEBUG Input                - Registered new binding: Left - Left
01:32:21.414 [JavaFX Application Thread] DEBUG Input                - Registered new binding: Right - Right
01:32:21.414 [JavaFX Application Thread] DEBUG Input                - Registered new binding: Start - Enter
01:32:21.417 [JavaFX Application Thread] DEBUG FXGLAssetLoaderServi - Loading from file system: file:/C:/Users/zorm1/eclipse-workspace/RTAIparty/target/classes/assets/textures/garcon_brun_dodge.png
01:32:21.420 [JavaFX Application Thread] DEBUG PrimaryStageWindow   - Push state: DodgeSubScene
01:32:21.420 [JavaFX Application Thread] DEBUG Input                - Clearing active input actions
01:32:21.420 [JavaFX Application Thread] DEBUG GameApplicationServi - Removing overlay from GameScene and adding to DodgeSubScene
01:32:21.421 [JavaFX Application Thread] DEBUG PrimaryStageWindow   - GameScene -> DodgeSubScene
01:32:21.555 [JavaFX Application Thread] DEBUG PrimaryStageWindow   - Pop state: DodgeSubScene
01:32:21.555 [JavaFX Application Thread] DEBUG Input                - Clearing active input actions
01:32:21.555 [JavaFX Application Thread] DEBUG GameApplicationServi - Removing overlay from DodgeSubScene and adding to GameScene
01:32:21.555 [JavaFX Application Thread] DEBUG PrimaryStageWindow   - GameScene <- DodgeSubScene
01:32:21.557 [JavaFX Application Thread] DEBUG GameWorld            - Game world initialized
01:32:21.558 [JavaFX Application Thread] DEBUG PhysicsWorld         - Physics world initialized: appHeight=720, physics.ppm=50,0
01:32:21.558 [JavaFX Application Thread] DEBUG PhysicsWorld         - Using strategy: BRUTE_FORCE
01:32:21.559 [JavaFX Application Thread] DEBUG GameScene            - Game scene initialized: 1280x720
01:32:21.562 [JavaFX Application Thread] DEBUG PrimaryStageWindow   - Push state: EndgameSubScene
01:32:21.562 [JavaFX Application Thread] DEBUG Input                - Clearing active input actions
01:32:21.562 [JavaFX Application Thread] DEBUG GameApplicationServi - Removing overlay from GameScene and adding to EndgameSubScene
01:32:21.562 [JavaFX Application Thread] DEBUG PrimaryStageWindow   - GameScene -> EndgameSubScene
01:32:30.139 [JavaFX Application Thread] DEBUG FXGLApplication      - Exiting FXGL
01:32:30.139 [JavaFX Application Thread] DEBUG LoopRunner           - Stopping loop
01:32:30.139 [JavaFX Application Thread] DEBUG SystemBundleService  - Saving FXGL system data
01:32:30.140 [JavaFX Application Thread] DEBUG FileSystemAccess     - Writing to: C:\Users\zorm1\eclipse-workspace\RTAIparty\system\fxgl.bundle
01:32:30.141 [JavaFX Application Thread] DEBUG Async                - Shutting down background threads
01:32:30.141 [JavaFX Application Thread] DEBUG PrimaryStageWindow   - Closing main window
01:32:30.156 [JavaFX Application Thread] DEBUG Logger               - Closing Logger
