23:26:43.208 [main                     ] DEBUG Logger               - Configured Logger
23:26:43.257 [main                     ] DEBUG GameApplication      - Logging settings
Title: RTAIparty
Version: 1.0
Width: 1280
Height: 720
Fullscreen: false
Intro: false
Profiling: false
Single step:false
App Mode: DEVELOPER
Menu Key: ESCAPE
Stage Style: DECORATED
Scene Factory: class ui.RTAISceneFactory

23:26:43.789 [JavaFX Application Thread] DEBUG FXGLApplication      - Initializing FXGL
23:26:43.792 [JavaFX Application Thread] INFO  Engine               - FXGL-11.17 (16.07.2021 15.46) on WINDOWS (J:16.0.2 FX:16)
23:26:43.793 [JavaFX Application Thread] DEBUG Engine               - JRE Vendor Name: Oracle Corporation
23:26:43.793 [JavaFX Application Thread] DEBUG Engine               - Running on OS: Windows 10 version 10.0
23:26:43.794 [JavaFX Application Thread] DEBUG Engine               - Architecture: amd64
23:26:43.794 [JavaFX Application Thread] INFO  Engine               - Source code and latest versions at: https://github.com/AlmasB/FXGL
23:26:43.794 [JavaFX Application Thread] INFO  Engine               -              Join the FXGL chat at: https://gitter.im/AlmasB/FXGL
23:26:43.922 [JavaFX Application Thread] DEBUG PrimaryStageWindow   - Creating a JavaFX scene
23:26:43.997 [JavaFX Application Thread] DEBUG PrimaryStageWindow   - Target settings size: 1280.0 x 720.0
23:26:43.997 [JavaFX Application Thread] DEBUG PrimaryStageWindow   - Scaled scene size:    1280.0 x 720.0
23:26:43.997 [JavaFX Application Thread] DEBUG PrimaryStageWindow   - Scaled ratio: (1.0, 1.0)
23:26:43.998 [JavaFX Application Thread] DEBUG PrimaryStageWindow   - Set initial scene to FXGLStartupScene
23:26:44.007 [JavaFX Application Thread] DEBUG PrimaryStageWindow   - Opening main window
23:26:44.115 [JavaFX Application Thread] DEBUG PrimaryStageWindow   - Window border size: (8.0, 28.0)
23:26:44.115 [JavaFX Application Thread] DEBUG PrimaryStageWindow   - Scaled size: 1280.0 x 720.0
23:26:44.115 [JavaFX Application Thread] DEBUG PrimaryStageWindow   - Scaled ratio: (1.0, 1.0)
23:26:44.115 [JavaFX Application Thread] DEBUG PrimaryStageWindow   - Scene size: 1280.0 x 720.0
23:26:44.116 [JavaFX Application Thread] DEBUG PrimaryStageWindow   - Stage size: 1288.0 x 748.0
23:26:44.126 [FXGL Background Thread 1 ] DEBUG Engine               - Initializing environment variables
23:26:44.196 [FXGL Background Thread 1 ] DEBUG FXGLAssetLoaderServi - User app class for loading assets: class com.almasb.fxglgames.RTAIparty.RTAIpartyApp
23:26:44.196 [FXGL Background Thread 1 ] DEBUG GameApplicationServi - Applying CSS: fxgl_dark.css
23:26:44.197 [FXGL Background Thread 1 ] DEBUG FXGLAssetLoaderServi - Loading from file system: jar:file:///C:/Users/moi/.m2/repository/com/github/almasb/fxgl/11.17/fxgl-11.17.jar!/fxglassets/ui/css/fxgl_dark.css
23:26:44.276 [FXGL Background Thread 1 ] DEBUG GameApplicationServi - Initializing application scenes
23:26:44.325 [FXGL Background Thread 1 ] DEBUG GameWorld            - Game world initialized
23:26:44.413 [FXGL Background Thread 1 ] DEBUG PhysicsWorld         - Physics world initialized: appHeight=720, physics.ppm=50,0
23:26:44.414 [FXGL Background Thread 1 ] DEBUG PhysicsWorld         - Using strategy: BRUTE_FORCE
23:26:44.418 [FXGL Background Thread 1 ] DEBUG GameScene            - Game scene initialized: 1280x720
23:26:44.427 [FXGL Background Thread 1 ] DEBUG FXGLAssetLoaderServi - Loading from file system: file:/C:/Users/moi/java-workspace/RTAIparty/target/classes/assets/textures/garcon_blond.png
23:26:44.446 [FXGL Background Thread 1 ] DEBUG FXGLAssetLoaderServi - Loading from file system: file:/C:/Users/moi/java-workspace/RTAIparty/target/classes/assets/textures/garcon_brun.png
23:26:44.448 [FXGL Background Thread 1 ] DEBUG FXGLAssetLoaderServi - Loading from file system: file:/C:/Users/moi/java-workspace/RTAIparty/target/classes/assets/textures/fille_blonde.png
23:26:44.450 [FXGL Background Thread 1 ] DEBUG FXGLAssetLoaderServi - Loading from file system: file:/C:/Users/moi/java-workspace/RTAIparty/target/classes/assets/textures/fille_brune.png
23:26:44.452 [FXGL Background Thread 1 ] DEBUG FXGLAssetLoaderServi - Loading from file system: file:/C:/Users/moi/java-workspace/RTAIparty/target/classes/assets/textures/background/classe.png
23:26:44.533 [FXGL Background Thread 1 ] DEBUG FXGLAssetLoaderServi - Loading from file system: file:/C:/Users/moi/java-workspace/RTAIparty/target/classes/assets/textures/tableau.png
23:26:44.552 [FXGL Background Thread 1 ] DEBUG FXGLAssetLoaderServi - Loading from file system: file:/C:/Users/moi/java-workspace/RTAIparty/target/classes/assets/textures/table.png
23:26:44.575 [FXGL Background Thread 1 ] DEBUG FXGL.DefaultMenu     - createMenuBodyGameMenu()
23:26:44.587 [FXGL Background Thread 1 ] DEBUG FXGL.DefaultMenu     - createOptionsMenu()
23:26:44.597 [FXGL Background Thread 1 ] DEBUG FXGLAssetLoaderServi - Loading from file system: jar:file:///C:/Users/moi/.m2/repository/com/github/almasb/fxgl/11.17/fxgl-11.17.jar!/fxglassets/textures/particles/smoke.png
23:26:44.749 [FXGL Background Thread 1 ] DEBUG FXGLAssetLoaderServi - Loading from file system: jar:file:///C:/Users/moi/.m2/repository/com/github/almasb/fxgl/11.17/fxgl-11.17.jar!/fxglassets/textures/particles/trace_horizontal.png
23:26:44.791 [FXGL Background Thread 1 ] DEBUG GameApplicationServi - Application scenes initialized
23:26:44.804 [FXGL Background Thread 1 ] DEBUG SystemBundleService  - Loading FXGL system data
23:26:44.811 [FXGL Background Thread 1 ] DEBUG FileSystemAccess     - Reading from: C:\Users\moi\java-workspace\RTAIparty\system\fxgl.bundle
23:26:44.821 [FXGL Background Thread 1 ] DEBUG SystemBundleService  - Bundle FXGL: {}
23:26:44.821 [FXGL Background Thread 1 ] DEBUG UpdaterService       - Checking for updates
23:26:44.826 [FXGL Background Thread 4 ] DEBUG FXGLApplication      - Loading fonts
23:26:44.827 [FXGL Background Thread 1 ] DEBUG FXGLApplication      - Loading default localization
23:26:44.827 [FXGL Background Thread 4 ] DEBUG FXGLAssetLoaderServi - Loading from file system: jar:file:///C:/Users/moi/.m2/repository/com/github/almasb/fxgl/11.17/fxgl-11.17.jar!/fxglassets/ui/fonts/VarelaRound-Regular.ttf
23:26:44.827 [FXGL Background Thread 1 ] DEBUG FXGLAssetLoaderServi - Loading from file system: jar:file:///C:/Users/moi/.m2/repository/com/github/almasb/fxgl/11.17/fxgl-11.17.jar!/fxglassets/languages/english.lang
23:26:44.849 [FXGL Background Thread 1 ] INFO  FXGLApplication      - FXGL initialization took: 0,723 sec
23:26:44.863 [JavaFX Application Thread] DEBUG Input                - Registered new binding: clic - LMB
23:26:44.875 [JavaFX Application Thread] DEBUG Input                - Registered new binding: test - E
23:26:44.876 [JavaFX Application Thread] DEBUG FXGLAssetLoaderServi - Loading from file system: jar:file:///C:/Users/moi/.m2/repository/com/github/almasb/fxgl/11.17/fxgl-11.17.jar!/fxglassets/textures/fxgl_icon.png
23:26:44.908 [JavaFX Application Thread] DEBUG FXGLAssetLoaderServi - Loading from file system: jar:file:///C:/Users/moi/.m2/repository/com/github/almasb/fxgl/11.17/fxgl-11.17.jar!/fxglassets/textures/fxgl_default_cursor.png
23:26:44.911 [JavaFX Application Thread] DEBUG Input                - Registered new binding: Screenshot - CTRL+8
23:26:44.912 [JavaFX Application Thread] DEBUG Input                - Registered new binding: System info dump - CTRL+9
23:26:44.913 [JavaFX Application Thread] DEBUG Input                - Registered new binding: Restart - CTRL+R
23:26:44.914 [JavaFX Application Thread] DEBUG Input                - Registered new binding: Toggle Debug Camera - CTRL+C
23:26:44.917 [JavaFX Application Thread] DEBUG LoopRunner           - Starting loop
23:26:44.917 [JavaFX Application Thread] DEBUG LoopRunner           - Initializing JavaFX AnimationTimerLoop
23:26:44.922 [JavaFX Application Thread] DEBUG Input                - Clearing active input actions
23:26:44.936 [JavaFX Application Thread] DEBUG GameApplicationServi - Removing overlay from FXGLStartupScene and adding to FXGLMainMenuDummyScene
23:26:44.936 [JavaFX Application Thread] DEBUG PrimaryStageWindow   - FXGLStartupScene -> FXGLMainMenuDummyScene
23:26:44.937 [JavaFX Application Thread] DEBUG PrimaryStageWindow   - Push state: RTAIpartyMainMenu
23:26:44.937 [JavaFX Application Thread] DEBUG Input                - Clearing active input actions
23:26:44.944 [JavaFX Application Thread] DEBUG GameApplicationServi - Removing overlay from FXGLMainMenuDummyScene and adding to RTAIpartyMainMenu
23:26:44.945 [JavaFX Application Thread] DEBUG PrimaryStageWindow   - FXGLMainMenuDummyScene -> RTAIpartyMainMenu
23:26:45.099 [FXGL Background Thread 4 ] DEBUG FXGLAssetLoaderServi - Loading from file system: jar:file:///C:/Users/moi/.m2/repository/com/github/almasb/fxgl/11.17/fxgl-11.17.jar!/fxglassets/ui/fonts/Abel-Regular.ttf
23:26:45.115 [FXGL Background Thread 4 ] DEBUG FXGLAssetLoaderServi - Loading from file system: jar:file:///C:/Users/moi/.m2/repository/com/github/almasb/fxgl/11.17/fxgl-11.17.jar!/fxglassets/ui/fonts/lucida_console.ttf
23:26:45.135 [FXGL Background Thread 4 ] DEBUG FXGLAssetLoaderServi - Loading from file system: jar:file:///C:/Users/moi/.m2/repository/com/github/almasb/fxgl/11.17/fxgl-11.17.jar!/fxglassets/ui/fonts/Courier-Prime.ttf
23:26:45.155 [JavaFX Application Thread] DEBUG FXGLApplication      - Registering font factories with UI factory
23:26:47.827 [FXGL Background Thread 3 ] DEBUG Engine               - Logging environment variables
23:26:47.827 [FXGL Background Thread 3 ] DEBUG Engine               - achievements: []
23:26:47.828 [FXGL Background Thread 3 ] DEBUG Engine               - actualHeight: 720.0
23:26:47.828 [FXGL Background Thread 3 ] DEBUG Engine               - actualHeightProperty: ReadOnlyDoubleProperty [value: 720.0]
23:26:47.828 [FXGL Background Thread 3 ] DEBUG Engine               - actualWidth: 1280.0
23:26:47.829 [FXGL Background Thread 3 ] DEBUG Engine               - actualWidthProperty: ReadOnlyDoubleProperty [value: 1280.0]
23:26:47.829 [FXGL Background Thread 3 ] DEBUG Engine               - appIcon: fxgl_icon.png
23:26:47.829 [FXGL Background Thread 3 ] DEBUG Engine               - applicationMode: DEVELOPER
23:26:47.829 [FXGL Background Thread 3 ] DEBUG Engine               - cSSList: [fxgl_dark.css]
23:26:47.830 [FXGL Background Thread 3 ] DEBUG Engine               - collisionDetectionStrategy: BRUTE_FORCE
23:26:47.830 [FXGL Background Thread 3 ] DEBUG Engine               - configClass: Optional.empty
23:26:47.831 [FXGL Background Thread 3 ] DEBUG Engine               - credits: []
23:26:47.831 [FXGL Background Thread 3 ] DEBUG Engine               - defaultCursor: CursorInfo(imageName=fxgl_default_cursor.png, hotspotX=7.0, hotspotY=6.0)
23:26:47.832 [FXGL Background Thread 3 ] DEBUG Engine               - devBBoxColorProperty: ObjectProperty [value: 0xff0000ff]
23:26:47.832 [FXGL Background Thread 3 ] DEBUG Engine               - devEnableDebugCameraProperty: BooleanProperty [value: false]
23:26:47.833 [FXGL Background Thread 3 ] DEBUG Engine               - devSensorColorProperty: ObjectProperty [value: 0xffff00ff]
23:26:47.833 [FXGL Background Thread 3 ] DEBUG Engine               - devShowBBoxProperty: BooleanProperty [value: false]
23:26:47.833 [FXGL Background Thread 3 ] DEBUG Engine               - devShowPositionProperty: BooleanProperty [value: false]
23:26:47.833 [FXGL Background Thread 3 ] DEBUG Engine               - enabledMenuItems: []
23:26:47.834 [FXGL Background Thread 3 ] DEBUG Engine               - engineServices: [class com.almasb.fxgl.app.services.FXGLAssetLoaderService, class com.almasb.fxgl.app.FXGLApplication$GameApplicationService, class com.almasb.fxgl.app.services.FXGLDialogService, class com.almasb.fxgl.app.services.IOTaskExecutorService, class com.almasb.fxgl.io.FileSystemService, class com.almasb.fxgl.localization.LocalizationService, class com.almasb.fxgl.app.services.SystemBundleService, class com.almasb.fxgl.profile.SaveLoadService, class com.almasb.fxgl.ui.FXGLUIFactoryServiceProvider, class com.almasb.fxgl.ui.FXGLDialogFactoryServiceProvider, class com.almasb.fxgl.audio.AudioPlayer, class com.almasb.fxgl.notification.impl.NotificationServiceProvider, class com.almasb.fxgl.achievement.AchievementService, class com.almasb.fxgl.cutscene.CutsceneService, class com.almasb.fxgl.minigames.MiniGameService, class com.almasb.fxgl.net.NetService, class com.almasb.fxgl.app.services.UpdaterService, class com.almasb.fxgl.dev.DevService]
23:26:47.834 [FXGL Background Thread 3 ] DEBUG Engine               - fontGame: Abel-Regular.ttf
23:26:47.834 [FXGL Background Thread 3 ] DEBUG Engine               - fontMono: lucida_console.ttf
23:26:47.835 [FXGL Background Thread 3 ] DEBUG Engine               - fontText: Courier-Prime.ttf
23:26:47.835 [FXGL Background Thread 3 ] DEBUG Engine               - fontUI: VarelaRound-Regular.ttf
23:26:47.835 [FXGL Background Thread 3 ] DEBUG Engine               - fullScreen: BooleanProperty [value: false]
23:26:47.835 [FXGL Background Thread 3 ] DEBUG Engine               - gameDifficulty: MEDIUM
23:26:47.836 [FXGL Background Thread 3 ] DEBUG Engine               - gameDifficultyProperty: ObjectProperty [value: MEDIUM]
23:26:47.836 [FXGL Background Thread 3 ] DEBUG Engine               - globalMusicVolume: 0.5
23:26:47.836 [FXGL Background Thread 3 ] DEBUG Engine               - globalMusicVolumeProperty: DoubleProperty [value: 0.5]
23:26:47.837 [FXGL Background Thread 3 ] DEBUG Engine               - globalSoundVolume: 0.5
23:26:47.837 [FXGL Background Thread 3 ] DEBUG Engine               - globalSoundVolumeProperty: DoubleProperty [value: 0.5]
23:26:47.837 [FXGL Background Thread 3 ] DEBUG Engine               - height: 720
23:26:47.837 [FXGL Background Thread 3 ] DEBUG Engine               - is3D: false
23:26:47.838 [FXGL Background Thread 3 ] DEBUG Engine               - isAndroid: false
23:26:47.838 [FXGL Background Thread 3 ] DEBUG Engine               - isBrowser: false
23:26:47.838 [FXGL Background Thread 3 ] DEBUG Engine               - isClickFeedbackEnabled: false
23:26:47.838 [FXGL Background Thread 3 ] DEBUG Engine               - isCloseConfirmation: false
23:26:47.838 [FXGL Background Thread 3 ] DEBUG Engine               - isDesktop: true
23:26:47.839 [FXGL Background Thread 3 ] DEBUG Engine               - isDeveloperMenuEnabled: false
23:26:47.839 [FXGL Background Thread 3 ] DEBUG Engine               - isEntityPreloadEnabled: true
23:26:47.839 [FXGL Background Thread 3 ] DEBUG Engine               - isExperimentalTiledLargeMap: false
23:26:47.839 [FXGL Background Thread 3 ] DEBUG Engine               - isFileSystemWriteAllowed: true
23:26:47.840 [FXGL Background Thread 3 ] DEBUG Engine               - isFullScreenAllowed: false
23:26:47.840 [FXGL Background Thread 3 ] DEBUG Engine               - isFullScreenFromStart: false
23:26:47.840 [FXGL Background Thread 3 ] DEBUG Engine               - isGameMenuEnabled: true
23:26:47.841 [FXGL Background Thread 3 ] DEBUG Engine               - isIOS: false
23:26:47.841 [FXGL Background Thread 3 ] DEBUG Engine               - isIntroEnabled: false
23:26:47.841 [FXGL Background Thread 3 ] DEBUG Engine               - isLinux: false
23:26:47.841 [FXGL Background Thread 3 ] DEBUG Engine               - isMac: false
23:26:47.842 [FXGL Background Thread 3 ] DEBUG Engine               - isMainMenuEnabled: true
23:26:47.842 [FXGL Background Thread 3 ] DEBUG Engine               - isManualResizeEnabled: true
23:26:47.842 [FXGL Background Thread 3 ] DEBUG Engine               - isMobile: false
23:26:47.842 [FXGL Background Thread 3 ] DEBUG Engine               - isNative: false
23:26:47.842 [FXGL Background Thread 3 ] DEBUG Engine               - isPauseMusicWhenMinimized: true
23:26:47.843 [FXGL Background Thread 3 ] DEBUG Engine               - isPreserveResizeRatio: true
23:26:47.843 [FXGL Background Thread 3 ] DEBUG Engine               - isProfilingEnabled: false
23:26:47.843 [FXGL Background Thread 3 ] DEBUG Engine               - isScaleAffectedOnResize: true
23:26:47.843 [FXGL Background Thread 3 ] DEBUG Engine               - isSingleStep: false
23:26:47.844 [FXGL Background Thread 3 ] DEBUG Engine               - isUserProfileEnabled: false
23:26:47.844 [FXGL Background Thread 3 ] DEBUG Engine               - isWindows: true
23:26:47.844 [FXGL Background Thread 3 ] DEBUG Engine               - language: ObjectProperty [value: ENGLISH]
23:26:47.844 [FXGL Background Thread 3 ] DEBUG Engine               - menuKey: ESCAPE
23:26:47.845 [FXGL Background Thread 3 ] DEBUG Engine               - mouseSensitivity: 0.2
23:26:47.845 [FXGL Background Thread 3 ] DEBUG Engine               - notificationViewClass: class com.almasb.fxgl.notification.view.XboxNotificationView
23:26:47.845 [FXGL Background Thread 3 ] DEBUG Engine               - pixelsPerMeter: 50.0
23:26:47.845 [FXGL Background Thread 3 ] DEBUG Engine               - platform: WINDOWS
23:26:47.845 [FXGL Background Thread 3 ] DEBUG Engine               - prefHeightProperty: ReadOnlyDoubleProperty [value: 720.0]
23:26:47.846 [FXGL Background Thread 3 ] DEBUG Engine               - prefWidthProperty: ReadOnlyDoubleProperty [value: 1280.0]
23:26:47.846 [FXGL Background Thread 3 ] DEBUG Engine               - profileDir: profiles/
23:26:47.846 [FXGL Background Thread 3 ] DEBUG Engine               - profileName: StringProperty [value: DEFAULT]
23:26:47.846 [FXGL Background Thread 3 ] DEBUG Engine               - randomSeed: -1
23:26:47.847 [FXGL Background Thread 3 ] DEBUG Engine               - runtimeInfo: RuntimeInfo(platform=WINDOWS, version=11.17, build=16.07.2021 15.46)
23:26:47.847 [FXGL Background Thread 3 ] DEBUG Engine               - saveFileExt: sav
23:26:47.847 [FXGL Background Thread 3 ] DEBUG Engine               - scaledHeightProp$fxgl: DoubleProperty [bound, value: 720.0]
23:26:47.848 [FXGL Background Thread 3 ] DEBUG Engine               - scaledWidthProp$fxgl: DoubleProperty [bound, value: 1280.0]
23:26:47.848 [FXGL Background Thread 3 ] DEBUG Engine               - sceneFactory: ui.RTAISceneFactory@6110a0ca
23:26:47.848 [FXGL Background Thread 3 ] DEBUG Engine               - secondsIn24h: 60
23:26:47.848 [FXGL Background Thread 3 ] DEBUG Engine               - soundMenuBack: menu/back.wav
23:26:47.849 [FXGL Background Thread 3 ] DEBUG Engine               - soundMenuPress: menu/press.wav
23:26:47.849 [FXGL Background Thread 3 ] DEBUG Engine               - soundMenuSelect: menu/select.wav
23:26:47.849 [FXGL Background Thread 3 ] DEBUG Engine               - soundNotification: core/notification.wav
23:26:47.849 [FXGL Background Thread 3 ] DEBUG Engine               - stageStyle: DECORATED
23:26:47.850 [FXGL Background Thread 3 ] DEBUG Engine               - supportedLanguages: [ENGLISH, FRENCH, GERMAN, HUNGARIAN, RUSSIAN]
23:26:47.850 [FXGL Background Thread 3 ] DEBUG Engine               - ticksPerSecond: -1
23:26:47.850 [FXGL Background Thread 3 ] DEBUG Engine               - title: RTAIparty
23:26:47.850 [FXGL Background Thread 3 ] DEBUG Engine               - urlGithub: https://github.com/AlmasB/FXGL
23:26:47.850 [FXGL Background Thread 3 ] DEBUG Engine               - urlLeaderboard: http://fxgl-top.herokuapp.com/
23:26:47.851 [FXGL Background Thread 3 ] DEBUG Engine               - urlPOM: https://raw.githubusercontent.com/AlmasB/FXGL/release/README.md
23:26:47.851 [FXGL Background Thread 3 ] DEBUG Engine               - userAppClass: class com.almasb.fxglgames.RTAIparty.RTAIpartyApp
23:26:47.851 [FXGL Background Thread 3 ] DEBUG Engine               - version: 1.0
23:26:47.851 [FXGL Background Thread 3 ] DEBUG Engine               - versionCheckDays: 7
23:26:47.852 [FXGL Background Thread 3 ] DEBUG Engine               - width: 1280
23:26:47.852 [FXGL Background Thread 3 ] DEBUG Engine               - Logging services
23:26:47.852 [FXGL Background Thread 3 ] DEBUG Engine               - class com.almasb.fxgl.app.services.FXGLAssetLoaderService
23:26:47.852 [FXGL Background Thread 3 ] DEBUG Engine               - class com.almasb.fxgl.app.FXGLApplication$GameApplicationService
23:26:47.852 [FXGL Background Thread 3 ] DEBUG Engine               - class com.almasb.fxgl.app.services.FXGLDialogService
23:26:47.853 [FXGL Background Thread 3 ] DEBUG Engine               - class com.almasb.fxgl.app.services.IOTaskExecutorService
23:26:47.853 [FXGL Background Thread 3 ] DEBUG Engine               - class com.almasb.fxgl.io.FileSystemService
23:26:47.853 [FXGL Background Thread 3 ] DEBUG Engine               - class com.almasb.fxgl.localization.LocalizationService
23:26:47.853 [FXGL Background Thread 3 ] DEBUG Engine               - class com.almasb.fxgl.app.services.SystemBundleService
23:26:47.854 [FXGL Background Thread 3 ] DEBUG Engine               - class com.almasb.fxgl.profile.SaveLoadService
23:26:47.854 [FXGL Background Thread 3 ] DEBUG Engine               - class com.almasb.fxgl.ui.FXGLUIFactoryServiceProvider
23:26:47.854 [FXGL Background Thread 3 ] DEBUG Engine               - class com.almasb.fxgl.ui.FXGLDialogFactoryServiceProvider
23:26:47.854 [FXGL Background Thread 3 ] DEBUG Engine               - class com.almasb.fxgl.audio.AudioPlayer
23:26:47.855 [FXGL Background Thread 3 ] DEBUG Engine               - class com.almasb.fxgl.notification.impl.NotificationServiceProvider
23:26:47.855 [FXGL Background Thread 3 ] DEBUG Engine               - class com.almasb.fxgl.achievement.AchievementService
23:26:47.855 [FXGL Background Thread 3 ] DEBUG Engine               - class com.almasb.fxgl.cutscene.CutsceneService
23:26:47.855 [FXGL Background Thread 3 ] DEBUG Engine               - class com.almasb.fxgl.minigames.MiniGameService
23:26:47.855 [FXGL Background Thread 3 ] DEBUG Engine               - class com.almasb.fxgl.net.NetService
23:26:47.856 [FXGL Background Thread 3 ] DEBUG Engine               - class com.almasb.fxgl.app.services.UpdaterService
23:26:47.856 [FXGL Background Thread 3 ] DEBUG Engine               - class com.almasb.fxgl.dev.DevService
23:26:47.904 [JavaFX Application Thread] DEBUG Menu                 - fireNewGame()
23:26:47.904 [JavaFX Application Thread] DEBUG GameApplicationServi - Starting new game
23:26:47.904 [JavaFX Application Thread] DEBUG PrimaryStageWindow   - Pop state: RTAIpartyMainMenu
23:26:47.905 [JavaFX Application Thread] DEBUG Input                - Clearing active input actions
23:26:47.905 [JavaFX Application Thread] DEBUG GameApplicationServi - Removing overlay from RTAIpartyMainMenu and adding to FXGLMainMenuDummyScene
23:26:47.905 [JavaFX Application Thread] DEBUG PrimaryStageWindow   - FXGLMainMenuDummyScene <- RTAIpartyMainMenu
23:26:47.906 [JavaFX Application Thread] DEBUG Input                - Clearing active input actions
23:26:47.916 [JavaFX Application Thread] DEBUG GameApplicationServi - Removing overlay from FXGLMainMenuDummyScene and adding to FXGLLoadingScene
23:26:47.917 [JavaFX Application Thread] DEBUG PrimaryStageWindow   - FXGLMainMenuDummyScene -> FXGLLoadingScene
23:26:47.917 [JavaFX Application Thread] DEBUG GameApplicationServi - Clearing previous game
23:26:47.918 [JavaFX Application Thread] DEBUG GameScene            - Clearing game scene
23:26:47.918 [JavaFX Application Thread] DEBUG GameWorld            - Clearing game world
23:26:47.918 [JavaFX Application Thread] DEBUG PhysicsWorld         - Clearing physics world
23:26:47.921 [FXGL Background Thread 2 ] DEBUG FXGLApplication      - Initializing game
23:26:47.922 [FXGL Background Thread 2 ] INFO  FXGLApplication      - Game initialization took: 0,001 sec
23:26:47.930 [JavaFX Application Thread] DEBUG Input                - Registered new binding: fin - E
23:26:47.933 [JavaFX Application Thread] DEBUG FXGLAssetLoaderServi - Loading from file system: file:/C:/Users/moi/java-workspace/RTAIparty/target/classes/assets/textures/block-bleu.png
23:26:48.575 [JavaFX Application Thread] DEBUG GameWorld            - Clearing removable entities
23:26:48.575 [JavaFX Application Thread] DEBUG GameWorld            - Setting level: com.almasb.fxgl.entity.level.Level@1f231f37
23:26:48.628 [JavaFX Application Thread] DEBUG Input                - Clearing active input actions
23:26:48.686 [JavaFX Application Thread] DEBUG GameApplicationServi - Removing overlay from FXGLLoadingScene and adding to GameScene
23:26:48.687 [JavaFX Application Thread] DEBUG PrimaryStageWindow   - FXGLLoadingScene -> GameScene
23:26:48.714 [JavaFX Application Thread] DEBUG PrimaryStageWindow   - Push state: DodgeSubScene
23:26:48.715 [JavaFX Application Thread] DEBUG Input                - Clearing active input actions
23:26:48.715 [JavaFX Application Thread] DEBUG GameApplicationServi - Removing overlay from GameScene and adding to DodgeSubScene
23:26:48.716 [JavaFX Application Thread] DEBUG PrimaryStageWindow   - GameScene -> DodgeSubScene
23:26:50.806 [JavaFX Application Thread] DEBUG FXGLApplication      - Exiting FXGL
23:26:50.806 [JavaFX Application Thread] DEBUG LoopRunner           - Stopping loop
23:26:50.806 [JavaFX Application Thread] DEBUG SystemBundleService  - Saving FXGL system data
23:26:50.810 [JavaFX Application Thread] DEBUG FileSystemAccess     - Writing to: C:\Users\moi\java-workspace\RTAIparty\system\fxgl.bundle
23:26:50.811 [JavaFX Application Thread] DEBUG Async                - Shutting down background threads
23:26:50.811 [JavaFX Application Thread] DEBUG PrimaryStageWindow   - Closing main window
23:26:50.830 [JavaFX Application Thread] DEBUG Logger               - Closing Logger
