23:39:46.882 [main                     ] DEBUG Logger               - Configured Logger
23:39:46.906 [main                     ] DEBUG GameApplication      - Logging settings
Title: RTAIparty
Version: 1.0
Width: 672
Height: 672
Fullscreen: false
Intro: false
Profiling: false
Single step:false
App Mode: DEVELOPER
Menu Key: ESCAPE
Stage Style: DECORATED
Scene Factory: class com.almasb.fxgl.app.scene.SceneFactory

23:39:47.123 [JavaFX Application Thread] DEBUG FXGLApplication      - Initializing FXGL
23:39:47.124 [JavaFX Application Thread] INFO  Engine               - FXGL-11.16 (25.05.2021 08.16) on WINDOWS (J:16.0.2 FX:16)
23:39:47.125 [JavaFX Application Thread] DEBUG Engine               - JRE Vendor Name: Oracle Corporation
23:39:47.125 [JavaFX Application Thread] DEBUG Engine               - Running on OS: Windows 10 version 10.0
23:39:47.125 [JavaFX Application Thread] DEBUG Engine               - Architecture: amd64
23:39:47.126 [JavaFX Application Thread] INFO  Engine               - Source code and latest versions at: https://github.com/AlmasB/FXGL
23:39:47.126 [JavaFX Application Thread] INFO  Engine               -              Join the FXGL chat at: https://gitter.im/AlmasB/FXGL
23:39:47.197 [JavaFX Application Thread] DEBUG PrimaryStageWindow   - Creating a JavaFX scene
23:39:47.232 [JavaFX Application Thread] DEBUG PrimaryStageWindow   - Target settings size: 672.0 x 672.0
23:39:47.232 [JavaFX Application Thread] DEBUG PrimaryStageWindow   - Scaled scene size:    672.0 x 672.0
23:39:47.232 [JavaFX Application Thread] DEBUG PrimaryStageWindow   - Scaled ratio: (1.0, 1.0)
23:39:47.233 [JavaFX Application Thread] DEBUG PrimaryStageWindow   - Set initial scene to FXGLStartupScene
23:39:47.236 [JavaFX Application Thread] DEBUG PrimaryStageWindow   - Opening main window
23:39:47.287 [JavaFX Application Thread] DEBUG PrimaryStageWindow   - Window border size: (16.0, 39.0)
23:39:47.288 [JavaFX Application Thread] DEBUG PrimaryStageWindow   - Scaled size: 672.0 x 672.0
23:39:47.288 [JavaFX Application Thread] DEBUG PrimaryStageWindow   - Scaled ratio: (1.0, 1.0)
23:39:47.288 [JavaFX Application Thread] DEBUG PrimaryStageWindow   - Scene size: 672.0 x 672.0
23:39:47.288 [JavaFX Application Thread] DEBUG PrimaryStageWindow   - Stage size: 688.0 x 711.0
23:39:47.296 [FXGL Background Thread 1 ] DEBUG Engine               - Initializing environment variables
23:39:47.337 [FXGL Background Thread 1 ] DEBUG FXGLAssetLoaderServi - User app class for loading assets: class com.almasb.fxglgames.RTAIparty.RTAIpartyApp
23:39:47.338 [FXGL Background Thread 1 ] DEBUG GameApplicationServi - Applying CSS: fxgl_dark.css
23:39:47.340 [FXGL Background Thread 1 ] DEBUG FXGLAssetLoaderServi - Loading from file system: jar:file:///C:/Users/zorm1/.m2/repository/com/github/almasb/fxgl/11.16/fxgl-11.16.jar!/fxglassets/ui/css/fxgl_dark.css
23:39:47.395 [FXGL Background Thread 1 ] DEBUG GameApplicationServi - Initializing application scenes
23:39:47.466 [FXGL Background Thread 1 ] DEBUG GameWorld            - Game world initialized
23:39:47.533 [FXGL Background Thread 1 ] DEBUG PhysicsWorld         - Physics world initialized: appHeight=672, physics.ppm=50,0
23:39:47.534 [FXGL Background Thread 1 ] DEBUG PhysicsWorld         - Using strategy: BRUTE_FORCE
23:39:47.536 [FXGL Background Thread 1 ] DEBUG GameScene            - Game scene initialized: 672x672
23:39:47.552 [FXGL Background Thread 1 ] WARN  FXGL.DefaultMenu     - FXGLDefaultMenu is not designed for resolutions < 800x600
23:39:47.552 [FXGL Background Thread 1 ] DEBUG FXGL.DefaultMenu     - createMenuBodyGameMenu()
23:39:47.567 [FXGL Background Thread 1 ] DEBUG FXGL.DefaultMenu     - createOptionsMenu()
23:39:47.577 [FXGL Background Thread 1 ] DEBUG FXGLAssetLoaderServi - Loading from file system: jar:file:///C:/Users/zorm1/.m2/repository/com/github/almasb/fxgl/11.16/fxgl-11.16.jar!/fxglassets/textures/particles/smoke.png
23:39:47.670 [FXGL Background Thread 1 ] DEBUG FXGLAssetLoaderServi - Loading from file system: jar:file:///C:/Users/zorm1/.m2/repository/com/github/almasb/fxgl/11.16/fxgl-11.16.jar!/fxglassets/textures/particles/trace_horizontal.png
23:39:47.695 [FXGL Background Thread 1 ] DEBUG GameApplicationServi - Application scenes initialized
23:39:47.702 [FXGL Background Thread 1 ] DEBUG SystemBundleService  - Loading FXGL system data
23:39:47.706 [FXGL Background Thread 1 ] DEBUG FileSystemAccess     - Reading from: C:\Users\zorm1\eclipse-workspace\RTAIparty\system\fxgl.bundle
23:39:47.713 [FXGL Background Thread 1 ] DEBUG SystemBundleService  - Bundle FXGL: {}
23:39:47.714 [FXGL Background Thread 1 ] DEBUG UpdaterService       - Checking for updates
23:39:47.717 [FXGL Background Thread 4 ] DEBUG FXGLApplication      - Loading fonts
23:39:47.718 [FXGL Background Thread 4 ] DEBUG FXGLAssetLoaderServi - Loading from file system: jar:file:///C:/Users/zorm1/.m2/repository/com/github/almasb/fxgl/11.16/fxgl-11.16.jar!/fxglassets/ui/fonts/VarelaRound-Regular.ttf
23:39:47.718 [FXGL Background Thread 1 ] DEBUG FXGLApplication      - Loading default localization
23:39:47.718 [FXGL Background Thread 1 ] DEBUG FXGLAssetLoaderServi - Loading from file system: jar:file:///C:/Users/zorm1/.m2/repository/com/github/almasb/fxgl/11.16/fxgl-11.16.jar!/fxglassets/languages/english.lang
23:39:47.734 [FXGL Background Thread 1 ] INFO  FXGLApplication      - FXGL initialization took: 0,437 sec
23:39:47.740 [JavaFX Application Thread] DEBUG Input                - Registered new binding: clic - LMB
23:39:47.751 [JavaFX Application Thread] DEBUG Input                - Registered new binding: test - E
23:39:47.751 [JavaFX Application Thread] DEBUG FXGLAssetLoaderServi - Loading from file system: jar:file:///C:/Users/zorm1/.m2/repository/com/github/almasb/fxgl/11.16/fxgl-11.16.jar!/fxglassets/textures/fxgl_icon.png
23:39:47.773 [JavaFX Application Thread] DEBUG FXGLAssetLoaderServi - Loading from file system: jar:file:///C:/Users/zorm1/.m2/repository/com/github/almasb/fxgl/11.16/fxgl-11.16.jar!/fxglassets/textures/fxgl_default_cursor.png
23:39:47.775 [JavaFX Application Thread] DEBUG Input                - Registered new binding: Screenshot - CTRL+8
23:39:47.776 [JavaFX Application Thread] DEBUG Input                - Registered new binding: System info dump - CTRL+9
23:39:47.777 [JavaFX Application Thread] DEBUG Input                - Registered new binding: Restart - CTRL+R
23:39:47.778 [JavaFX Application Thread] DEBUG Input                - Registered new binding: Toggle Debug Camera - CTRL+C
23:39:47.780 [JavaFX Application Thread] DEBUG LoopRunner           - Starting loop
23:39:47.781 [JavaFX Application Thread] DEBUG LoopRunner           - Initializing JavaFX AnimationTimerLoop
23:39:47.782 [JavaFX Application Thread] DEBUG GameApplicationServi - Starting new game
23:39:47.783 [JavaFX Application Thread] DEBUG Input                - Clearing active input actions
23:39:47.795 [JavaFX Application Thread] DEBUG GameApplicationServi - Removing overlay from FXGLStartupScene and adding to FXGLLoadingScene
23:39:47.797 [JavaFX Application Thread] DEBUG PrimaryStageWindow   - FXGLStartupScene -> FXGLLoadingScene
23:39:47.797 [JavaFX Application Thread] DEBUG GameApplicationServi - Clearing previous game
23:39:47.798 [JavaFX Application Thread] DEBUG GameScene            - Clearing game scene
23:39:47.798 [JavaFX Application Thread] DEBUG GameWorld            - Clearing game world
23:39:47.798 [JavaFX Application Thread] DEBUG PhysicsWorld         - Clearing physics world
23:39:47.801 [FXGL Background Thread 1 ] DEBUG FXGLApplication      - Initializing game
23:39:47.817 [FXGL Background Thread 4 ] DEBUG FXGLAssetLoaderServi - Loading from file system: jar:file:///C:/Users/zorm1/.m2/repository/com/github/almasb/fxgl/11.16/fxgl-11.16.jar!/fxglassets/ui/fonts/Abel-Regular.ttf
23:39:47.824 [FXGL Background Thread 1 ] DEBUG GameWorld            - Clearing removable entities
23:39:47.824 [FXGL Background Thread 1 ] DEBUG GameWorld            - Setting level: com.almasb.fxgl.entity.level.Level@4320ec3a
23:39:47.828 [FXGL Background Thread 1 ] INFO  FXGLApplication      - Game initialization took: 0,026 sec
23:39:47.851 [JavaFX Application Thread] DEBUG Input                - Clearing active input actions
23:39:47.865 [JavaFX Application Thread] DEBUG GameApplicationServi - Removing overlay from FXGLLoadingScene and adding to GameScene
23:39:47.866 [JavaFX Application Thread] DEBUG PrimaryStageWindow   - FXGLLoadingScene -> GameScene
23:39:47.879 [FXGL Background Thread 4 ] DEBUG FXGLAssetLoaderServi - Loading from file system: jar:file:///C:/Users/zorm1/.m2/repository/com/github/almasb/fxgl/11.16/fxgl-11.16.jar!/fxglassets/ui/fonts/lucida_console.ttf
23:39:47.912 [FXGL Background Thread 4 ] DEBUG FXGLAssetLoaderServi - Loading from file system: jar:file:///C:/Users/zorm1/.m2/repository/com/github/almasb/fxgl/11.16/fxgl-11.16.jar!/fxglassets/ui/fonts/Courier-Prime.ttf
23:39:47.939 [JavaFX Application Thread] DEBUG FXGLApplication      - Registering font factories with UI factory
23:39:48.240 [FXGL Background Thread 2 ] INFO  UpdaterService       - Your current version:  11.16
23:39:48.240 [FXGL Background Thread 2 ] INFO  UpdaterService       - Latest stable version: 11.17
23:39:50.718 [FXGL Background Thread 3 ] DEBUG Engine               - Logging environment variables
23:39:50.718 [FXGL Background Thread 3 ] DEBUG Engine               - achievements: []
23:39:50.718 [FXGL Background Thread 3 ] DEBUG Engine               - actualHeight: 672.0
23:39:50.718 [FXGL Background Thread 3 ] DEBUG Engine               - actualHeightProperty: ReadOnlyDoubleProperty [value: 672.0]
23:39:50.719 [FXGL Background Thread 3 ] DEBUG Engine               - actualWidth: 672.0
23:39:50.720 [FXGL Background Thread 3 ] DEBUG Engine               - actualWidthProperty: ReadOnlyDoubleProperty [value: 672.0]
23:39:50.720 [FXGL Background Thread 3 ] DEBUG Engine               - appIcon: fxgl_icon.png
23:39:50.720 [FXGL Background Thread 3 ] DEBUG Engine               - applicationMode: DEVELOPER
23:39:50.720 [FXGL Background Thread 3 ] DEBUG Engine               - cSSList: [fxgl_dark.css]
23:39:50.720 [FXGL Background Thread 3 ] DEBUG Engine               - collisionDetectionStrategy: BRUTE_FORCE
23:39:50.720 [FXGL Background Thread 3 ] DEBUG Engine               - configClass: Optional.empty
23:39:50.720 [FXGL Background Thread 3 ] DEBUG Engine               - credits: []
23:39:50.721 [FXGL Background Thread 3 ] DEBUG Engine               - defaultCursor: CursorInfo(imageName=fxgl_default_cursor.png, hotspotX=7.0, hotspotY=6.0)
23:39:50.721 [FXGL Background Thread 3 ] DEBUG Engine               - devBBoxColorProperty: ObjectProperty [value: 0xff0000ff]
23:39:50.721 [FXGL Background Thread 3 ] DEBUG Engine               - devEnableDebugCameraProperty: BooleanProperty [value: false]
23:39:50.722 [FXGL Background Thread 3 ] DEBUG Engine               - devSensorColorProperty: ObjectProperty [value: 0xffff00ff]
23:39:50.722 [FXGL Background Thread 3 ] DEBUG Engine               - devShowBBoxProperty: BooleanProperty [value: false]
23:39:50.722 [FXGL Background Thread 3 ] DEBUG Engine               - devShowPositionProperty: BooleanProperty [value: false]
23:39:50.722 [FXGL Background Thread 3 ] DEBUG Engine               - enabledMenuItems: []
23:39:50.722 [FXGL Background Thread 3 ] DEBUG Engine               - engineServices: [class com.almasb.fxgl.app.services.FXGLAssetLoaderService, class com.almasb.fxgl.app.FXGLApplication$GameApplicationService, class com.almasb.fxgl.app.services.FXGLDialogService, class com.almasb.fxgl.app.services.IOTaskExecutorService, class com.almasb.fxgl.io.FileSystemService, class com.almasb.fxgl.localization.LocalizationService, class com.almasb.fxgl.app.services.SystemBundleService, class com.almasb.fxgl.profile.SaveLoadService, class com.almasb.fxgl.ui.FXGLUIFactoryServiceProvider, class com.almasb.fxgl.ui.FXGLDialogFactoryServiceProvider, class com.almasb.fxgl.audio.AudioPlayer, class com.almasb.fxgl.notification.impl.NotificationServiceProvider, class com.almasb.fxgl.achievement.AchievementService, class com.almasb.fxgl.cutscene.CutsceneService, class com.almasb.fxgl.minigames.MiniGameService, class com.almasb.fxgl.net.NetService, class com.almasb.fxgl.app.services.UpdaterService, class com.almasb.fxgl.dev.DevService]
23:39:50.722 [FXGL Background Thread 3 ] DEBUG Engine               - fontGame: Abel-Regular.ttf
23:39:50.723 [FXGL Background Thread 3 ] DEBUG Engine               - fontMono: lucida_console.ttf
23:39:50.723 [FXGL Background Thread 3 ] DEBUG Engine               - fontText: Courier-Prime.ttf
23:39:50.723 [FXGL Background Thread 3 ] DEBUG Engine               - fontUI: VarelaRound-Regular.ttf
23:39:50.723 [FXGL Background Thread 3 ] DEBUG Engine               - fullScreen: BooleanProperty [value: false]
23:39:50.723 [FXGL Background Thread 3 ] DEBUG Engine               - gameDifficulty: MEDIUM
23:39:50.723 [FXGL Background Thread 3 ] DEBUG Engine               - gameDifficultyProperty: ObjectProperty [value: MEDIUM]
23:39:50.723 [FXGL Background Thread 3 ] DEBUG Engine               - globalMusicVolume: 0.5
23:39:50.724 [FXGL Background Thread 3 ] DEBUG Engine               - globalMusicVolumeProperty: DoubleProperty [value: 0.5]
23:39:50.724 [FXGL Background Thread 3 ] DEBUG Engine               - globalSoundVolume: 0.5
23:39:50.724 [FXGL Background Thread 3 ] DEBUG Engine               - globalSoundVolumeProperty: DoubleProperty [value: 0.5]
23:39:50.724 [FXGL Background Thread 3 ] DEBUG Engine               - height: 672
23:39:50.724 [FXGL Background Thread 3 ] DEBUG Engine               - is3D: false
23:39:50.724 [FXGL Background Thread 3 ] DEBUG Engine               - isAndroid: false
23:39:50.724 [FXGL Background Thread 3 ] DEBUG Engine               - isBrowser: false
23:39:50.724 [FXGL Background Thread 3 ] DEBUG Engine               - isClickFeedbackEnabled: false
23:39:50.725 [FXGL Background Thread 3 ] DEBUG Engine               - isCloseConfirmation: false
23:39:50.725 [FXGL Background Thread 3 ] DEBUG Engine               - isDesktop: true
23:39:50.725 [FXGL Background Thread 3 ] DEBUG Engine               - isDeveloperMenuEnabled: false
23:39:50.725 [FXGL Background Thread 3 ] DEBUG Engine               - isEntityPreloadEnabled: true
23:39:50.725 [FXGL Background Thread 3 ] DEBUG Engine               - isExperimentalTiledLargeMap: false
23:39:50.725 [FXGL Background Thread 3 ] DEBUG Engine               - isFileSystemWriteAllowed: true
23:39:50.725 [FXGL Background Thread 3 ] DEBUG Engine               - isFullScreenAllowed: false
23:39:50.725 [FXGL Background Thread 3 ] DEBUG Engine               - isFullScreenFromStart: false
23:39:50.725 [FXGL Background Thread 3 ] DEBUG Engine               - isGameMenuEnabled: true
23:39:50.725 [FXGL Background Thread 3 ] DEBUG Engine               - isIOS: false
23:39:50.725 [FXGL Background Thread 3 ] DEBUG Engine               - isIntroEnabled: false
23:39:50.726 [FXGL Background Thread 3 ] DEBUG Engine               - isLinux: false
23:39:50.726 [FXGL Background Thread 3 ] DEBUG Engine               - isMac: false
23:39:50.726 [FXGL Background Thread 3 ] DEBUG Engine               - isMainMenuEnabled: false
23:39:50.726 [FXGL Background Thread 3 ] DEBUG Engine               - isManualResizeEnabled: true
23:39:50.726 [FXGL Background Thread 3 ] DEBUG Engine               - isMobile: false
23:39:50.726 [FXGL Background Thread 3 ] DEBUG Engine               - isNative: false
23:39:50.726 [FXGL Background Thread 3 ] DEBUG Engine               - isPreserveResizeRatio: true
23:39:50.726 [FXGL Background Thread 3 ] DEBUG Engine               - isProfilingEnabled: false
23:39:50.726 [FXGL Background Thread 3 ] DEBUG Engine               - isScaleAffectedOnResize: true
23:39:50.726 [FXGL Background Thread 3 ] DEBUG Engine               - isSingleStep: false
23:39:50.726 [FXGL Background Thread 3 ] DEBUG Engine               - isUserProfileEnabled: false
23:39:50.727 [FXGL Background Thread 3 ] DEBUG Engine               - isWindows: true
23:39:50.727 [FXGL Background Thread 3 ] DEBUG Engine               - language: ObjectProperty [value: ENGLISH]
23:39:50.727 [FXGL Background Thread 3 ] DEBUG Engine               - menuKey: ESCAPE
23:39:50.727 [FXGL Background Thread 3 ] DEBUG Engine               - mouseSensitivity: 0.2
23:39:50.727 [FXGL Background Thread 3 ] DEBUG Engine               - notificationViewClass: class com.almasb.fxgl.notification.view.XboxNotificationView
23:39:50.727 [FXGL Background Thread 3 ] DEBUG Engine               - pixelsPerMeter: 50.0
23:39:50.727 [FXGL Background Thread 3 ] DEBUG Engine               - platform: WINDOWS
23:39:50.727 [FXGL Background Thread 3 ] DEBUG Engine               - prefHeightProperty: ReadOnlyDoubleProperty [value: 672.0]
23:39:50.727 [FXGL Background Thread 3 ] DEBUG Engine               - prefWidthProperty: ReadOnlyDoubleProperty [value: 672.0]
23:39:50.727 [FXGL Background Thread 3 ] DEBUG Engine               - profileDir: profiles/
23:39:50.727 [FXGL Background Thread 3 ] DEBUG Engine               - profileName: StringProperty [value: DEFAULT]
23:39:50.728 [FXGL Background Thread 3 ] DEBUG Engine               - randomSeed: -1
23:39:50.728 [FXGL Background Thread 3 ] DEBUG Engine               - runtimeInfo: RuntimeInfo(platform=WINDOWS, version=11.16, build=25.05.2021 08.16)
23:39:50.728 [FXGL Background Thread 3 ] DEBUG Engine               - saveFileExt: sav
23:39:50.728 [FXGL Background Thread 3 ] DEBUG Engine               - scaledHeightProp$fxgl: DoubleProperty [bound, value: 672.0]
23:39:50.728 [FXGL Background Thread 3 ] DEBUG Engine               - scaledWidthProp$fxgl: DoubleProperty [bound, value: 672.0]
23:39:50.728 [FXGL Background Thread 3 ] DEBUG Engine               - sceneFactory: com.almasb.fxgl.app.scene.SceneFactory@45ad6223
23:39:50.728 [FXGL Background Thread 3 ] DEBUG Engine               - secondsIn24h: 60
23:39:50.728 [FXGL Background Thread 3 ] DEBUG Engine               - soundMenuBack: menu/back.wav
23:39:50.728 [FXGL Background Thread 3 ] DEBUG Engine               - soundMenuPress: menu/press.wav
23:39:50.728 [FXGL Background Thread 3 ] DEBUG Engine               - soundMenuSelect: menu/select.wav
23:39:50.728 [FXGL Background Thread 3 ] DEBUG Engine               - soundNotification: core/notification.wav
23:39:50.729 [FXGL Background Thread 3 ] DEBUG Engine               - stageStyle: DECORATED
23:39:50.729 [FXGL Background Thread 3 ] DEBUG Engine               - supportedLanguages: [ENGLISH, FRENCH, GERMAN, HUNGARIAN, RUSSIAN]
23:39:50.729 [FXGL Background Thread 3 ] DEBUG Engine               - ticksPerSecond: -1
23:39:50.729 [FXGL Background Thread 3 ] DEBUG Engine               - title: RTAIparty
23:39:50.729 [FXGL Background Thread 3 ] DEBUG Engine               - urlGithub: https://github.com/AlmasB/FXGL
23:39:50.729 [FXGL Background Thread 3 ] DEBUG Engine               - urlLeaderboard: http://fxgl-top.herokuapp.com/
23:39:50.729 [FXGL Background Thread 3 ] DEBUG Engine               - urlPOM: https://raw.githubusercontent.com/AlmasB/FXGL/release/README.md
23:39:50.729 [FXGL Background Thread 3 ] DEBUG Engine               - userAppClass: class com.almasb.fxglgames.RTAIparty.RTAIpartyApp
23:39:50.729 [FXGL Background Thread 3 ] DEBUG Engine               - version: 1.0
23:39:50.729 [FXGL Background Thread 3 ] DEBUG Engine               - versionCheckDays: 7
23:39:50.729 [FXGL Background Thread 3 ] DEBUG Engine               - width: 672
23:39:50.730 [FXGL Background Thread 3 ] DEBUG Engine               - Logging services
23:39:50.730 [FXGL Background Thread 3 ] DEBUG Engine               - class com.almasb.fxgl.app.services.FXGLAssetLoaderService
23:39:50.730 [FXGL Background Thread 3 ] DEBUG Engine               - class com.almasb.fxgl.app.FXGLApplication$GameApplicationService
23:39:50.730 [FXGL Background Thread 3 ] DEBUG Engine               - class com.almasb.fxgl.app.services.FXGLDialogService
23:39:50.730 [FXGL Background Thread 3 ] DEBUG Engine               - class com.almasb.fxgl.app.services.IOTaskExecutorService
23:39:50.730 [FXGL Background Thread 3 ] DEBUG Engine               - class com.almasb.fxgl.io.FileSystemService
23:39:50.730 [FXGL Background Thread 3 ] DEBUG Engine               - class com.almasb.fxgl.localization.LocalizationService
23:39:50.730 [FXGL Background Thread 3 ] DEBUG Engine               - class com.almasb.fxgl.app.services.SystemBundleService
23:39:50.730 [FXGL Background Thread 3 ] DEBUG Engine               - class com.almasb.fxgl.profile.SaveLoadService
23:39:50.730 [FXGL Background Thread 3 ] DEBUG Engine               - class com.almasb.fxgl.ui.FXGLUIFactoryServiceProvider
23:39:50.730 [FXGL Background Thread 3 ] DEBUG Engine               - class com.almasb.fxgl.ui.FXGLDialogFactoryServiceProvider
23:39:50.731 [FXGL Background Thread 3 ] DEBUG Engine               - class com.almasb.fxgl.audio.AudioPlayer
23:39:50.731 [FXGL Background Thread 3 ] DEBUG Engine               - class com.almasb.fxgl.notification.impl.NotificationServiceProvider
23:39:50.731 [FXGL Background Thread 3 ] DEBUG Engine               - class com.almasb.fxgl.achievement.AchievementService
23:39:50.731 [FXGL Background Thread 3 ] DEBUG Engine               - class com.almasb.fxgl.cutscene.CutsceneService
23:39:50.731 [FXGL Background Thread 3 ] DEBUG Engine               - class com.almasb.fxgl.minigames.MiniGameService
23:39:50.731 [FXGL Background Thread 3 ] DEBUG Engine               - class com.almasb.fxgl.net.NetService
23:39:50.731 [FXGL Background Thread 3 ] DEBUG Engine               - class com.almasb.fxgl.app.services.UpdaterService
23:39:50.731 [FXGL Background Thread 3 ] DEBUG Engine               - class com.almasb.fxgl.dev.DevService
23:39:51.266 [JavaFX Application Thread] DEBUG FXGLApplication      - Exiting FXGL
23:39:51.266 [JavaFX Application Thread] DEBUG LoopRunner           - Stopping loop
23:39:51.266 [JavaFX Application Thread] DEBUG SystemBundleService  - Saving FXGL system data
23:39:51.267 [JavaFX Application Thread] DEBUG FileSystemAccess     - Writing to: C:\Users\zorm1\eclipse-workspace\RTAIparty\system\fxgl.bundle
23:39:51.268 [JavaFX Application Thread] DEBUG Async                - Shutting down background threads
23:39:51.268 [JavaFX Application Thread] DEBUG PrimaryStageWindow   - Closing main window
23:39:51.279 [JavaFX Application Thread] DEBUG Logger               - Closing Logger
