14:28:41.818 [main                     ] DEBUG Logger               - Configured Logger
14:28:41.877 [main                     ] DEBUG GameApplication      - Logging settings
Title: RTAIparty
Version: 1.0
Width: 1280
Height: 720
Fullscreen: false
Intro: false
Profiling: false
Single step:false
App Mode: DEVELOPER
Menu Key: ESCAPE
Stage Style: DECORATED
Scene Factory: class ui.RTAISceneFactory

14:28:42.277 [JavaFX Application Thread] DEBUG FXGLApplication      - Initializing FXGL
14:28:42.279 [JavaFX Application Thread] INFO  Engine               - FXGL-11.17 (16.07.2021 15.46) on WINDOWS (J:16.0.2 FX:16)
14:28:42.280 [JavaFX Application Thread] DEBUG Engine               - JRE Vendor Name: Oracle Corporation
14:28:42.281 [JavaFX Application Thread] DEBUG Engine               - Running on OS: Windows 10 version 10.0
14:28:42.281 [JavaFX Application Thread] DEBUG Engine               - Architecture: amd64
14:28:42.281 [JavaFX Application Thread] INFO  Engine               - Source code and latest versions at: https://github.com/AlmasB/FXGL
14:28:42.281 [JavaFX Application Thread] INFO  Engine               -              Join the FXGL chat at: https://gitter.im/AlmasB/FXGL
14:28:42.405 [JavaFX Application Thread] DEBUG PrimaryStageWindow   - Creating a JavaFX scene
14:28:42.458 [JavaFX Application Thread] DEBUG PrimaryStageWindow   - Target settings size: 1280.0 x 720.0
14:28:42.459 [JavaFX Application Thread] DEBUG PrimaryStageWindow   - Scaled scene size:    1280.0 x 720.0
14:28:42.459 [JavaFX Application Thread] DEBUG PrimaryStageWindow   - Scaled ratio: (1.0, 1.0)
14:28:42.460 [JavaFX Application Thread] DEBUG PrimaryStageWindow   - Set initial scene to FXGLStartupScene
14:28:42.468 [JavaFX Application Thread] DEBUG PrimaryStageWindow   - Opening main window
14:28:42.548 [JavaFX Application Thread] DEBUG PrimaryStageWindow   - Window border size: (16.0, 39.0)
14:28:42.549 [JavaFX Application Thread] DEBUG PrimaryStageWindow   - Scaled size: 1280.0 x 720.0
14:28:42.550 [JavaFX Application Thread] DEBUG PrimaryStageWindow   - Scaled ratio: (1.0, 1.0)
14:28:42.550 [JavaFX Application Thread] DEBUG PrimaryStageWindow   - Scene size: 1280.0 x 720.0
14:28:42.550 [JavaFX Application Thread] DEBUG PrimaryStageWindow   - Stage size: 1296.0 x 759.0
14:28:42.569 [FXGL Background Thread 1 ] DEBUG Engine               - Initializing environment variables
14:28:42.708 [FXGL Background Thread 1 ] DEBUG FXGLAssetLoaderServi - User app class for loading assets: class com.almasb.fxglgames.RTAIparty.RTAIpartyApp
14:28:42.709 [FXGL Background Thread 1 ] DEBUG GameApplicationServi - Applying CSS: fxgl_dark.css
14:28:42.711 [FXGL Background Thread 1 ] DEBUG FXGLAssetLoaderServi - Loading from file system: jar:file:///C:/Users/zorm1/.m2/repository/com/github/almasb/fxgl/11.17/fxgl-11.17.jar!/fxglassets/ui/css/fxgl_dark.css
14:28:42.820 [FXGL Background Thread 1 ] DEBUG GameApplicationServi - Initializing application scenes
14:28:42.923 [FXGL Background Thread 1 ] DEBUG GameWorld            - Game world initialized
14:28:43.001 [FXGL Background Thread 1 ] DEBUG PhysicsWorld         - Physics world initialized: appHeight=720, physics.ppm=50,0
14:28:43.002 [FXGL Background Thread 1 ] DEBUG PhysicsWorld         - Using strategy: BRUTE_FORCE
14:28:43.006 [FXGL Background Thread 1 ] DEBUG GameScene            - Game scene initialized: 1280x720
14:28:43.019 [FXGL Background Thread 1 ] DEBUG FXGLAssetLoaderServi - Loading from file system: file:/C:/Users/zorm1/eclipse-workspace/RTAIparty/target/classes/assets/textures/garcon_blond.png
14:28:43.043 [FXGL Background Thread 1 ] DEBUG FXGLAssetLoaderServi - Loading from file system: file:/C:/Users/zorm1/eclipse-workspace/RTAIparty/target/classes/assets/textures/garcon_brun.png
14:28:43.045 [FXGL Background Thread 1 ] DEBUG FXGLAssetLoaderServi - Loading from file system: file:/C:/Users/zorm1/eclipse-workspace/RTAIparty/target/classes/assets/textures/fille_blonde.png
14:28:43.047 [FXGL Background Thread 1 ] DEBUG FXGLAssetLoaderServi - Loading from file system: file:/C:/Users/zorm1/eclipse-workspace/RTAIparty/target/classes/assets/textures/fille_brune.png
14:28:43.049 [FXGL Background Thread 1 ] DEBUG FXGLAssetLoaderServi - Loading from file system: file:/C:/Users/zorm1/eclipse-workspace/RTAIparty/target/classes/assets/textures/background/classe.png
14:28:43.145 [FXGL Background Thread 1 ] DEBUG FXGLAssetLoaderServi - Loading from file system: file:/C:/Users/zorm1/eclipse-workspace/RTAIparty/target/classes/assets/textures/tableau.png
14:28:43.153 [FXGL Background Thread 1 ] DEBUG FXGLAssetLoaderServi - Loading from file system: file:/C:/Users/zorm1/eclipse-workspace/RTAIparty/target/classes/assets/textures/table.png
14:28:43.188 [FXGL Background Thread 1 ] DEBUG FXGL.DefaultMenu     - createMenuBodyGameMenu()
14:28:43.203 [FXGL Background Thread 1 ] DEBUG FXGL.DefaultMenu     - createOptionsMenu()
14:28:43.213 [FXGL Background Thread 1 ] DEBUG FXGLAssetLoaderServi - Loading from file system: jar:file:///C:/Users/zorm1/.m2/repository/com/github/almasb/fxgl/11.17/fxgl-11.17.jar!/fxglassets/textures/particles/smoke.png
14:28:43.339 [FXGL Background Thread 1 ] DEBUG FXGLAssetLoaderServi - Loading from file system: jar:file:///C:/Users/zorm1/.m2/repository/com/github/almasb/fxgl/11.17/fxgl-11.17.jar!/fxglassets/textures/particles/trace_horizontal.png
14:28:43.386 [FXGL Background Thread 1 ] DEBUG GameApplicationServi - Application scenes initialized
14:28:43.429 [FXGL Background Thread 1 ] DEBUG SystemBundleService  - Loading FXGL system data
14:28:43.441 [FXGL Background Thread 1 ] DEBUG FileSystemAccess     - Reading from: C:\Users\zorm1\eclipse-workspace\RTAIparty\system\fxgl.bundle
14:28:43.452 [FXGL Background Thread 1 ] DEBUG SystemBundleService  - Bundle FXGL: {}
14:28:43.452 [FXGL Background Thread 1 ] DEBUG UpdaterService       - Checking for updates
14:28:43.459 [FXGL Background Thread 1 ] DEBUG FXGLApplication      - Loading default localization
14:28:43.460 [FXGL Background Thread 1 ] DEBUG FXGLAssetLoaderServi - Loading from file system: jar:file:///C:/Users/zorm1/.m2/repository/com/github/almasb/fxgl/11.17/fxgl-11.17.jar!/fxglassets/languages/english.lang
14:28:43.478 [FXGL Background Thread 1 ] INFO  FXGLApplication      - FXGL initialization took: 0,907 sec
14:28:43.483 [JavaFX Application Thread] DEBUG Input                - Registered new binding: clic - LMB
14:28:43.495 [JavaFX Application Thread] DEBUG Input                - Registered new binding: test - E
14:28:43.496 [JavaFX Application Thread] DEBUG FXGLAssetLoaderServi - Loading from file system: jar:file:///C:/Users/zorm1/.m2/repository/com/github/almasb/fxgl/11.17/fxgl-11.17.jar!/fxglassets/textures/fxgl_icon.png
14:28:43.515 [JavaFX Application Thread] DEBUG FXGLAssetLoaderServi - Loading from file system: jar:file:///C:/Users/zorm1/.m2/repository/com/github/almasb/fxgl/11.17/fxgl-11.17.jar!/fxglassets/textures/fxgl_default_cursor.png
14:28:43.526 [FXGL Background Thread 4 ] DEBUG FXGLApplication      - Loading fonts
14:28:43.528 [FXGL Background Thread 4 ] DEBUG FXGLAssetLoaderServi - Loading from file system: jar:file:///C:/Users/zorm1/.m2/repository/com/github/almasb/fxgl/11.17/fxgl-11.17.jar!/fxglassets/ui/fonts/VarelaRound-Regular.ttf
14:28:43.518 [JavaFX Application Thread] DEBUG Input                - Registered new binding: Screenshot - CTRL+8
14:28:43.541 [JavaFX Application Thread] DEBUG Input                - Registered new binding: System info dump - CTRL+9
14:28:43.543 [JavaFX Application Thread] DEBUG Input                - Registered new binding: Restart - CTRL+R
14:28:43.544 [JavaFX Application Thread] DEBUG Input                - Registered new binding: Toggle Debug Camera - CTRL+C
14:28:43.548 [JavaFX Application Thread] DEBUG LoopRunner           - Starting loop
14:28:43.548 [JavaFX Application Thread] DEBUG LoopRunner           - Initializing JavaFX AnimationTimerLoop
14:28:43.551 [JavaFX Application Thread] DEBUG Input                - Clearing active input actions
14:28:43.562 [JavaFX Application Thread] DEBUG GameApplicationServi - Removing overlay from FXGLStartupScene and adding to FXGLMainMenuDummyScene
14:28:43.562 [JavaFX Application Thread] DEBUG PrimaryStageWindow   - FXGLStartupScene -> FXGLMainMenuDummyScene
14:28:43.563 [JavaFX Application Thread] DEBUG PrimaryStageWindow   - Push state: RTAIpartyMainMenu
14:28:43.563 [JavaFX Application Thread] DEBUG Input                - Clearing active input actions
14:28:43.567 [JavaFX Application Thread] DEBUG GameApplicationServi - Removing overlay from FXGLMainMenuDummyScene and adding to RTAIpartyMainMenu
14:28:43.604 [JavaFX Application Thread] DEBUG PrimaryStageWindow   - FXGLMainMenuDummyScene -> RTAIpartyMainMenu
14:28:43.789 [FXGL Background Thread 4 ] DEBUG FXGLAssetLoaderServi - Loading from file system: jar:file:///C:/Users/zorm1/.m2/repository/com/github/almasb/fxgl/11.17/fxgl-11.17.jar!/fxglassets/ui/fonts/Abel-Regular.ttf
14:28:43.803 [FXGL Background Thread 4 ] DEBUG FXGLAssetLoaderServi - Loading from file system: jar:file:///C:/Users/zorm1/.m2/repository/com/github/almasb/fxgl/11.17/fxgl-11.17.jar!/fxglassets/ui/fonts/lucida_console.ttf
14:28:43.824 [FXGL Background Thread 4 ] DEBUG FXGLAssetLoaderServi - Loading from file system: jar:file:///C:/Users/zorm1/.m2/repository/com/github/almasb/fxgl/11.17/fxgl-11.17.jar!/fxglassets/ui/fonts/Courier-Prime.ttf
14:28:43.844 [JavaFX Application Thread] DEBUG FXGLApplication      - Registering font factories with UI factory
14:28:46.459 [FXGL Background Thread 3 ] DEBUG Engine               - Logging environment variables
14:28:46.460 [FXGL Background Thread 3 ] DEBUG Engine               - achievements: []
14:28:46.461 [FXGL Background Thread 3 ] DEBUG Engine               - actualHeight: 720.0
14:28:46.461 [FXGL Background Thread 3 ] DEBUG Engine               - actualHeightProperty: ReadOnlyDoubleProperty [value: 720.0]
14:28:46.461 [FXGL Background Thread 3 ] DEBUG Engine               - actualWidth: 1280.0
14:28:46.462 [FXGL Background Thread 3 ] DEBUG Engine               - actualWidthProperty: ReadOnlyDoubleProperty [value: 1280.0]
14:28:46.462 [FXGL Background Thread 3 ] DEBUG Engine               - appIcon: fxgl_icon.png
14:28:46.462 [FXGL Background Thread 3 ] DEBUG Engine               - applicationMode: DEVELOPER
14:28:46.462 [FXGL Background Thread 3 ] DEBUG Engine               - cSSList: [fxgl_dark.css]
14:28:46.463 [FXGL Background Thread 3 ] DEBUG Engine               - collisionDetectionStrategy: BRUTE_FORCE
14:28:46.463 [FXGL Background Thread 3 ] DEBUG Engine               - configClass: Optional.empty
14:28:46.463 [FXGL Background Thread 3 ] DEBUG Engine               - credits: []
14:28:46.463 [FXGL Background Thread 3 ] DEBUG Engine               - defaultCursor: CursorInfo(imageName=fxgl_default_cursor.png, hotspotX=7.0, hotspotY=6.0)
14:28:46.464 [FXGL Background Thread 3 ] DEBUG Engine               - devBBoxColorProperty: ObjectProperty [value: 0xff0000ff]
14:28:46.464 [FXGL Background Thread 3 ] DEBUG Engine               - devEnableDebugCameraProperty: BooleanProperty [value: false]
14:28:46.465 [FXGL Background Thread 3 ] DEBUG Engine               - devSensorColorProperty: ObjectProperty [value: 0xffff00ff]
14:28:46.465 [FXGL Background Thread 3 ] DEBUG Engine               - devShowBBoxProperty: BooleanProperty [value: false]
14:28:46.465 [FXGL Background Thread 3 ] DEBUG Engine               - devShowPositionProperty: BooleanProperty [value: false]
14:28:46.465 [FXGL Background Thread 3 ] DEBUG Engine               - enabledMenuItems: []
14:28:46.466 [FXGL Background Thread 3 ] DEBUG Engine               - engineServices: [class com.almasb.fxgl.app.services.FXGLAssetLoaderService, class com.almasb.fxgl.app.FXGLApplication$GameApplicationService, class com.almasb.fxgl.app.services.FXGLDialogService, class com.almasb.fxgl.app.services.IOTaskExecutorService, class com.almasb.fxgl.io.FileSystemService, class com.almasb.fxgl.localization.LocalizationService, class com.almasb.fxgl.app.services.SystemBundleService, class com.almasb.fxgl.profile.SaveLoadService, class com.almasb.fxgl.ui.FXGLUIFactoryServiceProvider, class com.almasb.fxgl.ui.FXGLDialogFactoryServiceProvider, class com.almasb.fxgl.audio.AudioPlayer, class com.almasb.fxgl.notification.impl.NotificationServiceProvider, class com.almasb.fxgl.achievement.AchievementService, class com.almasb.fxgl.cutscene.CutsceneService, class com.almasb.fxgl.minigames.MiniGameService, class com.almasb.fxgl.net.NetService, class com.almasb.fxgl.app.services.UpdaterService, class com.almasb.fxgl.dev.DevService]
14:28:46.466 [FXGL Background Thread 3 ] DEBUG Engine               - fontGame: Abel-Regular.ttf
14:28:46.466 [FXGL Background Thread 3 ] DEBUG Engine               - fontMono: lucida_console.ttf
14:28:46.466 [FXGL Background Thread 3 ] DEBUG Engine               - fontText: Courier-Prime.ttf
14:28:46.466 [FXGL Background Thread 3 ] DEBUG Engine               - fontUI: VarelaRound-Regular.ttf
14:28:46.467 [FXGL Background Thread 3 ] DEBUG Engine               - fullScreen: BooleanProperty [value: false]
14:28:46.467 [FXGL Background Thread 3 ] DEBUG Engine               - gameDifficulty: MEDIUM
14:28:46.467 [FXGL Background Thread 3 ] DEBUG Engine               - gameDifficultyProperty: ObjectProperty [value: MEDIUM]
14:28:46.467 [FXGL Background Thread 3 ] DEBUG Engine               - globalMusicVolume: 0.5
14:28:46.468 [FXGL Background Thread 3 ] DEBUG Engine               - globalMusicVolumeProperty: DoubleProperty [value: 0.5]
14:28:46.468 [FXGL Background Thread 3 ] DEBUG Engine               - globalSoundVolume: 0.5
14:28:46.468 [FXGL Background Thread 3 ] DEBUG Engine               - globalSoundVolumeProperty: DoubleProperty [value: 0.5]
14:28:46.468 [FXGL Background Thread 3 ] DEBUG Engine               - height: 720
14:28:46.468 [FXGL Background Thread 3 ] DEBUG Engine               - is3D: false
14:28:46.469 [FXGL Background Thread 3 ] DEBUG Engine               - isAndroid: false
14:28:46.469 [FXGL Background Thread 3 ] DEBUG Engine               - isBrowser: false
14:28:46.470 [FXGL Background Thread 3 ] DEBUG Engine               - isClickFeedbackEnabled: false
14:28:46.470 [FXGL Background Thread 3 ] DEBUG Engine               - isCloseConfirmation: false
14:28:46.470 [FXGL Background Thread 3 ] DEBUG Engine               - isDesktop: true
14:28:46.470 [FXGL Background Thread 3 ] DEBUG Engine               - isDeveloperMenuEnabled: false
14:28:46.470 [FXGL Background Thread 3 ] DEBUG Engine               - isEntityPreloadEnabled: true
14:28:46.471 [FXGL Background Thread 3 ] DEBUG Engine               - isExperimentalTiledLargeMap: false
14:28:46.471 [FXGL Background Thread 3 ] DEBUG Engine               - isFileSystemWriteAllowed: true
14:28:46.471 [FXGL Background Thread 3 ] DEBUG Engine               - isFullScreenAllowed: false
14:28:46.471 [FXGL Background Thread 3 ] DEBUG Engine               - isFullScreenFromStart: false
14:28:46.472 [FXGL Background Thread 3 ] DEBUG Engine               - isGameMenuEnabled: true
14:28:46.472 [FXGL Background Thread 3 ] DEBUG Engine               - isIOS: false
14:28:46.472 [FXGL Background Thread 3 ] DEBUG Engine               - isIntroEnabled: false
14:28:46.472 [FXGL Background Thread 3 ] DEBUG Engine               - isLinux: false
14:28:46.472 [FXGL Background Thread 3 ] DEBUG Engine               - isMac: false
14:28:46.473 [FXGL Background Thread 3 ] DEBUG Engine               - isMainMenuEnabled: true
14:28:46.473 [FXGL Background Thread 3 ] DEBUG Engine               - isManualResizeEnabled: true
14:28:46.473 [FXGL Background Thread 3 ] DEBUG Engine               - isMobile: false
14:28:46.473 [FXGL Background Thread 3 ] DEBUG Engine               - isNative: false
14:28:46.474 [FXGL Background Thread 3 ] DEBUG Engine               - isPauseMusicWhenMinimized: true
14:28:46.474 [FXGL Background Thread 3 ] DEBUG Engine               - isPreserveResizeRatio: true
14:28:46.474 [FXGL Background Thread 3 ] DEBUG Engine               - isProfilingEnabled: false
14:28:46.474 [FXGL Background Thread 3 ] DEBUG Engine               - isScaleAffectedOnResize: true
14:28:46.475 [FXGL Background Thread 3 ] DEBUG Engine               - isSingleStep: false
14:28:46.475 [FXGL Background Thread 3 ] DEBUG Engine               - isUserProfileEnabled: false
14:28:46.475 [FXGL Background Thread 3 ] DEBUG Engine               - isWindows: true
14:28:46.476 [FXGL Background Thread 3 ] DEBUG Engine               - language: ObjectProperty [value: ENGLISH]
14:28:46.476 [FXGL Background Thread 3 ] DEBUG Engine               - menuKey: ESCAPE
14:28:46.476 [FXGL Background Thread 3 ] DEBUG Engine               - mouseSensitivity: 0.2
14:28:46.476 [FXGL Background Thread 3 ] DEBUG Engine               - notificationViewClass: class com.almasb.fxgl.notification.view.XboxNotificationView
14:28:46.476 [FXGL Background Thread 3 ] DEBUG Engine               - pixelsPerMeter: 50.0
14:28:46.477 [FXGL Background Thread 3 ] DEBUG Engine               - platform: WINDOWS
14:28:46.477 [FXGL Background Thread 3 ] DEBUG Engine               - prefHeightProperty: ReadOnlyDoubleProperty [value: 720.0]
14:28:46.477 [FXGL Background Thread 3 ] DEBUG Engine               - prefWidthProperty: ReadOnlyDoubleProperty [value: 1280.0]
14:28:46.477 [FXGL Background Thread 3 ] DEBUG Engine               - profileDir: profiles/
14:28:46.477 [FXGL Background Thread 3 ] DEBUG Engine               - profileName: StringProperty [value: DEFAULT]
14:28:46.478 [FXGL Background Thread 3 ] DEBUG Engine               - randomSeed: -1
14:28:46.478 [FXGL Background Thread 3 ] DEBUG Engine               - runtimeInfo: RuntimeInfo(platform=WINDOWS, version=11.17, build=16.07.2021 15.46)
14:28:46.478 [FXGL Background Thread 3 ] DEBUG Engine               - saveFileExt: sav
14:28:46.478 [FXGL Background Thread 3 ] DEBUG Engine               - scaledHeightProp$fxgl: DoubleProperty [bound, value: 720.0]
14:28:46.478 [FXGL Background Thread 3 ] DEBUG Engine               - scaledWidthProp$fxgl: DoubleProperty [bound, value: 1280.0]
14:28:46.478 [FXGL Background Thread 3 ] DEBUG Engine               - sceneFactory: ui.RTAISceneFactory@310727cd
14:28:46.478 [FXGL Background Thread 3 ] DEBUG Engine               - secondsIn24h: 60
14:28:46.478 [FXGL Background Thread 3 ] DEBUG Engine               - soundMenuBack: menu/back.wav
14:28:46.478 [FXGL Background Thread 3 ] DEBUG Engine               - soundMenuPress: menu/press.wav
14:28:46.478 [FXGL Background Thread 3 ] DEBUG Engine               - soundMenuSelect: menu/select.wav
14:28:46.478 [FXGL Background Thread 3 ] DEBUG Engine               - soundNotification: core/notification.wav
14:28:46.478 [FXGL Background Thread 3 ] DEBUG Engine               - stageStyle: DECORATED
14:28:46.479 [FXGL Background Thread 3 ] DEBUG Engine               - supportedLanguages: [ENGLISH, FRENCH, GERMAN, HUNGARIAN, RUSSIAN]
14:28:46.479 [FXGL Background Thread 3 ] DEBUG Engine               - ticksPerSecond: -1
14:28:46.479 [FXGL Background Thread 3 ] DEBUG Engine               - title: RTAIparty
14:28:46.479 [FXGL Background Thread 3 ] DEBUG Engine               - urlGithub: https://github.com/AlmasB/FXGL
14:28:46.479 [FXGL Background Thread 3 ] DEBUG Engine               - urlLeaderboard: http://fxgl-top.herokuapp.com/
14:28:46.479 [FXGL Background Thread 3 ] DEBUG Engine               - urlPOM: https://raw.githubusercontent.com/AlmasB/FXGL/release/README.md
14:28:46.480 [FXGL Background Thread 3 ] DEBUG Engine               - userAppClass: class com.almasb.fxglgames.RTAIparty.RTAIpartyApp
14:28:46.480 [FXGL Background Thread 3 ] DEBUG Engine               - version: 1.0
14:28:46.480 [FXGL Background Thread 3 ] DEBUG Engine               - versionCheckDays: 7
14:28:46.480 [FXGL Background Thread 3 ] DEBUG Engine               - width: 1280
14:28:46.481 [FXGL Background Thread 3 ] DEBUG Engine               - Logging services
14:28:46.481 [FXGL Background Thread 3 ] DEBUG Engine               - class com.almasb.fxgl.app.services.FXGLAssetLoaderService
14:28:46.481 [FXGL Background Thread 3 ] DEBUG Engine               - class com.almasb.fxgl.app.FXGLApplication$GameApplicationService
14:28:46.481 [FXGL Background Thread 3 ] DEBUG Engine               - class com.almasb.fxgl.app.services.FXGLDialogService
14:28:46.482 [FXGL Background Thread 3 ] DEBUG Engine               - class com.almasb.fxgl.app.services.IOTaskExecutorService
14:28:46.482 [FXGL Background Thread 3 ] DEBUG Engine               - class com.almasb.fxgl.io.FileSystemService
14:28:46.482 [FXGL Background Thread 3 ] DEBUG Engine               - class com.almasb.fxgl.localization.LocalizationService
14:28:46.482 [FXGL Background Thread 3 ] DEBUG Engine               - class com.almasb.fxgl.app.services.SystemBundleService
14:28:46.482 [FXGL Background Thread 3 ] DEBUG Engine               - class com.almasb.fxgl.profile.SaveLoadService
14:28:46.483 [FXGL Background Thread 3 ] DEBUG Engine               - class com.almasb.fxgl.ui.FXGLUIFactoryServiceProvider
14:28:46.483 [FXGL Background Thread 3 ] DEBUG Engine               - class com.almasb.fxgl.ui.FXGLDialogFactoryServiceProvider
14:28:46.483 [FXGL Background Thread 3 ] DEBUG Engine               - class com.almasb.fxgl.audio.AudioPlayer
14:28:46.483 [FXGL Background Thread 3 ] DEBUG Engine               - class com.almasb.fxgl.notification.impl.NotificationServiceProvider
14:28:46.484 [FXGL Background Thread 3 ] DEBUG Engine               - class com.almasb.fxgl.achievement.AchievementService
14:28:46.484 [FXGL Background Thread 3 ] DEBUG Engine               - class com.almasb.fxgl.cutscene.CutsceneService
14:28:46.484 [FXGL Background Thread 3 ] DEBUG Engine               - class com.almasb.fxgl.minigames.MiniGameService
14:28:46.484 [FXGL Background Thread 3 ] DEBUG Engine               - class com.almasb.fxgl.net.NetService
14:28:46.484 [FXGL Background Thread 3 ] DEBUG Engine               - class com.almasb.fxgl.app.services.UpdaterService
14:28:46.484 [FXGL Background Thread 3 ] DEBUG Engine               - class com.almasb.fxgl.dev.DevService
14:28:54.747 [JavaFX Application Thread] DEBUG Menu                 - fireNewGame()
14:28:54.748 [JavaFX Application Thread] DEBUG GameApplicationServi - Starting new game
14:28:54.748 [JavaFX Application Thread] DEBUG PrimaryStageWindow   - Pop state: RTAIpartyMainMenu
14:28:54.749 [JavaFX Application Thread] DEBUG Input                - Clearing active input actions
14:28:54.750 [JavaFX Application Thread] DEBUG GameApplicationServi - Removing overlay from RTAIpartyMainMenu and adding to FXGLMainMenuDummyScene
14:28:54.751 [JavaFX Application Thread] DEBUG PrimaryStageWindow   - FXGLMainMenuDummyScene <- RTAIpartyMainMenu
14:28:54.752 [JavaFX Application Thread] DEBUG Input                - Clearing active input actions
14:28:54.786 [JavaFX Application Thread] DEBUG GameApplicationServi - Removing overlay from FXGLMainMenuDummyScene and adding to FXGLLoadingScene
14:28:54.788 [JavaFX Application Thread] DEBUG PrimaryStageWindow   - FXGLMainMenuDummyScene -> FXGLLoadingScene
14:28:54.788 [JavaFX Application Thread] DEBUG GameApplicationServi - Clearing previous game
14:28:54.789 [JavaFX Application Thread] DEBUG GameScene            - Clearing game scene
14:28:54.789 [JavaFX Application Thread] DEBUG GameWorld            - Clearing game world
14:28:54.790 [JavaFX Application Thread] DEBUG PhysicsWorld         - Clearing physics world
14:28:54.794 [FXGL Background Thread 2 ] DEBUG FXGLApplication      - Initializing game
14:28:54.796 [FXGL Background Thread 2 ] INFO  FXGLApplication      - Game initialization took: 0,002 sec
14:28:54.804 [JavaFX Application Thread] DEBUG Input                - Registered new binding: fin - E
14:28:54.808 [JavaFX Application Thread] DEBUG FXGLAssetLoaderServi - Loading from file system: file:/C:/Users/zorm1/eclipse-workspace/RTAIparty/target/classes/assets/textures/block-bleu.png
14:28:54.837 [JavaFX Application Thread] DEBUG GameWorld            - Clearing removable entities
14:28:54.838 [JavaFX Application Thread] DEBUG GameWorld            - Setting level: com.almasb.fxgl.entity.level.Level@63451fad
14:28:54.857 [JavaFX Application Thread] DEBUG Input                - Clearing active input actions
14:28:54.870 [JavaFX Application Thread] DEBUG GameApplicationServi - Removing overlay from FXGLLoadingScene and adding to GameScene
14:28:54.871 [JavaFX Application Thread] DEBUG PrimaryStageWindow   - FXGLLoadingScene -> GameScene
14:28:54.873 [JavaFX Application Thread] DEBUG PrimaryStageWindow   - Push state: DodgeSubScene
14:28:54.873 [JavaFX Application Thread] DEBUG Input                - Clearing active input actions
14:28:54.874 [JavaFX Application Thread] DEBUG GameApplicationServi - Removing overlay from GameScene and adding to DodgeSubScene
14:28:54.874 [JavaFX Application Thread] DEBUG PrimaryStageWindow   - GameScene -> DodgeSubScene
14:28:56.152 [JavaFX Application Thread] DEBUG Input                - Registered new binding: fin - E
14:28:56.172 [JavaFX Application Thread] DEBUG GameWorld            - Clearing removable entities
14:28:56.175 [JavaFX Application Thread] DEBUG GameWorld            - Setting level: com.almasb.fxgl.entity.level.Level@48ac8716
14:28:56.294 [JavaFX Application Thread] DEBUG Input                - Registered new binding: fin - E
14:28:56.297 [JavaFX Application Thread] DEBUG FXGLAssetLoaderServi - Loading from file system: file:/C:/Users/zorm1/eclipse-workspace/RTAIparty/target/classes/assets/textures/block-rouge.png
14:28:56.321 [JavaFX Application Thread] DEBUG GameWorld            - Clearing removable entities
14:28:56.322 [JavaFX Application Thread] DEBUG GameWorld            - Setting level: com.almasb.fxgl.entity.level.Level@3bdecf62
14:28:56.434 [JavaFX Application Thread] DEBUG Input                - Registered new binding: fin - E
14:28:56.464 [JavaFX Application Thread] DEBUG GameWorld            - Clearing removable entities
14:28:56.465 [JavaFX Application Thread] DEBUG GameWorld            - Setting level: com.almasb.fxgl.entity.level.Level@7910a24d
14:28:56.570 [JavaFX Application Thread] DEBUG Input                - Registered new binding: fin - E
14:28:56.573 [JavaFX Application Thread] DEBUG FXGLAssetLoaderServi - Loading from file system: file:/C:/Users/zorm1/eclipse-workspace/RTAIparty/target/classes/assets/textures/block-violet.png
14:28:56.594 [JavaFX Application Thread] DEBUG GameWorld            - Clearing removable entities
14:28:56.595 [JavaFX Application Thread] DEBUG GameWorld            - Setting level: com.almasb.fxgl.entity.level.Level@e791a47
14:28:56.703 [JavaFX Application Thread] DEBUG Input                - Registered new binding: fin - E
14:28:56.714 [JavaFX Application Thread] DEBUG GameWorld            - Clearing removable entities
14:28:56.714 [JavaFX Application Thread] DEBUG GameWorld            - Setting level: com.almasb.fxgl.entity.level.Level@40ed5f1d
14:28:56.861 [JavaFX Application Thread] DEBUG Input                - Registered new binding: fin - E
14:28:56.872 [JavaFX Application Thread] DEBUG GameWorld            - Clearing removable entities
14:28:56.873 [JavaFX Application Thread] DEBUG GameWorld            - Setting level: com.almasb.fxgl.entity.level.Level@16a371b6
14:28:57.010 [JavaFX Application Thread] DEBUG Input                - Registered new binding: fin - E
14:28:57.024 [JavaFX Application Thread] DEBUG GameWorld            - Clearing removable entities
14:28:57.024 [JavaFX Application Thread] DEBUG GameWorld            - Setting level: com.almasb.fxgl.entity.level.Level@4c543484
14:28:57.130 [JavaFX Application Thread] DEBUG Input                - Registered new binding: fin - E
14:28:57.138 [JavaFX Application Thread] DEBUG GameWorld            - Clearing removable entities
14:28:57.138 [JavaFX Application Thread] DEBUG GameWorld            - Setting level: com.almasb.fxgl.entity.level.Level@751010e1
14:28:57.270 [JavaFX Application Thread] DEBUG Input                - Registered new binding: fin - E
14:28:57.284 [JavaFX Application Thread] DEBUG GameWorld            - Clearing removable entities
14:28:57.285 [JavaFX Application Thread] DEBUG GameWorld            - Setting level: com.almasb.fxgl.entity.level.Level@56da4b23
14:28:57.415 [JavaFX Application Thread] DEBUG Input                - Registered new binding: fin - E
14:28:57.433 [JavaFX Application Thread] DEBUG GameWorld            - Clearing removable entities
14:28:57.433 [JavaFX Application Thread] DEBUG GameWorld            - Setting level: com.almasb.fxgl.entity.level.Level@630cd5e0
14:28:59.049 [JavaFX Application Thread] DEBUG FXGLApplication      - Exiting FXGL
14:28:59.049 [JavaFX Application Thread] DEBUG LoopRunner           - Stopping loop
14:28:59.049 [JavaFX Application Thread] DEBUG SystemBundleService  - Saving FXGL system data
14:28:59.055 [JavaFX Application Thread] DEBUG FileSystemAccess     - Writing to: C:\Users\zorm1\eclipse-workspace\RTAIparty\system\fxgl.bundle
14:28:59.061 [JavaFX Application Thread] DEBUG Async                - Shutting down background threads
14:28:59.062 [JavaFX Application Thread] DEBUG PrimaryStageWindow   - Closing main window
14:28:59.102 [JavaFX Application Thread] DEBUG Logger               - Closing Logger
