16:32:31.057 [main                     ] DEBUG Logger               - Configured Logger
16:32:31.095 [main                     ] DEBUG GameApplication      - Logging settings
Title: RTAIparty
Version: 1.0
Width: 1280
Height: 720
Fullscreen: false
Intro: false
Profiling: false
Single step:false
App Mode: DEVELOPER
Menu Key: ESCAPE
Stage Style: DECORATED
Scene Factory: class ui.RTAISceneFactory

16:32:31.441 [JavaFX Application Thread] DEBUG FXGLApplication      - Initializing FXGL
16:32:31.444 [JavaFX Application Thread] INFO  Engine               - FXGL-11.17 (16.07.2021 15.46) on WINDOWS (J:16.0.2 FX:16)
16:32:31.445 [JavaFX Application Thread] DEBUG Engine               - JRE Vendor Name: Oracle Corporation
16:32:31.445 [JavaFX Application Thread] DEBUG Engine               - Running on OS: Windows 10 version 10.0
16:32:31.445 [JavaFX Application Thread] DEBUG Engine               - Architecture: amd64
16:32:31.446 [JavaFX Application Thread] INFO  Engine               - Source code and latest versions at: https://github.com/AlmasB/FXGL
16:32:31.446 [JavaFX Application Thread] INFO  Engine               -              Join the FXGL chat at: https://gitter.im/AlmasB/FXGL
16:32:31.542 [JavaFX Application Thread] DEBUG PrimaryStageWindow   - Creating a JavaFX scene
16:32:31.591 [JavaFX Application Thread] DEBUG PrimaryStageWindow   - Target settings size: 1280.0 x 720.0
16:32:31.592 [JavaFX Application Thread] DEBUG PrimaryStageWindow   - Scaled scene size:    1280.0 x 720.0
16:32:31.592 [JavaFX Application Thread] DEBUG PrimaryStageWindow   - Scaled ratio: (1.0, 1.0)
16:32:31.593 [JavaFX Application Thread] DEBUG PrimaryStageWindow   - Set initial scene to FXGLStartupScene
16:32:31.599 [JavaFX Application Thread] DEBUG PrimaryStageWindow   - Opening main window
16:32:31.681 [JavaFX Application Thread] DEBUG PrimaryStageWindow   - Window border size: (16.0, 39.0)
16:32:31.681 [JavaFX Application Thread] DEBUG PrimaryStageWindow   - Scaled size: 1280.0 x 720.0
16:32:31.681 [JavaFX Application Thread] DEBUG PrimaryStageWindow   - Scaled ratio: (1.0, 1.0)
16:32:31.682 [JavaFX Application Thread] DEBUG PrimaryStageWindow   - Scene size: 1280.0 x 720.0
16:32:31.682 [JavaFX Application Thread] DEBUG PrimaryStageWindow   - Stage size: 1296.0 x 759.0
16:32:31.691 [FXGL Background Thread 1 ] DEBUG Engine               - Initializing environment variables
16:32:31.772 [FXGL Background Thread 1 ] DEBUG FXGLAssetLoaderServi - User app class for loading assets: class com.almasb.fxglgames.RTAIparty.RTAIpartyApp
16:32:31.772 [FXGL Background Thread 1 ] DEBUG GameApplicationServi - Applying CSS: fxgl_dark.css
16:32:31.773 [FXGL Background Thread 1 ] DEBUG FXGLAssetLoaderServi - Loading from file system: jar:file:///C:/Users/zorm1/.m2/repository/com/github/almasb/fxgl/11.17/fxgl-11.17.jar!/fxglassets/ui/css/fxgl_dark.css
16:32:31.863 [FXGL Background Thread 1 ] DEBUG GameApplicationServi - Initializing application scenes
16:32:31.932 [FXGL Background Thread 1 ] DEBUG GameWorld            - Game world initialized
16:32:31.997 [FXGL Background Thread 1 ] DEBUG PhysicsWorld         - Physics world initialized: appHeight=720, physics.ppm=50,0
16:32:31.997 [FXGL Background Thread 1 ] DEBUG PhysicsWorld         - Using strategy: BRUTE_FORCE
16:32:32.000 [FXGL Background Thread 1 ] DEBUG GameScene            - Game scene initialized: 1280x720
16:32:32.009 [FXGL Background Thread 1 ] DEBUG FXGLAssetLoaderServi - Loading from file system: file:/C:/Users/zorm1/eclipse-workspace/RTAIparty/target/classes/assets/textures/garcon_blond.png
16:32:32.027 [FXGL Background Thread 1 ] DEBUG FXGLAssetLoaderServi - Loading from file system: file:/C:/Users/zorm1/eclipse-workspace/RTAIparty/target/classes/assets/textures/garcon_brun.png
16:32:32.029 [FXGL Background Thread 1 ] DEBUG FXGLAssetLoaderServi - Loading from file system: file:/C:/Users/zorm1/eclipse-workspace/RTAIparty/target/classes/assets/textures/fille_blonde.png
16:32:32.030 [FXGL Background Thread 1 ] DEBUG FXGLAssetLoaderServi - Loading from file system: file:/C:/Users/zorm1/eclipse-workspace/RTAIparty/target/classes/assets/textures/fille_brune.png
16:32:32.032 [FXGL Background Thread 1 ] DEBUG FXGLAssetLoaderServi - Loading from file system: file:/C:/Users/zorm1/eclipse-workspace/RTAIparty/target/classes/assets/textures/background/classe.png
16:32:32.100 [FXGL Background Thread 1 ] DEBUG FXGLAssetLoaderServi - Loading from file system: file:/C:/Users/zorm1/eclipse-workspace/RTAIparty/target/classes/assets/textures/tableau.png
16:32:32.109 [FXGL Background Thread 1 ] DEBUG FXGLAssetLoaderServi - Loading from file system: file:/C:/Users/zorm1/eclipse-workspace/RTAIparty/target/classes/assets/textures/table.png
16:32:32.144 [FXGL Background Thread 1 ] DEBUG FXGL.DefaultMenu     - createMenuBodyGameMenu()
16:32:32.157 [FXGL Background Thread 1 ] DEBUG FXGL.DefaultMenu     - createOptionsMenu()
16:32:32.170 [FXGL Background Thread 1 ] DEBUG FXGLAssetLoaderServi - Loading from file system: jar:file:///C:/Users/zorm1/.m2/repository/com/github/almasb/fxgl/11.17/fxgl-11.17.jar!/fxglassets/textures/particles/smoke.png
16:32:32.273 [FXGL Background Thread 1 ] DEBUG FXGLAssetLoaderServi - Loading from file system: jar:file:///C:/Users/zorm1/.m2/repository/com/github/almasb/fxgl/11.17/fxgl-11.17.jar!/fxglassets/textures/particles/trace_horizontal.png
16:32:32.306 [FXGL Background Thread 1 ] DEBUG GameApplicationServi - Application scenes initialized
16:32:32.324 [FXGL Background Thread 1 ] DEBUG SystemBundleService  - Loading FXGL system data
16:32:32.331 [FXGL Background Thread 1 ] DEBUG FileSystemAccess     - Reading from: C:\Users\zorm1\eclipse-workspace\RTAIparty\system\fxgl.bundle
16:32:32.339 [FXGL Background Thread 1 ] DEBUG SystemBundleService  - Bundle FXGL: {}
16:32:32.340 [FXGL Background Thread 1 ] DEBUG UpdaterService       - Checking for updates
16:32:32.345 [FXGL Background Thread 4 ] DEBUG FXGLApplication      - Loading fonts
16:32:32.346 [FXGL Background Thread 1 ] DEBUG FXGLApplication      - Loading default localization
16:32:32.346 [FXGL Background Thread 4 ] DEBUG FXGLAssetLoaderServi - Loading from file system: jar:file:///C:/Users/zorm1/.m2/repository/com/github/almasb/fxgl/11.17/fxgl-11.17.jar!/fxglassets/ui/fonts/VarelaRound-Regular.ttf
16:32:32.347 [FXGL Background Thread 1 ] DEBUG FXGLAssetLoaderServi - Loading from file system: jar:file:///C:/Users/zorm1/.m2/repository/com/github/almasb/fxgl/11.17/fxgl-11.17.jar!/fxglassets/languages/english.lang
16:32:32.366 [FXGL Background Thread 1 ] INFO  FXGLApplication      - FXGL initialization took: 0,674 sec
16:32:32.371 [JavaFX Application Thread] DEBUG Input                - Registered new binding: clic - LMB
16:32:32.384 [JavaFX Application Thread] DEBUG Input                - Registered new binding: test - E
16:32:32.385 [JavaFX Application Thread] DEBUG FXGLAssetLoaderServi - Loading from file system: jar:file:///C:/Users/zorm1/.m2/repository/com/github/almasb/fxgl/11.17/fxgl-11.17.jar!/fxglassets/textures/fxgl_icon.png
16:32:32.399 [JavaFX Application Thread] DEBUG FXGLAssetLoaderServi - Loading from file system: jar:file:///C:/Users/zorm1/.m2/repository/com/github/almasb/fxgl/11.17/fxgl-11.17.jar!/fxglassets/textures/fxgl_default_cursor.png
16:32:32.402 [JavaFX Application Thread] DEBUG Input                - Registered new binding: Screenshot - CTRL+8
16:32:32.403 [JavaFX Application Thread] DEBUG Input                - Registered new binding: System info dump - CTRL+9
16:32:32.405 [JavaFX Application Thread] DEBUG Input                - Registered new binding: Restart - CTRL+R
16:32:32.406 [JavaFX Application Thread] DEBUG Input                - Registered new binding: Toggle Debug Camera - CTRL+C
16:32:32.409 [JavaFX Application Thread] DEBUG LoopRunner           - Starting loop
16:32:32.409 [JavaFX Application Thread] DEBUG LoopRunner           - Initializing JavaFX AnimationTimerLoop
16:32:32.416 [JavaFX Application Thread] DEBUG Input                - Clearing active input actions
16:32:32.429 [JavaFX Application Thread] DEBUG GameApplicationServi - Removing overlay from FXGLStartupScene and adding to FXGLMainMenuDummyScene
16:32:32.430 [JavaFX Application Thread] DEBUG PrimaryStageWindow   - FXGLStartupScene -> FXGLMainMenuDummyScene
16:32:32.430 [JavaFX Application Thread] DEBUG PrimaryStageWindow   - Push state: RTAIpartyMainMenu
16:32:32.430 [JavaFX Application Thread] DEBUG Input                - Clearing active input actions
16:32:32.436 [JavaFX Application Thread] DEBUG GameApplicationServi - Removing overlay from FXGLMainMenuDummyScene and adding to RTAIpartyMainMenu
16:32:32.437 [JavaFX Application Thread] DEBUG PrimaryStageWindow   - FXGLMainMenuDummyScene -> RTAIpartyMainMenu
16:32:32.446 [FXGL Background Thread 4 ] DEBUG FXGLAssetLoaderServi - Loading from file system: jar:file:///C:/Users/zorm1/.m2/repository/com/github/almasb/fxgl/11.17/fxgl-11.17.jar!/fxglassets/ui/fonts/Abel-Regular.ttf
16:32:32.466 [FXGL Background Thread 4 ] DEBUG FXGLAssetLoaderServi - Loading from file system: jar:file:///C:/Users/zorm1/.m2/repository/com/github/almasb/fxgl/11.17/fxgl-11.17.jar!/fxglassets/ui/fonts/lucida_console.ttf
16:32:32.488 [FXGL Background Thread 4 ] DEBUG FXGLAssetLoaderServi - Loading from file system: jar:file:///C:/Users/zorm1/.m2/repository/com/github/almasb/fxgl/11.17/fxgl-11.17.jar!/fxglassets/ui/fonts/Courier-Prime.ttf
16:32:32.512 [JavaFX Application Thread] DEBUG FXGLApplication      - Registering font factories with UI factory
16:32:35.345 [FXGL Background Thread 3 ] DEBUG Engine               - Logging environment variables
16:32:35.345 [FXGL Background Thread 3 ] DEBUG Engine               - achievements: []
16:32:35.345 [FXGL Background Thread 3 ] DEBUG Engine               - actualHeight: 720.0
16:32:35.346 [FXGL Background Thread 3 ] DEBUG Engine               - actualHeightProperty: ReadOnlyDoubleProperty [value: 720.0]
16:32:35.346 [FXGL Background Thread 3 ] DEBUG Engine               - actualWidth: 1280.0
16:32:35.346 [FXGL Background Thread 3 ] DEBUG Engine               - actualWidthProperty: ReadOnlyDoubleProperty [value: 1280.0]
16:32:35.346 [FXGL Background Thread 3 ] DEBUG Engine               - appIcon: fxgl_icon.png
16:32:35.346 [FXGL Background Thread 3 ] DEBUG Engine               - applicationMode: DEVELOPER
16:32:35.346 [FXGL Background Thread 3 ] DEBUG Engine               - cSSList: [fxgl_dark.css]
16:32:35.347 [FXGL Background Thread 3 ] DEBUG Engine               - collisionDetectionStrategy: BRUTE_FORCE
16:32:35.347 [FXGL Background Thread 3 ] DEBUG Engine               - configClass: Optional.empty
16:32:35.347 [FXGL Background Thread 3 ] DEBUG Engine               - credits: []
16:32:35.347 [FXGL Background Thread 3 ] DEBUG Engine               - defaultCursor: CursorInfo(imageName=fxgl_default_cursor.png, hotspotX=7.0, hotspotY=6.0)
16:32:35.348 [FXGL Background Thread 3 ] DEBUG Engine               - devBBoxColorProperty: ObjectProperty [value: 0xff0000ff]
16:32:35.348 [FXGL Background Thread 3 ] DEBUG Engine               - devEnableDebugCameraProperty: BooleanProperty [value: false]
16:32:35.348 [FXGL Background Thread 3 ] DEBUG Engine               - devSensorColorProperty: ObjectProperty [value: 0xffff00ff]
16:32:35.348 [FXGL Background Thread 3 ] DEBUG Engine               - devShowBBoxProperty: BooleanProperty [value: false]
16:32:35.349 [FXGL Background Thread 3 ] DEBUG Engine               - devShowPositionProperty: BooleanProperty [value: false]
16:32:35.349 [FXGL Background Thread 3 ] DEBUG Engine               - enabledMenuItems: []
16:32:35.349 [FXGL Background Thread 3 ] DEBUG Engine               - engineServices: [class com.almasb.fxgl.app.services.FXGLAssetLoaderService, class com.almasb.fxgl.app.FXGLApplication$GameApplicationService, class com.almasb.fxgl.app.services.FXGLDialogService, class com.almasb.fxgl.app.services.IOTaskExecutorService, class com.almasb.fxgl.io.FileSystemService, class com.almasb.fxgl.localization.LocalizationService, class com.almasb.fxgl.app.services.SystemBundleService, class com.almasb.fxgl.profile.SaveLoadService, class com.almasb.fxgl.ui.FXGLUIFactoryServiceProvider, class com.almasb.fxgl.ui.FXGLDialogFactoryServiceProvider, class com.almasb.fxgl.audio.AudioPlayer, class com.almasb.fxgl.notification.impl.NotificationServiceProvider, class com.almasb.fxgl.achievement.AchievementService, class com.almasb.fxgl.cutscene.CutsceneService, class com.almasb.fxgl.minigames.MiniGameService, class com.almasb.fxgl.net.NetService, class com.almasb.fxgl.app.services.UpdaterService, class com.almasb.fxgl.dev.DevService]
16:32:35.349 [FXGL Background Thread 3 ] DEBUG Engine               - fontGame: Abel-Regular.ttf
16:32:35.349 [FXGL Background Thread 3 ] DEBUG Engine               - fontMono: lucida_console.ttf
16:32:35.350 [FXGL Background Thread 3 ] DEBUG Engine               - fontText: Courier-Prime.ttf
16:32:35.350 [FXGL Background Thread 3 ] DEBUG Engine               - fontUI: VarelaRound-Regular.ttf
16:32:35.350 [FXGL Background Thread 3 ] DEBUG Engine               - fullScreen: BooleanProperty [value: false]
16:32:35.350 [FXGL Background Thread 3 ] DEBUG Engine               - gameDifficulty: MEDIUM
16:32:35.350 [FXGL Background Thread 3 ] DEBUG Engine               - gameDifficultyProperty: ObjectProperty [value: MEDIUM]
16:32:35.350 [FXGL Background Thread 3 ] DEBUG Engine               - globalMusicVolume: 0.5
16:32:35.351 [FXGL Background Thread 3 ] DEBUG Engine               - globalMusicVolumeProperty: DoubleProperty [value: 0.5]
16:32:35.351 [FXGL Background Thread 3 ] DEBUG Engine               - globalSoundVolume: 0.5
16:32:35.351 [FXGL Background Thread 3 ] DEBUG Engine               - globalSoundVolumeProperty: DoubleProperty [value: 0.5]
16:32:35.351 [FXGL Background Thread 3 ] DEBUG Engine               - height: 720
16:32:35.351 [FXGL Background Thread 3 ] DEBUG Engine               - is3D: false
16:32:35.351 [FXGL Background Thread 3 ] DEBUG Engine               - isAndroid: false
16:32:35.352 [FXGL Background Thread 3 ] DEBUG Engine               - isBrowser: false
16:32:35.352 [FXGL Background Thread 3 ] DEBUG Engine               - isClickFeedbackEnabled: false
16:32:35.352 [FXGL Background Thread 3 ] DEBUG Engine               - isCloseConfirmation: false
16:32:35.352 [FXGL Background Thread 3 ] DEBUG Engine               - isDesktop: true
16:32:35.352 [FXGL Background Thread 3 ] DEBUG Engine               - isDeveloperMenuEnabled: false
16:32:35.352 [FXGL Background Thread 3 ] DEBUG Engine               - isEntityPreloadEnabled: true
16:32:35.352 [FXGL Background Thread 3 ] DEBUG Engine               - isExperimentalTiledLargeMap: false
16:32:35.353 [FXGL Background Thread 3 ] DEBUG Engine               - isFileSystemWriteAllowed: true
16:32:35.353 [FXGL Background Thread 3 ] DEBUG Engine               - isFullScreenAllowed: false
16:32:35.353 [FXGL Background Thread 3 ] DEBUG Engine               - isFullScreenFromStart: false
16:32:35.353 [FXGL Background Thread 3 ] DEBUG Engine               - isGameMenuEnabled: true
16:32:35.353 [FXGL Background Thread 3 ] DEBUG Engine               - isIOS: false
16:32:35.354 [FXGL Background Thread 3 ] DEBUG Engine               - isIntroEnabled: false
16:32:35.354 [FXGL Background Thread 3 ] DEBUG Engine               - isLinux: false
16:32:35.354 [FXGL Background Thread 3 ] DEBUG Engine               - isMac: false
16:32:35.354 [FXGL Background Thread 3 ] DEBUG Engine               - isMainMenuEnabled: true
16:32:35.354 [FXGL Background Thread 3 ] DEBUG Engine               - isManualResizeEnabled: true
16:32:35.355 [FXGL Background Thread 3 ] DEBUG Engine               - isMobile: false
16:32:35.355 [FXGL Background Thread 3 ] DEBUG Engine               - isNative: false
16:32:35.355 [FXGL Background Thread 3 ] DEBUG Engine               - isPauseMusicWhenMinimized: true
16:32:35.355 [FXGL Background Thread 3 ] DEBUG Engine               - isPreserveResizeRatio: true
16:32:35.355 [FXGL Background Thread 3 ] DEBUG Engine               - isProfilingEnabled: false
16:32:35.355 [FXGL Background Thread 3 ] DEBUG Engine               - isScaleAffectedOnResize: true
16:32:35.356 [FXGL Background Thread 3 ] DEBUG Engine               - isSingleStep: false
16:32:35.356 [FXGL Background Thread 3 ] DEBUG Engine               - isUserProfileEnabled: false
16:32:35.356 [FXGL Background Thread 3 ] DEBUG Engine               - isWindows: true
16:32:35.357 [FXGL Background Thread 3 ] DEBUG Engine               - language: ObjectProperty [value: ENGLISH]
16:32:35.357 [FXGL Background Thread 3 ] DEBUG Engine               - menuKey: ESCAPE
16:32:35.357 [FXGL Background Thread 3 ] DEBUG Engine               - mouseSensitivity: 0.2
16:32:35.357 [FXGL Background Thread 3 ] DEBUG Engine               - notificationViewClass: class com.almasb.fxgl.notification.view.XboxNotificationView
16:32:35.357 [FXGL Background Thread 3 ] DEBUG Engine               - pixelsPerMeter: 50.0
16:32:35.357 [FXGL Background Thread 3 ] DEBUG Engine               - platform: WINDOWS
16:32:35.358 [FXGL Background Thread 3 ] DEBUG Engine               - prefHeightProperty: ReadOnlyDoubleProperty [value: 720.0]
16:32:35.358 [FXGL Background Thread 3 ] DEBUG Engine               - prefWidthProperty: ReadOnlyDoubleProperty [value: 1280.0]
16:32:35.358 [FXGL Background Thread 3 ] DEBUG Engine               - profileDir: profiles/
16:32:35.358 [FXGL Background Thread 3 ] DEBUG Engine               - profileName: StringProperty [value: DEFAULT]
16:32:35.359 [FXGL Background Thread 3 ] DEBUG Engine               - randomSeed: -1
16:32:35.359 [FXGL Background Thread 3 ] DEBUG Engine               - runtimeInfo: RuntimeInfo(platform=WINDOWS, version=11.17, build=16.07.2021 15.46)
16:32:35.359 [FXGL Background Thread 3 ] DEBUG Engine               - saveFileExt: sav
16:32:35.359 [FXGL Background Thread 3 ] DEBUG Engine               - scaledHeightProp$fxgl: DoubleProperty [bound, value: 720.0]
16:32:35.359 [FXGL Background Thread 3 ] DEBUG Engine               - scaledWidthProp$fxgl: DoubleProperty [bound, value: 1280.0]
16:32:35.360 [FXGL Background Thread 3 ] DEBUG Engine               - sceneFactory: ui.RTAISceneFactory@48be1352
16:32:35.360 [FXGL Background Thread 3 ] DEBUG Engine               - secondsIn24h: 60
16:32:35.360 [FXGL Background Thread 3 ] DEBUG Engine               - soundMenuBack: menu/back.wav
16:32:35.360 [FXGL Background Thread 3 ] DEBUG Engine               - soundMenuPress: menu/press.wav
16:32:35.360 [FXGL Background Thread 3 ] DEBUG Engine               - soundMenuSelect: menu/select.wav
16:32:35.360 [FXGL Background Thread 3 ] DEBUG Engine               - soundNotification: core/notification.wav
16:32:35.361 [FXGL Background Thread 3 ] DEBUG Engine               - stageStyle: DECORATED
16:32:35.361 [FXGL Background Thread 3 ] DEBUG Engine               - supportedLanguages: [ENGLISH, FRENCH, GERMAN, HUNGARIAN, RUSSIAN]
16:32:35.361 [FXGL Background Thread 3 ] DEBUG Engine               - ticksPerSecond: -1
16:32:35.361 [FXGL Background Thread 3 ] DEBUG Engine               - title: RTAIparty
16:32:35.362 [FXGL Background Thread 3 ] DEBUG Engine               - urlGithub: https://github.com/AlmasB/FXGL
16:32:35.362 [FXGL Background Thread 3 ] DEBUG Engine               - urlLeaderboard: http://fxgl-top.herokuapp.com/
16:32:35.362 [FXGL Background Thread 3 ] DEBUG Engine               - urlPOM: https://raw.githubusercontent.com/AlmasB/FXGL/release/README.md
16:32:35.362 [FXGL Background Thread 3 ] DEBUG Engine               - userAppClass: class com.almasb.fxglgames.RTAIparty.RTAIpartyApp
16:32:35.363 [FXGL Background Thread 3 ] DEBUG Engine               - version: 1.0
16:32:35.363 [FXGL Background Thread 3 ] DEBUG Engine               - versionCheckDays: 7
16:32:35.363 [FXGL Background Thread 3 ] DEBUG Engine               - width: 1280
16:32:35.363 [FXGL Background Thread 3 ] DEBUG Engine               - Logging services
16:32:35.364 [FXGL Background Thread 3 ] DEBUG Engine               - class com.almasb.fxgl.app.services.FXGLAssetLoaderService
16:32:35.364 [FXGL Background Thread 3 ] DEBUG Engine               - class com.almasb.fxgl.app.FXGLApplication$GameApplicationService
16:32:35.364 [FXGL Background Thread 3 ] DEBUG Engine               - class com.almasb.fxgl.app.services.FXGLDialogService
16:32:35.364 [FXGL Background Thread 3 ] DEBUG Engine               - class com.almasb.fxgl.app.services.IOTaskExecutorService
16:32:35.364 [FXGL Background Thread 3 ] DEBUG Engine               - class com.almasb.fxgl.io.FileSystemService
16:32:35.365 [FXGL Background Thread 3 ] DEBUG Engine               - class com.almasb.fxgl.localization.LocalizationService
16:32:35.365 [FXGL Background Thread 3 ] DEBUG Engine               - class com.almasb.fxgl.app.services.SystemBundleService
16:32:35.365 [FXGL Background Thread 3 ] DEBUG Engine               - class com.almasb.fxgl.profile.SaveLoadService
16:32:35.365 [FXGL Background Thread 3 ] DEBUG Engine               - class com.almasb.fxgl.ui.FXGLUIFactoryServiceProvider
16:32:35.365 [FXGL Background Thread 3 ] DEBUG Engine               - class com.almasb.fxgl.ui.FXGLDialogFactoryServiceProvider
16:32:35.365 [FXGL Background Thread 3 ] DEBUG Engine               - class com.almasb.fxgl.audio.AudioPlayer
16:32:35.365 [FXGL Background Thread 3 ] DEBUG Engine               - class com.almasb.fxgl.notification.impl.NotificationServiceProvider
16:32:35.365 [FXGL Background Thread 3 ] DEBUG Engine               - class com.almasb.fxgl.achievement.AchievementService
16:32:35.366 [FXGL Background Thread 3 ] DEBUG Engine               - class com.almasb.fxgl.cutscene.CutsceneService
16:32:35.366 [FXGL Background Thread 3 ] DEBUG Engine               - class com.almasb.fxgl.minigames.MiniGameService
16:32:35.366 [FXGL Background Thread 3 ] DEBUG Engine               - class com.almasb.fxgl.net.NetService
16:32:35.366 [FXGL Background Thread 3 ] DEBUG Engine               - class com.almasb.fxgl.app.services.UpdaterService
16:32:35.367 [FXGL Background Thread 3 ] DEBUG Engine               - class com.almasb.fxgl.dev.DevService
16:32:36.742 [JavaFX Application Thread] DEBUG Menu                 - fireNewGame()
16:32:36.743 [JavaFX Application Thread] DEBUG GameApplicationServi - Starting new game
16:32:36.744 [JavaFX Application Thread] DEBUG PrimaryStageWindow   - Pop state: RTAIpartyMainMenu
16:32:36.744 [JavaFX Application Thread] DEBUG Input                - Clearing active input actions
16:32:36.745 [JavaFX Application Thread] DEBUG GameApplicationServi - Removing overlay from RTAIpartyMainMenu and adding to FXGLMainMenuDummyScene
16:32:36.746 [JavaFX Application Thread] DEBUG PrimaryStageWindow   - FXGLMainMenuDummyScene <- RTAIpartyMainMenu
16:32:36.746 [JavaFX Application Thread] DEBUG Input                - Clearing active input actions
16:32:36.762 [JavaFX Application Thread] DEBUG GameApplicationServi - Removing overlay from FXGLMainMenuDummyScene and adding to FXGLLoadingScene
16:32:36.763 [JavaFX Application Thread] DEBUG PrimaryStageWindow   - FXGLMainMenuDummyScene -> FXGLLoadingScene
16:32:36.763 [JavaFX Application Thread] DEBUG GameApplicationServi - Clearing previous game
16:32:36.764 [JavaFX Application Thread] DEBUG GameScene            - Clearing game scene
16:32:36.764 [JavaFX Application Thread] DEBUG GameWorld            - Clearing game world
16:32:36.764 [JavaFX Application Thread] DEBUG PhysicsWorld         - Clearing physics world
16:32:36.767 [FXGL Background Thread 2 ] DEBUG FXGLApplication      - Initializing game
16:32:36.792 [JavaFX Application Thread] DEBUG Input                - Registered new binding: fin - E
16:32:36.793 [JavaFX Application Thread] DEBUG Input                - Registered new binding: Up - Up
16:32:36.793 [JavaFX Application Thread] DEBUG Input                - Registered new binding: Down - Down
16:32:36.794 [JavaFX Application Thread] DEBUG Input                - Registered new binding: Left - Left
16:32:36.794 [JavaFX Application Thread] DEBUG Input                - Registered new binding: Right - Right
16:32:36.799 [JavaFX Application Thread] DEBUG FXGLAssetLoaderServi - Loading from file system: file:/C:/Users/zorm1/eclipse-workspace/RTAIparty/target/classes/assets/textures/DodgeBlock.png
16:32:36.802 [FXGL Background Thread 2 ] INFO  FXGLApplication      - Game initialization took: 0,034 sec
16:32:37.499 [JavaFX Application Thread] DEBUG GameWorld            - Clearing removable entities
16:32:37.500 [JavaFX Application Thread] DEBUG GameWorld            - Setting level: com.almasb.fxgl.entity.level.Level@5f213720
16:32:37.527 [JavaFX Application Thread] DEBUG Input                - Clearing active input actions
16:32:37.578 [JavaFX Application Thread] DEBUG GameApplicationServi - Removing overlay from FXGLLoadingScene and adding to GameScene
16:32:37.579 [JavaFX Application Thread] DEBUG PrimaryStageWindow   - FXGLLoadingScene -> GameScene
16:32:37.596 [JavaFX Application Thread] DEBUG PrimaryStageWindow   - Push state: DodgeSubScene
16:32:37.596 [JavaFX Application Thread] DEBUG Input                - Clearing active input actions
16:32:37.596 [JavaFX Application Thread] DEBUG GameApplicationServi - Removing overlay from GameScene and adding to DodgeSubScene
16:32:37.597 [JavaFX Application Thread] DEBUG PrimaryStageWindow   - GameScene -> DodgeSubScene
16:32:42.266 [JavaFX Application Thread] DEBUG FXGLApplication      - Exiting FXGL
16:32:42.266 [JavaFX Application Thread] DEBUG LoopRunner           - Stopping loop
16:32:42.267 [JavaFX Application Thread] DEBUG SystemBundleService  - Saving FXGL system data
16:32:42.272 [JavaFX Application Thread] DEBUG FileSystemAccess     - Writing to: C:\Users\zorm1\eclipse-workspace\RTAIparty\system\fxgl.bundle
16:32:42.276 [JavaFX Application Thread] DEBUG Async                - Shutting down background threads
16:32:42.277 [JavaFX Application Thread] DEBUG PrimaryStageWindow   - Closing main window
16:32:42.317 [JavaFX Application Thread] DEBUG Logger               - Closing Logger
