16:30:42.125 [main                     ] DEBUG Logger               - Configured Logger
16:30:42.161 [main                     ] DEBUG GameApplication      - Logging settings
Title: RTAIparty
Version: 1.0
Width: 1280
Height: 720
Fullscreen: false
Intro: false
Profiling: false
Single step:false
App Mode: DEVELOPER
Menu Key: ESCAPE
Stage Style: DECORATED
Scene Factory: class ui.RTAISceneFactory

16:30:42.503 [JavaFX Application Thread] DEBUG FXGLApplication      - Initializing FXGL
16:30:42.507 [JavaFX Application Thread] INFO  Engine               - FXGL-11.17 (16.07.2021 15.46) on WINDOWS (J:16.0.2 FX:16)
16:30:42.508 [JavaFX Application Thread] DEBUG Engine               - JRE Vendor Name: Oracle Corporation
16:30:42.508 [JavaFX Application Thread] DEBUG Engine               - Running on OS: Windows 10 version 10.0
16:30:42.509 [JavaFX Application Thread] DEBUG Engine               - Architecture: amd64
16:30:42.509 [JavaFX Application Thread] INFO  Engine               - Source code and latest versions at: https://github.com/AlmasB/FXGL
16:30:42.509 [JavaFX Application Thread] INFO  Engine               -              Join the FXGL chat at: https://gitter.im/AlmasB/FXGL
16:30:42.604 [JavaFX Application Thread] DEBUG PrimaryStageWindow   - Creating a JavaFX scene
16:30:42.653 [JavaFX Application Thread] DEBUG PrimaryStageWindow   - Target settings size: 1280.0 x 720.0
16:30:42.653 [JavaFX Application Thread] DEBUG PrimaryStageWindow   - Scaled scene size:    1280.0 x 720.0
16:30:42.653 [JavaFX Application Thread] DEBUG PrimaryStageWindow   - Scaled ratio: (1.0, 1.0)
16:30:42.654 [JavaFX Application Thread] DEBUG PrimaryStageWindow   - Set initial scene to FXGLStartupScene
16:30:42.661 [JavaFX Application Thread] DEBUG PrimaryStageWindow   - Opening main window
16:30:42.741 [JavaFX Application Thread] DEBUG PrimaryStageWindow   - Window border size: (16.0, 39.0)
16:30:42.741 [JavaFX Application Thread] DEBUG PrimaryStageWindow   - Scaled size: 1280.0 x 720.0
16:30:42.742 [JavaFX Application Thread] DEBUG PrimaryStageWindow   - Scaled ratio: (1.0, 1.0)
16:30:42.742 [JavaFX Application Thread] DEBUG PrimaryStageWindow   - Scene size: 1280.0 x 720.0
16:30:42.742 [JavaFX Application Thread] DEBUG PrimaryStageWindow   - Stage size: 1296.0 x 759.0
16:30:42.752 [FXGL Background Thread 1 ] DEBUG Engine               - Initializing environment variables
16:30:42.835 [FXGL Background Thread 1 ] DEBUG FXGLAssetLoaderServi - User app class for loading assets: class com.almasb.fxglgames.RTAIparty.RTAIpartyApp
16:30:42.836 [FXGL Background Thread 1 ] DEBUG GameApplicationServi - Applying CSS: fxgl_dark.css
16:30:42.839 [FXGL Background Thread 1 ] DEBUG FXGLAssetLoaderServi - Loading from file system: jar:file:///C:/Users/zorm1/.m2/repository/com/github/almasb/fxgl/11.17/fxgl-11.17.jar!/fxglassets/ui/css/fxgl_dark.css
16:30:42.933 [FXGL Background Thread 1 ] DEBUG GameApplicationServi - Initializing application scenes
16:30:42.996 [FXGL Background Thread 1 ] DEBUG GameWorld            - Game world initialized
16:30:43.072 [FXGL Background Thread 1 ] DEBUG PhysicsWorld         - Physics world initialized: appHeight=720, physics.ppm=50,0
16:30:43.073 [FXGL Background Thread 1 ] DEBUG PhysicsWorld         - Using strategy: BRUTE_FORCE
16:30:43.076 [FXGL Background Thread 1 ] DEBUG GameScene            - Game scene initialized: 1280x720
16:30:43.084 [FXGL Background Thread 1 ] DEBUG FXGLAssetLoaderServi - Loading from file system: file:/C:/Users/zorm1/eclipse-workspace/RTAIparty/target/classes/assets/textures/garcon_blond.png
16:30:43.102 [FXGL Background Thread 1 ] DEBUG FXGLAssetLoaderServi - Loading from file system: file:/C:/Users/zorm1/eclipse-workspace/RTAIparty/target/classes/assets/textures/garcon_brun.png
16:30:43.103 [FXGL Background Thread 1 ] DEBUG FXGLAssetLoaderServi - Loading from file system: file:/C:/Users/zorm1/eclipse-workspace/RTAIparty/target/classes/assets/textures/fille_blonde.png
16:30:43.104 [FXGL Background Thread 1 ] DEBUG FXGLAssetLoaderServi - Loading from file system: file:/C:/Users/zorm1/eclipse-workspace/RTAIparty/target/classes/assets/textures/fille_brune.png
16:30:43.106 [FXGL Background Thread 1 ] DEBUG FXGLAssetLoaderServi - Loading from file system: file:/C:/Users/zorm1/eclipse-workspace/RTAIparty/target/classes/assets/textures/background/classe.png
16:30:43.170 [FXGL Background Thread 1 ] DEBUG FXGLAssetLoaderServi - Loading from file system: file:/C:/Users/zorm1/eclipse-workspace/RTAIparty/target/classes/assets/textures/tableau.png
16:30:43.179 [FXGL Background Thread 1 ] DEBUG FXGLAssetLoaderServi - Loading from file system: file:/C:/Users/zorm1/eclipse-workspace/RTAIparty/target/classes/assets/textures/table.png
16:30:43.206 [FXGL Background Thread 1 ] DEBUG FXGL.DefaultMenu     - createMenuBodyGameMenu()
16:30:43.223 [FXGL Background Thread 1 ] DEBUG FXGL.DefaultMenu     - createOptionsMenu()
16:30:43.231 [FXGL Background Thread 1 ] DEBUG FXGLAssetLoaderServi - Loading from file system: jar:file:///C:/Users/zorm1/.m2/repository/com/github/almasb/fxgl/11.17/fxgl-11.17.jar!/fxglassets/textures/particles/smoke.png
16:30:43.321 [FXGL Background Thread 1 ] DEBUG FXGLAssetLoaderServi - Loading from file system: jar:file:///C:/Users/zorm1/.m2/repository/com/github/almasb/fxgl/11.17/fxgl-11.17.jar!/fxglassets/textures/particles/trace_horizontal.png
16:30:43.347 [FXGL Background Thread 1 ] DEBUG GameApplicationServi - Application scenes initialized
16:30:43.359 [FXGL Background Thread 1 ] DEBUG SystemBundleService  - Loading FXGL system data
16:30:43.363 [FXGL Background Thread 1 ] DEBUG FileSystemAccess     - Reading from: C:\Users\zorm1\eclipse-workspace\RTAIparty\system\fxgl.bundle
16:30:43.374 [FXGL Background Thread 1 ] DEBUG SystemBundleService  - Bundle FXGL: {}
16:30:43.374 [FXGL Background Thread 1 ] DEBUG UpdaterService       - Checking for updates
16:30:43.379 [FXGL Background Thread 4 ] DEBUG FXGLApplication      - Loading fonts
16:30:43.380 [FXGL Background Thread 1 ] DEBUG FXGLApplication      - Loading default localization
16:30:43.380 [FXGL Background Thread 4 ] DEBUG FXGLAssetLoaderServi - Loading from file system: jar:file:///C:/Users/zorm1/.m2/repository/com/github/almasb/fxgl/11.17/fxgl-11.17.jar!/fxglassets/ui/fonts/VarelaRound-Regular.ttf
16:30:43.380 [FXGL Background Thread 1 ] DEBUG FXGLAssetLoaderServi - Loading from file system: jar:file:///C:/Users/zorm1/.m2/repository/com/github/almasb/fxgl/11.17/fxgl-11.17.jar!/fxglassets/languages/english.lang
16:30:43.400 [FXGL Background Thread 1 ] INFO  FXGLApplication      - FXGL initialization took: 0,648 sec
16:30:43.403 [JavaFX Application Thread] DEBUG Input                - Registered new binding: clic - LMB
16:30:43.412 [JavaFX Application Thread] DEBUG Input                - Registered new binding: test - E
16:30:43.413 [JavaFX Application Thread] DEBUG FXGLAssetLoaderServi - Loading from file system: jar:file:///C:/Users/zorm1/.m2/repository/com/github/almasb/fxgl/11.17/fxgl-11.17.jar!/fxglassets/textures/fxgl_icon.png
16:30:43.433 [JavaFX Application Thread] DEBUG FXGLAssetLoaderServi - Loading from file system: jar:file:///C:/Users/zorm1/.m2/repository/com/github/almasb/fxgl/11.17/fxgl-11.17.jar!/fxglassets/textures/fxgl_default_cursor.png
16:30:43.435 [JavaFX Application Thread] DEBUG Input                - Registered new binding: Screenshot - CTRL+8
16:30:43.436 [JavaFX Application Thread] DEBUG Input                - Registered new binding: System info dump - CTRL+9
16:30:43.437 [JavaFX Application Thread] DEBUG Input                - Registered new binding: Restart - CTRL+R
16:30:43.438 [JavaFX Application Thread] DEBUG Input                - Registered new binding: Toggle Debug Camera - CTRL+C
16:30:43.441 [JavaFX Application Thread] DEBUG LoopRunner           - Starting loop
16:30:43.441 [JavaFX Application Thread] DEBUG LoopRunner           - Initializing JavaFX AnimationTimerLoop
16:30:43.445 [JavaFX Application Thread] DEBUG Input                - Clearing active input actions
16:30:43.454 [JavaFX Application Thread] DEBUG GameApplicationServi - Removing overlay from FXGLStartupScene and adding to FXGLMainMenuDummyScene
16:30:43.455 [JavaFX Application Thread] DEBUG PrimaryStageWindow   - FXGLStartupScene -> FXGLMainMenuDummyScene
16:30:43.455 [JavaFX Application Thread] DEBUG PrimaryStageWindow   - Push state: RTAIpartyMainMenu
16:30:43.456 [JavaFX Application Thread] DEBUG Input                - Clearing active input actions
16:30:43.461 [FXGL Background Thread 4 ] DEBUG FXGLAssetLoaderServi - Loading from file system: jar:file:///C:/Users/zorm1/.m2/repository/com/github/almasb/fxgl/11.17/fxgl-11.17.jar!/fxglassets/ui/fonts/Abel-Regular.ttf
16:30:43.461 [JavaFX Application Thread] DEBUG GameApplicationServi - Removing overlay from FXGLMainMenuDummyScene and adding to RTAIpartyMainMenu
16:30:43.462 [JavaFX Application Thread] DEBUG PrimaryStageWindow   - FXGLMainMenuDummyScene -> RTAIpartyMainMenu
16:30:43.480 [FXGL Background Thread 4 ] DEBUG FXGLAssetLoaderServi - Loading from file system: jar:file:///C:/Users/zorm1/.m2/repository/com/github/almasb/fxgl/11.17/fxgl-11.17.jar!/fxglassets/ui/fonts/lucida_console.ttf
16:30:43.501 [FXGL Background Thread 4 ] DEBUG FXGLAssetLoaderServi - Loading from file system: jar:file:///C:/Users/zorm1/.m2/repository/com/github/almasb/fxgl/11.17/fxgl-11.17.jar!/fxglassets/ui/fonts/Courier-Prime.ttf
16:30:43.576 [JavaFX Application Thread] DEBUG FXGLApplication      - Registering font factories with UI factory
16:30:46.380 [FXGL Background Thread 3 ] DEBUG Engine               - Logging environment variables
16:30:46.380 [FXGL Background Thread 3 ] DEBUG Engine               - achievements: []
16:30:46.381 [FXGL Background Thread 3 ] DEBUG Engine               - actualHeight: 720.0
16:30:46.381 [FXGL Background Thread 3 ] DEBUG Engine               - actualHeightProperty: ReadOnlyDoubleProperty [value: 720.0]
16:30:46.381 [FXGL Background Thread 3 ] DEBUG Engine               - actualWidth: 1280.0
16:30:46.381 [FXGL Background Thread 3 ] DEBUG Engine               - actualWidthProperty: ReadOnlyDoubleProperty [value: 1280.0]
16:30:46.382 [FXGL Background Thread 3 ] DEBUG Engine               - appIcon: fxgl_icon.png
16:30:46.382 [FXGL Background Thread 3 ] DEBUG Engine               - applicationMode: DEVELOPER
16:30:46.382 [FXGL Background Thread 3 ] DEBUG Engine               - cSSList: [fxgl_dark.css]
16:30:46.382 [FXGL Background Thread 3 ] DEBUG Engine               - collisionDetectionStrategy: BRUTE_FORCE
16:30:46.382 [FXGL Background Thread 3 ] DEBUG Engine               - configClass: Optional.empty
16:30:46.382 [FXGL Background Thread 3 ] DEBUG Engine               - credits: []
16:30:46.383 [FXGL Background Thread 3 ] DEBUG Engine               - defaultCursor: CursorInfo(imageName=fxgl_default_cursor.png, hotspotX=7.0, hotspotY=6.0)
16:30:46.383 [FXGL Background Thread 3 ] DEBUG Engine               - devBBoxColorProperty: ObjectProperty [value: 0xff0000ff]
16:30:46.383 [FXGL Background Thread 3 ] DEBUG Engine               - devEnableDebugCameraProperty: BooleanProperty [value: false]
16:30:46.384 [FXGL Background Thread 3 ] DEBUG Engine               - devSensorColorProperty: ObjectProperty [value: 0xffff00ff]
16:30:46.384 [FXGL Background Thread 3 ] DEBUG Engine               - devShowBBoxProperty: BooleanProperty [value: false]
16:30:46.384 [FXGL Background Thread 3 ] DEBUG Engine               - devShowPositionProperty: BooleanProperty [value: false]
16:30:46.384 [FXGL Background Thread 3 ] DEBUG Engine               - enabledMenuItems: []
16:30:46.384 [FXGL Background Thread 3 ] DEBUG Engine               - engineServices: [class com.almasb.fxgl.app.services.FXGLAssetLoaderService, class com.almasb.fxgl.app.FXGLApplication$GameApplicationService, class com.almasb.fxgl.app.services.FXGLDialogService, class com.almasb.fxgl.app.services.IOTaskExecutorService, class com.almasb.fxgl.io.FileSystemService, class com.almasb.fxgl.localization.LocalizationService, class com.almasb.fxgl.app.services.SystemBundleService, class com.almasb.fxgl.profile.SaveLoadService, class com.almasb.fxgl.ui.FXGLUIFactoryServiceProvider, class com.almasb.fxgl.ui.FXGLDialogFactoryServiceProvider, class com.almasb.fxgl.audio.AudioPlayer, class com.almasb.fxgl.notification.impl.NotificationServiceProvider, class com.almasb.fxgl.achievement.AchievementService, class com.almasb.fxgl.cutscene.CutsceneService, class com.almasb.fxgl.minigames.MiniGameService, class com.almasb.fxgl.net.NetService, class com.almasb.fxgl.app.services.UpdaterService, class com.almasb.fxgl.dev.DevService]
16:30:46.385 [FXGL Background Thread 3 ] DEBUG Engine               - fontGame: Abel-Regular.ttf
16:30:46.385 [FXGL Background Thread 3 ] DEBUG Engine               - fontMono: lucida_console.ttf
16:30:46.385 [FXGL Background Thread 3 ] DEBUG Engine               - fontText: Courier-Prime.ttf
16:30:46.385 [FXGL Background Thread 3 ] DEBUG Engine               - fontUI: VarelaRound-Regular.ttf
16:30:46.385 [FXGL Background Thread 3 ] DEBUG Engine               - fullScreen: BooleanProperty [value: false]
16:30:46.386 [FXGL Background Thread 3 ] DEBUG Engine               - gameDifficulty: MEDIUM
16:30:46.386 [FXGL Background Thread 3 ] DEBUG Engine               - gameDifficultyProperty: ObjectProperty [value: MEDIUM]
16:30:46.386 [FXGL Background Thread 3 ] DEBUG Engine               - globalMusicVolume: 0.5
16:30:46.386 [FXGL Background Thread 3 ] DEBUG Engine               - globalMusicVolumeProperty: DoubleProperty [value: 0.5]
16:30:46.386 [FXGL Background Thread 3 ] DEBUG Engine               - globalSoundVolume: 0.5
16:30:46.387 [FXGL Background Thread 3 ] DEBUG Engine               - globalSoundVolumeProperty: DoubleProperty [value: 0.5]
16:30:46.387 [FXGL Background Thread 3 ] DEBUG Engine               - height: 720
16:30:46.387 [FXGL Background Thread 3 ] DEBUG Engine               - is3D: false
16:30:46.387 [FXGL Background Thread 3 ] DEBUG Engine               - isAndroid: false
16:30:46.387 [FXGL Background Thread 3 ] DEBUG Engine               - isBrowser: false
16:30:46.388 [FXGL Background Thread 3 ] DEBUG Engine               - isClickFeedbackEnabled: false
16:30:46.388 [FXGL Background Thread 3 ] DEBUG Engine               - isCloseConfirmation: false
16:30:46.388 [FXGL Background Thread 3 ] DEBUG Engine               - isDesktop: true
16:30:46.388 [FXGL Background Thread 3 ] DEBUG Engine               - isDeveloperMenuEnabled: false
16:30:46.388 [FXGL Background Thread 3 ] DEBUG Engine               - isEntityPreloadEnabled: true
16:30:46.389 [FXGL Background Thread 3 ] DEBUG Engine               - isExperimentalTiledLargeMap: false
16:30:46.389 [FXGL Background Thread 3 ] DEBUG Engine               - isFileSystemWriteAllowed: true
16:30:46.389 [FXGL Background Thread 3 ] DEBUG Engine               - isFullScreenAllowed: false
16:30:46.389 [FXGL Background Thread 3 ] DEBUG Engine               - isFullScreenFromStart: false
16:30:46.389 [FXGL Background Thread 3 ] DEBUG Engine               - isGameMenuEnabled: true
16:30:46.389 [FXGL Background Thread 3 ] DEBUG Engine               - isIOS: false
16:30:46.390 [FXGL Background Thread 3 ] DEBUG Engine               - isIntroEnabled: false
16:30:46.390 [FXGL Background Thread 3 ] DEBUG Engine               - isLinux: false
16:30:46.390 [FXGL Background Thread 3 ] DEBUG Engine               - isMac: false
16:30:46.390 [FXGL Background Thread 3 ] DEBUG Engine               - isMainMenuEnabled: true
16:30:46.390 [FXGL Background Thread 3 ] DEBUG Engine               - isManualResizeEnabled: true
16:30:46.391 [FXGL Background Thread 3 ] DEBUG Engine               - isMobile: false
16:30:46.391 [FXGL Background Thread 3 ] DEBUG Engine               - isNative: false
16:30:46.391 [FXGL Background Thread 3 ] DEBUG Engine               - isPauseMusicWhenMinimized: true
16:30:46.391 [FXGL Background Thread 3 ] DEBUG Engine               - isPreserveResizeRatio: true
16:30:46.391 [FXGL Background Thread 3 ] DEBUG Engine               - isProfilingEnabled: false
16:30:46.391 [FXGL Background Thread 3 ] DEBUG Engine               - isScaleAffectedOnResize: true
16:30:46.392 [FXGL Background Thread 3 ] DEBUG Engine               - isSingleStep: false
16:30:46.392 [FXGL Background Thread 3 ] DEBUG Engine               - isUserProfileEnabled: false
16:30:46.392 [FXGL Background Thread 3 ] DEBUG Engine               - isWindows: true
16:30:46.392 [FXGL Background Thread 3 ] DEBUG Engine               - language: ObjectProperty [value: ENGLISH]
16:30:46.392 [FXGL Background Thread 3 ] DEBUG Engine               - menuKey: ESCAPE
16:30:46.392 [FXGL Background Thread 3 ] DEBUG Engine               - mouseSensitivity: 0.2
16:30:46.393 [FXGL Background Thread 3 ] DEBUG Engine               - notificationViewClass: class com.almasb.fxgl.notification.view.XboxNotificationView
16:30:46.393 [FXGL Background Thread 3 ] DEBUG Engine               - pixelsPerMeter: 50.0
16:30:46.393 [FXGL Background Thread 3 ] DEBUG Engine               - platform: WINDOWS
16:30:46.393 [FXGL Background Thread 3 ] DEBUG Engine               - prefHeightProperty: ReadOnlyDoubleProperty [value: 720.0]
16:30:46.393 [FXGL Background Thread 3 ] DEBUG Engine               - prefWidthProperty: ReadOnlyDoubleProperty [value: 1280.0]
16:30:46.394 [FXGL Background Thread 3 ] DEBUG Engine               - profileDir: profiles/
16:30:46.394 [FXGL Background Thread 3 ] DEBUG Engine               - profileName: StringProperty [value: DEFAULT]
16:30:46.394 [FXGL Background Thread 3 ] DEBUG Engine               - randomSeed: -1
16:30:46.394 [FXGL Background Thread 3 ] DEBUG Engine               - runtimeInfo: RuntimeInfo(platform=WINDOWS, version=11.17, build=16.07.2021 15.46)
16:30:46.394 [FXGL Background Thread 3 ] DEBUG Engine               - saveFileExt: sav
16:30:46.395 [FXGL Background Thread 3 ] DEBUG Engine               - scaledHeightProp$fxgl: DoubleProperty [bound, value: 720.0]
16:30:46.395 [FXGL Background Thread 3 ] DEBUG Engine               - scaledWidthProp$fxgl: DoubleProperty [bound, value: 1280.0]
16:30:46.395 [FXGL Background Thread 3 ] DEBUG Engine               - sceneFactory: ui.RTAISceneFactory@744b2308
16:30:46.395 [FXGL Background Thread 3 ] DEBUG Engine               - secondsIn24h: 60
16:30:46.395 [FXGL Background Thread 3 ] DEBUG Engine               - soundMenuBack: menu/back.wav
16:30:46.396 [FXGL Background Thread 3 ] DEBUG Engine               - soundMenuPress: menu/press.wav
16:30:46.396 [FXGL Background Thread 3 ] DEBUG Engine               - soundMenuSelect: menu/select.wav
16:30:46.396 [FXGL Background Thread 3 ] DEBUG Engine               - soundNotification: core/notification.wav
16:30:46.396 [FXGL Background Thread 3 ] DEBUG Engine               - stageStyle: DECORATED
16:30:46.396 [FXGL Background Thread 3 ] DEBUG Engine               - supportedLanguages: [ENGLISH, FRENCH, GERMAN, HUNGARIAN, RUSSIAN]
16:30:46.397 [FXGL Background Thread 3 ] DEBUG Engine               - ticksPerSecond: -1
16:30:46.397 [FXGL Background Thread 3 ] DEBUG Engine               - title: RTAIparty
16:30:46.397 [FXGL Background Thread 3 ] DEBUG Engine               - urlGithub: https://github.com/AlmasB/FXGL
16:30:46.397 [FXGL Background Thread 3 ] DEBUG Engine               - urlLeaderboard: http://fxgl-top.herokuapp.com/
16:30:46.397 [FXGL Background Thread 3 ] DEBUG Engine               - urlPOM: https://raw.githubusercontent.com/AlmasB/FXGL/release/README.md
16:30:46.397 [FXGL Background Thread 3 ] DEBUG Engine               - userAppClass: class com.almasb.fxglgames.RTAIparty.RTAIpartyApp
16:30:46.397 [FXGL Background Thread 3 ] DEBUG Engine               - version: 1.0
16:30:46.398 [FXGL Background Thread 3 ] DEBUG Engine               - versionCheckDays: 7
16:30:46.398 [FXGL Background Thread 3 ] DEBUG Engine               - width: 1280
16:30:46.398 [FXGL Background Thread 3 ] DEBUG Engine               - Logging services
16:30:46.398 [FXGL Background Thread 3 ] DEBUG Engine               - class com.almasb.fxgl.app.services.FXGLAssetLoaderService
16:30:46.398 [FXGL Background Thread 3 ] DEBUG Engine               - class com.almasb.fxgl.app.FXGLApplication$GameApplicationService
16:30:46.398 [FXGL Background Thread 3 ] DEBUG Engine               - class com.almasb.fxgl.app.services.FXGLDialogService
16:30:46.399 [FXGL Background Thread 3 ] DEBUG Engine               - class com.almasb.fxgl.app.services.IOTaskExecutorService
16:30:46.399 [FXGL Background Thread 3 ] DEBUG Engine               - class com.almasb.fxgl.io.FileSystemService
16:30:46.399 [FXGL Background Thread 3 ] DEBUG Engine               - class com.almasb.fxgl.localization.LocalizationService
16:30:46.399 [FXGL Background Thread 3 ] DEBUG Engine               - class com.almasb.fxgl.app.services.SystemBundleService
16:30:46.399 [FXGL Background Thread 3 ] DEBUG Engine               - class com.almasb.fxgl.profile.SaveLoadService
16:30:46.400 [FXGL Background Thread 3 ] DEBUG Engine               - class com.almasb.fxgl.ui.FXGLUIFactoryServiceProvider
16:30:46.400 [FXGL Background Thread 3 ] DEBUG Engine               - class com.almasb.fxgl.ui.FXGLDialogFactoryServiceProvider
16:30:46.400 [FXGL Background Thread 3 ] DEBUG Engine               - class com.almasb.fxgl.audio.AudioPlayer
16:30:46.400 [FXGL Background Thread 3 ] DEBUG Engine               - class com.almasb.fxgl.notification.impl.NotificationServiceProvider
16:30:46.400 [FXGL Background Thread 3 ] DEBUG Engine               - class com.almasb.fxgl.achievement.AchievementService
16:30:46.400 [FXGL Background Thread 3 ] DEBUG Engine               - class com.almasb.fxgl.cutscene.CutsceneService
16:30:46.400 [FXGL Background Thread 3 ] DEBUG Engine               - class com.almasb.fxgl.minigames.MiniGameService
16:30:46.400 [FXGL Background Thread 3 ] DEBUG Engine               - class com.almasb.fxgl.net.NetService
16:30:46.401 [FXGL Background Thread 3 ] DEBUG Engine               - class com.almasb.fxgl.app.services.UpdaterService
16:30:46.401 [FXGL Background Thread 3 ] DEBUG Engine               - class com.almasb.fxgl.dev.DevService
16:30:46.716 [JavaFX Application Thread] DEBUG Menu                 - fireNewGame()
16:30:46.717 [JavaFX Application Thread] DEBUG GameApplicationServi - Starting new game
16:30:46.718 [JavaFX Application Thread] DEBUG PrimaryStageWindow   - Pop state: RTAIpartyMainMenu
16:30:46.718 [JavaFX Application Thread] DEBUG Input                - Clearing active input actions
16:30:46.719 [JavaFX Application Thread] DEBUG GameApplicationServi - Removing overlay from RTAIpartyMainMenu and adding to FXGLMainMenuDummyScene
16:30:46.720 [JavaFX Application Thread] DEBUG PrimaryStageWindow   - FXGLMainMenuDummyScene <- RTAIpartyMainMenu
16:30:46.720 [JavaFX Application Thread] DEBUG Input                - Clearing active input actions
16:30:46.740 [JavaFX Application Thread] DEBUG GameApplicationServi - Removing overlay from FXGLMainMenuDummyScene and adding to FXGLLoadingScene
16:30:46.740 [JavaFX Application Thread] DEBUG PrimaryStageWindow   - FXGLMainMenuDummyScene -> FXGLLoadingScene
16:30:46.741 [JavaFX Application Thread] DEBUG GameApplicationServi - Clearing previous game
16:30:46.741 [JavaFX Application Thread] DEBUG GameScene            - Clearing game scene
16:30:46.741 [JavaFX Application Thread] DEBUG GameWorld            - Clearing game world
16:30:46.742 [JavaFX Application Thread] DEBUG PhysicsWorld         - Clearing physics world
16:30:46.746 [FXGL Background Thread 2 ] DEBUG FXGLApplication      - Initializing game
16:30:46.779 [JavaFX Application Thread] DEBUG Input                - Registered new binding: fin - E
16:30:46.780 [JavaFX Application Thread] DEBUG Input                - Registered new binding: Up - Up
16:30:46.782 [JavaFX Application Thread] DEBUG Input                - Registered new binding: Down - Down
16:30:46.783 [JavaFX Application Thread] DEBUG Input                - Registered new binding: Left - Left
16:30:46.783 [JavaFX Application Thread] DEBUG Input                - Registered new binding: Right - Right
16:30:46.790 [JavaFX Application Thread] DEBUG FXGLAssetLoaderServi - Loading from file system: file:/C:/Users/zorm1/eclipse-workspace/RTAIparty/target/classes/assets/textures/DodgeBlock.png
16:30:46.792 [FXGL Background Thread 2 ] INFO  FXGLApplication      - Game initialization took: 0,046 sec
16:30:47.401 [JavaFX Application Thread] DEBUG GameWorld            - Clearing removable entities
16:30:47.402 [JavaFX Application Thread] DEBUG GameWorld            - Setting level: com.almasb.fxgl.entity.level.Level@4b38ad77
16:30:47.437 [JavaFX Application Thread] DEBUG Input                - Clearing active input actions
16:30:47.487 [JavaFX Application Thread] DEBUG GameApplicationServi - Removing overlay from FXGLLoadingScene and adding to GameScene
16:30:47.488 [JavaFX Application Thread] DEBUG PrimaryStageWindow   - FXGLLoadingScene -> GameScene
16:30:47.510 [JavaFX Application Thread] DEBUG PrimaryStageWindow   - Push state: DodgeSubScene
16:30:47.510 [JavaFX Application Thread] DEBUG Input                - Clearing active input actions
16:30:47.510 [JavaFX Application Thread] DEBUG GameApplicationServi - Removing overlay from GameScene and adding to DodgeSubScene
16:30:47.511 [JavaFX Application Thread] DEBUG PrimaryStageWindow   - GameScene -> DodgeSubScene
16:31:07.508 [JavaFX Application Thread] DEBUG FXGLApplication      - Exiting FXGL
16:31:07.509 [JavaFX Application Thread] DEBUG LoopRunner           - Stopping loop
16:31:07.510 [JavaFX Application Thread] DEBUG SystemBundleService  - Saving FXGL system data
16:31:07.517 [JavaFX Application Thread] DEBUG FileSystemAccess     - Writing to: C:\Users\zorm1\eclipse-workspace\RTAIparty\system\fxgl.bundle
16:31:07.522 [JavaFX Application Thread] DEBUG Async                - Shutting down background threads
16:31:07.523 [JavaFX Application Thread] DEBUG PrimaryStageWindow   - Closing main window
16:31:07.549 [JavaFX Application Thread] DEBUG Logger               - Closing Logger
