01:31:37.633 [main                     ] DEBUG Logger               - Configured Logger
01:31:37.657 [main                     ] DEBUG GameApplication      - Logging settings
Title: RTAIparty
Version: 1.0
Width: 1280
Height: 720
Fullscreen: false
Intro: false
Profiling: false
Single step:false
App Mode: DEVELOPER
Menu Key: ESCAPE
Stage Style: DECORATED
Scene Factory: class ui.RTAISceneFactory

01:31:37.860 [JavaFX Application Thread] DEBUG FXGLApplication      - Initializing FXGL
01:31:37.861 [JavaFX Application Thread] INFO  Engine               - FXGL-11+dev-SNAPSHOT (28.11.2021 18.20) on WINDOWS (J:16.0.2 FX:17.0.0.1)
01:31:37.862 [JavaFX Application Thread] DEBUG Engine               - JRE Vendor Name: Oracle Corporation
01:31:37.862 [JavaFX Application Thread] DEBUG Engine               - Running on OS: Windows 10 version 10.0
01:31:37.862 [JavaFX Application Thread] DEBUG Engine               - Architecture: amd64
01:31:37.862 [JavaFX Application Thread] INFO  Engine               - Source code and latest versions at: https://github.com/AlmasB/FXGL
01:31:37.862 [JavaFX Application Thread] INFO  Engine               -       Ask questions and discuss at: https://github.com/AlmasB/FXGL/discussions
01:31:37.863 [JavaFX Application Thread] INFO  Engine               -              Join the FXGL chat at: https://gitter.im/AlmasB/FXGL
01:31:37.929 [JavaFX Application Thread] DEBUG PrimaryStageWindow   - Creating a JavaFX scene
01:31:37.961 [JavaFX Application Thread] DEBUG PrimaryStageWindow   - Target settings size: 1280.0 x 720.0
01:31:37.962 [JavaFX Application Thread] DEBUG PrimaryStageWindow   - Scaled scene size:    1280.0 x 720.0
01:31:37.962 [JavaFX Application Thread] DEBUG PrimaryStageWindow   - Scaled ratio: (1.0, 1.0)
01:31:37.962 [JavaFX Application Thread] DEBUG PrimaryStageWindow   - Set initial scene to FXGLStartupScene
01:31:37.967 [JavaFX Application Thread] DEBUG PrimaryStageWindow   - Opening main window
01:31:38.023 [JavaFX Application Thread] DEBUG PrimaryStageWindow   - Window border size: (16.0, 39.0)
01:31:38.024 [JavaFX Application Thread] DEBUG PrimaryStageWindow   - Scaled size: 1280.0 x 720.0
01:31:38.024 [JavaFX Application Thread] DEBUG PrimaryStageWindow   - Scaled ratio: (1.0, 1.0)
01:31:38.024 [JavaFX Application Thread] DEBUG PrimaryStageWindow   - Scene size: 1280.0 x 720.0
01:31:38.024 [JavaFX Application Thread] DEBUG PrimaryStageWindow   - Stage size: 1296.0 x 759.0
01:31:38.032 [FXGL Background Thread 1 ] DEBUG Engine               - Initializing environment variables
01:31:38.095 [FXGL Background Thread 1 ] DEBUG FXGLAssetLoaderServi - User app class for loading assets: class com.almasb.fxglgames.RTAIparty.RTAIpartyApp
01:31:38.095 [FXGL Background Thread 1 ] DEBUG GameApplicationServi - Applying CSS: fxgl_dark.css
01:31:38.096 [FXGL Background Thread 1 ] DEBUG FXGLAssetLoaderServi - Loading from file system: jar:file:///C:/Users/zorm1/.m2/repository/com/github/almasb/fxgl/11+dev-SNAPSHOT/fxgl-11+dev-SNAPSHOT.jar!/fxglassets/ui/css/fxgl_dark.css
01:31:38.162 [FXGL Background Thread 1 ] DEBUG GameApplicationServi - Initializing application scenes
01:31:38.224 [FXGL Background Thread 1 ] DEBUG GameWorld            - Game world initialized
01:31:38.289 [FXGL Background Thread 1 ] DEBUG PhysicsWorld         - Physics world initialized: appHeight=720, physics.ppm=50,0
01:31:38.290 [FXGL Background Thread 1 ] DEBUG PhysicsWorld         - Using strategy: BRUTE_FORCE
01:31:38.295 [FXGL Background Thread 1 ] DEBUG GameScene            - Game scene initialized: 1280x720
01:31:38.302 [FXGL Background Thread 1 ] DEBUG FXGLAssetLoaderServi - Loading from file system: file:/C:/Users/zorm1/eclipse-workspace/RTAIparty/target/classes/assets/textures/garcon_blond.png
01:31:38.315 [FXGL Background Thread 1 ] DEBUG FXGLAssetLoaderServi - Loading from file system: file:/C:/Users/zorm1/eclipse-workspace/RTAIparty/target/classes/assets/textures/garcon_brun.png
01:31:38.317 [FXGL Background Thread 1 ] DEBUG FXGLAssetLoaderServi - Loading from file system: file:/C:/Users/zorm1/eclipse-workspace/RTAIparty/target/classes/assets/textures/fille_blonde.png
01:31:38.319 [FXGL Background Thread 1 ] DEBUG FXGLAssetLoaderServi - Loading from file system: file:/C:/Users/zorm1/eclipse-workspace/RTAIparty/target/classes/assets/textures/fille_brune.png
01:31:38.321 [FXGL Background Thread 1 ] DEBUG FXGLAssetLoaderServi - Loading from file system: file:/C:/Users/zorm1/eclipse-workspace/RTAIparty/target/classes/assets/textures/background/classe.png
01:31:38.366 [FXGL Background Thread 1 ] DEBUG FXGLAssetLoaderServi - Loading from file system: file:/C:/Users/zorm1/eclipse-workspace/RTAIparty/target/classes/assets/textures/tableau.png
01:31:38.370 [FXGL Background Thread 1 ] DEBUG FXGLAssetLoaderServi - Loading from file system: file:/C:/Users/zorm1/eclipse-workspace/RTAIparty/target/classes/assets/textures/table.png
01:31:38.383 [FXGL Background Thread 1 ] DEBUG FXGL.DefaultMenu     - createMenuBodyGameMenu()
01:31:38.395 [FXGL Background Thread 1 ] DEBUG FXGL.DefaultMenu     - createOptionsMenu()
01:31:38.400 [FXGL Background Thread 1 ] DEBUG FXGLAssetLoaderServi - Loading from file system: jar:file:///C:/Users/zorm1/.m2/repository/com/github/almasb/fxgl/11+dev-SNAPSHOT/fxgl-11+dev-SNAPSHOT.jar!/fxglassets/textures/particles/smoke.png
01:31:38.455 [FXGL Background Thread 1 ] DEBUG FXGLAssetLoaderServi - Loading from file system: jar:file:///C:/Users/zorm1/.m2/repository/com/github/almasb/fxgl/11+dev-SNAPSHOT/fxgl-11+dev-SNAPSHOT.jar!/fxglassets/textures/particles/trace_horizontal.png
01:31:38.470 [FXGL Background Thread 1 ] DEBUG GameApplicationServi - Application scenes initialized
01:31:38.478 [FXGL Background Thread 1 ] DEBUG SystemBundleService  - Loading FXGL system data
01:31:38.484 [FXGL Background Thread 1 ] DEBUG FileSystemAccess     - Reading from: C:\Users\zorm1\eclipse-workspace\RTAIparty\system\fxgl.bundle
01:31:38.490 [FXGL Background Thread 1 ] DEBUG SystemBundleService  - Bundle FXGL: {}
01:31:38.490 [FXGL Background Thread 1 ] DEBUG UpdaterService       - Checking for updates
01:31:38.499 [FXGL Background Thread 4 ] DEBUG FXGLApplication      - Loading fonts
01:31:38.500 [FXGL Background Thread 1 ] DEBUG FXGLApplication      - Loading default localization
01:31:38.500 [FXGL Background Thread 4 ] DEBUG FXGLAssetLoaderServi - Loading from file system: jar:file:///C:/Users/zorm1/.m2/repository/com/github/almasb/fxgl/11+dev-SNAPSHOT/fxgl-11+dev-SNAPSHOT.jar!/fxglassets/ui/fonts/VarelaRound-Regular.ttf
01:31:38.501 [FXGL Background Thread 1 ] DEBUG FXGLAssetLoaderServi - Loading from file system: jar:file:///C:/Users/zorm1/.m2/repository/com/github/almasb/fxgl/11+dev-SNAPSHOT/fxgl-11+dev-SNAPSHOT.jar!/fxglassets/languages/english.lang
01:31:38.511 [FXGL Background Thread 1 ] INFO  FXGLApplication      - FXGL initialization took: 0,480 sec
01:31:38.515 [JavaFX Application Thread] DEBUG Input                - Registered new binding: clic - LMB
01:31:38.522 [JavaFX Application Thread] DEBUG Input                - Registered new binding: test - E
01:31:38.523 [JavaFX Application Thread] DEBUG FXGLAssetLoaderServi - Loading from file system: jar:file:///C:/Users/zorm1/.m2/repository/com/github/almasb/fxgl/11+dev-SNAPSHOT/fxgl-11+dev-SNAPSHOT.jar!/fxglassets/textures/fxgl_icon.png
01:31:38.535 [JavaFX Application Thread] DEBUG FXGLAssetLoaderServi - Loading from file system: jar:file:///C:/Users/zorm1/.m2/repository/com/github/almasb/fxgl/11+dev-SNAPSHOT/fxgl-11+dev-SNAPSHOT.jar!/fxglassets/textures/fxgl_default_cursor.png
01:31:38.537 [JavaFX Application Thread] DEBUG Input                - Registered new binding: Screenshot - CTRL+8
01:31:38.538 [JavaFX Application Thread] DEBUG Input                - Registered new binding: System info dump - CTRL+9
01:31:38.538 [JavaFX Application Thread] DEBUG Input                - Registered new binding: Restart - CTRL+R
01:31:38.539 [JavaFX Application Thread] DEBUG Input                - Registered new binding: Toggle Debug Camera - CTRL+7
01:31:38.541 [JavaFX Application Thread] DEBUG LoopRunner           - Starting loop
01:31:38.541 [JavaFX Application Thread] DEBUG LoopRunner           - Initializing JavaFX AnimationTimerLoop
01:31:38.543 [JavaFX Application Thread] DEBUG Input                - Clearing active input actions
01:31:38.550 [JavaFX Application Thread] DEBUG GameApplicationServi - Removing overlay from FXGLStartupScene and adding to FXGLMainMenuDummyScene
01:31:38.551 [JavaFX Application Thread] DEBUG PrimaryStageWindow   - FXGLStartupScene -> FXGLMainMenuDummyScene
01:31:38.551 [JavaFX Application Thread] DEBUG PrimaryStageWindow   - Push state: RTAIpartyMainMenu
01:31:38.552 [JavaFX Application Thread] DEBUG Input                - Clearing active input actions
01:31:38.555 [JavaFX Application Thread] DEBUG GameApplicationServi - Removing overlay from FXGLMainMenuDummyScene and adding to RTAIpartyMainMenu
01:31:38.556 [JavaFX Application Thread] DEBUG PrimaryStageWindow   - FXGLMainMenuDummyScene -> RTAIpartyMainMenu
01:31:38.567 [FXGL Background Thread 4 ] DEBUG FXGLAssetLoaderServi - Loading from file system: jar:file:///C:/Users/zorm1/.m2/repository/com/github/almasb/fxgl/11+dev-SNAPSHOT/fxgl-11+dev-SNAPSHOT.jar!/fxglassets/ui/fonts/Abel-Regular.ttf
01:31:38.582 [FXGL Background Thread 4 ] DEBUG FXGLAssetLoaderServi - Loading from file system: jar:file:///C:/Users/zorm1/.m2/repository/com/github/almasb/fxgl/11+dev-SNAPSHOT/fxgl-11+dev-SNAPSHOT.jar!/fxglassets/ui/fonts/lucida_console.ttf
01:31:38.607 [FXGL Background Thread 4 ] DEBUG FXGLAssetLoaderServi - Loading from file system: jar:file:///C:/Users/zorm1/.m2/repository/com/github/almasb/fxgl/11+dev-SNAPSHOT/fxgl-11+dev-SNAPSHOT.jar!/fxglassets/ui/fonts/Courier-Prime.ttf
01:31:38.625 [JavaFX Application Thread] DEBUG FXGLApplication      - Registering font factories with UI factory
01:31:39.030 [FXGL Background Thread 2 ] INFO  UpdaterService       - Your current version:  11+dev-SNAPSHOT
01:31:39.031 [FXGL Background Thread 2 ] INFO  UpdaterService       - Latest stable version: 11.17
01:31:41.496 [FXGL Background Thread 3 ] DEBUG Engine               - Logging environment variables
01:31:41.498 [FXGL Background Thread 3 ] DEBUG Engine               - achievements: []
01:31:41.498 [FXGL Background Thread 3 ] DEBUG Engine               - actualHeight: 720.0
01:31:41.498 [FXGL Background Thread 3 ] DEBUG Engine               - actualHeightProperty: ReadOnlyDoubleProperty [value: 720.0]
01:31:41.499 [FXGL Background Thread 3 ] DEBUG Engine               - actualWidth: 1280.0
01:31:41.499 [FXGL Background Thread 3 ] DEBUG Engine               - actualWidthProperty: ReadOnlyDoubleProperty [value: 1280.0]
01:31:41.499 [FXGL Background Thread 3 ] DEBUG Engine               - appIcon: fxgl_icon.png
01:31:41.499 [FXGL Background Thread 3 ] DEBUG Engine               - applicationMode: DEVELOPER
01:31:41.499 [FXGL Background Thread 3 ] DEBUG Engine               - cSSList: [fxgl_dark.css]
01:31:41.499 [FXGL Background Thread 3 ] DEBUG Engine               - collisionDetectionStrategy: BRUTE_FORCE
01:31:41.499 [FXGL Background Thread 3 ] DEBUG Engine               - configClass: Optional.empty
01:31:41.499 [FXGL Background Thread 3 ] DEBUG Engine               - credits: []
01:31:41.500 [FXGL Background Thread 3 ] DEBUG Engine               - defaultCursor: CursorInfo(imageName=fxgl_default_cursor.png, hotspotX=7.0, hotspotY=6.0)
01:31:41.501 [FXGL Background Thread 3 ] DEBUG Engine               - devBBoxColorProperty: ObjectProperty [value: 0xff0000ff]
01:31:41.501 [FXGL Background Thread 3 ] DEBUG Engine               - devEnableDebugCameraProperty: BooleanProperty [value: false]
01:31:41.502 [FXGL Background Thread 3 ] DEBUG Engine               - devSensorColorProperty: ObjectProperty [value: 0xffff00ff]
01:31:41.502 [FXGL Background Thread 3 ] DEBUG Engine               - devShowBBoxProperty: BooleanProperty [value: false]
01:31:41.502 [FXGL Background Thread 3 ] DEBUG Engine               - devShowPositionProperty: BooleanProperty [value: false]
01:31:41.502 [FXGL Background Thread 3 ] DEBUG Engine               - enabledMenuItems: []
01:31:41.503 [FXGL Background Thread 3 ] DEBUG Engine               - engineServices: [class com.almasb.fxgl.app.services.FXGLAssetLoaderService, class com.almasb.fxgl.app.FXGLApplication$GameApplicationService, class com.almasb.fxgl.app.services.FXGLDialogService, class com.almasb.fxgl.app.services.IOTaskExecutorService, class com.almasb.fxgl.io.FileSystemService, class com.almasb.fxgl.localization.LocalizationService, class com.almasb.fxgl.app.services.SystemBundleService, class com.almasb.fxgl.profile.SaveLoadService, class com.almasb.fxgl.ui.FXGLUIFactoryServiceProvider, class com.almasb.fxgl.ui.FXGLDialogFactoryServiceProvider, class com.almasb.fxgl.audio.AudioPlayer, class com.almasb.fxgl.notification.impl.NotificationServiceProvider, class com.almasb.fxgl.achievement.AchievementService, class com.almasb.fxgl.cutscene.CutsceneService, class com.almasb.fxgl.minigames.MiniGameService, class com.almasb.fxgl.net.NetService, class com.almasb.fxgl.app.services.UpdaterService, class com.almasb.fxgl.dev.DevService]
01:31:41.503 [FXGL Background Thread 3 ] DEBUG Engine               - fontGame: Abel-Regular.ttf
01:31:41.503 [FXGL Background Thread 3 ] DEBUG Engine               - fontMono: lucida_console.ttf
01:31:41.503 [FXGL Background Thread 3 ] DEBUG Engine               - fontText: Courier-Prime.ttf
01:31:41.503 [FXGL Background Thread 3 ] DEBUG Engine               - fontUI: VarelaRound-Regular.ttf
01:31:41.503 [FXGL Background Thread 3 ] DEBUG Engine               - fullScreen: BooleanProperty [value: false]
01:31:41.504 [FXGL Background Thread 3 ] DEBUG Engine               - gameDifficulty: MEDIUM
01:31:41.504 [FXGL Background Thread 3 ] DEBUG Engine               - gameDifficultyProperty: ObjectProperty [value: MEDIUM]
01:31:41.504 [FXGL Background Thread 3 ] DEBUG Engine               - globalMusicVolume: 0.5
01:31:41.504 [FXGL Background Thread 3 ] DEBUG Engine               - globalMusicVolumeProperty: DoubleProperty [value: 0.5]
01:31:41.504 [FXGL Background Thread 3 ] DEBUG Engine               - globalSoundVolume: 0.5
01:31:41.504 [FXGL Background Thread 3 ] DEBUG Engine               - globalSoundVolumeProperty: DoubleProperty [value: 0.5]
01:31:41.504 [FXGL Background Thread 3 ] DEBUG Engine               - height: 720
01:31:41.505 [FXGL Background Thread 3 ] DEBUG Engine               - is3D: false
01:31:41.505 [FXGL Background Thread 3 ] DEBUG Engine               - isAndroid: false
01:31:41.505 [FXGL Background Thread 3 ] DEBUG Engine               - isBrowser: false
01:31:41.505 [FXGL Background Thread 3 ] DEBUG Engine               - isClickFeedbackEnabled: false
01:31:41.505 [FXGL Background Thread 3 ] DEBUG Engine               - isCloseConfirmation: false
01:31:41.505 [FXGL Background Thread 3 ] DEBUG Engine               - isDesktop: true
01:31:41.505 [FXGL Background Thread 3 ] DEBUG Engine               - isDeveloperMenuEnabled: false
01:31:41.505 [FXGL Background Thread 3 ] DEBUG Engine               - isEmbedded: false
01:31:41.505 [FXGL Background Thread 3 ] DEBUG Engine               - isEntityPreloadEnabled: true
01:31:41.505 [FXGL Background Thread 3 ] DEBUG Engine               - isExperimentalTiledLargeMap: false
01:31:41.506 [FXGL Background Thread 3 ] DEBUG Engine               - isFileSystemWriteAllowed: true
01:31:41.506 [FXGL Background Thread 3 ] DEBUG Engine               - isFullScreenAllowed: false
01:31:41.506 [FXGL Background Thread 3 ] DEBUG Engine               - isFullScreenFromStart: false
01:31:41.506 [FXGL Background Thread 3 ] DEBUG Engine               - isGameMenuEnabled: true
01:31:41.506 [FXGL Background Thread 3 ] DEBUG Engine               - isIOS: false
01:31:41.506 [FXGL Background Thread 3 ] DEBUG Engine               - isIntroEnabled: false
01:31:41.506 [FXGL Background Thread 3 ] DEBUG Engine               - isLinux: false
01:31:41.506 [FXGL Background Thread 3 ] DEBUG Engine               - isMac: false
01:31:41.507 [FXGL Background Thread 3 ] DEBUG Engine               - isMainMenuEnabled: true
01:31:41.507 [FXGL Background Thread 3 ] DEBUG Engine               - isManualResizeEnabled: true
01:31:41.507 [FXGL Background Thread 3 ] DEBUG Engine               - isMobile: false
01:31:41.507 [FXGL Background Thread 3 ] DEBUG Engine               - isNative: false
01:31:41.507 [FXGL Background Thread 3 ] DEBUG Engine               - isPauseMusicWhenMinimized: true
01:31:41.507 [FXGL Background Thread 3 ] DEBUG Engine               - isPreserveResizeRatio: true
01:31:41.507 [FXGL Background Thread 3 ] DEBUG Engine               - isProfilingEnabled: false
01:31:41.507 [FXGL Background Thread 3 ] DEBUG Engine               - isScaleAffectedOnResize: true
01:31:41.508 [FXGL Background Thread 3 ] DEBUG Engine               - isSingleStep: false
01:31:41.508 [FXGL Background Thread 3 ] DEBUG Engine               - isUserProfileEnabled: false
01:31:41.508 [FXGL Background Thread 3 ] DEBUG Engine               - isWindows: true
01:31:41.508 [FXGL Background Thread 3 ] DEBUG Engine               - language: ObjectProperty [value: ENGLISH]
01:31:41.508 [FXGL Background Thread 3 ] DEBUG Engine               - menuKey: ESCAPE
01:31:41.508 [FXGL Background Thread 3 ] DEBUG Engine               - mouseSensitivity: 0.2
01:31:41.508 [FXGL Background Thread 3 ] DEBUG Engine               - notificationViewClass: class com.almasb.fxgl.notification.view.XboxNotificationView
01:31:41.508 [FXGL Background Thread 3 ] DEBUG Engine               - pixelsPerMeter: 50.0
01:31:41.508 [FXGL Background Thread 3 ] DEBUG Engine               - platform: WINDOWS
01:31:41.508 [FXGL Background Thread 3 ] DEBUG Engine               - prefHeightProperty: ReadOnlyDoubleProperty [value: 720.0]
01:31:41.509 [FXGL Background Thread 3 ] DEBUG Engine               - prefWidthProperty: ReadOnlyDoubleProperty [value: 1280.0]
01:31:41.509 [FXGL Background Thread 3 ] DEBUG Engine               - profileDir: profiles/
01:31:41.509 [FXGL Background Thread 3 ] DEBUG Engine               - profileName: StringProperty [value: DEFAULT]
01:31:41.509 [FXGL Background Thread 3 ] DEBUG Engine               - randomSeed: -1
01:31:41.509 [FXGL Background Thread 3 ] DEBUG Engine               - runtimeInfo: RuntimeInfo(platform=WINDOWS, version=11+dev-SNAPSHOT, build=28.11.2021 18.20)
01:31:41.509 [FXGL Background Thread 3 ] DEBUG Engine               - saveFileExt: sav
01:31:41.509 [FXGL Background Thread 3 ] DEBUG Engine               - scaledHeightProp$fxgl: DoubleProperty [bound, value: 720.0]
01:31:41.509 [FXGL Background Thread 3 ] DEBUG Engine               - scaledWidthProp$fxgl: DoubleProperty [bound, value: 1280.0]
01:31:41.509 [FXGL Background Thread 3 ] DEBUG Engine               - sceneFactory: ui.RTAISceneFactory@1890c6b2
01:31:41.510 [FXGL Background Thread 3 ] DEBUG Engine               - secondsIn24h: 60
01:31:41.510 [FXGL Background Thread 3 ] DEBUG Engine               - soundMenuBack: menu/back.wav
01:31:41.510 [FXGL Background Thread 3 ] DEBUG Engine               - soundMenuPress: menu/press.wav
01:31:41.510 [FXGL Background Thread 3 ] DEBUG Engine               - soundMenuSelect: menu/select.wav
01:31:41.510 [FXGL Background Thread 3 ] DEBUG Engine               - soundNotification: core/notification.wav
01:31:41.510 [FXGL Background Thread 3 ] DEBUG Engine               - stageStyle: DECORATED
01:31:41.510 [FXGL Background Thread 3 ] DEBUG Engine               - supportedLanguages: [ENGLISH, FRENCH, GERMAN, HUNGARIAN, RUSSIAN]
01:31:41.510 [FXGL Background Thread 3 ] DEBUG Engine               - ticksPerSecond: -1
01:31:41.510 [FXGL Background Thread 3 ] DEBUG Engine               - title: RTAIparty
01:31:41.510 [FXGL Background Thread 3 ] DEBUG Engine               - urlGithub: https://github.com/AlmasB/FXGL
01:31:41.510 [FXGL Background Thread 3 ] DEBUG Engine               - urlLeaderboard: http://fxgl-top.herokuapp.com/
01:31:41.511 [FXGL Background Thread 3 ] DEBUG Engine               - urlPOM: https://raw.githubusercontent.com/AlmasB/FXGL/release/README.md
01:31:41.511 [FXGL Background Thread 3 ] DEBUG Engine               - userAppClass: class com.almasb.fxglgames.RTAIparty.RTAIpartyApp
01:31:41.511 [FXGL Background Thread 3 ] DEBUG Engine               - version: 1.0
01:31:41.511 [FXGL Background Thread 3 ] DEBUG Engine               - versionCheckDays: 7
01:31:41.511 [FXGL Background Thread 3 ] DEBUG Engine               - width: 1280
01:31:41.511 [FXGL Background Thread 3 ] DEBUG Engine               - Logging services
01:31:41.511 [FXGL Background Thread 3 ] DEBUG Engine               - class com.almasb.fxgl.app.services.FXGLAssetLoaderService
01:31:41.511 [FXGL Background Thread 3 ] DEBUG Engine               - class com.almasb.fxgl.app.FXGLApplication$GameApplicationService
01:31:41.512 [FXGL Background Thread 3 ] DEBUG Engine               - class com.almasb.fxgl.app.services.FXGLDialogService
01:31:41.512 [FXGL Background Thread 3 ] DEBUG Engine               - class com.almasb.fxgl.app.services.IOTaskExecutorService
01:31:41.512 [FXGL Background Thread 3 ] DEBUG Engine               - class com.almasb.fxgl.io.FileSystemService
01:31:41.512 [FXGL Background Thread 3 ] DEBUG Engine               - class com.almasb.fxgl.localization.LocalizationService
01:31:41.512 [FXGL Background Thread 3 ] DEBUG Engine               - class com.almasb.fxgl.app.services.SystemBundleService
01:31:41.512 [FXGL Background Thread 3 ] DEBUG Engine               - class com.almasb.fxgl.profile.SaveLoadService
01:31:41.512 [FXGL Background Thread 3 ] DEBUG Engine               - class com.almasb.fxgl.ui.FXGLUIFactoryServiceProvider
01:31:41.512 [FXGL Background Thread 3 ] DEBUG Engine               - class com.almasb.fxgl.ui.FXGLDialogFactoryServiceProvider
01:31:41.512 [FXGL Background Thread 3 ] DEBUG Engine               - class com.almasb.fxgl.audio.AudioPlayer
01:31:41.513 [FXGL Background Thread 3 ] DEBUG Engine               - class com.almasb.fxgl.notification.impl.NotificationServiceProvider
01:31:41.513 [FXGL Background Thread 3 ] DEBUG Engine               - class com.almasb.fxgl.achievement.AchievementService
01:31:41.513 [FXGL Background Thread 3 ] DEBUG Engine               - class com.almasb.fxgl.cutscene.CutsceneService
01:31:41.513 [FXGL Background Thread 3 ] DEBUG Engine               - class com.almasb.fxgl.minigames.MiniGameService
01:31:41.513 [FXGL Background Thread 3 ] DEBUG Engine               - class com.almasb.fxgl.net.NetService
01:31:41.513 [FXGL Background Thread 3 ] DEBUG Engine               - class com.almasb.fxgl.app.services.UpdaterService
01:31:41.513 [FXGL Background Thread 3 ] DEBUG Engine               - class com.almasb.fxgl.dev.DevService
01:31:42.998 [JavaFX Application Thread] DEBUG Menu                 - fireNewGame()
01:31:42.999 [JavaFX Application Thread] DEBUG GameApplicationServi - Starting new game
01:31:43.000 [JavaFX Application Thread] DEBUG PrimaryStageWindow   - Pop state: RTAIpartyMainMenu
01:31:43.000 [JavaFX Application Thread] DEBUG Input                - Clearing active input actions
01:31:43.000 [JavaFX Application Thread] DEBUG GameApplicationServi - Removing overlay from RTAIpartyMainMenu and adding to FXGLMainMenuDummyScene
01:31:43.000 [JavaFX Application Thread] DEBUG PrimaryStageWindow   - FXGLMainMenuDummyScene <- RTAIpartyMainMenu
01:31:43.001 [JavaFX Application Thread] DEBUG Input                - Clearing active input actions
01:31:43.009 [JavaFX Application Thread] DEBUG GameApplicationServi - Removing overlay from FXGLMainMenuDummyScene and adding to FXGLLoadingScene
01:31:43.009 [JavaFX Application Thread] DEBUG PrimaryStageWindow   - FXGLMainMenuDummyScene -> FXGLLoadingScene
01:31:43.009 [JavaFX Application Thread] DEBUG GameApplicationServi - Clearing previous game
01:31:43.009 [JavaFX Application Thread] DEBUG GameScene            - Clearing game scene
01:31:43.009 [JavaFX Application Thread] DEBUG GameWorld            - Clearing game world
01:31:43.010 [JavaFX Application Thread] DEBUG PhysicsWorld         - Clearing physics world
01:31:43.012 [FXGL Background Thread 2 ] DEBUG FXGLApplication      - Initializing game
01:31:43.013 [FXGL Background Thread 2 ] INFO  FXGLApplication      - Game initialization took: 0,001 sec
01:31:43.017 [JavaFX Application Thread] DEBUG GameWorld            - Game world initialized
01:31:43.018 [JavaFX Application Thread] DEBUG PhysicsWorld         - Physics world initialized: appHeight=720, physics.ppm=50,0
01:31:43.018 [JavaFX Application Thread] DEBUG PhysicsWorld         - Using strategy: BRUTE_FORCE
01:31:43.019 [JavaFX Application Thread] DEBUG GameScene            - Game scene initialized: 1280x720
01:31:43.019 [JavaFX Application Thread] DEBUG Input                - Registered new binding: Fin - E
01:31:43.019 [JavaFX Application Thread] DEBUG Input                - Registered new binding: Up - Up
01:31:43.020 [JavaFX Application Thread] DEBUG Input                - Registered new binding: Down - Down
01:31:43.020 [JavaFX Application Thread] DEBUG Input                - Registered new binding: Left - Left
01:31:43.020 [JavaFX Application Thread] DEBUG Input                - Registered new binding: Right - Right
01:31:43.020 [JavaFX Application Thread] DEBUG Input                - Registered new binding: Start - Enter
01:31:43.026 [JavaFX Application Thread] DEBUG FXGLAssetLoaderServi - Loading from file system: file:/C:/Users/zorm1/eclipse-workspace/RTAIparty/target/classes/assets/textures/background/decordodge.png
01:31:43.051 [JavaFX Application Thread] DEBUG FXGLAssetLoaderServi - Loading from file system: file:/C:/Users/zorm1/eclipse-workspace/RTAIparty/target/classes/assets/textures/garcon_blond_dodge.png
01:31:43.079 [JavaFX Application Thread] DEBUG Input                - Clearing active input actions
01:31:43.083 [JavaFX Application Thread] DEBUG GameApplicationServi - Removing overlay from FXGLLoadingScene and adding to GameScene
01:31:43.084 [JavaFX Application Thread] DEBUG PrimaryStageWindow   - FXGLLoadingScene -> GameScene
01:31:43.085 [JavaFX Application Thread] DEBUG PrimaryStageWindow   - Push state: DodgeSubScene
01:31:43.085 [JavaFX Application Thread] DEBUG Input                - Clearing active input actions
01:31:43.086 [JavaFX Application Thread] DEBUG GameApplicationServi - Removing overlay from GameScene and adding to DodgeSubScene
01:31:43.087 [JavaFX Application Thread] DEBUG PrimaryStageWindow   - GameScene -> DodgeSubScene
01:31:44.302 [JavaFX Application Thread] DEBUG PrimaryStageWindow   - Pop state: DodgeSubScene
01:31:44.302 [JavaFX Application Thread] DEBUG Input                - Clearing active input actions
01:31:44.303 [JavaFX Application Thread] DEBUG GameApplicationServi - Removing overlay from DodgeSubScene and adding to GameScene
01:31:44.303 [JavaFX Application Thread] DEBUG PrimaryStageWindow   - GameScene <- DodgeSubScene
01:31:44.304 [JavaFX Application Thread] DEBUG GameWorld            - Game world initialized
01:31:44.305 [JavaFX Application Thread] DEBUG PhysicsWorld         - Physics world initialized: appHeight=720, physics.ppm=50,0
01:31:44.305 [JavaFX Application Thread] DEBUG PhysicsWorld         - Using strategy: BRUTE_FORCE
01:31:44.306 [JavaFX Application Thread] DEBUG GameScene            - Game scene initialized: 1280x720
01:31:44.306 [JavaFX Application Thread] DEBUG Input                - Registered new binding: Fin - E
01:31:44.306 [JavaFX Application Thread] DEBUG Input                - Registered new binding: Up - Up
01:31:44.306 [JavaFX Application Thread] DEBUG Input                - Registered new binding: Down - Down
01:31:44.306 [JavaFX Application Thread] DEBUG Input                - Registered new binding: Left - Left
01:31:44.306 [JavaFX Application Thread] DEBUG Input                - Registered new binding: Right - Right
01:31:44.306 [JavaFX Application Thread] DEBUG Input                - Registered new binding: Start - Enter
01:31:44.309 [JavaFX Application Thread] DEBUG FXGLAssetLoaderServi - Loading from file system: file:/C:/Users/zorm1/eclipse-workspace/RTAIparty/target/classes/assets/textures/garcon_brun_dodge.png
01:31:44.311 [JavaFX Application Thread] DEBUG PrimaryStageWindow   - Push state: DodgeSubScene
01:31:44.311 [JavaFX Application Thread] DEBUG Input                - Clearing active input actions
01:31:44.312 [JavaFX Application Thread] DEBUG GameApplicationServi - Removing overlay from GameScene and adding to DodgeSubScene
01:31:44.312 [JavaFX Application Thread] DEBUG PrimaryStageWindow   - GameScene -> DodgeSubScene
01:31:44.444 [JavaFX Application Thread] DEBUG PrimaryStageWindow   - Pop state: DodgeSubScene
01:31:44.444 [JavaFX Application Thread] DEBUG Input                - Clearing active input actions
01:31:44.445 [JavaFX Application Thread] DEBUG GameApplicationServi - Removing overlay from DodgeSubScene and adding to GameScene
01:31:44.446 [JavaFX Application Thread] DEBUG PrimaryStageWindow   - GameScene <- DodgeSubScene
01:31:44.449 [JavaFX Application Thread] DEBUG GameWorld            - Game world initialized
01:31:44.450 [JavaFX Application Thread] DEBUG PhysicsWorld         - Physics world initialized: appHeight=720, physics.ppm=50,0
01:31:44.450 [JavaFX Application Thread] DEBUG PhysicsWorld         - Using strategy: BRUTE_FORCE
01:31:44.451 [JavaFX Application Thread] DEBUG GameScene            - Game scene initialized: 1280x720
01:31:44.454 [JavaFX Application Thread] DEBUG PrimaryStageWindow   - Push state: EndgameSubScene
01:31:44.455 [JavaFX Application Thread] DEBUG Input                - Clearing active input actions
01:31:44.455 [JavaFX Application Thread] DEBUG GameApplicationServi - Removing overlay from GameScene and adding to EndgameSubScene
01:31:44.455 [JavaFX Application Thread] DEBUG PrimaryStageWindow   - GameScene -> EndgameSubScene
01:31:48.058 [JavaFX Application Thread] DEBUG FXGLApplication      - Exiting FXGL
01:31:48.058 [JavaFX Application Thread] DEBUG LoopRunner           - Stopping loop
01:31:48.059 [JavaFX Application Thread] DEBUG SystemBundleService  - Saving FXGL system data
01:31:48.060 [JavaFX Application Thread] DEBUG FileSystemAccess     - Writing to: C:\Users\zorm1\eclipse-workspace\RTAIparty\system\fxgl.bundle
01:31:48.061 [JavaFX Application Thread] DEBUG Async                - Shutting down background threads
01:31:48.061 [JavaFX Application Thread] DEBUG PrimaryStageWindow   - Closing main window
01:31:48.074 [JavaFX Application Thread] DEBUG Logger               - Closing Logger
