16:31:34.661 [main                     ] DEBUG Logger               - Configured Logger
16:31:34.700 [main                     ] DEBUG GameApplication      - Logging settings
Title: RTAIparty
Version: 1.0
Width: 1280
Height: 720
Fullscreen: false
Intro: false
Profiling: false
Single step:false
App Mode: DEVELOPER
Menu Key: ESCAPE
Stage Style: DECORATED
Scene Factory: class ui.RTAISceneFactory

16:31:35.016 [JavaFX Application Thread] DEBUG FXGLApplication      - Initializing FXGL
16:31:35.018 [JavaFX Application Thread] INFO  Engine               - FXGL-11.17 (16.07.2021 15.46) on WINDOWS (J:16.0.2 FX:16)
16:31:35.019 [JavaFX Application Thread] DEBUG Engine               - JRE Vendor Name: Oracle Corporation
16:31:35.019 [JavaFX Application Thread] DEBUG Engine               - Running on OS: Windows 10 version 10.0
16:31:35.019 [JavaFX Application Thread] DEBUG Engine               - Architecture: amd64
16:31:35.020 [JavaFX Application Thread] INFO  Engine               - Source code and latest versions at: https://github.com/AlmasB/FXGL
16:31:35.020 [JavaFX Application Thread] INFO  Engine               -              Join the FXGL chat at: https://gitter.im/AlmasB/FXGL
16:31:35.117 [JavaFX Application Thread] DEBUG PrimaryStageWindow   - Creating a JavaFX scene
16:31:35.166 [JavaFX Application Thread] DEBUG PrimaryStageWindow   - Target settings size: 1280.0 x 720.0
16:31:35.167 [JavaFX Application Thread] DEBUG PrimaryStageWindow   - Scaled scene size:    1280.0 x 720.0
16:31:35.167 [JavaFX Application Thread] DEBUG PrimaryStageWindow   - Scaled ratio: (1.0, 1.0)
16:31:35.168 [JavaFX Application Thread] DEBUG PrimaryStageWindow   - Set initial scene to FXGLStartupScene
16:31:35.174 [JavaFX Application Thread] DEBUG PrimaryStageWindow   - Opening main window
16:31:35.256 [JavaFX Application Thread] DEBUG PrimaryStageWindow   - Window border size: (16.0, 39.0)
16:31:35.256 [JavaFX Application Thread] DEBUG PrimaryStageWindow   - Scaled size: 1280.0 x 720.0
16:31:35.257 [JavaFX Application Thread] DEBUG PrimaryStageWindow   - Scaled ratio: (1.0, 1.0)
16:31:35.257 [JavaFX Application Thread] DEBUG PrimaryStageWindow   - Scene size: 1280.0 x 720.0
16:31:35.257 [JavaFX Application Thread] DEBUG PrimaryStageWindow   - Stage size: 1296.0 x 759.0
16:31:35.265 [FXGL Background Thread 1 ] DEBUG Engine               - Initializing environment variables
16:31:35.355 [FXGL Background Thread 1 ] DEBUG FXGLAssetLoaderServi - User app class for loading assets: class com.almasb.fxglgames.RTAIparty.RTAIpartyApp
16:31:35.356 [FXGL Background Thread 1 ] DEBUG GameApplicationServi - Applying CSS: fxgl_dark.css
16:31:35.357 [FXGL Background Thread 1 ] DEBUG FXGLAssetLoaderServi - Loading from file system: jar:file:///C:/Users/zorm1/.m2/repository/com/github/almasb/fxgl/11.17/fxgl-11.17.jar!/fxglassets/ui/css/fxgl_dark.css
16:31:35.469 [FXGL Background Thread 1 ] DEBUG GameApplicationServi - Initializing application scenes
16:31:35.550 [FXGL Background Thread 1 ] DEBUG GameWorld            - Game world initialized
16:31:35.620 [FXGL Background Thread 1 ] DEBUG PhysicsWorld         - Physics world initialized: appHeight=720, physics.ppm=50,0
16:31:35.621 [FXGL Background Thread 1 ] DEBUG PhysicsWorld         - Using strategy: BRUTE_FORCE
16:31:35.624 [FXGL Background Thread 1 ] DEBUG GameScene            - Game scene initialized: 1280x720
16:31:35.632 [FXGL Background Thread 1 ] DEBUG FXGLAssetLoaderServi - Loading from file system: file:/C:/Users/zorm1/eclipse-workspace/RTAIparty/target/classes/assets/textures/garcon_blond.png
16:31:35.649 [FXGL Background Thread 1 ] DEBUG FXGLAssetLoaderServi - Loading from file system: file:/C:/Users/zorm1/eclipse-workspace/RTAIparty/target/classes/assets/textures/garcon_brun.png
16:31:35.651 [FXGL Background Thread 1 ] DEBUG FXGLAssetLoaderServi - Loading from file system: file:/C:/Users/zorm1/eclipse-workspace/RTAIparty/target/classes/assets/textures/fille_blonde.png
16:31:35.653 [FXGL Background Thread 1 ] DEBUG FXGLAssetLoaderServi - Loading from file system: file:/C:/Users/zorm1/eclipse-workspace/RTAIparty/target/classes/assets/textures/fille_brune.png
16:31:35.654 [FXGL Background Thread 1 ] DEBUG FXGLAssetLoaderServi - Loading from file system: file:/C:/Users/zorm1/eclipse-workspace/RTAIparty/target/classes/assets/textures/background/classe.png
16:31:35.733 [FXGL Background Thread 1 ] DEBUG FXGLAssetLoaderServi - Loading from file system: file:/C:/Users/zorm1/eclipse-workspace/RTAIparty/target/classes/assets/textures/tableau.png
16:31:35.753 [FXGL Background Thread 1 ] DEBUG FXGLAssetLoaderServi - Loading from file system: file:/C:/Users/zorm1/eclipse-workspace/RTAIparty/target/classes/assets/textures/table.png
16:31:35.784 [FXGL Background Thread 1 ] DEBUG FXGL.DefaultMenu     - createMenuBodyGameMenu()
16:31:35.794 [FXGL Background Thread 1 ] DEBUG FXGL.DefaultMenu     - createOptionsMenu()
16:31:35.801 [FXGL Background Thread 1 ] DEBUG FXGLAssetLoaderServi - Loading from file system: jar:file:///C:/Users/zorm1/.m2/repository/com/github/almasb/fxgl/11.17/fxgl-11.17.jar!/fxglassets/textures/particles/smoke.png
16:31:35.919 [FXGL Background Thread 1 ] DEBUG FXGLAssetLoaderServi - Loading from file system: jar:file:///C:/Users/zorm1/.m2/repository/com/github/almasb/fxgl/11.17/fxgl-11.17.jar!/fxglassets/textures/particles/trace_horizontal.png
16:31:35.980 [FXGL Background Thread 1 ] DEBUG GameApplicationServi - Application scenes initialized
16:31:35.992 [FXGL Background Thread 1 ] DEBUG SystemBundleService  - Loading FXGL system data
16:31:35.997 [FXGL Background Thread 1 ] DEBUG FileSystemAccess     - Reading from: C:\Users\zorm1\eclipse-workspace\RTAIparty\system\fxgl.bundle
16:31:36.006 [FXGL Background Thread 1 ] DEBUG SystemBundleService  - Bundle FXGL: {}
16:31:36.006 [FXGL Background Thread 1 ] DEBUG UpdaterService       - Checking for updates
16:31:36.012 [FXGL Background Thread 4 ] DEBUG FXGLApplication      - Loading fonts
16:31:36.012 [FXGL Background Thread 4 ] DEBUG FXGLAssetLoaderServi - Loading from file system: jar:file:///C:/Users/zorm1/.m2/repository/com/github/almasb/fxgl/11.17/fxgl-11.17.jar!/fxglassets/ui/fonts/VarelaRound-Regular.ttf
16:31:36.012 [FXGL Background Thread 1 ] DEBUG FXGLApplication      - Loading default localization
16:31:36.013 [FXGL Background Thread 1 ] DEBUG FXGLAssetLoaderServi - Loading from file system: jar:file:///C:/Users/zorm1/.m2/repository/com/github/almasb/fxgl/11.17/fxgl-11.17.jar!/fxglassets/languages/english.lang
16:31:36.028 [FXGL Background Thread 1 ] INFO  FXGLApplication      - FXGL initialization took: 0,762 sec
16:31:36.031 [JavaFX Application Thread] DEBUG Input                - Registered new binding: clic - LMB
16:31:36.042 [JavaFX Application Thread] DEBUG Input                - Registered new binding: test - E
16:31:36.044 [JavaFX Application Thread] DEBUG FXGLAssetLoaderServi - Loading from file system: jar:file:///C:/Users/zorm1/.m2/repository/com/github/almasb/fxgl/11.17/fxgl-11.17.jar!/fxglassets/textures/fxgl_icon.png
16:31:36.059 [JavaFX Application Thread] DEBUG FXGLAssetLoaderServi - Loading from file system: jar:file:///C:/Users/zorm1/.m2/repository/com/github/almasb/fxgl/11.17/fxgl-11.17.jar!/fxglassets/textures/fxgl_default_cursor.png
16:31:36.062 [JavaFX Application Thread] DEBUG Input                - Registered new binding: Screenshot - CTRL+8
16:31:36.063 [JavaFX Application Thread] DEBUG Input                - Registered new binding: System info dump - CTRL+9
16:31:36.064 [JavaFX Application Thread] DEBUG Input                - Registered new binding: Restart - CTRL+R
16:31:36.066 [JavaFX Application Thread] DEBUG Input                - Registered new binding: Toggle Debug Camera - CTRL+C
16:31:36.070 [JavaFX Application Thread] DEBUG LoopRunner           - Starting loop
16:31:36.070 [JavaFX Application Thread] DEBUG LoopRunner           - Initializing JavaFX AnimationTimerLoop
16:31:36.073 [JavaFX Application Thread] DEBUG Input                - Clearing active input actions
16:31:36.082 [FXGL Background Thread 4 ] DEBUG FXGLAssetLoaderServi - Loading from file system: jar:file:///C:/Users/zorm1/.m2/repository/com/github/almasb/fxgl/11.17/fxgl-11.17.jar!/fxglassets/ui/fonts/Abel-Regular.ttf
16:31:36.085 [JavaFX Application Thread] DEBUG GameApplicationServi - Removing overlay from FXGLStartupScene and adding to FXGLMainMenuDummyScene
16:31:36.086 [JavaFX Application Thread] DEBUG PrimaryStageWindow   - FXGLStartupScene -> FXGLMainMenuDummyScene
16:31:36.086 [JavaFX Application Thread] DEBUG PrimaryStageWindow   - Push state: RTAIpartyMainMenu
16:31:36.087 [JavaFX Application Thread] DEBUG Input                - Clearing active input actions
16:31:36.094 [JavaFX Application Thread] DEBUG GameApplicationServi - Removing overlay from FXGLMainMenuDummyScene and adding to RTAIpartyMainMenu
16:31:36.095 [JavaFX Application Thread] DEBUG PrimaryStageWindow   - FXGLMainMenuDummyScene -> RTAIpartyMainMenu
16:31:36.097 [FXGL Background Thread 4 ] DEBUG FXGLAssetLoaderServi - Loading from file system: jar:file:///C:/Users/zorm1/.m2/repository/com/github/almasb/fxgl/11.17/fxgl-11.17.jar!/fxglassets/ui/fonts/lucida_console.ttf
16:31:36.116 [FXGL Background Thread 4 ] DEBUG FXGLAssetLoaderServi - Loading from file system: jar:file:///C:/Users/zorm1/.m2/repository/com/github/almasb/fxgl/11.17/fxgl-11.17.jar!/fxglassets/ui/fonts/Courier-Prime.ttf
16:31:36.137 [JavaFX Application Thread] DEBUG FXGLApplication      - Registering font factories with UI factory
16:31:39.012 [FXGL Background Thread 3 ] DEBUG Engine               - Logging environment variables
16:31:39.014 [FXGL Background Thread 3 ] DEBUG Engine               - achievements: []
16:31:39.014 [FXGL Background Thread 3 ] DEBUG Engine               - actualHeight: 720.0
16:31:39.014 [FXGL Background Thread 3 ] DEBUG Engine               - actualHeightProperty: ReadOnlyDoubleProperty [value: 720.0]
16:31:39.014 [FXGL Background Thread 3 ] DEBUG Engine               - actualWidth: 1280.0
16:31:39.015 [FXGL Background Thread 3 ] DEBUG Engine               - actualWidthProperty: ReadOnlyDoubleProperty [value: 1280.0]
16:31:39.015 [FXGL Background Thread 3 ] DEBUG Engine               - appIcon: fxgl_icon.png
16:31:39.015 [FXGL Background Thread 3 ] DEBUG Engine               - applicationMode: DEVELOPER
16:31:39.015 [FXGL Background Thread 3 ] DEBUG Engine               - cSSList: [fxgl_dark.css]
16:31:39.015 [FXGL Background Thread 3 ] DEBUG Engine               - collisionDetectionStrategy: BRUTE_FORCE
16:31:39.015 [FXGL Background Thread 3 ] DEBUG Engine               - configClass: Optional.empty
16:31:39.016 [FXGL Background Thread 3 ] DEBUG Engine               - credits: []
16:31:39.016 [FXGL Background Thread 3 ] DEBUG Engine               - defaultCursor: CursorInfo(imageName=fxgl_default_cursor.png, hotspotX=7.0, hotspotY=6.0)
16:31:39.016 [FXGL Background Thread 3 ] DEBUG Engine               - devBBoxColorProperty: ObjectProperty [value: 0xff0000ff]
16:31:39.016 [FXGL Background Thread 3 ] DEBUG Engine               - devEnableDebugCameraProperty: BooleanProperty [value: false]
16:31:39.017 [FXGL Background Thread 3 ] DEBUG Engine               - devSensorColorProperty: ObjectProperty [value: 0xffff00ff]
16:31:39.017 [FXGL Background Thread 3 ] DEBUG Engine               - devShowBBoxProperty: BooleanProperty [value: false]
16:31:39.017 [FXGL Background Thread 3 ] DEBUG Engine               - devShowPositionProperty: BooleanProperty [value: false]
16:31:39.017 [FXGL Background Thread 3 ] DEBUG Engine               - enabledMenuItems: []
16:31:39.018 [FXGL Background Thread 3 ] DEBUG Engine               - engineServices: [class com.almasb.fxgl.app.services.FXGLAssetLoaderService, class com.almasb.fxgl.app.FXGLApplication$GameApplicationService, class com.almasb.fxgl.app.services.FXGLDialogService, class com.almasb.fxgl.app.services.IOTaskExecutorService, class com.almasb.fxgl.io.FileSystemService, class com.almasb.fxgl.localization.LocalizationService, class com.almasb.fxgl.app.services.SystemBundleService, class com.almasb.fxgl.profile.SaveLoadService, class com.almasb.fxgl.ui.FXGLUIFactoryServiceProvider, class com.almasb.fxgl.ui.FXGLDialogFactoryServiceProvider, class com.almasb.fxgl.audio.AudioPlayer, class com.almasb.fxgl.notification.impl.NotificationServiceProvider, class com.almasb.fxgl.achievement.AchievementService, class com.almasb.fxgl.cutscene.CutsceneService, class com.almasb.fxgl.minigames.MiniGameService, class com.almasb.fxgl.net.NetService, class com.almasb.fxgl.app.services.UpdaterService, class com.almasb.fxgl.dev.DevService]
16:31:39.018 [FXGL Background Thread 3 ] DEBUG Engine               - fontGame: Abel-Regular.ttf
16:31:39.018 [FXGL Background Thread 3 ] DEBUG Engine               - fontMono: lucida_console.ttf
16:31:39.018 [FXGL Background Thread 3 ] DEBUG Engine               - fontText: Courier-Prime.ttf
16:31:39.018 [FXGL Background Thread 3 ] DEBUG Engine               - fontUI: VarelaRound-Regular.ttf
16:31:39.019 [FXGL Background Thread 3 ] DEBUG Engine               - fullScreen: BooleanProperty [value: false]
16:31:39.019 [FXGL Background Thread 3 ] DEBUG Engine               - gameDifficulty: MEDIUM
16:31:39.019 [FXGL Background Thread 3 ] DEBUG Engine               - gameDifficultyProperty: ObjectProperty [value: MEDIUM]
16:31:39.019 [FXGL Background Thread 3 ] DEBUG Engine               - globalMusicVolume: 0.5
16:31:39.019 [FXGL Background Thread 3 ] DEBUG Engine               - globalMusicVolumeProperty: DoubleProperty [value: 0.5]
16:31:39.020 [FXGL Background Thread 3 ] DEBUG Engine               - globalSoundVolume: 0.5
16:31:39.020 [FXGL Background Thread 3 ] DEBUG Engine               - globalSoundVolumeProperty: DoubleProperty [value: 0.5]
16:31:39.020 [FXGL Background Thread 3 ] DEBUG Engine               - height: 720
16:31:39.020 [FXGL Background Thread 3 ] DEBUG Engine               - is3D: false
16:31:39.021 [FXGL Background Thread 3 ] DEBUG Engine               - isAndroid: false
16:31:39.021 [FXGL Background Thread 3 ] DEBUG Engine               - isBrowser: false
16:31:39.021 [FXGL Background Thread 3 ] DEBUG Engine               - isClickFeedbackEnabled: false
16:31:39.021 [FXGL Background Thread 3 ] DEBUG Engine               - isCloseConfirmation: false
16:31:39.021 [FXGL Background Thread 3 ] DEBUG Engine               - isDesktop: true
16:31:39.021 [FXGL Background Thread 3 ] DEBUG Engine               - isDeveloperMenuEnabled: false
16:31:39.021 [FXGL Background Thread 3 ] DEBUG Engine               - isEntityPreloadEnabled: true
16:31:39.022 [FXGL Background Thread 3 ] DEBUG Engine               - isExperimentalTiledLargeMap: false
16:31:39.022 [FXGL Background Thread 3 ] DEBUG Engine               - isFileSystemWriteAllowed: true
16:31:39.022 [FXGL Background Thread 3 ] DEBUG Engine               - isFullScreenAllowed: false
16:31:39.022 [FXGL Background Thread 3 ] DEBUG Engine               - isFullScreenFromStart: false
16:31:39.022 [FXGL Background Thread 3 ] DEBUG Engine               - isGameMenuEnabled: true
16:31:39.023 [FXGL Background Thread 3 ] DEBUG Engine               - isIOS: false
16:31:39.023 [FXGL Background Thread 3 ] DEBUG Engine               - isIntroEnabled: false
16:31:39.023 [FXGL Background Thread 3 ] DEBUG Engine               - isLinux: false
16:31:39.023 [FXGL Background Thread 3 ] DEBUG Engine               - isMac: false
16:31:39.023 [FXGL Background Thread 3 ] DEBUG Engine               - isMainMenuEnabled: true
16:31:39.023 [FXGL Background Thread 3 ] DEBUG Engine               - isManualResizeEnabled: true
16:31:39.024 [FXGL Background Thread 3 ] DEBUG Engine               - isMobile: false
16:31:39.024 [FXGL Background Thread 3 ] DEBUG Engine               - isNative: false
16:31:39.024 [FXGL Background Thread 3 ] DEBUG Engine               - isPauseMusicWhenMinimized: true
16:31:39.024 [FXGL Background Thread 3 ] DEBUG Engine               - isPreserveResizeRatio: true
16:31:39.024 [FXGL Background Thread 3 ] DEBUG Engine               - isProfilingEnabled: false
16:31:39.024 [FXGL Background Thread 3 ] DEBUG Engine               - isScaleAffectedOnResize: true
16:31:39.024 [FXGL Background Thread 3 ] DEBUG Engine               - isSingleStep: false
16:31:39.025 [FXGL Background Thread 3 ] DEBUG Engine               - isUserProfileEnabled: false
16:31:39.025 [FXGL Background Thread 3 ] DEBUG Engine               - isWindows: true
16:31:39.025 [FXGL Background Thread 3 ] DEBUG Engine               - language: ObjectProperty [value: ENGLISH]
16:31:39.025 [FXGL Background Thread 3 ] DEBUG Engine               - menuKey: ESCAPE
16:31:39.025 [FXGL Background Thread 3 ] DEBUG Engine               - mouseSensitivity: 0.2
16:31:39.026 [FXGL Background Thread 3 ] DEBUG Engine               - notificationViewClass: class com.almasb.fxgl.notification.view.XboxNotificationView
16:31:39.026 [FXGL Background Thread 3 ] DEBUG Engine               - pixelsPerMeter: 50.0
16:31:39.026 [FXGL Background Thread 3 ] DEBUG Engine               - platform: WINDOWS
16:31:39.026 [FXGL Background Thread 3 ] DEBUG Engine               - prefHeightProperty: ReadOnlyDoubleProperty [value: 720.0]
16:31:39.026 [FXGL Background Thread 3 ] DEBUG Engine               - prefWidthProperty: ReadOnlyDoubleProperty [value: 1280.0]
16:31:39.026 [FXGL Background Thread 3 ] DEBUG Engine               - profileDir: profiles/
16:31:39.027 [FXGL Background Thread 3 ] DEBUG Engine               - profileName: StringProperty [value: DEFAULT]
16:31:39.027 [FXGL Background Thread 3 ] DEBUG Engine               - randomSeed: -1
16:31:39.027 [FXGL Background Thread 3 ] DEBUG Engine               - runtimeInfo: RuntimeInfo(platform=WINDOWS, version=11.17, build=16.07.2021 15.46)
16:31:39.027 [FXGL Background Thread 3 ] DEBUG Engine               - saveFileExt: sav
16:31:39.027 [FXGL Background Thread 3 ] DEBUG Engine               - scaledHeightProp$fxgl: DoubleProperty [bound, value: 720.0]
16:31:39.027 [FXGL Background Thread 3 ] DEBUG Engine               - scaledWidthProp$fxgl: DoubleProperty [bound, value: 1280.0]
16:31:39.027 [FXGL Background Thread 3 ] DEBUG Engine               - sceneFactory: ui.RTAISceneFactory@10fce560
16:31:39.028 [FXGL Background Thread 3 ] DEBUG Engine               - secondsIn24h: 60
16:31:39.028 [FXGL Background Thread 3 ] DEBUG Engine               - soundMenuBack: menu/back.wav
16:31:39.028 [FXGL Background Thread 3 ] DEBUG Engine               - soundMenuPress: menu/press.wav
16:31:39.028 [FXGL Background Thread 3 ] DEBUG Engine               - soundMenuSelect: menu/select.wav
16:31:39.029 [FXGL Background Thread 3 ] DEBUG Engine               - soundNotification: core/notification.wav
16:31:39.029 [FXGL Background Thread 3 ] DEBUG Engine               - stageStyle: DECORATED
16:31:39.029 [FXGL Background Thread 3 ] DEBUG Engine               - supportedLanguages: [ENGLISH, FRENCH, GERMAN, HUNGARIAN, RUSSIAN]
16:31:39.029 [FXGL Background Thread 3 ] DEBUG Engine               - ticksPerSecond: -1
16:31:39.029 [FXGL Background Thread 3 ] DEBUG Engine               - title: RTAIparty
16:31:39.029 [FXGL Background Thread 3 ] DEBUG Engine               - urlGithub: https://github.com/AlmasB/FXGL
16:31:39.029 [FXGL Background Thread 3 ] DEBUG Engine               - urlLeaderboard: http://fxgl-top.herokuapp.com/
16:31:39.030 [FXGL Background Thread 3 ] DEBUG Engine               - urlPOM: https://raw.githubusercontent.com/AlmasB/FXGL/release/README.md
16:31:39.030 [FXGL Background Thread 3 ] DEBUG Engine               - userAppClass: class com.almasb.fxglgames.RTAIparty.RTAIpartyApp
16:31:39.030 [FXGL Background Thread 3 ] DEBUG Engine               - version: 1.0
16:31:39.030 [FXGL Background Thread 3 ] DEBUG Engine               - versionCheckDays: 7
16:31:39.030 [FXGL Background Thread 3 ] DEBUG Engine               - width: 1280
16:31:39.031 [FXGL Background Thread 3 ] DEBUG Engine               - Logging services
16:31:39.031 [FXGL Background Thread 3 ] DEBUG Engine               - class com.almasb.fxgl.app.services.FXGLAssetLoaderService
16:31:39.031 [FXGL Background Thread 3 ] DEBUG Engine               - class com.almasb.fxgl.app.FXGLApplication$GameApplicationService
16:31:39.031 [FXGL Background Thread 3 ] DEBUG Engine               - class com.almasb.fxgl.app.services.FXGLDialogService
16:31:39.031 [FXGL Background Thread 3 ] DEBUG Engine               - class com.almasb.fxgl.app.services.IOTaskExecutorService
16:31:39.031 [FXGL Background Thread 3 ] DEBUG Engine               - class com.almasb.fxgl.io.FileSystemService
16:31:39.032 [FXGL Background Thread 3 ] DEBUG Engine               - class com.almasb.fxgl.localization.LocalizationService
16:31:39.032 [FXGL Background Thread 3 ] DEBUG Engine               - class com.almasb.fxgl.app.services.SystemBundleService
16:31:39.032 [FXGL Background Thread 3 ] DEBUG Engine               - class com.almasb.fxgl.profile.SaveLoadService
16:31:39.032 [FXGL Background Thread 3 ] DEBUG Engine               - class com.almasb.fxgl.ui.FXGLUIFactoryServiceProvider
16:31:39.032 [FXGL Background Thread 3 ] DEBUG Engine               - class com.almasb.fxgl.ui.FXGLDialogFactoryServiceProvider
16:31:39.032 [FXGL Background Thread 3 ] DEBUG Engine               - class com.almasb.fxgl.audio.AudioPlayer
16:31:39.032 [FXGL Background Thread 3 ] DEBUG Engine               - class com.almasb.fxgl.notification.impl.NotificationServiceProvider
16:31:39.033 [FXGL Background Thread 3 ] DEBUG Engine               - class com.almasb.fxgl.achievement.AchievementService
16:31:39.033 [FXGL Background Thread 3 ] DEBUG Engine               - class com.almasb.fxgl.cutscene.CutsceneService
16:31:39.033 [FXGL Background Thread 3 ] DEBUG Engine               - class com.almasb.fxgl.minigames.MiniGameService
16:31:39.033 [FXGL Background Thread 3 ] DEBUG Engine               - class com.almasb.fxgl.net.NetService
16:31:39.034 [FXGL Background Thread 3 ] DEBUG Engine               - class com.almasb.fxgl.app.services.UpdaterService
16:31:39.034 [FXGL Background Thread 3 ] DEBUG Engine               - class com.almasb.fxgl.dev.DevService
16:31:41.509 [JavaFX Application Thread] DEBUG Menu                 - fireNewGame()
16:31:41.510 [JavaFX Application Thread] DEBUG GameApplicationServi - Starting new game
16:31:41.511 [JavaFX Application Thread] DEBUG PrimaryStageWindow   - Pop state: RTAIpartyMainMenu
16:31:41.511 [JavaFX Application Thread] DEBUG Input                - Clearing active input actions
16:31:41.513 [JavaFX Application Thread] DEBUG GameApplicationServi - Removing overlay from RTAIpartyMainMenu and adding to FXGLMainMenuDummyScene
16:31:41.514 [JavaFX Application Thread] DEBUG PrimaryStageWindow   - FXGLMainMenuDummyScene <- RTAIpartyMainMenu
16:31:41.515 [JavaFX Application Thread] DEBUG Input                - Clearing active input actions
16:31:41.538 [JavaFX Application Thread] DEBUG GameApplicationServi - Removing overlay from FXGLMainMenuDummyScene and adding to FXGLLoadingScene
16:31:41.539 [JavaFX Application Thread] DEBUG PrimaryStageWindow   - FXGLMainMenuDummyScene -> FXGLLoadingScene
16:31:41.539 [JavaFX Application Thread] DEBUG GameApplicationServi - Clearing previous game
16:31:41.540 [JavaFX Application Thread] DEBUG GameScene            - Clearing game scene
16:31:41.540 [JavaFX Application Thread] DEBUG GameWorld            - Clearing game world
16:31:41.541 [JavaFX Application Thread] DEBUG PhysicsWorld         - Clearing physics world
16:31:41.544 [FXGL Background Thread 2 ] DEBUG FXGLApplication      - Initializing game
16:31:41.570 [JavaFX Application Thread] DEBUG Input                - Registered new binding: fin - E
16:31:41.571 [JavaFX Application Thread] DEBUG Input                - Registered new binding: Up - Up
16:31:41.572 [JavaFX Application Thread] DEBUG Input                - Registered new binding: Down - Down
16:31:41.572 [JavaFX Application Thread] DEBUG Input                - Registered new binding: Left - Left
16:31:41.573 [JavaFX Application Thread] DEBUG Input                - Registered new binding: Right - Right
16:31:41.580 [FXGL Background Thread 2 ] INFO  FXGLApplication      - Game initialization took: 0,035 sec
16:31:41.581 [JavaFX Application Thread] DEBUG FXGLAssetLoaderServi - Loading from file system: file:/C:/Users/zorm1/eclipse-workspace/RTAIparty/target/classes/assets/textures/DodgeBlock.png
16:31:42.100 [JavaFX Application Thread] DEBUG GameWorld            - Clearing removable entities
16:31:42.101 [JavaFX Application Thread] DEBUG GameWorld            - Setting level: com.almasb.fxgl.entity.level.Level@4b38ad77
16:31:42.140 [JavaFX Application Thread] DEBUG Input                - Clearing active input actions
16:31:42.188 [JavaFX Application Thread] DEBUG GameApplicationServi - Removing overlay from FXGLLoadingScene and adding to GameScene
16:31:42.189 [JavaFX Application Thread] DEBUG PrimaryStageWindow   - FXGLLoadingScene -> GameScene
16:31:42.209 [JavaFX Application Thread] DEBUG PrimaryStageWindow   - Push state: DodgeSubScene
16:31:42.209 [JavaFX Application Thread] DEBUG Input                - Clearing active input actions
16:31:42.210 [JavaFX Application Thread] DEBUG GameApplicationServi - Removing overlay from GameScene and adding to DodgeSubScene
16:31:42.210 [JavaFX Application Thread] DEBUG PrimaryStageWindow   - GameScene -> DodgeSubScene
16:31:48.861 [JavaFX Application Thread] DEBUG FXGLApplication      - Exiting FXGL
16:31:48.861 [JavaFX Application Thread] DEBUG LoopRunner           - Stopping loop
16:31:48.862 [JavaFX Application Thread] DEBUG SystemBundleService  - Saving FXGL system data
16:31:48.867 [JavaFX Application Thread] DEBUG FileSystemAccess     - Writing to: C:\Users\zorm1\eclipse-workspace\RTAIparty\system\fxgl.bundle
16:31:48.871 [JavaFX Application Thread] DEBUG Async                - Shutting down background threads
16:31:48.872 [JavaFX Application Thread] DEBUG PrimaryStageWindow   - Closing main window
16:31:48.903 [JavaFX Application Thread] DEBUG Logger               - Closing Logger
