17:24:41.823 [main                     ] DEBUG Logger               - Configured Logger
17:24:41.856 [main                     ] DEBUG GameApplication      - Logging settings
Title: RTAIparty
Version: 1.0
Width: 1280
Height: 720
Fullscreen: false
Intro: false
Profiling: false
Single step:false
App Mode: DEVELOPER
Menu Key: ESCAPE
Stage Style: DECORATED
Scene Factory: class ui.RTAISceneFactory

17:24:42.654 [JavaFX Application Thread] DEBUG FXGLApplication      - Initializing FXGL
17:24:42.661 [JavaFX Application Thread] INFO  Engine               - FXGL-11.17 (16.07.2021 15.46) on MAC (J:13.0.2 FX:16)
17:24:42.662 [JavaFX Application Thread] DEBUG Engine               - JRE Vendor Name: Oracle Corporation
17:24:42.663 [JavaFX Application Thread] DEBUG Engine               - Running on OS: Mac OS X version 10.16
17:24:42.666 [JavaFX Application Thread] DEBUG Engine               - Architecture: x86_64
17:24:42.690 [JavaFX Application Thread] INFO  Engine               - Source code and latest versions at: https://github.com/AlmasB/FXGL
17:24:42.690 [JavaFX Application Thread] INFO  Engine               -              Join the FXGL chat at: https://gitter.im/AlmasB/FXGL
17:24:42.968 [JavaFX Application Thread] DEBUG PrimaryStageWindow   - Creating a JavaFX scene
17:24:43.059 [JavaFX Application Thread] DEBUG PrimaryStageWindow   - Target settings size: 1280.0 x 720.0
17:24:43.059 [JavaFX Application Thread] DEBUG PrimaryStageWindow   - Scaled scene size:    1280.0 x 720.0
17:24:43.060 [JavaFX Application Thread] DEBUG PrimaryStageWindow   - Scaled ratio: (1.0, 1.0)
17:24:43.061 [JavaFX Application Thread] DEBUG PrimaryStageWindow   - Set initial scene to FXGLStartupScene
17:24:43.073 [JavaFX Application Thread] DEBUG PrimaryStageWindow   - Opening main window
17:24:43.226 [JavaFX Application Thread] DEBUG PrimaryStageWindow   - Window border size: (0.0, 28.0)
17:24:43.226 [JavaFX Application Thread] DEBUG PrimaryStageWindow   - Scaled size: 1280.0 x 720.0
17:24:43.227 [JavaFX Application Thread] DEBUG PrimaryStageWindow   - Scaled ratio: (1.0, 1.0)
17:24:43.227 [JavaFX Application Thread] DEBUG PrimaryStageWindow   - Scene size: 1280.0 x 720.0
17:24:43.227 [JavaFX Application Thread] DEBUG PrimaryStageWindow   - Stage size: 1280.0 x 748.0
17:24:43.238 [FXGL Background Thread 1 ] DEBUG Engine               - Initializing environment variables
17:24:43.353 [FXGL Background Thread 1 ] DEBUG FXGLAssetLoaderServi - User app class for loading assets: class com.almasb.fxglgames.RTAIparty.RTAIpartyApp
17:24:43.353 [FXGL Background Thread 1 ] DEBUG GameApplicationServi - Applying CSS: fxgl_dark.css
17:24:43.355 [FXGL Background Thread 1 ] DEBUG FXGLAssetLoaderServi - Loading from file system: jar:file:///Users/mehnounekheira/.m2/repository/com/github/almasb/fxgl/11.17/fxgl-11.17.jar!/fxglassets/ui/css/fxgl_dark.css
17:24:43.463 [FXGL Background Thread 1 ] DEBUG GameApplicationServi - Initializing application scenes
17:24:44.130 [FXGL Background Thread 1 ] DEBUG GameWorld            - Game world initialized
17:24:44.240 [FXGL Background Thread 1 ] DEBUG PhysicsWorld         - Physics world initialized: appHeight=720, physics.ppm=50,0
17:24:44.241 [FXGL Background Thread 1 ] DEBUG PhysicsWorld         - Using strategy: BRUTE_FORCE
17:24:44.246 [FXGL Background Thread 1 ] DEBUG GameScene            - Game scene initialized: 1280x720
17:24:44.261 [FXGL Background Thread 1 ] DEBUG FXGLAssetLoaderServi - Loading from file system: file:/Users/mehnounekheira/eclipse-workspace/RTAIparty/target/classes/assets/textures/garcon_blond.png
17:24:44.298 [FXGL Background Thread 1 ] DEBUG FXGLAssetLoaderServi - Loading from file system: file:/Users/mehnounekheira/eclipse-workspace/RTAIparty/target/classes/assets/textures/garcon_brun.png
17:24:44.300 [FXGL Background Thread 1 ] DEBUG FXGLAssetLoaderServi - Loading from file system: file:/Users/mehnounekheira/eclipse-workspace/RTAIparty/target/classes/assets/textures/fille_blonde.png
17:24:44.303 [FXGL Background Thread 1 ] DEBUG FXGLAssetLoaderServi - Loading from file system: file:/Users/mehnounekheira/eclipse-workspace/RTAIparty/target/classes/assets/textures/fille_brune.png
17:24:44.305 [FXGL Background Thread 1 ] DEBUG FXGLAssetLoaderServi - Loading from file system: file:/Users/mehnounekheira/eclipse-workspace/RTAIparty/target/classes/assets/textures/background/classe.png
17:24:44.406 [FXGL Background Thread 1 ] DEBUG FXGLAssetLoaderServi - Loading from file system: file:/Users/mehnounekheira/eclipse-workspace/RTAIparty/target/classes/assets/textures/tableau.png
17:24:44.418 [FXGL Background Thread 1 ] DEBUG FXGLAssetLoaderServi - Loading from file system: file:/Users/mehnounekheira/eclipse-workspace/RTAIparty/target/classes/assets/textures/table.png
17:24:44.446 [FXGL Background Thread 1 ] DEBUG FXGL.DefaultMenu     - createMenuBodyGameMenu()
17:24:44.477 [FXGL Background Thread 1 ] DEBUG FXGL.DefaultMenu     - createOptionsMenu()
17:24:44.486 [FXGL Background Thread 1 ] DEBUG FXGLAssetLoaderServi - Loading from file system: jar:file:///Users/mehnounekheira/.m2/repository/com/github/almasb/fxgl/11.17/fxgl-11.17.jar!/fxglassets/textures/particles/smoke.png
17:24:44.626 [FXGL Background Thread 1 ] DEBUG FXGLAssetLoaderServi - Loading from file system: jar:file:///Users/mehnounekheira/.m2/repository/com/github/almasb/fxgl/11.17/fxgl-11.17.jar!/fxglassets/textures/particles/trace_horizontal.png
17:24:44.663 [FXGL Background Thread 1 ] DEBUG GameApplicationServi - Application scenes initialized
17:24:44.679 [FXGL Background Thread 1 ] DEBUG SystemBundleService  - Loading FXGL system data
17:24:44.686 [FXGL Background Thread 1 ] DEBUG FileSystemAccess     - Reading from: /Users/mehnounekheira/eclipse-workspace/RTAIparty/system/fxgl.bundle
17:24:44.698 [FXGL Background Thread 1 ] DEBUG SystemBundleService  - Bundle FXGL: {}
17:24:44.699 [FXGL Background Thread 1 ] DEBUG UpdaterService       - Checking for updates
17:24:44.705 [FXGL Background Thread 4 ] DEBUG FXGLApplication      - Loading fonts
17:24:44.706 [FXGL Background Thread 1 ] DEBUG FXGLApplication      - Loading default localization
17:24:44.706 [FXGL Background Thread 4 ] DEBUG FXGLAssetLoaderServi - Loading from file system: jar:file:///Users/mehnounekheira/.m2/repository/com/github/almasb/fxgl/11.17/fxgl-11.17.jar!/fxglassets/ui/fonts/VarelaRound-Regular.ttf
17:24:44.707 [FXGL Background Thread 1 ] DEBUG FXGLAssetLoaderServi - Loading from file system: jar:file:///Users/mehnounekheira/.m2/repository/com/github/almasb/fxgl/11.17/fxgl-11.17.jar!/fxglassets/languages/english.lang
17:24:44.729 [FXGL Background Thread 4 ] DEBUG FXGLAssetLoaderServi - Loading from file system: jar:file:///Users/mehnounekheira/.m2/repository/com/github/almasb/fxgl/11.17/fxgl-11.17.jar!/fxglassets/ui/fonts/Abel-Regular.ttf
17:24:44.739 [FXGL Background Thread 1 ] INFO  FXGLApplication      - FXGL initialization took: 1,500 sec
17:24:44.746 [FXGL Background Thread 4 ] DEBUG FXGLAssetLoaderServi - Loading from file system: jar:file:///Users/mehnounekheira/.m2/repository/com/github/almasb/fxgl/11.17/fxgl-11.17.jar!/fxglassets/ui/fonts/lucida_console.ttf
17:24:44.747 [JavaFX Application Thread] DEBUG Input                - Registered new binding: clic - LMB
17:24:44.758 [FXGL Background Thread 4 ] DEBUG FXGLAssetLoaderServi - Loading from file system: jar:file:///Users/mehnounekheira/.m2/repository/com/github/almasb/fxgl/11.17/fxgl-11.17.jar!/fxglassets/ui/fonts/Courier-Prime.ttf
17:24:44.763 [JavaFX Application Thread] DEBUG Input                - Registered new binding: test - E
17:24:44.764 [JavaFX Application Thread] DEBUG FXGLAssetLoaderServi - Loading from file system: jar:file:///Users/mehnounekheira/.m2/repository/com/github/almasb/fxgl/11.17/fxgl-11.17.jar!/fxglassets/textures/fxgl_icon.png
17:24:44.796 [JavaFX Application Thread] DEBUG FXGLAssetLoaderServi - Loading from file system: jar:file:///Users/mehnounekheira/.m2/repository/com/github/almasb/fxgl/11.17/fxgl-11.17.jar!/fxglassets/textures/fxgl_default_cursor.png
17:24:44.801 [JavaFX Application Thread] DEBUG Input                - Registered new binding: Screenshot - CTRL+8
17:24:44.802 [JavaFX Application Thread] DEBUG Input                - Registered new binding: System info dump - CTRL+9
17:24:44.802 [JavaFX Application Thread] DEBUG Input                - Registered new binding: Restart - CTRL+R
17:24:44.803 [JavaFX Application Thread] DEBUG Input                - Registered new binding: Toggle Debug Camera - CTRL+C
17:24:44.807 [JavaFX Application Thread] DEBUG LoopRunner           - Starting loop
17:24:44.807 [JavaFX Application Thread] DEBUG LoopRunner           - Initializing JavaFX AnimationTimerLoop
17:24:44.812 [JavaFX Application Thread] DEBUG Input                - Clearing active input actions
17:24:44.826 [JavaFX Application Thread] DEBUG GameApplicationServi - Removing overlay from FXGLStartupScene and adding to FXGLMainMenuDummyScene
17:24:44.827 [JavaFX Application Thread] DEBUG PrimaryStageWindow   - FXGLStartupScene -> FXGLMainMenuDummyScene
17:24:44.827 [JavaFX Application Thread] DEBUG PrimaryStageWindow   - Push state: RTAIpartyMainMenu
17:24:44.827 [JavaFX Application Thread] DEBUG Input                - Clearing active input actions
17:24:44.834 [JavaFX Application Thread] DEBUG GameApplicationServi - Removing overlay from FXGLMainMenuDummyScene and adding to RTAIpartyMainMenu
17:24:44.834 [JavaFX Application Thread] DEBUG PrimaryStageWindow   - FXGLMainMenuDummyScene -> RTAIpartyMainMenu
17:24:44.891 [JavaFX Application Thread] DEBUG FXGLApplication      - Registering font factories with UI factory
17:24:47.707 [FXGL Background Thread 3 ] DEBUG Engine               - Logging environment variables
17:24:47.708 [FXGL Background Thread 3 ] DEBUG Engine               - achievements: []
17:24:47.709 [FXGL Background Thread 3 ] DEBUG Engine               - actualHeight: 720.0
17:24:47.709 [FXGL Background Thread 3 ] DEBUG Engine               - actualHeightProperty: ReadOnlyDoubleProperty [value: 720.0]
17:24:47.709 [FXGL Background Thread 3 ] DEBUG Engine               - actualWidth: 1280.0
17:24:47.710 [FXGL Background Thread 3 ] DEBUG Engine               - actualWidthProperty: ReadOnlyDoubleProperty [value: 1280.0]
17:24:47.710 [FXGL Background Thread 3 ] DEBUG Engine               - appIcon: fxgl_icon.png
17:24:47.710 [FXGL Background Thread 3 ] DEBUG Engine               - applicationMode: DEVELOPER
17:24:47.710 [FXGL Background Thread 3 ] DEBUG Engine               - cSSList: [fxgl_dark.css]
17:24:47.711 [FXGL Background Thread 3 ] DEBUG Engine               - collisionDetectionStrategy: BRUTE_FORCE
17:24:47.711 [FXGL Background Thread 3 ] DEBUG Engine               - configClass: Optional.empty
17:24:47.711 [FXGL Background Thread 3 ] DEBUG Engine               - credits: []
17:24:47.712 [FXGL Background Thread 3 ] DEBUG Engine               - defaultCursor: CursorInfo(imageName=fxgl_default_cursor.png, hotspotX=7.0, hotspotY=6.0)
17:24:47.714 [FXGL Background Thread 3 ] DEBUG Engine               - devBBoxColorProperty: ObjectProperty [value: 0xff0000ff]
17:24:47.714 [FXGL Background Thread 3 ] DEBUG Engine               - devEnableDebugCameraProperty: BooleanProperty [value: false]
17:24:47.715 [FXGL Background Thread 3 ] DEBUG Engine               - devSensorColorProperty: ObjectProperty [value: 0xffff00ff]
17:24:47.715 [FXGL Background Thread 3 ] DEBUG Engine               - devShowBBoxProperty: BooleanProperty [value: false]
17:24:47.715 [FXGL Background Thread 3 ] DEBUG Engine               - devShowPositionProperty: BooleanProperty [value: false]
17:24:47.715 [FXGL Background Thread 3 ] DEBUG Engine               - enabledMenuItems: []
17:24:47.715 [FXGL Background Thread 3 ] DEBUG Engine               - engineServices: [class com.almasb.fxgl.app.services.FXGLAssetLoaderService, class com.almasb.fxgl.app.FXGLApplication$GameApplicationService, class com.almasb.fxgl.app.services.FXGLDialogService, class com.almasb.fxgl.app.services.IOTaskExecutorService, class com.almasb.fxgl.io.FileSystemService, class com.almasb.fxgl.localization.LocalizationService, class com.almasb.fxgl.app.services.SystemBundleService, class com.almasb.fxgl.profile.SaveLoadService, class com.almasb.fxgl.ui.FXGLUIFactoryServiceProvider, class com.almasb.fxgl.ui.FXGLDialogFactoryServiceProvider, class com.almasb.fxgl.audio.AudioPlayer, class com.almasb.fxgl.notification.impl.NotificationServiceProvider, class com.almasb.fxgl.achievement.AchievementService, class com.almasb.fxgl.cutscene.CutsceneService, class com.almasb.fxgl.minigames.MiniGameService, class com.almasb.fxgl.net.NetService, class com.almasb.fxgl.app.services.UpdaterService, class com.almasb.fxgl.dev.DevService]
17:24:47.715 [FXGL Background Thread 3 ] DEBUG Engine               - fontGame: Abel-Regular.ttf
17:24:47.716 [FXGL Background Thread 3 ] DEBUG Engine               - fontMono: lucida_console.ttf
17:24:47.716 [FXGL Background Thread 3 ] DEBUG Engine               - fontText: Courier-Prime.ttf
17:24:47.716 [FXGL Background Thread 3 ] DEBUG Engine               - fontUI: VarelaRound-Regular.ttf
17:24:47.716 [FXGL Background Thread 3 ] DEBUG Engine               - fullScreen: BooleanProperty [value: false]
17:24:47.716 [FXGL Background Thread 3 ] DEBUG Engine               - gameDifficulty: MEDIUM
17:24:47.717 [FXGL Background Thread 3 ] DEBUG Engine               - gameDifficultyProperty: ObjectProperty [value: MEDIUM]
17:24:47.717 [FXGL Background Thread 3 ] DEBUG Engine               - globalMusicVolume: 0.5
17:24:47.717 [FXGL Background Thread 3 ] DEBUG Engine               - globalMusicVolumeProperty: DoubleProperty [value: 0.5]
17:24:47.717 [FXGL Background Thread 3 ] DEBUG Engine               - globalSoundVolume: 0.5
17:24:47.717 [FXGL Background Thread 3 ] DEBUG Engine               - globalSoundVolumeProperty: DoubleProperty [value: 0.5]
17:24:47.718 [FXGL Background Thread 3 ] DEBUG Engine               - height: 720
17:24:47.718 [FXGL Background Thread 3 ] DEBUG Engine               - is3D: false
17:24:47.718 [FXGL Background Thread 3 ] DEBUG Engine               - isAndroid: false
17:24:47.718 [FXGL Background Thread 3 ] DEBUG Engine               - isBrowser: false
17:24:47.718 [FXGL Background Thread 3 ] DEBUG Engine               - isClickFeedbackEnabled: false
17:24:47.719 [FXGL Background Thread 3 ] DEBUG Engine               - isCloseConfirmation: false
17:24:47.719 [FXGL Background Thread 3 ] DEBUG Engine               - isDesktop: true
17:24:47.719 [FXGL Background Thread 3 ] DEBUG Engine               - isDeveloperMenuEnabled: false
17:24:47.720 [FXGL Background Thread 3 ] DEBUG Engine               - isEntityPreloadEnabled: true
17:24:47.720 [FXGL Background Thread 3 ] DEBUG Engine               - isExperimentalTiledLargeMap: false
17:24:47.720 [FXGL Background Thread 3 ] DEBUG Engine               - isFileSystemWriteAllowed: true
17:24:47.720 [FXGL Background Thread 3 ] DEBUG Engine               - isFullScreenAllowed: false
17:24:47.721 [FXGL Background Thread 3 ] DEBUG Engine               - isFullScreenFromStart: false
17:24:47.721 [FXGL Background Thread 3 ] DEBUG Engine               - isGameMenuEnabled: true
17:24:47.721 [FXGL Background Thread 3 ] DEBUG Engine               - isIOS: false
17:24:47.721 [FXGL Background Thread 3 ] DEBUG Engine               - isIntroEnabled: false
17:24:47.721 [FXGL Background Thread 3 ] DEBUG Engine               - isLinux: false
17:24:47.721 [FXGL Background Thread 3 ] DEBUG Engine               - isMac: true
17:24:47.721 [FXGL Background Thread 3 ] DEBUG Engine               - isMainMenuEnabled: true
17:24:47.722 [FXGL Background Thread 3 ] DEBUG Engine               - isManualResizeEnabled: true
17:24:47.722 [FXGL Background Thread 3 ] DEBUG Engine               - isMobile: false
17:24:47.722 [FXGL Background Thread 3 ] DEBUG Engine               - isNative: false
17:24:47.722 [FXGL Background Thread 3 ] DEBUG Engine               - isPauseMusicWhenMinimized: true
17:24:47.722 [FXGL Background Thread 3 ] DEBUG Engine               - isPreserveResizeRatio: true
17:24:47.722 [FXGL Background Thread 3 ] DEBUG Engine               - isProfilingEnabled: false
17:24:47.723 [FXGL Background Thread 3 ] DEBUG Engine               - isScaleAffectedOnResize: true
17:24:47.723 [FXGL Background Thread 3 ] DEBUG Engine               - isSingleStep: false
17:24:47.723 [FXGL Background Thread 3 ] DEBUG Engine               - isUserProfileEnabled: false
17:24:47.723 [FXGL Background Thread 3 ] DEBUG Engine               - isWindows: false
17:24:47.723 [FXGL Background Thread 3 ] DEBUG Engine               - language: ObjectProperty [value: ENGLISH]
17:24:47.723 [FXGL Background Thread 3 ] DEBUG Engine               - menuKey: ESCAPE
17:24:47.723 [FXGL Background Thread 3 ] DEBUG Engine               - mouseSensitivity: 0.2
17:24:47.724 [FXGL Background Thread 3 ] DEBUG Engine               - notificationViewClass: class com.almasb.fxgl.notification.view.XboxNotificationView
17:24:47.724 [FXGL Background Thread 3 ] DEBUG Engine               - pixelsPerMeter: 50.0
17:24:47.724 [FXGL Background Thread 3 ] DEBUG Engine               - platform: MAC
17:24:47.725 [FXGL Background Thread 3 ] DEBUG Engine               - prefHeightProperty: ReadOnlyDoubleProperty [value: 720.0]
17:24:47.725 [FXGL Background Thread 3 ] DEBUG Engine               - prefWidthProperty: ReadOnlyDoubleProperty [value: 1280.0]
17:24:47.725 [FXGL Background Thread 3 ] DEBUG Engine               - profileDir: profiles/
17:24:47.725 [FXGL Background Thread 3 ] DEBUG Engine               - profileName: StringProperty [value: DEFAULT]
17:24:47.725 [FXGL Background Thread 3 ] DEBUG Engine               - randomSeed: -1
17:24:47.726 [FXGL Background Thread 3 ] DEBUG Engine               - runtimeInfo: RuntimeInfo(platform=MAC, version=11.17, build=16.07.2021 15.46)
17:24:47.726 [FXGL Background Thread 3 ] DEBUG Engine               - saveFileExt: sav
17:24:47.726 [FXGL Background Thread 3 ] DEBUG Engine               - scaledHeightProp$fxgl: DoubleProperty [bound, value: 720.0]
17:24:47.726 [FXGL Background Thread 3 ] DEBUG Engine               - scaledWidthProp$fxgl: DoubleProperty [bound, value: 1280.0]
17:24:47.726 [FXGL Background Thread 3 ] DEBUG Engine               - sceneFactory: ui.RTAISceneFactory@354beac1
17:24:47.726 [FXGL Background Thread 3 ] DEBUG Engine               - secondsIn24h: 60
17:24:47.726 [FXGL Background Thread 3 ] DEBUG Engine               - soundMenuBack: menu/back.wav
17:24:47.727 [FXGL Background Thread 3 ] DEBUG Engine               - soundMenuPress: menu/press.wav
17:24:47.727 [FXGL Background Thread 3 ] DEBUG Engine               - soundMenuSelect: menu/select.wav
17:24:47.727 [FXGL Background Thread 3 ] DEBUG Engine               - soundNotification: core/notification.wav
17:24:47.727 [FXGL Background Thread 3 ] DEBUG Engine               - stageStyle: DECORATED
17:24:47.727 [FXGL Background Thread 3 ] DEBUG Engine               - supportedLanguages: [ENGLISH, FRENCH, GERMAN, HUNGARIAN, RUSSIAN]
17:24:47.727 [FXGL Background Thread 3 ] DEBUG Engine               - ticksPerSecond: -1
17:24:47.728 [FXGL Background Thread 3 ] DEBUG Engine               - title: RTAIparty
17:24:47.728 [FXGL Background Thread 3 ] DEBUG Engine               - urlGithub: https://github.com/AlmasB/FXGL
17:24:47.728 [FXGL Background Thread 3 ] DEBUG Engine               - urlLeaderboard: http://fxgl-top.herokuapp.com/
17:24:47.728 [FXGL Background Thread 3 ] DEBUG Engine               - urlPOM: https://raw.githubusercontent.com/AlmasB/FXGL/release/README.md
17:24:47.728 [FXGL Background Thread 3 ] DEBUG Engine               - userAppClass: class com.almasb.fxglgames.RTAIparty.RTAIpartyApp
17:24:47.728 [FXGL Background Thread 3 ] DEBUG Engine               - version: 1.0
17:24:47.728 [FXGL Background Thread 3 ] DEBUG Engine               - versionCheckDays: 7
17:24:47.728 [FXGL Background Thread 3 ] DEBUG Engine               - width: 1280
17:24:47.729 [FXGL Background Thread 3 ] DEBUG Engine               - Logging services
17:24:47.729 [FXGL Background Thread 3 ] DEBUG Engine               - class com.almasb.fxgl.app.services.FXGLAssetLoaderService
17:24:47.729 [FXGL Background Thread 3 ] DEBUG Engine               - class com.almasb.fxgl.app.FXGLApplication$GameApplicationService
17:24:47.729 [FXGL Background Thread 3 ] DEBUG Engine               - class com.almasb.fxgl.app.services.FXGLDialogService
17:24:47.729 [FXGL Background Thread 3 ] DEBUG Engine               - class com.almasb.fxgl.app.services.IOTaskExecutorService
17:24:47.729 [FXGL Background Thread 3 ] DEBUG Engine               - class com.almasb.fxgl.io.FileSystemService
17:24:47.729 [FXGL Background Thread 3 ] DEBUG Engine               - class com.almasb.fxgl.localization.LocalizationService
17:24:47.729 [FXGL Background Thread 3 ] DEBUG Engine               - class com.almasb.fxgl.app.services.SystemBundleService
17:24:47.730 [FXGL Background Thread 3 ] DEBUG Engine               - class com.almasb.fxgl.profile.SaveLoadService
17:24:47.730 [FXGL Background Thread 3 ] DEBUG Engine               - class com.almasb.fxgl.ui.FXGLUIFactoryServiceProvider
17:24:47.730 [FXGL Background Thread 3 ] DEBUG Engine               - class com.almasb.fxgl.ui.FXGLDialogFactoryServiceProvider
17:24:47.730 [FXGL Background Thread 3 ] DEBUG Engine               - class com.almasb.fxgl.audio.AudioPlayer
17:24:47.730 [FXGL Background Thread 3 ] DEBUG Engine               - class com.almasb.fxgl.notification.impl.NotificationServiceProvider
17:24:47.730 [FXGL Background Thread 3 ] DEBUG Engine               - class com.almasb.fxgl.achievement.AchievementService
17:24:47.730 [FXGL Background Thread 3 ] DEBUG Engine               - class com.almasb.fxgl.cutscene.CutsceneService
17:24:47.731 [FXGL Background Thread 3 ] DEBUG Engine               - class com.almasb.fxgl.minigames.MiniGameService
17:24:47.731 [FXGL Background Thread 3 ] DEBUG Engine               - class com.almasb.fxgl.net.NetService
17:24:47.731 [FXGL Background Thread 3 ] DEBUG Engine               - class com.almasb.fxgl.app.services.UpdaterService
17:24:47.731 [FXGL Background Thread 3 ] DEBUG Engine               - class com.almasb.fxgl.dev.DevService
17:24:51.300 [JavaFX Application Thread] DEBUG Menu                 - fireNewGame()
17:24:51.301 [JavaFX Application Thread] DEBUG GameApplicationServi - Starting new game
17:24:51.301 [JavaFX Application Thread] DEBUG PrimaryStageWindow   - Pop state: RTAIpartyMainMenu
17:24:51.301 [JavaFX Application Thread] DEBUG Input                - Clearing active input actions
17:24:51.302 [JavaFX Application Thread] DEBUG GameApplicationServi - Removing overlay from RTAIpartyMainMenu and adding to FXGLMainMenuDummyScene
17:24:51.302 [JavaFX Application Thread] DEBUG PrimaryStageWindow   - FXGLMainMenuDummyScene <- RTAIpartyMainMenu
17:24:51.303 [JavaFX Application Thread] DEBUG Input                - Clearing active input actions
17:24:51.325 [JavaFX Application Thread] DEBUG GameApplicationServi - Removing overlay from FXGLMainMenuDummyScene and adding to FXGLLoadingScene
17:24:51.326 [JavaFX Application Thread] DEBUG PrimaryStageWindow   - FXGLMainMenuDummyScene -> FXGLLoadingScene
17:24:51.326 [JavaFX Application Thread] DEBUG GameApplicationServi - Clearing previous game
17:24:51.327 [JavaFX Application Thread] DEBUG GameScene            - Clearing game scene
17:24:51.327 [JavaFX Application Thread] DEBUG GameWorld            - Clearing game world
17:24:51.327 [JavaFX Application Thread] DEBUG PhysicsWorld         - Clearing physics world
17:24:51.329 [FXGL Background Thread 2 ] DEBUG FXGLApplication      - Initializing game
17:24:51.332 [FXGL Background Thread 2 ] INFO  FXGLApplication      - Game initialization took: 0,002 sec
17:24:51.342 [JavaFX Application Thread] DEBUG Input                - Registered new binding: fin - E
17:24:51.346 [JavaFX Application Thread] DEBUG FXGLAssetLoaderServi - Loading from file system: file:/Users/mehnounekheira/eclipse-workspace/RTAIparty/target/classes/assets/textures/DodgeBlock.png
17:24:52.153 [JavaFX Application Thread] DEBUG GameWorld            - Clearing removable entities
17:24:52.153 [JavaFX Application Thread] DEBUG GameWorld            - Setting level: com.almasb.fxgl.entity.level.Level@5d6148f5
17:24:52.272 [JavaFX Application Thread] DEBUG Input                - Clearing active input actions
17:24:52.358 [JavaFX Application Thread] DEBUG GameApplicationServi - Removing overlay from FXGLLoadingScene and adding to GameScene
17:24:52.358 [JavaFX Application Thread] DEBUG PrimaryStageWindow   - FXGLLoadingScene -> GameScene
17:24:52.404 [JavaFX Application Thread] DEBUG PrimaryStageWindow   - Push state: DodgeSubScene
17:24:52.404 [JavaFX Application Thread] DEBUG Input                - Clearing active input actions
17:24:52.405 [JavaFX Application Thread] DEBUG GameApplicationServi - Removing overlay from GameScene and adding to DodgeSubScene
17:24:52.407 [JavaFX Application Thread] DEBUG PrimaryStageWindow   - GameScene -> DodgeSubScene
17:24:53.719 [JavaFX Application Thread] DEBUG Input                - Registered new binding: fin - E
17:24:54.137 [JavaFX Application Thread] DEBUG GameWorld            - Clearing removable entities
17:24:54.220 [JavaFX Application Thread] DEBUG GameWorld            - Setting level: com.almasb.fxgl.entity.level.Level@2d1cc795
17:24:54.499 [JavaFX Application Thread] DEBUG Input                - Registered new binding: fin - E
17:24:54.500 [JavaFX Application Thread] DEBUG FXGLAssetLoaderServi - Loading from file system: file:/Users/mehnounekheira/eclipse-workspace/RTAIparty/target/classes/assets/textures/background/decorrythm.png
17:24:54.595 [JavaFX Application Thread] DEBUG FXGLAssetLoaderServi - Loading from file system: file:/Users/mehnounekheira/eclipse-workspace/RTAIparty/target/classes/assets/textures/Numero/numero1.png
17:24:54.614 [JavaFX Application Thread] DEBUG Input                - Registered new binding: fin - E
17:25:43.466 [JavaFX Application Thread] DEBUG FXGLApplication      - Exiting FXGL
17:25:43.466 [JavaFX Application Thread] DEBUG LoopRunner           - Stopping loop
17:25:43.466 [JavaFX Application Thread] DEBUG SystemBundleService  - Saving FXGL system data
17:25:43.479 [JavaFX Application Thread] DEBUG FileSystemAccess     - Writing to: /Users/mehnounekheira/eclipse-workspace/RTAIparty/system/fxgl.bundle
17:25:43.484 [JavaFX Application Thread] DEBUG Async                - Shutting down background threads
17:25:43.485 [JavaFX Application Thread] DEBUG PrimaryStageWindow   - Closing main window
17:25:43.496 [JavaFX Application Thread] DEBUG Logger               - Closing Logger
