16:35:07.737 [main                     ] DEBUG Logger               - Configured Logger
16:35:07.773 [main                     ] DEBUG GameApplication      - Logging settings
Title: RTAIparty
Version: 1.0
Width: 1280
Height: 720
Fullscreen: false
Intro: false
Profiling: false
Single step:false
App Mode: DEVELOPER
Menu Key: ESCAPE
Stage Style: DECORATED
Scene Factory: class ui.RTAISceneFactory

16:35:08.118 [JavaFX Application Thread] DEBUG FXGLApplication      - Initializing FXGL
16:35:08.121 [JavaFX Application Thread] INFO  Engine               - FXGL-11.17 (16.07.2021 15.46) on WINDOWS (J:16.0.2 FX:16)
16:35:08.122 [JavaFX Application Thread] DEBUG Engine               - JRE Vendor Name: Oracle Corporation
16:35:08.122 [JavaFX Application Thread] DEBUG Engine               - Running on OS: Windows 10 version 10.0
16:35:08.122 [JavaFX Application Thread] DEBUG Engine               - Architecture: amd64
16:35:08.122 [JavaFX Application Thread] INFO  Engine               - Source code and latest versions at: https://github.com/AlmasB/FXGL
16:35:08.123 [JavaFX Application Thread] INFO  Engine               -              Join the FXGL chat at: https://gitter.im/AlmasB/FXGL
16:35:08.230 [JavaFX Application Thread] DEBUG PrimaryStageWindow   - Creating a JavaFX scene
16:35:08.276 [JavaFX Application Thread] DEBUG PrimaryStageWindow   - Target settings size: 1280.0 x 720.0
16:35:08.276 [JavaFX Application Thread] DEBUG PrimaryStageWindow   - Scaled scene size:    1280.0 x 720.0
16:35:08.276 [JavaFX Application Thread] DEBUG PrimaryStageWindow   - Scaled ratio: (1.0, 1.0)
16:35:08.279 [JavaFX Application Thread] DEBUG PrimaryStageWindow   - Set initial scene to FXGLStartupScene
16:35:08.285 [JavaFX Application Thread] DEBUG PrimaryStageWindow   - Opening main window
16:35:08.361 [JavaFX Application Thread] DEBUG PrimaryStageWindow   - Window border size: (16.0, 39.0)
16:35:08.361 [JavaFX Application Thread] DEBUG PrimaryStageWindow   - Scaled size: 1280.0 x 720.0
16:35:08.362 [JavaFX Application Thread] DEBUG PrimaryStageWindow   - Scaled ratio: (1.0, 1.0)
16:35:08.362 [JavaFX Application Thread] DEBUG PrimaryStageWindow   - Scene size: 1280.0 x 720.0
16:35:08.362 [JavaFX Application Thread] DEBUG PrimaryStageWindow   - Stage size: 1296.0 x 759.0
16:35:08.371 [FXGL Background Thread 1 ] DEBUG Engine               - Initializing environment variables
16:35:08.447 [FXGL Background Thread 1 ] DEBUG FXGLAssetLoaderServi - User app class for loading assets: class com.almasb.fxglgames.RTAIparty.RTAIpartyApp
16:35:08.448 [FXGL Background Thread 1 ] DEBUG GameApplicationServi - Applying CSS: fxgl_dark.css
16:35:08.450 [FXGL Background Thread 1 ] DEBUG FXGLAssetLoaderServi - Loading from file system: jar:file:///C:/Users/zorm1/.m2/repository/com/github/almasb/fxgl/11.17/fxgl-11.17.jar!/fxglassets/ui/css/fxgl_dark.css
16:35:08.525 [FXGL Background Thread 1 ] DEBUG GameApplicationServi - Initializing application scenes
16:35:08.585 [FXGL Background Thread 1 ] DEBUG GameWorld            - Game world initialized
16:35:08.666 [FXGL Background Thread 1 ] DEBUG PhysicsWorld         - Physics world initialized: appHeight=720, physics.ppm=50,0
16:35:08.667 [FXGL Background Thread 1 ] DEBUG PhysicsWorld         - Using strategy: BRUTE_FORCE
16:35:08.672 [FXGL Background Thread 1 ] DEBUG GameScene            - Game scene initialized: 1280x720
16:35:08.684 [FXGL Background Thread 1 ] DEBUG FXGLAssetLoaderServi - Loading from file system: file:/C:/Users/zorm1/eclipse-workspace/RTAIparty/target/classes/assets/textures/garcon_blond.png
16:35:08.704 [FXGL Background Thread 1 ] DEBUG FXGLAssetLoaderServi - Loading from file system: file:/C:/Users/zorm1/eclipse-workspace/RTAIparty/target/classes/assets/textures/garcon_brun.png
16:35:08.706 [FXGL Background Thread 1 ] DEBUG FXGLAssetLoaderServi - Loading from file system: file:/C:/Users/zorm1/eclipse-workspace/RTAIparty/target/classes/assets/textures/fille_blonde.png
16:35:08.707 [FXGL Background Thread 1 ] DEBUG FXGLAssetLoaderServi - Loading from file system: file:/C:/Users/zorm1/eclipse-workspace/RTAIparty/target/classes/assets/textures/fille_brune.png
16:35:08.709 [FXGL Background Thread 1 ] DEBUG FXGLAssetLoaderServi - Loading from file system: file:/C:/Users/zorm1/eclipse-workspace/RTAIparty/target/classes/assets/textures/background/classe.png
16:35:08.781 [FXGL Background Thread 1 ] DEBUG FXGLAssetLoaderServi - Loading from file system: file:/C:/Users/zorm1/eclipse-workspace/RTAIparty/target/classes/assets/textures/tableau.png
16:35:08.788 [FXGL Background Thread 1 ] DEBUG FXGLAssetLoaderServi - Loading from file system: file:/C:/Users/zorm1/eclipse-workspace/RTAIparty/target/classes/assets/textures/table.png
16:35:08.815 [FXGL Background Thread 1 ] DEBUG FXGL.DefaultMenu     - createMenuBodyGameMenu()
16:35:08.825 [FXGL Background Thread 1 ] DEBUG FXGL.DefaultMenu     - createOptionsMenu()
16:35:08.835 [FXGL Background Thread 1 ] DEBUG FXGLAssetLoaderServi - Loading from file system: jar:file:///C:/Users/zorm1/.m2/repository/com/github/almasb/fxgl/11.17/fxgl-11.17.jar!/fxglassets/textures/particles/smoke.png
16:35:08.932 [FXGL Background Thread 1 ] DEBUG FXGLAssetLoaderServi - Loading from file system: jar:file:///C:/Users/zorm1/.m2/repository/com/github/almasb/fxgl/11.17/fxgl-11.17.jar!/fxglassets/textures/particles/trace_horizontal.png
16:35:08.962 [FXGL Background Thread 1 ] DEBUG GameApplicationServi - Application scenes initialized
16:35:08.974 [FXGL Background Thread 1 ] DEBUG SystemBundleService  - Loading FXGL system data
16:35:08.982 [FXGL Background Thread 1 ] DEBUG FileSystemAccess     - Reading from: C:\Users\zorm1\eclipse-workspace\RTAIparty\system\fxgl.bundle
16:35:08.990 [FXGL Background Thread 1 ] DEBUG SystemBundleService  - Bundle FXGL: {}
16:35:08.990 [FXGL Background Thread 1 ] DEBUG UpdaterService       - Checking for updates
16:35:08.995 [FXGL Background Thread 4 ] DEBUG FXGLApplication      - Loading fonts
16:35:08.995 [FXGL Background Thread 1 ] DEBUG FXGLApplication      - Loading default localization
16:35:08.995 [FXGL Background Thread 4 ] DEBUG FXGLAssetLoaderServi - Loading from file system: jar:file:///C:/Users/zorm1/.m2/repository/com/github/almasb/fxgl/11.17/fxgl-11.17.jar!/fxglassets/ui/fonts/VarelaRound-Regular.ttf
16:35:08.996 [FXGL Background Thread 1 ] DEBUG FXGLAssetLoaderServi - Loading from file system: jar:file:///C:/Users/zorm1/.m2/repository/com/github/almasb/fxgl/11.17/fxgl-11.17.jar!/fxglassets/languages/english.lang
16:35:09.013 [FXGL Background Thread 1 ] INFO  FXGLApplication      - FXGL initialization took: 0,642 sec
16:35:09.017 [JavaFX Application Thread] DEBUG Input                - Registered new binding: clic - LMB
16:35:09.027 [JavaFX Application Thread] DEBUG Input                - Registered new binding: test - E
16:35:09.029 [JavaFX Application Thread] DEBUG FXGLAssetLoaderServi - Loading from file system: jar:file:///C:/Users/zorm1/.m2/repository/com/github/almasb/fxgl/11.17/fxgl-11.17.jar!/fxglassets/textures/fxgl_icon.png
16:35:09.049 [JavaFX Application Thread] DEBUG FXGLAssetLoaderServi - Loading from file system: jar:file:///C:/Users/zorm1/.m2/repository/com/github/almasb/fxgl/11.17/fxgl-11.17.jar!/fxglassets/textures/fxgl_default_cursor.png
16:35:09.052 [JavaFX Application Thread] DEBUG Input                - Registered new binding: Screenshot - CTRL+8
16:35:09.053 [JavaFX Application Thread] DEBUG Input                - Registered new binding: System info dump - CTRL+9
16:35:09.055 [JavaFX Application Thread] DEBUG Input                - Registered new binding: Restart - CTRL+R
16:35:09.057 [JavaFX Application Thread] DEBUG Input                - Registered new binding: Toggle Debug Camera - CTRL+C
16:35:09.059 [JavaFX Application Thread] DEBUG LoopRunner           - Starting loop
16:35:09.060 [JavaFX Application Thread] DEBUG LoopRunner           - Initializing JavaFX AnimationTimerLoop
16:35:09.063 [JavaFX Application Thread] DEBUG Input                - Clearing active input actions
16:35:09.068 [FXGL Background Thread 4 ] DEBUG FXGLAssetLoaderServi - Loading from file system: jar:file:///C:/Users/zorm1/.m2/repository/com/github/almasb/fxgl/11.17/fxgl-11.17.jar!/fxglassets/ui/fonts/Abel-Regular.ttf
16:35:09.074 [JavaFX Application Thread] DEBUG GameApplicationServi - Removing overlay from FXGLStartupScene and adding to FXGLMainMenuDummyScene
16:35:09.075 [JavaFX Application Thread] DEBUG PrimaryStageWindow   - FXGLStartupScene -> FXGLMainMenuDummyScene
16:35:09.075 [JavaFX Application Thread] DEBUG PrimaryStageWindow   - Push state: RTAIpartyMainMenu
16:35:09.076 [JavaFX Application Thread] DEBUG Input                - Clearing active input actions
16:35:09.080 [JavaFX Application Thread] DEBUG GameApplicationServi - Removing overlay from FXGLMainMenuDummyScene and adding to RTAIpartyMainMenu
16:35:09.081 [JavaFX Application Thread] DEBUG PrimaryStageWindow   - FXGLMainMenuDummyScene -> RTAIpartyMainMenu
16:35:09.098 [FXGL Background Thread 4 ] DEBUG FXGLAssetLoaderServi - Loading from file system: jar:file:///C:/Users/zorm1/.m2/repository/com/github/almasb/fxgl/11.17/fxgl-11.17.jar!/fxglassets/ui/fonts/lucida_console.ttf
16:35:09.133 [FXGL Background Thread 4 ] DEBUG FXGLAssetLoaderServi - Loading from file system: jar:file:///C:/Users/zorm1/.m2/repository/com/github/almasb/fxgl/11.17/fxgl-11.17.jar!/fxglassets/ui/fonts/Courier-Prime.ttf
16:35:09.153 [JavaFX Application Thread] DEBUG FXGLApplication      - Registering font factories with UI factory
16:35:11.995 [FXGL Background Thread 3 ] DEBUG Engine               - Logging environment variables
16:35:11.996 [FXGL Background Thread 3 ] DEBUG Engine               - achievements: []
16:35:11.997 [FXGL Background Thread 3 ] DEBUG Engine               - actualHeight: 720.0
16:35:11.997 [FXGL Background Thread 3 ] DEBUG Engine               - actualHeightProperty: ReadOnlyDoubleProperty [value: 720.0]
16:35:11.998 [FXGL Background Thread 3 ] DEBUG Engine               - actualWidth: 1280.0
16:35:11.998 [FXGL Background Thread 3 ] DEBUG Engine               - actualWidthProperty: ReadOnlyDoubleProperty [value: 1280.0]
16:35:11.999 [FXGL Background Thread 3 ] DEBUG Engine               - appIcon: fxgl_icon.png
16:35:11.999 [FXGL Background Thread 3 ] DEBUG Engine               - applicationMode: DEVELOPER
16:35:12.000 [FXGL Background Thread 3 ] DEBUG Engine               - cSSList: [fxgl_dark.css]
16:35:12.000 [FXGL Background Thread 3 ] DEBUG Engine               - collisionDetectionStrategy: BRUTE_FORCE
16:35:12.001 [FXGL Background Thread 3 ] DEBUG Engine               - configClass: Optional.empty
16:35:12.001 [FXGL Background Thread 3 ] DEBUG Engine               - credits: []
16:35:12.002 [FXGL Background Thread 3 ] DEBUG Engine               - defaultCursor: CursorInfo(imageName=fxgl_default_cursor.png, hotspotX=7.0, hotspotY=6.0)
16:35:12.004 [FXGL Background Thread 3 ] DEBUG Engine               - devBBoxColorProperty: ObjectProperty [value: 0xff0000ff]
16:35:12.004 [FXGL Background Thread 3 ] DEBUG Engine               - devEnableDebugCameraProperty: BooleanProperty [value: false]
16:35:12.005 [FXGL Background Thread 3 ] DEBUG Engine               - devSensorColorProperty: ObjectProperty [value: 0xffff00ff]
16:35:12.006 [FXGL Background Thread 3 ] DEBUG Engine               - devShowBBoxProperty: BooleanProperty [value: false]
16:35:12.006 [FXGL Background Thread 3 ] DEBUG Engine               - devShowPositionProperty: BooleanProperty [value: false]
16:35:12.006 [FXGL Background Thread 3 ] DEBUG Engine               - enabledMenuItems: []
16:35:12.007 [FXGL Background Thread 3 ] DEBUG Engine               - engineServices: [class com.almasb.fxgl.app.services.FXGLAssetLoaderService, class com.almasb.fxgl.app.FXGLApplication$GameApplicationService, class com.almasb.fxgl.app.services.FXGLDialogService, class com.almasb.fxgl.app.services.IOTaskExecutorService, class com.almasb.fxgl.io.FileSystemService, class com.almasb.fxgl.localization.LocalizationService, class com.almasb.fxgl.app.services.SystemBundleService, class com.almasb.fxgl.profile.SaveLoadService, class com.almasb.fxgl.ui.FXGLUIFactoryServiceProvider, class com.almasb.fxgl.ui.FXGLDialogFactoryServiceProvider, class com.almasb.fxgl.audio.AudioPlayer, class com.almasb.fxgl.notification.impl.NotificationServiceProvider, class com.almasb.fxgl.achievement.AchievementService, class com.almasb.fxgl.cutscene.CutsceneService, class com.almasb.fxgl.minigames.MiniGameService, class com.almasb.fxgl.net.NetService, class com.almasb.fxgl.app.services.UpdaterService, class com.almasb.fxgl.dev.DevService]
16:35:12.008 [FXGL Background Thread 3 ] DEBUG Engine               - fontGame: Abel-Regular.ttf
16:35:12.008 [FXGL Background Thread 3 ] DEBUG Engine               - fontMono: lucida_console.ttf
16:35:12.008 [FXGL Background Thread 3 ] DEBUG Engine               - fontText: Courier-Prime.ttf
16:35:12.009 [FXGL Background Thread 3 ] DEBUG Engine               - fontUI: VarelaRound-Regular.ttf
16:35:12.009 [FXGL Background Thread 3 ] DEBUG Engine               - fullScreen: BooleanProperty [value: false]
16:35:12.010 [FXGL Background Thread 3 ] DEBUG Engine               - gameDifficulty: MEDIUM
16:35:12.010 [FXGL Background Thread 3 ] DEBUG Engine               - gameDifficultyProperty: ObjectProperty [value: MEDIUM]
16:35:12.019 [FXGL Background Thread 3 ] DEBUG Engine               - globalMusicVolume: 0.5
16:35:12.019 [FXGL Background Thread 3 ] DEBUG Engine               - globalMusicVolumeProperty: DoubleProperty [value: 0.5]
16:35:12.020 [FXGL Background Thread 3 ] DEBUG Engine               - globalSoundVolume: 0.5
16:35:12.020 [FXGL Background Thread 3 ] DEBUG Engine               - globalSoundVolumeProperty: DoubleProperty [value: 0.5]
16:35:12.021 [FXGL Background Thread 3 ] DEBUG Engine               - height: 720
16:35:12.021 [FXGL Background Thread 3 ] DEBUG Engine               - is3D: false
16:35:12.022 [FXGL Background Thread 3 ] DEBUG Engine               - isAndroid: false
16:35:12.022 [FXGL Background Thread 3 ] DEBUG Engine               - isBrowser: false
16:35:12.022 [FXGL Background Thread 3 ] DEBUG Engine               - isClickFeedbackEnabled: false
16:35:12.023 [FXGL Background Thread 3 ] DEBUG Engine               - isCloseConfirmation: false
16:35:12.023 [FXGL Background Thread 3 ] DEBUG Engine               - isDesktop: true
16:35:12.024 [FXGL Background Thread 3 ] DEBUG Engine               - isDeveloperMenuEnabled: false
16:35:12.024 [FXGL Background Thread 3 ] DEBUG Engine               - isEntityPreloadEnabled: true
16:35:12.024 [FXGL Background Thread 3 ] DEBUG Engine               - isExperimentalTiledLargeMap: false
16:35:12.025 [FXGL Background Thread 3 ] DEBUG Engine               - isFileSystemWriteAllowed: true
16:35:12.025 [FXGL Background Thread 3 ] DEBUG Engine               - isFullScreenAllowed: false
16:35:12.026 [FXGL Background Thread 3 ] DEBUG Engine               - isFullScreenFromStart: false
16:35:12.027 [FXGL Background Thread 3 ] DEBUG Engine               - isGameMenuEnabled: true
16:35:12.027 [FXGL Background Thread 3 ] DEBUG Engine               - isIOS: false
16:35:12.029 [FXGL Background Thread 3 ] DEBUG Engine               - isIntroEnabled: false
16:35:12.029 [FXGL Background Thread 3 ] DEBUG Engine               - isLinux: false
16:35:12.029 [FXGL Background Thread 3 ] DEBUG Engine               - isMac: false
16:35:12.029 [FXGL Background Thread 3 ] DEBUG Engine               - isMainMenuEnabled: true
16:35:12.030 [FXGL Background Thread 3 ] DEBUG Engine               - isManualResizeEnabled: true
16:35:12.030 [FXGL Background Thread 3 ] DEBUG Engine               - isMobile: false
16:35:12.031 [FXGL Background Thread 3 ] DEBUG Engine               - isNative: false
16:35:12.031 [FXGL Background Thread 3 ] DEBUG Engine               - isPauseMusicWhenMinimized: true
16:35:12.032 [FXGL Background Thread 3 ] DEBUG Engine               - isPreserveResizeRatio: true
16:35:12.032 [FXGL Background Thread 3 ] DEBUG Engine               - isProfilingEnabled: false
16:35:12.034 [FXGL Background Thread 3 ] DEBUG Engine               - isScaleAffectedOnResize: true
16:35:12.034 [FXGL Background Thread 3 ] DEBUG Engine               - isSingleStep: false
16:35:12.034 [FXGL Background Thread 3 ] DEBUG Engine               - isUserProfileEnabled: false
16:35:12.035 [FXGL Background Thread 3 ] DEBUG Engine               - isWindows: true
16:35:12.035 [FXGL Background Thread 3 ] DEBUG Engine               - language: ObjectProperty [value: ENGLISH]
16:35:12.035 [FXGL Background Thread 3 ] DEBUG Engine               - menuKey: ESCAPE
16:35:12.036 [FXGL Background Thread 3 ] DEBUG Engine               - mouseSensitivity: 0.2
16:35:12.036 [FXGL Background Thread 3 ] DEBUG Engine               - notificationViewClass: class com.almasb.fxgl.notification.view.XboxNotificationView
16:35:12.036 [FXGL Background Thread 3 ] DEBUG Engine               - pixelsPerMeter: 50.0
16:35:12.037 [FXGL Background Thread 3 ] DEBUG Engine               - platform: WINDOWS
16:35:12.037 [FXGL Background Thread 3 ] DEBUG Engine               - prefHeightProperty: ReadOnlyDoubleProperty [value: 720.0]
16:35:12.038 [FXGL Background Thread 3 ] DEBUG Engine               - prefWidthProperty: ReadOnlyDoubleProperty [value: 1280.0]
16:35:12.038 [FXGL Background Thread 3 ] DEBUG Engine               - profileDir: profiles/
16:35:12.039 [FXGL Background Thread 3 ] DEBUG Engine               - profileName: StringProperty [value: DEFAULT]
16:35:12.039 [FXGL Background Thread 3 ] DEBUG Engine               - randomSeed: -1
16:35:12.039 [FXGL Background Thread 3 ] DEBUG Engine               - runtimeInfo: RuntimeInfo(platform=WINDOWS, version=11.17, build=16.07.2021 15.46)
16:35:12.040 [FXGL Background Thread 3 ] DEBUG Engine               - saveFileExt: sav
16:35:12.040 [FXGL Background Thread 3 ] DEBUG Engine               - scaledHeightProp$fxgl: DoubleProperty [bound, value: 720.0]
16:35:12.041 [FXGL Background Thread 3 ] DEBUG Engine               - scaledWidthProp$fxgl: DoubleProperty [bound, value: 1280.0]
16:35:12.041 [FXGL Background Thread 3 ] DEBUG Engine               - sceneFactory: ui.RTAISceneFactory@4cf5c29f
16:35:12.042 [FXGL Background Thread 3 ] DEBUG Engine               - secondsIn24h: 60
16:35:12.042 [FXGL Background Thread 3 ] DEBUG Engine               - soundMenuBack: menu/back.wav
16:35:12.042 [FXGL Background Thread 3 ] DEBUG Engine               - soundMenuPress: menu/press.wav
16:35:12.043 [FXGL Background Thread 3 ] DEBUG Engine               - soundMenuSelect: menu/select.wav
16:35:12.043 [FXGL Background Thread 3 ] DEBUG Engine               - soundNotification: core/notification.wav
16:35:12.044 [FXGL Background Thread 3 ] DEBUG Engine               - stageStyle: DECORATED
16:35:12.044 [FXGL Background Thread 3 ] DEBUG Engine               - supportedLanguages: [ENGLISH, FRENCH, GERMAN, HUNGARIAN, RUSSIAN]
16:35:12.044 [FXGL Background Thread 3 ] DEBUG Engine               - ticksPerSecond: -1
16:35:12.045 [FXGL Background Thread 3 ] DEBUG Engine               - title: RTAIparty
16:35:12.045 [FXGL Background Thread 3 ] DEBUG Engine               - urlGithub: https://github.com/AlmasB/FXGL
16:35:12.045 [FXGL Background Thread 3 ] DEBUG Engine               - urlLeaderboard: http://fxgl-top.herokuapp.com/
16:35:12.046 [FXGL Background Thread 3 ] DEBUG Engine               - urlPOM: https://raw.githubusercontent.com/AlmasB/FXGL/release/README.md
16:35:12.046 [FXGL Background Thread 3 ] DEBUG Engine               - userAppClass: class com.almasb.fxglgames.RTAIparty.RTAIpartyApp
16:35:12.046 [FXGL Background Thread 3 ] DEBUG Engine               - version: 1.0
16:35:12.047 [FXGL Background Thread 3 ] DEBUG Engine               - versionCheckDays: 7
16:35:12.047 [FXGL Background Thread 3 ] DEBUG Engine               - width: 1280
16:35:12.048 [FXGL Background Thread 3 ] DEBUG Engine               - Logging services
16:35:12.048 [FXGL Background Thread 3 ] DEBUG Engine               - class com.almasb.fxgl.app.services.FXGLAssetLoaderService
16:35:12.049 [FXGL Background Thread 3 ] DEBUG Engine               - class com.almasb.fxgl.app.FXGLApplication$GameApplicationService
16:35:12.049 [FXGL Background Thread 3 ] DEBUG Engine               - class com.almasb.fxgl.app.services.FXGLDialogService
16:35:12.049 [FXGL Background Thread 3 ] DEBUG Engine               - class com.almasb.fxgl.app.services.IOTaskExecutorService
16:35:12.050 [FXGL Background Thread 3 ] DEBUG Engine               - class com.almasb.fxgl.io.FileSystemService
16:35:12.050 [FXGL Background Thread 3 ] DEBUG Engine               - class com.almasb.fxgl.localization.LocalizationService
16:35:12.050 [FXGL Background Thread 3 ] DEBUG Engine               - class com.almasb.fxgl.app.services.SystemBundleService
16:35:12.051 [FXGL Background Thread 3 ] DEBUG Engine               - class com.almasb.fxgl.profile.SaveLoadService
16:35:12.051 [FXGL Background Thread 3 ] DEBUG Engine               - class com.almasb.fxgl.ui.FXGLUIFactoryServiceProvider
16:35:12.051 [FXGL Background Thread 3 ] DEBUG Engine               - class com.almasb.fxgl.ui.FXGLDialogFactoryServiceProvider
16:35:12.052 [FXGL Background Thread 3 ] DEBUG Engine               - class com.almasb.fxgl.audio.AudioPlayer
16:35:12.052 [FXGL Background Thread 3 ] DEBUG Engine               - class com.almasb.fxgl.notification.impl.NotificationServiceProvider
16:35:12.053 [FXGL Background Thread 3 ] DEBUG Engine               - class com.almasb.fxgl.achievement.AchievementService
16:35:12.053 [FXGL Background Thread 3 ] DEBUG Engine               - class com.almasb.fxgl.cutscene.CutsceneService
16:35:12.053 [FXGL Background Thread 3 ] DEBUG Engine               - class com.almasb.fxgl.minigames.MiniGameService
16:35:12.054 [FXGL Background Thread 3 ] DEBUG Engine               - class com.almasb.fxgl.net.NetService
16:35:12.054 [FXGL Background Thread 3 ] DEBUG Engine               - class com.almasb.fxgl.app.services.UpdaterService
16:35:12.054 [FXGL Background Thread 3 ] DEBUG Engine               - class com.almasb.fxgl.dev.DevService
16:35:15.284 [JavaFX Application Thread] DEBUG Menu                 - fireNewGame()
16:35:15.285 [JavaFX Application Thread] DEBUG GameApplicationServi - Starting new game
16:35:15.286 [JavaFX Application Thread] DEBUG PrimaryStageWindow   - Pop state: RTAIpartyMainMenu
16:35:15.286 [JavaFX Application Thread] DEBUG Input                - Clearing active input actions
16:35:15.287 [JavaFX Application Thread] DEBUG GameApplicationServi - Removing overlay from RTAIpartyMainMenu and adding to FXGLMainMenuDummyScene
16:35:15.288 [JavaFX Application Thread] DEBUG PrimaryStageWindow   - FXGLMainMenuDummyScene <- RTAIpartyMainMenu
16:35:15.289 [JavaFX Application Thread] DEBUG Input                - Clearing active input actions
16:35:15.307 [JavaFX Application Thread] DEBUG GameApplicationServi - Removing overlay from FXGLMainMenuDummyScene and adding to FXGLLoadingScene
16:35:15.308 [JavaFX Application Thread] DEBUG PrimaryStageWindow   - FXGLMainMenuDummyScene -> FXGLLoadingScene
16:35:15.308 [JavaFX Application Thread] DEBUG GameApplicationServi - Clearing previous game
16:35:15.309 [JavaFX Application Thread] DEBUG GameScene            - Clearing game scene
16:35:15.309 [JavaFX Application Thread] DEBUG GameWorld            - Clearing game world
16:35:15.310 [JavaFX Application Thread] DEBUG PhysicsWorld         - Clearing physics world
16:35:15.313 [FXGL Background Thread 2 ] DEBUG FXGLApplication      - Initializing game
16:35:15.318 [FXGL Background Thread 2 ] INFO  FXGLApplication      - Game initialization took: 0,004 sec
16:35:15.330 [JavaFX Application Thread] DEBUG Input                - Registered new binding: fin - E
16:35:15.337 [JavaFX Application Thread] DEBUG FXGLAssetLoaderServi - Loading from file system: file:/C:/Users/zorm1/eclipse-workspace/RTAIparty/target/classes/assets/textures/block-bleu.png
16:35:15.380 [JavaFX Application Thread] DEBUG GameWorld            - Clearing removable entities
16:35:15.381 [JavaFX Application Thread] DEBUG GameWorld            - Setting level: com.almasb.fxgl.entity.level.Level@1632a5be
16:35:15.423 [JavaFX Application Thread] DEBUG Input                - Clearing active input actions
16:35:15.444 [JavaFX Application Thread] DEBUG GameApplicationServi - Removing overlay from FXGLLoadingScene and adding to GameScene
16:35:15.445 [JavaFX Application Thread] DEBUG PrimaryStageWindow   - FXGLLoadingScene -> GameScene
16:35:15.449 [JavaFX Application Thread] DEBUG PrimaryStageWindow   - Push state: DodgeSubScene
16:35:15.450 [JavaFX Application Thread] DEBUG Input                - Clearing active input actions
16:35:15.451 [JavaFX Application Thread] DEBUG GameApplicationServi - Removing overlay from GameScene and adding to DodgeSubScene
16:35:15.454 [JavaFX Application Thread] DEBUG PrimaryStageWindow   - GameScene -> DodgeSubScene
16:35:15.897 [JavaFX Application Thread] DEBUG Input                - Registered new binding: fin - E
16:35:15.917 [JavaFX Application Thread] DEBUG GameWorld            - Clearing removable entities
16:35:15.922 [JavaFX Application Thread] DEBUG GameWorld            - Setting level: com.almasb.fxgl.entity.level.Level@28d2c443
16:35:16.552 [JavaFX Application Thread] DEBUG Input                - Registered new binding: fin - E
16:35:16.555 [JavaFX Application Thread] DEBUG FXGLAssetLoaderServi - Loading from file system: file:/C:/Users/zorm1/eclipse-workspace/RTAIparty/target/classes/assets/textures/block-rouge.png
16:35:16.573 [JavaFX Application Thread] DEBUG GameWorld            - Clearing removable entities
16:35:16.574 [JavaFX Application Thread] DEBUG GameWorld            - Setting level: com.almasb.fxgl.entity.level.Level@51c6456b
16:35:17.097 [JavaFX Application Thread] DEBUG Input                - Registered new binding: fin - E
16:35:17.120 [JavaFX Application Thread] DEBUG GameWorld            - Clearing removable entities
16:35:17.120 [JavaFX Application Thread] DEBUG GameWorld            - Setting level: com.almasb.fxgl.entity.level.Level@6f623e07
16:35:17.509 [JavaFX Application Thread] DEBUG Input                - Registered new binding: fin - E
16:35:17.526 [JavaFX Application Thread] DEBUG GameWorld            - Clearing removable entities
16:35:17.527 [JavaFX Application Thread] DEBUG GameWorld            - Setting level: com.almasb.fxgl.entity.level.Level@19e71088
16:35:17.692 [JavaFX Application Thread] DEBUG Input                - Registered new binding: fin - E
16:35:17.709 [JavaFX Application Thread] DEBUG GameWorld            - Clearing removable entities
16:35:17.709 [JavaFX Application Thread] DEBUG GameWorld            - Setting level: com.almasb.fxgl.entity.level.Level@729e0e6
16:35:17.848 [JavaFX Application Thread] DEBUG Input                - Registered new binding: fin - E
16:35:17.866 [JavaFX Application Thread] DEBUG GameWorld            - Clearing removable entities
16:35:17.867 [JavaFX Application Thread] DEBUG GameWorld            - Setting level: com.almasb.fxgl.entity.level.Level@5a765f9d
16:35:18.013 [JavaFX Application Thread] DEBUG Input                - Registered new binding: fin - E
16:35:18.030 [JavaFX Application Thread] DEBUG GameWorld            - Clearing removable entities
16:35:18.030 [JavaFX Application Thread] DEBUG GameWorld            - Setting level: com.almasb.fxgl.entity.level.Level@2761034a
16:35:18.161 [JavaFX Application Thread] DEBUG Input                - Registered new binding: fin - E
16:35:18.179 [JavaFX Application Thread] DEBUG GameWorld            - Clearing removable entities
16:35:18.179 [JavaFX Application Thread] DEBUG GameWorld            - Setting level: com.almasb.fxgl.entity.level.Level@43c6ccea
16:35:18.332 [JavaFX Application Thread] DEBUG Input                - Registered new binding: fin - E
16:35:18.351 [JavaFX Application Thread] DEBUG GameWorld            - Clearing removable entities
16:35:18.351 [JavaFX Application Thread] DEBUG GameWorld            - Setting level: com.almasb.fxgl.entity.level.Level@7f6a8538
16:35:18.493 [JavaFX Application Thread] DEBUG Input                - Registered new binding: fin - E
16:35:18.510 [JavaFX Application Thread] DEBUG GameWorld            - Clearing removable entities
16:35:18.511 [JavaFX Application Thread] DEBUG GameWorld            - Setting level: com.almasb.fxgl.entity.level.Level@1db7fa46
16:35:18.611 [JavaFX Application Thread] DEBUG Input                - Registered new binding: fin - E
16:35:18.627 [JavaFX Application Thread] DEBUG GameWorld            - Clearing removable entities
16:35:18.627 [JavaFX Application Thread] DEBUG GameWorld            - Setting level: com.almasb.fxgl.entity.level.Level@f5e2042
16:35:20.109 [JavaFX Application Thread] DEBUG FXGLApplication      - Exiting FXGL
16:35:20.110 [JavaFX Application Thread] DEBUG LoopRunner           - Stopping loop
16:35:20.110 [JavaFX Application Thread] DEBUG SystemBundleService  - Saving FXGL system data
16:35:20.112 [JavaFX Application Thread] DEBUG FileSystemAccess     - Writing to: C:\Users\zorm1\eclipse-workspace\RTAIparty\system\fxgl.bundle
16:35:20.114 [JavaFX Application Thread] DEBUG Async                - Shutting down background threads
16:35:20.114 [JavaFX Application Thread] DEBUG PrimaryStageWindow   - Closing main window
16:35:20.132 [JavaFX Application Thread] DEBUG Logger               - Closing Logger
