17:34:53.261 [main                     ] DEBUG Logger               - Configured Logger
17:34:53.331 [main                     ] DEBUG GameApplication      - Logging settings
Title: RTAIparty
Version: 1.0
Width: 1280
Height: 720
Fullscreen: false
Intro: false
Profiling: false
Single step:false
App Mode: DEVELOPER
Menu Key: ESCAPE
Stage Style: DECORATED
Scene Factory: class ui.RTAISceneFactory

17:34:54.064 [JavaFX Application Thread] DEBUG FXGLApplication      - Initializing FXGL
17:34:54.075 [JavaFX Application Thread] INFO  Engine               - FXGL-11.17 (16.07.2021 15.46) on MAC (J:13.0.2 FX:16)
17:34:54.075 [JavaFX Application Thread] DEBUG Engine               - JRE Vendor Name: Oracle Corporation
17:34:54.076 [JavaFX Application Thread] DEBUG Engine               - Running on OS: Mac OS X version 10.16
17:34:54.076 [JavaFX Application Thread] DEBUG Engine               - Architecture: x86_64
17:34:54.077 [JavaFX Application Thread] INFO  Engine               - Source code and latest versions at: https://github.com/AlmasB/FXGL
17:34:54.077 [JavaFX Application Thread] INFO  Engine               -              Join the FXGL chat at: https://gitter.im/AlmasB/FXGL
17:34:54.389 [JavaFX Application Thread] DEBUG PrimaryStageWindow   - Creating a JavaFX scene
17:34:54.509 [JavaFX Application Thread] DEBUG PrimaryStageWindow   - Target settings size: 1280.0 x 720.0
17:34:54.510 [JavaFX Application Thread] DEBUG PrimaryStageWindow   - Scaled scene size:    1280.0 x 720.0
17:34:54.510 [JavaFX Application Thread] DEBUG PrimaryStageWindow   - Scaled ratio: (1.0, 1.0)
17:34:54.512 [JavaFX Application Thread] DEBUG PrimaryStageWindow   - Set initial scene to FXGLStartupScene
17:34:54.525 [JavaFX Application Thread] DEBUG PrimaryStageWindow   - Opening main window
17:34:54.723 [JavaFX Application Thread] DEBUG PrimaryStageWindow   - Window border size: (0.0, 28.0)
17:34:54.723 [JavaFX Application Thread] DEBUG PrimaryStageWindow   - Scaled size: 1280.0 x 720.0
17:34:54.723 [JavaFX Application Thread] DEBUG PrimaryStageWindow   - Scaled ratio: (1.0, 1.0)
17:34:54.724 [JavaFX Application Thread] DEBUG PrimaryStageWindow   - Scene size: 1280.0 x 720.0
17:34:54.724 [JavaFX Application Thread] DEBUG PrimaryStageWindow   - Stage size: 1280.0 x 748.0
17:34:54.738 [FXGL Background Thread 1 ] DEBUG Engine               - Initializing environment variables
17:34:54.882 [FXGL Background Thread 1 ] DEBUG FXGLAssetLoaderServi - User app class for loading assets: class com.almasb.fxglgames.RTAIparty.RTAIpartyApp
17:34:54.883 [FXGL Background Thread 1 ] DEBUG GameApplicationServi - Applying CSS: fxgl_dark.css
17:34:54.885 [FXGL Background Thread 1 ] DEBUG FXGLAssetLoaderServi - Loading from file system: jar:file:///Users/mehnounekheira/.m2/repository/com/github/almasb/fxgl/11.17/fxgl-11.17.jar!/fxglassets/ui/css/fxgl_dark.css
17:34:54.977 [FXGL Background Thread 1 ] DEBUG GameApplicationServi - Initializing application scenes
17:34:55.702 [FXGL Background Thread 1 ] DEBUG GameWorld            - Game world initialized
17:34:55.803 [FXGL Background Thread 1 ] DEBUG PhysicsWorld         - Physics world initialized: appHeight=720, physics.ppm=50,0
17:34:55.804 [FXGL Background Thread 1 ] DEBUG PhysicsWorld         - Using strategy: BRUTE_FORCE
17:34:55.807 [FXGL Background Thread 1 ] DEBUG GameScene            - Game scene initialized: 1280x720
17:34:55.821 [FXGL Background Thread 1 ] DEBUG FXGLAssetLoaderServi - Loading from file system: file:/Users/mehnounekheira/eclipse-workspace/RTAIparty/target/classes/assets/textures/garcon_blond.png
17:34:55.859 [FXGL Background Thread 1 ] DEBUG FXGLAssetLoaderServi - Loading from file system: file:/Users/mehnounekheira/eclipse-workspace/RTAIparty/target/classes/assets/textures/garcon_brun.png
17:34:55.862 [FXGL Background Thread 1 ] DEBUG FXGLAssetLoaderServi - Loading from file system: file:/Users/mehnounekheira/eclipse-workspace/RTAIparty/target/classes/assets/textures/fille_blonde.png
17:34:55.863 [FXGL Background Thread 1 ] DEBUG FXGLAssetLoaderServi - Loading from file system: file:/Users/mehnounekheira/eclipse-workspace/RTAIparty/target/classes/assets/textures/fille_brune.png
17:34:55.866 [FXGL Background Thread 1 ] DEBUG FXGLAssetLoaderServi - Loading from file system: file:/Users/mehnounekheira/eclipse-workspace/RTAIparty/target/classes/assets/textures/background/classe.png
17:34:55.993 [FXGL Background Thread 1 ] DEBUG FXGLAssetLoaderServi - Loading from file system: file:/Users/mehnounekheira/eclipse-workspace/RTAIparty/target/classes/assets/textures/tableau.png
17:34:56.019 [FXGL Background Thread 1 ] DEBUG FXGLAssetLoaderServi - Loading from file system: file:/Users/mehnounekheira/eclipse-workspace/RTAIparty/target/classes/assets/textures/table.png
17:34:56.052 [FXGL Background Thread 1 ] DEBUG FXGL.DefaultMenu     - createMenuBodyGameMenu()
17:34:56.080 [FXGL Background Thread 1 ] DEBUG FXGL.DefaultMenu     - createOptionsMenu()
17:34:56.090 [FXGL Background Thread 1 ] DEBUG FXGLAssetLoaderServi - Loading from file system: jar:file:///Users/mehnounekheira/.m2/repository/com/github/almasb/fxgl/11.17/fxgl-11.17.jar!/fxglassets/textures/particles/smoke.png
17:34:56.227 [FXGL Background Thread 1 ] DEBUG FXGLAssetLoaderServi - Loading from file system: jar:file:///Users/mehnounekheira/.m2/repository/com/github/almasb/fxgl/11.17/fxgl-11.17.jar!/fxglassets/textures/particles/trace_horizontal.png
17:34:56.260 [FXGL Background Thread 1 ] DEBUG GameApplicationServi - Application scenes initialized
17:34:56.278 [FXGL Background Thread 1 ] DEBUG SystemBundleService  - Loading FXGL system data
17:34:56.286 [FXGL Background Thread 1 ] DEBUG FileSystemAccess     - Reading from: /Users/mehnounekheira/eclipse-workspace/RTAIparty/system/fxgl.bundle
17:34:56.302 [FXGL Background Thread 1 ] DEBUG SystemBundleService  - Bundle FXGL: {}
17:34:56.303 [FXGL Background Thread 1 ] DEBUG UpdaterService       - Checking for updates
17:34:56.310 [FXGL Background Thread 4 ] DEBUG FXGLApplication      - Loading fonts
17:34:56.311 [FXGL Background Thread 4 ] DEBUG FXGLAssetLoaderServi - Loading from file system: jar:file:///Users/mehnounekheira/.m2/repository/com/github/almasb/fxgl/11.17/fxgl-11.17.jar!/fxglassets/ui/fonts/VarelaRound-Regular.ttf
17:34:56.312 [FXGL Background Thread 1 ] DEBUG FXGLApplication      - Loading default localization
17:34:56.313 [FXGL Background Thread 1 ] DEBUG FXGLAssetLoaderServi - Loading from file system: jar:file:///Users/mehnounekheira/.m2/repository/com/github/almasb/fxgl/11.17/fxgl-11.17.jar!/fxglassets/languages/english.lang
17:34:56.343 [FXGL Background Thread 4 ] DEBUG FXGLAssetLoaderServi - Loading from file system: jar:file:///Users/mehnounekheira/.m2/repository/com/github/almasb/fxgl/11.17/fxgl-11.17.jar!/fxglassets/ui/fonts/Abel-Regular.ttf
17:34:56.350 [FXGL Background Thread 4 ] DEBUG FXGLAssetLoaderServi - Loading from file system: jar:file:///Users/mehnounekheira/.m2/repository/com/github/almasb/fxgl/11.17/fxgl-11.17.jar!/fxglassets/ui/fonts/lucida_console.ttf
17:34:56.353 [FXGL Background Thread 1 ] INFO  FXGLApplication      - FXGL initialization took: 1,614 sec
17:34:56.359 [FXGL Background Thread 4 ] DEBUG FXGLAssetLoaderServi - Loading from file system: jar:file:///Users/mehnounekheira/.m2/repository/com/github/almasb/fxgl/11.17/fxgl-11.17.jar!/fxglassets/ui/fonts/Courier-Prime.ttf
17:34:56.361 [JavaFX Application Thread] DEBUG Input                - Registered new binding: clic - LMB
17:34:56.379 [JavaFX Application Thread] DEBUG Input                - Registered new binding: test - E
17:34:56.380 [JavaFX Application Thread] DEBUG FXGLAssetLoaderServi - Loading from file system: jar:file:///Users/mehnounekheira/.m2/repository/com/github/almasb/fxgl/11.17/fxgl-11.17.jar!/fxglassets/textures/fxgl_icon.png
17:34:56.428 [JavaFX Application Thread] DEBUG FXGLAssetLoaderServi - Loading from file system: jar:file:///Users/mehnounekheira/.m2/repository/com/github/almasb/fxgl/11.17/fxgl-11.17.jar!/fxglassets/textures/fxgl_default_cursor.png
17:34:56.433 [JavaFX Application Thread] DEBUG Input                - Registered new binding: Screenshot - CTRL+8
17:34:56.434 [JavaFX Application Thread] DEBUG Input                - Registered new binding: System info dump - CTRL+9
17:34:56.435 [JavaFX Application Thread] DEBUG Input                - Registered new binding: Restart - CTRL+R
17:34:56.436 [JavaFX Application Thread] DEBUG Input                - Registered new binding: Toggle Debug Camera - CTRL+C
17:34:56.444 [JavaFX Application Thread] DEBUG LoopRunner           - Starting loop
17:34:56.445 [JavaFX Application Thread] DEBUG LoopRunner           - Initializing JavaFX AnimationTimerLoop
17:34:56.451 [JavaFX Application Thread] DEBUG Input                - Clearing active input actions
17:34:56.467 [JavaFX Application Thread] DEBUG GameApplicationServi - Removing overlay from FXGLStartupScene and adding to FXGLMainMenuDummyScene
17:34:56.468 [JavaFX Application Thread] DEBUG PrimaryStageWindow   - FXGLStartupScene -> FXGLMainMenuDummyScene
17:34:56.468 [JavaFX Application Thread] DEBUG PrimaryStageWindow   - Push state: RTAIpartyMainMenu
17:34:56.469 [JavaFX Application Thread] DEBUG Input                - Clearing active input actions
17:34:56.475 [JavaFX Application Thread] DEBUG GameApplicationServi - Removing overlay from FXGLMainMenuDummyScene and adding to RTAIpartyMainMenu
17:34:56.476 [JavaFX Application Thread] DEBUG PrimaryStageWindow   - FXGLMainMenuDummyScene -> RTAIpartyMainMenu
17:34:56.536 [JavaFX Application Thread] DEBUG FXGLApplication      - Registering font factories with UI factory
17:34:59.308 [FXGL Background Thread 3 ] DEBUG Engine               - Logging environment variables
17:34:59.310 [FXGL Background Thread 3 ] DEBUG Engine               - achievements: []
17:34:59.310 [FXGL Background Thread 3 ] DEBUG Engine               - actualHeight: 720.0
17:34:59.311 [FXGL Background Thread 3 ] DEBUG Engine               - actualHeightProperty: ReadOnlyDoubleProperty [value: 720.0]
17:34:59.311 [FXGL Background Thread 3 ] DEBUG Engine               - actualWidth: 1280.0
17:34:59.311 [FXGL Background Thread 3 ] DEBUG Engine               - actualWidthProperty: ReadOnlyDoubleProperty [value: 1280.0]
17:34:59.312 [FXGL Background Thread 3 ] DEBUG Engine               - appIcon: fxgl_icon.png
17:34:59.313 [FXGL Background Thread 3 ] DEBUG Engine               - applicationMode: DEVELOPER
17:34:59.313 [FXGL Background Thread 3 ] DEBUG Engine               - cSSList: [fxgl_dark.css]
17:34:59.313 [FXGL Background Thread 3 ] DEBUG Engine               - collisionDetectionStrategy: BRUTE_FORCE
17:34:59.313 [FXGL Background Thread 3 ] DEBUG Engine               - configClass: Optional.empty
17:34:59.313 [FXGL Background Thread 3 ] DEBUG Engine               - credits: []
17:34:59.314 [FXGL Background Thread 3 ] DEBUG Engine               - defaultCursor: CursorInfo(imageName=fxgl_default_cursor.png, hotspotX=7.0, hotspotY=6.0)
17:34:59.314 [FXGL Background Thread 3 ] DEBUG Engine               - devBBoxColorProperty: ObjectProperty [value: 0xff0000ff]
17:34:59.314 [FXGL Background Thread 3 ] DEBUG Engine               - devEnableDebugCameraProperty: BooleanProperty [value: false]
17:34:59.314 [FXGL Background Thread 3 ] DEBUG Engine               - devSensorColorProperty: ObjectProperty [value: 0xffff00ff]
17:34:59.315 [FXGL Background Thread 3 ] DEBUG Engine               - devShowBBoxProperty: BooleanProperty [value: false]
17:34:59.315 [FXGL Background Thread 3 ] DEBUG Engine               - devShowPositionProperty: BooleanProperty [value: false]
17:34:59.315 [FXGL Background Thread 3 ] DEBUG Engine               - enabledMenuItems: []
17:34:59.315 [FXGL Background Thread 3 ] DEBUG Engine               - engineServices: [class com.almasb.fxgl.app.services.FXGLAssetLoaderService, class com.almasb.fxgl.app.FXGLApplication$GameApplicationService, class com.almasb.fxgl.app.services.FXGLDialogService, class com.almasb.fxgl.app.services.IOTaskExecutorService, class com.almasb.fxgl.io.FileSystemService, class com.almasb.fxgl.localization.LocalizationService, class com.almasb.fxgl.app.services.SystemBundleService, class com.almasb.fxgl.profile.SaveLoadService, class com.almasb.fxgl.ui.FXGLUIFactoryServiceProvider, class com.almasb.fxgl.ui.FXGLDialogFactoryServiceProvider, class com.almasb.fxgl.audio.AudioPlayer, class com.almasb.fxgl.notification.impl.NotificationServiceProvider, class com.almasb.fxgl.achievement.AchievementService, class com.almasb.fxgl.cutscene.CutsceneService, class com.almasb.fxgl.minigames.MiniGameService, class com.almasb.fxgl.net.NetService, class com.almasb.fxgl.app.services.UpdaterService, class com.almasb.fxgl.dev.DevService]
17:34:59.315 [FXGL Background Thread 3 ] DEBUG Engine               - fontGame: Abel-Regular.ttf
17:34:59.316 [FXGL Background Thread 3 ] DEBUG Engine               - fontMono: lucida_console.ttf
17:34:59.316 [FXGL Background Thread 3 ] DEBUG Engine               - fontText: Courier-Prime.ttf
17:34:59.316 [FXGL Background Thread 3 ] DEBUG Engine               - fontUI: VarelaRound-Regular.ttf
17:34:59.316 [FXGL Background Thread 3 ] DEBUG Engine               - fullScreen: BooleanProperty [value: false]
17:34:59.316 [FXGL Background Thread 3 ] DEBUG Engine               - gameDifficulty: MEDIUM
17:34:59.316 [FXGL Background Thread 3 ] DEBUG Engine               - gameDifficultyProperty: ObjectProperty [value: MEDIUM]
17:34:59.317 [FXGL Background Thread 3 ] DEBUG Engine               - globalMusicVolume: 0.5
17:34:59.317 [FXGL Background Thread 3 ] DEBUG Engine               - globalMusicVolumeProperty: DoubleProperty [value: 0.5]
17:34:59.317 [FXGL Background Thread 3 ] DEBUG Engine               - globalSoundVolume: 0.5
17:34:59.317 [FXGL Background Thread 3 ] DEBUG Engine               - globalSoundVolumeProperty: DoubleProperty [value: 0.5]
17:34:59.318 [FXGL Background Thread 3 ] DEBUG Engine               - height: 720
17:34:59.318 [FXGL Background Thread 3 ] DEBUG Engine               - is3D: false
17:34:59.318 [FXGL Background Thread 3 ] DEBUG Engine               - isAndroid: false
17:34:59.318 [FXGL Background Thread 3 ] DEBUG Engine               - isBrowser: false
17:34:59.319 [FXGL Background Thread 3 ] DEBUG Engine               - isClickFeedbackEnabled: false
17:34:59.319 [FXGL Background Thread 3 ] DEBUG Engine               - isCloseConfirmation: false
17:34:59.319 [FXGL Background Thread 3 ] DEBUG Engine               - isDesktop: true
17:34:59.319 [FXGL Background Thread 3 ] DEBUG Engine               - isDeveloperMenuEnabled: false
17:34:59.319 [FXGL Background Thread 3 ] DEBUG Engine               - isEntityPreloadEnabled: true
17:34:59.320 [FXGL Background Thread 3 ] DEBUG Engine               - isExperimentalTiledLargeMap: false
17:34:59.320 [FXGL Background Thread 3 ] DEBUG Engine               - isFileSystemWriteAllowed: true
17:34:59.320 [FXGL Background Thread 3 ] DEBUG Engine               - isFullScreenAllowed: false
17:34:59.320 [FXGL Background Thread 3 ] DEBUG Engine               - isFullScreenFromStart: false
17:34:59.321 [FXGL Background Thread 3 ] DEBUG Engine               - isGameMenuEnabled: true
17:34:59.321 [FXGL Background Thread 3 ] DEBUG Engine               - isIOS: false
17:34:59.321 [FXGL Background Thread 3 ] DEBUG Engine               - isIntroEnabled: false
17:34:59.321 [FXGL Background Thread 3 ] DEBUG Engine               - isLinux: false
17:34:59.322 [FXGL Background Thread 3 ] DEBUG Engine               - isMac: true
17:34:59.322 [FXGL Background Thread 3 ] DEBUG Engine               - isMainMenuEnabled: true
17:34:59.322 [FXGL Background Thread 3 ] DEBUG Engine               - isManualResizeEnabled: true
17:34:59.322 [FXGL Background Thread 3 ] DEBUG Engine               - isMobile: false
17:34:59.322 [FXGL Background Thread 3 ] DEBUG Engine               - isNative: false
17:34:59.322 [FXGL Background Thread 3 ] DEBUG Engine               - isPauseMusicWhenMinimized: true
17:34:59.323 [FXGL Background Thread 3 ] DEBUG Engine               - isPreserveResizeRatio: true
17:34:59.323 [FXGL Background Thread 3 ] DEBUG Engine               - isProfilingEnabled: false
17:34:59.323 [FXGL Background Thread 3 ] DEBUG Engine               - isScaleAffectedOnResize: true
17:34:59.323 [FXGL Background Thread 3 ] DEBUG Engine               - isSingleStep: false
17:34:59.323 [FXGL Background Thread 3 ] DEBUG Engine               - isUserProfileEnabled: false
17:34:59.324 [FXGL Background Thread 3 ] DEBUG Engine               - isWindows: false
17:34:59.324 [FXGL Background Thread 3 ] DEBUG Engine               - language: ObjectProperty [value: ENGLISH]
17:34:59.324 [FXGL Background Thread 3 ] DEBUG Engine               - menuKey: ESCAPE
17:34:59.324 [FXGL Background Thread 3 ] DEBUG Engine               - mouseSensitivity: 0.2
17:34:59.324 [FXGL Background Thread 3 ] DEBUG Engine               - notificationViewClass: class com.almasb.fxgl.notification.view.XboxNotificationView
17:34:59.324 [FXGL Background Thread 3 ] DEBUG Engine               - pixelsPerMeter: 50.0
17:34:59.324 [FXGL Background Thread 3 ] DEBUG Engine               - platform: MAC
17:34:59.325 [FXGL Background Thread 3 ] DEBUG Engine               - prefHeightProperty: ReadOnlyDoubleProperty [value: 720.0]
17:34:59.325 [FXGL Background Thread 3 ] DEBUG Engine               - prefWidthProperty: ReadOnlyDoubleProperty [value: 1280.0]
17:34:59.325 [FXGL Background Thread 3 ] DEBUG Engine               - profileDir: profiles/
17:34:59.326 [FXGL Background Thread 3 ] DEBUG Engine               - profileName: StringProperty [value: DEFAULT]
17:34:59.326 [FXGL Background Thread 3 ] DEBUG Engine               - randomSeed: -1
17:34:59.326 [FXGL Background Thread 3 ] DEBUG Engine               - runtimeInfo: RuntimeInfo(platform=MAC, version=11.17, build=16.07.2021 15.46)
17:34:59.327 [FXGL Background Thread 3 ] DEBUG Engine               - saveFileExt: sav
17:34:59.327 [FXGL Background Thread 3 ] DEBUG Engine               - scaledHeightProp$fxgl: DoubleProperty [bound, value: 720.0]
17:34:59.327 [FXGL Background Thread 3 ] DEBUG Engine               - scaledWidthProp$fxgl: DoubleProperty [bound, value: 1280.0]
17:34:59.328 [FXGL Background Thread 3 ] DEBUG Engine               - sceneFactory: ui.RTAISceneFactory@23af133b
17:34:59.328 [FXGL Background Thread 3 ] DEBUG Engine               - secondsIn24h: 60
17:34:59.328 [FXGL Background Thread 3 ] DEBUG Engine               - soundMenuBack: menu/back.wav
17:34:59.329 [FXGL Background Thread 3 ] DEBUG Engine               - soundMenuPress: menu/press.wav
17:34:59.329 [FXGL Background Thread 3 ] DEBUG Engine               - soundMenuSelect: menu/select.wav
17:34:59.329 [FXGL Background Thread 3 ] DEBUG Engine               - soundNotification: core/notification.wav
17:34:59.330 [FXGL Background Thread 3 ] DEBUG Engine               - stageStyle: DECORATED
17:34:59.330 [FXGL Background Thread 3 ] DEBUG Engine               - supportedLanguages: [ENGLISH, FRENCH, GERMAN, HUNGARIAN, RUSSIAN]
17:34:59.330 [FXGL Background Thread 3 ] DEBUG Engine               - ticksPerSecond: -1
17:34:59.330 [FXGL Background Thread 3 ] DEBUG Engine               - title: RTAIparty
17:34:59.330 [FXGL Background Thread 3 ] DEBUG Engine               - urlGithub: https://github.com/AlmasB/FXGL
17:34:59.330 [FXGL Background Thread 3 ] DEBUG Engine               - urlLeaderboard: http://fxgl-top.herokuapp.com/
17:34:59.331 [FXGL Background Thread 3 ] DEBUG Engine               - urlPOM: https://raw.githubusercontent.com/AlmasB/FXGL/release/README.md
17:34:59.331 [FXGL Background Thread 3 ] DEBUG Engine               - userAppClass: class com.almasb.fxglgames.RTAIparty.RTAIpartyApp
17:34:59.331 [FXGL Background Thread 3 ] DEBUG Engine               - version: 1.0
17:34:59.331 [FXGL Background Thread 3 ] DEBUG Engine               - versionCheckDays: 7
17:34:59.331 [FXGL Background Thread 3 ] DEBUG Engine               - width: 1280
17:34:59.331 [FXGL Background Thread 3 ] DEBUG Engine               - Logging services
17:34:59.331 [FXGL Background Thread 3 ] DEBUG Engine               - class com.almasb.fxgl.app.services.FXGLAssetLoaderService
17:34:59.332 [FXGL Background Thread 3 ] DEBUG Engine               - class com.almasb.fxgl.app.FXGLApplication$GameApplicationService
17:34:59.332 [FXGL Background Thread 3 ] DEBUG Engine               - class com.almasb.fxgl.app.services.FXGLDialogService
17:34:59.332 [FXGL Background Thread 3 ] DEBUG Engine               - class com.almasb.fxgl.app.services.IOTaskExecutorService
17:34:59.332 [FXGL Background Thread 3 ] DEBUG Engine               - class com.almasb.fxgl.io.FileSystemService
17:34:59.333 [FXGL Background Thread 3 ] DEBUG Engine               - class com.almasb.fxgl.localization.LocalizationService
17:34:59.333 [FXGL Background Thread 3 ] DEBUG Engine               - class com.almasb.fxgl.app.services.SystemBundleService
17:34:59.333 [FXGL Background Thread 3 ] DEBUG Engine               - class com.almasb.fxgl.profile.SaveLoadService
17:34:59.333 [FXGL Background Thread 3 ] DEBUG Engine               - class com.almasb.fxgl.ui.FXGLUIFactoryServiceProvider
17:34:59.334 [FXGL Background Thread 3 ] DEBUG Engine               - class com.almasb.fxgl.ui.FXGLDialogFactoryServiceProvider
17:34:59.334 [FXGL Background Thread 3 ] DEBUG Engine               - class com.almasb.fxgl.audio.AudioPlayer
17:34:59.334 [FXGL Background Thread 3 ] DEBUG Engine               - class com.almasb.fxgl.notification.impl.NotificationServiceProvider
17:34:59.334 [FXGL Background Thread 3 ] DEBUG Engine               - class com.almasb.fxgl.achievement.AchievementService
17:34:59.335 [FXGL Background Thread 3 ] DEBUG Engine               - class com.almasb.fxgl.cutscene.CutsceneService
17:34:59.335 [FXGL Background Thread 3 ] DEBUG Engine               - class com.almasb.fxgl.minigames.MiniGameService
17:34:59.335 [FXGL Background Thread 3 ] DEBUG Engine               - class com.almasb.fxgl.net.NetService
17:34:59.335 [FXGL Background Thread 3 ] DEBUG Engine               - class com.almasb.fxgl.app.services.UpdaterService
17:34:59.336 [FXGL Background Thread 3 ] DEBUG Engine               - class com.almasb.fxgl.dev.DevService
17:35:02.529 [JavaFX Application Thread] DEBUG Menu                 - fireNewGame()
17:35:02.530 [JavaFX Application Thread] DEBUG GameApplicationServi - Starting new game
17:35:02.530 [JavaFX Application Thread] DEBUG PrimaryStageWindow   - Pop state: RTAIpartyMainMenu
17:35:02.531 [JavaFX Application Thread] DEBUG Input                - Clearing active input actions
17:35:02.532 [JavaFX Application Thread] DEBUG GameApplicationServi - Removing overlay from RTAIpartyMainMenu and adding to FXGLMainMenuDummyScene
17:35:02.532 [JavaFX Application Thread] DEBUG PrimaryStageWindow   - FXGLMainMenuDummyScene <- RTAIpartyMainMenu
17:35:02.532 [JavaFX Application Thread] DEBUG Input                - Clearing active input actions
17:35:02.552 [JavaFX Application Thread] DEBUG GameApplicationServi - Removing overlay from FXGLMainMenuDummyScene and adding to FXGLLoadingScene
17:35:02.553 [JavaFX Application Thread] DEBUG PrimaryStageWindow   - FXGLMainMenuDummyScene -> FXGLLoadingScene
17:35:02.553 [JavaFX Application Thread] DEBUG GameApplicationServi - Clearing previous game
17:35:02.553 [JavaFX Application Thread] DEBUG GameScene            - Clearing game scene
17:35:02.553 [JavaFX Application Thread] DEBUG GameWorld            - Clearing game world
17:35:02.553 [JavaFX Application Thread] DEBUG PhysicsWorld         - Clearing physics world
17:35:02.555 [FXGL Background Thread 2 ] DEBUG FXGLApplication      - Initializing game
17:35:02.558 [FXGL Background Thread 2 ] INFO  FXGLApplication      - Game initialization took: 0,002 sec
17:35:02.569 [JavaFX Application Thread] DEBUG Input                - Registered new binding: fin - E
17:35:02.573 [JavaFX Application Thread] DEBUG FXGLAssetLoaderServi - Loading from file system: file:/Users/mehnounekheira/eclipse-workspace/RTAIparty/target/classes/assets/textures/DodgeBlock.png
17:35:03.295 [JavaFX Application Thread] DEBUG GameWorld            - Clearing removable entities
17:35:03.295 [JavaFX Application Thread] DEBUG GameWorld            - Setting level: com.almasb.fxgl.entity.level.Level@5c8d288e
17:35:03.374 [JavaFX Application Thread] DEBUG Input                - Clearing active input actions
17:35:03.468 [JavaFX Application Thread] DEBUG GameApplicationServi - Removing overlay from FXGLLoadingScene and adding to GameScene
17:35:03.468 [JavaFX Application Thread] DEBUG PrimaryStageWindow   - FXGLLoadingScene -> GameScene
17:35:03.527 [JavaFX Application Thread] DEBUG PrimaryStageWindow   - Push state: DodgeSubScene
17:35:03.528 [JavaFX Application Thread] DEBUG Input                - Clearing active input actions
17:35:03.529 [JavaFX Application Thread] DEBUG GameApplicationServi - Removing overlay from GameScene and adding to DodgeSubScene
17:35:03.531 [JavaFX Application Thread] DEBUG PrimaryStageWindow   - GameScene -> DodgeSubScene
17:35:04.616 [JavaFX Application Thread] DEBUG Input                - Registered new binding: fin - E
17:35:05.057 [JavaFX Application Thread] DEBUG GameWorld            - Clearing removable entities
17:35:05.106 [JavaFX Application Thread] DEBUG GameWorld            - Setting level: com.almasb.fxgl.entity.level.Level@5fa2b532
17:35:05.280 [JavaFX Application Thread] DEBUG Input                - Registered new binding: fin - E
17:35:05.281 [JavaFX Application Thread] DEBUG FXGLAssetLoaderServi - Loading from file system: file:/Users/mehnounekheira/eclipse-workspace/RTAIparty/target/classes/assets/textures/background/decorrythm.png
17:35:05.397 [JavaFX Application Thread] DEBUG FXGLAssetLoaderServi - Loading from file system: file:/Users/mehnounekheira/eclipse-workspace/RTAIparty/target/classes/assets/textures/Numero/numero1.png
17:35:05.419 [JavaFX Application Thread] DEBUG Input                - Registered new binding: fin - E
17:35:15.531 [JavaFX Application Thread] DEBUG FXGLApplication      - Exiting FXGL
17:35:15.531 [JavaFX Application Thread] DEBUG LoopRunner           - Stopping loop
17:35:15.531 [JavaFX Application Thread] DEBUG SystemBundleService  - Saving FXGL system data
17:35:15.544 [JavaFX Application Thread] DEBUG FileSystemAccess     - Writing to: /Users/mehnounekheira/eclipse-workspace/RTAIparty/system/fxgl.bundle
17:35:15.549 [JavaFX Application Thread] DEBUG Async                - Shutting down background threads
17:35:15.549 [JavaFX Application Thread] DEBUG PrimaryStageWindow   - Closing main window
17:35:15.562 [JavaFX Application Thread] DEBUG Logger               - Closing Logger
