23:28:53.409 [main                     ] DEBUG Logger               - Configured Logger
23:28:53.489 [main                     ] DEBUG GameApplication      - Logging settings
Title: RTAIparty
Version: 1.0
Width: 1280
Height: 720
Fullscreen: false
Intro: false
Profiling: false
Single step:false
App Mode: DEVELOPER
Menu Key: ESCAPE
Stage Style: DECORATED
Scene Factory: class ui.RTAISceneFactory

23:28:54.188 [JavaFX Application Thread] DEBUG FXGLApplication      - Initializing FXGL
23:28:54.191 [JavaFX Application Thread] INFO  Engine               - FXGL-11.17 (16.07.2021 15.46) on WINDOWS (J:16.0.2 FX:16)
23:28:54.192 [JavaFX Application Thread] DEBUG Engine               - JRE Vendor Name: Oracle Corporation
23:28:54.192 [JavaFX Application Thread] DEBUG Engine               - Running on OS: Windows 10 version 10.0
23:28:54.193 [JavaFX Application Thread] DEBUG Engine               - Architecture: amd64
23:28:54.194 [JavaFX Application Thread] INFO  Engine               - Source code and latest versions at: https://github.com/AlmasB/FXGL
23:28:54.194 [JavaFX Application Thread] INFO  Engine               -              Join the FXGL chat at: https://gitter.im/AlmasB/FXGL
23:28:54.364 [JavaFX Application Thread] DEBUG PrimaryStageWindow   - Creating a JavaFX scene
23:28:54.444 [JavaFX Application Thread] DEBUG PrimaryStageWindow   - Target settings size: 1280.0 x 720.0
23:28:54.444 [JavaFX Application Thread] DEBUG PrimaryStageWindow   - Scaled scene size:    1280.0 x 720.0
23:28:54.445 [JavaFX Application Thread] DEBUG PrimaryStageWindow   - Scaled ratio: (1.0, 1.0)
23:28:54.447 [JavaFX Application Thread] DEBUG PrimaryStageWindow   - Set initial scene to FXGLStartupScene
23:28:54.461 [JavaFX Application Thread] DEBUG PrimaryStageWindow   - Opening main window
23:28:54.600 [JavaFX Application Thread] DEBUG PrimaryStageWindow   - Window border size: (8.0, 28.0)
23:28:54.600 [JavaFX Application Thread] DEBUG PrimaryStageWindow   - Scaled size: 1280.0 x 720.0
23:28:54.600 [JavaFX Application Thread] DEBUG PrimaryStageWindow   - Scaled ratio: (1.0, 1.0)
23:28:54.601 [JavaFX Application Thread] DEBUG PrimaryStageWindow   - Scene size: 1280.0 x 720.0
23:28:54.601 [JavaFX Application Thread] DEBUG PrimaryStageWindow   - Stage size: 1288.0 x 748.0
23:28:54.618 [FXGL Background Thread 1 ] DEBUG Engine               - Initializing environment variables
23:28:54.729 [FXGL Background Thread 1 ] DEBUG FXGLAssetLoaderServi - User app class for loading assets: class com.almasb.fxglgames.RTAIparty.RTAIpartyApp
23:28:54.729 [FXGL Background Thread 1 ] DEBUG GameApplicationServi - Applying CSS: fxgl_dark.css
23:28:54.730 [FXGL Background Thread 1 ] DEBUG FXGLAssetLoaderServi - Loading from file system: jar:file:///C:/Users/moi/.m2/repository/com/github/almasb/fxgl/11.17/fxgl-11.17.jar!/fxglassets/ui/css/fxgl_dark.css
23:28:54.851 [FXGL Background Thread 1 ] DEBUG GameApplicationServi - Initializing application scenes
23:28:54.924 [FXGL Background Thread 1 ] DEBUG GameWorld            - Game world initialized
23:28:55.040 [FXGL Background Thread 1 ] DEBUG PhysicsWorld         - Physics world initialized: appHeight=720, physics.ppm=50,0
23:28:55.041 [FXGL Background Thread 1 ] DEBUG PhysicsWorld         - Using strategy: BRUTE_FORCE
23:28:55.048 [FXGL Background Thread 1 ] DEBUG GameScene            - Game scene initialized: 1280x720
23:28:55.061 [FXGL Background Thread 1 ] DEBUG FXGLAssetLoaderServi - Loading from file system: file:/C:/Users/moi/java-workspace/RTAIparty/target/classes/assets/textures/garcon_blond.png
23:28:55.091 [FXGL Background Thread 1 ] DEBUG FXGLAssetLoaderServi - Loading from file system: file:/C:/Users/moi/java-workspace/RTAIparty/target/classes/assets/textures/garcon_brun.png
23:28:55.094 [FXGL Background Thread 1 ] DEBUG FXGLAssetLoaderServi - Loading from file system: file:/C:/Users/moi/java-workspace/RTAIparty/target/classes/assets/textures/fille_blonde.png
23:28:55.096 [FXGL Background Thread 1 ] DEBUG FXGLAssetLoaderServi - Loading from file system: file:/C:/Users/moi/java-workspace/RTAIparty/target/classes/assets/textures/fille_brune.png
23:28:55.099 [FXGL Background Thread 1 ] DEBUG FXGLAssetLoaderServi - Loading from file system: file:/C:/Users/moi/java-workspace/RTAIparty/target/classes/assets/textures/background/classe.png
23:28:55.192 [FXGL Background Thread 1 ] DEBUG FXGLAssetLoaderServi - Loading from file system: file:/C:/Users/moi/java-workspace/RTAIparty/target/classes/assets/textures/tableau.png
23:28:55.224 [FXGL Background Thread 1 ] DEBUG FXGLAssetLoaderServi - Loading from file system: file:/C:/Users/moi/java-workspace/RTAIparty/target/classes/assets/textures/table.png
23:28:55.255 [FXGL Background Thread 1 ] DEBUG FXGL.DefaultMenu     - createMenuBodyGameMenu()
23:28:55.279 [FXGL Background Thread 1 ] DEBUG FXGL.DefaultMenu     - createOptionsMenu()
23:28:55.301 [FXGL Background Thread 1 ] DEBUG FXGLAssetLoaderServi - Loading from file system: jar:file:///C:/Users/moi/.m2/repository/com/github/almasb/fxgl/11.17/fxgl-11.17.jar!/fxglassets/textures/particles/smoke.png
23:28:55.510 [FXGL Background Thread 1 ] DEBUG FXGLAssetLoaderServi - Loading from file system: jar:file:///C:/Users/moi/.m2/repository/com/github/almasb/fxgl/11.17/fxgl-11.17.jar!/fxglassets/textures/particles/trace_horizontal.png
23:28:55.544 [FXGL Background Thread 1 ] DEBUG GameApplicationServi - Application scenes initialized
23:28:55.569 [FXGL Background Thread 1 ] DEBUG SystemBundleService  - Loading FXGL system data
23:28:55.579 [FXGL Background Thread 1 ] DEBUG FileSystemAccess     - Reading from: C:\Users\moi\java-workspace\RTAIparty\system\fxgl.bundle
23:28:55.589 [FXGL Background Thread 1 ] DEBUG SystemBundleService  - Bundle FXGL: {}
23:28:55.590 [FXGL Background Thread 1 ] DEBUG UpdaterService       - Checking for updates
23:28:55.602 [FXGL Background Thread 4 ] DEBUG FXGLApplication      - Loading fonts
23:28:55.604 [FXGL Background Thread 4 ] DEBUG FXGLAssetLoaderServi - Loading from file system: jar:file:///C:/Users/moi/.m2/repository/com/github/almasb/fxgl/11.17/fxgl-11.17.jar!/fxglassets/ui/fonts/VarelaRound-Regular.ttf
23:28:55.604 [FXGL Background Thread 1 ] DEBUG FXGLApplication      - Loading default localization
23:28:55.605 [FXGL Background Thread 1 ] DEBUG FXGLAssetLoaderServi - Loading from file system: jar:file:///C:/Users/moi/.m2/repository/com/github/almasb/fxgl/11.17/fxgl-11.17.jar!/fxglassets/languages/english.lang
23:28:55.656 [FXGL Background Thread 1 ] INFO  FXGLApplication      - FXGL initialization took: 1,037 sec
23:28:55.662 [JavaFX Application Thread] DEBUG Input                - Registered new binding: clic - LMB
23:28:55.675 [JavaFX Application Thread] DEBUG Input                - Registered new binding: test - E
23:28:55.676 [JavaFX Application Thread] DEBUG FXGLAssetLoaderServi - Loading from file system: jar:file:///C:/Users/moi/.m2/repository/com/github/almasb/fxgl/11.17/fxgl-11.17.jar!/fxglassets/textures/fxgl_icon.png
23:28:55.703 [JavaFX Application Thread] DEBUG FXGLAssetLoaderServi - Loading from file system: jar:file:///C:/Users/moi/.m2/repository/com/github/almasb/fxgl/11.17/fxgl-11.17.jar!/fxglassets/textures/fxgl_default_cursor.png
23:28:55.708 [JavaFX Application Thread] DEBUG Input                - Registered new binding: Screenshot - CTRL+8
23:28:55.709 [JavaFX Application Thread] DEBUG Input                - Registered new binding: System info dump - CTRL+9
23:28:55.710 [JavaFX Application Thread] DEBUG Input                - Registered new binding: Restart - CTRL+R
23:28:55.711 [JavaFX Application Thread] DEBUG Input                - Registered new binding: Toggle Debug Camera - CTRL+C
23:28:55.715 [JavaFX Application Thread] DEBUG LoopRunner           - Starting loop
23:28:55.715 [JavaFX Application Thread] DEBUG LoopRunner           - Initializing JavaFX AnimationTimerLoop
23:28:55.721 [JavaFX Application Thread] DEBUG Input                - Clearing active input actions
23:28:55.736 [JavaFX Application Thread] DEBUG GameApplicationServi - Removing overlay from FXGLStartupScene and adding to FXGLMainMenuDummyScene
23:28:55.737 [JavaFX Application Thread] DEBUG PrimaryStageWindow   - FXGLStartupScene -> FXGLMainMenuDummyScene
23:28:55.737 [JavaFX Application Thread] DEBUG PrimaryStageWindow   - Push state: RTAIpartyMainMenu
23:28:55.738 [JavaFX Application Thread] DEBUG Input                - Clearing active input actions
23:28:55.747 [JavaFX Application Thread] DEBUG GameApplicationServi - Removing overlay from FXGLMainMenuDummyScene and adding to RTAIpartyMainMenu
23:28:55.748 [JavaFX Application Thread] DEBUG PrimaryStageWindow   - FXGLMainMenuDummyScene -> RTAIpartyMainMenu
23:28:56.148 [FXGL Background Thread 4 ] DEBUG FXGLAssetLoaderServi - Loading from file system: jar:file:///C:/Users/moi/.m2/repository/com/github/almasb/fxgl/11.17/fxgl-11.17.jar!/fxglassets/ui/fonts/Abel-Regular.ttf
23:28:56.168 [FXGL Background Thread 4 ] DEBUG FXGLAssetLoaderServi - Loading from file system: jar:file:///C:/Users/moi/.m2/repository/com/github/almasb/fxgl/11.17/fxgl-11.17.jar!/fxglassets/ui/fonts/lucida_console.ttf
23:28:56.198 [FXGL Background Thread 4 ] DEBUG FXGLAssetLoaderServi - Loading from file system: jar:file:///C:/Users/moi/.m2/repository/com/github/almasb/fxgl/11.17/fxgl-11.17.jar!/fxglassets/ui/fonts/Courier-Prime.ttf
23:28:56.217 [JavaFX Application Thread] DEBUG FXGLApplication      - Registering font factories with UI factory
23:28:58.596 [FXGL Background Thread 3 ] DEBUG Engine               - Logging environment variables
23:28:58.597 [FXGL Background Thread 3 ] DEBUG Engine               - achievements: []
23:28:58.598 [FXGL Background Thread 3 ] DEBUG Engine               - actualHeight: 720.0
23:28:58.598 [FXGL Background Thread 3 ] DEBUG Engine               - actualHeightProperty: ReadOnlyDoubleProperty [value: 720.0]
23:28:58.599 [FXGL Background Thread 3 ] DEBUG Engine               - actualWidth: 1280.0
23:28:58.599 [FXGL Background Thread 3 ] DEBUG Engine               - actualWidthProperty: ReadOnlyDoubleProperty [value: 1280.0]
23:28:58.600 [FXGL Background Thread 3 ] DEBUG Engine               - appIcon: fxgl_icon.png
23:28:58.600 [FXGL Background Thread 3 ] DEBUG Engine               - applicationMode: DEVELOPER
23:28:58.601 [FXGL Background Thread 3 ] DEBUG Engine               - cSSList: [fxgl_dark.css]
23:28:58.601 [FXGL Background Thread 3 ] DEBUG Engine               - collisionDetectionStrategy: BRUTE_FORCE
23:28:58.602 [FXGL Background Thread 3 ] DEBUG Engine               - configClass: Optional.empty
23:28:58.602 [FXGL Background Thread 3 ] DEBUG Engine               - credits: []
23:28:58.603 [FXGL Background Thread 3 ] DEBUG Engine               - defaultCursor: CursorInfo(imageName=fxgl_default_cursor.png, hotspotX=7.0, hotspotY=6.0)
23:28:58.604 [FXGL Background Thread 3 ] DEBUG Engine               - devBBoxColorProperty: ObjectProperty [value: 0xff0000ff]
23:28:58.604 [FXGL Background Thread 3 ] DEBUG Engine               - devEnableDebugCameraProperty: BooleanProperty [value: false]
23:28:58.604 [FXGL Background Thread 3 ] DEBUG Engine               - devSensorColorProperty: ObjectProperty [value: 0xffff00ff]
23:28:58.605 [FXGL Background Thread 3 ] DEBUG Engine               - devShowBBoxProperty: BooleanProperty [value: false]
23:28:58.605 [FXGL Background Thread 3 ] DEBUG Engine               - devShowPositionProperty: BooleanProperty [value: false]
23:28:58.605 [FXGL Background Thread 3 ] DEBUG Engine               - enabledMenuItems: []
23:28:58.606 [FXGL Background Thread 3 ] DEBUG Engine               - engineServices: [class com.almasb.fxgl.app.services.FXGLAssetLoaderService, class com.almasb.fxgl.app.FXGLApplication$GameApplicationService, class com.almasb.fxgl.app.services.FXGLDialogService, class com.almasb.fxgl.app.services.IOTaskExecutorService, class com.almasb.fxgl.io.FileSystemService, class com.almasb.fxgl.localization.LocalizationService, class com.almasb.fxgl.app.services.SystemBundleService, class com.almasb.fxgl.profile.SaveLoadService, class com.almasb.fxgl.ui.FXGLUIFactoryServiceProvider, class com.almasb.fxgl.ui.FXGLDialogFactoryServiceProvider, class com.almasb.fxgl.audio.AudioPlayer, class com.almasb.fxgl.notification.impl.NotificationServiceProvider, class com.almasb.fxgl.achievement.AchievementService, class com.almasb.fxgl.cutscene.CutsceneService, class com.almasb.fxgl.minigames.MiniGameService, class com.almasb.fxgl.net.NetService, class com.almasb.fxgl.app.services.UpdaterService, class com.almasb.fxgl.dev.DevService]
23:28:58.606 [FXGL Background Thread 3 ] DEBUG Engine               - fontGame: Abel-Regular.ttf
23:28:58.606 [FXGL Background Thread 3 ] DEBUG Engine               - fontMono: lucida_console.ttf
23:28:58.607 [FXGL Background Thread 3 ] DEBUG Engine               - fontText: Courier-Prime.ttf
23:28:58.607 [FXGL Background Thread 3 ] DEBUG Engine               - fontUI: VarelaRound-Regular.ttf
23:28:58.608 [FXGL Background Thread 3 ] DEBUG Engine               - fullScreen: BooleanProperty [value: false]
23:28:58.608 [FXGL Background Thread 3 ] DEBUG Engine               - gameDifficulty: MEDIUM
23:28:58.608 [FXGL Background Thread 3 ] DEBUG Engine               - gameDifficultyProperty: ObjectProperty [value: MEDIUM]
23:28:58.609 [FXGL Background Thread 3 ] DEBUG Engine               - globalMusicVolume: 0.5
23:28:58.609 [FXGL Background Thread 3 ] DEBUG Engine               - globalMusicVolumeProperty: DoubleProperty [value: 0.5]
23:28:58.609 [FXGL Background Thread 3 ] DEBUG Engine               - globalSoundVolume: 0.5
23:28:58.610 [FXGL Background Thread 3 ] DEBUG Engine               - globalSoundVolumeProperty: DoubleProperty [value: 0.5]
23:28:58.610 [FXGL Background Thread 3 ] DEBUG Engine               - height: 720
23:28:58.610 [FXGL Background Thread 3 ] DEBUG Engine               - is3D: false
23:28:58.610 [FXGL Background Thread 3 ] DEBUG Engine               - isAndroid: false
23:28:58.611 [FXGL Background Thread 3 ] DEBUG Engine               - isBrowser: false
23:28:58.611 [FXGL Background Thread 3 ] DEBUG Engine               - isClickFeedbackEnabled: false
23:28:58.612 [FXGL Background Thread 3 ] DEBUG Engine               - isCloseConfirmation: false
23:28:58.612 [FXGL Background Thread 3 ] DEBUG Engine               - isDesktop: true
23:28:58.612 [FXGL Background Thread 3 ] DEBUG Engine               - isDeveloperMenuEnabled: false
23:28:58.612 [FXGL Background Thread 3 ] DEBUG Engine               - isEntityPreloadEnabled: true
23:28:58.612 [FXGL Background Thread 3 ] DEBUG Engine               - isExperimentalTiledLargeMap: false
23:28:58.613 [FXGL Background Thread 3 ] DEBUG Engine               - isFileSystemWriteAllowed: true
23:28:58.613 [FXGL Background Thread 3 ] DEBUG Engine               - isFullScreenAllowed: false
23:28:58.613 [FXGL Background Thread 3 ] DEBUG Engine               - isFullScreenFromStart: false
23:28:58.613 [FXGL Background Thread 3 ] DEBUG Engine               - isGameMenuEnabled: true
23:28:58.614 [FXGL Background Thread 3 ] DEBUG Engine               - isIOS: false
23:28:58.614 [FXGL Background Thread 3 ] DEBUG Engine               - isIntroEnabled: false
23:28:58.615 [FXGL Background Thread 3 ] DEBUG Engine               - isLinux: false
23:28:58.615 [FXGL Background Thread 3 ] DEBUG Engine               - isMac: false
23:28:58.616 [FXGL Background Thread 3 ] DEBUG Engine               - isMainMenuEnabled: true
23:28:58.616 [FXGL Background Thread 3 ] DEBUG Engine               - isManualResizeEnabled: true
23:28:58.616 [FXGL Background Thread 3 ] DEBUG Engine               - isMobile: false
23:28:58.616 [FXGL Background Thread 3 ] DEBUG Engine               - isNative: false
23:28:58.617 [FXGL Background Thread 3 ] DEBUG Engine               - isPauseMusicWhenMinimized: true
23:28:58.617 [FXGL Background Thread 3 ] DEBUG Engine               - isPreserveResizeRatio: true
23:28:58.617 [FXGL Background Thread 3 ] DEBUG Engine               - isProfilingEnabled: false
23:28:58.617 [FXGL Background Thread 3 ] DEBUG Engine               - isScaleAffectedOnResize: true
23:28:58.618 [FXGL Background Thread 3 ] DEBUG Engine               - isSingleStep: false
23:28:58.618 [FXGL Background Thread 3 ] DEBUG Engine               - isUserProfileEnabled: false
23:28:58.618 [FXGL Background Thread 3 ] DEBUG Engine               - isWindows: true
23:28:58.618 [FXGL Background Thread 3 ] DEBUG Engine               - language: ObjectProperty [value: ENGLISH]
23:28:58.618 [FXGL Background Thread 3 ] DEBUG Engine               - menuKey: ESCAPE
23:28:58.619 [FXGL Background Thread 3 ] DEBUG Engine               - mouseSensitivity: 0.2
23:28:58.619 [FXGL Background Thread 3 ] DEBUG Engine               - notificationViewClass: class com.almasb.fxgl.notification.view.XboxNotificationView
23:28:58.619 [FXGL Background Thread 3 ] DEBUG Engine               - pixelsPerMeter: 50.0
23:28:58.619 [FXGL Background Thread 3 ] DEBUG Engine               - platform: WINDOWS
23:28:58.620 [FXGL Background Thread 3 ] DEBUG Engine               - prefHeightProperty: ReadOnlyDoubleProperty [value: 720.0]
23:28:58.620 [FXGL Background Thread 3 ] DEBUG Engine               - prefWidthProperty: ReadOnlyDoubleProperty [value: 1280.0]
23:28:58.620 [FXGL Background Thread 3 ] DEBUG Engine               - profileDir: profiles/
23:28:58.620 [FXGL Background Thread 3 ] DEBUG Engine               - profileName: StringProperty [value: DEFAULT]
23:28:58.621 [FXGL Background Thread 3 ] DEBUG Engine               - randomSeed: -1
23:28:58.621 [FXGL Background Thread 3 ] DEBUG Engine               - runtimeInfo: RuntimeInfo(platform=WINDOWS, version=11.17, build=16.07.2021 15.46)
23:28:58.621 [FXGL Background Thread 3 ] DEBUG Engine               - saveFileExt: sav
23:28:58.621 [FXGL Background Thread 3 ] DEBUG Engine               - scaledHeightProp$fxgl: DoubleProperty [bound, value: 720.0]
23:28:58.622 [FXGL Background Thread 3 ] DEBUG Engine               - scaledWidthProp$fxgl: DoubleProperty [bound, value: 1280.0]
23:28:58.622 [FXGL Background Thread 3 ] DEBUG Engine               - sceneFactory: ui.RTAISceneFactory@8c1c6d7
23:28:58.622 [FXGL Background Thread 3 ] DEBUG Engine               - secondsIn24h: 60
23:28:58.622 [FXGL Background Thread 3 ] DEBUG Engine               - soundMenuBack: menu/back.wav
23:28:58.622 [FXGL Background Thread 3 ] DEBUG Engine               - soundMenuPress: menu/press.wav
23:28:58.623 [FXGL Background Thread 3 ] DEBUG Engine               - soundMenuSelect: menu/select.wav
23:28:58.623 [FXGL Background Thread 3 ] DEBUG Engine               - soundNotification: core/notification.wav
23:28:58.623 [FXGL Background Thread 3 ] DEBUG Engine               - stageStyle: DECORATED
23:28:58.623 [FXGL Background Thread 3 ] DEBUG Engine               - supportedLanguages: [ENGLISH, FRENCH, GERMAN, HUNGARIAN, RUSSIAN]
23:28:58.624 [FXGL Background Thread 3 ] DEBUG Engine               - ticksPerSecond: -1
23:28:58.624 [FXGL Background Thread 3 ] DEBUG Engine               - title: RTAIparty
23:28:58.624 [FXGL Background Thread 3 ] DEBUG Engine               - urlGithub: https://github.com/AlmasB/FXGL
23:28:58.624 [FXGL Background Thread 3 ] DEBUG Engine               - urlLeaderboard: http://fxgl-top.herokuapp.com/
23:28:58.624 [FXGL Background Thread 3 ] DEBUG Engine               - urlPOM: https://raw.githubusercontent.com/AlmasB/FXGL/release/README.md
23:28:58.624 [FXGL Background Thread 3 ] DEBUG Engine               - userAppClass: class com.almasb.fxglgames.RTAIparty.RTAIpartyApp
23:28:58.625 [FXGL Background Thread 3 ] DEBUG Engine               - version: 1.0
23:28:58.625 [FXGL Background Thread 3 ] DEBUG Engine               - versionCheckDays: 7
23:28:58.625 [FXGL Background Thread 3 ] DEBUG Engine               - width: 1280
23:28:58.625 [FXGL Background Thread 3 ] DEBUG Engine               - Logging services
23:28:58.625 [FXGL Background Thread 3 ] DEBUG Engine               - class com.almasb.fxgl.app.services.FXGLAssetLoaderService
23:28:58.626 [FXGL Background Thread 3 ] DEBUG Engine               - class com.almasb.fxgl.app.FXGLApplication$GameApplicationService
23:28:58.626 [FXGL Background Thread 3 ] DEBUG Engine               - class com.almasb.fxgl.app.services.FXGLDialogService
23:28:58.626 [FXGL Background Thread 3 ] DEBUG Engine               - class com.almasb.fxgl.app.services.IOTaskExecutorService
23:28:58.626 [FXGL Background Thread 3 ] DEBUG Engine               - class com.almasb.fxgl.io.FileSystemService
23:28:58.627 [FXGL Background Thread 3 ] DEBUG Engine               - class com.almasb.fxgl.localization.LocalizationService
23:28:58.627 [FXGL Background Thread 3 ] DEBUG Engine               - class com.almasb.fxgl.app.services.SystemBundleService
23:28:58.627 [FXGL Background Thread 3 ] DEBUG Engine               - class com.almasb.fxgl.profile.SaveLoadService
23:28:58.628 [FXGL Background Thread 3 ] DEBUG Engine               - class com.almasb.fxgl.ui.FXGLUIFactoryServiceProvider
23:28:58.628 [FXGL Background Thread 3 ] DEBUG Engine               - class com.almasb.fxgl.ui.FXGLDialogFactoryServiceProvider
23:28:58.628 [FXGL Background Thread 3 ] DEBUG Engine               - class com.almasb.fxgl.audio.AudioPlayer
23:28:58.628 [FXGL Background Thread 3 ] DEBUG Engine               - class com.almasb.fxgl.notification.impl.NotificationServiceProvider
23:28:58.628 [FXGL Background Thread 3 ] DEBUG Engine               - class com.almasb.fxgl.achievement.AchievementService
23:28:58.629 [FXGL Background Thread 3 ] DEBUG Engine               - class com.almasb.fxgl.cutscene.CutsceneService
23:28:58.629 [FXGL Background Thread 3 ] DEBUG Engine               - class com.almasb.fxgl.minigames.MiniGameService
23:28:58.629 [FXGL Background Thread 3 ] DEBUG Engine               - class com.almasb.fxgl.net.NetService
23:28:58.630 [FXGL Background Thread 3 ] DEBUG Engine               - class com.almasb.fxgl.app.services.UpdaterService
23:28:58.630 [FXGL Background Thread 3 ] DEBUG Engine               - class com.almasb.fxgl.dev.DevService
23:28:59.395 [JavaFX Application Thread] DEBUG Menu                 - fireNewGame()
23:28:59.395 [JavaFX Application Thread] DEBUG GameApplicationServi - Starting new game
23:28:59.396 [JavaFX Application Thread] DEBUG PrimaryStageWindow   - Pop state: RTAIpartyMainMenu
23:28:59.396 [JavaFX Application Thread] DEBUG Input                - Clearing active input actions
23:28:59.396 [JavaFX Application Thread] DEBUG GameApplicationServi - Removing overlay from RTAIpartyMainMenu and adding to FXGLMainMenuDummyScene
23:28:59.397 [JavaFX Application Thread] DEBUG PrimaryStageWindow   - FXGLMainMenuDummyScene <- RTAIpartyMainMenu
23:28:59.397 [JavaFX Application Thread] DEBUG Input                - Clearing active input actions
23:28:59.412 [JavaFX Application Thread] DEBUG GameApplicationServi - Removing overlay from FXGLMainMenuDummyScene and adding to FXGLLoadingScene
23:28:59.413 [JavaFX Application Thread] DEBUG PrimaryStageWindow   - FXGLMainMenuDummyScene -> FXGLLoadingScene
23:28:59.413 [JavaFX Application Thread] DEBUG GameApplicationServi - Clearing previous game
23:28:59.413 [JavaFX Application Thread] DEBUG GameScene            - Clearing game scene
23:28:59.414 [JavaFX Application Thread] DEBUG GameWorld            - Clearing game world
23:28:59.414 [JavaFX Application Thread] DEBUG PhysicsWorld         - Clearing physics world
23:28:59.416 [FXGL Background Thread 2 ] DEBUG FXGLApplication      - Initializing game
23:28:59.418 [FXGL Background Thread 2 ] INFO  FXGLApplication      - Game initialization took: 0,002 sec
23:28:59.425 [JavaFX Application Thread] DEBUG Input                - Registered new binding: fin - E
23:28:59.428 [JavaFX Application Thread] DEBUG FXGLAssetLoaderServi - Loading from file system: file:/C:/Users/moi/java-workspace/RTAIparty/target/classes/assets/textures/block-bleu.png
23:29:00.261 [JavaFX Application Thread] DEBUG GameWorld            - Clearing removable entities
23:29:00.262 [JavaFX Application Thread] DEBUG GameWorld            - Setting level: com.almasb.fxgl.entity.level.Level@6e907200
23:29:00.320 [JavaFX Application Thread] DEBUG Input                - Clearing active input actions
23:29:00.384 [JavaFX Application Thread] DEBUG GameApplicationServi - Removing overlay from FXGLLoadingScene and adding to GameScene
23:29:00.385 [JavaFX Application Thread] DEBUG PrimaryStageWindow   - FXGLLoadingScene -> GameScene
23:29:00.422 [JavaFX Application Thread] DEBUG PrimaryStageWindow   - Push state: DodgeSubScene
23:29:00.422 [JavaFX Application Thread] DEBUG Input                - Clearing active input actions
23:29:00.422 [JavaFX Application Thread] DEBUG GameApplicationServi - Removing overlay from GameScene and adding to DodgeSubScene
23:29:00.422 [JavaFX Application Thread] DEBUG PrimaryStageWindow   - GameScene -> DodgeSubScene
23:29:02.898 [JavaFX Application Thread] DEBUG FXGLApplication      - Exiting FXGL
23:29:02.898 [JavaFX Application Thread] DEBUG LoopRunner           - Stopping loop
23:29:02.898 [JavaFX Application Thread] DEBUG SystemBundleService  - Saving FXGL system data
23:29:02.901 [JavaFX Application Thread] DEBUG FileSystemAccess     - Writing to: C:\Users\moi\java-workspace\RTAIparty\system\fxgl.bundle
23:29:02.904 [JavaFX Application Thread] DEBUG Async                - Shutting down background threads
23:29:02.905 [JavaFX Application Thread] DEBUG PrimaryStageWindow   - Closing main window
23:29:02.926 [JavaFX Application Thread] DEBUG Logger               - Closing Logger
