22:39:24.896 [main                     ] DEBUG Logger               - Configured Logger
22:39:24.927 [main                     ] DEBUG GameApplication      - Logging settings
Title: RTAIparty
Version: 1.0
Width: 1280
Height: 720
Fullscreen: false
Intro: false
Profiling: false
Single step:false
App Mode: DEVELOPER
Menu Key: ESCAPE
Stage Style: DECORATED
Scene Factory: class ui.RTAISceneFactory

22:39:25.357 [JavaFX Application Thread] DEBUG FXGLApplication      - Initializing FXGL
22:39:25.360 [JavaFX Application Thread] INFO  Engine               - FXGL-11+dev-SNAPSHOT (28.11.2021 18.20) on WINDOWS (J:16.0.2 FX:17.0.0.1)
22:39:25.361 [JavaFX Application Thread] DEBUG Engine               - JRE Vendor Name: Oracle Corporation
22:39:25.361 [JavaFX Application Thread] DEBUG Engine               - Running on OS: Windows 10 version 10.0
22:39:25.361 [JavaFX Application Thread] DEBUG Engine               - Architecture: amd64
22:39:25.361 [JavaFX Application Thread] INFO  Engine               - Source code and latest versions at: https://github.com/AlmasB/FXGL
22:39:25.362 [JavaFX Application Thread] INFO  Engine               -       Ask questions and discuss at: https://github.com/AlmasB/FXGL/discussions
22:39:25.362 [JavaFX Application Thread] INFO  Engine               -              Join the FXGL chat at: https://gitter.im/AlmasB/FXGL
22:39:25.534 [JavaFX Application Thread] DEBUG PrimaryStageWindow   - Creating a JavaFX scene
22:39:25.588 [JavaFX Application Thread] DEBUG PrimaryStageWindow   - Target settings size: 1280.0 x 720.0
22:39:25.588 [JavaFX Application Thread] DEBUG PrimaryStageWindow   - Scaled scene size:    1280.0 x 720.0
22:39:25.588 [JavaFX Application Thread] DEBUG PrimaryStageWindow   - Scaled ratio: (1.0, 1.0)
22:39:25.589 [JavaFX Application Thread] DEBUG PrimaryStageWindow   - Set initial scene to FXGLStartupScene
22:39:25.599 [JavaFX Application Thread] DEBUG PrimaryStageWindow   - Opening main window
22:39:25.690 [JavaFX Application Thread] DEBUG PrimaryStageWindow   - Window border size: (16.0, 39.0)
22:39:25.690 [JavaFX Application Thread] DEBUG PrimaryStageWindow   - Scaled size: 1280.0 x 720.0
22:39:25.691 [JavaFX Application Thread] DEBUG PrimaryStageWindow   - Scaled ratio: (1.0, 1.0)
22:39:25.691 [JavaFX Application Thread] DEBUG PrimaryStageWindow   - Scene size: 1280.0 x 720.0
22:39:25.691 [JavaFX Application Thread] DEBUG PrimaryStageWindow   - Stage size: 1296.0 x 759.0
22:39:25.703 [FXGL Background Thread 1 ] DEBUG Engine               - Initializing environment variables
22:39:25.814 [FXGL Background Thread 1 ] DEBUG FXGLAssetLoaderServi - User app class for loading assets: class com.almasb.fxglgames.RTAIparty.RTAIpartyApp
22:39:25.815 [FXGL Background Thread 1 ] DEBUG GameApplicationServi - Applying CSS: fxgl_dark.css
22:39:25.816 [FXGL Background Thread 1 ] DEBUG FXGLAssetLoaderServi - Loading from file system: jar:file:/C:/Users/zorm1/.m2/repository/com/github/almasb/fxgl/11+dev-SNAPSHOT/fxgl-11+dev-SNAPSHOT.jar!/fxglassets/ui/css/fxgl_dark.css
22:39:25.916 [FXGL Background Thread 1 ] DEBUG GameApplicationServi - Initializing application scenes
22:39:25.991 [FXGL Background Thread 1 ] DEBUG GameWorld            - Game world initialized
22:39:26.070 [FXGL Background Thread 1 ] DEBUG PhysicsWorld         - Physics world initialized: appHeight=720, physics.ppm=50,0
22:39:26.070 [FXGL Background Thread 1 ] DEBUG PhysicsWorld         - Using strategy: BRUTE_FORCE
22:39:26.074 [FXGL Background Thread 1 ] DEBUG GameScene            - Game scene initialized: 1280x720
22:39:26.084 [FXGL Background Thread 1 ] DEBUG FXGLAssetLoaderServi - Loading from file system: file:/C:/Users/zorm1/eclipse-workspace/RTAIparty/target/classes/assets/textures/garcon_blond.png
22:39:26.111 [FXGL Background Thread 1 ] DEBUG FXGLAssetLoaderServi - Loading from file system: file:/C:/Users/zorm1/eclipse-workspace/RTAIparty/target/classes/assets/textures/garcon_brun.png
22:39:26.112 [FXGL Background Thread 1 ] DEBUG FXGLAssetLoaderServi - Loading from file system: file:/C:/Users/zorm1/eclipse-workspace/RTAIparty/target/classes/assets/textures/fille_blonde.png
22:39:26.114 [FXGL Background Thread 1 ] DEBUG FXGLAssetLoaderServi - Loading from file system: file:/C:/Users/zorm1/eclipse-workspace/RTAIparty/target/classes/assets/textures/fille_brune.png
22:39:26.117 [FXGL Background Thread 1 ] DEBUG FXGLAssetLoaderServi - Loading from file system: file:/C:/Users/zorm1/eclipse-workspace/RTAIparty/target/classes/assets/textures/background/classe.png
22:39:26.185 [FXGL Background Thread 1 ] DEBUG FXGLAssetLoaderServi - Loading from file system: file:/C:/Users/zorm1/eclipse-workspace/RTAIparty/target/classes/assets/textures/tableau.png
22:39:26.199 [FXGL Background Thread 1 ] DEBUG FXGLAssetLoaderServi - Loading from file system: file:/C:/Users/zorm1/eclipse-workspace/RTAIparty/target/classes/assets/textures/table.png
22:39:26.223 [FXGL Background Thread 1 ] DEBUG FXGL.DefaultMenu     - createMenuBodyGameMenu()
22:39:26.238 [FXGL Background Thread 1 ] DEBUG FXGL.DefaultMenu     - createOptionsMenu()
22:39:26.245 [FXGL Background Thread 1 ] DEBUG FXGLAssetLoaderServi - Loading from file system: jar:file:/C:/Users/zorm1/.m2/repository/com/github/almasb/fxgl/11+dev-SNAPSHOT/fxgl-11+dev-SNAPSHOT.jar!/fxglassets/textures/particles/smoke.png
22:39:26.352 [FXGL Background Thread 1 ] DEBUG FXGLAssetLoaderServi - Loading from file system: jar:file:/C:/Users/zorm1/.m2/repository/com/github/almasb/fxgl/11+dev-SNAPSHOT/fxgl-11+dev-SNAPSHOT.jar!/fxglassets/textures/particles/trace_horizontal.png
22:39:26.380 [FXGL Background Thread 1 ] DEBUG GameApplicationServi - Application scenes initialized
22:39:26.395 [FXGL Background Thread 1 ] DEBUG SystemBundleService  - Loading FXGL system data
22:39:26.401 [FXGL Background Thread 1 ] DEBUG FileSystemAccess     - Reading from: C:\Users\zorm1\eclipse-workspace\RTAIparty\system\fxgl.bundle
22:39:26.409 [FXGL Background Thread 1 ] DEBUG SystemBundleService  - Bundle FXGL: {}
22:39:26.409 [FXGL Background Thread 1 ] DEBUG UpdaterService       - Checking for updates
22:39:26.417 [FXGL Background Thread 4 ] DEBUG FXGLApplication      - Loading fonts
22:39:26.418 [FXGL Background Thread 1 ] DEBUG FXGLApplication      - Loading default localization
22:39:26.418 [FXGL Background Thread 4 ] DEBUG FXGLAssetLoaderServi - Loading from file system: jar:file:/C:/Users/zorm1/.m2/repository/com/github/almasb/fxgl/11+dev-SNAPSHOT/fxgl-11+dev-SNAPSHOT.jar!/fxglassets/ui/fonts/VarelaRound-Regular.ttf
22:39:26.419 [FXGL Background Thread 1 ] DEBUG FXGLAssetLoaderServi - Loading from file system: jar:file:/C:/Users/zorm1/.m2/repository/com/github/almasb/fxgl/11+dev-SNAPSHOT/fxgl-11+dev-SNAPSHOT.jar!/fxglassets/languages/english.lang
22:39:26.444 [FXGL Background Thread 1 ] INFO  FXGLApplication      - FXGL initialization took: 0,740 sec
22:39:26.446 [JavaFX Application Thread] DEBUG FXGLAssetLoaderServi - Loading from file system: jar:file:/C:/Users/zorm1/.m2/repository/com/github/almasb/fxgl/11+dev-SNAPSHOT/fxgl-11+dev-SNAPSHOT.jar!/fxglassets/textures/fxgl_icon.png
22:39:26.470 [JavaFX Application Thread] DEBUG FXGLAssetLoaderServi - Loading from file system: jar:file:/C:/Users/zorm1/.m2/repository/com/github/almasb/fxgl/11+dev-SNAPSHOT/fxgl-11+dev-SNAPSHOT.jar!/fxglassets/textures/fxgl_default_cursor.png
22:39:26.488 [JavaFX Application Thread] DEBUG Input                - Registered new binding: Screenshot - CTRL+8
22:39:26.489 [JavaFX Application Thread] DEBUG Input                - Registered new binding: System info dump - CTRL+9
22:39:26.490 [JavaFX Application Thread] DEBUG Input                - Registered new binding: Restart - CTRL+R
22:39:26.491 [JavaFX Application Thread] DEBUG Input                - Registered new binding: Toggle Debug Camera - CTRL+7
22:39:26.494 [JavaFX Application Thread] DEBUG LoopRunner           - Starting loop
22:39:26.495 [JavaFX Application Thread] DEBUG LoopRunner           - Initializing JavaFX AnimationTimerLoop
22:39:26.499 [JavaFX Application Thread] DEBUG Input                - Clearing active input actions
22:39:26.535 [JavaFX Application Thread] DEBUG GameApplicationServi - Removing overlay from FXGLStartupScene and adding to FXGLMainMenuDummyScene
22:39:26.536 [JavaFX Application Thread] DEBUG PrimaryStageWindow   - FXGLStartupScene -> FXGLMainMenuDummyScene
22:39:26.536 [JavaFX Application Thread] DEBUG PrimaryStageWindow   - Push state: RTAIpartyMainMenu
22:39:26.536 [JavaFX Application Thread] DEBUG Input                - Clearing active input actions
22:39:26.543 [JavaFX Application Thread] DEBUG GameApplicationServi - Removing overlay from FXGLMainMenuDummyScene and adding to RTAIpartyMainMenu
22:39:26.544 [JavaFX Application Thread] DEBUG PrimaryStageWindow   - FXGLMainMenuDummyScene -> RTAIpartyMainMenu
22:39:26.651 [FXGL Background Thread 4 ] DEBUG FXGLAssetLoaderServi - Loading from file system: jar:file:/C:/Users/zorm1/.m2/repository/com/github/almasb/fxgl/11+dev-SNAPSHOT/fxgl-11+dev-SNAPSHOT.jar!/fxglassets/ui/fonts/Abel-Regular.ttf
22:39:26.677 [FXGL Background Thread 4 ] DEBUG FXGLAssetLoaderServi - Loading from file system: jar:file:/C:/Users/zorm1/.m2/repository/com/github/almasb/fxgl/11+dev-SNAPSHOT/fxgl-11+dev-SNAPSHOT.jar!/fxglassets/ui/fonts/lucida_console.ttf
22:39:26.702 [FXGL Background Thread 4 ] DEBUG FXGLAssetLoaderServi - Loading from file system: jar:file:/C:/Users/zorm1/.m2/repository/com/github/almasb/fxgl/11+dev-SNAPSHOT/fxgl-11+dev-SNAPSHOT.jar!/fxglassets/ui/fonts/Courier-Prime.ttf
22:39:26.729 [JavaFX Application Thread] DEBUG FXGLApplication      - Registering font factories with UI factory
22:39:28.030 [FXGL Background Thread 2 ] INFO  UpdaterService       - Your current version:  11+dev-SNAPSHOT
22:39:28.031 [FXGL Background Thread 2 ] INFO  UpdaterService       - Latest stable version: 11.17
22:39:29.415 [FXGL Background Thread 3 ] DEBUG Engine               - Logging environment variables
22:39:29.416 [FXGL Background Thread 3 ] DEBUG Engine               - achievements: []
22:39:29.417 [FXGL Background Thread 3 ] DEBUG Engine               - actualHeight: 720.0
22:39:29.417 [FXGL Background Thread 3 ] DEBUG Engine               - actualHeightProperty: ReadOnlyDoubleProperty [value: 720.0]
22:39:29.418 [FXGL Background Thread 3 ] DEBUG Engine               - actualWidth: 1280.0
22:39:29.418 [FXGL Background Thread 3 ] DEBUG Engine               - actualWidthProperty: ReadOnlyDoubleProperty [value: 1280.0]
22:39:29.418 [FXGL Background Thread 3 ] DEBUG Engine               - appIcon: fxgl_icon.png
22:39:29.419 [FXGL Background Thread 3 ] DEBUG Engine               - applicationMode: DEVELOPER
22:39:29.419 [FXGL Background Thread 3 ] DEBUG Engine               - cSSList: [fxgl_dark.css]
22:39:29.420 [FXGL Background Thread 3 ] DEBUG Engine               - collisionDetectionStrategy: BRUTE_FORCE
22:39:29.420 [FXGL Background Thread 3 ] DEBUG Engine               - configClass: Optional.empty
22:39:29.420 [FXGL Background Thread 3 ] DEBUG Engine               - credits: []
22:39:29.421 [FXGL Background Thread 3 ] DEBUG Engine               - defaultCursor: CursorInfo(imageName=fxgl_default_cursor.png, hotspotX=7.0, hotspotY=6.0)
22:39:29.422 [FXGL Background Thread 3 ] DEBUG Engine               - devBBoxColorProperty: ObjectProperty [value: 0xff0000ff]
22:39:29.422 [FXGL Background Thread 3 ] DEBUG Engine               - devEnableDebugCameraProperty: BooleanProperty [value: false]
22:39:29.423 [FXGL Background Thread 3 ] DEBUG Engine               - devSensorColorProperty: ObjectProperty [value: 0xffff00ff]
22:39:29.423 [FXGL Background Thread 3 ] DEBUG Engine               - devShowBBoxProperty: BooleanProperty [value: false]
22:39:29.424 [FXGL Background Thread 3 ] DEBUG Engine               - devShowPositionProperty: BooleanProperty [value: false]
22:39:29.424 [FXGL Background Thread 3 ] DEBUG Engine               - enabledMenuItems: []
22:39:29.425 [FXGL Background Thread 3 ] DEBUG Engine               - engineServices: [class com.almasb.fxgl.app.services.FXGLAssetLoaderService, class com.almasb.fxgl.app.FXGLApplication$GameApplicationService, class com.almasb.fxgl.app.services.FXGLDialogService, class com.almasb.fxgl.app.services.IOTaskExecutorService, class com.almasb.fxgl.io.FileSystemService, class com.almasb.fxgl.localization.LocalizationService, class com.almasb.fxgl.app.services.SystemBundleService, class com.almasb.fxgl.profile.SaveLoadService, class com.almasb.fxgl.ui.FXGLUIFactoryServiceProvider, class com.almasb.fxgl.ui.FXGLDialogFactoryServiceProvider, class com.almasb.fxgl.audio.AudioPlayer, class com.almasb.fxgl.notification.impl.NotificationServiceProvider, class com.almasb.fxgl.achievement.AchievementService, class com.almasb.fxgl.cutscene.CutsceneService, class com.almasb.fxgl.minigames.MiniGameService, class com.almasb.fxgl.net.NetService, class com.almasb.fxgl.app.services.UpdaterService, class com.almasb.fxgl.dev.DevService]
22:39:29.425 [FXGL Background Thread 3 ] DEBUG Engine               - fontGame: Abel-Regular.ttf
22:39:29.425 [FXGL Background Thread 3 ] DEBUG Engine               - fontMono: lucida_console.ttf
22:39:29.426 [FXGL Background Thread 3 ] DEBUG Engine               - fontText: Courier-Prime.ttf
22:39:29.426 [FXGL Background Thread 3 ] DEBUG Engine               - fontUI: VarelaRound-Regular.ttf
22:39:29.426 [FXGL Background Thread 3 ] DEBUG Engine               - fullScreen: BooleanProperty [value: false]
22:39:29.427 [FXGL Background Thread 3 ] DEBUG Engine               - gameDifficulty: MEDIUM
22:39:29.427 [FXGL Background Thread 3 ] DEBUG Engine               - gameDifficultyProperty: ObjectProperty [value: MEDIUM]
22:39:29.428 [FXGL Background Thread 3 ] DEBUG Engine               - globalMusicVolume: 0.5
22:39:29.428 [FXGL Background Thread 3 ] DEBUG Engine               - globalMusicVolumeProperty: DoubleProperty [value: 0.5]
22:39:29.429 [FXGL Background Thread 3 ] DEBUG Engine               - globalSoundVolume: 0.5
22:39:29.429 [FXGL Background Thread 3 ] DEBUG Engine               - globalSoundVolumeProperty: DoubleProperty [value: 0.5]
22:39:29.430 [FXGL Background Thread 3 ] DEBUG Engine               - height: 720
22:39:29.430 [FXGL Background Thread 3 ] DEBUG Engine               - is3D: false
22:39:29.431 [FXGL Background Thread 3 ] DEBUG Engine               - isAndroid: false
22:39:29.431 [FXGL Background Thread 3 ] DEBUG Engine               - isBrowser: false
22:39:29.431 [FXGL Background Thread 3 ] DEBUG Engine               - isClickFeedbackEnabled: false
22:39:29.432 [FXGL Background Thread 3 ] DEBUG Engine               - isCloseConfirmation: false
22:39:29.432 [FXGL Background Thread 3 ] DEBUG Engine               - isDesktop: true
22:39:29.432 [FXGL Background Thread 3 ] DEBUG Engine               - isDeveloperMenuEnabled: false
22:39:29.433 [FXGL Background Thread 3 ] DEBUG Engine               - isEmbedded: false
22:39:29.433 [FXGL Background Thread 3 ] DEBUG Engine               - isEntityPreloadEnabled: true
22:39:29.433 [FXGL Background Thread 3 ] DEBUG Engine               - isExperimentalTiledLargeMap: false
22:39:29.434 [FXGL Background Thread 3 ] DEBUG Engine               - isFileSystemWriteAllowed: true
22:39:29.434 [FXGL Background Thread 3 ] DEBUG Engine               - isFullScreenAllowed: false
22:39:29.434 [FXGL Background Thread 3 ] DEBUG Engine               - isFullScreenFromStart: false
22:39:29.435 [FXGL Background Thread 3 ] DEBUG Engine               - isGameMenuEnabled: true
22:39:29.435 [FXGL Background Thread 3 ] DEBUG Engine               - isIOS: false
22:39:29.436 [FXGL Background Thread 3 ] DEBUG Engine               - isIntroEnabled: false
22:39:29.436 [FXGL Background Thread 3 ] DEBUG Engine               - isLinux: false
22:39:29.436 [FXGL Background Thread 3 ] DEBUG Engine               - isMac: false
22:39:29.437 [FXGL Background Thread 3 ] DEBUG Engine               - isMainMenuEnabled: true
22:39:29.437 [FXGL Background Thread 3 ] DEBUG Engine               - isManualResizeEnabled: true
22:39:29.437 [FXGL Background Thread 3 ] DEBUG Engine               - isMobile: false
22:39:29.438 [FXGL Background Thread 3 ] DEBUG Engine               - isNative: false
22:39:29.438 [FXGL Background Thread 3 ] DEBUG Engine               - isPauseMusicWhenMinimized: true
22:39:29.439 [FXGL Background Thread 3 ] DEBUG Engine               - isPreserveResizeRatio: true
22:39:29.439 [FXGL Background Thread 3 ] DEBUG Engine               - isProfilingEnabled: false
22:39:29.439 [FXGL Background Thread 3 ] DEBUG Engine               - isScaleAffectedOnResize: true
22:39:29.440 [FXGL Background Thread 3 ] DEBUG Engine               - isSingleStep: false
22:39:29.440 [FXGL Background Thread 3 ] DEBUG Engine               - isUserProfileEnabled: false
22:39:29.440 [FXGL Background Thread 3 ] DEBUG Engine               - isWindows: true
22:39:29.441 [FXGL Background Thread 3 ] DEBUG Engine               - language: ObjectProperty [value: ENGLISH]
22:39:29.441 [FXGL Background Thread 3 ] DEBUG Engine               - menuKey: ESCAPE
22:39:29.441 [FXGL Background Thread 3 ] DEBUG Engine               - mouseSensitivity: 0.2
22:39:29.442 [FXGL Background Thread 3 ] DEBUG Engine               - notificationViewClass: class com.almasb.fxgl.notification.view.XboxNotificationView
22:39:29.442 [FXGL Background Thread 3 ] DEBUG Engine               - pixelsPerMeter: 50.0
22:39:29.442 [FXGL Background Thread 3 ] DEBUG Engine               - platform: WINDOWS
22:39:29.443 [FXGL Background Thread 3 ] DEBUG Engine               - prefHeightProperty: ReadOnlyDoubleProperty [value: 720.0]
22:39:29.443 [FXGL Background Thread 3 ] DEBUG Engine               - prefWidthProperty: ReadOnlyDoubleProperty [value: 1280.0]
22:39:29.443 [FXGL Background Thread 3 ] DEBUG Engine               - profileDir: profiles/
22:39:29.444 [FXGL Background Thread 3 ] DEBUG Engine               - profileName: StringProperty [value: DEFAULT]
22:39:29.444 [FXGL Background Thread 3 ] DEBUG Engine               - randomSeed: -1
22:39:29.445 [FXGL Background Thread 3 ] DEBUG Engine               - runtimeInfo: RuntimeInfo(platform=WINDOWS, version=11+dev-SNAPSHOT, build=28.11.2021 18.20)
22:39:29.445 [FXGL Background Thread 3 ] DEBUG Engine               - saveFileExt: sav
22:39:29.446 [FXGL Background Thread 3 ] DEBUG Engine               - scaledHeightProp$fxgl: DoubleProperty [bound, value: 720.0]
22:39:29.446 [FXGL Background Thread 3 ] DEBUG Engine               - scaledWidthProp$fxgl: DoubleProperty [bound, value: 1280.0]
22:39:29.447 [FXGL Background Thread 3 ] DEBUG Engine               - sceneFactory: ui.RTAISceneFactory@17bf85b5
22:39:29.447 [FXGL Background Thread 3 ] DEBUG Engine               - secondsIn24h: 60
22:39:29.448 [FXGL Background Thread 3 ] DEBUG Engine               - soundMenuBack: menu/back.wav
22:39:29.448 [FXGL Background Thread 3 ] DEBUG Engine               - soundMenuPress: menu/press.wav
22:39:29.448 [FXGL Background Thread 3 ] DEBUG Engine               - soundMenuSelect: menu/select.wav
22:39:29.448 [FXGL Background Thread 3 ] DEBUG Engine               - soundNotification: core/notification.wav
22:39:29.449 [FXGL Background Thread 3 ] DEBUG Engine               - stageStyle: DECORATED
22:39:29.449 [FXGL Background Thread 3 ] DEBUG Engine               - supportedLanguages: [ENGLISH, FRENCH, GERMAN, HUNGARIAN, RUSSIAN]
22:39:29.449 [FXGL Background Thread 3 ] DEBUG Engine               - ticksPerSecond: -1
22:39:29.450 [FXGL Background Thread 3 ] DEBUG Engine               - title: RTAIparty
22:39:29.450 [FXGL Background Thread 3 ] DEBUG Engine               - urlGithub: https://github.com/AlmasB/FXGL
22:39:29.450 [FXGL Background Thread 3 ] DEBUG Engine               - urlLeaderboard: http://fxgl-top.herokuapp.com/
22:39:29.451 [FXGL Background Thread 3 ] DEBUG Engine               - urlPOM: https://raw.githubusercontent.com/AlmasB/FXGL/release/README.md
22:39:29.451 [FXGL Background Thread 3 ] DEBUG Engine               - userAppClass: class com.almasb.fxglgames.RTAIparty.RTAIpartyApp
22:39:29.451 [FXGL Background Thread 3 ] DEBUG Engine               - version: 1.0
22:39:29.452 [FXGL Background Thread 3 ] DEBUG Engine               - versionCheckDays: 7
22:39:29.453 [FXGL Background Thread 3 ] DEBUG Engine               - width: 1280
22:39:29.453 [FXGL Background Thread 3 ] DEBUG Engine               - Logging services
22:39:29.454 [FXGL Background Thread 3 ] DEBUG Engine               - class com.almasb.fxgl.app.services.FXGLAssetLoaderService
22:39:29.455 [FXGL Background Thread 3 ] DEBUG Engine               - class com.almasb.fxgl.app.FXGLApplication$GameApplicationService
22:39:29.455 [FXGL Background Thread 3 ] DEBUG Engine               - class com.almasb.fxgl.app.services.FXGLDialogService
22:39:29.456 [FXGL Background Thread 3 ] DEBUG Engine               - class com.almasb.fxgl.app.services.IOTaskExecutorService
22:39:29.456 [FXGL Background Thread 3 ] DEBUG Engine               - class com.almasb.fxgl.io.FileSystemService
22:39:29.457 [FXGL Background Thread 3 ] DEBUG Engine               - class com.almasb.fxgl.localization.LocalizationService
22:39:29.457 [FXGL Background Thread 3 ] DEBUG Engine               - class com.almasb.fxgl.app.services.SystemBundleService
22:39:29.457 [FXGL Background Thread 3 ] DEBUG Engine               - class com.almasb.fxgl.profile.SaveLoadService
22:39:29.458 [FXGL Background Thread 3 ] DEBUG Engine               - class com.almasb.fxgl.ui.FXGLUIFactoryServiceProvider
22:39:29.458 [FXGL Background Thread 3 ] DEBUG Engine               - class com.almasb.fxgl.ui.FXGLDialogFactoryServiceProvider
22:39:29.458 [FXGL Background Thread 3 ] DEBUG Engine               - class com.almasb.fxgl.audio.AudioPlayer
22:39:29.458 [FXGL Background Thread 3 ] DEBUG Engine               - class com.almasb.fxgl.notification.impl.NotificationServiceProvider
22:39:29.459 [FXGL Background Thread 3 ] DEBUG Engine               - class com.almasb.fxgl.achievement.AchievementService
22:39:29.460 [FXGL Background Thread 3 ] DEBUG Engine               - class com.almasb.fxgl.cutscene.CutsceneService
22:39:29.460 [FXGL Background Thread 3 ] DEBUG Engine               - class com.almasb.fxgl.minigames.MiniGameService
22:39:29.461 [FXGL Background Thread 3 ] DEBUG Engine               - class com.almasb.fxgl.net.NetService
22:39:29.461 [FXGL Background Thread 3 ] DEBUG Engine               - class com.almasb.fxgl.app.services.UpdaterService
22:39:29.462 [FXGL Background Thread 3 ] DEBUG Engine               - class com.almasb.fxgl.dev.DevService
22:39:43.712 [JavaFX Application Thread] DEBUG FXGLApplication      - Exiting FXGL
22:39:43.712 [JavaFX Application Thread] DEBUG LoopRunner           - Stopping loop
22:39:43.713 [JavaFX Application Thread] DEBUG SystemBundleService  - Saving FXGL system data
22:39:43.719 [JavaFX Application Thread] DEBUG FileSystemAccess     - Writing to: C:\Users\zorm1\eclipse-workspace\RTAIparty\system\fxgl.bundle
22:39:43.723 [JavaFX Application Thread] DEBUG Async                - Shutting down background threads
22:39:43.723 [JavaFX Application Thread] DEBUG PrimaryStageWindow   - Closing main window
22:39:43.751 [JavaFX Application Thread] DEBUG Logger               - Closing Logger
