17:05:20.458 [main                     ] DEBUG Logger               - Configured Logger
17:05:20.494 [main                     ] DEBUG GameApplication      - Logging settings
Title: RTAIparty
Version: 1.0
Width: 1280
Height: 720
Fullscreen: false
Intro: false
Profiling: false
Single step:false
App Mode: DEVELOPER
Menu Key: ESCAPE
Stage Style: DECORATED
Scene Factory: class ui.RTAISceneFactory

17:05:20.856 [JavaFX Application Thread] DEBUG FXGLApplication      - Initializing FXGL
17:05:20.858 [JavaFX Application Thread] INFO  Engine               - FXGL-11.17 (16.07.2021 15.46) on WINDOWS (J:16.0.2 FX:16)
17:05:20.859 [JavaFX Application Thread] DEBUG Engine               - JRE Vendor Name: Oracle Corporation
17:05:20.859 [JavaFX Application Thread] DEBUG Engine               - Running on OS: Windows 10 version 10.0
17:05:20.859 [JavaFX Application Thread] DEBUG Engine               - Architecture: amd64
17:05:20.860 [JavaFX Application Thread] INFO  Engine               - Source code and latest versions at: https://github.com/AlmasB/FXGL
17:05:20.860 [JavaFX Application Thread] INFO  Engine               -              Join the FXGL chat at: https://gitter.im/AlmasB/FXGL
17:05:20.969 [JavaFX Application Thread] DEBUG PrimaryStageWindow   - Creating a JavaFX scene
17:05:21.022 [JavaFX Application Thread] DEBUG PrimaryStageWindow   - Target settings size: 1280.0 x 720.0
17:05:21.023 [JavaFX Application Thread] DEBUG PrimaryStageWindow   - Scaled scene size:    1280.0 x 720.0
17:05:21.023 [JavaFX Application Thread] DEBUG PrimaryStageWindow   - Scaled ratio: (1.0, 1.0)
17:05:21.024 [JavaFX Application Thread] DEBUG PrimaryStageWindow   - Set initial scene to FXGLStartupScene
17:05:21.032 [JavaFX Application Thread] DEBUG PrimaryStageWindow   - Opening main window
17:05:21.116 [JavaFX Application Thread] DEBUG PrimaryStageWindow   - Window border size: (16.0, 39.0)
17:05:21.116 [JavaFX Application Thread] DEBUG PrimaryStageWindow   - Scaled size: 1280.0 x 720.0
17:05:21.116 [JavaFX Application Thread] DEBUG PrimaryStageWindow   - Scaled ratio: (1.0, 1.0)
17:05:21.117 [JavaFX Application Thread] DEBUG PrimaryStageWindow   - Scene size: 1280.0 x 720.0
17:05:21.117 [JavaFX Application Thread] DEBUG PrimaryStageWindow   - Stage size: 1296.0 x 759.0
17:05:21.127 [FXGL Background Thread 1 ] DEBUG Engine               - Initializing environment variables
17:05:21.218 [FXGL Background Thread 1 ] DEBUG FXGLAssetLoaderServi - User app class for loading assets: class com.almasb.fxglgames.RTAIparty.RTAIpartyApp
17:05:21.218 [FXGL Background Thread 1 ] DEBUG GameApplicationServi - Applying CSS: fxgl_dark.css
17:05:21.220 [FXGL Background Thread 1 ] DEBUG FXGLAssetLoaderServi - Loading from file system: jar:file:///C:/Users/zorm1/.m2/repository/com/github/almasb/fxgl/11.17/fxgl-11.17.jar!/fxglassets/ui/css/fxgl_dark.css
17:05:21.315 [FXGL Background Thread 1 ] DEBUG GameApplicationServi - Initializing application scenes
17:05:21.374 [FXGL Background Thread 1 ] DEBUG GameWorld            - Game world initialized
17:05:21.445 [FXGL Background Thread 1 ] DEBUG PhysicsWorld         - Physics world initialized: appHeight=720, physics.ppm=50,0
17:05:21.445 [FXGL Background Thread 1 ] DEBUG PhysicsWorld         - Using strategy: BRUTE_FORCE
17:05:21.448 [FXGL Background Thread 1 ] DEBUG GameScene            - Game scene initialized: 1280x720
17:05:21.456 [FXGL Background Thread 1 ] DEBUG FXGLAssetLoaderServi - Loading from file system: file:/C:/Users/zorm1/eclipse-workspace/RTAIparty/target/classes/assets/textures/garcon_blond.png
17:05:21.473 [FXGL Background Thread 1 ] DEBUG FXGLAssetLoaderServi - Loading from file system: file:/C:/Users/zorm1/eclipse-workspace/RTAIparty/target/classes/assets/textures/garcon_brun.png
17:05:21.475 [FXGL Background Thread 1 ] DEBUG FXGLAssetLoaderServi - Loading from file system: file:/C:/Users/zorm1/eclipse-workspace/RTAIparty/target/classes/assets/textures/fille_blonde.png
17:05:21.476 [FXGL Background Thread 1 ] DEBUG FXGLAssetLoaderServi - Loading from file system: file:/C:/Users/zorm1/eclipse-workspace/RTAIparty/target/classes/assets/textures/fille_brune.png
17:05:21.478 [FXGL Background Thread 1 ] DEBUG FXGLAssetLoaderServi - Loading from file system: file:/C:/Users/zorm1/eclipse-workspace/RTAIparty/target/classes/assets/textures/background/classe.png
17:05:21.546 [FXGL Background Thread 1 ] DEBUG FXGLAssetLoaderServi - Loading from file system: file:/C:/Users/zorm1/eclipse-workspace/RTAIparty/target/classes/assets/textures/tableau.png
17:05:21.554 [FXGL Background Thread 1 ] DEBUG FXGLAssetLoaderServi - Loading from file system: file:/C:/Users/zorm1/eclipse-workspace/RTAIparty/target/classes/assets/textures/table.png
17:05:21.572 [FXGL Background Thread 1 ] DEBUG FXGL.DefaultMenu     - createMenuBodyGameMenu()
17:05:21.594 [FXGL Background Thread 1 ] DEBUG FXGL.DefaultMenu     - createOptionsMenu()
17:05:21.606 [FXGL Background Thread 1 ] DEBUG FXGLAssetLoaderServi - Loading from file system: jar:file:///C:/Users/zorm1/.m2/repository/com/github/almasb/fxgl/11.17/fxgl-11.17.jar!/fxglassets/textures/particles/smoke.png
17:05:21.707 [FXGL Background Thread 1 ] DEBUG FXGLAssetLoaderServi - Loading from file system: jar:file:///C:/Users/zorm1/.m2/repository/com/github/almasb/fxgl/11.17/fxgl-11.17.jar!/fxglassets/textures/particles/trace_horizontal.png
17:05:21.734 [FXGL Background Thread 1 ] DEBUG GameApplicationServi - Application scenes initialized
17:05:21.746 [FXGL Background Thread 1 ] DEBUG SystemBundleService  - Loading FXGL system data
17:05:21.754 [FXGL Background Thread 1 ] DEBUG FileSystemAccess     - Reading from: C:\Users\zorm1\eclipse-workspace\RTAIparty\system\fxgl.bundle
17:05:21.763 [FXGL Background Thread 1 ] DEBUG SystemBundleService  - Bundle FXGL: {}
17:05:21.764 [FXGL Background Thread 1 ] DEBUG UpdaterService       - Checking for updates
17:05:21.770 [FXGL Background Thread 4 ] DEBUG FXGLApplication      - Loading fonts
17:05:21.770 [FXGL Background Thread 1 ] DEBUG FXGLApplication      - Loading default localization
17:05:21.770 [FXGL Background Thread 4 ] DEBUG FXGLAssetLoaderServi - Loading from file system: jar:file:///C:/Users/zorm1/.m2/repository/com/github/almasb/fxgl/11.17/fxgl-11.17.jar!/fxglassets/ui/fonts/VarelaRound-Regular.ttf
17:05:21.771 [FXGL Background Thread 1 ] DEBUG FXGLAssetLoaderServi - Loading from file system: jar:file:///C:/Users/zorm1/.m2/repository/com/github/almasb/fxgl/11.17/fxgl-11.17.jar!/fxglassets/languages/english.lang
17:05:21.789 [FXGL Background Thread 1 ] INFO  FXGLApplication      - FXGL initialization took: 0,663 sec
17:05:21.793 [JavaFX Application Thread] DEBUG Input                - Registered new binding: clic - LMB
17:05:21.807 [JavaFX Application Thread] DEBUG Input                - Registered new binding: test - E
17:05:21.808 [JavaFX Application Thread] DEBUG FXGLAssetLoaderServi - Loading from file system: jar:file:///C:/Users/zorm1/.m2/repository/com/github/almasb/fxgl/11.17/fxgl-11.17.jar!/fxglassets/textures/fxgl_icon.png
17:05:21.831 [JavaFX Application Thread] DEBUG FXGLAssetLoaderServi - Loading from file system: jar:file:///C:/Users/zorm1/.m2/repository/com/github/almasb/fxgl/11.17/fxgl-11.17.jar!/fxglassets/textures/fxgl_default_cursor.png
17:05:21.834 [JavaFX Application Thread] DEBUG Input                - Registered new binding: Screenshot - CTRL+8
17:05:21.834 [JavaFX Application Thread] DEBUG Input                - Registered new binding: System info dump - CTRL+9
17:05:21.835 [JavaFX Application Thread] DEBUG Input                - Registered new binding: Restart - CTRL+R
17:05:21.836 [JavaFX Application Thread] DEBUG Input                - Registered new binding: Toggle Debug Camera - CTRL+C
17:05:21.838 [JavaFX Application Thread] DEBUG LoopRunner           - Starting loop
17:05:21.839 [JavaFX Application Thread] DEBUG LoopRunner           - Initializing JavaFX AnimationTimerLoop
17:05:21.842 [JavaFX Application Thread] DEBUG Input                - Clearing active input actions
17:05:21.853 [JavaFX Application Thread] DEBUG GameApplicationServi - Removing overlay from FXGLStartupScene and adding to FXGLMainMenuDummyScene
17:05:21.854 [JavaFX Application Thread] DEBUG PrimaryStageWindow   - FXGLStartupScene -> FXGLMainMenuDummyScene
17:05:21.855 [JavaFX Application Thread] DEBUG PrimaryStageWindow   - Push state: RTAIpartyMainMenu
17:05:21.855 [JavaFX Application Thread] DEBUG Input                - Clearing active input actions
17:05:21.857 [FXGL Background Thread 4 ] DEBUG FXGLAssetLoaderServi - Loading from file system: jar:file:///C:/Users/zorm1/.m2/repository/com/github/almasb/fxgl/11.17/fxgl-11.17.jar!/fxglassets/ui/fonts/Abel-Regular.ttf
17:05:21.861 [JavaFX Application Thread] DEBUG GameApplicationServi - Removing overlay from FXGLMainMenuDummyScene and adding to RTAIpartyMainMenu
17:05:21.863 [JavaFX Application Thread] DEBUG PrimaryStageWindow   - FXGLMainMenuDummyScene -> RTAIpartyMainMenu
17:05:21.876 [FXGL Background Thread 4 ] DEBUG FXGLAssetLoaderServi - Loading from file system: jar:file:///C:/Users/zorm1/.m2/repository/com/github/almasb/fxgl/11.17/fxgl-11.17.jar!/fxglassets/ui/fonts/lucida_console.ttf
17:05:21.894 [FXGL Background Thread 4 ] DEBUG FXGLAssetLoaderServi - Loading from file system: jar:file:///C:/Users/zorm1/.m2/repository/com/github/almasb/fxgl/11.17/fxgl-11.17.jar!/fxglassets/ui/fonts/Courier-Prime.ttf
17:05:21.917 [JavaFX Application Thread] DEBUG FXGLApplication      - Registering font factories with UI factory
17:05:24.769 [FXGL Background Thread 3 ] DEBUG Engine               - Logging environment variables
17:05:24.769 [FXGL Background Thread 3 ] DEBUG Engine               - achievements: []
17:05:24.770 [FXGL Background Thread 3 ] DEBUG Engine               - actualHeight: 720.0
17:05:24.770 [FXGL Background Thread 3 ] DEBUG Engine               - actualHeightProperty: ReadOnlyDoubleProperty [value: 720.0]
17:05:24.770 [FXGL Background Thread 3 ] DEBUG Engine               - actualWidth: 1280.0
17:05:24.770 [FXGL Background Thread 3 ] DEBUG Engine               - actualWidthProperty: ReadOnlyDoubleProperty [value: 1280.0]
17:05:24.771 [FXGL Background Thread 3 ] DEBUG Engine               - appIcon: fxgl_icon.png
17:05:24.771 [FXGL Background Thread 3 ] DEBUG Engine               - applicationMode: DEVELOPER
17:05:24.771 [FXGL Background Thread 3 ] DEBUG Engine               - cSSList: [fxgl_dark.css]
17:05:24.771 [FXGL Background Thread 3 ] DEBUG Engine               - collisionDetectionStrategy: BRUTE_FORCE
17:05:24.771 [FXGL Background Thread 3 ] DEBUG Engine               - configClass: Optional.empty
17:05:24.771 [FXGL Background Thread 3 ] DEBUG Engine               - credits: []
17:05:24.772 [FXGL Background Thread 3 ] DEBUG Engine               - defaultCursor: CursorInfo(imageName=fxgl_default_cursor.png, hotspotX=7.0, hotspotY=6.0)
17:05:24.772 [FXGL Background Thread 3 ] DEBUG Engine               - devBBoxColorProperty: ObjectProperty [value: 0xff0000ff]
17:05:24.772 [FXGL Background Thread 3 ] DEBUG Engine               - devEnableDebugCameraProperty: BooleanProperty [value: false]
17:05:24.773 [FXGL Background Thread 3 ] DEBUG Engine               - devSensorColorProperty: ObjectProperty [value: 0xffff00ff]
17:05:24.773 [FXGL Background Thread 3 ] DEBUG Engine               - devShowBBoxProperty: BooleanProperty [value: false]
17:05:24.773 [FXGL Background Thread 3 ] DEBUG Engine               - devShowPositionProperty: BooleanProperty [value: false]
17:05:24.773 [FXGL Background Thread 3 ] DEBUG Engine               - enabledMenuItems: []
17:05:24.774 [FXGL Background Thread 3 ] DEBUG Engine               - engineServices: [class com.almasb.fxgl.app.services.FXGLAssetLoaderService, class com.almasb.fxgl.app.FXGLApplication$GameApplicationService, class com.almasb.fxgl.app.services.FXGLDialogService, class com.almasb.fxgl.app.services.IOTaskExecutorService, class com.almasb.fxgl.io.FileSystemService, class com.almasb.fxgl.localization.LocalizationService, class com.almasb.fxgl.app.services.SystemBundleService, class com.almasb.fxgl.profile.SaveLoadService, class com.almasb.fxgl.ui.FXGLUIFactoryServiceProvider, class com.almasb.fxgl.ui.FXGLDialogFactoryServiceProvider, class com.almasb.fxgl.audio.AudioPlayer, class com.almasb.fxgl.notification.impl.NotificationServiceProvider, class com.almasb.fxgl.achievement.AchievementService, class com.almasb.fxgl.cutscene.CutsceneService, class com.almasb.fxgl.minigames.MiniGameService, class com.almasb.fxgl.net.NetService, class com.almasb.fxgl.app.services.UpdaterService, class com.almasb.fxgl.dev.DevService]
17:05:24.774 [FXGL Background Thread 3 ] DEBUG Engine               - fontGame: Abel-Regular.ttf
17:05:24.774 [FXGL Background Thread 3 ] DEBUG Engine               - fontMono: lucida_console.ttf
17:05:24.774 [FXGL Background Thread 3 ] DEBUG Engine               - fontText: Courier-Prime.ttf
17:05:24.774 [FXGL Background Thread 3 ] DEBUG Engine               - fontUI: VarelaRound-Regular.ttf
17:05:24.774 [FXGL Background Thread 3 ] DEBUG Engine               - fullScreen: BooleanProperty [value: false]
17:05:24.775 [FXGL Background Thread 3 ] DEBUG Engine               - gameDifficulty: MEDIUM
17:05:24.775 [FXGL Background Thread 3 ] DEBUG Engine               - gameDifficultyProperty: ObjectProperty [value: MEDIUM]
17:05:24.775 [FXGL Background Thread 3 ] DEBUG Engine               - globalMusicVolume: 0.5
17:05:24.775 [FXGL Background Thread 3 ] DEBUG Engine               - globalMusicVolumeProperty: DoubleProperty [value: 0.5]
17:05:24.776 [FXGL Background Thread 3 ] DEBUG Engine               - globalSoundVolume: 0.5
17:05:24.776 [FXGL Background Thread 3 ] DEBUG Engine               - globalSoundVolumeProperty: DoubleProperty [value: 0.5]
17:05:24.776 [FXGL Background Thread 3 ] DEBUG Engine               - height: 720
17:05:24.777 [FXGL Background Thread 3 ] DEBUG Engine               - is3D: false
17:05:24.777 [FXGL Background Thread 3 ] DEBUG Engine               - isAndroid: false
17:05:24.777 [FXGL Background Thread 3 ] DEBUG Engine               - isBrowser: false
17:05:24.777 [FXGL Background Thread 3 ] DEBUG Engine               - isClickFeedbackEnabled: false
17:05:24.777 [FXGL Background Thread 3 ] DEBUG Engine               - isCloseConfirmation: false
17:05:24.777 [FXGL Background Thread 3 ] DEBUG Engine               - isDesktop: true
17:05:24.778 [FXGL Background Thread 3 ] DEBUG Engine               - isDeveloperMenuEnabled: false
17:05:24.778 [FXGL Background Thread 3 ] DEBUG Engine               - isEntityPreloadEnabled: true
17:05:24.778 [FXGL Background Thread 3 ] DEBUG Engine               - isExperimentalTiledLargeMap: false
17:05:24.778 [FXGL Background Thread 3 ] DEBUG Engine               - isFileSystemWriteAllowed: true
17:05:24.778 [FXGL Background Thread 3 ] DEBUG Engine               - isFullScreenAllowed: false
17:05:24.778 [FXGL Background Thread 3 ] DEBUG Engine               - isFullScreenFromStart: false
17:05:24.779 [FXGL Background Thread 3 ] DEBUG Engine               - isGameMenuEnabled: true
17:05:24.779 [FXGL Background Thread 3 ] DEBUG Engine               - isIOS: false
17:05:24.779 [FXGL Background Thread 3 ] DEBUG Engine               - isIntroEnabled: false
17:05:24.779 [FXGL Background Thread 3 ] DEBUG Engine               - isLinux: false
17:05:24.779 [FXGL Background Thread 3 ] DEBUG Engine               - isMac: false
17:05:24.780 [FXGL Background Thread 3 ] DEBUG Engine               - isMainMenuEnabled: true
17:05:24.780 [FXGL Background Thread 3 ] DEBUG Engine               - isManualResizeEnabled: true
17:05:24.780 [FXGL Background Thread 3 ] DEBUG Engine               - isMobile: false
17:05:24.780 [FXGL Background Thread 3 ] DEBUG Engine               - isNative: false
17:05:24.780 [FXGL Background Thread 3 ] DEBUG Engine               - isPauseMusicWhenMinimized: true
17:05:24.780 [FXGL Background Thread 3 ] DEBUG Engine               - isPreserveResizeRatio: true
17:05:24.781 [FXGL Background Thread 3 ] DEBUG Engine               - isProfilingEnabled: false
17:05:24.781 [FXGL Background Thread 3 ] DEBUG Engine               - isScaleAffectedOnResize: true
17:05:24.781 [FXGL Background Thread 3 ] DEBUG Engine               - isSingleStep: false
17:05:24.781 [FXGL Background Thread 3 ] DEBUG Engine               - isUserProfileEnabled: false
17:05:24.781 [FXGL Background Thread 3 ] DEBUG Engine               - isWindows: true
17:05:24.781 [FXGL Background Thread 3 ] DEBUG Engine               - language: ObjectProperty [value: ENGLISH]
17:05:24.781 [FXGL Background Thread 3 ] DEBUG Engine               - menuKey: ESCAPE
17:05:24.782 [FXGL Background Thread 3 ] DEBUG Engine               - mouseSensitivity: 0.2
17:05:24.782 [FXGL Background Thread 3 ] DEBUG Engine               - notificationViewClass: class com.almasb.fxgl.notification.view.XboxNotificationView
17:05:24.782 [FXGL Background Thread 3 ] DEBUG Engine               - pixelsPerMeter: 50.0
17:05:24.782 [FXGL Background Thread 3 ] DEBUG Engine               - platform: WINDOWS
17:05:24.782 [FXGL Background Thread 3 ] DEBUG Engine               - prefHeightProperty: ReadOnlyDoubleProperty [value: 720.0]
17:05:24.783 [FXGL Background Thread 3 ] DEBUG Engine               - prefWidthProperty: ReadOnlyDoubleProperty [value: 1280.0]
17:05:24.783 [FXGL Background Thread 3 ] DEBUG Engine               - profileDir: profiles/
17:05:24.783 [FXGL Background Thread 3 ] DEBUG Engine               - profileName: StringProperty [value: DEFAULT]
17:05:24.783 [FXGL Background Thread 3 ] DEBUG Engine               - randomSeed: -1
17:05:24.783 [FXGL Background Thread 3 ] DEBUG Engine               - runtimeInfo: RuntimeInfo(platform=WINDOWS, version=11.17, build=16.07.2021 15.46)
17:05:24.784 [FXGL Background Thread 3 ] DEBUG Engine               - saveFileExt: sav
17:05:24.784 [FXGL Background Thread 3 ] DEBUG Engine               - scaledHeightProp$fxgl: DoubleProperty [bound, value: 720.0]
17:05:24.784 [FXGL Background Thread 3 ] DEBUG Engine               - scaledWidthProp$fxgl: DoubleProperty [bound, value: 1280.0]
17:05:24.784 [FXGL Background Thread 3 ] DEBUG Engine               - sceneFactory: ui.RTAISceneFactory@2b566e19
17:05:24.784 [FXGL Background Thread 3 ] DEBUG Engine               - secondsIn24h: 60
17:05:24.784 [FXGL Background Thread 3 ] DEBUG Engine               - soundMenuBack: menu/back.wav
17:05:24.785 [FXGL Background Thread 3 ] DEBUG Engine               - soundMenuPress: menu/press.wav
17:05:24.785 [FXGL Background Thread 3 ] DEBUG Engine               - soundMenuSelect: menu/select.wav
17:05:24.785 [FXGL Background Thread 3 ] DEBUG Engine               - soundNotification: core/notification.wav
17:05:24.785 [FXGL Background Thread 3 ] DEBUG Engine               - stageStyle: DECORATED
17:05:24.786 [FXGL Background Thread 3 ] DEBUG Engine               - supportedLanguages: [ENGLISH, FRENCH, GERMAN, HUNGARIAN, RUSSIAN]
17:05:24.786 [FXGL Background Thread 3 ] DEBUG Engine               - ticksPerSecond: -1
17:05:24.786 [FXGL Background Thread 3 ] DEBUG Engine               - title: RTAIparty
17:05:24.786 [FXGL Background Thread 3 ] DEBUG Engine               - urlGithub: https://github.com/AlmasB/FXGL
17:05:24.786 [FXGL Background Thread 3 ] DEBUG Engine               - urlLeaderboard: http://fxgl-top.herokuapp.com/
17:05:24.786 [FXGL Background Thread 3 ] DEBUG Engine               - urlPOM: https://raw.githubusercontent.com/AlmasB/FXGL/release/README.md
17:05:24.787 [FXGL Background Thread 3 ] DEBUG Engine               - userAppClass: class com.almasb.fxglgames.RTAIparty.RTAIpartyApp
17:05:24.787 [FXGL Background Thread 3 ] DEBUG Engine               - version: 1.0
17:05:24.787 [FXGL Background Thread 3 ] DEBUG Engine               - versionCheckDays: 7
17:05:24.787 [FXGL Background Thread 3 ] DEBUG Engine               - width: 1280
17:05:24.787 [FXGL Background Thread 3 ] DEBUG Engine               - Logging services
17:05:24.787 [FXGL Background Thread 3 ] DEBUG Engine               - class com.almasb.fxgl.app.services.FXGLAssetLoaderService
17:05:24.788 [FXGL Background Thread 3 ] DEBUG Engine               - class com.almasb.fxgl.app.FXGLApplication$GameApplicationService
17:05:24.788 [FXGL Background Thread 3 ] DEBUG Engine               - class com.almasb.fxgl.app.services.FXGLDialogService
17:05:24.788 [FXGL Background Thread 3 ] DEBUG Engine               - class com.almasb.fxgl.app.services.IOTaskExecutorService
17:05:24.788 [FXGL Background Thread 3 ] DEBUG Engine               - class com.almasb.fxgl.io.FileSystemService
17:05:24.788 [FXGL Background Thread 3 ] DEBUG Engine               - class com.almasb.fxgl.localization.LocalizationService
17:05:24.788 [FXGL Background Thread 3 ] DEBUG Engine               - class com.almasb.fxgl.app.services.SystemBundleService
17:05:24.789 [FXGL Background Thread 3 ] DEBUG Engine               - class com.almasb.fxgl.profile.SaveLoadService
17:05:24.789 [FXGL Background Thread 3 ] DEBUG Engine               - class com.almasb.fxgl.ui.FXGLUIFactoryServiceProvider
17:05:24.789 [FXGL Background Thread 3 ] DEBUG Engine               - class com.almasb.fxgl.ui.FXGLDialogFactoryServiceProvider
17:05:24.789 [FXGL Background Thread 3 ] DEBUG Engine               - class com.almasb.fxgl.audio.AudioPlayer
17:05:24.789 [FXGL Background Thread 3 ] DEBUG Engine               - class com.almasb.fxgl.notification.impl.NotificationServiceProvider
17:05:24.789 [FXGL Background Thread 3 ] DEBUG Engine               - class com.almasb.fxgl.achievement.AchievementService
17:05:24.789 [FXGL Background Thread 3 ] DEBUG Engine               - class com.almasb.fxgl.cutscene.CutsceneService
17:05:24.789 [FXGL Background Thread 3 ] DEBUG Engine               - class com.almasb.fxgl.minigames.MiniGameService
17:05:24.790 [FXGL Background Thread 3 ] DEBUG Engine               - class com.almasb.fxgl.net.NetService
17:05:24.790 [FXGL Background Thread 3 ] DEBUG Engine               - class com.almasb.fxgl.app.services.UpdaterService
17:05:24.790 [FXGL Background Thread 3 ] DEBUG Engine               - class com.almasb.fxgl.dev.DevService
17:05:25.706 [JavaFX Application Thread] DEBUG Menu                 - fireNewGame()
17:05:25.707 [JavaFX Application Thread] DEBUG GameApplicationServi - Starting new game
17:05:25.708 [JavaFX Application Thread] DEBUG PrimaryStageWindow   - Pop state: RTAIpartyMainMenu
17:05:25.708 [JavaFX Application Thread] DEBUG Input                - Clearing active input actions
17:05:25.709 [JavaFX Application Thread] DEBUG GameApplicationServi - Removing overlay from RTAIpartyMainMenu and adding to FXGLMainMenuDummyScene
17:05:25.710 [JavaFX Application Thread] DEBUG PrimaryStageWindow   - FXGLMainMenuDummyScene <- RTAIpartyMainMenu
17:05:25.711 [JavaFX Application Thread] DEBUG Input                - Clearing active input actions
17:05:25.733 [JavaFX Application Thread] DEBUG GameApplicationServi - Removing overlay from FXGLMainMenuDummyScene and adding to FXGLLoadingScene
17:05:25.733 [JavaFX Application Thread] DEBUG PrimaryStageWindow   - FXGLMainMenuDummyScene -> FXGLLoadingScene
17:05:25.734 [JavaFX Application Thread] DEBUG GameApplicationServi - Clearing previous game
17:05:25.735 [JavaFX Application Thread] DEBUG GameScene            - Clearing game scene
17:05:25.735 [JavaFX Application Thread] DEBUG GameWorld            - Clearing game world
17:05:25.736 [JavaFX Application Thread] DEBUG PhysicsWorld         - Clearing physics world
17:05:25.740 [FXGL Background Thread 2 ] DEBUG FXGLApplication      - Initializing game
17:05:25.768 [JavaFX Application Thread] DEBUG Input                - Registered new binding: fin - E
17:05:25.768 [JavaFX Application Thread] DEBUG Input                - Registered new binding: Up - Up
17:05:25.769 [JavaFX Application Thread] DEBUG Input                - Registered new binding: Down - Down
17:05:25.770 [JavaFX Application Thread] DEBUG Input                - Registered new binding: Left - Left
17:05:25.771 [JavaFX Application Thread] DEBUG Input                - Registered new binding: Right - Right
17:05:25.778 [JavaFX Application Thread] DEBUG FXGLAssetLoaderServi - Loading from file system: file:/C:/Users/zorm1/eclipse-workspace/RTAIparty/target/classes/assets/textures/DodgeBlock.png
17:05:25.779 [FXGL Background Thread 2 ] INFO  FXGLApplication      - Game initialization took: 0,039 sec
17:05:26.440 [JavaFX Application Thread] DEBUG GameWorld            - Clearing removable entities
17:05:26.441 [JavaFX Application Thread] DEBUG GameWorld            - Setting level: com.almasb.fxgl.entity.level.Level@36014263
17:05:26.482 [JavaFX Application Thread] DEBUG Input                - Clearing active input actions
17:05:26.564 [JavaFX Application Thread] DEBUG GameApplicationServi - Removing overlay from FXGLLoadingScene and adding to GameScene
17:05:26.565 [JavaFX Application Thread] DEBUG PrimaryStageWindow   - FXGLLoadingScene -> GameScene
17:05:26.603 [JavaFX Application Thread] DEBUG PrimaryStageWindow   - Push state: DodgeSubScene
17:05:26.603 [JavaFX Application Thread] DEBUG Input                - Clearing active input actions
17:05:26.603 [JavaFX Application Thread] DEBUG GameApplicationServi - Removing overlay from GameScene and adding to DodgeSubScene
17:05:26.604 [JavaFX Application Thread] DEBUG PrimaryStageWindow   - GameScene -> DodgeSubScene
17:07:36.952 [JavaFX Application Thread] DEBUG FXGLApplication      - Exiting FXGL
17:07:36.952 [JavaFX Application Thread] DEBUG LoopRunner           - Stopping loop
17:07:36.953 [JavaFX Application Thread] DEBUG SystemBundleService  - Saving FXGL system data
17:07:36.959 [JavaFX Application Thread] DEBUG FileSystemAccess     - Writing to: C:\Users\zorm1\eclipse-workspace\RTAIparty\system\fxgl.bundle
17:07:36.965 [JavaFX Application Thread] DEBUG Async                - Shutting down background threads
17:07:36.966 [JavaFX Application Thread] DEBUG PrimaryStageWindow   - Closing main window
17:07:37.011 [JavaFX Application Thread] DEBUG Logger               - Closing Logger
