14:39:11.952 [main                     ] DEBUG Logger               - Configured Logger
14:39:11.988 [main                     ] DEBUG GameApplication      - Logging settings
Title: RTAIparty
Version: 1.0
Width: 1280
Height: 720
Fullscreen: false
Intro: false
Profiling: false
Single step:false
App Mode: DEVELOPER
Menu Key: ESCAPE
Stage Style: DECORATED
Scene Factory: class ui.RTAISceneFactory

14:39:12.389 [JavaFX Application Thread] DEBUG FXGLApplication      - Initializing FXGL
14:39:12.391 [JavaFX Application Thread] INFO  Engine               - FXGL-11.17 (16.07.2021 15.46) on WINDOWS (J:16.0.2 FX:16)
14:39:12.393 [JavaFX Application Thread] DEBUG Engine               - JRE Vendor Name: Oracle Corporation
14:39:12.393 [JavaFX Application Thread] DEBUG Engine               - Running on OS: Windows 10 version 10.0
14:39:12.393 [JavaFX Application Thread] DEBUG Engine               - Architecture: amd64
14:39:12.394 [JavaFX Application Thread] INFO  Engine               - Source code and latest versions at: https://github.com/AlmasB/FXGL
14:39:12.394 [JavaFX Application Thread] INFO  Engine               -              Join the FXGL chat at: https://gitter.im/AlmasB/FXGL
14:39:12.507 [JavaFX Application Thread] DEBUG PrimaryStageWindow   - Creating a JavaFX scene
14:39:12.564 [JavaFX Application Thread] DEBUG PrimaryStageWindow   - Target settings size: 1280.0 x 720.0
14:39:12.565 [JavaFX Application Thread] DEBUG PrimaryStageWindow   - Scaled scene size:    1280.0 x 720.0
14:39:12.565 [JavaFX Application Thread] DEBUG PrimaryStageWindow   - Scaled ratio: (1.0, 1.0)
14:39:12.567 [JavaFX Application Thread] DEBUG PrimaryStageWindow   - Set initial scene to FXGLStartupScene
14:39:12.576 [JavaFX Application Thread] DEBUG PrimaryStageWindow   - Opening main window
14:39:12.671 [JavaFX Application Thread] DEBUG PrimaryStageWindow   - Window border size: (16.0, 39.0)
14:39:12.672 [JavaFX Application Thread] DEBUG PrimaryStageWindow   - Scaled size: 1280.0 x 720.0
14:39:12.672 [JavaFX Application Thread] DEBUG PrimaryStageWindow   - Scaled ratio: (1.0, 1.0)
14:39:12.672 [JavaFX Application Thread] DEBUG PrimaryStageWindow   - Scene size: 1280.0 x 720.0
14:39:12.673 [JavaFX Application Thread] DEBUG PrimaryStageWindow   - Stage size: 1296.0 x 759.0
14:39:12.682 [FXGL Background Thread 1 ] DEBUG Engine               - Initializing environment variables
14:39:12.833 [FXGL Background Thread 1 ] DEBUG FXGLAssetLoaderServi - User app class for loading assets: class com.almasb.fxglgames.RTAIparty.RTAIpartyApp
14:39:12.834 [FXGL Background Thread 1 ] DEBUG GameApplicationServi - Applying CSS: fxgl_dark.css
14:39:12.837 [FXGL Background Thread 1 ] DEBUG FXGLAssetLoaderServi - Loading from file system: jar:file:///C:/Users/zorm1/.m2/repository/com/github/almasb/fxgl/11.17/fxgl-11.17.jar!/fxglassets/ui/css/fxgl_dark.css
14:39:12.955 [FXGL Background Thread 1 ] DEBUG GameApplicationServi - Initializing application scenes
14:39:13.035 [FXGL Background Thread 1 ] DEBUG GameWorld            - Game world initialized
14:39:13.103 [FXGL Background Thread 1 ] DEBUG PhysicsWorld         - Physics world initialized: appHeight=720, physics.ppm=50,0
14:39:13.104 [FXGL Background Thread 1 ] DEBUG PhysicsWorld         - Using strategy: BRUTE_FORCE
14:39:13.107 [FXGL Background Thread 1 ] DEBUG GameScene            - Game scene initialized: 1280x720
14:39:13.116 [FXGL Background Thread 1 ] DEBUG FXGLAssetLoaderServi - Loading from file system: file:/C:/Users/zorm1/eclipse-workspace/RTAIparty/target/classes/assets/textures/garcon_blond.png
14:39:13.134 [FXGL Background Thread 1 ] DEBUG FXGLAssetLoaderServi - Loading from file system: file:/C:/Users/zorm1/eclipse-workspace/RTAIparty/target/classes/assets/textures/garcon_brun.png
14:39:13.136 [FXGL Background Thread 1 ] DEBUG FXGLAssetLoaderServi - Loading from file system: file:/C:/Users/zorm1/eclipse-workspace/RTAIparty/target/classes/assets/textures/fille_blonde.png
14:39:13.138 [FXGL Background Thread 1 ] DEBUG FXGLAssetLoaderServi - Loading from file system: file:/C:/Users/zorm1/eclipse-workspace/RTAIparty/target/classes/assets/textures/fille_brune.png
14:39:13.139 [FXGL Background Thread 1 ] DEBUG FXGLAssetLoaderServi - Loading from file system: file:/C:/Users/zorm1/eclipse-workspace/RTAIparty/target/classes/assets/textures/background/classe.png
14:39:13.219 [FXGL Background Thread 1 ] DEBUG FXGLAssetLoaderServi - Loading from file system: file:/C:/Users/zorm1/eclipse-workspace/RTAIparty/target/classes/assets/textures/tableau.png
14:39:13.226 [FXGL Background Thread 1 ] DEBUG FXGLAssetLoaderServi - Loading from file system: file:/C:/Users/zorm1/eclipse-workspace/RTAIparty/target/classes/assets/textures/table.png
14:39:13.244 [FXGL Background Thread 1 ] DEBUG FXGL.DefaultMenu     - createMenuBodyGameMenu()
14:39:13.258 [FXGL Background Thread 1 ] DEBUG FXGL.DefaultMenu     - createOptionsMenu()
14:39:13.268 [FXGL Background Thread 1 ] DEBUG FXGLAssetLoaderServi - Loading from file system: jar:file:///C:/Users/zorm1/.m2/repository/com/github/almasb/fxgl/11.17/fxgl-11.17.jar!/fxglassets/textures/particles/smoke.png
14:39:13.353 [FXGL Background Thread 1 ] DEBUG FXGLAssetLoaderServi - Loading from file system: jar:file:///C:/Users/zorm1/.m2/repository/com/github/almasb/fxgl/11.17/fxgl-11.17.jar!/fxglassets/textures/particles/trace_horizontal.png
14:39:13.374 [FXGL Background Thread 1 ] DEBUG GameApplicationServi - Application scenes initialized
14:39:13.384 [FXGL Background Thread 1 ] DEBUG SystemBundleService  - Loading FXGL system data
14:39:13.389 [FXGL Background Thread 1 ] DEBUG FileSystemAccess     - Reading from: C:\Users\zorm1\eclipse-workspace\RTAIparty\system\fxgl.bundle
14:39:13.397 [FXGL Background Thread 1 ] DEBUG SystemBundleService  - Bundle FXGL: {}
14:39:13.397 [FXGL Background Thread 1 ] DEBUG UpdaterService       - Checking for updates
14:39:13.401 [FXGL Background Thread 4 ] DEBUG FXGLApplication      - Loading fonts
14:39:13.402 [FXGL Background Thread 4 ] DEBUG FXGLAssetLoaderServi - Loading from file system: jar:file:///C:/Users/zorm1/.m2/repository/com/github/almasb/fxgl/11.17/fxgl-11.17.jar!/fxglassets/ui/fonts/VarelaRound-Regular.ttf
14:39:13.402 [FXGL Background Thread 1 ] DEBUG FXGLApplication      - Loading default localization
14:39:13.402 [FXGL Background Thread 1 ] DEBUG FXGLAssetLoaderServi - Loading from file system: jar:file:///C:/Users/zorm1/.m2/repository/com/github/almasb/fxgl/11.17/fxgl-11.17.jar!/fxglassets/languages/english.lang
14:39:13.416 [FXGL Background Thread 1 ] INFO  FXGLApplication      - FXGL initialization took: 0,734 sec
14:39:13.422 [JavaFX Application Thread] DEBUG Input                - Registered new binding: clic - LMB
14:39:13.430 [JavaFX Application Thread] DEBUG Input                - Registered new binding: test - E
14:39:13.431 [JavaFX Application Thread] DEBUG FXGLAssetLoaderServi - Loading from file system: jar:file:///C:/Users/zorm1/.m2/repository/com/github/almasb/fxgl/11.17/fxgl-11.17.jar!/fxglassets/textures/fxgl_icon.png
14:39:13.445 [JavaFX Application Thread] DEBUG FXGLAssetLoaderServi - Loading from file system: jar:file:///C:/Users/zorm1/.m2/repository/com/github/almasb/fxgl/11.17/fxgl-11.17.jar!/fxglassets/textures/fxgl_default_cursor.png
14:39:13.448 [JavaFX Application Thread] DEBUG Input                - Registered new binding: Screenshot - CTRL+8
14:39:13.449 [JavaFX Application Thread] DEBUG Input                - Registered new binding: System info dump - CTRL+9
14:39:13.449 [JavaFX Application Thread] DEBUG Input                - Registered new binding: Restart - CTRL+R
14:39:13.451 [JavaFX Application Thread] DEBUG Input                - Registered new binding: Toggle Debug Camera - CTRL+C
14:39:13.454 [JavaFX Application Thread] DEBUG LoopRunner           - Starting loop
14:39:13.454 [JavaFX Application Thread] DEBUG LoopRunner           - Initializing JavaFX AnimationTimerLoop
14:39:13.457 [JavaFX Application Thread] DEBUG Input                - Clearing active input actions
14:39:13.468 [JavaFX Application Thread] DEBUG GameApplicationServi - Removing overlay from FXGLStartupScene and adding to FXGLMainMenuDummyScene
14:39:13.469 [JavaFX Application Thread] DEBUG PrimaryStageWindow   - FXGLStartupScene -> FXGLMainMenuDummyScene
14:39:13.469 [JavaFX Application Thread] DEBUG PrimaryStageWindow   - Push state: RTAIpartyMainMenu
14:39:13.470 [JavaFX Application Thread] DEBUG Input                - Clearing active input actions
14:39:13.471 [FXGL Background Thread 4 ] DEBUG FXGLAssetLoaderServi - Loading from file system: jar:file:///C:/Users/zorm1/.m2/repository/com/github/almasb/fxgl/11.17/fxgl-11.17.jar!/fxglassets/ui/fonts/Abel-Regular.ttf
14:39:13.474 [JavaFX Application Thread] DEBUG GameApplicationServi - Removing overlay from FXGLMainMenuDummyScene and adding to RTAIpartyMainMenu
14:39:13.475 [JavaFX Application Thread] DEBUG PrimaryStageWindow   - FXGLMainMenuDummyScene -> RTAIpartyMainMenu
14:39:13.492 [FXGL Background Thread 4 ] DEBUG FXGLAssetLoaderServi - Loading from file system: jar:file:///C:/Users/zorm1/.m2/repository/com/github/almasb/fxgl/11.17/fxgl-11.17.jar!/fxglassets/ui/fonts/lucida_console.ttf
14:39:13.511 [FXGL Background Thread 4 ] DEBUG FXGLAssetLoaderServi - Loading from file system: jar:file:///C:/Users/zorm1/.m2/repository/com/github/almasb/fxgl/11.17/fxgl-11.17.jar!/fxglassets/ui/fonts/Courier-Prime.ttf
14:39:13.530 [JavaFX Application Thread] DEBUG FXGLApplication      - Registering font factories with UI factory
14:39:16.401 [FXGL Background Thread 3 ] DEBUG Engine               - Logging environment variables
14:39:16.402 [FXGL Background Thread 3 ] DEBUG Engine               - achievements: []
14:39:16.403 [FXGL Background Thread 3 ] DEBUG Engine               - actualHeight: 720.0
14:39:16.403 [FXGL Background Thread 3 ] DEBUG Engine               - actualHeightProperty: ReadOnlyDoubleProperty [value: 720.0]
14:39:16.404 [FXGL Background Thread 3 ] DEBUG Engine               - actualWidth: 1280.0
14:39:16.404 [FXGL Background Thread 3 ] DEBUG Engine               - actualWidthProperty: ReadOnlyDoubleProperty [value: 1280.0]
14:39:16.405 [FXGL Background Thread 3 ] DEBUG Engine               - appIcon: fxgl_icon.png
14:39:16.405 [FXGL Background Thread 3 ] DEBUG Engine               - applicationMode: DEVELOPER
14:39:16.405 [FXGL Background Thread 3 ] DEBUG Engine               - cSSList: [fxgl_dark.css]
14:39:16.406 [FXGL Background Thread 3 ] DEBUG Engine               - collisionDetectionStrategy: BRUTE_FORCE
14:39:16.406 [FXGL Background Thread 3 ] DEBUG Engine               - configClass: Optional.empty
14:39:16.407 [FXGL Background Thread 3 ] DEBUG Engine               - credits: []
14:39:16.408 [FXGL Background Thread 3 ] DEBUG Engine               - defaultCursor: CursorInfo(imageName=fxgl_default_cursor.png, hotspotX=7.0, hotspotY=6.0)
14:39:16.411 [FXGL Background Thread 3 ] DEBUG Engine               - devBBoxColorProperty: ObjectProperty [value: 0xff0000ff]
14:39:16.411 [FXGL Background Thread 3 ] DEBUG Engine               - devEnableDebugCameraProperty: BooleanProperty [value: false]
14:39:16.412 [FXGL Background Thread 3 ] DEBUG Engine               - devSensorColorProperty: ObjectProperty [value: 0xffff00ff]
14:39:16.413 [FXGL Background Thread 3 ] DEBUG Engine               - devShowBBoxProperty: BooleanProperty [value: false]
14:39:16.413 [FXGL Background Thread 3 ] DEBUG Engine               - devShowPositionProperty: BooleanProperty [value: false]
14:39:16.414 [FXGL Background Thread 3 ] DEBUG Engine               - enabledMenuItems: []
14:39:16.414 [FXGL Background Thread 3 ] DEBUG Engine               - engineServices: [class com.almasb.fxgl.app.services.FXGLAssetLoaderService, class com.almasb.fxgl.app.FXGLApplication$GameApplicationService, class com.almasb.fxgl.app.services.FXGLDialogService, class com.almasb.fxgl.app.services.IOTaskExecutorService, class com.almasb.fxgl.io.FileSystemService, class com.almasb.fxgl.localization.LocalizationService, class com.almasb.fxgl.app.services.SystemBundleService, class com.almasb.fxgl.profile.SaveLoadService, class com.almasb.fxgl.ui.FXGLUIFactoryServiceProvider, class com.almasb.fxgl.ui.FXGLDialogFactoryServiceProvider, class com.almasb.fxgl.audio.AudioPlayer, class com.almasb.fxgl.notification.impl.NotificationServiceProvider, class com.almasb.fxgl.achievement.AchievementService, class com.almasb.fxgl.cutscene.CutsceneService, class com.almasb.fxgl.minigames.MiniGameService, class com.almasb.fxgl.net.NetService, class com.almasb.fxgl.app.services.UpdaterService, class com.almasb.fxgl.dev.DevService]
14:39:16.415 [FXGL Background Thread 3 ] DEBUG Engine               - fontGame: Abel-Regular.ttf
14:39:16.415 [FXGL Background Thread 3 ] DEBUG Engine               - fontMono: lucida_console.ttf
14:39:16.416 [FXGL Background Thread 3 ] DEBUG Engine               - fontText: Courier-Prime.ttf
14:39:16.416 [FXGL Background Thread 3 ] DEBUG Engine               - fontUI: VarelaRound-Regular.ttf
14:39:16.417 [FXGL Background Thread 3 ] DEBUG Engine               - fullScreen: BooleanProperty [value: false]
14:39:16.417 [FXGL Background Thread 3 ] DEBUG Engine               - gameDifficulty: MEDIUM
14:39:16.417 [FXGL Background Thread 3 ] DEBUG Engine               - gameDifficultyProperty: ObjectProperty [value: MEDIUM]
14:39:16.418 [FXGL Background Thread 3 ] DEBUG Engine               - globalMusicVolume: 0.5
14:39:16.419 [FXGL Background Thread 3 ] DEBUG Engine               - globalMusicVolumeProperty: DoubleProperty [value: 0.5]
14:39:16.420 [FXGL Background Thread 3 ] DEBUG Engine               - globalSoundVolume: 0.5
14:39:16.421 [FXGL Background Thread 3 ] DEBUG Engine               - globalSoundVolumeProperty: DoubleProperty [value: 0.5]
14:39:16.421 [FXGL Background Thread 3 ] DEBUG Engine               - height: 720
14:39:16.421 [FXGL Background Thread 3 ] DEBUG Engine               - is3D: false
14:39:16.422 [FXGL Background Thread 3 ] DEBUG Engine               - isAndroid: false
14:39:16.422 [FXGL Background Thread 3 ] DEBUG Engine               - isBrowser: false
14:39:16.423 [FXGL Background Thread 3 ] DEBUG Engine               - isClickFeedbackEnabled: false
14:39:16.423 [FXGL Background Thread 3 ] DEBUG Engine               - isCloseConfirmation: false
14:39:16.423 [FXGL Background Thread 3 ] DEBUG Engine               - isDesktop: true
14:39:16.424 [FXGL Background Thread 3 ] DEBUG Engine               - isDeveloperMenuEnabled: false
14:39:16.424 [FXGL Background Thread 3 ] DEBUG Engine               - isEntityPreloadEnabled: true
14:39:16.425 [FXGL Background Thread 3 ] DEBUG Engine               - isExperimentalTiledLargeMap: false
14:39:16.425 [FXGL Background Thread 3 ] DEBUG Engine               - isFileSystemWriteAllowed: true
14:39:16.426 [FXGL Background Thread 3 ] DEBUG Engine               - isFullScreenAllowed: false
14:39:16.426 [FXGL Background Thread 3 ] DEBUG Engine               - isFullScreenFromStart: false
14:39:16.427 [FXGL Background Thread 3 ] DEBUG Engine               - isGameMenuEnabled: true
14:39:16.427 [FXGL Background Thread 3 ] DEBUG Engine               - isIOS: false
14:39:16.428 [FXGL Background Thread 3 ] DEBUG Engine               - isIntroEnabled: false
14:39:16.428 [FXGL Background Thread 3 ] DEBUG Engine               - isLinux: false
14:39:16.429 [FXGL Background Thread 3 ] DEBUG Engine               - isMac: false
14:39:16.429 [FXGL Background Thread 3 ] DEBUG Engine               - isMainMenuEnabled: true
14:39:16.429 [FXGL Background Thread 3 ] DEBUG Engine               - isManualResizeEnabled: true
14:39:16.430 [FXGL Background Thread 3 ] DEBUG Engine               - isMobile: false
14:39:16.430 [FXGL Background Thread 3 ] DEBUG Engine               - isNative: false
14:39:16.430 [FXGL Background Thread 3 ] DEBUG Engine               - isPauseMusicWhenMinimized: true
14:39:16.431 [FXGL Background Thread 3 ] DEBUG Engine               - isPreserveResizeRatio: true
14:39:16.431 [FXGL Background Thread 3 ] DEBUG Engine               - isProfilingEnabled: false
14:39:16.432 [FXGL Background Thread 3 ] DEBUG Engine               - isScaleAffectedOnResize: true
14:39:16.432 [FXGL Background Thread 3 ] DEBUG Engine               - isSingleStep: false
14:39:16.433 [FXGL Background Thread 3 ] DEBUG Engine               - isUserProfileEnabled: false
14:39:16.433 [FXGL Background Thread 3 ] DEBUG Engine               - isWindows: true
14:39:16.434 [FXGL Background Thread 3 ] DEBUG Engine               - language: ObjectProperty [value: ENGLISH]
14:39:16.434 [FXGL Background Thread 3 ] DEBUG Engine               - menuKey: ESCAPE
14:39:16.435 [FXGL Background Thread 3 ] DEBUG Engine               - mouseSensitivity: 0.2
14:39:16.435 [FXGL Background Thread 3 ] DEBUG Engine               - notificationViewClass: class com.almasb.fxgl.notification.view.XboxNotificationView
14:39:16.435 [FXGL Background Thread 3 ] DEBUG Engine               - pixelsPerMeter: 50.0
14:39:16.436 [FXGL Background Thread 3 ] DEBUG Engine               - platform: WINDOWS
14:39:16.436 [FXGL Background Thread 3 ] DEBUG Engine               - prefHeightProperty: ReadOnlyDoubleProperty [value: 720.0]
14:39:16.437 [FXGL Background Thread 3 ] DEBUG Engine               - prefWidthProperty: ReadOnlyDoubleProperty [value: 1280.0]
14:39:16.437 [FXGL Background Thread 3 ] DEBUG Engine               - profileDir: profiles/
14:39:16.437 [FXGL Background Thread 3 ] DEBUG Engine               - profileName: StringProperty [value: DEFAULT]
14:39:16.438 [FXGL Background Thread 3 ] DEBUG Engine               - randomSeed: -1
14:39:16.438 [FXGL Background Thread 3 ] DEBUG Engine               - runtimeInfo: RuntimeInfo(platform=WINDOWS, version=11.17, build=16.07.2021 15.46)
14:39:16.439 [FXGL Background Thread 3 ] DEBUG Engine               - saveFileExt: sav
14:39:16.439 [FXGL Background Thread 3 ] DEBUG Engine               - scaledHeightProp$fxgl: DoubleProperty [bound, value: 720.0]
14:39:16.440 [FXGL Background Thread 3 ] DEBUG Engine               - scaledWidthProp$fxgl: DoubleProperty [bound, value: 1280.0]
14:39:16.440 [FXGL Background Thread 3 ] DEBUG Engine               - sceneFactory: ui.RTAISceneFactory@4badf0c7
14:39:16.440 [FXGL Background Thread 3 ] DEBUG Engine               - secondsIn24h: 60
14:39:16.441 [FXGL Background Thread 3 ] DEBUG Engine               - soundMenuBack: menu/back.wav
14:39:16.441 [FXGL Background Thread 3 ] DEBUG Engine               - soundMenuPress: menu/press.wav
14:39:16.442 [FXGL Background Thread 3 ] DEBUG Engine               - soundMenuSelect: menu/select.wav
14:39:16.442 [FXGL Background Thread 3 ] DEBUG Engine               - soundNotification: core/notification.wav
14:39:16.442 [FXGL Background Thread 3 ] DEBUG Engine               - stageStyle: DECORATED
14:39:16.443 [FXGL Background Thread 3 ] DEBUG Engine               - supportedLanguages: [ENGLISH, FRENCH, GERMAN, HUNGARIAN, RUSSIAN]
14:39:16.443 [FXGL Background Thread 3 ] DEBUG Engine               - ticksPerSecond: -1
14:39:16.443 [FXGL Background Thread 3 ] DEBUG Engine               - title: RTAIparty
14:39:16.444 [FXGL Background Thread 3 ] DEBUG Engine               - urlGithub: https://github.com/AlmasB/FXGL
14:39:16.444 [FXGL Background Thread 3 ] DEBUG Engine               - urlLeaderboard: http://fxgl-top.herokuapp.com/
14:39:16.444 [FXGL Background Thread 3 ] DEBUG Engine               - urlPOM: https://raw.githubusercontent.com/AlmasB/FXGL/release/README.md
14:39:16.445 [FXGL Background Thread 3 ] DEBUG Engine               - userAppClass: class com.almasb.fxglgames.RTAIparty.RTAIpartyApp
14:39:16.445 [FXGL Background Thread 3 ] DEBUG Engine               - version: 1.0
14:39:16.446 [FXGL Background Thread 3 ] DEBUG Engine               - versionCheckDays: 7
14:39:16.446 [FXGL Background Thread 3 ] DEBUG Engine               - width: 1280
14:39:16.446 [FXGL Background Thread 3 ] DEBUG Engine               - Logging services
14:39:16.447 [FXGL Background Thread 3 ] DEBUG Engine               - class com.almasb.fxgl.app.services.FXGLAssetLoaderService
14:39:16.448 [FXGL Background Thread 3 ] DEBUG Engine               - class com.almasb.fxgl.app.FXGLApplication$GameApplicationService
14:39:16.448 [FXGL Background Thread 3 ] DEBUG Engine               - class com.almasb.fxgl.app.services.FXGLDialogService
14:39:16.448 [FXGL Background Thread 3 ] DEBUG Engine               - class com.almasb.fxgl.app.services.IOTaskExecutorService
14:39:16.449 [FXGL Background Thread 3 ] DEBUG Engine               - class com.almasb.fxgl.io.FileSystemService
14:39:16.449 [FXGL Background Thread 3 ] DEBUG Engine               - class com.almasb.fxgl.localization.LocalizationService
14:39:16.449 [FXGL Background Thread 3 ] DEBUG Engine               - class com.almasb.fxgl.app.services.SystemBundleService
14:39:16.450 [FXGL Background Thread 3 ] DEBUG Engine               - class com.almasb.fxgl.profile.SaveLoadService
14:39:16.450 [FXGL Background Thread 3 ] DEBUG Engine               - class com.almasb.fxgl.ui.FXGLUIFactoryServiceProvider
14:39:16.450 [FXGL Background Thread 3 ] DEBUG Engine               - class com.almasb.fxgl.ui.FXGLDialogFactoryServiceProvider
14:39:16.451 [FXGL Background Thread 3 ] DEBUG Engine               - class com.almasb.fxgl.audio.AudioPlayer
14:39:16.451 [FXGL Background Thread 3 ] DEBUG Engine               - class com.almasb.fxgl.notification.impl.NotificationServiceProvider
14:39:16.452 [FXGL Background Thread 3 ] DEBUG Engine               - class com.almasb.fxgl.achievement.AchievementService
14:39:16.452 [FXGL Background Thread 3 ] DEBUG Engine               - class com.almasb.fxgl.cutscene.CutsceneService
14:39:16.453 [FXGL Background Thread 3 ] DEBUG Engine               - class com.almasb.fxgl.minigames.MiniGameService
14:39:16.453 [FXGL Background Thread 3 ] DEBUG Engine               - class com.almasb.fxgl.net.NetService
14:39:16.453 [FXGL Background Thread 3 ] DEBUG Engine               - class com.almasb.fxgl.app.services.UpdaterService
14:39:16.454 [FXGL Background Thread 3 ] DEBUG Engine               - class com.almasb.fxgl.dev.DevService
14:39:50.087 [JavaFX Application Thread] DEBUG Menu                 - fireNewGame()
14:39:50.087 [JavaFX Application Thread] DEBUG GameApplicationServi - Starting new game
14:39:50.088 [JavaFX Application Thread] DEBUG PrimaryStageWindow   - Pop state: RTAIpartyMainMenu
14:39:50.088 [JavaFX Application Thread] DEBUG Input                - Clearing active input actions
14:39:50.090 [JavaFX Application Thread] DEBUG GameApplicationServi - Removing overlay from RTAIpartyMainMenu and adding to FXGLMainMenuDummyScene
14:39:50.090 [JavaFX Application Thread] DEBUG PrimaryStageWindow   - FXGLMainMenuDummyScene <- RTAIpartyMainMenu
14:39:50.091 [JavaFX Application Thread] DEBUG Input                - Clearing active input actions
14:39:50.111 [JavaFX Application Thread] DEBUG GameApplicationServi - Removing overlay from FXGLMainMenuDummyScene and adding to FXGLLoadingScene
14:39:50.112 [JavaFX Application Thread] DEBUG PrimaryStageWindow   - FXGLMainMenuDummyScene -> FXGLLoadingScene
14:39:50.112 [JavaFX Application Thread] DEBUG GameApplicationServi - Clearing previous game
14:39:50.113 [JavaFX Application Thread] DEBUG GameScene            - Clearing game scene
14:39:50.113 [JavaFX Application Thread] DEBUG GameWorld            - Clearing game world
14:39:50.113 [JavaFX Application Thread] DEBUG PhysicsWorld         - Clearing physics world
14:39:50.118 [FXGL Background Thread 2 ] DEBUG FXGLApplication      - Initializing game
14:39:50.122 [FXGL Background Thread 2 ] INFO  FXGLApplication      - Game initialization took: 0,003 sec
14:39:50.135 [JavaFX Application Thread] DEBUG Input                - Registered new binding: fin - E
14:39:50.141 [JavaFX Application Thread] DEBUG FXGLAssetLoaderServi - Loading from file system: file:/C:/Users/zorm1/eclipse-workspace/RTAIparty/target/classes/assets/textures/block-bleu.png
14:39:50.186 [JavaFX Application Thread] DEBUG GameWorld            - Clearing removable entities
14:39:50.187 [JavaFX Application Thread] DEBUG GameWorld            - Setting level: com.almasb.fxgl.entity.level.Level@7a27eba2
14:39:50.228 [JavaFX Application Thread] DEBUG Input                - Clearing active input actions
14:39:50.248 [JavaFX Application Thread] DEBUG GameApplicationServi - Removing overlay from FXGLLoadingScene and adding to GameScene
14:39:50.249 [JavaFX Application Thread] DEBUG PrimaryStageWindow   - FXGLLoadingScene -> GameScene
14:39:50.252 [JavaFX Application Thread] DEBUG PrimaryStageWindow   - Push state: DodgeSubScene
14:39:50.253 [JavaFX Application Thread] DEBUG Input                - Clearing active input actions
14:39:50.253 [JavaFX Application Thread] DEBUG GameApplicationServi - Removing overlay from GameScene and adding to DodgeSubScene
14:39:50.254 [JavaFX Application Thread] DEBUG PrimaryStageWindow   - GameScene -> DodgeSubScene
14:39:52.881 [JavaFX Application Thread] DEBUG Input                - Registered new binding: fin - E
14:39:52.902 [JavaFX Application Thread] DEBUG GameWorld            - Clearing removable entities
14:39:52.907 [JavaFX Application Thread] DEBUG GameWorld            - Setting level: com.almasb.fxgl.entity.level.Level@103f3f88
14:39:53.857 [JavaFX Application Thread] DEBUG Input                - Registered new binding: fin - E
14:39:53.878 [JavaFX Application Thread] DEBUG GameWorld            - Clearing removable entities
14:39:53.878 [JavaFX Application Thread] DEBUG GameWorld            - Setting level: com.almasb.fxgl.entity.level.Level@152ff180
14:39:54.299 [JavaFX Application Thread] DEBUG Input                - Registered new binding: fin - E
14:39:54.317 [JavaFX Application Thread] DEBUG GameWorld            - Clearing removable entities
14:39:54.318 [JavaFX Application Thread] DEBUG GameWorld            - Setting level: com.almasb.fxgl.entity.level.Level@115a0179
14:39:54.705 [JavaFX Application Thread] DEBUG Input                - Registered new binding: fin - E
14:39:54.708 [JavaFX Application Thread] DEBUG FXGLAssetLoaderServi - Loading from file system: file:/C:/Users/zorm1/eclipse-workspace/RTAIparty/target/classes/assets/textures/block-rouge.png
14:39:54.724 [JavaFX Application Thread] DEBUG GameWorld            - Clearing removable entities
14:39:54.725 [JavaFX Application Thread] DEBUG GameWorld            - Setting level: com.almasb.fxgl.entity.level.Level@4a2477a0
14:39:55.228 [JavaFX Application Thread] DEBUG Input                - Registered new binding: fin - E
14:39:55.249 [JavaFX Application Thread] DEBUG GameWorld            - Clearing removable entities
14:39:55.249 [JavaFX Application Thread] DEBUG GameWorld            - Setting level: com.almasb.fxgl.entity.level.Level@46ef199f
14:39:55.418 [JavaFX Application Thread] DEBUG Input                - Registered new binding: fin - E
14:39:55.435 [JavaFX Application Thread] DEBUG GameWorld            - Clearing removable entities
14:39:55.436 [JavaFX Application Thread] DEBUG GameWorld            - Setting level: com.almasb.fxgl.entity.level.Level@680ac24d
14:39:55.584 [JavaFX Application Thread] DEBUG Input                - Registered new binding: fin - E
14:39:55.600 [JavaFX Application Thread] DEBUG GameWorld            - Clearing removable entities
14:39:55.601 [JavaFX Application Thread] DEBUG GameWorld            - Setting level: com.almasb.fxgl.entity.level.Level@37d3f4d0
14:39:55.747 [JavaFX Application Thread] DEBUG Input                - Registered new binding: fin - E
14:39:55.749 [JavaFX Application Thread] DEBUG FXGLAssetLoaderServi - Loading from file system: file:/C:/Users/zorm1/eclipse-workspace/RTAIparty/target/classes/assets/textures/block-violet.png
14:39:55.766 [JavaFX Application Thread] DEBUG GameWorld            - Clearing removable entities
14:39:55.767 [JavaFX Application Thread] DEBUG GameWorld            - Setting level: com.almasb.fxgl.entity.level.Level@25a36075
14:39:55.885 [JavaFX Application Thread] DEBUG Input                - Registered new binding: fin - E
14:39:55.899 [JavaFX Application Thread] DEBUG GameWorld            - Clearing removable entities
14:39:55.900 [JavaFX Application Thread] DEBUG GameWorld            - Setting level: com.almasb.fxgl.entity.level.Level@1cb73df8
14:39:56.029 [JavaFX Application Thread] DEBUG Input                - Registered new binding: fin - E
14:39:56.041 [JavaFX Application Thread] DEBUG GameWorld            - Clearing removable entities
14:39:56.041 [JavaFX Application Thread] DEBUG GameWorld            - Setting level: com.almasb.fxgl.entity.level.Level@74b8a7bb
14:39:56.198 [JavaFX Application Thread] DEBUG Input                - Registered new binding: fin - E
14:39:56.211 [JavaFX Application Thread] DEBUG GameWorld            - Clearing removable entities
14:39:56.212 [JavaFX Application Thread] DEBUG GameWorld            - Setting level: com.almasb.fxgl.entity.level.Level@84a5935
14:39:56.370 [JavaFX Application Thread] DEBUG Input                - Registered new binding: fin - E
14:39:56.384 [JavaFX Application Thread] DEBUG GameWorld            - Clearing removable entities
14:39:56.384 [JavaFX Application Thread] DEBUG GameWorld            - Setting level: com.almasb.fxgl.entity.level.Level@5ab04ade
14:39:56.544 [JavaFX Application Thread] DEBUG Input                - Registered new binding: fin - E
14:39:56.559 [JavaFX Application Thread] DEBUG GameWorld            - Clearing removable entities
14:39:56.560 [JavaFX Application Thread] DEBUG GameWorld            - Setting level: com.almasb.fxgl.entity.level.Level@69c47400
14:39:56.734 [JavaFX Application Thread] DEBUG Input                - Registered new binding: fin - E
14:39:56.747 [JavaFX Application Thread] DEBUG GameWorld            - Clearing removable entities
14:39:56.748 [JavaFX Application Thread] DEBUG GameWorld            - Setting level: com.almasb.fxgl.entity.level.Level@7b7b3fe6
14:39:56.914 [JavaFX Application Thread] DEBUG Input                - Registered new binding: fin - E
14:39:56.920 [JavaFX Application Thread] DEBUG GameWorld            - Clearing removable entities
14:39:56.921 [JavaFX Application Thread] DEBUG GameWorld            - Setting level: com.almasb.fxgl.entity.level.Level@6232cbdb
14:39:57.300 [JavaFX Application Thread] DEBUG Input                - Registered new binding: fin - E
14:39:57.315 [JavaFX Application Thread] DEBUG GameWorld            - Clearing removable entities
14:39:57.316 [JavaFX Application Thread] DEBUG GameWorld            - Setting level: com.almasb.fxgl.entity.level.Level@2f7c64be
14:39:57.766 [JavaFX Application Thread] DEBUG Input                - Registered new binding: fin - E
14:39:57.783 [JavaFX Application Thread] DEBUG GameWorld            - Clearing removable entities
14:39:57.784 [JavaFX Application Thread] DEBUG GameWorld            - Setting level: com.almasb.fxgl.entity.level.Level@20e66de7
14:39:58.084 [JavaFX Application Thread] DEBUG Input                - Registered new binding: fin - E
14:39:58.097 [JavaFX Application Thread] DEBUG GameWorld            - Clearing removable entities
14:39:58.098 [JavaFX Application Thread] DEBUG GameWorld            - Setting level: com.almasb.fxgl.entity.level.Level@405e5902
14:39:58.261 [JavaFX Application Thread] DEBUG Input                - Registered new binding: fin - E
14:39:58.283 [JavaFX Application Thread] DEBUG GameWorld            - Clearing removable entities
14:39:58.283 [JavaFX Application Thread] DEBUG GameWorld            - Setting level: com.almasb.fxgl.entity.level.Level@535329d9
14:39:58.438 [JavaFX Application Thread] DEBUG Input                - Registered new binding: fin - E
14:39:58.450 [JavaFX Application Thread] DEBUG GameWorld            - Clearing removable entities
14:39:58.450 [JavaFX Application Thread] DEBUG GameWorld            - Setting level: com.almasb.fxgl.entity.level.Level@1a73d9d0
14:39:58.636 [JavaFX Application Thread] DEBUG Input                - Registered new binding: fin - E
14:39:58.652 [JavaFX Application Thread] DEBUG GameWorld            - Clearing removable entities
14:39:58.653 [JavaFX Application Thread] DEBUG GameWorld            - Setting level: com.almasb.fxgl.entity.level.Level@46a112b6
14:39:58.825 [JavaFX Application Thread] DEBUG Input                - Registered new binding: fin - E
14:39:58.838 [JavaFX Application Thread] DEBUG GameWorld            - Clearing removable entities
14:39:58.838 [JavaFX Application Thread] DEBUG GameWorld            - Setting level: com.almasb.fxgl.entity.level.Level@4d7ef30b
14:39:58.975 [JavaFX Application Thread] DEBUG Input                - Registered new binding: fin - E
14:39:58.986 [JavaFX Application Thread] DEBUG GameWorld            - Clearing removable entities
14:39:58.986 [JavaFX Application Thread] DEBUG GameWorld            - Setting level: com.almasb.fxgl.entity.level.Level@3c7b5eb
14:39:59.115 [JavaFX Application Thread] DEBUG Input                - Registered new binding: fin - E
14:39:59.126 [JavaFX Application Thread] DEBUG GameWorld            - Clearing removable entities
14:39:59.127 [JavaFX Application Thread] DEBUG GameWorld            - Setting level: com.almasb.fxgl.entity.level.Level@3abf0a2f
14:39:59.281 [JavaFX Application Thread] DEBUG Input                - Registered new binding: fin - E
14:39:59.293 [JavaFX Application Thread] DEBUG GameWorld            - Clearing removable entities
14:39:59.293 [JavaFX Application Thread] DEBUG GameWorld            - Setting level: com.almasb.fxgl.entity.level.Level@8ead9d2
14:39:59.478 [JavaFX Application Thread] DEBUG Input                - Registered new binding: fin - E
14:39:59.489 [JavaFX Application Thread] DEBUG GameWorld            - Clearing removable entities
14:39:59.489 [JavaFX Application Thread] DEBUG GameWorld            - Setting level: com.almasb.fxgl.entity.level.Level@1df34aef
14:39:59.806 [JavaFX Application Thread] DEBUG Input                - Registered new binding: fin - E
14:39:59.819 [JavaFX Application Thread] DEBUG GameWorld            - Clearing removable entities
14:39:59.820 [JavaFX Application Thread] DEBUG GameWorld            - Setting level: com.almasb.fxgl.entity.level.Level@2507e848
14:40:00.023 [JavaFX Application Thread] DEBUG Input                - Registered new binding: fin - E
14:40:00.036 [JavaFX Application Thread] DEBUG GameWorld            - Clearing removable entities
14:40:00.036 [JavaFX Application Thread] DEBUG GameWorld            - Setting level: com.almasb.fxgl.entity.level.Level@2902e51a
14:40:00.208 [JavaFX Application Thread] DEBUG Input                - Registered new binding: fin - E
14:40:00.222 [JavaFX Application Thread] DEBUG GameWorld            - Clearing removable entities
14:40:00.223 [JavaFX Application Thread] DEBUG GameWorld            - Setting level: com.almasb.fxgl.entity.level.Level@4862eafb
14:40:00.389 [JavaFX Application Thread] DEBUG Input                - Registered new binding: fin - E
14:40:00.393 [JavaFX Application Thread] DEBUG GameWorld            - Clearing removable entities
14:40:00.393 [JavaFX Application Thread] DEBUG GameWorld            - Setting level: com.almasb.fxgl.entity.level.Level@7d131042
14:40:00.563 [JavaFX Application Thread] DEBUG Input                - Registered new binding: fin - E
14:40:00.578 [JavaFX Application Thread] DEBUG GameWorld            - Clearing removable entities
14:40:00.579 [JavaFX Application Thread] DEBUG GameWorld            - Setting level: com.almasb.fxgl.entity.level.Level@1762f6f1
14:40:00.744 [JavaFX Application Thread] DEBUG Input                - Registered new binding: fin - E
14:40:00.753 [JavaFX Application Thread] DEBUG GameWorld            - Clearing removable entities
14:40:00.754 [JavaFX Application Thread] DEBUG GameWorld            - Setting level: com.almasb.fxgl.entity.level.Level@2e64dc98
14:40:00.909 [JavaFX Application Thread] DEBUG Input                - Registered new binding: fin - E
14:40:00.924 [JavaFX Application Thread] DEBUG GameWorld            - Clearing removable entities
14:40:00.924 [JavaFX Application Thread] DEBUG GameWorld            - Setting level: com.almasb.fxgl.entity.level.Level@5ef9123b
14:40:01.061 [JavaFX Application Thread] DEBUG Input                - Registered new binding: fin - E
14:40:01.066 [JavaFX Application Thread] DEBUG GameWorld            - Clearing removable entities
14:40:01.067 [JavaFX Application Thread] DEBUG GameWorld            - Setting level: com.almasb.fxgl.entity.level.Level@275ea5e6
14:40:01.276 [JavaFX Application Thread] DEBUG Input                - Registered new binding: fin - E
14:40:01.279 [JavaFX Application Thread] DEBUG GameWorld            - Clearing removable entities
14:40:01.279 [JavaFX Application Thread] DEBUG GameWorld            - Setting level: com.almasb.fxgl.entity.level.Level@45d747c1
14:40:01.474 [JavaFX Application Thread] DEBUG Input                - Registered new binding: fin - E
14:40:01.479 [JavaFX Application Thread] DEBUG GameWorld            - Clearing removable entities
14:40:01.479 [JavaFX Application Thread] DEBUG GameWorld            - Setting level: com.almasb.fxgl.entity.level.Level@23f4a89c
14:40:06.526 [JavaFX Application Thread] DEBUG FXGLApplication      - Exiting FXGL
14:40:06.527 [JavaFX Application Thread] DEBUG LoopRunner           - Stopping loop
14:40:06.528 [JavaFX Application Thread] DEBUG SystemBundleService  - Saving FXGL system data
14:40:06.532 [JavaFX Application Thread] DEBUG FileSystemAccess     - Writing to: C:\Users\zorm1\eclipse-workspace\RTAIparty\system\fxgl.bundle
14:40:06.537 [JavaFX Application Thread] DEBUG Async                - Shutting down background threads
14:40:06.537 [JavaFX Application Thread] DEBUG PrimaryStageWindow   - Closing main window
14:40:06.561 [JavaFX Application Thread] DEBUG Logger               - Closing Logger
