14:17:28.692 [main                     ] DEBUG Logger               - Configured Logger
14:17:28.726 [main                     ] DEBUG GameApplication      - Logging settings
Title: RTAIparty
Version: 1.0
Width: 1280
Height: 720
Fullscreen: false
Intro: false
Profiling: false
Single step:false
App Mode: DEVELOPER
Menu Key: ESCAPE
Stage Style: DECORATED
Scene Factory: class ui.RTAISceneFactory

14:17:29.219 [JavaFX Application Thread] DEBUG FXGLApplication      - Initializing FXGL
14:17:29.224 [JavaFX Application Thread] INFO  Engine               - FXGL-11.17 (16.07.2021 15.46) on WINDOWS (J:16.0.2 FX:16)
14:17:29.225 [JavaFX Application Thread] DEBUG Engine               - JRE Vendor Name: Oracle Corporation
14:17:29.225 [JavaFX Application Thread] DEBUG Engine               - Running on OS: Windows 10 version 10.0
14:17:29.225 [JavaFX Application Thread] DEBUG Engine               - Architecture: amd64
14:17:29.225 [JavaFX Application Thread] INFO  Engine               - Source code and latest versions at: https://github.com/AlmasB/FXGL
14:17:29.226 [JavaFX Application Thread] INFO  Engine               -              Join the FXGL chat at: https://gitter.im/AlmasB/FXGL
14:17:29.322 [JavaFX Application Thread] DEBUG PrimaryStageWindow   - Creating a JavaFX scene
14:17:29.366 [JavaFX Application Thread] DEBUG PrimaryStageWindow   - Target settings size: 1280.0 x 720.0
14:17:29.366 [JavaFX Application Thread] DEBUG PrimaryStageWindow   - Scaled scene size:    1280.0 x 720.0
14:17:29.366 [JavaFX Application Thread] DEBUG PrimaryStageWindow   - Scaled ratio: (1.0, 1.0)
14:17:29.367 [JavaFX Application Thread] DEBUG PrimaryStageWindow   - Set initial scene to FXGLStartupScene
14:17:29.373 [JavaFX Application Thread] DEBUG PrimaryStageWindow   - Opening main window
14:17:29.448 [JavaFX Application Thread] DEBUG PrimaryStageWindow   - Window border size: (16.0, 39.0)
14:17:29.448 [JavaFX Application Thread] DEBUG PrimaryStageWindow   - Scaled size: 1280.0 x 720.0
14:17:29.449 [JavaFX Application Thread] DEBUG PrimaryStageWindow   - Scaled ratio: (1.0, 1.0)
14:17:29.449 [JavaFX Application Thread] DEBUG PrimaryStageWindow   - Scene size: 1280.0 x 720.0
14:17:29.449 [JavaFX Application Thread] DEBUG PrimaryStageWindow   - Stage size: 1296.0 x 759.0
14:17:29.458 [FXGL Background Thread 1 ] DEBUG Engine               - Initializing environment variables
14:17:29.551 [FXGL Background Thread 1 ] DEBUG FXGLAssetLoaderServi - User app class for loading assets: class com.almasb.fxglgames.RTAIparty.RTAIpartyApp
14:17:29.552 [FXGL Background Thread 1 ] DEBUG GameApplicationServi - Applying CSS: fxgl_dark.css
14:17:29.554 [FXGL Background Thread 1 ] DEBUG FXGLAssetLoaderServi - Loading from file system: jar:file:///C:/Users/zorm1/.m2/repository/com/github/almasb/fxgl/11.17/fxgl-11.17.jar!/fxglassets/ui/css/fxgl_dark.css
14:17:29.665 [FXGL Background Thread 1 ] DEBUG GameApplicationServi - Initializing application scenes
14:17:29.720 [FXGL Background Thread 1 ] DEBUG GameWorld            - Game world initialized
14:17:29.774 [FXGL Background Thread 1 ] DEBUG PhysicsWorld         - Physics world initialized: appHeight=720, physics.ppm=50,0
14:17:29.775 [FXGL Background Thread 1 ] DEBUG PhysicsWorld         - Using strategy: BRUTE_FORCE
14:17:29.777 [FXGL Background Thread 1 ] DEBUG GameScene            - Game scene initialized: 1280x720
14:17:29.784 [FXGL Background Thread 1 ] DEBUG FXGLAssetLoaderServi - Loading from file system: file:/C:/Users/zorm1/eclipse-workspace/RTAIparty/target/classes/assets/textures/garcon_blond.png
14:17:29.800 [FXGL Background Thread 1 ] DEBUG FXGLAssetLoaderServi - Loading from file system: file:/C:/Users/zorm1/eclipse-workspace/RTAIparty/target/classes/assets/textures/garcon_brun.png
14:17:29.801 [FXGL Background Thread 1 ] DEBUG FXGLAssetLoaderServi - Loading from file system: file:/C:/Users/zorm1/eclipse-workspace/RTAIparty/target/classes/assets/textures/fille_blonde.png
14:17:29.802 [FXGL Background Thread 1 ] DEBUG FXGLAssetLoaderServi - Loading from file system: file:/C:/Users/zorm1/eclipse-workspace/RTAIparty/target/classes/assets/textures/fille_brune.png
14:17:29.804 [FXGL Background Thread 1 ] DEBUG FXGLAssetLoaderServi - Loading from file system: file:/C:/Users/zorm1/eclipse-workspace/RTAIparty/target/classes/assets/textures/background/classe.png
14:17:29.864 [FXGL Background Thread 1 ] DEBUG FXGLAssetLoaderServi - Loading from file system: file:/C:/Users/zorm1/eclipse-workspace/RTAIparty/target/classes/assets/textures/tableau.png
14:17:29.873 [FXGL Background Thread 1 ] DEBUG FXGLAssetLoaderServi - Loading from file system: file:/C:/Users/zorm1/eclipse-workspace/RTAIparty/target/classes/assets/textures/table.png
14:17:29.892 [FXGL Background Thread 1 ] DEBUG FXGL.DefaultMenu     - createMenuBodyGameMenu()
14:17:29.908 [FXGL Background Thread 1 ] DEBUG FXGL.DefaultMenu     - createOptionsMenu()
14:17:29.920 [FXGL Background Thread 1 ] DEBUG FXGLAssetLoaderServi - Loading from file system: jar:file:///C:/Users/zorm1/.m2/repository/com/github/almasb/fxgl/11.17/fxgl-11.17.jar!/fxglassets/textures/particles/smoke.png
14:17:30.022 [FXGL Background Thread 1 ] DEBUG FXGLAssetLoaderServi - Loading from file system: jar:file:///C:/Users/zorm1/.m2/repository/com/github/almasb/fxgl/11.17/fxgl-11.17.jar!/fxglassets/textures/particles/trace_horizontal.png
14:17:30.049 [FXGL Background Thread 1 ] DEBUG GameApplicationServi - Application scenes initialized
14:17:30.060 [FXGL Background Thread 1 ] DEBUG SystemBundleService  - Loading FXGL system data
14:17:30.070 [FXGL Background Thread 1 ] DEBUG FileSystemAccess     - Reading from: C:\Users\zorm1\eclipse-workspace\RTAIparty\system\fxgl.bundle
14:17:30.080 [FXGL Background Thread 1 ] DEBUG SystemBundleService  - Bundle FXGL: {}
14:17:30.080 [FXGL Background Thread 1 ] DEBUG UpdaterService       - Checking for updates
14:17:30.085 [FXGL Background Thread 4 ] DEBUG FXGLApplication      - Loading fonts
14:17:30.085 [FXGL Background Thread 1 ] DEBUG FXGLApplication      - Loading default localization
14:17:30.086 [FXGL Background Thread 4 ] DEBUG FXGLAssetLoaderServi - Loading from file system: jar:file:///C:/Users/zorm1/.m2/repository/com/github/almasb/fxgl/11.17/fxgl-11.17.jar!/fxglassets/ui/fonts/VarelaRound-Regular.ttf
14:17:30.086 [FXGL Background Thread 1 ] DEBUG FXGLAssetLoaderServi - Loading from file system: jar:file:///C:/Users/zorm1/.m2/repository/com/github/almasb/fxgl/11.17/fxgl-11.17.jar!/fxglassets/languages/english.lang
14:17:30.110 [FXGL Background Thread 1 ] INFO  FXGLApplication      - FXGL initialization took: 0,652 sec
14:17:30.114 [JavaFX Application Thread] DEBUG Input                - Registered new binding: clic - LMB
14:17:30.124 [JavaFX Application Thread] DEBUG Input                - Registered new binding: test - E
14:17:30.124 [JavaFX Application Thread] DEBUG FXGLAssetLoaderServi - Loading from file system: jar:file:///C:/Users/zorm1/.m2/repository/com/github/almasb/fxgl/11.17/fxgl-11.17.jar!/fxglassets/textures/fxgl_icon.png
14:17:30.145 [JavaFX Application Thread] DEBUG FXGLAssetLoaderServi - Loading from file system: jar:file:///C:/Users/zorm1/.m2/repository/com/github/almasb/fxgl/11.17/fxgl-11.17.jar!/fxglassets/textures/fxgl_default_cursor.png
14:17:30.147 [JavaFX Application Thread] DEBUG Input                - Registered new binding: Screenshot - CTRL+8
14:17:30.148 [JavaFX Application Thread] DEBUG Input                - Registered new binding: System info dump - CTRL+9
14:17:30.149 [JavaFX Application Thread] DEBUG Input                - Registered new binding: Restart - CTRL+R
14:17:30.150 [JavaFX Application Thread] DEBUG Input                - Registered new binding: Toggle Debug Camera - CTRL+C
14:17:30.152 [JavaFX Application Thread] DEBUG LoopRunner           - Starting loop
14:17:30.153 [JavaFX Application Thread] DEBUG LoopRunner           - Initializing JavaFX AnimationTimerLoop
14:17:30.156 [JavaFX Application Thread] DEBUG Input                - Clearing active input actions
14:17:30.160 [FXGL Background Thread 4 ] DEBUG FXGLAssetLoaderServi - Loading from file system: jar:file:///C:/Users/zorm1/.m2/repository/com/github/almasb/fxgl/11.17/fxgl-11.17.jar!/fxglassets/ui/fonts/Abel-Regular.ttf
14:17:30.165 [JavaFX Application Thread] DEBUG GameApplicationServi - Removing overlay from FXGLStartupScene and adding to FXGLMainMenuDummyScene
14:17:30.166 [JavaFX Application Thread] DEBUG PrimaryStageWindow   - FXGLStartupScene -> FXGLMainMenuDummyScene
14:17:30.168 [JavaFX Application Thread] DEBUG PrimaryStageWindow   - Push state: RTAIpartyMainMenu
14:17:30.168 [JavaFX Application Thread] DEBUG Input                - Clearing active input actions
14:17:30.176 [JavaFX Application Thread] DEBUG GameApplicationServi - Removing overlay from FXGLMainMenuDummyScene and adding to RTAIpartyMainMenu
14:17:30.177 [JavaFX Application Thread] DEBUG PrimaryStageWindow   - FXGLMainMenuDummyScene -> RTAIpartyMainMenu
14:17:30.179 [FXGL Background Thread 4 ] DEBUG FXGLAssetLoaderServi - Loading from file system: jar:file:///C:/Users/zorm1/.m2/repository/com/github/almasb/fxgl/11.17/fxgl-11.17.jar!/fxglassets/ui/fonts/lucida_console.ttf
14:17:30.213 [FXGL Background Thread 4 ] DEBUG FXGLAssetLoaderServi - Loading from file system: jar:file:///C:/Users/zorm1/.m2/repository/com/github/almasb/fxgl/11.17/fxgl-11.17.jar!/fxglassets/ui/fonts/Courier-Prime.ttf
14:17:30.233 [JavaFX Application Thread] DEBUG FXGLApplication      - Registering font factories with UI factory
14:17:33.084 [FXGL Background Thread 3 ] DEBUG Engine               - Logging environment variables
14:17:33.086 [FXGL Background Thread 3 ] DEBUG Engine               - achievements: []
14:17:33.086 [FXGL Background Thread 3 ] DEBUG Engine               - actualHeight: 720.0
14:17:33.087 [FXGL Background Thread 3 ] DEBUG Engine               - actualHeightProperty: ReadOnlyDoubleProperty [value: 720.0]
14:17:33.088 [FXGL Background Thread 3 ] DEBUG Engine               - actualWidth: 1280.0
14:17:33.088 [FXGL Background Thread 3 ] DEBUG Engine               - actualWidthProperty: ReadOnlyDoubleProperty [value: 1280.0]
14:17:33.089 [FXGL Background Thread 3 ] DEBUG Engine               - appIcon: fxgl_icon.png
14:17:33.089 [FXGL Background Thread 3 ] DEBUG Engine               - applicationMode: DEVELOPER
14:17:33.089 [FXGL Background Thread 3 ] DEBUG Engine               - cSSList: [fxgl_dark.css]
14:17:33.090 [FXGL Background Thread 3 ] DEBUG Engine               - collisionDetectionStrategy: BRUTE_FORCE
14:17:33.091 [FXGL Background Thread 3 ] DEBUG Engine               - configClass: Optional.empty
14:17:33.091 [FXGL Background Thread 3 ] DEBUG Engine               - credits: []
14:17:33.092 [FXGL Background Thread 3 ] DEBUG Engine               - defaultCursor: CursorInfo(imageName=fxgl_default_cursor.png, hotspotX=7.0, hotspotY=6.0)
14:17:33.093 [FXGL Background Thread 3 ] DEBUG Engine               - devBBoxColorProperty: ObjectProperty [value: 0xff0000ff]
14:17:33.093 [FXGL Background Thread 3 ] DEBUG Engine               - devEnableDebugCameraProperty: BooleanProperty [value: false]
14:17:33.094 [FXGL Background Thread 3 ] DEBUG Engine               - devSensorColorProperty: ObjectProperty [value: 0xffff00ff]
14:17:33.095 [FXGL Background Thread 3 ] DEBUG Engine               - devShowBBoxProperty: BooleanProperty [value: false]
14:17:33.095 [FXGL Background Thread 3 ] DEBUG Engine               - devShowPositionProperty: BooleanProperty [value: false]
14:17:33.096 [FXGL Background Thread 3 ] DEBUG Engine               - enabledMenuItems: []
14:17:33.096 [FXGL Background Thread 3 ] DEBUG Engine               - engineServices: [class com.almasb.fxgl.app.services.FXGLAssetLoaderService, class com.almasb.fxgl.app.FXGLApplication$GameApplicationService, class com.almasb.fxgl.app.services.FXGLDialogService, class com.almasb.fxgl.app.services.IOTaskExecutorService, class com.almasb.fxgl.io.FileSystemService, class com.almasb.fxgl.localization.LocalizationService, class com.almasb.fxgl.app.services.SystemBundleService, class com.almasb.fxgl.profile.SaveLoadService, class com.almasb.fxgl.ui.FXGLUIFactoryServiceProvider, class com.almasb.fxgl.ui.FXGLDialogFactoryServiceProvider, class com.almasb.fxgl.audio.AudioPlayer, class com.almasb.fxgl.notification.impl.NotificationServiceProvider, class com.almasb.fxgl.achievement.AchievementService, class com.almasb.fxgl.cutscene.CutsceneService, class com.almasb.fxgl.minigames.MiniGameService, class com.almasb.fxgl.net.NetService, class com.almasb.fxgl.app.services.UpdaterService, class com.almasb.fxgl.dev.DevService]
14:17:33.097 [FXGL Background Thread 3 ] DEBUG Engine               - fontGame: Abel-Regular.ttf
14:17:33.097 [FXGL Background Thread 3 ] DEBUG Engine               - fontMono: lucida_console.ttf
14:17:33.097 [FXGL Background Thread 3 ] DEBUG Engine               - fontText: Courier-Prime.ttf
14:17:33.098 [FXGL Background Thread 3 ] DEBUG Engine               - fontUI: VarelaRound-Regular.ttf
14:17:33.099 [FXGL Background Thread 3 ] DEBUG Engine               - fullScreen: BooleanProperty [value: false]
14:17:33.099 [FXGL Background Thread 3 ] DEBUG Engine               - gameDifficulty: MEDIUM
14:17:33.099 [FXGL Background Thread 3 ] DEBUG Engine               - gameDifficultyProperty: ObjectProperty [value: MEDIUM]
14:17:33.100 [FXGL Background Thread 3 ] DEBUG Engine               - globalMusicVolume: 0.5
14:17:33.100 [FXGL Background Thread 3 ] DEBUG Engine               - globalMusicVolumeProperty: DoubleProperty [value: 0.5]
14:17:33.101 [FXGL Background Thread 3 ] DEBUG Engine               - globalSoundVolume: 0.5
14:17:33.102 [FXGL Background Thread 3 ] DEBUG Engine               - globalSoundVolumeProperty: DoubleProperty [value: 0.5]
14:17:33.102 [FXGL Background Thread 3 ] DEBUG Engine               - height: 720
14:17:33.102 [FXGL Background Thread 3 ] DEBUG Engine               - is3D: false
14:17:33.103 [FXGL Background Thread 3 ] DEBUG Engine               - isAndroid: false
14:17:33.103 [FXGL Background Thread 3 ] DEBUG Engine               - isBrowser: false
14:17:33.103 [FXGL Background Thread 3 ] DEBUG Engine               - isClickFeedbackEnabled: false
14:17:33.104 [FXGL Background Thread 3 ] DEBUG Engine               - isCloseConfirmation: false
14:17:33.104 [FXGL Background Thread 3 ] DEBUG Engine               - isDesktop: true
14:17:33.105 [FXGL Background Thread 3 ] DEBUG Engine               - isDeveloperMenuEnabled: false
14:17:33.105 [FXGL Background Thread 3 ] DEBUG Engine               - isEntityPreloadEnabled: true
14:17:33.106 [FXGL Background Thread 3 ] DEBUG Engine               - isExperimentalTiledLargeMap: false
14:17:33.106 [FXGL Background Thread 3 ] DEBUG Engine               - isFileSystemWriteAllowed: true
14:17:33.106 [FXGL Background Thread 3 ] DEBUG Engine               - isFullScreenAllowed: false
14:17:33.107 [FXGL Background Thread 3 ] DEBUG Engine               - isFullScreenFromStart: false
14:17:33.107 [FXGL Background Thread 3 ] DEBUG Engine               - isGameMenuEnabled: true
14:17:33.108 [FXGL Background Thread 3 ] DEBUG Engine               - isIOS: false
14:17:33.108 [FXGL Background Thread 3 ] DEBUG Engine               - isIntroEnabled: false
14:17:33.108 [FXGL Background Thread 3 ] DEBUG Engine               - isLinux: false
14:17:33.109 [FXGL Background Thread 3 ] DEBUG Engine               - isMac: false
14:17:33.109 [FXGL Background Thread 3 ] DEBUG Engine               - isMainMenuEnabled: true
14:17:33.109 [FXGL Background Thread 3 ] DEBUG Engine               - isManualResizeEnabled: true
14:17:33.110 [FXGL Background Thread 3 ] DEBUG Engine               - isMobile: false
14:17:33.110 [FXGL Background Thread 3 ] DEBUG Engine               - isNative: false
14:17:33.111 [FXGL Background Thread 3 ] DEBUG Engine               - isPauseMusicWhenMinimized: true
14:17:33.111 [FXGL Background Thread 3 ] DEBUG Engine               - isPreserveResizeRatio: true
14:17:33.112 [FXGL Background Thread 3 ] DEBUG Engine               - isProfilingEnabled: false
14:17:33.112 [FXGL Background Thread 3 ] DEBUG Engine               - isScaleAffectedOnResize: true
14:17:33.113 [FXGL Background Thread 3 ] DEBUG Engine               - isSingleStep: false
14:17:33.113 [FXGL Background Thread 3 ] DEBUG Engine               - isUserProfileEnabled: false
14:17:33.114 [FXGL Background Thread 3 ] DEBUG Engine               - isWindows: true
14:17:33.114 [FXGL Background Thread 3 ] DEBUG Engine               - language: ObjectProperty [value: ENGLISH]
14:17:33.115 [FXGL Background Thread 3 ] DEBUG Engine               - menuKey: ESCAPE
14:17:33.115 [FXGL Background Thread 3 ] DEBUG Engine               - mouseSensitivity: 0.2
14:17:33.115 [FXGL Background Thread 3 ] DEBUG Engine               - notificationViewClass: class com.almasb.fxgl.notification.view.XboxNotificationView
14:17:33.116 [FXGL Background Thread 3 ] DEBUG Engine               - pixelsPerMeter: 50.0
14:17:33.116 [FXGL Background Thread 3 ] DEBUG Engine               - platform: WINDOWS
14:17:33.116 [FXGL Background Thread 3 ] DEBUG Engine               - prefHeightProperty: ReadOnlyDoubleProperty [value: 720.0]
14:17:33.117 [FXGL Background Thread 3 ] DEBUG Engine               - prefWidthProperty: ReadOnlyDoubleProperty [value: 1280.0]
14:17:33.117 [FXGL Background Thread 3 ] DEBUG Engine               - profileDir: profiles/
14:17:33.117 [FXGL Background Thread 3 ] DEBUG Engine               - profileName: StringProperty [value: DEFAULT]
14:17:33.118 [FXGL Background Thread 3 ] DEBUG Engine               - randomSeed: -1
14:17:33.118 [FXGL Background Thread 3 ] DEBUG Engine               - runtimeInfo: RuntimeInfo(platform=WINDOWS, version=11.17, build=16.07.2021 15.46)
14:17:33.119 [FXGL Background Thread 3 ] DEBUG Engine               - saveFileExt: sav
14:17:33.119 [FXGL Background Thread 3 ] DEBUG Engine               - scaledHeightProp$fxgl: DoubleProperty [bound, value: 720.0]
14:17:33.120 [FXGL Background Thread 3 ] DEBUG Engine               - scaledWidthProp$fxgl: DoubleProperty [bound, value: 1280.0]
14:17:33.120 [FXGL Background Thread 3 ] DEBUG Engine               - sceneFactory: ui.RTAISceneFactory@65c2a5da
14:17:33.120 [FXGL Background Thread 3 ] DEBUG Engine               - secondsIn24h: 60
14:17:33.121 [FXGL Background Thread 3 ] DEBUG Engine               - soundMenuBack: menu/back.wav
14:17:33.121 [FXGL Background Thread 3 ] DEBUG Engine               - soundMenuPress: menu/press.wav
14:17:33.121 [FXGL Background Thread 3 ] DEBUG Engine               - soundMenuSelect: menu/select.wav
14:17:33.122 [FXGL Background Thread 3 ] DEBUG Engine               - soundNotification: core/notification.wav
14:17:33.122 [FXGL Background Thread 3 ] DEBUG Engine               - stageStyle: DECORATED
14:17:33.123 [FXGL Background Thread 3 ] DEBUG Engine               - supportedLanguages: [ENGLISH, FRENCH, GERMAN, HUNGARIAN, RUSSIAN]
14:17:33.123 [FXGL Background Thread 3 ] DEBUG Engine               - ticksPerSecond: -1
14:17:33.124 [FXGL Background Thread 3 ] DEBUG Engine               - title: RTAIparty
14:17:33.124 [FXGL Background Thread 3 ] DEBUG Engine               - urlGithub: https://github.com/AlmasB/FXGL
14:17:33.125 [FXGL Background Thread 3 ] DEBUG Engine               - urlLeaderboard: http://fxgl-top.herokuapp.com/
14:17:33.126 [FXGL Background Thread 3 ] DEBUG Engine               - urlPOM: https://raw.githubusercontent.com/AlmasB/FXGL/release/README.md
14:17:33.126 [FXGL Background Thread 3 ] DEBUG Engine               - userAppClass: class com.almasb.fxglgames.RTAIparty.RTAIpartyApp
14:17:33.127 [FXGL Background Thread 3 ] DEBUG Engine               - version: 1.0
14:17:33.127 [FXGL Background Thread 3 ] DEBUG Engine               - versionCheckDays: 7
14:17:33.127 [FXGL Background Thread 3 ] DEBUG Engine               - width: 1280
14:17:33.128 [FXGL Background Thread 3 ] DEBUG Engine               - Logging services
14:17:33.128 [FXGL Background Thread 3 ] DEBUG Engine               - class com.almasb.fxgl.app.services.FXGLAssetLoaderService
14:17:33.128 [FXGL Background Thread 3 ] DEBUG Engine               - class com.almasb.fxgl.app.FXGLApplication$GameApplicationService
14:17:33.129 [FXGL Background Thread 3 ] DEBUG Engine               - class com.almasb.fxgl.app.services.FXGLDialogService
14:17:33.129 [FXGL Background Thread 3 ] DEBUG Engine               - class com.almasb.fxgl.app.services.IOTaskExecutorService
14:17:33.129 [FXGL Background Thread 3 ] DEBUG Engine               - class com.almasb.fxgl.io.FileSystemService
14:17:33.130 [FXGL Background Thread 3 ] DEBUG Engine               - class com.almasb.fxgl.localization.LocalizationService
14:17:33.130 [FXGL Background Thread 3 ] DEBUG Engine               - class com.almasb.fxgl.app.services.SystemBundleService
14:17:33.130 [FXGL Background Thread 3 ] DEBUG Engine               - class com.almasb.fxgl.profile.SaveLoadService
14:17:33.131 [FXGL Background Thread 3 ] DEBUG Engine               - class com.almasb.fxgl.ui.FXGLUIFactoryServiceProvider
14:17:33.132 [FXGL Background Thread 3 ] DEBUG Engine               - class com.almasb.fxgl.ui.FXGLDialogFactoryServiceProvider
14:17:33.132 [FXGL Background Thread 3 ] DEBUG Engine               - class com.almasb.fxgl.audio.AudioPlayer
14:17:33.132 [FXGL Background Thread 3 ] DEBUG Engine               - class com.almasb.fxgl.notification.impl.NotificationServiceProvider
14:17:33.133 [FXGL Background Thread 3 ] DEBUG Engine               - class com.almasb.fxgl.achievement.AchievementService
14:17:33.133 [FXGL Background Thread 3 ] DEBUG Engine               - class com.almasb.fxgl.cutscene.CutsceneService
14:17:33.133 [FXGL Background Thread 3 ] DEBUG Engine               - class com.almasb.fxgl.minigames.MiniGameService
14:17:33.134 [FXGL Background Thread 3 ] DEBUG Engine               - class com.almasb.fxgl.net.NetService
14:17:33.134 [FXGL Background Thread 3 ] DEBUG Engine               - class com.almasb.fxgl.app.services.UpdaterService
14:17:33.134 [FXGL Background Thread 3 ] DEBUG Engine               - class com.almasb.fxgl.dev.DevService
14:17:34.905 [JavaFX Application Thread] DEBUG FXGLApplication      - Exiting FXGL
14:17:34.906 [JavaFX Application Thread] DEBUG LoopRunner           - Stopping loop
14:17:34.906 [JavaFX Application Thread] DEBUG SystemBundleService  - Saving FXGL system data
14:17:34.912 [JavaFX Application Thread] DEBUG FileSystemAccess     - Writing to: C:\Users\zorm1\eclipse-workspace\RTAIparty\system\fxgl.bundle
14:17:34.918 [JavaFX Application Thread] DEBUG Async                - Shutting down background threads
14:17:34.919 [JavaFX Application Thread] DEBUG PrimaryStageWindow   - Closing main window
14:17:34.944 [JavaFX Application Thread] DEBUG Logger               - Closing Logger
