01:55:15.574 [main                     ] DEBUG Logger               - Configured Logger
01:55:15.599 [main                     ] DEBUG GameApplication      - Logging settings
Title: RTAIparty
Version: 1.0
Width: 1280
Height: 720
Fullscreen: false
Intro: false
Profiling: false
Single step:false
App Mode: DEVELOPER
Menu Key: ESCAPE
Stage Style: DECORATED
Scene Factory: class ui.RTAISceneFactory

01:55:15.808 [JavaFX Application Thread] DEBUG FXGLApplication      - Initializing FXGL
01:55:15.809 [JavaFX Application Thread] INFO  Engine               - FXGL-11+dev-SNAPSHOT (28.11.2021 18.20) on WINDOWS (J:16.0.2 FX:17.0.0.1)
01:55:15.810 [JavaFX Application Thread] DEBUG Engine               - JRE Vendor Name: Oracle Corporation
01:55:15.810 [JavaFX Application Thread] DEBUG Engine               - Running on OS: Windows 10 version 10.0
01:55:15.810 [JavaFX Application Thread] DEBUG Engine               - Architecture: amd64
01:55:15.811 [JavaFX Application Thread] INFO  Engine               - Source code and latest versions at: https://github.com/AlmasB/FXGL
01:55:15.811 [JavaFX Application Thread] INFO  Engine               -       Ask questions and discuss at: https://github.com/AlmasB/FXGL/discussions
01:55:15.811 [JavaFX Application Thread] INFO  Engine               -              Join the FXGL chat at: https://gitter.im/AlmasB/FXGL
01:55:15.874 [JavaFX Application Thread] DEBUG PrimaryStageWindow   - Creating a JavaFX scene
01:55:15.909 [JavaFX Application Thread] DEBUG PrimaryStageWindow   - Target settings size: 1280.0 x 720.0
01:55:15.909 [JavaFX Application Thread] DEBUG PrimaryStageWindow   - Scaled scene size:    1280.0 x 720.0
01:55:15.909 [JavaFX Application Thread] DEBUG PrimaryStageWindow   - Scaled ratio: (1.0, 1.0)
01:55:15.910 [JavaFX Application Thread] DEBUG PrimaryStageWindow   - Set initial scene to FXGLStartupScene
01:55:15.914 [JavaFX Application Thread] DEBUG PrimaryStageWindow   - Opening main window
01:55:15.970 [JavaFX Application Thread] DEBUG PrimaryStageWindow   - Window border size: (16.0, 39.0)
01:55:15.970 [JavaFX Application Thread] DEBUG PrimaryStageWindow   - Scaled size: 1280.0 x 720.0
01:55:15.970 [JavaFX Application Thread] DEBUG PrimaryStageWindow   - Scaled ratio: (1.0, 1.0)
01:55:15.971 [JavaFX Application Thread] DEBUG PrimaryStageWindow   - Scene size: 1280.0 x 720.0
01:55:15.971 [JavaFX Application Thread] DEBUG PrimaryStageWindow   - Stage size: 1296.0 x 759.0
01:55:15.976 [FXGL Background Thread 1 ] DEBUG Engine               - Initializing environment variables
01:55:16.043 [FXGL Background Thread 1 ] DEBUG FXGLAssetLoaderServi - User app class for loading assets: class com.almasb.fxglgames.RTAIparty.RTAIpartyApp
01:55:16.043 [FXGL Background Thread 1 ] DEBUG GameApplicationServi - Applying CSS: fxgl_dark.css
01:55:16.044 [FXGL Background Thread 1 ] DEBUG FXGLAssetLoaderServi - Loading from file system: jar:file:///C:/Users/zorm1/.m2/repository/com/github/almasb/fxgl/11+dev-SNAPSHOT/fxgl-11+dev-SNAPSHOT.jar!/fxglassets/ui/css/fxgl_dark.css
01:55:16.118 [FXGL Background Thread 1 ] DEBUG GameApplicationServi - Initializing application scenes
01:55:16.176 [FXGL Background Thread 1 ] DEBUG GameWorld            - Game world initialized
01:55:16.266 [FXGL Background Thread 1 ] DEBUG PhysicsWorld         - Physics world initialized: appHeight=720, physics.ppm=50,0
01:55:16.267 [FXGL Background Thread 1 ] DEBUG PhysicsWorld         - Using strategy: BRUTE_FORCE
01:55:16.269 [FXGL Background Thread 1 ] DEBUG GameScene            - Game scene initialized: 1280x720
01:55:16.276 [FXGL Background Thread 1 ] DEBUG FXGLAssetLoaderServi - Loading from file system: file:/C:/Users/zorm1/eclipse-workspace/RTAIparty/target/classes/assets/textures/garcon_blond.png
01:55:16.289 [FXGL Background Thread 1 ] DEBUG FXGLAssetLoaderServi - Loading from file system: file:/C:/Users/zorm1/eclipse-workspace/RTAIparty/target/classes/assets/textures/garcon_brun.png
01:55:16.291 [FXGL Background Thread 1 ] DEBUG FXGLAssetLoaderServi - Loading from file system: file:/C:/Users/zorm1/eclipse-workspace/RTAIparty/target/classes/assets/textures/fille_blonde.png
01:55:16.293 [FXGL Background Thread 1 ] DEBUG FXGLAssetLoaderServi - Loading from file system: file:/C:/Users/zorm1/eclipse-workspace/RTAIparty/target/classes/assets/textures/fille_brune.png
01:55:16.296 [FXGL Background Thread 1 ] DEBUG FXGLAssetLoaderServi - Loading from file system: file:/C:/Users/zorm1/eclipse-workspace/RTAIparty/target/classes/assets/textures/background/classe.png
01:55:16.339 [FXGL Background Thread 1 ] DEBUG FXGLAssetLoaderServi - Loading from file system: file:/C:/Users/zorm1/eclipse-workspace/RTAIparty/target/classes/assets/textures/tableau.png
01:55:16.345 [FXGL Background Thread 1 ] DEBUG FXGLAssetLoaderServi - Loading from file system: file:/C:/Users/zorm1/eclipse-workspace/RTAIparty/target/classes/assets/textures/table.png
01:55:16.361 [FXGL Background Thread 1 ] DEBUG FXGL.DefaultMenu     - createMenuBodyGameMenu()
01:55:16.371 [FXGL Background Thread 1 ] DEBUG FXGL.DefaultMenu     - createOptionsMenu()
01:55:16.377 [FXGL Background Thread 1 ] DEBUG FXGLAssetLoaderServi - Loading from file system: jar:file:///C:/Users/zorm1/.m2/repository/com/github/almasb/fxgl/11+dev-SNAPSHOT/fxgl-11+dev-SNAPSHOT.jar!/fxglassets/textures/particles/smoke.png
01:55:16.437 [FXGL Background Thread 1 ] DEBUG FXGLAssetLoaderServi - Loading from file system: jar:file:///C:/Users/zorm1/.m2/repository/com/github/almasb/fxgl/11+dev-SNAPSHOT/fxgl-11+dev-SNAPSHOT.jar!/fxglassets/textures/particles/trace_horizontal.png
01:55:16.454 [FXGL Background Thread 1 ] DEBUG GameApplicationServi - Application scenes initialized
01:55:16.461 [FXGL Background Thread 1 ] DEBUG SystemBundleService  - Loading FXGL system data
01:55:16.466 [FXGL Background Thread 1 ] DEBUG FileSystemAccess     - Reading from: C:\Users\zorm1\eclipse-workspace\RTAIparty\system\fxgl.bundle
01:55:16.471 [FXGL Background Thread 1 ] DEBUG SystemBundleService  - Bundle FXGL: {}
01:55:16.471 [FXGL Background Thread 1 ] DEBUG UpdaterService       - Checking for updates
01:55:16.474 [FXGL Background Thread 4 ] DEBUG FXGLApplication      - Loading fonts
01:55:16.474 [FXGL Background Thread 4 ] DEBUG FXGLAssetLoaderServi - Loading from file system: jar:file:///C:/Users/zorm1/.m2/repository/com/github/almasb/fxgl/11+dev-SNAPSHOT/fxgl-11+dev-SNAPSHOT.jar!/fxglassets/ui/fonts/VarelaRound-Regular.ttf
01:55:16.474 [FXGL Background Thread 1 ] DEBUG FXGLApplication      - Loading default localization
01:55:16.474 [FXGL Background Thread 1 ] DEBUG FXGLAssetLoaderServi - Loading from file system: jar:file:///C:/Users/zorm1/.m2/repository/com/github/almasb/fxgl/11+dev-SNAPSHOT/fxgl-11+dev-SNAPSHOT.jar!/fxglassets/languages/english.lang
01:55:16.484 [FXGL Background Thread 1 ] INFO  FXGLApplication      - FXGL initialization took: 0,507 sec
01:55:16.486 [JavaFX Application Thread] DEBUG Input                - Registered new binding: clic - LMB
01:55:16.493 [JavaFX Application Thread] DEBUG Input                - Registered new binding: test - E
01:55:16.494 [JavaFX Application Thread] DEBUG FXGLAssetLoaderServi - Loading from file system: jar:file:///C:/Users/zorm1/.m2/repository/com/github/almasb/fxgl/11+dev-SNAPSHOT/fxgl-11+dev-SNAPSHOT.jar!/fxglassets/textures/fxgl_icon.png
01:55:16.510 [JavaFX Application Thread] DEBUG FXGLAssetLoaderServi - Loading from file system: jar:file:///C:/Users/zorm1/.m2/repository/com/github/almasb/fxgl/11+dev-SNAPSHOT/fxgl-11+dev-SNAPSHOT.jar!/fxglassets/textures/fxgl_default_cursor.png
01:55:16.512 [JavaFX Application Thread] DEBUG Input                - Registered new binding: Screenshot - CTRL+8
01:55:16.512 [JavaFX Application Thread] DEBUG Input                - Registered new binding: System info dump - CTRL+9
01:55:16.513 [JavaFX Application Thread] DEBUG Input                - Registered new binding: Restart - CTRL+R
01:55:16.516 [JavaFX Application Thread] DEBUG Input                - Registered new binding: Toggle Debug Camera - CTRL+7
01:55:16.517 [JavaFX Application Thread] DEBUG LoopRunner           - Starting loop
01:55:16.518 [JavaFX Application Thread] DEBUG LoopRunner           - Initializing JavaFX AnimationTimerLoop
01:55:16.520 [JavaFX Application Thread] DEBUG Input                - Clearing active input actions
01:55:16.527 [JavaFX Application Thread] DEBUG GameApplicationServi - Removing overlay from FXGLStartupScene and adding to FXGLMainMenuDummyScene
01:55:16.527 [JavaFX Application Thread] DEBUG PrimaryStageWindow   - FXGLStartupScene -> FXGLMainMenuDummyScene
01:55:16.528 [JavaFX Application Thread] DEBUG PrimaryStageWindow   - Push state: RTAIpartyMainMenu
01:55:16.528 [JavaFX Application Thread] DEBUG Input                - Clearing active input actions
01:55:16.531 [JavaFX Application Thread] DEBUG GameApplicationServi - Removing overlay from FXGLMainMenuDummyScene and adding to RTAIpartyMainMenu
01:55:16.531 [JavaFX Application Thread] DEBUG PrimaryStageWindow   - FXGLMainMenuDummyScene -> RTAIpartyMainMenu
01:55:16.539 [FXGL Background Thread 4 ] DEBUG FXGLAssetLoaderServi - Loading from file system: jar:file:///C:/Users/zorm1/.m2/repository/com/github/almasb/fxgl/11+dev-SNAPSHOT/fxgl-11+dev-SNAPSHOT.jar!/fxglassets/ui/fonts/Abel-Regular.ttf
01:55:16.560 [FXGL Background Thread 4 ] DEBUG FXGLAssetLoaderServi - Loading from file system: jar:file:///C:/Users/zorm1/.m2/repository/com/github/almasb/fxgl/11+dev-SNAPSHOT/fxgl-11+dev-SNAPSHOT.jar!/fxglassets/ui/fonts/lucida_console.ttf
01:55:16.581 [FXGL Background Thread 4 ] DEBUG FXGLAssetLoaderServi - Loading from file system: jar:file:///C:/Users/zorm1/.m2/repository/com/github/almasb/fxgl/11+dev-SNAPSHOT/fxgl-11+dev-SNAPSHOT.jar!/fxglassets/ui/fonts/Courier-Prime.ttf
01:55:16.604 [JavaFX Application Thread] DEBUG FXGLApplication      - Registering font factories with UI factory
01:55:17.057 [FXGL Background Thread 2 ] INFO  UpdaterService       - Your current version:  11+dev-SNAPSHOT
01:55:17.058 [FXGL Background Thread 2 ] INFO  UpdaterService       - Latest stable version: 11.17
01:55:19.474 [FXGL Background Thread 3 ] DEBUG Engine               - Logging environment variables
01:55:19.474 [FXGL Background Thread 3 ] DEBUG Engine               - achievements: []
01:55:19.474 [FXGL Background Thread 3 ] DEBUG Engine               - actualHeight: 720.0
01:55:19.475 [FXGL Background Thread 3 ] DEBUG Engine               - actualHeightProperty: ReadOnlyDoubleProperty [value: 720.0]
01:55:19.475 [FXGL Background Thread 3 ] DEBUG Engine               - actualWidth: 1280.0
01:55:19.475 [FXGL Background Thread 3 ] DEBUG Engine               - actualWidthProperty: ReadOnlyDoubleProperty [value: 1280.0]
01:55:19.475 [FXGL Background Thread 3 ] DEBUG Engine               - appIcon: fxgl_icon.png
01:55:19.475 [FXGL Background Thread 3 ] DEBUG Engine               - applicationMode: DEVELOPER
01:55:19.475 [FXGL Background Thread 3 ] DEBUG Engine               - cSSList: [fxgl_dark.css]
01:55:19.476 [FXGL Background Thread 3 ] DEBUG Engine               - collisionDetectionStrategy: BRUTE_FORCE
01:55:19.476 [FXGL Background Thread 3 ] DEBUG Engine               - configClass: Optional.empty
01:55:19.476 [FXGL Background Thread 3 ] DEBUG Engine               - credits: []
01:55:19.476 [FXGL Background Thread 3 ] DEBUG Engine               - defaultCursor: CursorInfo(imageName=fxgl_default_cursor.png, hotspotX=7.0, hotspotY=6.0)
01:55:19.476 [FXGL Background Thread 3 ] DEBUG Engine               - devBBoxColorProperty: ObjectProperty [value: 0xff0000ff]
01:55:19.476 [FXGL Background Thread 3 ] DEBUG Engine               - devEnableDebugCameraProperty: BooleanProperty [value: false]
01:55:19.477 [FXGL Background Thread 3 ] DEBUG Engine               - devSensorColorProperty: ObjectProperty [value: 0xffff00ff]
01:55:19.477 [FXGL Background Thread 3 ] DEBUG Engine               - devShowBBoxProperty: BooleanProperty [value: false]
01:55:19.477 [FXGL Background Thread 3 ] DEBUG Engine               - devShowPositionProperty: BooleanProperty [value: false]
01:55:19.477 [FXGL Background Thread 3 ] DEBUG Engine               - enabledMenuItems: []
01:55:19.478 [FXGL Background Thread 3 ] DEBUG Engine               - engineServices: [class com.almasb.fxgl.app.services.FXGLAssetLoaderService, class com.almasb.fxgl.app.FXGLApplication$GameApplicationService, class com.almasb.fxgl.app.services.FXGLDialogService, class com.almasb.fxgl.app.services.IOTaskExecutorService, class com.almasb.fxgl.io.FileSystemService, class com.almasb.fxgl.localization.LocalizationService, class com.almasb.fxgl.app.services.SystemBundleService, class com.almasb.fxgl.profile.SaveLoadService, class com.almasb.fxgl.ui.FXGLUIFactoryServiceProvider, class com.almasb.fxgl.ui.FXGLDialogFactoryServiceProvider, class com.almasb.fxgl.audio.AudioPlayer, class com.almasb.fxgl.notification.impl.NotificationServiceProvider, class com.almasb.fxgl.achievement.AchievementService, class com.almasb.fxgl.cutscene.CutsceneService, class com.almasb.fxgl.minigames.MiniGameService, class com.almasb.fxgl.net.NetService, class com.almasb.fxgl.app.services.UpdaterService, class com.almasb.fxgl.dev.DevService]
01:55:19.478 [FXGL Background Thread 3 ] DEBUG Engine               - fontGame: Abel-Regular.ttf
01:55:19.478 [FXGL Background Thread 3 ] DEBUG Engine               - fontMono: lucida_console.ttf
01:55:19.478 [FXGL Background Thread 3 ] DEBUG Engine               - fontText: Courier-Prime.ttf
01:55:19.478 [FXGL Background Thread 3 ] DEBUG Engine               - fontUI: VarelaRound-Regular.ttf
01:55:19.478 [FXGL Background Thread 3 ] DEBUG Engine               - fullScreen: BooleanProperty [value: false]
01:55:19.479 [FXGL Background Thread 3 ] DEBUG Engine               - gameDifficulty: MEDIUM
01:55:19.479 [FXGL Background Thread 3 ] DEBUG Engine               - gameDifficultyProperty: ObjectProperty [value: MEDIUM]
01:55:19.479 [FXGL Background Thread 3 ] DEBUG Engine               - globalMusicVolume: 0.5
01:55:19.479 [FXGL Background Thread 3 ] DEBUG Engine               - globalMusicVolumeProperty: DoubleProperty [value: 0.5]
01:55:19.479 [FXGL Background Thread 3 ] DEBUG Engine               - globalSoundVolume: 0.5
01:55:19.479 [FXGL Background Thread 3 ] DEBUG Engine               - globalSoundVolumeProperty: DoubleProperty [value: 0.5]
01:55:19.479 [FXGL Background Thread 3 ] DEBUG Engine               - height: 720
01:55:19.480 [FXGL Background Thread 3 ] DEBUG Engine               - is3D: false
01:55:19.480 [FXGL Background Thread 3 ] DEBUG Engine               - isAndroid: false
01:55:19.480 [FXGL Background Thread 3 ] DEBUG Engine               - isBrowser: false
01:55:19.480 [FXGL Background Thread 3 ] DEBUG Engine               - isClickFeedbackEnabled: false
01:55:19.480 [FXGL Background Thread 3 ] DEBUG Engine               - isCloseConfirmation: false
01:55:19.480 [FXGL Background Thread 3 ] DEBUG Engine               - isDesktop: true
01:55:19.480 [FXGL Background Thread 3 ] DEBUG Engine               - isDeveloperMenuEnabled: false
01:55:19.480 [FXGL Background Thread 3 ] DEBUG Engine               - isEmbedded: false
01:55:19.480 [FXGL Background Thread 3 ] DEBUG Engine               - isEntityPreloadEnabled: true
01:55:19.480 [FXGL Background Thread 3 ] DEBUG Engine               - isExperimentalTiledLargeMap: false
01:55:19.481 [FXGL Background Thread 3 ] DEBUG Engine               - isFileSystemWriteAllowed: true
01:55:19.481 [FXGL Background Thread 3 ] DEBUG Engine               - isFullScreenAllowed: false
01:55:19.481 [FXGL Background Thread 3 ] DEBUG Engine               - isFullScreenFromStart: false
01:55:19.481 [FXGL Background Thread 3 ] DEBUG Engine               - isGameMenuEnabled: true
01:55:19.481 [FXGL Background Thread 3 ] DEBUG Engine               - isIOS: false
01:55:19.481 [FXGL Background Thread 3 ] DEBUG Engine               - isIntroEnabled: false
01:55:19.481 [FXGL Background Thread 3 ] DEBUG Engine               - isLinux: false
01:55:19.481 [FXGL Background Thread 3 ] DEBUG Engine               - isMac: false
01:55:19.481 [FXGL Background Thread 3 ] DEBUG Engine               - isMainMenuEnabled: true
01:55:19.482 [FXGL Background Thread 3 ] DEBUG Engine               - isManualResizeEnabled: true
01:55:19.482 [FXGL Background Thread 3 ] DEBUG Engine               - isMobile: false
01:55:19.482 [FXGL Background Thread 3 ] DEBUG Engine               - isNative: false
01:55:19.482 [FXGL Background Thread 3 ] DEBUG Engine               - isPauseMusicWhenMinimized: true
01:55:19.482 [FXGL Background Thread 3 ] DEBUG Engine               - isPreserveResizeRatio: true
01:55:19.482 [FXGL Background Thread 3 ] DEBUG Engine               - isProfilingEnabled: false
01:55:19.482 [FXGL Background Thread 3 ] DEBUG Engine               - isScaleAffectedOnResize: true
01:55:19.483 [FXGL Background Thread 3 ] DEBUG Engine               - isSingleStep: false
01:55:19.483 [FXGL Background Thread 3 ] DEBUG Engine               - isUserProfileEnabled: false
01:55:19.483 [FXGL Background Thread 3 ] DEBUG Engine               - isWindows: true
01:55:19.483 [FXGL Background Thread 3 ] DEBUG Engine               - language: ObjectProperty [value: ENGLISH]
01:55:19.483 [FXGL Background Thread 3 ] DEBUG Engine               - menuKey: ESCAPE
01:55:19.483 [FXGL Background Thread 3 ] DEBUG Engine               - mouseSensitivity: 0.2
01:55:19.483 [FXGL Background Thread 3 ] DEBUG Engine               - notificationViewClass: class com.almasb.fxgl.notification.view.XboxNotificationView
01:55:19.483 [FXGL Background Thread 3 ] DEBUG Engine               - pixelsPerMeter: 50.0
01:55:19.484 [FXGL Background Thread 3 ] DEBUG Engine               - platform: WINDOWS
01:55:19.484 [FXGL Background Thread 3 ] DEBUG Engine               - prefHeightProperty: ReadOnlyDoubleProperty [value: 720.0]
01:55:19.484 [FXGL Background Thread 3 ] DEBUG Engine               - prefWidthProperty: ReadOnlyDoubleProperty [value: 1280.0]
01:55:19.484 [FXGL Background Thread 3 ] DEBUG Engine               - profileDir: profiles/
01:55:19.484 [FXGL Background Thread 3 ] DEBUG Engine               - profileName: StringProperty [value: DEFAULT]
01:55:19.484 [FXGL Background Thread 3 ] DEBUG Engine               - randomSeed: -1
01:55:19.484 [FXGL Background Thread 3 ] DEBUG Engine               - runtimeInfo: RuntimeInfo(platform=WINDOWS, version=11+dev-SNAPSHOT, build=28.11.2021 18.20)
01:55:19.484 [FXGL Background Thread 3 ] DEBUG Engine               - saveFileExt: sav
01:55:19.484 [FXGL Background Thread 3 ] DEBUG Engine               - scaledHeightProp$fxgl: DoubleProperty [bound, value: 720.0]
01:55:19.484 [FXGL Background Thread 3 ] DEBUG Engine               - scaledWidthProp$fxgl: DoubleProperty [bound, value: 1280.0]
01:55:19.484 [FXGL Background Thread 3 ] DEBUG Engine               - sceneFactory: ui.RTAISceneFactory@366cb9b6
01:55:19.485 [FXGL Background Thread 3 ] DEBUG Engine               - secondsIn24h: 60
01:55:19.485 [FXGL Background Thread 3 ] DEBUG Engine               - soundMenuBack: menu/back.wav
01:55:19.485 [FXGL Background Thread 3 ] DEBUG Engine               - soundMenuPress: menu/press.wav
01:55:19.485 [FXGL Background Thread 3 ] DEBUG Engine               - soundMenuSelect: menu/select.wav
01:55:19.485 [FXGL Background Thread 3 ] DEBUG Engine               - soundNotification: core/notification.wav
01:55:19.485 [FXGL Background Thread 3 ] DEBUG Engine               - stageStyle: DECORATED
01:55:19.485 [FXGL Background Thread 3 ] DEBUG Engine               - supportedLanguages: [ENGLISH, FRENCH, GERMAN, HUNGARIAN, RUSSIAN]
01:55:19.485 [FXGL Background Thread 3 ] DEBUG Engine               - ticksPerSecond: -1
01:55:19.485 [FXGL Background Thread 3 ] DEBUG Engine               - title: RTAIparty
01:55:19.485 [FXGL Background Thread 3 ] DEBUG Engine               - urlGithub: https://github.com/AlmasB/FXGL
01:55:19.486 [FXGL Background Thread 3 ] DEBUG Engine               - urlLeaderboard: http://fxgl-top.herokuapp.com/
01:55:19.486 [FXGL Background Thread 3 ] DEBUG Engine               - urlPOM: https://raw.githubusercontent.com/AlmasB/FXGL/release/README.md
01:55:19.486 [FXGL Background Thread 3 ] DEBUG Engine               - userAppClass: class com.almasb.fxglgames.RTAIparty.RTAIpartyApp
01:55:19.486 [FXGL Background Thread 3 ] DEBUG Engine               - version: 1.0
01:55:19.486 [FXGL Background Thread 3 ] DEBUG Engine               - versionCheckDays: 7
01:55:19.486 [FXGL Background Thread 3 ] DEBUG Engine               - width: 1280
01:55:19.486 [FXGL Background Thread 3 ] DEBUG Engine               - Logging services
01:55:19.486 [FXGL Background Thread 3 ] DEBUG Engine               - class com.almasb.fxgl.app.services.FXGLAssetLoaderService
01:55:19.486 [FXGL Background Thread 3 ] DEBUG Engine               - class com.almasb.fxgl.app.FXGLApplication$GameApplicationService
01:55:19.487 [FXGL Background Thread 3 ] DEBUG Engine               - class com.almasb.fxgl.app.services.FXGLDialogService
01:55:19.487 [FXGL Background Thread 3 ] DEBUG Engine               - class com.almasb.fxgl.app.services.IOTaskExecutorService
01:55:19.487 [FXGL Background Thread 3 ] DEBUG Engine               - class com.almasb.fxgl.io.FileSystemService
01:55:19.487 [FXGL Background Thread 3 ] DEBUG Engine               - class com.almasb.fxgl.localization.LocalizationService
01:55:19.487 [FXGL Background Thread 3 ] DEBUG Engine               - class com.almasb.fxgl.app.services.SystemBundleService
01:55:19.487 [FXGL Background Thread 3 ] DEBUG Engine               - class com.almasb.fxgl.profile.SaveLoadService
01:55:19.487 [FXGL Background Thread 3 ] DEBUG Engine               - class com.almasb.fxgl.ui.FXGLUIFactoryServiceProvider
01:55:19.487 [FXGL Background Thread 3 ] DEBUG Engine               - class com.almasb.fxgl.ui.FXGLDialogFactoryServiceProvider
01:55:19.487 [FXGL Background Thread 3 ] DEBUG Engine               - class com.almasb.fxgl.audio.AudioPlayer
01:55:19.487 [FXGL Background Thread 3 ] DEBUG Engine               - class com.almasb.fxgl.notification.impl.NotificationServiceProvider
01:55:19.487 [FXGL Background Thread 3 ] DEBUG Engine               - class com.almasb.fxgl.achievement.AchievementService
01:55:19.487 [FXGL Background Thread 3 ] DEBUG Engine               - class com.almasb.fxgl.cutscene.CutsceneService
01:55:19.487 [FXGL Background Thread 3 ] DEBUG Engine               - class com.almasb.fxgl.minigames.MiniGameService
01:55:19.488 [FXGL Background Thread 3 ] DEBUG Engine               - class com.almasb.fxgl.net.NetService
01:55:19.488 [FXGL Background Thread 3 ] DEBUG Engine               - class com.almasb.fxgl.app.services.UpdaterService
01:55:19.488 [FXGL Background Thread 3 ] DEBUG Engine               - class com.almasb.fxgl.dev.DevService
01:55:20.623 [JavaFX Application Thread] DEBUG Menu                 - fireNewGame()
01:55:20.623 [JavaFX Application Thread] DEBUG GameApplicationServi - Starting new game
01:55:20.623 [JavaFX Application Thread] DEBUG PrimaryStageWindow   - Pop state: RTAIpartyMainMenu
01:55:20.623 [JavaFX Application Thread] DEBUG Input                - Clearing active input actions
01:55:20.623 [JavaFX Application Thread] DEBUG GameApplicationServi - Removing overlay from RTAIpartyMainMenu and adding to FXGLMainMenuDummyScene
01:55:20.623 [JavaFX Application Thread] DEBUG PrimaryStageWindow   - FXGLMainMenuDummyScene <- RTAIpartyMainMenu
01:55:20.624 [JavaFX Application Thread] DEBUG Input                - Clearing active input actions
01:55:20.629 [JavaFX Application Thread] DEBUG GameApplicationServi - Removing overlay from FXGLMainMenuDummyScene and adding to FXGLLoadingScene
01:55:20.629 [JavaFX Application Thread] DEBUG PrimaryStageWindow   - FXGLMainMenuDummyScene -> FXGLLoadingScene
01:55:20.629 [JavaFX Application Thread] DEBUG GameApplicationServi - Clearing previous game
01:55:20.630 [JavaFX Application Thread] DEBUG GameScene            - Clearing game scene
01:55:20.630 [JavaFX Application Thread] DEBUG GameWorld            - Clearing game world
01:55:20.630 [JavaFX Application Thread] DEBUG PhysicsWorld         - Clearing physics world
01:55:20.632 [FXGL Background Thread 2 ] DEBUG FXGLApplication      - Initializing game
01:55:20.633 [FXGL Background Thread 2 ] INFO  FXGLApplication      - Game initialization took: 0,001 sec
01:55:20.638 [JavaFX Application Thread] DEBUG GameWorld            - Game world initialized
01:55:20.638 [JavaFX Application Thread] DEBUG PhysicsWorld         - Physics world initialized: appHeight=720, physics.ppm=50,0
01:55:20.638 [JavaFX Application Thread] DEBUG PhysicsWorld         - Using strategy: BRUTE_FORCE
01:55:20.639 [JavaFX Application Thread] DEBUG GameScene            - Game scene initialized: 1280x720
01:55:20.639 [JavaFX Application Thread] DEBUG Input                - Registered new binding: Fin - E
01:55:20.639 [JavaFX Application Thread] DEBUG Input                - Registered new binding: Up - Up
01:55:20.640 [JavaFX Application Thread] DEBUG Input                - Registered new binding: Down - Down
01:55:20.640 [JavaFX Application Thread] DEBUG Input                - Registered new binding: Left - Left
01:55:20.640 [JavaFX Application Thread] DEBUG Input                - Registered new binding: Right - Right
01:55:20.640 [JavaFX Application Thread] DEBUG Input                - Registered new binding: Start - Enter
01:55:20.648 [JavaFX Application Thread] DEBUG FXGLAssetLoaderServi - Loading from file system: file:/C:/Users/zorm1/eclipse-workspace/RTAIparty/target/classes/assets/textures/background/decordodge.png
01:55:20.673 [JavaFX Application Thread] DEBUG FXGLAssetLoaderServi - Loading from file system: file:/C:/Users/zorm1/eclipse-workspace/RTAIparty/target/classes/assets/textures/garcon_blond_dodge.png
01:55:20.709 [JavaFX Application Thread] DEBUG Input                - Clearing active input actions
01:55:20.715 [JavaFX Application Thread] DEBUG GameApplicationServi - Removing overlay from FXGLLoadingScene and adding to GameScene
01:55:20.715 [JavaFX Application Thread] DEBUG PrimaryStageWindow   - FXGLLoadingScene -> GameScene
01:55:20.716 [JavaFX Application Thread] DEBUG PrimaryStageWindow   - Push state: DodgeSubScene
01:55:20.716 [JavaFX Application Thread] DEBUG Input                - Clearing active input actions
01:55:20.717 [JavaFX Application Thread] DEBUG GameApplicationServi - Removing overlay from GameScene and adding to DodgeSubScene
01:55:20.717 [JavaFX Application Thread] DEBUG PrimaryStageWindow   - GameScene -> DodgeSubScene
01:55:21.432 [JavaFX Application Thread] DEBUG PrimaryStageWindow   - Pop state: DodgeSubScene
01:55:21.433 [JavaFX Application Thread] DEBUG Input                - Clearing active input actions
01:55:21.434 [JavaFX Application Thread] DEBUG GameApplicationServi - Removing overlay from DodgeSubScene and adding to GameScene
01:55:21.435 [JavaFX Application Thread] DEBUG PrimaryStageWindow   - GameScene <- DodgeSubScene
01:55:21.438 [JavaFX Application Thread] DEBUG GameWorld            - Game world initialized
01:55:21.439 [JavaFX Application Thread] DEBUG PhysicsWorld         - Physics world initialized: appHeight=720, physics.ppm=50,0
01:55:21.439 [JavaFX Application Thread] DEBUG PhysicsWorld         - Using strategy: BRUTE_FORCE
01:55:21.440 [JavaFX Application Thread] DEBUG GameScene            - Game scene initialized: 1280x720
01:55:21.440 [JavaFX Application Thread] DEBUG Input                - Registered new binding: Fin - E
01:55:21.440 [JavaFX Application Thread] DEBUG Input                - Registered new binding: Up - Up
01:55:21.440 [JavaFX Application Thread] DEBUG Input                - Registered new binding: Down - Down
01:55:21.440 [JavaFX Application Thread] DEBUG Input                - Registered new binding: Left - Left
01:55:21.440 [JavaFX Application Thread] DEBUG Input                - Registered new binding: Right - Right
01:55:21.440 [JavaFX Application Thread] DEBUG Input                - Registered new binding: Start - Enter
01:55:21.443 [JavaFX Application Thread] DEBUG FXGLAssetLoaderServi - Loading from file system: file:/C:/Users/zorm1/eclipse-workspace/RTAIparty/target/classes/assets/textures/garcon_brun_dodge.png
01:55:21.445 [JavaFX Application Thread] DEBUG PrimaryStageWindow   - Push state: DodgeSubScene
01:55:21.445 [JavaFX Application Thread] DEBUG Input                - Clearing active input actions
01:55:21.446 [JavaFX Application Thread] DEBUG GameApplicationServi - Removing overlay from GameScene and adding to DodgeSubScene
01:55:21.446 [JavaFX Application Thread] DEBUG PrimaryStageWindow   - GameScene -> DodgeSubScene
01:55:22.249 [JavaFX Application Thread] DEBUG PrimaryStageWindow   - Pop state: DodgeSubScene
01:55:22.249 [JavaFX Application Thread] DEBUG Input                - Clearing active input actions
01:55:22.249 [JavaFX Application Thread] DEBUG GameApplicationServi - Removing overlay from DodgeSubScene and adding to GameScene
01:55:22.249 [JavaFX Application Thread] DEBUG PrimaryStageWindow   - GameScene <- DodgeSubScene
01:55:22.252 [JavaFX Application Thread] DEBUG GameWorld            - Game world initialized
01:55:22.254 [JavaFX Application Thread] DEBUG PhysicsWorld         - Physics world initialized: appHeight=720, physics.ppm=50,0
01:55:22.254 [JavaFX Application Thread] DEBUG PhysicsWorld         - Using strategy: BRUTE_FORCE
01:55:22.254 [JavaFX Application Thread] DEBUG GameScene            - Game scene initialized: 1280x720
01:55:22.255 [JavaFX Application Thread] DEBUG Input                - Registered new binding: goMenu - Enter
01:55:22.261 [JavaFX Application Thread] DEBUG PrimaryStageWindow   - Push state: EndgameSubScene
01:55:22.262 [JavaFX Application Thread] DEBUG Input                - Clearing active input actions
01:55:22.263 [JavaFX Application Thread] DEBUG GameApplicationServi - Removing overlay from GameScene and adding to EndgameSubScene
01:55:22.264 [JavaFX Application Thread] DEBUG PrimaryStageWindow   - GameScene -> EndgameSubScene
01:55:23.433 [JavaFX Application Thread] DEBUG PrimaryStageWindow   - Pop state: EndgameSubScene
01:55:23.433 [JavaFX Application Thread] DEBUG Input                - Clearing active input actions
01:55:23.433 [JavaFX Application Thread] DEBUG GameApplicationServi - Removing overlay from EndgameSubScene and adding to GameScene
01:55:23.434 [JavaFX Application Thread] DEBUG PrimaryStageWindow   - GameScene <- EndgameSubScene
01:55:23.434 [JavaFX Application Thread] DEBUG Input                - Clearing active input actions
01:55:23.440 [JavaFX Application Thread] DEBUG GameApplicationServi - Removing overlay from GameScene and adding to FXGLMainMenuDummyScene
01:55:23.440 [JavaFX Application Thread] DEBUG PrimaryStageWindow   - GameScene -> FXGLMainMenuDummyScene
01:55:23.440 [JavaFX Application Thread] DEBUG PrimaryStageWindow   - Push state: RTAIpartyMainMenu
01:55:23.440 [JavaFX Application Thread] DEBUG Input                - Clearing active input actions
01:55:23.440 [JavaFX Application Thread] DEBUG GameApplicationServi - Removing overlay from FXGLMainMenuDummyScene and adding to RTAIpartyMainMenu
01:55:23.441 [JavaFX Application Thread] DEBUG PrimaryStageWindow   - FXGLMainMenuDummyScene -> RTAIpartyMainMenu
01:55:32.750 [JavaFX Application Thread] DEBUG FXGLApplication      - Exiting FXGL
01:55:32.750 [JavaFX Application Thread] DEBUG LoopRunner           - Stopping loop
01:55:32.750 [JavaFX Application Thread] DEBUG SystemBundleService  - Saving FXGL system data
01:55:32.752 [JavaFX Application Thread] DEBUG FileSystemAccess     - Writing to: C:\Users\zorm1\eclipse-workspace\RTAIparty\system\fxgl.bundle
01:55:32.754 [JavaFX Application Thread] DEBUG Async                - Shutting down background threads
01:55:32.754 [JavaFX Application Thread] DEBUG PrimaryStageWindow   - Closing main window
01:55:32.764 [JavaFX Application Thread] DEBUG Logger               - Closing Logger
