14:31:40.037 [main                     ] DEBUG Logger               - Configured Logger
14:31:40.077 [main                     ] DEBUG GameApplication      - Logging settings
Title: RTAIparty
Version: 1.0
Width: 1280
Height: 720
Fullscreen: false
Intro: false
Profiling: false
Single step:false
App Mode: DEVELOPER
Menu Key: ESCAPE
Stage Style: DECORATED
Scene Factory: class ui.RTAISceneFactory

14:31:46.113 [JavaFX Application Thread] DEBUG FXGLApplication      - Initializing FXGL
14:31:46.152 [JavaFX Application Thread] INFO  Engine               - FXGL-11.17 (16.07.2021 15.46) on MAC (J:13.0.2 FX:16)
14:31:46.153 [JavaFX Application Thread] DEBUG Engine               - JRE Vendor Name: Oracle Corporation
14:31:46.154 [JavaFX Application Thread] DEBUG Engine               - Running on OS: Mac OS X version 10.16
14:31:46.155 [JavaFX Application Thread] DEBUG Engine               - Architecture: x86_64
14:31:46.156 [JavaFX Application Thread] INFO  Engine               - Source code and latest versions at: https://github.com/AlmasB/FXGL
14:31:46.157 [JavaFX Application Thread] INFO  Engine               -              Join the FXGL chat at: https://gitter.im/AlmasB/FXGL
14:31:46.429 [JavaFX Application Thread] DEBUG PrimaryStageWindow   - Creating a JavaFX scene
14:31:47.325 [JavaFX Application Thread] DEBUG PrimaryStageWindow   - Target settings size: 1280.0 x 720.0
14:31:47.325 [JavaFX Application Thread] DEBUG PrimaryStageWindow   - Scaled scene size:    1280.0 x 720.0
14:31:47.326 [JavaFX Application Thread] DEBUG PrimaryStageWindow   - Scaled ratio: (1.0, 1.0)
14:31:47.327 [JavaFX Application Thread] DEBUG PrimaryStageWindow   - Set initial scene to FXGLStartupScene
14:31:47.339 [JavaFX Application Thread] DEBUG PrimaryStageWindow   - Opening main window
14:31:47.520 [JavaFX Application Thread] DEBUG PrimaryStageWindow   - Window border size: (0.0, 28.0)
14:31:47.520 [JavaFX Application Thread] DEBUG PrimaryStageWindow   - Scaled size: 1280.0 x 720.0
14:31:47.521 [JavaFX Application Thread] DEBUG PrimaryStageWindow   - Scaled ratio: (1.0, 1.0)
14:31:47.521 [JavaFX Application Thread] DEBUG PrimaryStageWindow   - Scene size: 1280.0 x 720.0
14:31:47.522 [JavaFX Application Thread] DEBUG PrimaryStageWindow   - Stage size: 1280.0 x 748.0
14:31:47.535 [FXGL Background Thread 1 ] DEBUG Engine               - Initializing environment variables
14:31:47.800 [FXGL Background Thread 1 ] DEBUG FXGLAssetLoaderServi - User app class for loading assets: class com.almasb.fxglgames.RTAIparty.RTAIpartyApp
14:31:47.801 [FXGL Background Thread 1 ] DEBUG GameApplicationServi - Applying CSS: fxgl_dark.css
14:31:47.803 [FXGL Background Thread 1 ] DEBUG FXGLAssetLoaderServi - Loading from file system: jar:file:///Users/mehnounekheira/.m2/repository/com/github/almasb/fxgl/11.17/fxgl-11.17.jar!/fxglassets/ui/css/fxgl_dark.css
14:31:48.142 [FXGL Background Thread 1 ] DEBUG GameApplicationServi - Initializing application scenes
14:31:49.384 [FXGL Background Thread 1 ] DEBUG GameWorld            - Game world initialized
14:31:49.728 [FXGL Background Thread 1 ] DEBUG PhysicsWorld         - Physics world initialized: appHeight=720, physics.ppm=50,0
14:31:49.728 [FXGL Background Thread 1 ] DEBUG PhysicsWorld         - Using strategy: BRUTE_FORCE
14:31:49.739 [FXGL Background Thread 1 ] DEBUG GameScene            - Game scene initialized: 1280x720
14:31:49.760 [FXGL Background Thread 1 ] DEBUG FXGLAssetLoaderServi - Loading from file system: file:/Users/mehnounekheira/eclipse-workspace/RTAIparty/target/classes/assets/textures/garcon_blond.png
14:31:49.810 [FXGL Background Thread 1 ] DEBUG FXGLAssetLoaderServi - Loading from file system: file:/Users/mehnounekheira/eclipse-workspace/RTAIparty/target/classes/assets/textures/garcon_brun.png
14:31:49.817 [FXGL Background Thread 1 ] DEBUG FXGLAssetLoaderServi - Loading from file system: file:/Users/mehnounekheira/eclipse-workspace/RTAIparty/target/classes/assets/textures/fille_blonde.png
14:31:49.820 [FXGL Background Thread 1 ] DEBUG FXGLAssetLoaderServi - Loading from file system: file:/Users/mehnounekheira/eclipse-workspace/RTAIparty/target/classes/assets/textures/fille_brune.png
14:31:49.827 [FXGL Background Thread 1 ] DEBUG FXGLAssetLoaderServi - Loading from file system: file:/Users/mehnounekheira/eclipse-workspace/RTAIparty/target/classes/assets/textures/background/classe.png
14:31:50.219 [FXGL Background Thread 1 ] DEBUG FXGLAssetLoaderServi - Loading from file system: file:/Users/mehnounekheira/eclipse-workspace/RTAIparty/target/classes/assets/textures/tableau.png
14:31:50.245 [FXGL Background Thread 1 ] DEBUG FXGLAssetLoaderServi - Loading from file system: file:/Users/mehnounekheira/eclipse-workspace/RTAIparty/target/classes/assets/textures/table.png
14:31:50.285 [FXGL Background Thread 1 ] DEBUG FXGL.DefaultMenu     - createMenuBodyGameMenu()
14:31:50.311 [FXGL Background Thread 1 ] DEBUG FXGL.DefaultMenu     - createOptionsMenu()
14:31:50.349 [FXGL Background Thread 1 ] DEBUG FXGLAssetLoaderServi - Loading from file system: jar:file:///Users/mehnounekheira/.m2/repository/com/github/almasb/fxgl/11.17/fxgl-11.17.jar!/fxglassets/textures/particles/smoke.png
14:31:50.636 [FXGL Background Thread 1 ] DEBUG FXGLAssetLoaderServi - Loading from file system: jar:file:///Users/mehnounekheira/.m2/repository/com/github/almasb/fxgl/11.17/fxgl-11.17.jar!/fxglassets/textures/particles/trace_horizontal.png
14:31:50.678 [FXGL Background Thread 1 ] DEBUG GameApplicationServi - Application scenes initialized
14:31:50.710 [FXGL Background Thread 1 ] DEBUG SystemBundleService  - Loading FXGL system data
14:31:50.723 [FXGL Background Thread 1 ] DEBUG FileSystemAccess     - Reading from: /Users/mehnounekheira/eclipse-workspace/RTAIparty/system/fxgl.bundle
14:31:50.746 [FXGL Background Thread 1 ] DEBUG SystemBundleService  - Bundle FXGL: {}
14:31:50.750 [FXGL Background Thread 1 ] DEBUG UpdaterService       - Checking for updates
14:31:50.859 [FXGL Background Thread 4 ] DEBUG FXGLApplication      - Loading fonts
14:31:50.860 [FXGL Background Thread 4 ] DEBUG FXGLAssetLoaderServi - Loading from file system: jar:file:///Users/mehnounekheira/.m2/repository/com/github/almasb/fxgl/11.17/fxgl-11.17.jar!/fxglassets/ui/fonts/VarelaRound-Regular.ttf
14:31:50.895 [FXGL Background Thread 1 ] DEBUG FXGLApplication      - Loading default localization
14:31:50.920 [FXGL Background Thread 1 ] DEBUG FXGLAssetLoaderServi - Loading from file system: jar:file:///Users/mehnounekheira/.m2/repository/com/github/almasb/fxgl/11.17/fxgl-11.17.jar!/fxglassets/languages/english.lang
14:31:50.972 [FXGL Background Thread 1 ] INFO  FXGLApplication      - FXGL initialization took: 3,436 sec
14:31:50.997 [JavaFX Application Thread] DEBUG Input                - Registered new binding: clic - LMB
14:31:50.999 [FXGL Background Thread 4 ] DEBUG FXGLAssetLoaderServi - Loading from file system: jar:file:///Users/mehnounekheira/.m2/repository/com/github/almasb/fxgl/11.17/fxgl-11.17.jar!/fxglassets/ui/fonts/Abel-Regular.ttf
14:31:51.011 [JavaFX Application Thread] DEBUG Input                - Registered new binding: test - E
14:31:51.012 [JavaFX Application Thread] DEBUG FXGLAssetLoaderServi - Loading from file system: jar:file:///Users/mehnounekheira/.m2/repository/com/github/almasb/fxgl/11.17/fxgl-11.17.jar!/fxglassets/textures/fxgl_icon.png
14:31:51.017 [FXGL Background Thread 4 ] DEBUG FXGLAssetLoaderServi - Loading from file system: jar:file:///Users/mehnounekheira/.m2/repository/com/github/almasb/fxgl/11.17/fxgl-11.17.jar!/fxglassets/ui/fonts/lucida_console.ttf
14:31:51.025 [FXGL Background Thread 4 ] DEBUG FXGLAssetLoaderServi - Loading from file system: jar:file:///Users/mehnounekheira/.m2/repository/com/github/almasb/fxgl/11.17/fxgl-11.17.jar!/fxglassets/ui/fonts/Courier-Prime.ttf
14:31:51.048 [JavaFX Application Thread] DEBUG FXGLAssetLoaderServi - Loading from file system: jar:file:///Users/mehnounekheira/.m2/repository/com/github/almasb/fxgl/11.17/fxgl-11.17.jar!/fxglassets/textures/fxgl_default_cursor.png
14:31:51.054 [JavaFX Application Thread] DEBUG Input                - Registered new binding: Screenshot - CTRL+8
14:31:51.055 [JavaFX Application Thread] DEBUG Input                - Registered new binding: System info dump - CTRL+9
14:31:51.056 [JavaFX Application Thread] DEBUG Input                - Registered new binding: Restart - CTRL+R
14:31:51.057 [JavaFX Application Thread] DEBUG Input                - Registered new binding: Toggle Debug Camera - CTRL+C
14:31:51.060 [JavaFX Application Thread] DEBUG LoopRunner           - Starting loop
14:31:51.061 [JavaFX Application Thread] DEBUG LoopRunner           - Initializing JavaFX AnimationTimerLoop
14:31:51.069 [JavaFX Application Thread] DEBUG Input                - Clearing active input actions
14:31:51.088 [JavaFX Application Thread] DEBUG GameApplicationServi - Removing overlay from FXGLStartupScene and adding to FXGLMainMenuDummyScene
14:31:51.089 [JavaFX Application Thread] DEBUG PrimaryStageWindow   - FXGLStartupScene -> FXGLMainMenuDummyScene
14:31:51.089 [JavaFX Application Thread] DEBUG PrimaryStageWindow   - Push state: RTAIpartyMainMenu
14:31:51.089 [JavaFX Application Thread] DEBUG Input                - Clearing active input actions
14:31:51.096 [JavaFX Application Thread] DEBUG GameApplicationServi - Removing overlay from FXGLMainMenuDummyScene and adding to RTAIpartyMainMenu
14:31:51.099 [JavaFX Application Thread] DEBUG PrimaryStageWindow   - FXGLMainMenuDummyScene -> RTAIpartyMainMenu
14:31:51.588 [JavaFX Application Thread] DEBUG FXGLApplication      - Registering font factories with UI factory
14:31:53.772 [FXGL Background Thread 3 ] DEBUG Engine               - Logging environment variables
14:31:53.775 [FXGL Background Thread 3 ] DEBUG Engine               - achievements: []
14:31:53.776 [FXGL Background Thread 3 ] DEBUG Engine               - actualHeight: 720.0
14:31:53.777 [FXGL Background Thread 3 ] DEBUG Engine               - actualHeightProperty: ReadOnlyDoubleProperty [value: 847.0]
14:31:53.777 [FXGL Background Thread 3 ] DEBUG Engine               - actualWidth: 1280.0
14:31:53.778 [FXGL Background Thread 3 ] DEBUG Engine               - actualWidthProperty: ReadOnlyDoubleProperty [value: 1440.0]
14:31:53.778 [FXGL Background Thread 3 ] DEBUG Engine               - appIcon: fxgl_icon.png
14:31:53.778 [FXGL Background Thread 3 ] DEBUG Engine               - applicationMode: DEVELOPER
14:31:53.779 [FXGL Background Thread 3 ] DEBUG Engine               - cSSList: [fxgl_dark.css]
14:31:53.779 [FXGL Background Thread 3 ] DEBUG Engine               - collisionDetectionStrategy: BRUTE_FORCE
14:31:53.779 [FXGL Background Thread 3 ] DEBUG Engine               - configClass: Optional.empty
14:31:53.779 [FXGL Background Thread 3 ] DEBUG Engine               - credits: []
14:31:53.781 [FXGL Background Thread 3 ] DEBUG Engine               - defaultCursor: CursorInfo(imageName=fxgl_default_cursor.png, hotspotX=7.0, hotspotY=6.0)
14:31:53.785 [FXGL Background Thread 3 ] DEBUG Engine               - devBBoxColorProperty: ObjectProperty [value: 0xff0000ff]
14:31:53.786 [FXGL Background Thread 3 ] DEBUG Engine               - devEnableDebugCameraProperty: BooleanProperty [value: false]
14:31:53.787 [FXGL Background Thread 3 ] DEBUG Engine               - devSensorColorProperty: ObjectProperty [value: 0xffff00ff]
14:31:53.787 [FXGL Background Thread 3 ] DEBUG Engine               - devShowBBoxProperty: BooleanProperty [value: false]
14:31:53.787 [FXGL Background Thread 3 ] DEBUG Engine               - devShowPositionProperty: BooleanProperty [value: false]
14:31:53.788 [FXGL Background Thread 3 ] DEBUG Engine               - enabledMenuItems: []
14:31:53.788 [FXGL Background Thread 3 ] DEBUG Engine               - engineServices: [class com.almasb.fxgl.app.services.FXGLAssetLoaderService, class com.almasb.fxgl.app.FXGLApplication$GameApplicationService, class com.almasb.fxgl.app.services.FXGLDialogService, class com.almasb.fxgl.app.services.IOTaskExecutorService, class com.almasb.fxgl.io.FileSystemService, class com.almasb.fxgl.localization.LocalizationService, class com.almasb.fxgl.app.services.SystemBundleService, class com.almasb.fxgl.profile.SaveLoadService, class com.almasb.fxgl.ui.FXGLUIFactoryServiceProvider, class com.almasb.fxgl.ui.FXGLDialogFactoryServiceProvider, class com.almasb.fxgl.audio.AudioPlayer, class com.almasb.fxgl.notification.impl.NotificationServiceProvider, class com.almasb.fxgl.achievement.AchievementService, class com.almasb.fxgl.cutscene.CutsceneService, class com.almasb.fxgl.minigames.MiniGameService, class com.almasb.fxgl.net.NetService, class com.almasb.fxgl.app.services.UpdaterService, class com.almasb.fxgl.dev.DevService]
14:31:53.788 [FXGL Background Thread 3 ] DEBUG Engine               - fontGame: Abel-Regular.ttf
14:31:53.788 [FXGL Background Thread 3 ] DEBUG Engine               - fontMono: lucida_console.ttf
14:31:53.791 [FXGL Background Thread 3 ] DEBUG Engine               - fontText: Courier-Prime.ttf
14:31:53.791 [FXGL Background Thread 3 ] DEBUG Engine               - fontUI: VarelaRound-Regular.ttf
14:31:53.792 [FXGL Background Thread 3 ] DEBUG Engine               - fullScreen: BooleanProperty [value: false]
14:31:53.792 [FXGL Background Thread 3 ] DEBUG Engine               - gameDifficulty: MEDIUM
14:31:53.792 [FXGL Background Thread 3 ] DEBUG Engine               - gameDifficultyProperty: ObjectProperty [value: MEDIUM]
14:31:53.792 [FXGL Background Thread 3 ] DEBUG Engine               - globalMusicVolume: 0.5
14:31:53.793 [FXGL Background Thread 3 ] DEBUG Engine               - globalMusicVolumeProperty: DoubleProperty [value: 0.5]
14:31:53.793 [FXGL Background Thread 3 ] DEBUG Engine               - globalSoundVolume: 0.5
14:31:53.793 [FXGL Background Thread 3 ] DEBUG Engine               - globalSoundVolumeProperty: DoubleProperty [value: 0.5]
14:31:53.793 [FXGL Background Thread 3 ] DEBUG Engine               - height: 720
14:31:53.794 [FXGL Background Thread 3 ] DEBUG Engine               - is3D: false
14:31:53.794 [FXGL Background Thread 3 ] DEBUG Engine               - isAndroid: false
14:31:53.794 [FXGL Background Thread 3 ] DEBUG Engine               - isBrowser: false
14:31:53.794 [FXGL Background Thread 3 ] DEBUG Engine               - isClickFeedbackEnabled: false
14:31:53.795 [FXGL Background Thread 3 ] DEBUG Engine               - isCloseConfirmation: false
14:31:53.795 [FXGL Background Thread 3 ] DEBUG Engine               - isDesktop: true
14:31:53.795 [FXGL Background Thread 3 ] DEBUG Engine               - isDeveloperMenuEnabled: false
14:31:53.795 [FXGL Background Thread 3 ] DEBUG Engine               - isEntityPreloadEnabled: true
14:31:53.795 [FXGL Background Thread 3 ] DEBUG Engine               - isExperimentalTiledLargeMap: false
14:31:53.795 [FXGL Background Thread 3 ] DEBUG Engine               - isFileSystemWriteAllowed: true
14:31:53.796 [FXGL Background Thread 3 ] DEBUG Engine               - isFullScreenAllowed: false
14:31:53.796 [FXGL Background Thread 3 ] DEBUG Engine               - isFullScreenFromStart: false
14:31:53.796 [FXGL Background Thread 3 ] DEBUG Engine               - isGameMenuEnabled: true
14:31:53.796 [FXGL Background Thread 3 ] DEBUG Engine               - isIOS: false
14:31:53.797 [FXGL Background Thread 3 ] DEBUG Engine               - isIntroEnabled: false
14:31:53.797 [FXGL Background Thread 3 ] DEBUG Engine               - isLinux: false
14:31:53.797 [FXGL Background Thread 3 ] DEBUG Engine               - isMac: true
14:31:53.798 [FXGL Background Thread 3 ] DEBUG Engine               - isMainMenuEnabled: true
14:31:53.798 [FXGL Background Thread 3 ] DEBUG Engine               - isManualResizeEnabled: true
14:31:53.798 [FXGL Background Thread 3 ] DEBUG Engine               - isMobile: false
14:31:53.799 [FXGL Background Thread 3 ] DEBUG Engine               - isNative: false
14:31:53.800 [FXGL Background Thread 3 ] DEBUG Engine               - isPauseMusicWhenMinimized: true
14:31:53.800 [FXGL Background Thread 3 ] DEBUG Engine               - isPreserveResizeRatio: true
14:31:53.801 [FXGL Background Thread 3 ] DEBUG Engine               - isProfilingEnabled: false
14:31:53.801 [FXGL Background Thread 3 ] DEBUG Engine               - isScaleAffectedOnResize: true
14:31:53.801 [FXGL Background Thread 3 ] DEBUG Engine               - isSingleStep: false
14:31:53.801 [FXGL Background Thread 3 ] DEBUG Engine               - isUserProfileEnabled: false
14:31:53.802 [FXGL Background Thread 3 ] DEBUG Engine               - isWindows: false
14:31:53.802 [FXGL Background Thread 3 ] DEBUG Engine               - language: ObjectProperty [value: ENGLISH]
14:31:53.802 [FXGL Background Thread 3 ] DEBUG Engine               - menuKey: ESCAPE
14:31:53.803 [FXGL Background Thread 3 ] DEBUG Engine               - mouseSensitivity: 0.2
14:31:53.803 [FXGL Background Thread 3 ] DEBUG Engine               - notificationViewClass: class com.almasb.fxgl.notification.view.XboxNotificationView
14:31:53.804 [FXGL Background Thread 3 ] DEBUG Engine               - pixelsPerMeter: 50.0
14:31:53.805 [FXGL Background Thread 3 ] DEBUG Engine               - platform: MAC
14:31:53.806 [FXGL Background Thread 3 ] DEBUG Engine               - prefHeightProperty: ReadOnlyDoubleProperty [value: 720.0]
14:31:53.806 [FXGL Background Thread 3 ] DEBUG Engine               - prefWidthProperty: ReadOnlyDoubleProperty [value: 1280.0]
14:31:53.806 [FXGL Background Thread 3 ] DEBUG Engine               - profileDir: profiles/
14:31:53.806 [FXGL Background Thread 3 ] DEBUG Engine               - profileName: StringProperty [value: DEFAULT]
14:31:53.807 [FXGL Background Thread 3 ] DEBUG Engine               - randomSeed: -1
14:31:53.807 [FXGL Background Thread 3 ] DEBUG Engine               - runtimeInfo: RuntimeInfo(platform=MAC, version=11.17, build=16.07.2021 15.46)
14:31:53.807 [FXGL Background Thread 3 ] DEBUG Engine               - saveFileExt: sav
14:31:53.807 [FXGL Background Thread 3 ] DEBUG Engine               - scaledHeightProp$fxgl: DoubleProperty [bound, value: 847.0]
14:31:53.808 [FXGL Background Thread 3 ] DEBUG Engine               - scaledWidthProp$fxgl: DoubleProperty [bound, value: 1440.0]
14:31:53.808 [FXGL Background Thread 3 ] DEBUG Engine               - sceneFactory: ui.RTAISceneFactory@346070f0
14:31:53.808 [FXGL Background Thread 3 ] DEBUG Engine               - secondsIn24h: 60
14:31:53.808 [FXGL Background Thread 3 ] DEBUG Engine               - soundMenuBack: menu/back.wav
14:31:53.808 [FXGL Background Thread 3 ] DEBUG Engine               - soundMenuPress: menu/press.wav
14:31:53.809 [FXGL Background Thread 3 ] DEBUG Engine               - soundMenuSelect: menu/select.wav
14:31:53.809 [FXGL Background Thread 3 ] DEBUG Engine               - soundNotification: core/notification.wav
14:31:53.809 [FXGL Background Thread 3 ] DEBUG Engine               - stageStyle: DECORATED
14:31:53.809 [FXGL Background Thread 3 ] DEBUG Engine               - supportedLanguages: [ENGLISH, FRENCH, GERMAN, HUNGARIAN, RUSSIAN]
14:31:53.810 [FXGL Background Thread 3 ] DEBUG Engine               - ticksPerSecond: -1
14:31:53.810 [FXGL Background Thread 3 ] DEBUG Engine               - title: RTAIparty
14:31:53.810 [FXGL Background Thread 3 ] DEBUG Engine               - urlGithub: https://github.com/AlmasB/FXGL
14:31:53.815 [FXGL Background Thread 3 ] DEBUG Engine               - urlLeaderboard: http://fxgl-top.herokuapp.com/
14:31:53.815 [FXGL Background Thread 3 ] DEBUG Engine               - urlPOM: https://raw.githubusercontent.com/AlmasB/FXGL/release/README.md
14:31:53.816 [FXGL Background Thread 3 ] DEBUG Engine               - userAppClass: class com.almasb.fxglgames.RTAIparty.RTAIpartyApp
14:31:53.816 [FXGL Background Thread 3 ] DEBUG Engine               - version: 1.0
14:31:53.816 [FXGL Background Thread 3 ] DEBUG Engine               - versionCheckDays: 7
14:31:53.816 [FXGL Background Thread 3 ] DEBUG Engine               - width: 1280
14:31:53.816 [FXGL Background Thread 3 ] DEBUG Engine               - Logging services
14:31:53.817 [FXGL Background Thread 3 ] DEBUG Engine               - class com.almasb.fxgl.app.services.FXGLAssetLoaderService
14:31:53.817 [FXGL Background Thread 3 ] DEBUG Engine               - class com.almasb.fxgl.app.FXGLApplication$GameApplicationService
14:31:53.817 [FXGL Background Thread 3 ] DEBUG Engine               - class com.almasb.fxgl.app.services.FXGLDialogService
14:31:53.817 [FXGL Background Thread 3 ] DEBUG Engine               - class com.almasb.fxgl.app.services.IOTaskExecutorService
14:31:53.817 [FXGL Background Thread 3 ] DEBUG Engine               - class com.almasb.fxgl.io.FileSystemService
14:31:53.818 [FXGL Background Thread 3 ] DEBUG Engine               - class com.almasb.fxgl.localization.LocalizationService
14:31:53.818 [FXGL Background Thread 3 ] DEBUG Engine               - class com.almasb.fxgl.app.services.SystemBundleService
14:31:53.818 [FXGL Background Thread 3 ] DEBUG Engine               - class com.almasb.fxgl.profile.SaveLoadService
14:31:53.818 [FXGL Background Thread 3 ] DEBUG Engine               - class com.almasb.fxgl.ui.FXGLUIFactoryServiceProvider
14:31:53.819 [FXGL Background Thread 3 ] DEBUG Engine               - class com.almasb.fxgl.ui.FXGLDialogFactoryServiceProvider
14:31:53.819 [FXGL Background Thread 3 ] DEBUG Engine               - class com.almasb.fxgl.audio.AudioPlayer
14:31:53.819 [FXGL Background Thread 3 ] DEBUG Engine               - class com.almasb.fxgl.notification.impl.NotificationServiceProvider
14:31:53.819 [FXGL Background Thread 3 ] DEBUG Engine               - class com.almasb.fxgl.achievement.AchievementService
14:31:53.819 [FXGL Background Thread 3 ] DEBUG Engine               - class com.almasb.fxgl.cutscene.CutsceneService
14:31:53.819 [FXGL Background Thread 3 ] DEBUG Engine               - class com.almasb.fxgl.minigames.MiniGameService
14:31:53.820 [FXGL Background Thread 3 ] DEBUG Engine               - class com.almasb.fxgl.net.NetService
14:31:53.820 [FXGL Background Thread 3 ] DEBUG Engine               - class com.almasb.fxgl.app.services.UpdaterService
14:31:53.820 [FXGL Background Thread 3 ] DEBUG Engine               - class com.almasb.fxgl.dev.DevService
14:32:09.068 [JavaFX Application Thread] DEBUG Menu                 - fireNewGame()
14:32:09.068 [JavaFX Application Thread] DEBUG GameApplicationServi - Starting new game
14:32:09.069 [JavaFX Application Thread] DEBUG PrimaryStageWindow   - Pop state: RTAIpartyMainMenu
14:32:09.069 [JavaFX Application Thread] DEBUG Input                - Clearing active input actions
14:32:09.070 [JavaFX Application Thread] DEBUG GameApplicationServi - Removing overlay from RTAIpartyMainMenu and adding to FXGLMainMenuDummyScene
14:32:09.070 [JavaFX Application Thread] DEBUG PrimaryStageWindow   - FXGLMainMenuDummyScene <- RTAIpartyMainMenu
14:32:09.071 [JavaFX Application Thread] DEBUG Input                - Clearing active input actions
14:32:09.085 [JavaFX Application Thread] DEBUG GameApplicationServi - Removing overlay from FXGLMainMenuDummyScene and adding to FXGLLoadingScene
14:32:09.086 [JavaFX Application Thread] DEBUG PrimaryStageWindow   - FXGLMainMenuDummyScene -> FXGLLoadingScene
14:32:09.086 [JavaFX Application Thread] DEBUG GameApplicationServi - Clearing previous game
14:32:09.086 [JavaFX Application Thread] DEBUG GameScene            - Clearing game scene
14:32:09.087 [JavaFX Application Thread] DEBUG GameWorld            - Clearing game world
14:32:09.087 [JavaFX Application Thread] DEBUG PhysicsWorld         - Clearing physics world
14:32:09.090 [FXGL Background Thread 2 ] DEBUG FXGLApplication      - Initializing game
14:32:09.092 [FXGL Background Thread 2 ] INFO  FXGLApplication      - Game initialization took: 0,001 sec
14:32:09.103 [JavaFX Application Thread] DEBUG Input                - Registered new binding: fin - E
14:32:09.107 [JavaFX Application Thread] DEBUG FXGLAssetLoaderServi - Loading from file system: file:/Users/mehnounekheira/eclipse-workspace/RTAIparty/target/classes/assets/textures/DodgeBlock.png
14:32:10.235 [JavaFX Application Thread] DEBUG GameWorld            - Clearing removable entities
14:32:10.236 [JavaFX Application Thread] DEBUG GameWorld            - Setting level: com.almasb.fxgl.entity.level.Level@2fb173e9
14:32:10.355 [JavaFX Application Thread] DEBUG Input                - Clearing active input actions
14:32:10.563 [JavaFX Application Thread] DEBUG GameApplicationServi - Removing overlay from FXGLLoadingScene and adding to GameScene
14:32:10.563 [JavaFX Application Thread] DEBUG PrimaryStageWindow   - FXGLLoadingScene -> GameScene
14:32:10.630 [JavaFX Application Thread] DEBUG PrimaryStageWindow   - Push state: DodgeSubScene
14:32:10.630 [JavaFX Application Thread] DEBUG Input                - Clearing active input actions
14:32:10.631 [JavaFX Application Thread] DEBUG GameApplicationServi - Removing overlay from GameScene and adding to DodgeSubScene
14:32:10.632 [JavaFX Application Thread] DEBUG PrimaryStageWindow   - GameScene -> DodgeSubScene
14:32:27.778 [JavaFX Application Thread] DEBUG FXGLApplication      - Exiting FXGL
14:32:27.778 [JavaFX Application Thread] DEBUG LoopRunner           - Stopping loop
14:32:27.778 [JavaFX Application Thread] DEBUG SystemBundleService  - Saving FXGL system data
14:32:27.781 [JavaFX Application Thread] DEBUG FileSystemAccess     - Writing to: /Users/mehnounekheira/eclipse-workspace/RTAIparty/system/fxgl.bundle
14:32:27.784 [JavaFX Application Thread] DEBUG Async                - Shutting down background threads
14:32:27.785 [JavaFX Application Thread] DEBUG PrimaryStageWindow   - Closing main window
14:32:27.802 [JavaFX Application Thread] DEBUG Logger               - Closing Logger
