23:25:21.245 [main                     ] DEBUG Logger               - Configured Logger
23:25:21.296 [main                     ] DEBUG GameApplication      - Logging settings
Title: RTAIparty
Version: 1.0
Width: 1280
Height: 720
Fullscreen: false
Intro: false
Profiling: false
Single step:false
App Mode: DEVELOPER
Menu Key: ESCAPE
Stage Style: DECORATED
Scene Factory: class ui.RTAISceneFactory

23:25:21.966 [JavaFX Application Thread] DEBUG FXGLApplication      - Initializing FXGL
23:25:21.969 [JavaFX Application Thread] INFO  Engine               - FXGL-11.17 (16.07.2021 15.46) on WINDOWS (J:16.0.2 FX:16)
23:25:21.970 [JavaFX Application Thread] DEBUG Engine               - JRE Vendor Name: Oracle Corporation
23:25:21.970 [JavaFX Application Thread] DEBUG Engine               - Running on OS: Windows 10 version 10.0
23:25:21.971 [JavaFX Application Thread] DEBUG Engine               - Architecture: amd64
23:25:21.971 [JavaFX Application Thread] INFO  Engine               - Source code and latest versions at: https://github.com/AlmasB/FXGL
23:25:21.971 [JavaFX Application Thread] INFO  Engine               -              Join the FXGL chat at: https://gitter.im/AlmasB/FXGL
23:25:22.083 [JavaFX Application Thread] DEBUG PrimaryStageWindow   - Creating a JavaFX scene
23:25:22.146 [JavaFX Application Thread] DEBUG PrimaryStageWindow   - Target settings size: 1280.0 x 720.0
23:25:22.146 [JavaFX Application Thread] DEBUG PrimaryStageWindow   - Scaled scene size:    1280.0 x 720.0
23:25:22.146 [JavaFX Application Thread] DEBUG PrimaryStageWindow   - Scaled ratio: (1.0, 1.0)
23:25:22.148 [JavaFX Application Thread] DEBUG PrimaryStageWindow   - Set initial scene to FXGLStartupScene
23:25:22.156 [JavaFX Application Thread] DEBUG PrimaryStageWindow   - Opening main window
23:25:22.261 [JavaFX Application Thread] DEBUG PrimaryStageWindow   - Window border size: (8.0, 28.0)
23:25:22.262 [JavaFX Application Thread] DEBUG PrimaryStageWindow   - Scaled size: 1280.0 x 720.0
23:25:22.262 [JavaFX Application Thread] DEBUG PrimaryStageWindow   - Scaled ratio: (1.0, 1.0)
23:25:22.262 [JavaFX Application Thread] DEBUG PrimaryStageWindow   - Scene size: 1280.0 x 720.0
23:25:22.262 [JavaFX Application Thread] DEBUG PrimaryStageWindow   - Stage size: 1288.0 x 748.0
23:25:22.271 [FXGL Background Thread 1 ] DEBUG Engine               - Initializing environment variables
23:25:22.343 [FXGL Background Thread 1 ] DEBUG FXGLAssetLoaderServi - User app class for loading assets: class com.almasb.fxglgames.RTAIparty.RTAIpartyApp
23:25:22.344 [FXGL Background Thread 1 ] DEBUG GameApplicationServi - Applying CSS: fxgl_dark.css
23:25:22.345 [FXGL Background Thread 1 ] DEBUG FXGLAssetLoaderServi - Loading from file system: jar:file:///C:/Users/moi/.m2/repository/com/github/almasb/fxgl/11.17/fxgl-11.17.jar!/fxglassets/ui/css/fxgl_dark.css
23:25:22.426 [FXGL Background Thread 1 ] DEBUG GameApplicationServi - Initializing application scenes
23:25:22.474 [FXGL Background Thread 1 ] DEBUG GameWorld            - Game world initialized
23:25:22.559 [FXGL Background Thread 1 ] DEBUG PhysicsWorld         - Physics world initialized: appHeight=720, physics.ppm=50,0
23:25:22.559 [FXGL Background Thread 1 ] DEBUG PhysicsWorld         - Using strategy: BRUTE_FORCE
23:25:22.563 [FXGL Background Thread 1 ] DEBUG GameScene            - Game scene initialized: 1280x720
23:25:22.573 [FXGL Background Thread 1 ] DEBUG FXGLAssetLoaderServi - Loading from file system: file:/C:/Users/moi/java-workspace/RTAIparty/target/classes/assets/textures/garcon_blond.png
23:25:22.596 [FXGL Background Thread 1 ] DEBUG FXGLAssetLoaderServi - Loading from file system: file:/C:/Users/moi/java-workspace/RTAIparty/target/classes/assets/textures/garcon_brun.png
23:25:22.599 [FXGL Background Thread 1 ] DEBUG FXGLAssetLoaderServi - Loading from file system: file:/C:/Users/moi/java-workspace/RTAIparty/target/classes/assets/textures/fille_blonde.png
23:25:22.600 [FXGL Background Thread 1 ] DEBUG FXGLAssetLoaderServi - Loading from file system: file:/C:/Users/moi/java-workspace/RTAIparty/target/classes/assets/textures/fille_brune.png
23:25:22.603 [FXGL Background Thread 1 ] DEBUG FXGLAssetLoaderServi - Loading from file system: file:/C:/Users/moi/java-workspace/RTAIparty/target/classes/assets/textures/background/classe.png
23:25:22.692 [FXGL Background Thread 1 ] DEBUG FXGLAssetLoaderServi - Loading from file system: file:/C:/Users/moi/java-workspace/RTAIparty/target/classes/assets/textures/tableau.png
23:25:22.714 [FXGL Background Thread 1 ] DEBUG FXGLAssetLoaderServi - Loading from file system: file:/C:/Users/moi/java-workspace/RTAIparty/target/classes/assets/textures/table.png
23:25:22.743 [FXGL Background Thread 1 ] DEBUG FXGL.DefaultMenu     - createMenuBodyGameMenu()
23:25:22.761 [FXGL Background Thread 1 ] DEBUG FXGL.DefaultMenu     - createOptionsMenu()
23:25:22.776 [FXGL Background Thread 1 ] DEBUG FXGLAssetLoaderServi - Loading from file system: jar:file:///C:/Users/moi/.m2/repository/com/github/almasb/fxgl/11.17/fxgl-11.17.jar!/fxglassets/textures/particles/smoke.png
23:25:22.927 [FXGL Background Thread 1 ] DEBUG FXGLAssetLoaderServi - Loading from file system: jar:file:///C:/Users/moi/.m2/repository/com/github/almasb/fxgl/11.17/fxgl-11.17.jar!/fxglassets/textures/particles/trace_horizontal.png
23:25:22.953 [FXGL Background Thread 1 ] DEBUG GameApplicationServi - Application scenes initialized
23:25:22.966 [FXGL Background Thread 1 ] DEBUG SystemBundleService  - Loading FXGL system data
23:25:22.972 [FXGL Background Thread 1 ] DEBUG FileSystemAccess     - Reading from: C:\Users\moi\java-workspace\RTAIparty\system\fxgl.bundle
23:25:22.981 [FXGL Background Thread 1 ] DEBUG SystemBundleService  - Bundle FXGL: {}
23:25:22.982 [FXGL Background Thread 1 ] DEBUG UpdaterService       - Checking for updates
23:25:22.987 [FXGL Background Thread 4 ] DEBUG FXGLApplication      - Loading fonts
23:25:22.988 [FXGL Background Thread 1 ] DEBUG FXGLApplication      - Loading default localization
23:25:22.988 [FXGL Background Thread 4 ] DEBUG FXGLAssetLoaderServi - Loading from file system: jar:file:///C:/Users/moi/.m2/repository/com/github/almasb/fxgl/11.17/fxgl-11.17.jar!/fxglassets/ui/fonts/VarelaRound-Regular.ttf
23:25:22.989 [FXGL Background Thread 1 ] DEBUG FXGLAssetLoaderServi - Loading from file system: jar:file:///C:/Users/moi/.m2/repository/com/github/almasb/fxgl/11.17/fxgl-11.17.jar!/fxglassets/languages/english.lang
23:25:23.013 [FXGL Background Thread 1 ] INFO  FXGLApplication      - FXGL initialization took: 0,741 sec
23:25:23.022 [JavaFX Application Thread] DEBUG Input                - Registered new binding: clic - LMB
23:25:23.033 [JavaFX Application Thread] DEBUG Input                - Registered new binding: test - E
23:25:23.034 [JavaFX Application Thread] DEBUG FXGLAssetLoaderServi - Loading from file system: jar:file:///C:/Users/moi/.m2/repository/com/github/almasb/fxgl/11.17/fxgl-11.17.jar!/fxglassets/textures/fxgl_icon.png
23:25:23.054 [JavaFX Application Thread] DEBUG FXGLAssetLoaderServi - Loading from file system: jar:file:///C:/Users/moi/.m2/repository/com/github/almasb/fxgl/11.17/fxgl-11.17.jar!/fxglassets/textures/fxgl_default_cursor.png
23:25:23.059 [JavaFX Application Thread] DEBUG Input                - Registered new binding: Screenshot - CTRL+8
23:25:23.060 [JavaFX Application Thread] DEBUG Input                - Registered new binding: System info dump - CTRL+9
23:25:23.061 [JavaFX Application Thread] DEBUG Input                - Registered new binding: Restart - CTRL+R
23:25:23.062 [JavaFX Application Thread] DEBUG Input                - Registered new binding: Toggle Debug Camera - CTRL+C
23:25:23.065 [JavaFX Application Thread] DEBUG LoopRunner           - Starting loop
23:25:23.065 [JavaFX Application Thread] DEBUG LoopRunner           - Initializing JavaFX AnimationTimerLoop
23:25:23.069 [JavaFX Application Thread] DEBUG Input                - Clearing active input actions
23:25:23.081 [JavaFX Application Thread] DEBUG GameApplicationServi - Removing overlay from FXGLStartupScene and adding to FXGLMainMenuDummyScene
23:25:23.082 [JavaFX Application Thread] DEBUG PrimaryStageWindow   - FXGLStartupScene -> FXGLMainMenuDummyScene
23:25:23.082 [JavaFX Application Thread] DEBUG PrimaryStageWindow   - Push state: RTAIpartyMainMenu
23:25:23.083 [JavaFX Application Thread] DEBUG Input                - Clearing active input actions
23:25:23.089 [JavaFX Application Thread] DEBUG GameApplicationServi - Removing overlay from FXGLMainMenuDummyScene and adding to RTAIpartyMainMenu
23:25:23.089 [JavaFX Application Thread] DEBUG PrimaryStageWindow   - FXGLMainMenuDummyScene -> RTAIpartyMainMenu
23:25:23.293 [FXGL Background Thread 4 ] DEBUG FXGLAssetLoaderServi - Loading from file system: jar:file:///C:/Users/moi/.m2/repository/com/github/almasb/fxgl/11.17/fxgl-11.17.jar!/fxglassets/ui/fonts/Abel-Regular.ttf
23:25:23.329 [FXGL Background Thread 4 ] DEBUG FXGLAssetLoaderServi - Loading from file system: jar:file:///C:/Users/moi/.m2/repository/com/github/almasb/fxgl/11.17/fxgl-11.17.jar!/fxglassets/ui/fonts/lucida_console.ttf
23:25:23.350 [FXGL Background Thread 4 ] DEBUG FXGLAssetLoaderServi - Loading from file system: jar:file:///C:/Users/moi/.m2/repository/com/github/almasb/fxgl/11.17/fxgl-11.17.jar!/fxglassets/ui/fonts/Courier-Prime.ttf
23:25:23.373 [JavaFX Application Thread] DEBUG FXGLApplication      - Registering font factories with UI factory
23:25:25.402 [JavaFX Application Thread] DEBUG Menu                 - fireNewGame()
23:25:25.403 [JavaFX Application Thread] DEBUG GameApplicationServi - Starting new game
23:25:25.403 [JavaFX Application Thread] DEBUG PrimaryStageWindow   - Pop state: RTAIpartyMainMenu
23:25:25.403 [JavaFX Application Thread] DEBUG Input                - Clearing active input actions
23:25:25.404 [JavaFX Application Thread] DEBUG GameApplicationServi - Removing overlay from RTAIpartyMainMenu and adding to FXGLMainMenuDummyScene
23:25:25.404 [JavaFX Application Thread] DEBUG PrimaryStageWindow   - FXGLMainMenuDummyScene <- RTAIpartyMainMenu
23:25:25.404 [JavaFX Application Thread] DEBUG Input                - Clearing active input actions
23:25:25.416 [JavaFX Application Thread] DEBUG GameApplicationServi - Removing overlay from FXGLMainMenuDummyScene and adding to FXGLLoadingScene
23:25:25.416 [JavaFX Application Thread] DEBUG PrimaryStageWindow   - FXGLMainMenuDummyScene -> FXGLLoadingScene
23:25:25.416 [JavaFX Application Thread] DEBUG GameApplicationServi - Clearing previous game
23:25:25.417 [JavaFX Application Thread] DEBUG GameScene            - Clearing game scene
23:25:25.417 [JavaFX Application Thread] DEBUG GameWorld            - Clearing game world
23:25:25.418 [JavaFX Application Thread] DEBUG PhysicsWorld         - Clearing physics world
23:25:25.420 [FXGL Background Thread 2 ] DEBUG FXGLApplication      - Initializing game
23:25:25.421 [FXGL Background Thread 2 ] INFO  FXGLApplication      - Game initialization took: 0,001 sec
23:25:25.427 [JavaFX Application Thread] DEBUG Input                - Registered new binding: fin - E
23:25:25.430 [JavaFX Application Thread] DEBUG FXGLAssetLoaderServi - Loading from file system: file:/C:/Users/moi/java-workspace/RTAIparty/target/classes/assets/textures/block-bleu.png
23:25:25.977 [JavaFX Application Thread] DEBUG GameWorld            - Clearing removable entities
23:25:25.978 [JavaFX Application Thread] DEBUG GameWorld            - Setting level: com.almasb.fxgl.entity.level.Level@5a53a1a5
23:25:25.986 [FXGL Background Thread 3 ] DEBUG Engine               - Logging environment variables
23:25:25.986 [FXGL Background Thread 3 ] DEBUG Engine               - achievements: []
23:25:25.988 [FXGL Background Thread 3 ] DEBUG Engine               - actualHeight: 720.0
23:25:25.988 [FXGL Background Thread 3 ] DEBUG Engine               - actualHeightProperty: ReadOnlyDoubleProperty [value: 720.0]
23:25:25.988 [FXGL Background Thread 3 ] DEBUG Engine               - actualWidth: 1280.0
23:25:25.991 [FXGL Background Thread 3 ] DEBUG Engine               - actualWidthProperty: ReadOnlyDoubleProperty [value: 1280.0]
23:25:25.991 [FXGL Background Thread 3 ] DEBUG Engine               - appIcon: fxgl_icon.png
23:25:25.991 [FXGL Background Thread 3 ] DEBUG Engine               - applicationMode: DEVELOPER
23:25:25.992 [FXGL Background Thread 3 ] DEBUG Engine               - cSSList: [fxgl_dark.css]
23:25:25.994 [FXGL Background Thread 3 ] DEBUG Engine               - collisionDetectionStrategy: BRUTE_FORCE
23:25:25.994 [FXGL Background Thread 3 ] DEBUG Engine               - configClass: Optional.empty
23:25:25.995 [FXGL Background Thread 3 ] DEBUG Engine               - credits: []
23:25:25.996 [FXGL Background Thread 3 ] DEBUG Engine               - defaultCursor: CursorInfo(imageName=fxgl_default_cursor.png, hotspotX=7.0, hotspotY=6.0)
23:25:25.996 [FXGL Background Thread 3 ] DEBUG Engine               - devBBoxColorProperty: ObjectProperty [value: 0xff0000ff]
23:25:25.996 [FXGL Background Thread 3 ] DEBUG Engine               - devEnableDebugCameraProperty: BooleanProperty [value: false]
23:25:25.997 [FXGL Background Thread 3 ] DEBUG Engine               - devSensorColorProperty: ObjectProperty [value: 0xffff00ff]
23:25:25.997 [FXGL Background Thread 3 ] DEBUG Engine               - devShowBBoxProperty: BooleanProperty [value: false]
23:25:25.997 [FXGL Background Thread 3 ] DEBUG Engine               - devShowPositionProperty: BooleanProperty [value: false]
23:25:25.998 [FXGL Background Thread 3 ] DEBUG Engine               - enabledMenuItems: []
23:25:25.998 [FXGL Background Thread 3 ] DEBUG Engine               - engineServices: [class com.almasb.fxgl.app.services.FXGLAssetLoaderService, class com.almasb.fxgl.app.FXGLApplication$GameApplicationService, class com.almasb.fxgl.app.services.FXGLDialogService, class com.almasb.fxgl.app.services.IOTaskExecutorService, class com.almasb.fxgl.io.FileSystemService, class com.almasb.fxgl.localization.LocalizationService, class com.almasb.fxgl.app.services.SystemBundleService, class com.almasb.fxgl.profile.SaveLoadService, class com.almasb.fxgl.ui.FXGLUIFactoryServiceProvider, class com.almasb.fxgl.ui.FXGLDialogFactoryServiceProvider, class com.almasb.fxgl.audio.AudioPlayer, class com.almasb.fxgl.notification.impl.NotificationServiceProvider, class com.almasb.fxgl.achievement.AchievementService, class com.almasb.fxgl.cutscene.CutsceneService, class com.almasb.fxgl.minigames.MiniGameService, class com.almasb.fxgl.net.NetService, class com.almasb.fxgl.app.services.UpdaterService, class com.almasb.fxgl.dev.DevService]
23:25:25.998 [FXGL Background Thread 3 ] DEBUG Engine               - fontGame: Abel-Regular.ttf
23:25:25.998 [FXGL Background Thread 3 ] DEBUG Engine               - fontMono: lucida_console.ttf
23:25:25.999 [FXGL Background Thread 3 ] DEBUG Engine               - fontText: Courier-Prime.ttf
23:25:25.999 [FXGL Background Thread 3 ] DEBUG Engine               - fontUI: VarelaRound-Regular.ttf
23:25:25.999 [FXGL Background Thread 3 ] DEBUG Engine               - fullScreen: BooleanProperty [value: false]
23:25:25.999 [FXGL Background Thread 3 ] DEBUG Engine               - gameDifficulty: MEDIUM
23:25:26.000 [FXGL Background Thread 3 ] DEBUG Engine               - gameDifficultyProperty: ObjectProperty [value: MEDIUM]
23:25:26.000 [FXGL Background Thread 3 ] DEBUG Engine               - globalMusicVolume: 0.5
23:25:26.000 [FXGL Background Thread 3 ] DEBUG Engine               - globalMusicVolumeProperty: DoubleProperty [value: 0.5]
23:25:26.000 [FXGL Background Thread 3 ] DEBUG Engine               - globalSoundVolume: 0.5
23:25:26.001 [FXGL Background Thread 3 ] DEBUG Engine               - globalSoundVolumeProperty: DoubleProperty [value: 0.5]
23:25:26.001 [FXGL Background Thread 3 ] DEBUG Engine               - height: 720
23:25:26.001 [FXGL Background Thread 3 ] DEBUG Engine               - is3D: false
23:25:26.002 [FXGL Background Thread 3 ] DEBUG Engine               - isAndroid: false
23:25:26.002 [FXGL Background Thread 3 ] DEBUG Engine               - isBrowser: false
23:25:26.002 [FXGL Background Thread 3 ] DEBUG Engine               - isClickFeedbackEnabled: false
23:25:26.003 [FXGL Background Thread 3 ] DEBUG Engine               - isCloseConfirmation: false
23:25:26.003 [FXGL Background Thread 3 ] DEBUG Engine               - isDesktop: true
23:25:26.003 [FXGL Background Thread 3 ] DEBUG Engine               - isDeveloperMenuEnabled: false
23:25:26.003 [FXGL Background Thread 3 ] DEBUG Engine               - isEntityPreloadEnabled: true
23:25:26.004 [FXGL Background Thread 3 ] DEBUG Engine               - isExperimentalTiledLargeMap: false
23:25:26.005 [FXGL Background Thread 3 ] DEBUG Engine               - isFileSystemWriteAllowed: true
23:25:26.005 [FXGL Background Thread 3 ] DEBUG Engine               - isFullScreenAllowed: false
23:25:26.005 [FXGL Background Thread 3 ] DEBUG Engine               - isFullScreenFromStart: false
23:25:26.006 [FXGL Background Thread 3 ] DEBUG Engine               - isGameMenuEnabled: true
23:25:26.006 [FXGL Background Thread 3 ] DEBUG Engine               - isIOS: false
23:25:26.006 [FXGL Background Thread 3 ] DEBUG Engine               - isIntroEnabled: false
23:25:26.006 [FXGL Background Thread 3 ] DEBUG Engine               - isLinux: false
23:25:26.007 [FXGL Background Thread 3 ] DEBUG Engine               - isMac: false
23:25:26.007 [FXGL Background Thread 3 ] DEBUG Engine               - isMainMenuEnabled: true
23:25:26.008 [FXGL Background Thread 3 ] DEBUG Engine               - isManualResizeEnabled: true
23:25:26.008 [FXGL Background Thread 3 ] DEBUG Engine               - isMobile: false
23:25:26.008 [FXGL Background Thread 3 ] DEBUG Engine               - isNative: false
23:25:26.008 [FXGL Background Thread 3 ] DEBUG Engine               - isPauseMusicWhenMinimized: true
23:25:26.009 [FXGL Background Thread 3 ] DEBUG Engine               - isPreserveResizeRatio: true
23:25:26.009 [FXGL Background Thread 3 ] DEBUG Engine               - isProfilingEnabled: false
23:25:26.009 [FXGL Background Thread 3 ] DEBUG Engine               - isScaleAffectedOnResize: true
23:25:26.010 [FXGL Background Thread 3 ] DEBUG Engine               - isSingleStep: false
23:25:26.010 [FXGL Background Thread 3 ] DEBUG Engine               - isUserProfileEnabled: false
23:25:26.010 [FXGL Background Thread 3 ] DEBUG Engine               - isWindows: true
23:25:26.010 [FXGL Background Thread 3 ] DEBUG Engine               - language: ObjectProperty [value: ENGLISH]
23:25:26.011 [FXGL Background Thread 3 ] DEBUG Engine               - menuKey: ESCAPE
23:25:26.011 [FXGL Background Thread 3 ] DEBUG Engine               - mouseSensitivity: 0.2
23:25:26.012 [FXGL Background Thread 3 ] DEBUG Engine               - notificationViewClass: class com.almasb.fxgl.notification.view.XboxNotificationView
23:25:26.012 [FXGL Background Thread 3 ] DEBUG Engine               - pixelsPerMeter: 50.0
23:25:26.012 [FXGL Background Thread 3 ] DEBUG Engine               - platform: WINDOWS
23:25:26.013 [FXGL Background Thread 3 ] DEBUG Engine               - prefHeightProperty: ReadOnlyDoubleProperty [value: 720.0]
23:25:26.014 [FXGL Background Thread 3 ] DEBUG Engine               - prefWidthProperty: ReadOnlyDoubleProperty [value: 1280.0]
23:25:26.014 [FXGL Background Thread 3 ] DEBUG Engine               - profileDir: profiles/
23:25:26.015 [FXGL Background Thread 3 ] DEBUG Engine               - profileName: StringProperty [value: DEFAULT]
23:25:26.015 [FXGL Background Thread 3 ] DEBUG Engine               - randomSeed: -1
23:25:26.015 [FXGL Background Thread 3 ] DEBUG Engine               - runtimeInfo: RuntimeInfo(platform=WINDOWS, version=11.17, build=16.07.2021 15.46)
23:25:26.016 [FXGL Background Thread 3 ] DEBUG Engine               - saveFileExt: sav
23:25:26.017 [FXGL Background Thread 3 ] DEBUG Engine               - scaledHeightProp$fxgl: DoubleProperty [bound, value: 720.0]
23:25:26.018 [FXGL Background Thread 3 ] DEBUG Engine               - scaledWidthProp$fxgl: DoubleProperty [bound, value: 1280.0]
23:25:26.018 [FXGL Background Thread 3 ] DEBUG Engine               - sceneFactory: ui.RTAISceneFactory@59fad571
23:25:26.018 [FXGL Background Thread 3 ] DEBUG Engine               - secondsIn24h: 60
23:25:26.019 [FXGL Background Thread 3 ] DEBUG Engine               - soundMenuBack: menu/back.wav
23:25:26.019 [FXGL Background Thread 3 ] DEBUG Engine               - soundMenuPress: menu/press.wav
23:25:26.020 [FXGL Background Thread 3 ] DEBUG Engine               - soundMenuSelect: menu/select.wav
23:25:26.020 [FXGL Background Thread 3 ] DEBUG Engine               - soundNotification: core/notification.wav
23:25:26.020 [FXGL Background Thread 3 ] DEBUG Engine               - stageStyle: DECORATED
23:25:26.020 [FXGL Background Thread 3 ] DEBUG Engine               - supportedLanguages: [ENGLISH, FRENCH, GERMAN, HUNGARIAN, RUSSIAN]
23:25:26.021 [FXGL Background Thread 3 ] DEBUG Engine               - ticksPerSecond: -1
23:25:26.021 [FXGL Background Thread 3 ] DEBUG Engine               - title: RTAIparty
23:25:26.021 [FXGL Background Thread 3 ] DEBUG Engine               - urlGithub: https://github.com/AlmasB/FXGL
23:25:26.022 [FXGL Background Thread 3 ] DEBUG Engine               - urlLeaderboard: http://fxgl-top.herokuapp.com/
23:25:26.022 [FXGL Background Thread 3 ] DEBUG Engine               - urlPOM: https://raw.githubusercontent.com/AlmasB/FXGL/release/README.md
23:25:26.022 [FXGL Background Thread 3 ] DEBUG Engine               - userAppClass: class com.almasb.fxglgames.RTAIparty.RTAIpartyApp
23:25:26.022 [FXGL Background Thread 3 ] DEBUG Engine               - version: 1.0
23:25:26.023 [FXGL Background Thread 3 ] DEBUG Engine               - versionCheckDays: 7
23:25:26.023 [FXGL Background Thread 3 ] DEBUG Engine               - width: 1280
23:25:26.023 [FXGL Background Thread 3 ] DEBUG Engine               - Logging services
23:25:26.024 [FXGL Background Thread 3 ] DEBUG Engine               - class com.almasb.fxgl.app.services.FXGLAssetLoaderService
23:25:26.024 [FXGL Background Thread 3 ] DEBUG Engine               - class com.almasb.fxgl.app.FXGLApplication$GameApplicationService
23:25:26.024 [FXGL Background Thread 3 ] DEBUG Engine               - class com.almasb.fxgl.app.services.FXGLDialogService
23:25:26.024 [FXGL Background Thread 3 ] DEBUG Engine               - class com.almasb.fxgl.app.services.IOTaskExecutorService
23:25:26.024 [FXGL Background Thread 3 ] DEBUG Engine               - class com.almasb.fxgl.io.FileSystemService
23:25:26.024 [FXGL Background Thread 3 ] DEBUG Engine               - class com.almasb.fxgl.localization.LocalizationService
23:25:26.025 [FXGL Background Thread 3 ] DEBUG Engine               - class com.almasb.fxgl.app.services.SystemBundleService
23:25:26.025 [FXGL Background Thread 3 ] DEBUG Engine               - class com.almasb.fxgl.profile.SaveLoadService
23:25:26.025 [FXGL Background Thread 3 ] DEBUG Engine               - class com.almasb.fxgl.ui.FXGLUIFactoryServiceProvider
23:25:26.026 [FXGL Background Thread 3 ] DEBUG Engine               - class com.almasb.fxgl.ui.FXGLDialogFactoryServiceProvider
23:25:26.026 [FXGL Background Thread 3 ] DEBUG Engine               - class com.almasb.fxgl.audio.AudioPlayer
23:25:26.026 [FXGL Background Thread 3 ] DEBUG Engine               - class com.almasb.fxgl.notification.impl.NotificationServiceProvider
23:25:26.026 [FXGL Background Thread 3 ] DEBUG Engine               - class com.almasb.fxgl.achievement.AchievementService
23:25:26.027 [FXGL Background Thread 3 ] DEBUG Engine               - class com.almasb.fxgl.cutscene.CutsceneService
23:25:26.027 [FXGL Background Thread 3 ] DEBUG Engine               - class com.almasb.fxgl.minigames.MiniGameService
23:25:26.027 [FXGL Background Thread 3 ] DEBUG Engine               - class com.almasb.fxgl.net.NetService
23:25:26.028 [FXGL Background Thread 3 ] DEBUG Engine               - class com.almasb.fxgl.app.services.UpdaterService
23:25:26.028 [FXGL Background Thread 3 ] DEBUG Engine               - class com.almasb.fxgl.dev.DevService
23:25:26.032 [JavaFX Application Thread] DEBUG Input                - Clearing active input actions
23:25:26.090 [JavaFX Application Thread] DEBUG GameApplicationServi - Removing overlay from FXGLLoadingScene and adding to GameScene
23:25:26.090 [JavaFX Application Thread] DEBUG PrimaryStageWindow   - FXGLLoadingScene -> GameScene
23:25:26.118 [JavaFX Application Thread] DEBUG PrimaryStageWindow   - Push state: DodgeSubScene
23:25:26.119 [JavaFX Application Thread] DEBUG Input                - Clearing active input actions
23:25:26.120 [JavaFX Application Thread] DEBUG GameApplicationServi - Removing overlay from GameScene and adding to DodgeSubScene
23:25:26.120 [JavaFX Application Thread] DEBUG PrimaryStageWindow   - GameScene -> DodgeSubScene
23:25:31.489 [JavaFX Application Thread] DEBUG FXGLApplication      - Exiting FXGL
23:25:31.489 [JavaFX Application Thread] DEBUG LoopRunner           - Stopping loop
23:25:31.490 [JavaFX Application Thread] DEBUG SystemBundleService  - Saving FXGL system data
23:25:31.492 [JavaFX Application Thread] DEBUG FileSystemAccess     - Writing to: C:\Users\moi\java-workspace\RTAIparty\system\fxgl.bundle
23:25:31.494 [JavaFX Application Thread] DEBUG Async                - Shutting down background threads
23:25:31.495 [JavaFX Application Thread] DEBUG PrimaryStageWindow   - Closing main window
23:25:31.514 [JavaFX Application Thread] DEBUG Logger               - Closing Logger
