17:27:17.966 [main                     ] DEBUG Logger               - Configured Logger
17:27:18.144 [main                     ] DEBUG GameApplication      - Logging settings
Title: RTAIparty
Version: 1.0
Width: 1280
Height: 720
Fullscreen: false
Intro: false
Profiling: false
Single step:false
App Mode: DEVELOPER
Menu Key: ESCAPE
Stage Style: DECORATED
Scene Factory: class ui.RTAISceneFactory

17:27:19.178 [JavaFX Application Thread] DEBUG FXGLApplication      - Initializing FXGL
17:27:19.188 [JavaFX Application Thread] INFO  Engine               - FXGL-11.17 (16.07.2021 15.46) on MAC (J:13.0.2 FX:16)
17:27:19.188 [JavaFX Application Thread] DEBUG Engine               - JRE Vendor Name: Oracle Corporation
17:27:19.189 [JavaFX Application Thread] DEBUG Engine               - Running on OS: Mac OS X version 10.16
17:27:19.189 [JavaFX Application Thread] DEBUG Engine               - Architecture: x86_64
17:27:19.189 [JavaFX Application Thread] INFO  Engine               - Source code and latest versions at: https://github.com/AlmasB/FXGL
17:27:19.190 [JavaFX Application Thread] INFO  Engine               -              Join the FXGL chat at: https://gitter.im/AlmasB/FXGL
17:27:19.556 [JavaFX Application Thread] DEBUG PrimaryStageWindow   - Creating a JavaFX scene
17:27:19.678 [JavaFX Application Thread] DEBUG PrimaryStageWindow   - Target settings size: 1280.0 x 720.0
17:27:19.678 [JavaFX Application Thread] DEBUG PrimaryStageWindow   - Scaled scene size:    1280.0 x 720.0
17:27:19.679 [JavaFX Application Thread] DEBUG PrimaryStageWindow   - Scaled ratio: (1.0, 1.0)
17:27:19.681 [JavaFX Application Thread] DEBUG PrimaryStageWindow   - Set initial scene to FXGLStartupScene
17:27:19.696 [JavaFX Application Thread] DEBUG PrimaryStageWindow   - Opening main window
17:27:19.865 [JavaFX Application Thread] DEBUG PrimaryStageWindow   - Window border size: (0.0, 28.0)
17:27:19.867 [JavaFX Application Thread] DEBUG PrimaryStageWindow   - Scaled size: 1280.0 x 720.0
17:27:19.867 [JavaFX Application Thread] DEBUG PrimaryStageWindow   - Scaled ratio: (1.0, 1.0)
17:27:19.868 [JavaFX Application Thread] DEBUG PrimaryStageWindow   - Scene size: 1280.0 x 720.0
17:27:19.868 [JavaFX Application Thread] DEBUG PrimaryStageWindow   - Stage size: 1280.0 x 748.0
17:27:19.880 [FXGL Background Thread 1 ] DEBUG Engine               - Initializing environment variables
17:27:19.994 [FXGL Background Thread 1 ] DEBUG FXGLAssetLoaderServi - User app class for loading assets: class com.almasb.fxglgames.RTAIparty.RTAIpartyApp
17:27:19.995 [FXGL Background Thread 1 ] DEBUG GameApplicationServi - Applying CSS: fxgl_dark.css
17:27:19.998 [FXGL Background Thread 1 ] DEBUG FXGLAssetLoaderServi - Loading from file system: jar:file:///Users/mehnounekheira/.m2/repository/com/github/almasb/fxgl/11.17/fxgl-11.17.jar!/fxglassets/ui/css/fxgl_dark.css
17:27:20.096 [FXGL Background Thread 1 ] DEBUG GameApplicationServi - Initializing application scenes
17:27:20.850 [FXGL Background Thread 1 ] DEBUG GameWorld            - Game world initialized
17:27:20.958 [FXGL Background Thread 1 ] DEBUG PhysicsWorld         - Physics world initialized: appHeight=720, physics.ppm=50,0
17:27:20.959 [FXGL Background Thread 1 ] DEBUG PhysicsWorld         - Using strategy: BRUTE_FORCE
17:27:20.962 [FXGL Background Thread 1 ] DEBUG GameScene            - Game scene initialized: 1280x720
17:27:20.974 [FXGL Background Thread 1 ] DEBUG FXGLAssetLoaderServi - Loading from file system: file:/Users/mehnounekheira/eclipse-workspace/RTAIparty/target/classes/assets/textures/garcon_blond.png
17:27:21.013 [FXGL Background Thread 1 ] DEBUG FXGLAssetLoaderServi - Loading from file system: file:/Users/mehnounekheira/eclipse-workspace/RTAIparty/target/classes/assets/textures/garcon_brun.png
17:27:21.015 [FXGL Background Thread 1 ] DEBUG FXGLAssetLoaderServi - Loading from file system: file:/Users/mehnounekheira/eclipse-workspace/RTAIparty/target/classes/assets/textures/fille_blonde.png
17:27:21.017 [FXGL Background Thread 1 ] DEBUG FXGLAssetLoaderServi - Loading from file system: file:/Users/mehnounekheira/eclipse-workspace/RTAIparty/target/classes/assets/textures/fille_brune.png
17:27:21.021 [FXGL Background Thread 1 ] DEBUG FXGLAssetLoaderServi - Loading from file system: file:/Users/mehnounekheira/eclipse-workspace/RTAIparty/target/classes/assets/textures/background/classe.png
17:27:21.142 [FXGL Background Thread 1 ] DEBUG FXGLAssetLoaderServi - Loading from file system: file:/Users/mehnounekheira/eclipse-workspace/RTAIparty/target/classes/assets/textures/tableau.png
17:27:21.155 [FXGL Background Thread 1 ] DEBUG FXGLAssetLoaderServi - Loading from file system: file:/Users/mehnounekheira/eclipse-workspace/RTAIparty/target/classes/assets/textures/table.png
17:27:21.187 [FXGL Background Thread 1 ] DEBUG FXGL.DefaultMenu     - createMenuBodyGameMenu()
17:27:21.217 [FXGL Background Thread 1 ] DEBUG FXGL.DefaultMenu     - createOptionsMenu()
17:27:21.231 [FXGL Background Thread 1 ] DEBUG FXGLAssetLoaderServi - Loading from file system: jar:file:///Users/mehnounekheira/.m2/repository/com/github/almasb/fxgl/11.17/fxgl-11.17.jar!/fxglassets/textures/particles/smoke.png
17:27:21.392 [FXGL Background Thread 1 ] DEBUG FXGLAssetLoaderServi - Loading from file system: jar:file:///Users/mehnounekheira/.m2/repository/com/github/almasb/fxgl/11.17/fxgl-11.17.jar!/fxglassets/textures/particles/trace_horizontal.png
17:27:21.425 [FXGL Background Thread 1 ] DEBUG GameApplicationServi - Application scenes initialized
17:27:21.441 [FXGL Background Thread 1 ] DEBUG SystemBundleService  - Loading FXGL system data
17:27:21.446 [FXGL Background Thread 1 ] DEBUG FileSystemAccess     - Reading from: /Users/mehnounekheira/eclipse-workspace/RTAIparty/system/fxgl.bundle
17:27:21.459 [FXGL Background Thread 1 ] DEBUG SystemBundleService  - Bundle FXGL: {}
17:27:21.459 [FXGL Background Thread 1 ] DEBUG UpdaterService       - Checking for updates
17:27:21.469 [FXGL Background Thread 4 ] DEBUG FXGLApplication      - Loading fonts
17:27:21.470 [FXGL Background Thread 1 ] DEBUG FXGLApplication      - Loading default localization
17:27:21.470 [FXGL Background Thread 4 ] DEBUG FXGLAssetLoaderServi - Loading from file system: jar:file:///Users/mehnounekheira/.m2/repository/com/github/almasb/fxgl/11.17/fxgl-11.17.jar!/fxglassets/ui/fonts/VarelaRound-Regular.ttf
17:27:21.471 [FXGL Background Thread 1 ] DEBUG FXGLAssetLoaderServi - Loading from file system: jar:file:///Users/mehnounekheira/.m2/repository/com/github/almasb/fxgl/11.17/fxgl-11.17.jar!/fxglassets/languages/english.lang
17:27:21.499 [FXGL Background Thread 4 ] DEBUG FXGLAssetLoaderServi - Loading from file system: jar:file:///Users/mehnounekheira/.m2/repository/com/github/almasb/fxgl/11.17/fxgl-11.17.jar!/fxglassets/ui/fonts/Abel-Regular.ttf
17:27:21.505 [FXGL Background Thread 4 ] DEBUG FXGLAssetLoaderServi - Loading from file system: jar:file:///Users/mehnounekheira/.m2/repository/com/github/almasb/fxgl/11.17/fxgl-11.17.jar!/fxglassets/ui/fonts/lucida_console.ttf
17:27:21.514 [FXGL Background Thread 4 ] DEBUG FXGLAssetLoaderServi - Loading from file system: jar:file:///Users/mehnounekheira/.m2/repository/com/github/almasb/fxgl/11.17/fxgl-11.17.jar!/fxglassets/ui/fonts/Courier-Prime.ttf
17:27:21.523 [JavaFX Application Thread] DEBUG FXGLApplication      - Registering font factories with UI factory
17:27:21.523 [FXGL Background Thread 1 ] INFO  FXGLApplication      - FXGL initialization took: 1,642 sec
17:27:21.532 [JavaFX Application Thread] DEBUG Input                - Registered new binding: clic - LMB
17:27:21.547 [JavaFX Application Thread] DEBUG Input                - Registered new binding: test - E
17:27:21.548 [JavaFX Application Thread] DEBUG FXGLAssetLoaderServi - Loading from file system: jar:file:///Users/mehnounekheira/.m2/repository/com/github/almasb/fxgl/11.17/fxgl-11.17.jar!/fxglassets/textures/fxgl_icon.png
17:27:21.587 [JavaFX Application Thread] DEBUG FXGLAssetLoaderServi - Loading from file system: jar:file:///Users/mehnounekheira/.m2/repository/com/github/almasb/fxgl/11.17/fxgl-11.17.jar!/fxglassets/textures/fxgl_default_cursor.png
17:27:21.590 [JavaFX Application Thread] DEBUG Input                - Registered new binding: Screenshot - CTRL+8
17:27:21.591 [JavaFX Application Thread] DEBUG Input                - Registered new binding: System info dump - CTRL+9
17:27:21.592 [JavaFX Application Thread] DEBUG Input                - Registered new binding: Restart - CTRL+R
17:27:21.593 [JavaFX Application Thread] DEBUG Input                - Registered new binding: Toggle Debug Camera - CTRL+C
17:27:21.597 [JavaFX Application Thread] DEBUG LoopRunner           - Starting loop
17:27:21.597 [JavaFX Application Thread] DEBUG LoopRunner           - Initializing JavaFX AnimationTimerLoop
17:27:21.601 [JavaFX Application Thread] DEBUG Input                - Clearing active input actions
17:27:21.619 [JavaFX Application Thread] DEBUG GameApplicationServi - Removing overlay from FXGLStartupScene and adding to FXGLMainMenuDummyScene
17:27:21.620 [JavaFX Application Thread] DEBUG PrimaryStageWindow   - FXGLStartupScene -> FXGLMainMenuDummyScene
17:27:21.620 [JavaFX Application Thread] DEBUG PrimaryStageWindow   - Push state: RTAIpartyMainMenu
17:27:21.620 [JavaFX Application Thread] DEBUG Input                - Clearing active input actions
17:27:21.627 [JavaFX Application Thread] DEBUG GameApplicationServi - Removing overlay from FXGLMainMenuDummyScene and adding to RTAIpartyMainMenu
17:27:21.628 [JavaFX Application Thread] DEBUG PrimaryStageWindow   - FXGLMainMenuDummyScene -> RTAIpartyMainMenu
17:27:24.467 [FXGL Background Thread 3 ] DEBUG Engine               - Logging environment variables
17:27:24.468 [FXGL Background Thread 3 ] DEBUG Engine               - achievements: []
17:27:24.468 [FXGL Background Thread 3 ] DEBUG Engine               - actualHeight: 720.0
17:27:24.469 [FXGL Background Thread 3 ] DEBUG Engine               - actualHeightProperty: ReadOnlyDoubleProperty [value: 720.0]
17:27:24.469 [FXGL Background Thread 3 ] DEBUG Engine               - actualWidth: 1280.0
17:27:24.470 [FXGL Background Thread 3 ] DEBUG Engine               - actualWidthProperty: ReadOnlyDoubleProperty [value: 1280.0]
17:27:24.470 [FXGL Background Thread 3 ] DEBUG Engine               - appIcon: fxgl_icon.png
17:27:24.471 [FXGL Background Thread 3 ] DEBUG Engine               - applicationMode: DEVELOPER
17:27:24.471 [FXGL Background Thread 3 ] DEBUG Engine               - cSSList: [fxgl_dark.css]
17:27:24.472 [FXGL Background Thread 3 ] DEBUG Engine               - collisionDetectionStrategy: BRUTE_FORCE
17:27:24.472 [FXGL Background Thread 3 ] DEBUG Engine               - configClass: Optional.empty
17:27:24.472 [FXGL Background Thread 3 ] DEBUG Engine               - credits: []
17:27:24.473 [FXGL Background Thread 3 ] DEBUG Engine               - defaultCursor: CursorInfo(imageName=fxgl_default_cursor.png, hotspotX=7.0, hotspotY=6.0)
17:27:24.475 [FXGL Background Thread 3 ] DEBUG Engine               - devBBoxColorProperty: ObjectProperty [value: 0xff0000ff]
17:27:24.476 [FXGL Background Thread 3 ] DEBUG Engine               - devEnableDebugCameraProperty: BooleanProperty [value: false]
17:27:24.476 [FXGL Background Thread 3 ] DEBUG Engine               - devSensorColorProperty: ObjectProperty [value: 0xffff00ff]
17:27:24.477 [FXGL Background Thread 3 ] DEBUG Engine               - devShowBBoxProperty: BooleanProperty [value: false]
17:27:24.477 [FXGL Background Thread 3 ] DEBUG Engine               - devShowPositionProperty: BooleanProperty [value: false]
17:27:24.477 [FXGL Background Thread 3 ] DEBUG Engine               - enabledMenuItems: []
17:27:24.478 [FXGL Background Thread 3 ] DEBUG Engine               - engineServices: [class com.almasb.fxgl.app.services.FXGLAssetLoaderService, class com.almasb.fxgl.app.FXGLApplication$GameApplicationService, class com.almasb.fxgl.app.services.FXGLDialogService, class com.almasb.fxgl.app.services.IOTaskExecutorService, class com.almasb.fxgl.io.FileSystemService, class com.almasb.fxgl.localization.LocalizationService, class com.almasb.fxgl.app.services.SystemBundleService, class com.almasb.fxgl.profile.SaveLoadService, class com.almasb.fxgl.ui.FXGLUIFactoryServiceProvider, class com.almasb.fxgl.ui.FXGLDialogFactoryServiceProvider, class com.almasb.fxgl.audio.AudioPlayer, class com.almasb.fxgl.notification.impl.NotificationServiceProvider, class com.almasb.fxgl.achievement.AchievementService, class com.almasb.fxgl.cutscene.CutsceneService, class com.almasb.fxgl.minigames.MiniGameService, class com.almasb.fxgl.net.NetService, class com.almasb.fxgl.app.services.UpdaterService, class com.almasb.fxgl.dev.DevService]
17:27:24.478 [FXGL Background Thread 3 ] DEBUG Engine               - fontGame: Abel-Regular.ttf
17:27:24.478 [FXGL Background Thread 3 ] DEBUG Engine               - fontMono: lucida_console.ttf
17:27:24.479 [FXGL Background Thread 3 ] DEBUG Engine               - fontText: Courier-Prime.ttf
17:27:24.479 [FXGL Background Thread 3 ] DEBUG Engine               - fontUI: VarelaRound-Regular.ttf
17:27:24.479 [FXGL Background Thread 3 ] DEBUG Engine               - fullScreen: BooleanProperty [value: false]
17:27:24.479 [FXGL Background Thread 3 ] DEBUG Engine               - gameDifficulty: MEDIUM
17:27:24.479 [FXGL Background Thread 3 ] DEBUG Engine               - gameDifficultyProperty: ObjectProperty [value: MEDIUM]
17:27:24.480 [FXGL Background Thread 3 ] DEBUG Engine               - globalMusicVolume: 0.5
17:27:24.480 [FXGL Background Thread 3 ] DEBUG Engine               - globalMusicVolumeProperty: DoubleProperty [value: 0.5]
17:27:24.480 [FXGL Background Thread 3 ] DEBUG Engine               - globalSoundVolume: 0.5
17:27:24.480 [FXGL Background Thread 3 ] DEBUG Engine               - globalSoundVolumeProperty: DoubleProperty [value: 0.5]
17:27:24.480 [FXGL Background Thread 3 ] DEBUG Engine               - height: 720
17:27:24.481 [FXGL Background Thread 3 ] DEBUG Engine               - is3D: false
17:27:24.481 [FXGL Background Thread 3 ] DEBUG Engine               - isAndroid: false
17:27:24.481 [FXGL Background Thread 3 ] DEBUG Engine               - isBrowser: false
17:27:24.481 [FXGL Background Thread 3 ] DEBUG Engine               - isClickFeedbackEnabled: false
17:27:24.481 [FXGL Background Thread 3 ] DEBUG Engine               - isCloseConfirmation: false
17:27:24.481 [FXGL Background Thread 3 ] DEBUG Engine               - isDesktop: true
17:27:24.481 [FXGL Background Thread 3 ] DEBUG Engine               - isDeveloperMenuEnabled: false
17:27:24.482 [FXGL Background Thread 3 ] DEBUG Engine               - isEntityPreloadEnabled: true
17:27:24.482 [FXGL Background Thread 3 ] DEBUG Engine               - isExperimentalTiledLargeMap: false
17:27:24.482 [FXGL Background Thread 3 ] DEBUG Engine               - isFileSystemWriteAllowed: true
17:27:24.482 [FXGL Background Thread 3 ] DEBUG Engine               - isFullScreenAllowed: false
17:27:24.482 [FXGL Background Thread 3 ] DEBUG Engine               - isFullScreenFromStart: false
17:27:24.482 [FXGL Background Thread 3 ] DEBUG Engine               - isGameMenuEnabled: true
17:27:24.482 [FXGL Background Thread 3 ] DEBUG Engine               - isIOS: false
17:27:24.483 [FXGL Background Thread 3 ] DEBUG Engine               - isIntroEnabled: false
17:27:24.483 [FXGL Background Thread 3 ] DEBUG Engine               - isLinux: false
17:27:24.483 [FXGL Background Thread 3 ] DEBUG Engine               - isMac: true
17:27:24.483 [FXGL Background Thread 3 ] DEBUG Engine               - isMainMenuEnabled: true
17:27:24.483 [FXGL Background Thread 3 ] DEBUG Engine               - isManualResizeEnabled: true
17:27:24.483 [FXGL Background Thread 3 ] DEBUG Engine               - isMobile: false
17:27:24.483 [FXGL Background Thread 3 ] DEBUG Engine               - isNative: false
17:27:24.484 [FXGL Background Thread 3 ] DEBUG Engine               - isPauseMusicWhenMinimized: true
17:27:24.484 [FXGL Background Thread 3 ] DEBUG Engine               - isPreserveResizeRatio: true
17:27:24.484 [FXGL Background Thread 3 ] DEBUG Engine               - isProfilingEnabled: false
17:27:24.484 [FXGL Background Thread 3 ] DEBUG Engine               - isScaleAffectedOnResize: true
17:27:24.485 [FXGL Background Thread 3 ] DEBUG Engine               - isSingleStep: false
17:27:24.485 [FXGL Background Thread 3 ] DEBUG Engine               - isUserProfileEnabled: false
17:27:24.485 [FXGL Background Thread 3 ] DEBUG Engine               - isWindows: false
17:27:24.485 [FXGL Background Thread 3 ] DEBUG Engine               - language: ObjectProperty [value: ENGLISH]
17:27:24.486 [FXGL Background Thread 3 ] DEBUG Engine               - menuKey: ESCAPE
17:27:24.486 [FXGL Background Thread 3 ] DEBUG Engine               - mouseSensitivity: 0.2
17:27:24.486 [FXGL Background Thread 3 ] DEBUG Engine               - notificationViewClass: class com.almasb.fxgl.notification.view.XboxNotificationView
17:27:24.486 [FXGL Background Thread 3 ] DEBUG Engine               - pixelsPerMeter: 50.0
17:27:24.486 [FXGL Background Thread 3 ] DEBUG Engine               - platform: MAC
17:27:24.487 [FXGL Background Thread 3 ] DEBUG Engine               - prefHeightProperty: ReadOnlyDoubleProperty [value: 720.0]
17:27:24.487 [FXGL Background Thread 3 ] DEBUG Engine               - prefWidthProperty: ReadOnlyDoubleProperty [value: 1280.0]
17:27:24.487 [FXGL Background Thread 3 ] DEBUG Engine               - profileDir: profiles/
17:27:24.487 [FXGL Background Thread 3 ] DEBUG Engine               - profileName: StringProperty [value: DEFAULT]
17:27:24.487 [FXGL Background Thread 3 ] DEBUG Engine               - randomSeed: -1
17:27:24.488 [FXGL Background Thread 3 ] DEBUG Engine               - runtimeInfo: RuntimeInfo(platform=MAC, version=11.17, build=16.07.2021 15.46)
17:27:24.488 [FXGL Background Thread 3 ] DEBUG Engine               - saveFileExt: sav
17:27:24.488 [FXGL Background Thread 3 ] DEBUG Engine               - scaledHeightProp$fxgl: DoubleProperty [bound, value: 720.0]
17:27:24.488 [FXGL Background Thread 3 ] DEBUG Engine               - scaledWidthProp$fxgl: DoubleProperty [bound, value: 1280.0]
17:27:24.488 [FXGL Background Thread 3 ] DEBUG Engine               - sceneFactory: ui.RTAISceneFactory@718b8b0e
17:27:24.489 [FXGL Background Thread 3 ] DEBUG Engine               - secondsIn24h: 60
17:27:24.489 [FXGL Background Thread 3 ] DEBUG Engine               - soundMenuBack: menu/back.wav
17:27:24.489 [FXGL Background Thread 3 ] DEBUG Engine               - soundMenuPress: menu/press.wav
17:27:24.489 [FXGL Background Thread 3 ] DEBUG Engine               - soundMenuSelect: menu/select.wav
17:27:24.489 [FXGL Background Thread 3 ] DEBUG Engine               - soundNotification: core/notification.wav
17:27:24.489 [FXGL Background Thread 3 ] DEBUG Engine               - stageStyle: DECORATED
17:27:24.490 [FXGL Background Thread 3 ] DEBUG Engine               - supportedLanguages: [ENGLISH, FRENCH, GERMAN, HUNGARIAN, RUSSIAN]
17:27:24.490 [FXGL Background Thread 3 ] DEBUG Engine               - ticksPerSecond: -1
17:27:24.490 [FXGL Background Thread 3 ] DEBUG Engine               - title: RTAIparty
17:27:24.490 [FXGL Background Thread 3 ] DEBUG Engine               - urlGithub: https://github.com/AlmasB/FXGL
17:27:24.490 [FXGL Background Thread 3 ] DEBUG Engine               - urlLeaderboard: http://fxgl-top.herokuapp.com/
17:27:24.490 [FXGL Background Thread 3 ] DEBUG Engine               - urlPOM: https://raw.githubusercontent.com/AlmasB/FXGL/release/README.md
17:27:24.490 [FXGL Background Thread 3 ] DEBUG Engine               - userAppClass: class com.almasb.fxglgames.RTAIparty.RTAIpartyApp
17:27:24.491 [FXGL Background Thread 3 ] DEBUG Engine               - version: 1.0
17:27:24.491 [FXGL Background Thread 3 ] DEBUG Engine               - versionCheckDays: 7
17:27:24.491 [FXGL Background Thread 3 ] DEBUG Engine               - width: 1280
17:27:24.491 [FXGL Background Thread 3 ] DEBUG Engine               - Logging services
17:27:24.491 [FXGL Background Thread 3 ] DEBUG Engine               - class com.almasb.fxgl.app.services.FXGLAssetLoaderService
17:27:24.491 [FXGL Background Thread 3 ] DEBUG Engine               - class com.almasb.fxgl.app.FXGLApplication$GameApplicationService
17:27:24.491 [FXGL Background Thread 3 ] DEBUG Engine               - class com.almasb.fxgl.app.services.FXGLDialogService
17:27:24.492 [FXGL Background Thread 3 ] DEBUG Engine               - class com.almasb.fxgl.app.services.IOTaskExecutorService
17:27:24.492 [FXGL Background Thread 3 ] DEBUG Engine               - class com.almasb.fxgl.io.FileSystemService
17:27:24.492 [FXGL Background Thread 3 ] DEBUG Engine               - class com.almasb.fxgl.localization.LocalizationService
17:27:24.492 [FXGL Background Thread 3 ] DEBUG Engine               - class com.almasb.fxgl.app.services.SystemBundleService
17:27:24.492 [FXGL Background Thread 3 ] DEBUG Engine               - class com.almasb.fxgl.profile.SaveLoadService
17:27:24.492 [FXGL Background Thread 3 ] DEBUG Engine               - class com.almasb.fxgl.ui.FXGLUIFactoryServiceProvider
17:27:24.492 [FXGL Background Thread 3 ] DEBUG Engine               - class com.almasb.fxgl.ui.FXGLDialogFactoryServiceProvider
17:27:24.493 [FXGL Background Thread 3 ] DEBUG Engine               - class com.almasb.fxgl.audio.AudioPlayer
17:27:24.493 [FXGL Background Thread 3 ] DEBUG Engine               - class com.almasb.fxgl.notification.impl.NotificationServiceProvider
17:27:24.493 [FXGL Background Thread 3 ] DEBUG Engine               - class com.almasb.fxgl.achievement.AchievementService
17:27:24.493 [FXGL Background Thread 3 ] DEBUG Engine               - class com.almasb.fxgl.cutscene.CutsceneService
17:27:24.493 [FXGL Background Thread 3 ] DEBUG Engine               - class com.almasb.fxgl.minigames.MiniGameService
17:27:24.493 [FXGL Background Thread 3 ] DEBUG Engine               - class com.almasb.fxgl.net.NetService
17:27:24.493 [FXGL Background Thread 3 ] DEBUG Engine               - class com.almasb.fxgl.app.services.UpdaterService
17:27:24.493 [FXGL Background Thread 3 ] DEBUG Engine               - class com.almasb.fxgl.dev.DevService
17:27:27.382 [JavaFX Application Thread] DEBUG Menu                 - fireNewGame()
17:27:27.383 [JavaFX Application Thread] DEBUG GameApplicationServi - Starting new game
17:27:27.383 [JavaFX Application Thread] DEBUG PrimaryStageWindow   - Pop state: RTAIpartyMainMenu
17:27:27.383 [JavaFX Application Thread] DEBUG Input                - Clearing active input actions
17:27:27.384 [JavaFX Application Thread] DEBUG GameApplicationServi - Removing overlay from RTAIpartyMainMenu and adding to FXGLMainMenuDummyScene
17:27:27.384 [JavaFX Application Thread] DEBUG PrimaryStageWindow   - FXGLMainMenuDummyScene <- RTAIpartyMainMenu
17:27:27.385 [JavaFX Application Thread] DEBUG Input                - Clearing active input actions
17:27:27.409 [JavaFX Application Thread] DEBUG GameApplicationServi - Removing overlay from FXGLMainMenuDummyScene and adding to FXGLLoadingScene
17:27:27.409 [JavaFX Application Thread] DEBUG PrimaryStageWindow   - FXGLMainMenuDummyScene -> FXGLLoadingScene
17:27:27.409 [JavaFX Application Thread] DEBUG GameApplicationServi - Clearing previous game
17:27:27.410 [JavaFX Application Thread] DEBUG GameScene            - Clearing game scene
17:27:27.410 [JavaFX Application Thread] DEBUG GameWorld            - Clearing game world
17:27:27.410 [JavaFX Application Thread] DEBUG PhysicsWorld         - Clearing physics world
17:27:27.413 [FXGL Background Thread 2 ] DEBUG FXGLApplication      - Initializing game
17:27:27.415 [FXGL Background Thread 2 ] INFO  FXGLApplication      - Game initialization took: 0,002 sec
17:27:27.425 [JavaFX Application Thread] DEBUG Input                - Registered new binding: fin - E
17:27:27.428 [JavaFX Application Thread] DEBUG FXGLAssetLoaderServi - Loading from file system: file:/Users/mehnounekheira/eclipse-workspace/RTAIparty/target/classes/assets/textures/DodgeBlock.png
17:27:28.238 [JavaFX Application Thread] DEBUG GameWorld            - Clearing removable entities
17:27:28.238 [JavaFX Application Thread] DEBUG GameWorld            - Setting level: com.almasb.fxgl.entity.level.Level@71994413
17:27:28.333 [JavaFX Application Thread] DEBUG Input                - Clearing active input actions
17:27:28.457 [JavaFX Application Thread] DEBUG GameApplicationServi - Removing overlay from FXGLLoadingScene and adding to GameScene
17:27:28.457 [JavaFX Application Thread] DEBUG PrimaryStageWindow   - FXGLLoadingScene -> GameScene
17:27:28.511 [JavaFX Application Thread] DEBUG PrimaryStageWindow   - Push state: DodgeSubScene
17:27:28.511 [JavaFX Application Thread] DEBUG Input                - Clearing active input actions
17:27:28.512 [JavaFX Application Thread] DEBUG GameApplicationServi - Removing overlay from GameScene and adding to DodgeSubScene
17:27:28.512 [JavaFX Application Thread] DEBUG PrimaryStageWindow   - GameScene -> DodgeSubScene
17:27:29.753 [JavaFX Application Thread] DEBUG Input                - Registered new binding: fin - E
17:27:30.195 [JavaFX Application Thread] DEBUG GameWorld            - Clearing removable entities
17:27:30.241 [JavaFX Application Thread] DEBUG GameWorld            - Setting level: com.almasb.fxgl.entity.level.Level@7a667a76
17:27:30.401 [JavaFX Application Thread] DEBUG Input                - Registered new binding: fin - E
17:27:30.402 [JavaFX Application Thread] DEBUG FXGLAssetLoaderServi - Loading from file system: file:/Users/mehnounekheira/eclipse-workspace/RTAIparty/target/classes/assets/textures/background/decorrythm.png
17:27:30.506 [JavaFX Application Thread] DEBUG FXGLAssetLoaderServi - Loading from file system: file:/Users/mehnounekheira/eclipse-workspace/RTAIparty/target/classes/assets/textures/Numero/numero1.png
17:30:48.071 [JavaFX Application Thread] DEBUG FXGLApplication      - Exiting FXGL
17:30:48.074 [JavaFX Application Thread] DEBUG LoopRunner           - Stopping loop
17:30:48.074 [JavaFX Application Thread] DEBUG SystemBundleService  - Saving FXGL system data
17:30:48.089 [JavaFX Application Thread] DEBUG FileSystemAccess     - Writing to: /Users/mehnounekheira/eclipse-workspace/RTAIparty/system/fxgl.bundle
17:30:48.096 [JavaFX Application Thread] DEBUG Async                - Shutting down background threads
17:30:48.096 [JavaFX Application Thread] DEBUG PrimaryStageWindow   - Closing main window
17:30:48.109 [JavaFX Application Thread] DEBUG Logger               - Closing Logger
