14:09:26.681 [main                     ] DEBUG Logger               - Configured Logger
14:09:26.717 [main                     ] DEBUG GameApplication      - Logging settings
Title: RTAIparty
Version: 1.0
Width: 1280
Height: 720
Fullscreen: false
Intro: false
Profiling: false
Single step:false
App Mode: DEVELOPER
Menu Key: ESCAPE
Stage Style: DECORATED
Scene Factory: class ui.RTAISceneFactory

14:09:27.023 [JavaFX Application Thread] DEBUG FXGLApplication      - Initializing FXGL
14:09:27.025 [JavaFX Application Thread] INFO  Engine               - FXGL-11.17 (16.07.2021 15.46) on WINDOWS (J:16.0.2 FX:16)
14:09:27.026 [JavaFX Application Thread] DEBUG Engine               - JRE Vendor Name: Oracle Corporation
14:09:27.026 [JavaFX Application Thread] DEBUG Engine               - Running on OS: Windows 10 version 10.0
14:09:27.026 [JavaFX Application Thread] DEBUG Engine               - Architecture: amd64
14:09:27.026 [JavaFX Application Thread] INFO  Engine               - Source code and latest versions at: https://github.com/AlmasB/FXGL
14:09:27.027 [JavaFX Application Thread] INFO  Engine               -              Join the FXGL chat at: https://gitter.im/AlmasB/FXGL
14:09:27.122 [JavaFX Application Thread] DEBUG PrimaryStageWindow   - Creating a JavaFX scene
14:09:27.168 [JavaFX Application Thread] DEBUG PrimaryStageWindow   - Target settings size: 1280.0 x 720.0
14:09:27.168 [JavaFX Application Thread] DEBUG PrimaryStageWindow   - Scaled scene size:    1280.0 x 720.0
14:09:27.168 [JavaFX Application Thread] DEBUG PrimaryStageWindow   - Scaled ratio: (1.0, 1.0)
14:09:27.169 [JavaFX Application Thread] DEBUG PrimaryStageWindow   - Set initial scene to FXGLStartupScene
14:09:27.175 [JavaFX Application Thread] DEBUG PrimaryStageWindow   - Opening main window
14:09:27.251 [JavaFX Application Thread] DEBUG PrimaryStageWindow   - Window border size: (16.0, 39.0)
14:09:27.251 [JavaFX Application Thread] DEBUG PrimaryStageWindow   - Scaled size: 1280.0 x 720.0
14:09:27.251 [JavaFX Application Thread] DEBUG PrimaryStageWindow   - Scaled ratio: (1.0, 1.0)
14:09:27.252 [JavaFX Application Thread] DEBUG PrimaryStageWindow   - Scene size: 1280.0 x 720.0
14:09:27.252 [JavaFX Application Thread] DEBUG PrimaryStageWindow   - Stage size: 1296.0 x 759.0
14:09:27.262 [FXGL Background Thread 1 ] DEBUG Engine               - Initializing environment variables
14:09:27.342 [FXGL Background Thread 1 ] DEBUG FXGLAssetLoaderServi - User app class for loading assets: class com.almasb.fxglgames.RTAIparty.RTAIpartyApp
14:09:27.342 [FXGL Background Thread 1 ] DEBUG GameApplicationServi - Applying CSS: fxgl_dark.css
14:09:27.343 [FXGL Background Thread 1 ] DEBUG FXGLAssetLoaderServi - Loading from file system: jar:file:///C:/Users/zorm1/.m2/repository/com/github/almasb/fxgl/11.17/fxgl-11.17.jar!/fxglassets/ui/css/fxgl_dark.css
14:09:27.426 [FXGL Background Thread 1 ] DEBUG GameApplicationServi - Initializing application scenes
14:09:27.507 [FXGL Background Thread 1 ] DEBUG GameWorld            - Game world initialized
14:09:27.576 [FXGL Background Thread 1 ] DEBUG PhysicsWorld         - Physics world initialized: appHeight=720, physics.ppm=50,0
14:09:27.576 [FXGL Background Thread 1 ] DEBUG PhysicsWorld         - Using strategy: BRUTE_FORCE
14:09:27.579 [FXGL Background Thread 1 ] DEBUG GameScene            - Game scene initialized: 1280x720
14:09:27.587 [FXGL Background Thread 1 ] DEBUG FXGLAssetLoaderServi - Loading from file system: file:/C:/Users/zorm1/eclipse-workspace/RTAIparty/target/classes/assets/textures/garcon_blond.png
14:09:27.604 [FXGL Background Thread 1 ] DEBUG FXGLAssetLoaderServi - Loading from file system: file:/C:/Users/zorm1/eclipse-workspace/RTAIparty/target/classes/assets/textures/garcon_brun.png
14:09:27.606 [FXGL Background Thread 1 ] DEBUG FXGLAssetLoaderServi - Loading from file system: file:/C:/Users/zorm1/eclipse-workspace/RTAIparty/target/classes/assets/textures/fille_blonde.png
14:09:27.608 [FXGL Background Thread 1 ] DEBUG FXGLAssetLoaderServi - Loading from file system: file:/C:/Users/zorm1/eclipse-workspace/RTAIparty/target/classes/assets/textures/fille_brune.png
14:09:27.612 [FXGL Background Thread 1 ] DEBUG FXGLAssetLoaderServi - Loading from file system: file:/C:/Users/zorm1/eclipse-workspace/RTAIparty/target/classes/assets/textures/background/classe.png
14:09:27.692 [FXGL Background Thread 1 ] DEBUG FXGLAssetLoaderServi - Loading from file system: file:/C:/Users/zorm1/eclipse-workspace/RTAIparty/target/classes/assets/textures/tableau.png
14:09:27.700 [FXGL Background Thread 1 ] DEBUG FXGLAssetLoaderServi - Loading from file system: file:/C:/Users/zorm1/eclipse-workspace/RTAIparty/target/classes/assets/textures/table.png
14:09:27.730 [FXGL Background Thread 1 ] DEBUG FXGL.DefaultMenu     - createMenuBodyGameMenu()
14:09:27.742 [FXGL Background Thread 1 ] DEBUG FXGL.DefaultMenu     - createOptionsMenu()
14:09:27.752 [FXGL Background Thread 1 ] DEBUG FXGLAssetLoaderServi - Loading from file system: jar:file:///C:/Users/zorm1/.m2/repository/com/github/almasb/fxgl/11.17/fxgl-11.17.jar!/fxglassets/textures/particles/smoke.png
14:09:27.843 [FXGL Background Thread 1 ] DEBUG FXGLAssetLoaderServi - Loading from file system: jar:file:///C:/Users/zorm1/.m2/repository/com/github/almasb/fxgl/11.17/fxgl-11.17.jar!/fxglassets/textures/particles/trace_horizontal.png
14:09:27.863 [FXGL Background Thread 1 ] DEBUG GameApplicationServi - Application scenes initialized
14:09:27.873 [FXGL Background Thread 1 ] DEBUG SystemBundleService  - Loading FXGL system data
14:09:27.879 [FXGL Background Thread 1 ] DEBUG FileSystemAccess     - Reading from: C:\Users\zorm1\eclipse-workspace\RTAIparty\system\fxgl.bundle
14:09:27.887 [FXGL Background Thread 1 ] DEBUG SystemBundleService  - Bundle FXGL: {}
14:09:27.887 [FXGL Background Thread 1 ] DEBUG UpdaterService       - Checking for updates
14:09:27.891 [FXGL Background Thread 4 ] DEBUG FXGLApplication      - Loading fonts
14:09:27.892 [FXGL Background Thread 1 ] DEBUG FXGLApplication      - Loading default localization
14:09:27.892 [FXGL Background Thread 4 ] DEBUG FXGLAssetLoaderServi - Loading from file system: jar:file:///C:/Users/zorm1/.m2/repository/com/github/almasb/fxgl/11.17/fxgl-11.17.jar!/fxglassets/ui/fonts/VarelaRound-Regular.ttf
14:09:27.892 [FXGL Background Thread 1 ] DEBUG FXGLAssetLoaderServi - Loading from file system: jar:file:///C:/Users/zorm1/.m2/repository/com/github/almasb/fxgl/11.17/fxgl-11.17.jar!/fxglassets/languages/english.lang
14:09:27.910 [FXGL Background Thread 1 ] INFO  FXGLApplication      - FXGL initialization took: 0,647 sec
14:09:27.917 [JavaFX Application Thread] DEBUG Input                - Registered new binding: clic - LMB
14:09:27.927 [JavaFX Application Thread] DEBUG Input                - Registered new binding: test - E
14:09:27.928 [JavaFX Application Thread] DEBUG FXGLAssetLoaderServi - Loading from file system: jar:file:///C:/Users/zorm1/.m2/repository/com/github/almasb/fxgl/11.17/fxgl-11.17.jar!/fxglassets/textures/fxgl_icon.png
14:09:27.944 [JavaFX Application Thread] DEBUG FXGLAssetLoaderServi - Loading from file system: jar:file:///C:/Users/zorm1/.m2/repository/com/github/almasb/fxgl/11.17/fxgl-11.17.jar!/fxglassets/textures/fxgl_default_cursor.png
14:09:27.947 [JavaFX Application Thread] DEBUG Input                - Registered new binding: Screenshot - CTRL+8
14:09:27.947 [JavaFX Application Thread] DEBUG Input                - Registered new binding: System info dump - CTRL+9
14:09:27.948 [JavaFX Application Thread] DEBUG Input                - Registered new binding: Restart - CTRL+R
14:09:27.949 [JavaFX Application Thread] DEBUG Input                - Registered new binding: Toggle Debug Camera - CTRL+C
14:09:27.951 [JavaFX Application Thread] DEBUG LoopRunner           - Starting loop
14:09:27.952 [JavaFX Application Thread] DEBUG LoopRunner           - Initializing JavaFX AnimationTimerLoop
14:09:27.955 [JavaFX Application Thread] DEBUG Input                - Clearing active input actions
14:09:27.966 [JavaFX Application Thread] DEBUG GameApplicationServi - Removing overlay from FXGLStartupScene and adding to FXGLMainMenuDummyScene
14:09:27.966 [JavaFX Application Thread] DEBUG PrimaryStageWindow   - FXGLStartupScene -> FXGLMainMenuDummyScene
14:09:27.967 [JavaFX Application Thread] DEBUG PrimaryStageWindow   - Push state: RTAIpartyMainMenu
14:09:27.967 [JavaFX Application Thread] DEBUG Input                - Clearing active input actions
14:09:27.978 [JavaFX Application Thread] DEBUG GameApplicationServi - Removing overlay from FXGLMainMenuDummyScene and adding to RTAIpartyMainMenu
14:09:27.979 [JavaFX Application Thread] DEBUG PrimaryStageWindow   - FXGLMainMenuDummyScene -> RTAIpartyMainMenu
14:09:27.983 [FXGL Background Thread 4 ] DEBUG FXGLAssetLoaderServi - Loading from file system: jar:file:///C:/Users/zorm1/.m2/repository/com/github/almasb/fxgl/11.17/fxgl-11.17.jar!/fxglassets/ui/fonts/Abel-Regular.ttf
14:09:28.002 [FXGL Background Thread 4 ] DEBUG FXGLAssetLoaderServi - Loading from file system: jar:file:///C:/Users/zorm1/.m2/repository/com/github/almasb/fxgl/11.17/fxgl-11.17.jar!/fxglassets/ui/fonts/lucida_console.ttf
14:09:28.027 [FXGL Background Thread 4 ] DEBUG FXGLAssetLoaderServi - Loading from file system: jar:file:///C:/Users/zorm1/.m2/repository/com/github/almasb/fxgl/11.17/fxgl-11.17.jar!/fxglassets/ui/fonts/Courier-Prime.ttf
14:09:28.045 [JavaFX Application Thread] DEBUG FXGLApplication      - Registering font factories with UI factory
14:09:30.892 [FXGL Background Thread 3 ] DEBUG Engine               - Logging environment variables
14:09:30.893 [FXGL Background Thread 3 ] DEBUG Engine               - achievements: []
14:09:30.894 [FXGL Background Thread 3 ] DEBUG Engine               - actualHeight: 720.0
14:09:30.894 [FXGL Background Thread 3 ] DEBUG Engine               - actualHeightProperty: ReadOnlyDoubleProperty [value: 720.0]
14:09:30.895 [FXGL Background Thread 3 ] DEBUG Engine               - actualWidth: 1280.0
14:09:30.896 [FXGL Background Thread 3 ] DEBUG Engine               - actualWidthProperty: ReadOnlyDoubleProperty [value: 1280.0]
14:09:30.897 [FXGL Background Thread 3 ] DEBUG Engine               - appIcon: fxgl_icon.png
14:09:30.897 [FXGL Background Thread 3 ] DEBUG Engine               - applicationMode: DEVELOPER
14:09:30.898 [FXGL Background Thread 3 ] DEBUG Engine               - cSSList: [fxgl_dark.css]
14:09:30.898 [FXGL Background Thread 3 ] DEBUG Engine               - collisionDetectionStrategy: BRUTE_FORCE
14:09:30.899 [FXGL Background Thread 3 ] DEBUG Engine               - configClass: Optional.empty
14:09:30.899 [FXGL Background Thread 3 ] DEBUG Engine               - credits: []
14:09:30.900 [FXGL Background Thread 3 ] DEBUG Engine               - defaultCursor: CursorInfo(imageName=fxgl_default_cursor.png, hotspotX=7.0, hotspotY=6.0)
14:09:30.901 [FXGL Background Thread 3 ] DEBUG Engine               - devBBoxColorProperty: ObjectProperty [value: 0xff0000ff]
14:09:30.901 [FXGL Background Thread 3 ] DEBUG Engine               - devEnableDebugCameraProperty: BooleanProperty [value: false]
14:09:30.902 [FXGL Background Thread 3 ] DEBUG Engine               - devSensorColorProperty: ObjectProperty [value: 0xffff00ff]
14:09:30.903 [FXGL Background Thread 3 ] DEBUG Engine               - devShowBBoxProperty: BooleanProperty [value: false]
14:09:30.903 [FXGL Background Thread 3 ] DEBUG Engine               - devShowPositionProperty: BooleanProperty [value: false]
14:09:30.903 [FXGL Background Thread 3 ] DEBUG Engine               - enabledMenuItems: []
14:09:30.904 [FXGL Background Thread 3 ] DEBUG Engine               - engineServices: [class com.almasb.fxgl.app.services.FXGLAssetLoaderService, class com.almasb.fxgl.app.FXGLApplication$GameApplicationService, class com.almasb.fxgl.app.services.FXGLDialogService, class com.almasb.fxgl.app.services.IOTaskExecutorService, class com.almasb.fxgl.io.FileSystemService, class com.almasb.fxgl.localization.LocalizationService, class com.almasb.fxgl.app.services.SystemBundleService, class com.almasb.fxgl.profile.SaveLoadService, class com.almasb.fxgl.ui.FXGLUIFactoryServiceProvider, class com.almasb.fxgl.ui.FXGLDialogFactoryServiceProvider, class com.almasb.fxgl.audio.AudioPlayer, class com.almasb.fxgl.notification.impl.NotificationServiceProvider, class com.almasb.fxgl.achievement.AchievementService, class com.almasb.fxgl.cutscene.CutsceneService, class com.almasb.fxgl.minigames.MiniGameService, class com.almasb.fxgl.net.NetService, class com.almasb.fxgl.app.services.UpdaterService, class com.almasb.fxgl.dev.DevService]
14:09:30.905 [FXGL Background Thread 3 ] DEBUG Engine               - fontGame: Abel-Regular.ttf
14:09:30.905 [FXGL Background Thread 3 ] DEBUG Engine               - fontMono: lucida_console.ttf
14:09:30.906 [FXGL Background Thread 3 ] DEBUG Engine               - fontText: Courier-Prime.ttf
14:09:30.906 [FXGL Background Thread 3 ] DEBUG Engine               - fontUI: VarelaRound-Regular.ttf
14:09:30.906 [FXGL Background Thread 3 ] DEBUG Engine               - fullScreen: BooleanProperty [value: false]
14:09:30.907 [FXGL Background Thread 3 ] DEBUG Engine               - gameDifficulty: MEDIUM
14:09:30.907 [FXGL Background Thread 3 ] DEBUG Engine               - gameDifficultyProperty: ObjectProperty [value: MEDIUM]
14:09:30.908 [FXGL Background Thread 3 ] DEBUG Engine               - globalMusicVolume: 0.5
14:09:30.908 [FXGL Background Thread 3 ] DEBUG Engine               - globalMusicVolumeProperty: DoubleProperty [value: 0.5]
14:09:30.909 [FXGL Background Thread 3 ] DEBUG Engine               - globalSoundVolume: 0.5
14:09:30.909 [FXGL Background Thread 3 ] DEBUG Engine               - globalSoundVolumeProperty: DoubleProperty [value: 0.5]
14:09:30.910 [FXGL Background Thread 3 ] DEBUG Engine               - height: 720
14:09:30.910 [FXGL Background Thread 3 ] DEBUG Engine               - is3D: false
14:09:30.911 [FXGL Background Thread 3 ] DEBUG Engine               - isAndroid: false
14:09:30.911 [FXGL Background Thread 3 ] DEBUG Engine               - isBrowser: false
14:09:30.911 [FXGL Background Thread 3 ] DEBUG Engine               - isClickFeedbackEnabled: false
14:09:30.912 [FXGL Background Thread 3 ] DEBUG Engine               - isCloseConfirmation: false
14:09:30.913 [FXGL Background Thread 3 ] DEBUG Engine               - isDesktop: true
14:09:30.913 [FXGL Background Thread 3 ] DEBUG Engine               - isDeveloperMenuEnabled: false
14:09:30.914 [FXGL Background Thread 3 ] DEBUG Engine               - isEntityPreloadEnabled: true
14:09:30.914 [FXGL Background Thread 3 ] DEBUG Engine               - isExperimentalTiledLargeMap: false
14:09:30.914 [FXGL Background Thread 3 ] DEBUG Engine               - isFileSystemWriteAllowed: true
14:09:30.915 [FXGL Background Thread 3 ] DEBUG Engine               - isFullScreenAllowed: false
14:09:30.915 [FXGL Background Thread 3 ] DEBUG Engine               - isFullScreenFromStart: false
14:09:30.915 [FXGL Background Thread 3 ] DEBUG Engine               - isGameMenuEnabled: true
14:09:30.916 [FXGL Background Thread 3 ] DEBUG Engine               - isIOS: false
14:09:30.916 [FXGL Background Thread 3 ] DEBUG Engine               - isIntroEnabled: false
14:09:30.917 [FXGL Background Thread 3 ] DEBUG Engine               - isLinux: false
14:09:30.917 [FXGL Background Thread 3 ] DEBUG Engine               - isMac: false
14:09:30.918 [FXGL Background Thread 3 ] DEBUG Engine               - isMainMenuEnabled: true
14:09:30.918 [FXGL Background Thread 3 ] DEBUG Engine               - isManualResizeEnabled: true
14:09:30.918 [FXGL Background Thread 3 ] DEBUG Engine               - isMobile: false
14:09:30.920 [FXGL Background Thread 3 ] DEBUG Engine               - isNative: false
14:09:30.920 [FXGL Background Thread 3 ] DEBUG Engine               - isPauseMusicWhenMinimized: true
14:09:30.921 [FXGL Background Thread 3 ] DEBUG Engine               - isPreserveResizeRatio: true
14:09:30.921 [FXGL Background Thread 3 ] DEBUG Engine               - isProfilingEnabled: false
14:09:30.922 [FXGL Background Thread 3 ] DEBUG Engine               - isScaleAffectedOnResize: true
14:09:30.923 [FXGL Background Thread 3 ] DEBUG Engine               - isSingleStep: false
14:09:30.923 [FXGL Background Thread 3 ] DEBUG Engine               - isUserProfileEnabled: false
14:09:30.923 [FXGL Background Thread 3 ] DEBUG Engine               - isWindows: true
14:09:30.924 [FXGL Background Thread 3 ] DEBUG Engine               - language: ObjectProperty [value: ENGLISH]
14:09:30.924 [FXGL Background Thread 3 ] DEBUG Engine               - menuKey: ESCAPE
14:09:30.924 [FXGL Background Thread 3 ] DEBUG Engine               - mouseSensitivity: 0.2
14:09:30.925 [FXGL Background Thread 3 ] DEBUG Engine               - notificationViewClass: class com.almasb.fxgl.notification.view.XboxNotificationView
14:09:30.925 [FXGL Background Thread 3 ] DEBUG Engine               - pixelsPerMeter: 50.0
14:09:30.925 [FXGL Background Thread 3 ] DEBUG Engine               - platform: WINDOWS
14:09:30.926 [FXGL Background Thread 3 ] DEBUG Engine               - prefHeightProperty: ReadOnlyDoubleProperty [value: 720.0]
14:09:30.927 [FXGL Background Thread 3 ] DEBUG Engine               - prefWidthProperty: ReadOnlyDoubleProperty [value: 1280.0]
14:09:30.927 [FXGL Background Thread 3 ] DEBUG Engine               - profileDir: profiles/
14:09:30.928 [FXGL Background Thread 3 ] DEBUG Engine               - profileName: StringProperty [value: DEFAULT]
14:09:30.929 [FXGL Background Thread 3 ] DEBUG Engine               - randomSeed: -1
14:09:30.929 [FXGL Background Thread 3 ] DEBUG Engine               - runtimeInfo: RuntimeInfo(platform=WINDOWS, version=11.17, build=16.07.2021 15.46)
14:09:30.930 [FXGL Background Thread 3 ] DEBUG Engine               - saveFileExt: sav
14:09:30.930 [FXGL Background Thread 3 ] DEBUG Engine               - scaledHeightProp$fxgl: DoubleProperty [bound, value: 720.0]
14:09:30.931 [FXGL Background Thread 3 ] DEBUG Engine               - scaledWidthProp$fxgl: DoubleProperty [bound, value: 1280.0]
14:09:30.931 [FXGL Background Thread 3 ] DEBUG Engine               - sceneFactory: ui.RTAISceneFactory@66b561f1
14:09:30.932 [FXGL Background Thread 3 ] DEBUG Engine               - secondsIn24h: 60
14:09:30.932 [FXGL Background Thread 3 ] DEBUG Engine               - soundMenuBack: menu/back.wav
14:09:30.933 [FXGL Background Thread 3 ] DEBUG Engine               - soundMenuPress: menu/press.wav
14:09:30.933 [FXGL Background Thread 3 ] DEBUG Engine               - soundMenuSelect: menu/select.wav
14:09:30.933 [FXGL Background Thread 3 ] DEBUG Engine               - soundNotification: core/notification.wav
14:09:30.934 [FXGL Background Thread 3 ] DEBUG Engine               - stageStyle: DECORATED
14:09:30.934 [FXGL Background Thread 3 ] DEBUG Engine               - supportedLanguages: [ENGLISH, FRENCH, GERMAN, HUNGARIAN, RUSSIAN]
14:09:30.935 [FXGL Background Thread 3 ] DEBUG Engine               - ticksPerSecond: -1
14:09:30.935 [FXGL Background Thread 3 ] DEBUG Engine               - title: RTAIparty
14:09:30.936 [FXGL Background Thread 3 ] DEBUG Engine               - urlGithub: https://github.com/AlmasB/FXGL
14:09:30.936 [FXGL Background Thread 3 ] DEBUG Engine               - urlLeaderboard: http://fxgl-top.herokuapp.com/
14:09:30.937 [FXGL Background Thread 3 ] DEBUG Engine               - urlPOM: https://raw.githubusercontent.com/AlmasB/FXGL/release/README.md
14:09:30.937 [FXGL Background Thread 3 ] DEBUG Engine               - userAppClass: class com.almasb.fxglgames.RTAIparty.RTAIpartyApp
14:09:30.938 [FXGL Background Thread 3 ] DEBUG Engine               - version: 1.0
14:09:30.938 [FXGL Background Thread 3 ] DEBUG Engine               - versionCheckDays: 7
14:09:30.938 [FXGL Background Thread 3 ] DEBUG Engine               - width: 1280
14:09:30.939 [FXGL Background Thread 3 ] DEBUG Engine               - Logging services
14:09:30.939 [FXGL Background Thread 3 ] DEBUG Engine               - class com.almasb.fxgl.app.services.FXGLAssetLoaderService
14:09:30.940 [FXGL Background Thread 3 ] DEBUG Engine               - class com.almasb.fxgl.app.FXGLApplication$GameApplicationService
14:09:30.940 [FXGL Background Thread 3 ] DEBUG Engine               - class com.almasb.fxgl.app.services.FXGLDialogService
14:09:30.940 [FXGL Background Thread 3 ] DEBUG Engine               - class com.almasb.fxgl.app.services.IOTaskExecutorService
14:09:30.941 [FXGL Background Thread 3 ] DEBUG Engine               - class com.almasb.fxgl.io.FileSystemService
14:09:30.941 [FXGL Background Thread 3 ] DEBUG Engine               - class com.almasb.fxgl.localization.LocalizationService
14:09:30.942 [FXGL Background Thread 3 ] DEBUG Engine               - class com.almasb.fxgl.app.services.SystemBundleService
14:09:30.942 [FXGL Background Thread 3 ] DEBUG Engine               - class com.almasb.fxgl.profile.SaveLoadService
14:09:30.942 [FXGL Background Thread 3 ] DEBUG Engine               - class com.almasb.fxgl.ui.FXGLUIFactoryServiceProvider
14:09:30.943 [FXGL Background Thread 3 ] DEBUG Engine               - class com.almasb.fxgl.ui.FXGLDialogFactoryServiceProvider
14:09:30.943 [FXGL Background Thread 3 ] DEBUG Engine               - class com.almasb.fxgl.audio.AudioPlayer
14:09:30.944 [FXGL Background Thread 3 ] DEBUG Engine               - class com.almasb.fxgl.notification.impl.NotificationServiceProvider
14:09:30.944 [FXGL Background Thread 3 ] DEBUG Engine               - class com.almasb.fxgl.achievement.AchievementService
14:09:30.944 [FXGL Background Thread 3 ] DEBUG Engine               - class com.almasb.fxgl.cutscene.CutsceneService
14:09:30.945 [FXGL Background Thread 3 ] DEBUG Engine               - class com.almasb.fxgl.minigames.MiniGameService
14:09:30.945 [FXGL Background Thread 3 ] DEBUG Engine               - class com.almasb.fxgl.net.NetService
14:09:30.946 [FXGL Background Thread 3 ] DEBUG Engine               - class com.almasb.fxgl.app.services.UpdaterService
14:09:30.946 [FXGL Background Thread 3 ] DEBUG Engine               - class com.almasb.fxgl.dev.DevService
14:13:54.173 [JavaFX Application Thread] DEBUG FXGLApplication      - Exiting FXGL
14:13:54.174 [JavaFX Application Thread] DEBUG LoopRunner           - Stopping loop
14:13:54.174 [JavaFX Application Thread] DEBUG SystemBundleService  - Saving FXGL system data
14:13:54.180 [JavaFX Application Thread] DEBUG FileSystemAccess     - Writing to: C:\Users\zorm1\eclipse-workspace\RTAIparty\system\fxgl.bundle
14:13:54.185 [JavaFX Application Thread] DEBUG Async                - Shutting down background threads
14:13:54.186 [JavaFX Application Thread] DEBUG PrimaryStageWindow   - Closing main window
14:13:54.201 [JavaFX Application Thread] DEBUG Logger               - Closing Logger
