16:17:28.348 [main                     ] DEBUG Logger               - Configured Logger
16:17:28.377 [main                     ] DEBUG GameApplication      - Logging settings
Title: FXGL tower defense
Version: 1.0
Width: 672
Height: 672
Fullscreen: false
Intro: false
Profiling: false
Single step:false
App Mode: DEVELOPER
Menu Key: ESCAPE
Stage Style: DECORATED
Scene Factory: class com.almasb.fxgl.app.scene.SceneFactory

16:17:28.685 [JavaFX Application Thread] DEBUG FXGLApplication      - Initializing FXGL
16:17:28.687 [JavaFX Application Thread] INFO  Engine               - FXGL-11.16 (25.05.2021 08.16) on WINDOWS (J:16.0.2 FX:16)
16:17:28.688 [JavaFX Application Thread] DEBUG Engine               - JRE Vendor Name: Oracle Corporation
16:17:28.688 [JavaFX Application Thread] DEBUG Engine               - Running on OS: Windows 10 version 10.0
16:17:28.689 [JavaFX Application Thread] DEBUG Engine               - Architecture: amd64
16:17:28.689 [JavaFX Application Thread] INFO  Engine               - Source code and latest versions at: https://github.com/AlmasB/FXGL
16:17:28.689 [JavaFX Application Thread] INFO  Engine               -              Join the FXGL chat at: https://gitter.im/AlmasB/FXGL
16:17:28.795 [JavaFX Application Thread] DEBUG PrimaryStageWindow   - Creating a JavaFX scene
16:17:28.840 [JavaFX Application Thread] DEBUG PrimaryStageWindow   - Target settings size: 672.0 x 672.0
16:17:28.840 [JavaFX Application Thread] DEBUG PrimaryStageWindow   - Scaled scene size:    672.0 x 672.0
16:17:28.840 [JavaFX Application Thread] DEBUG PrimaryStageWindow   - Scaled ratio: (1.0, 1.0)
16:17:28.841 [JavaFX Application Thread] DEBUG PrimaryStageWindow   - Set initial scene to FXGLStartupScene
16:17:28.847 [JavaFX Application Thread] DEBUG PrimaryStageWindow   - Opening main window
16:17:28.923 [JavaFX Application Thread] DEBUG PrimaryStageWindow   - Window border size: (16.0, 39.0)
16:17:28.923 [JavaFX Application Thread] DEBUG PrimaryStageWindow   - Scaled size: 672.0 x 672.0
16:17:28.924 [JavaFX Application Thread] DEBUG PrimaryStageWindow   - Scaled ratio: (1.0, 1.0)
16:17:28.924 [JavaFX Application Thread] DEBUG PrimaryStageWindow   - Scene size: 672.0 x 672.0
16:17:28.924 [JavaFX Application Thread] DEBUG PrimaryStageWindow   - Stage size: 688.0 x 711.0
16:17:28.931 [FXGL Background Thread 1 ] DEBUG Engine               - Initializing environment variables
16:17:28.986 [FXGL Background Thread 1 ] DEBUG FXGLAssetLoaderServi - User app class for loading assets: class com.almasb.fxglgames.TowerDefense.TowerDefenseApp
16:17:28.986 [FXGL Background Thread 1 ] DEBUG GameApplicationServi - Applying CSS: fxgl_dark.css
16:17:28.989 [FXGL Background Thread 1 ] DEBUG FXGLAssetLoaderServi - Loading from file system: jar:file:///C:/Users/zorm1/.m2/repository/com/github/almasb/fxgl/11.16/fxgl-11.16.jar!/fxglassets/ui/css/fxgl_dark.css
16:17:29.070 [FXGL Background Thread 1 ] DEBUG GameApplicationServi - Initializing application scenes
16:17:29.132 [FXGL Background Thread 1 ] DEBUG GameWorld            - Game world initialized
16:17:29.207 [FXGL Background Thread 1 ] DEBUG PhysicsWorld         - Physics world initialized: appHeight=672, physics.ppm=50,0
16:17:29.207 [FXGL Background Thread 1 ] DEBUG PhysicsWorld         - Using strategy: BRUTE_FORCE
16:17:29.209 [FXGL Background Thread 1 ] DEBUG GameScene            - Game scene initialized: 672x672
16:17:29.221 [FXGL Background Thread 1 ] WARN  FXGL.DefaultMenu     - FXGLDefaultMenu is not designed for resolutions < 800x600
16:17:29.222 [FXGL Background Thread 1 ] DEBUG FXGL.DefaultMenu     - createMenuBodyGameMenu()
16:17:29.238 [FXGL Background Thread 1 ] DEBUG FXGL.DefaultMenu     - createOptionsMenu()
16:17:29.246 [FXGL Background Thread 1 ] DEBUG FXGLAssetLoaderServi - Loading from file system: jar:file:///C:/Users/zorm1/.m2/repository/com/github/almasb/fxgl/11.16/fxgl-11.16.jar!/fxglassets/textures/particles/smoke.png
16:17:29.355 [FXGL Background Thread 1 ] DEBUG FXGLAssetLoaderServi - Loading from file system: jar:file:///C:/Users/zorm1/.m2/repository/com/github/almasb/fxgl/11.16/fxgl-11.16.jar!/fxglassets/textures/particles/trace_horizontal.png
16:17:29.397 [FXGL Background Thread 1 ] DEBUG GameApplicationServi - Application scenes initialized
16:17:29.408 [FXGL Background Thread 1 ] DEBUG SystemBundleService  - Loading FXGL system data
16:17:29.418 [FXGL Background Thread 1 ] DEBUG FileSystemAccess     - Reading from: C:\Users\zorm1\eclipse-workspace\TowerDefense Element\system\fxgl.bundle
16:17:29.430 [FXGL Background Thread 1 ] DEBUG SystemBundleService  - Bundle FXGL: {}
16:17:29.431 [FXGL Background Thread 1 ] DEBUG UpdaterService       - Checking for updates
16:17:29.440 [FXGL Background Thread 4 ] DEBUG FXGLApplication      - Loading fonts
16:17:29.441 [FXGL Background Thread 1 ] DEBUG FXGLApplication      - Loading default localization
16:17:29.441 [FXGL Background Thread 4 ] DEBUG FXGLAssetLoaderServi - Loading from file system: jar:file:///C:/Users/zorm1/.m2/repository/com/github/almasb/fxgl/11.16/fxgl-11.16.jar!/fxglassets/ui/fonts/VarelaRound-Regular.ttf
16:17:29.441 [FXGL Background Thread 1 ] DEBUG FXGLAssetLoaderServi - Loading from file system: jar:file:///C:/Users/zorm1/.m2/repository/com/github/almasb/fxgl/11.16/fxgl-11.16.jar!/fxglassets/languages/english.lang
16:17:29.465 [FXGL Background Thread 1 ] INFO  FXGLApplication      - FXGL initialization took: 0,533 sec
16:17:29.469 [JavaFX Application Thread] DEBUG Input                - Registered new binding: clic - LMB
16:17:29.479 [JavaFX Application Thread] DEBUG Input                - Registered new binding: CreateEnnemi - E
16:17:29.479 [JavaFX Application Thread] DEBUG FXGLAssetLoaderServi - Loading from file system: jar:file:///C:/Users/zorm1/.m2/repository/com/github/almasb/fxgl/11.16/fxgl-11.16.jar!/fxglassets/textures/fxgl_icon.png
16:17:29.512 [JavaFX Application Thread] DEBUG FXGLAssetLoaderServi - Loading from file system: jar:file:///C:/Users/zorm1/.m2/repository/com/github/almasb/fxgl/11.16/fxgl-11.16.jar!/fxglassets/textures/fxgl_default_cursor.png
16:17:29.515 [JavaFX Application Thread] DEBUG Input                - Registered new binding: Screenshot - CTRL+8
16:17:29.516 [JavaFX Application Thread] DEBUG Input                - Registered new binding: System info dump - CTRL+9
16:17:29.518 [JavaFX Application Thread] DEBUG Input                - Registered new binding: Restart - CTRL+R
16:17:29.519 [JavaFX Application Thread] DEBUG Input                - Registered new binding: Toggle Debug Camera - CTRL+C
16:17:29.522 [JavaFX Application Thread] DEBUG LoopRunner           - Starting loop
16:17:29.522 [JavaFX Application Thread] DEBUG LoopRunner           - Initializing JavaFX AnimationTimerLoop
16:17:29.524 [JavaFX Application Thread] DEBUG GameApplicationServi - Starting new game
16:17:29.525 [JavaFX Application Thread] DEBUG Input                - Clearing active input actions
16:17:29.534 [FXGL Background Thread 4 ] DEBUG FXGLAssetLoaderServi - Loading from file system: jar:file:///C:/Users/zorm1/.m2/repository/com/github/almasb/fxgl/11.16/fxgl-11.16.jar!/fxglassets/ui/fonts/Abel-Regular.ttf
16:17:29.541 [JavaFX Application Thread] DEBUG GameApplicationServi - Removing overlay from FXGLStartupScene and adding to FXGLLoadingScene
16:17:29.542 [JavaFX Application Thread] DEBUG PrimaryStageWindow   - FXGLStartupScene -> FXGLLoadingScene
16:17:29.542 [JavaFX Application Thread] DEBUG GameApplicationServi - Clearing previous game
16:17:29.542 [JavaFX Application Thread] DEBUG GameScene            - Clearing game scene
16:17:29.543 [JavaFX Application Thread] DEBUG GameWorld            - Clearing game world
16:17:29.543 [JavaFX Application Thread] DEBUG PhysicsWorld         - Clearing physics world
16:17:29.545 [FXGL Background Thread 1 ] DEBUG FXGLApplication      - Initializing game
16:17:29.560 [FXGL Background Thread 1 ] DEBUG FXGLAssetLoaderServi - Loading from file system: file:/C:/Users/zorm1/eclipse-workspace/TowerDefense%20Element/target/classes/assets/textures/eauHG.png
16:17:29.556 [FXGL Background Thread 4 ] DEBUG FXGLAssetLoaderServi - Loading from file system: jar:file:///C:/Users/zorm1/.m2/repository/com/github/almasb/fxgl/11.16/fxgl-11.16.jar!/fxglassets/ui/fonts/lucida_console.ttf
16:17:29.574 [FXGL Background Thread 1 ] DEBUG FXGLAssetLoaderServi - Loading from file system: file:/C:/Users/zorm1/eclipse-workspace/TowerDefense%20Element/target/classes/assets/textures/eauH.png
16:17:29.584 [FXGL Background Thread 4 ] DEBUG FXGLAssetLoaderServi - Loading from file system: jar:file:///C:/Users/zorm1/.m2/repository/com/github/almasb/fxgl/11.16/fxgl-11.16.jar!/fxglassets/ui/fonts/Courier-Prime.ttf
16:17:29.592 [FXGL Background Thread 1 ] DEBUG FXGLAssetLoaderServi - Loading from file system: file:/C:/Users/zorm1/eclipse-workspace/TowerDefense%20Element/target/classes/assets/textures/eauHD.png
16:17:29.594 [FXGL Background Thread 1 ] DEBUG FXGLAssetLoaderServi - Loading from file system: file:/C:/Users/zorm1/eclipse-workspace/TowerDefense%20Element/target/classes/assets/textures/eauG.png
16:17:29.596 [FXGL Background Thread 1 ] DEBUG FXGLAssetLoaderServi - Loading from file system: file:/C:/Users/zorm1/eclipse-workspace/TowerDefense%20Element/target/classes/assets/textures/herbe.png
16:17:29.605 [FXGL Background Thread 1 ] DEBUG FXGLAssetLoaderServi - Loading from file system: file:/C:/Users/zorm1/eclipse-workspace/TowerDefense%20Element/target/classes/assets/textures/portail.png
16:17:29.625 [FXGL Background Thread 1 ] DEBUG FXGLAssetLoaderServi - Loading from file system: file:/C:/Users/zorm1/eclipse-workspace/TowerDefense%20Element/target/classes/assets/textures/eauD.png
16:17:29.634 [JavaFX Application Thread] DEBUG FXGLApplication      - Registering font factories with UI factory
16:17:29.638 [FXGL Background Thread 1 ] DEBUG FXGLAssetLoaderServi - Loading from file system: file:/C:/Users/zorm1/eclipse-workspace/TowerDefense%20Element/target/classes/assets/textures/herbeD.png
16:17:29.640 [FXGL Background Thread 1 ] DEBUG FXGLAssetLoaderServi - Loading from file system: file:/C:/Users/zorm1/eclipse-workspace/TowerDefense%20Element/target/classes/assets/textures/terre.png
16:17:29.642 [FXGL Background Thread 1 ] DEBUG FXGLAssetLoaderServi - Loading from file system: file:/C:/Users/zorm1/eclipse-workspace/TowerDefense%20Element/target/classes/assets/textures/herbeG.png
16:17:29.662 [FXGL Background Thread 1 ] DEBUG FXGLAssetLoaderServi - Loading from file system: file:/C:/Users/zorm1/eclipse-workspace/TowerDefense%20Element/target/classes/assets/textures/fondation.png
16:17:29.900 [FXGL Background Thread 1 ] DEBUG GameWorld            - Clearing removable entities
16:17:29.901 [FXGL Background Thread 1 ] DEBUG GameWorld            - Setting level: com.almasb.fxgl.entity.level.Level@678ad83
16:17:29.923 [FXGL Background Thread 1 ] INFO  FXGLApplication      - Game initialization took: 0,378 sec
16:17:29.929 [JavaFX Application Thread] DEBUG Input                - Clearing active input actions
16:17:29.977 [JavaFX Application Thread] DEBUG GameApplicationServi - Removing overlay from FXGLLoadingScene and adding to GameScene
16:17:29.977 [JavaFX Application Thread] DEBUG PrimaryStageWindow   - FXGLLoadingScene -> GameScene
16:17:30.404 [FXGL Background Thread 2 ] INFO  UpdaterService       - Your current version:  11.16
16:17:30.405 [FXGL Background Thread 2 ] INFO  UpdaterService       - Latest stable version: 11.17
16:17:31.259 [JavaFX Application Thread] DEBUG FXGLAssetLoaderServi - Loading from file system: file:/C:/Users/zorm1/eclipse-workspace/TowerDefense%20Element/target/classes/assets/textures/slime.png
16:17:31.780 [JavaFX Application Thread] DEBUG FXGLAssetLoaderServi - Loading from file system: file:/C:/Users/zorm1/eclipse-workspace/TowerDefense%20Element/target/classes/assets/textures/choiceTower.png
16:17:32.320 [JavaFX Application Thread] DEBUG FXGLAssetLoaderServi - Loading from file system: file:/C:/Users/zorm1/eclipse-workspace/TowerDefense%20Element/target/classes/assets/textures/towerFireAnime.png
16:17:32.437 [FXGL Background Thread 3 ] DEBUG Engine               - Logging environment variables
16:17:32.438 [FXGL Background Thread 3 ] DEBUG Engine               - achievements: []
16:17:32.439 [FXGL Background Thread 3 ] DEBUG Engine               - actualHeight: 672.0
16:17:32.441 [FXGL Background Thread 3 ] DEBUG Engine               - actualHeightProperty: ReadOnlyDoubleProperty [value: 1017.0]
16:17:32.441 [FXGL Background Thread 3 ] DEBUG Engine               - actualWidth: 672.0
16:17:32.442 [FXGL Background Thread 3 ] DEBUG Engine               - actualWidthProperty: ReadOnlyDoubleProperty [value: 1920.0]
16:17:32.442 [FXGL Background Thread 3 ] DEBUG Engine               - appIcon: fxgl_icon.png
16:17:32.442 [FXGL Background Thread 3 ] DEBUG Engine               - applicationMode: DEVELOPER
16:17:32.443 [FXGL Background Thread 3 ] DEBUG Engine               - cSSList: [fxgl_dark.css]
16:17:32.443 [FXGL Background Thread 3 ] DEBUG Engine               - collisionDetectionStrategy: BRUTE_FORCE
16:17:32.443 [FXGL Background Thread 3 ] DEBUG Engine               - configClass: Optional.empty
16:17:32.443 [FXGL Background Thread 3 ] DEBUG Engine               - credits: []
16:17:32.443 [FXGL Background Thread 3 ] DEBUG Engine               - defaultCursor: CursorInfo(imageName=fxgl_default_cursor.png, hotspotX=7.0, hotspotY=6.0)
16:17:32.444 [FXGL Background Thread 3 ] DEBUG Engine               - devBBoxColorProperty: ObjectProperty [value: 0xff0000ff]
16:17:32.444 [FXGL Background Thread 3 ] DEBUG Engine               - devEnableDebugCameraProperty: BooleanProperty [value: false]
16:17:32.445 [FXGL Background Thread 3 ] DEBUG Engine               - devSensorColorProperty: ObjectProperty [value: 0xffff00ff]
16:17:32.446 [FXGL Background Thread 3 ] DEBUG Engine               - devShowBBoxProperty: BooleanProperty [value: false]
16:17:32.446 [FXGL Background Thread 3 ] DEBUG Engine               - devShowPositionProperty: BooleanProperty [value: false]
16:17:32.447 [FXGL Background Thread 3 ] DEBUG Engine               - enabledMenuItems: []
16:17:32.448 [FXGL Background Thread 3 ] DEBUG Engine               - engineServices: [class com.almasb.fxgl.app.services.FXGLAssetLoaderService, class com.almasb.fxgl.app.FXGLApplication$GameApplicationService, class com.almasb.fxgl.app.services.FXGLDialogService, class com.almasb.fxgl.app.services.IOTaskExecutorService, class com.almasb.fxgl.io.FileSystemService, class com.almasb.fxgl.localization.LocalizationService, class com.almasb.fxgl.app.services.SystemBundleService, class com.almasb.fxgl.profile.SaveLoadService, class com.almasb.fxgl.ui.FXGLUIFactoryServiceProvider, class com.almasb.fxgl.ui.FXGLDialogFactoryServiceProvider, class com.almasb.fxgl.audio.AudioPlayer, class com.almasb.fxgl.notification.impl.NotificationServiceProvider, class com.almasb.fxgl.achievement.AchievementService, class com.almasb.fxgl.cutscene.CutsceneService, class com.almasb.fxgl.minigames.MiniGameService, class com.almasb.fxgl.net.NetService, class com.almasb.fxgl.app.services.UpdaterService, class com.almasb.fxgl.dev.DevService]
16:17:32.449 [FXGL Background Thread 3 ] DEBUG Engine               - fontGame: Abel-Regular.ttf
16:17:32.450 [FXGL Background Thread 3 ] DEBUG Engine               - fontMono: lucida_console.ttf
16:17:32.450 [FXGL Background Thread 3 ] DEBUG Engine               - fontText: Courier-Prime.ttf
16:17:32.450 [FXGL Background Thread 3 ] DEBUG Engine               - fontUI: VarelaRound-Regular.ttf
16:17:32.450 [FXGL Background Thread 3 ] DEBUG Engine               - fullScreen: BooleanProperty [value: false]
16:17:32.451 [FXGL Background Thread 3 ] DEBUG Engine               - gameDifficulty: MEDIUM
16:17:32.451 [FXGL Background Thread 3 ] DEBUG Engine               - gameDifficultyProperty: ObjectProperty [value: MEDIUM]
16:17:32.451 [FXGL Background Thread 3 ] DEBUG Engine               - globalMusicVolume: 0.5
16:17:32.452 [FXGL Background Thread 3 ] DEBUG Engine               - globalMusicVolumeProperty: DoubleProperty [value: 0.5]
16:17:32.452 [FXGL Background Thread 3 ] DEBUG Engine               - globalSoundVolume: 0.5
16:17:32.452 [FXGL Background Thread 3 ] DEBUG Engine               - globalSoundVolumeProperty: DoubleProperty [value: 0.5]
16:17:32.452 [FXGL Background Thread 3 ] DEBUG Engine               - height: 672
16:17:32.453 [FXGL Background Thread 3 ] DEBUG Engine               - is3D: false
16:17:32.453 [FXGL Background Thread 3 ] DEBUG Engine               - isAndroid: false
16:17:32.453 [FXGL Background Thread 3 ] DEBUG Engine               - isBrowser: false
16:17:32.453 [FXGL Background Thread 3 ] DEBUG Engine               - isClickFeedbackEnabled: false
16:17:32.454 [FXGL Background Thread 3 ] DEBUG Engine               - isCloseConfirmation: false
16:17:32.454 [FXGL Background Thread 3 ] DEBUG Engine               - isDesktop: true
16:17:32.454 [FXGL Background Thread 3 ] DEBUG Engine               - isDeveloperMenuEnabled: false
16:17:32.455 [FXGL Background Thread 3 ] DEBUG Engine               - isEntityPreloadEnabled: true
16:17:32.455 [FXGL Background Thread 3 ] DEBUG Engine               - isExperimentalTiledLargeMap: false
16:17:32.455 [FXGL Background Thread 3 ] DEBUG Engine               - isFileSystemWriteAllowed: true
16:17:32.455 [FXGL Background Thread 3 ] DEBUG Engine               - isFullScreenAllowed: false
16:17:32.456 [FXGL Background Thread 3 ] DEBUG Engine               - isFullScreenFromStart: false
16:17:32.456 [FXGL Background Thread 3 ] DEBUG Engine               - isGameMenuEnabled: true
16:17:32.456 [FXGL Background Thread 3 ] DEBUG Engine               - isIOS: false
16:17:32.457 [FXGL Background Thread 3 ] DEBUG Engine               - isIntroEnabled: false
16:17:32.457 [FXGL Background Thread 3 ] DEBUG Engine               - isLinux: false
16:17:32.458 [FXGL Background Thread 3 ] DEBUG Engine               - isMac: false
16:17:32.459 [FXGL Background Thread 3 ] DEBUG Engine               - isMainMenuEnabled: false
16:17:32.459 [FXGL Background Thread 3 ] DEBUG Engine               - isManualResizeEnabled: true
16:17:32.459 [FXGL Background Thread 3 ] DEBUG Engine               - isMobile: false
16:17:32.460 [FXGL Background Thread 3 ] DEBUG Engine               - isNative: false
16:17:32.460 [FXGL Background Thread 3 ] DEBUG Engine               - isPreserveResizeRatio: true
16:17:32.460 [FXGL Background Thread 3 ] DEBUG Engine               - isProfilingEnabled: false
16:17:32.461 [FXGL Background Thread 3 ] DEBUG Engine               - isScaleAffectedOnResize: true
16:17:32.461 [FXGL Background Thread 3 ] DEBUG Engine               - isSingleStep: false
16:17:32.461 [FXGL Background Thread 3 ] DEBUG Engine               - isUserProfileEnabled: false
16:17:32.462 [FXGL Background Thread 3 ] DEBUG Engine               - isWindows: true
16:17:32.462 [FXGL Background Thread 3 ] DEBUG Engine               - language: ObjectProperty [value: ENGLISH]
16:17:32.462 [FXGL Background Thread 3 ] DEBUG Engine               - menuKey: ESCAPE
16:17:32.463 [FXGL Background Thread 3 ] DEBUG Engine               - mouseSensitivity: 0.2
16:17:32.463 [FXGL Background Thread 3 ] DEBUG Engine               - notificationViewClass: class com.almasb.fxgl.notification.view.XboxNotificationView
16:17:32.463 [FXGL Background Thread 3 ] DEBUG Engine               - pixelsPerMeter: 50.0
16:17:32.463 [FXGL Background Thread 3 ] DEBUG Engine               - platform: WINDOWS
16:17:32.463 [FXGL Background Thread 3 ] DEBUG Engine               - prefHeightProperty: ReadOnlyDoubleProperty [value: 672.0]
16:17:32.463 [FXGL Background Thread 3 ] DEBUG Engine               - prefWidthProperty: ReadOnlyDoubleProperty [value: 672.0]
16:17:32.464 [FXGL Background Thread 3 ] DEBUG Engine               - profileDir: profiles/
16:17:32.464 [FXGL Background Thread 3 ] DEBUG Engine               - profileName: StringProperty [value: DEFAULT]
16:17:32.464 [FXGL Background Thread 3 ] DEBUG Engine               - randomSeed: -1
16:17:32.464 [FXGL Background Thread 3 ] DEBUG Engine               - runtimeInfo: RuntimeInfo(platform=WINDOWS, version=11.16, build=25.05.2021 08.16)
16:17:32.464 [FXGL Background Thread 3 ] DEBUG Engine               - saveFileExt: sav
16:17:32.464 [FXGL Background Thread 3 ] DEBUG Engine               - scaledHeightProp$fxgl: DoubleProperty [bound, value: 1017.0]
16:17:32.465 [FXGL Background Thread 3 ] DEBUG Engine               - scaledWidthProp$fxgl: DoubleProperty [bound, value: 1920.0]
16:17:32.465 [FXGL Background Thread 3 ] DEBUG Engine               - sceneFactory: com.almasb.fxgl.app.scene.SceneFactory@5f4f14d2
16:17:32.465 [FXGL Background Thread 3 ] DEBUG Engine               - secondsIn24h: 60
16:17:32.465 [FXGL Background Thread 3 ] DEBUG Engine               - soundMenuBack: menu/back.wav
16:17:32.466 [FXGL Background Thread 3 ] DEBUG Engine               - soundMenuPress: menu/press.wav
16:17:32.466 [FXGL Background Thread 3 ] DEBUG Engine               - soundMenuSelect: menu/select.wav
16:17:32.466 [FXGL Background Thread 3 ] DEBUG Engine               - soundNotification: core/notification.wav
16:17:32.467 [FXGL Background Thread 3 ] DEBUG Engine               - stageStyle: DECORATED
16:17:32.467 [FXGL Background Thread 3 ] DEBUG Engine               - supportedLanguages: [ENGLISH, FRENCH, GERMAN, HUNGARIAN, RUSSIAN]
16:17:32.468 [FXGL Background Thread 3 ] DEBUG Engine               - ticksPerSecond: -1
16:17:32.469 [FXGL Background Thread 3 ] DEBUG Engine               - title: FXGL tower defense
16:17:32.470 [FXGL Background Thread 3 ] DEBUG Engine               - urlGithub: https://github.com/AlmasB/FXGL
16:17:32.470 [FXGL Background Thread 3 ] DEBUG Engine               - urlLeaderboard: http://fxgl-top.herokuapp.com/
16:17:32.470 [FXGL Background Thread 3 ] DEBUG Engine               - urlPOM: https://raw.githubusercontent.com/AlmasB/FXGL/release/README.md
16:17:32.470 [FXGL Background Thread 3 ] DEBUG Engine               - userAppClass: class com.almasb.fxglgames.TowerDefense.TowerDefenseApp
16:17:32.470 [FXGL Background Thread 3 ] DEBUG Engine               - version: 1.0
16:17:32.470 [FXGL Background Thread 3 ] DEBUG Engine               - versionCheckDays: 7
16:17:32.471 [FXGL Background Thread 3 ] DEBUG Engine               - width: 672
16:17:32.471 [FXGL Background Thread 3 ] DEBUG Engine               - Logging services
16:17:32.471 [FXGL Background Thread 3 ] DEBUG Engine               - class com.almasb.fxgl.app.services.FXGLAssetLoaderService
16:17:32.471 [FXGL Background Thread 3 ] DEBUG Engine               - class com.almasb.fxgl.app.FXGLApplication$GameApplicationService
16:17:32.471 [FXGL Background Thread 3 ] DEBUG Engine               - class com.almasb.fxgl.app.services.FXGLDialogService
16:17:32.471 [FXGL Background Thread 3 ] DEBUG Engine               - class com.almasb.fxgl.app.services.IOTaskExecutorService
16:17:32.471 [FXGL Background Thread 3 ] DEBUG Engine               - class com.almasb.fxgl.io.FileSystemService
16:17:32.471 [FXGL Background Thread 3 ] DEBUG Engine               - class com.almasb.fxgl.localization.LocalizationService
16:17:32.472 [FXGL Background Thread 3 ] DEBUG Engine               - class com.almasb.fxgl.app.services.SystemBundleService
16:17:32.472 [FXGL Background Thread 3 ] DEBUG Engine               - class com.almasb.fxgl.profile.SaveLoadService
16:17:32.472 [FXGL Background Thread 3 ] DEBUG Engine               - class com.almasb.fxgl.ui.FXGLUIFactoryServiceProvider
16:17:32.472 [FXGL Background Thread 3 ] DEBUG Engine               - class com.almasb.fxgl.ui.FXGLDialogFactoryServiceProvider
16:17:32.472 [FXGL Background Thread 3 ] DEBUG Engine               - class com.almasb.fxgl.audio.AudioPlayer
16:17:32.472 [FXGL Background Thread 3 ] DEBUG Engine               - class com.almasb.fxgl.notification.impl.NotificationServiceProvider
16:17:32.473 [FXGL Background Thread 3 ] DEBUG Engine               - class com.almasb.fxgl.achievement.AchievementService
16:17:32.473 [FXGL Background Thread 3 ] DEBUG Engine               - class com.almasb.fxgl.cutscene.CutsceneService
16:17:32.473 [FXGL Background Thread 3 ] DEBUG Engine               - class com.almasb.fxgl.minigames.MiniGameService
16:17:32.473 [FXGL Background Thread 3 ] DEBUG Engine               - class com.almasb.fxgl.net.NetService
16:17:32.473 [FXGL Background Thread 3 ] DEBUG Engine               - class com.almasb.fxgl.app.services.UpdaterService
16:17:32.473 [FXGL Background Thread 3 ] DEBUG Engine               - class com.almasb.fxgl.dev.DevService
16:17:49.684 [JavaFX Application Thread] WARN  GameWorld            - Attempted to remove entity which is not active
16:17:51.253 [JavaFX Application Thread] DEBUG FXGLApplication      - Exiting FXGL
16:17:51.253 [JavaFX Application Thread] DEBUG LoopRunner           - Stopping loop
16:17:51.254 [JavaFX Application Thread] DEBUG SystemBundleService  - Saving FXGL system data
16:17:51.256 [JavaFX Application Thread] DEBUG FileSystemAccess     - Writing to: C:\Users\zorm1\eclipse-workspace\TowerDefense Element\system\fxgl.bundle
16:17:51.260 [JavaFX Application Thread] DEBUG Async                - Shutting down background threads
16:17:51.260 [JavaFX Application Thread] DEBUG PrimaryStageWindow   - Closing main window
16:17:51.274 [JavaFX Application Thread] DEBUG Logger               - Closing Logger
