23:28:37.704 [main                     ] DEBUG Logger               - Configured Logger
23:28:37.768 [main                     ] DEBUG GameApplication      - Logging settings
Title: RTAIparty
Version: 1.0
Width: 1280
Height: 720
Fullscreen: false
Intro: false
Profiling: false
Single step:false
App Mode: DEVELOPER
Menu Key: ESCAPE
Stage Style: DECORATED
Scene Factory: class ui.RTAISceneFactory

23:28:38.372 [JavaFX Application Thread] DEBUG FXGLApplication      - Initializing FXGL
23:28:38.377 [JavaFX Application Thread] INFO  Engine               - FXGL-11.17 (16.07.2021 15.46) on WINDOWS (J:16.0.2 FX:16)
23:28:38.379 [JavaFX Application Thread] DEBUG Engine               - JRE Vendor Name: Oracle Corporation
23:28:38.379 [JavaFX Application Thread] DEBUG Engine               - Running on OS: Windows 10 version 10.0
23:28:38.380 [JavaFX Application Thread] DEBUG Engine               - Architecture: amd64
23:28:38.380 [JavaFX Application Thread] INFO  Engine               - Source code and latest versions at: https://github.com/AlmasB/FXGL
23:28:38.381 [JavaFX Application Thread] INFO  Engine               -              Join the FXGL chat at: https://gitter.im/AlmasB/FXGL
23:28:38.547 [JavaFX Application Thread] DEBUG PrimaryStageWindow   - Creating a JavaFX scene
23:28:38.614 [JavaFX Application Thread] DEBUG PrimaryStageWindow   - Target settings size: 1280.0 x 720.0
23:28:38.615 [JavaFX Application Thread] DEBUG PrimaryStageWindow   - Scaled scene size:    1280.0 x 720.0
23:28:38.615 [JavaFX Application Thread] DEBUG PrimaryStageWindow   - Scaled ratio: (1.0, 1.0)
23:28:38.616 [JavaFX Application Thread] DEBUG PrimaryStageWindow   - Set initial scene to FXGLStartupScene
23:28:38.624 [JavaFX Application Thread] DEBUG PrimaryStageWindow   - Opening main window
23:28:38.740 [JavaFX Application Thread] DEBUG PrimaryStageWindow   - Window border size: (8.0, 28.0)
23:28:38.740 [JavaFX Application Thread] DEBUG PrimaryStageWindow   - Scaled size: 1280.0 x 720.0
23:28:38.740 [JavaFX Application Thread] DEBUG PrimaryStageWindow   - Scaled ratio: (1.0, 1.0)
23:28:38.741 [JavaFX Application Thread] DEBUG PrimaryStageWindow   - Scene size: 1280.0 x 720.0
23:28:38.741 [JavaFX Application Thread] DEBUG PrimaryStageWindow   - Stage size: 1288.0 x 748.0
23:28:38.752 [FXGL Background Thread 1 ] DEBUG Engine               - Initializing environment variables
23:28:38.846 [FXGL Background Thread 1 ] DEBUG FXGLAssetLoaderServi - User app class for loading assets: class com.almasb.fxglgames.RTAIparty.RTAIpartyApp
23:28:38.846 [FXGL Background Thread 1 ] DEBUG GameApplicationServi - Applying CSS: fxgl_dark.css
23:28:38.847 [FXGL Background Thread 1 ] DEBUG FXGLAssetLoaderServi - Loading from file system: jar:file:///C:/Users/moi/.m2/repository/com/github/almasb/fxgl/11.17/fxgl-11.17.jar!/fxglassets/ui/css/fxgl_dark.css
23:28:38.934 [FXGL Background Thread 1 ] DEBUG GameApplicationServi - Initializing application scenes
23:28:39.003 [FXGL Background Thread 1 ] DEBUG GameWorld            - Game world initialized
23:28:39.106 [FXGL Background Thread 1 ] DEBUG PhysicsWorld         - Physics world initialized: appHeight=720, physics.ppm=50,0
23:28:39.107 [FXGL Background Thread 1 ] DEBUG PhysicsWorld         - Using strategy: BRUTE_FORCE
23:28:39.111 [FXGL Background Thread 1 ] DEBUG GameScene            - Game scene initialized: 1280x720
23:28:39.123 [FXGL Background Thread 1 ] DEBUG FXGLAssetLoaderServi - Loading from file system: file:/C:/Users/moi/java-workspace/RTAIparty/target/classes/assets/textures/garcon_blond.png
23:28:39.143 [FXGL Background Thread 1 ] DEBUG FXGLAssetLoaderServi - Loading from file system: file:/C:/Users/moi/java-workspace/RTAIparty/target/classes/assets/textures/garcon_brun.png
23:28:39.145 [FXGL Background Thread 1 ] DEBUG FXGLAssetLoaderServi - Loading from file system: file:/C:/Users/moi/java-workspace/RTAIparty/target/classes/assets/textures/fille_blonde.png
23:28:39.147 [FXGL Background Thread 1 ] DEBUG FXGLAssetLoaderServi - Loading from file system: file:/C:/Users/moi/java-workspace/RTAIparty/target/classes/assets/textures/fille_brune.png
23:28:39.149 [FXGL Background Thread 1 ] DEBUG FXGLAssetLoaderServi - Loading from file system: file:/C:/Users/moi/java-workspace/RTAIparty/target/classes/assets/textures/background/classe.png
23:28:39.230 [FXGL Background Thread 1 ] DEBUG FXGLAssetLoaderServi - Loading from file system: file:/C:/Users/moi/java-workspace/RTAIparty/target/classes/assets/textures/tableau.png
23:28:39.239 [FXGL Background Thread 1 ] DEBUG FXGLAssetLoaderServi - Loading from file system: file:/C:/Users/moi/java-workspace/RTAIparty/target/classes/assets/textures/table.png
23:28:39.273 [FXGL Background Thread 1 ] DEBUG FXGL.DefaultMenu     - createMenuBodyGameMenu()
23:28:39.288 [FXGL Background Thread 1 ] DEBUG FXGL.DefaultMenu     - createOptionsMenu()
23:28:39.298 [FXGL Background Thread 1 ] DEBUG FXGLAssetLoaderServi - Loading from file system: jar:file:///C:/Users/moi/.m2/repository/com/github/almasb/fxgl/11.17/fxgl-11.17.jar!/fxglassets/textures/particles/smoke.png
23:28:39.445 [FXGL Background Thread 1 ] DEBUG FXGLAssetLoaderServi - Loading from file system: jar:file:///C:/Users/moi/.m2/repository/com/github/almasb/fxgl/11.17/fxgl-11.17.jar!/fxglassets/textures/particles/trace_horizontal.png
23:28:39.475 [FXGL Background Thread 1 ] DEBUG GameApplicationServi - Application scenes initialized
23:28:39.489 [FXGL Background Thread 1 ] DEBUG SystemBundleService  - Loading FXGL system data
23:28:39.496 [FXGL Background Thread 1 ] DEBUG FileSystemAccess     - Reading from: C:\Users\moi\java-workspace\RTAIparty\system\fxgl.bundle
23:28:39.508 [FXGL Background Thread 1 ] DEBUG SystemBundleService  - Bundle FXGL: {}
23:28:39.509 [FXGL Background Thread 1 ] DEBUG UpdaterService       - Checking for updates
23:28:39.514 [FXGL Background Thread 4 ] DEBUG FXGLApplication      - Loading fonts
23:28:39.515 [FXGL Background Thread 1 ] DEBUG FXGLApplication      - Loading default localization
23:28:39.515 [FXGL Background Thread 4 ] DEBUG FXGLAssetLoaderServi - Loading from file system: jar:file:///C:/Users/moi/.m2/repository/com/github/almasb/fxgl/11.17/fxgl-11.17.jar!/fxglassets/ui/fonts/VarelaRound-Regular.ttf
23:28:39.516 [FXGL Background Thread 1 ] DEBUG FXGLAssetLoaderServi - Loading from file system: jar:file:///C:/Users/moi/.m2/repository/com/github/almasb/fxgl/11.17/fxgl-11.17.jar!/fxglassets/languages/english.lang
23:28:39.544 [FXGL Background Thread 1 ] INFO  FXGLApplication      - FXGL initialization took: 0,792 sec
23:28:39.550 [JavaFX Application Thread] DEBUG Input                - Registered new binding: clic - LMB
23:28:39.564 [JavaFX Application Thread] DEBUG Input                - Registered new binding: test - E
23:28:39.565 [JavaFX Application Thread] DEBUG FXGLAssetLoaderServi - Loading from file system: jar:file:///C:/Users/moi/.m2/repository/com/github/almasb/fxgl/11.17/fxgl-11.17.jar!/fxglassets/textures/fxgl_icon.png
23:28:39.588 [JavaFX Application Thread] DEBUG FXGLAssetLoaderServi - Loading from file system: jar:file:///C:/Users/moi/.m2/repository/com/github/almasb/fxgl/11.17/fxgl-11.17.jar!/fxglassets/textures/fxgl_default_cursor.png
23:28:39.591 [JavaFX Application Thread] DEBUG Input                - Registered new binding: Screenshot - CTRL+8
23:28:39.592 [JavaFX Application Thread] DEBUG Input                - Registered new binding: System info dump - CTRL+9
23:28:39.593 [JavaFX Application Thread] DEBUG Input                - Registered new binding: Restart - CTRL+R
23:28:39.595 [JavaFX Application Thread] DEBUG Input                - Registered new binding: Toggle Debug Camera - CTRL+C
23:28:39.602 [JavaFX Application Thread] DEBUG LoopRunner           - Starting loop
23:28:39.603 [JavaFX Application Thread] DEBUG LoopRunner           - Initializing JavaFX AnimationTimerLoop
23:28:39.607 [JavaFX Application Thread] DEBUG Input                - Clearing active input actions
23:28:39.621 [JavaFX Application Thread] DEBUG GameApplicationServi - Removing overlay from FXGLStartupScene and adding to FXGLMainMenuDummyScene
23:28:39.622 [JavaFX Application Thread] DEBUG PrimaryStageWindow   - FXGLStartupScene -> FXGLMainMenuDummyScene
23:28:39.622 [JavaFX Application Thread] DEBUG PrimaryStageWindow   - Push state: RTAIpartyMainMenu
23:28:39.623 [JavaFX Application Thread] DEBUG Input                - Clearing active input actions
23:28:39.631 [JavaFX Application Thread] DEBUG GameApplicationServi - Removing overlay from FXGLMainMenuDummyScene and adding to RTAIpartyMainMenu
23:28:39.633 [JavaFX Application Thread] DEBUG PrimaryStageWindow   - FXGLMainMenuDummyScene -> RTAIpartyMainMenu
23:28:40.035 [FXGL Background Thread 4 ] DEBUG FXGLAssetLoaderServi - Loading from file system: jar:file:///C:/Users/moi/.m2/repository/com/github/almasb/fxgl/11.17/fxgl-11.17.jar!/fxglassets/ui/fonts/Abel-Regular.ttf
23:28:40.069 [FXGL Background Thread 4 ] DEBUG FXGLAssetLoaderServi - Loading from file system: jar:file:///C:/Users/moi/.m2/repository/com/github/almasb/fxgl/11.17/fxgl-11.17.jar!/fxglassets/ui/fonts/lucida_console.ttf
23:28:40.091 [FXGL Background Thread 4 ] DEBUG FXGLAssetLoaderServi - Loading from file system: jar:file:///C:/Users/moi/.m2/repository/com/github/almasb/fxgl/11.17/fxgl-11.17.jar!/fxglassets/ui/fonts/Courier-Prime.ttf
23:28:40.112 [JavaFX Application Thread] DEBUG FXGLApplication      - Registering font factories with UI factory
23:28:42.513 [FXGL Background Thread 3 ] DEBUG Engine               - Logging environment variables
23:28:42.514 [FXGL Background Thread 3 ] DEBUG Engine               - achievements: []
23:28:42.514 [FXGL Background Thread 3 ] DEBUG Engine               - actualHeight: 720.0
23:28:42.515 [FXGL Background Thread 3 ] DEBUG Engine               - actualHeightProperty: ReadOnlyDoubleProperty [value: 720.0]
23:28:42.516 [FXGL Background Thread 3 ] DEBUG Engine               - actualWidth: 1280.0
23:28:42.517 [FXGL Background Thread 3 ] DEBUG Engine               - actualWidthProperty: ReadOnlyDoubleProperty [value: 1280.0]
23:28:42.517 [FXGL Background Thread 3 ] DEBUG Engine               - appIcon: fxgl_icon.png
23:28:42.518 [FXGL Background Thread 3 ] DEBUG Engine               - applicationMode: DEVELOPER
23:28:42.518 [FXGL Background Thread 3 ] DEBUG Engine               - cSSList: [fxgl_dark.css]
23:28:42.518 [FXGL Background Thread 3 ] DEBUG Engine               - collisionDetectionStrategy: BRUTE_FORCE
23:28:42.518 [FXGL Background Thread 3 ] DEBUG Engine               - configClass: Optional.empty
23:28:42.519 [FXGL Background Thread 3 ] DEBUG Engine               - credits: []
23:28:42.519 [FXGL Background Thread 3 ] DEBUG Engine               - defaultCursor: CursorInfo(imageName=fxgl_default_cursor.png, hotspotX=7.0, hotspotY=6.0)
23:28:42.520 [FXGL Background Thread 3 ] DEBUG Engine               - devBBoxColorProperty: ObjectProperty [value: 0xff0000ff]
23:28:42.520 [FXGL Background Thread 3 ] DEBUG Engine               - devEnableDebugCameraProperty: BooleanProperty [value: false]
23:28:42.521 [FXGL Background Thread 3 ] DEBUG Engine               - devSensorColorProperty: ObjectProperty [value: 0xffff00ff]
23:28:42.522 [FXGL Background Thread 3 ] DEBUG Engine               - devShowBBoxProperty: BooleanProperty [value: false]
23:28:42.522 [FXGL Background Thread 3 ] DEBUG Engine               - devShowPositionProperty: BooleanProperty [value: false]
23:28:42.522 [FXGL Background Thread 3 ] DEBUG Engine               - enabledMenuItems: []
23:28:42.523 [FXGL Background Thread 3 ] DEBUG Engine               - engineServices: [class com.almasb.fxgl.app.services.FXGLAssetLoaderService, class com.almasb.fxgl.app.FXGLApplication$GameApplicationService, class com.almasb.fxgl.app.services.FXGLDialogService, class com.almasb.fxgl.app.services.IOTaskExecutorService, class com.almasb.fxgl.io.FileSystemService, class com.almasb.fxgl.localization.LocalizationService, class com.almasb.fxgl.app.services.SystemBundleService, class com.almasb.fxgl.profile.SaveLoadService, class com.almasb.fxgl.ui.FXGLUIFactoryServiceProvider, class com.almasb.fxgl.ui.FXGLDialogFactoryServiceProvider, class com.almasb.fxgl.audio.AudioPlayer, class com.almasb.fxgl.notification.impl.NotificationServiceProvider, class com.almasb.fxgl.achievement.AchievementService, class com.almasb.fxgl.cutscene.CutsceneService, class com.almasb.fxgl.minigames.MiniGameService, class com.almasb.fxgl.net.NetService, class com.almasb.fxgl.app.services.UpdaterService, class com.almasb.fxgl.dev.DevService]
23:28:42.524 [FXGL Background Thread 3 ] DEBUG Engine               - fontGame: Abel-Regular.ttf
23:28:42.524 [FXGL Background Thread 3 ] DEBUG Engine               - fontMono: lucida_console.ttf
23:28:42.524 [FXGL Background Thread 3 ] DEBUG Engine               - fontText: Courier-Prime.ttf
23:28:42.525 [FXGL Background Thread 3 ] DEBUG Engine               - fontUI: VarelaRound-Regular.ttf
23:28:42.525 [FXGL Background Thread 3 ] DEBUG Engine               - fullScreen: BooleanProperty [value: false]
23:28:42.525 [FXGL Background Thread 3 ] DEBUG Engine               - gameDifficulty: MEDIUM
23:28:42.526 [FXGL Background Thread 3 ] DEBUG Engine               - gameDifficultyProperty: ObjectProperty [value: MEDIUM]
23:28:42.526 [FXGL Background Thread 3 ] DEBUG Engine               - globalMusicVolume: 0.5
23:28:42.526 [FXGL Background Thread 3 ] DEBUG Engine               - globalMusicVolumeProperty: DoubleProperty [value: 0.5]
23:28:42.526 [FXGL Background Thread 3 ] DEBUG Engine               - globalSoundVolume: 0.5
23:28:42.527 [FXGL Background Thread 3 ] DEBUG Engine               - globalSoundVolumeProperty: DoubleProperty [value: 0.5]
23:28:42.527 [FXGL Background Thread 3 ] DEBUG Engine               - height: 720
23:28:42.527 [FXGL Background Thread 3 ] DEBUG Engine               - is3D: false
23:28:42.528 [FXGL Background Thread 3 ] DEBUG Engine               - isAndroid: false
23:28:42.529 [FXGL Background Thread 3 ] DEBUG Engine               - isBrowser: false
23:28:42.530 [FXGL Background Thread 3 ] DEBUG Engine               - isClickFeedbackEnabled: false
23:28:42.531 [FXGL Background Thread 3 ] DEBUG Engine               - isCloseConfirmation: false
23:28:42.531 [FXGL Background Thread 3 ] DEBUG Engine               - isDesktop: true
23:28:42.531 [FXGL Background Thread 3 ] DEBUG Engine               - isDeveloperMenuEnabled: false
23:28:42.532 [FXGL Background Thread 3 ] DEBUG Engine               - isEntityPreloadEnabled: true
23:28:42.532 [FXGL Background Thread 3 ] DEBUG Engine               - isExperimentalTiledLargeMap: false
23:28:42.532 [FXGL Background Thread 3 ] DEBUG Engine               - isFileSystemWriteAllowed: true
23:28:42.532 [FXGL Background Thread 3 ] DEBUG Engine               - isFullScreenAllowed: false
23:28:42.533 [FXGL Background Thread 3 ] DEBUG Engine               - isFullScreenFromStart: false
23:28:42.533 [FXGL Background Thread 3 ] DEBUG Engine               - isGameMenuEnabled: true
23:28:42.533 [FXGL Background Thread 3 ] DEBUG Engine               - isIOS: false
23:28:42.533 [FXGL Background Thread 3 ] DEBUG Engine               - isIntroEnabled: false
23:28:42.534 [FXGL Background Thread 3 ] DEBUG Engine               - isLinux: false
23:28:42.534 [FXGL Background Thread 3 ] DEBUG Engine               - isMac: false
23:28:42.534 [FXGL Background Thread 3 ] DEBUG Engine               - isMainMenuEnabled: true
23:28:42.534 [FXGL Background Thread 3 ] DEBUG Engine               - isManualResizeEnabled: true
23:28:42.535 [FXGL Background Thread 3 ] DEBUG Engine               - isMobile: false
23:28:42.536 [FXGL Background Thread 3 ] DEBUG Engine               - isNative: false
23:28:42.537 [FXGL Background Thread 3 ] DEBUG Engine               - isPauseMusicWhenMinimized: true
23:28:42.537 [FXGL Background Thread 3 ] DEBUG Engine               - isPreserveResizeRatio: true
23:28:42.538 [FXGL Background Thread 3 ] DEBUG Engine               - isProfilingEnabled: false
23:28:42.538 [FXGL Background Thread 3 ] DEBUG Engine               - isScaleAffectedOnResize: true
23:28:42.539 [FXGL Background Thread 3 ] DEBUG Engine               - isSingleStep: false
23:28:42.539 [FXGL Background Thread 3 ] DEBUG Engine               - isUserProfileEnabled: false
23:28:42.539 [FXGL Background Thread 3 ] DEBUG Engine               - isWindows: true
23:28:42.540 [FXGL Background Thread 3 ] DEBUG Engine               - language: ObjectProperty [value: ENGLISH]
23:28:42.540 [FXGL Background Thread 3 ] DEBUG Engine               - menuKey: ESCAPE
23:28:42.540 [FXGL Background Thread 3 ] DEBUG Engine               - mouseSensitivity: 0.2
23:28:42.541 [FXGL Background Thread 3 ] DEBUG Engine               - notificationViewClass: class com.almasb.fxgl.notification.view.XboxNotificationView
23:28:42.541 [FXGL Background Thread 3 ] DEBUG Engine               - pixelsPerMeter: 50.0
23:28:42.541 [FXGL Background Thread 3 ] DEBUG Engine               - platform: WINDOWS
23:28:42.542 [FXGL Background Thread 3 ] DEBUG Engine               - prefHeightProperty: ReadOnlyDoubleProperty [value: 720.0]
23:28:42.543 [FXGL Background Thread 3 ] DEBUG Engine               - prefWidthProperty: ReadOnlyDoubleProperty [value: 1280.0]
23:28:42.543 [FXGL Background Thread 3 ] DEBUG Engine               - profileDir: profiles/
23:28:42.544 [FXGL Background Thread 3 ] DEBUG Engine               - profileName: StringProperty [value: DEFAULT]
23:28:42.544 [FXGL Background Thread 3 ] DEBUG Engine               - randomSeed: -1
23:28:42.544 [FXGL Background Thread 3 ] DEBUG Engine               - runtimeInfo: RuntimeInfo(platform=WINDOWS, version=11.17, build=16.07.2021 15.46)
23:28:42.545 [FXGL Background Thread 3 ] DEBUG Engine               - saveFileExt: sav
23:28:42.545 [FXGL Background Thread 3 ] DEBUG Engine               - scaledHeightProp$fxgl: DoubleProperty [bound, value: 720.0]
23:28:42.545 [FXGL Background Thread 3 ] DEBUG Engine               - scaledWidthProp$fxgl: DoubleProperty [bound, value: 1280.0]
23:28:42.545 [FXGL Background Thread 3 ] DEBUG Engine               - sceneFactory: ui.RTAISceneFactory@d85aae9
23:28:42.546 [FXGL Background Thread 3 ] DEBUG Engine               - secondsIn24h: 60
23:28:42.546 [FXGL Background Thread 3 ] DEBUG Engine               - soundMenuBack: menu/back.wav
23:28:42.546 [FXGL Background Thread 3 ] DEBUG Engine               - soundMenuPress: menu/press.wav
23:28:42.546 [FXGL Background Thread 3 ] DEBUG Engine               - soundMenuSelect: menu/select.wav
23:28:42.547 [FXGL Background Thread 3 ] DEBUG Engine               - soundNotification: core/notification.wav
23:28:42.547 [FXGL Background Thread 3 ] DEBUG Engine               - stageStyle: DECORATED
23:28:42.547 [FXGL Background Thread 3 ] DEBUG Engine               - supportedLanguages: [ENGLISH, FRENCH, GERMAN, HUNGARIAN, RUSSIAN]
23:28:42.549 [FXGL Background Thread 3 ] DEBUG Engine               - ticksPerSecond: -1
23:28:42.549 [FXGL Background Thread 3 ] DEBUG Engine               - title: RTAIparty
23:28:42.549 [FXGL Background Thread 3 ] DEBUG Engine               - urlGithub: https://github.com/AlmasB/FXGL
23:28:42.550 [FXGL Background Thread 3 ] DEBUG Engine               - urlLeaderboard: http://fxgl-top.herokuapp.com/
23:28:42.550 [FXGL Background Thread 3 ] DEBUG Engine               - urlPOM: https://raw.githubusercontent.com/AlmasB/FXGL/release/README.md
23:28:42.550 [FXGL Background Thread 3 ] DEBUG Engine               - userAppClass: class com.almasb.fxglgames.RTAIparty.RTAIpartyApp
23:28:42.550 [FXGL Background Thread 3 ] DEBUG Engine               - version: 1.0
23:28:42.551 [FXGL Background Thread 3 ] DEBUG Engine               - versionCheckDays: 7
23:28:42.551 [FXGL Background Thread 3 ] DEBUG Engine               - width: 1280
23:28:42.551 [FXGL Background Thread 3 ] DEBUG Engine               - Logging services
23:28:42.551 [FXGL Background Thread 3 ] DEBUG Engine               - class com.almasb.fxgl.app.services.FXGLAssetLoaderService
23:28:42.552 [FXGL Background Thread 3 ] DEBUG Engine               - class com.almasb.fxgl.app.FXGLApplication$GameApplicationService
23:28:42.552 [FXGL Background Thread 3 ] DEBUG Engine               - class com.almasb.fxgl.app.services.FXGLDialogService
23:28:42.552 [FXGL Background Thread 3 ] DEBUG Engine               - class com.almasb.fxgl.app.services.IOTaskExecutorService
23:28:42.552 [FXGL Background Thread 3 ] DEBUG Engine               - class com.almasb.fxgl.io.FileSystemService
23:28:42.553 [FXGL Background Thread 3 ] DEBUG Engine               - class com.almasb.fxgl.localization.LocalizationService
23:28:42.553 [FXGL Background Thread 3 ] DEBUG Engine               - class com.almasb.fxgl.app.services.SystemBundleService
23:28:42.554 [FXGL Background Thread 3 ] DEBUG Engine               - class com.almasb.fxgl.profile.SaveLoadService
23:28:42.554 [FXGL Background Thread 3 ] DEBUG Engine               - class com.almasb.fxgl.ui.FXGLUIFactoryServiceProvider
23:28:42.555 [FXGL Background Thread 3 ] DEBUG Engine               - class com.almasb.fxgl.ui.FXGLDialogFactoryServiceProvider
23:28:42.555 [FXGL Background Thread 3 ] DEBUG Engine               - class com.almasb.fxgl.audio.AudioPlayer
23:28:42.555 [FXGL Background Thread 3 ] DEBUG Engine               - class com.almasb.fxgl.notification.impl.NotificationServiceProvider
23:28:42.555 [FXGL Background Thread 3 ] DEBUG Engine               - class com.almasb.fxgl.achievement.AchievementService
23:28:42.555 [FXGL Background Thread 3 ] DEBUG Engine               - class com.almasb.fxgl.cutscene.CutsceneService
23:28:42.559 [FXGL Background Thread 3 ] DEBUG Engine               - class com.almasb.fxgl.minigames.MiniGameService
23:28:42.559 [FXGL Background Thread 3 ] DEBUG Engine               - class com.almasb.fxgl.net.NetService
23:28:42.560 [FXGL Background Thread 3 ] DEBUG Engine               - class com.almasb.fxgl.app.services.UpdaterService
23:28:42.560 [FXGL Background Thread 3 ] DEBUG Engine               - class com.almasb.fxgl.dev.DevService
23:28:43.269 [JavaFX Application Thread] DEBUG Menu                 - fireNewGame()
23:28:43.269 [JavaFX Application Thread] DEBUG GameApplicationServi - Starting new game
23:28:43.269 [JavaFX Application Thread] DEBUG PrimaryStageWindow   - Pop state: RTAIpartyMainMenu
23:28:43.270 [JavaFX Application Thread] DEBUG Input                - Clearing active input actions
23:28:43.270 [JavaFX Application Thread] DEBUG GameApplicationServi - Removing overlay from RTAIpartyMainMenu and adding to FXGLMainMenuDummyScene
23:28:43.271 [JavaFX Application Thread] DEBUG PrimaryStageWindow   - FXGLMainMenuDummyScene <- RTAIpartyMainMenu
23:28:43.271 [JavaFX Application Thread] DEBUG Input                - Clearing active input actions
23:28:43.286 [JavaFX Application Thread] DEBUG GameApplicationServi - Removing overlay from FXGLMainMenuDummyScene and adding to FXGLLoadingScene
23:28:43.286 [JavaFX Application Thread] DEBUG PrimaryStageWindow   - FXGLMainMenuDummyScene -> FXGLLoadingScene
23:28:43.286 [JavaFX Application Thread] DEBUG GameApplicationServi - Clearing previous game
23:28:43.286 [JavaFX Application Thread] DEBUG GameScene            - Clearing game scene
23:28:43.287 [JavaFX Application Thread] DEBUG GameWorld            - Clearing game world
23:28:43.287 [JavaFX Application Thread] DEBUG PhysicsWorld         - Clearing physics world
23:28:43.289 [FXGL Background Thread 2 ] DEBUG FXGLApplication      - Initializing game
23:28:43.291 [FXGL Background Thread 2 ] INFO  FXGLApplication      - Game initialization took: 0,002 sec
23:28:43.298 [JavaFX Application Thread] DEBUG Input                - Registered new binding: fin - E
23:28:43.301 [JavaFX Application Thread] DEBUG FXGLAssetLoaderServi - Loading from file system: file:/C:/Users/moi/java-workspace/RTAIparty/target/classes/assets/textures/block-bleu.png
23:28:44.067 [JavaFX Application Thread] DEBUG GameWorld            - Clearing removable entities
23:28:44.068 [JavaFX Application Thread] DEBUG GameWorld            - Setting level: com.almasb.fxgl.entity.level.Level@556429d9
23:28:44.120 [JavaFX Application Thread] DEBUG Input                - Clearing active input actions
23:28:44.196 [JavaFX Application Thread] DEBUG GameApplicationServi - Removing overlay from FXGLLoadingScene and adding to GameScene
23:28:44.197 [JavaFX Application Thread] DEBUG PrimaryStageWindow   - FXGLLoadingScene -> GameScene
23:28:44.230 [JavaFX Application Thread] DEBUG PrimaryStageWindow   - Push state: DodgeSubScene
23:28:44.231 [JavaFX Application Thread] DEBUG Input                - Clearing active input actions
23:28:44.231 [JavaFX Application Thread] DEBUG GameApplicationServi - Removing overlay from GameScene and adding to DodgeSubScene
23:28:44.232 [JavaFX Application Thread] DEBUG PrimaryStageWindow   - GameScene -> DodgeSubScene
23:28:45.587 [JavaFX Application Thread] DEBUG FXGLApplication      - Exiting FXGL
23:28:45.587 [JavaFX Application Thread] DEBUG LoopRunner           - Stopping loop
23:28:45.587 [JavaFX Application Thread] DEBUG SystemBundleService  - Saving FXGL system data
23:28:45.590 [JavaFX Application Thread] DEBUG FileSystemAccess     - Writing to: C:\Users\moi\java-workspace\RTAIparty\system\fxgl.bundle
23:28:45.592 [JavaFX Application Thread] DEBUG Async                - Shutting down background threads
23:28:45.592 [JavaFX Application Thread] DEBUG PrimaryStageWindow   - Closing main window
23:28:45.614 [JavaFX Application Thread] DEBUG Logger               - Closing Logger
