15:44:34.337 [main                     ] DEBUG Logger               - Configured Logger
15:44:34.369 [main                     ] DEBUG GameApplication      - Logging settings
Title: FXGL tower defense
Version: 1.0
Width: 672
Height: 672
Fullscreen: false
Intro: false
Profiling: false
Single step:false
App Mode: DEVELOPER
Menu Key: ESCAPE
Stage Style: DECORATED
Scene Factory: class com.almasb.fxgl.app.scene.SceneFactory

15:44:34.726 [JavaFX Application Thread] DEBUG FXGLApplication      - Initializing FXGL
15:44:34.728 [JavaFX Application Thread] INFO  Engine               - FXGL-11.16 (25.05.2021 08.16) on WINDOWS (J:16.0.2 FX:16)
15:44:34.730 [JavaFX Application Thread] DEBUG Engine               - JRE Vendor Name: Oracle Corporation
15:44:34.730 [JavaFX Application Thread] DEBUG Engine               - Running on OS: Windows 10 version 10.0
15:44:34.730 [JavaFX Application Thread] DEBUG Engine               - Architecture: amd64
15:44:34.730 [JavaFX Application Thread] INFO  Engine               - Source code and latest versions at: https://github.com/AlmasB/FXGL
15:44:34.731 [JavaFX Application Thread] INFO  Engine               -              Join the FXGL chat at: https://gitter.im/AlmasB/FXGL
15:44:34.855 [JavaFX Application Thread] DEBUG PrimaryStageWindow   - Creating a JavaFX scene
15:44:34.901 [JavaFX Application Thread] DEBUG PrimaryStageWindow   - Target settings size: 672.0 x 672.0
15:44:34.901 [JavaFX Application Thread] DEBUG PrimaryStageWindow   - Scaled scene size:    672.0 x 672.0
15:44:34.901 [JavaFX Application Thread] DEBUG PrimaryStageWindow   - Scaled ratio: (1.0, 1.0)
15:44:34.902 [JavaFX Application Thread] DEBUG PrimaryStageWindow   - Set initial scene to FXGLStartupScene
15:44:34.908 [JavaFX Application Thread] DEBUG PrimaryStageWindow   - Opening main window
15:44:34.980 [JavaFX Application Thread] DEBUG PrimaryStageWindow   - Window border size: (16.0, 39.0)
15:44:34.981 [JavaFX Application Thread] DEBUG PrimaryStageWindow   - Scaled size: 672.0 x 672.0
15:44:34.981 [JavaFX Application Thread] DEBUG PrimaryStageWindow   - Scaled ratio: (1.0, 1.0)
15:44:34.981 [JavaFX Application Thread] DEBUG PrimaryStageWindow   - Scene size: 672.0 x 672.0
15:44:34.982 [JavaFX Application Thread] DEBUG PrimaryStageWindow   - Stage size: 688.0 x 711.0
15:44:34.989 [FXGL Background Thread 1 ] DEBUG Engine               - Initializing environment variables
15:44:35.036 [FXGL Background Thread 1 ] DEBUG FXGLAssetLoaderServi - User app class for loading assets: class com.almasb.fxglgames.TowerDefense.TowerDefenseApp
15:44:35.037 [FXGL Background Thread 1 ] DEBUG GameApplicationServi - Applying CSS: fxgl_dark.css
15:44:35.038 [FXGL Background Thread 1 ] DEBUG FXGLAssetLoaderServi - Loading from file system: jar:file:///C:/Users/zorm1/.m2/repository/com/github/almasb/fxgl/11.16/fxgl-11.16.jar!/fxglassets/ui/css/fxgl_dark.css
15:44:35.111 [FXGL Background Thread 1 ] DEBUG GameApplicationServi - Initializing application scenes
15:44:35.170 [FXGL Background Thread 1 ] DEBUG GameWorld            - Game world initialized
15:44:35.251 [FXGL Background Thread 1 ] DEBUG PhysicsWorld         - Physics world initialized: appHeight=672, physics.ppm=50,0
15:44:35.252 [FXGL Background Thread 1 ] DEBUG PhysicsWorld         - Using strategy: BRUTE_FORCE
15:44:35.260 [FXGL Background Thread 1 ] DEBUG GameScene            - Game scene initialized: 672x672
15:44:35.273 [FXGL Background Thread 1 ] WARN  FXGL.DefaultMenu     - FXGLDefaultMenu is not designed for resolutions < 800x600
15:44:35.274 [FXGL Background Thread 1 ] DEBUG FXGL.DefaultMenu     - createMenuBodyGameMenu()
15:44:35.289 [FXGL Background Thread 1 ] DEBUG FXGL.DefaultMenu     - createOptionsMenu()
15:44:35.299 [FXGL Background Thread 1 ] DEBUG FXGLAssetLoaderServi - Loading from file system: jar:file:///C:/Users/zorm1/.m2/repository/com/github/almasb/fxgl/11.16/fxgl-11.16.jar!/fxglassets/textures/particles/smoke.png
15:44:35.412 [FXGL Background Thread 1 ] DEBUG FXGLAssetLoaderServi - Loading from file system: jar:file:///C:/Users/zorm1/.m2/repository/com/github/almasb/fxgl/11.16/fxgl-11.16.jar!/fxglassets/textures/particles/trace_horizontal.png
15:44:35.445 [FXGL Background Thread 1 ] DEBUG GameApplicationServi - Application scenes initialized
15:44:35.457 [FXGL Background Thread 1 ] DEBUG SystemBundleService  - Loading FXGL system data
15:44:35.464 [FXGL Background Thread 1 ] DEBUG FileSystemAccess     - Reading from: C:\Users\zorm1\eclipse-workspace\TowerDefense Element\system\fxgl.bundle
15:44:35.473 [FXGL Background Thread 1 ] DEBUG SystemBundleService  - Bundle FXGL: {}
15:44:35.474 [FXGL Background Thread 1 ] DEBUG UpdaterService       - Checking for updates
15:44:35.478 [FXGL Background Thread 4 ] DEBUG FXGLApplication      - Loading fonts
15:44:35.478 [FXGL Background Thread 1 ] DEBUG FXGLApplication      - Loading default localization
15:44:35.478 [FXGL Background Thread 4 ] DEBUG FXGLAssetLoaderServi - Loading from file system: jar:file:///C:/Users/zorm1/.m2/repository/com/github/almasb/fxgl/11.16/fxgl-11.16.jar!/fxglassets/ui/fonts/VarelaRound-Regular.ttf
15:44:35.478 [FXGL Background Thread 1 ] DEBUG FXGLAssetLoaderServi - Loading from file system: jar:file:///C:/Users/zorm1/.m2/repository/com/github/almasb/fxgl/11.16/fxgl-11.16.jar!/fxglassets/languages/english.lang
15:44:35.498 [FXGL Background Thread 1 ] INFO  FXGLApplication      - FXGL initialization took: 0,508 sec
15:44:35.505 [JavaFX Application Thread] DEBUG Input                - Registered new binding: clic - LMB
15:44:35.515 [JavaFX Application Thread] DEBUG Input                - Registered new binding: CreateEnnemi - E
15:44:35.516 [JavaFX Application Thread] DEBUG FXGLAssetLoaderServi - Loading from file system: jar:file:///C:/Users/zorm1/.m2/repository/com/github/almasb/fxgl/11.16/fxgl-11.16.jar!/fxglassets/textures/fxgl_icon.png
15:44:35.540 [JavaFX Application Thread] DEBUG FXGLAssetLoaderServi - Loading from file system: jar:file:///C:/Users/zorm1/.m2/repository/com/github/almasb/fxgl/11.16/fxgl-11.16.jar!/fxglassets/textures/fxgl_default_cursor.png
15:44:35.545 [JavaFX Application Thread] DEBUG Input                - Registered new binding: Screenshot - CTRL+8
15:44:35.546 [JavaFX Application Thread] DEBUG Input                - Registered new binding: System info dump - CTRL+9
15:44:35.546 [JavaFX Application Thread] DEBUG Input                - Registered new binding: Restart - CTRL+R
15:44:35.548 [JavaFX Application Thread] DEBUG Input                - Registered new binding: Toggle Debug Camera - CTRL+C
15:44:35.550 [JavaFX Application Thread] DEBUG LoopRunner           - Starting loop
15:44:35.550 [JavaFX Application Thread] DEBUG LoopRunner           - Initializing JavaFX AnimationTimerLoop
15:44:35.552 [JavaFX Application Thread] DEBUG GameApplicationServi - Starting new game
15:44:35.556 [JavaFX Application Thread] DEBUG Input                - Clearing active input actions
15:44:35.570 [JavaFX Application Thread] DEBUG GameApplicationServi - Removing overlay from FXGLStartupScene and adding to FXGLLoadingScene
15:44:35.571 [JavaFX Application Thread] DEBUG PrimaryStageWindow   - FXGLStartupScene -> FXGLLoadingScene
15:44:35.572 [JavaFX Application Thread] DEBUG GameApplicationServi - Clearing previous game
15:44:35.572 [JavaFX Application Thread] DEBUG GameScene            - Clearing game scene
15:44:35.572 [JavaFX Application Thread] DEBUG GameWorld            - Clearing game world
15:44:35.573 [JavaFX Application Thread] DEBUG PhysicsWorld         - Clearing physics world
15:44:35.574 [FXGL Background Thread 1 ] DEBUG FXGLApplication      - Initializing game
15:44:35.576 [FXGL Background Thread 4 ] DEBUG FXGLAssetLoaderServi - Loading from file system: jar:file:///C:/Users/zorm1/.m2/repository/com/github/almasb/fxgl/11.16/fxgl-11.16.jar!/fxglassets/ui/fonts/Abel-Regular.ttf
15:44:35.584 [FXGL Background Thread 1 ] DEBUG FXGLAssetLoaderServi - Loading from file system: file:/C:/Users/zorm1/eclipse-workspace/TowerDefense%20Element/target/classes/assets/textures/eauHG.png
15:44:35.598 [FXGL Background Thread 1 ] DEBUG FXGLAssetLoaderServi - Loading from file system: file:/C:/Users/zorm1/eclipse-workspace/TowerDefense%20Element/target/classes/assets/textures/eauH.png
15:44:35.609 [FXGL Background Thread 4 ] DEBUG FXGLAssetLoaderServi - Loading from file system: jar:file:///C:/Users/zorm1/.m2/repository/com/github/almasb/fxgl/11.16/fxgl-11.16.jar!/fxglassets/ui/fonts/lucida_console.ttf
15:44:35.619 [FXGL Background Thread 1 ] DEBUG FXGLAssetLoaderServi - Loading from file system: file:/C:/Users/zorm1/eclipse-workspace/TowerDefense%20Element/target/classes/assets/textures/eauHD.png
15:44:35.621 [FXGL Background Thread 1 ] DEBUG FXGLAssetLoaderServi - Loading from file system: file:/C:/Users/zorm1/eclipse-workspace/TowerDefense%20Element/target/classes/assets/textures/eauG.png
15:44:35.623 [FXGL Background Thread 1 ] DEBUG FXGLAssetLoaderServi - Loading from file system: file:/C:/Users/zorm1/eclipse-workspace/TowerDefense%20Element/target/classes/assets/textures/herbe.png
15:44:35.633 [FXGL Background Thread 1 ] DEBUG FXGLAssetLoaderServi - Loading from file system: file:/C:/Users/zorm1/eclipse-workspace/TowerDefense%20Element/target/classes/assets/textures/portail.png
15:44:35.635 [FXGL Background Thread 4 ] DEBUG FXGLAssetLoaderServi - Loading from file system: jar:file:///C:/Users/zorm1/.m2/repository/com/github/almasb/fxgl/11.16/fxgl-11.16.jar!/fxglassets/ui/fonts/Courier-Prime.ttf
15:44:35.644 [FXGL Background Thread 1 ] DEBUG FXGLAssetLoaderServi - Loading from file system: file:/C:/Users/zorm1/eclipse-workspace/TowerDefense%20Element/target/classes/assets/textures/eauD.png
15:44:35.660 [FXGL Background Thread 1 ] DEBUG FXGLAssetLoaderServi - Loading from file system: file:/C:/Users/zorm1/eclipse-workspace/TowerDefense%20Element/target/classes/assets/textures/herbeD.png
15:44:35.662 [FXGL Background Thread 1 ] DEBUG FXGLAssetLoaderServi - Loading from file system: file:/C:/Users/zorm1/eclipse-workspace/TowerDefense%20Element/target/classes/assets/textures/terre.png
15:44:35.665 [FXGL Background Thread 1 ] DEBUG FXGLAssetLoaderServi - Loading from file system: file:/C:/Users/zorm1/eclipse-workspace/TowerDefense%20Element/target/classes/assets/textures/herbeG.png
15:44:35.687 [FXGL Background Thread 1 ] DEBUG FXGLAssetLoaderServi - Loading from file system: file:/C:/Users/zorm1/eclipse-workspace/TowerDefense%20Element/target/classes/assets/textures/fondation.png
15:44:35.753 [JavaFX Application Thread] DEBUG FXGLApplication      - Registering font factories with UI factory
15:44:35.972 [FXGL Background Thread 1 ] DEBUG GameWorld            - Clearing removable entities
15:44:35.975 [FXGL Background Thread 1 ] DEBUG GameWorld            - Setting level: com.almasb.fxgl.entity.level.Level@58f2dc89
15:44:35.997 [FXGL Background Thread 1 ] INFO  FXGLApplication      - Game initialization took: 0,422 sec
15:44:35.999 [JavaFX Application Thread] DEBUG Input                - Clearing active input actions
15:44:36.039 [JavaFX Application Thread] DEBUG GameApplicationServi - Removing overlay from FXGLLoadingScene and adding to GameScene
15:44:36.039 [JavaFX Application Thread] DEBUG PrimaryStageWindow   - FXGLLoadingScene -> GameScene
15:44:36.549 [JavaFX Application Thread] DEBUG FXGLAssetLoaderServi - Loading from file system: file:/C:/Users/zorm1/eclipse-workspace/TowerDefense%20Element/target/classes/assets/textures/slime.png
15:44:36.628 [FXGL Background Thread 2 ] INFO  UpdaterService       - Your current version:  11.16
15:44:36.628 [FXGL Background Thread 2 ] INFO  UpdaterService       - Latest stable version: 11.17
15:44:38.477 [FXGL Background Thread 3 ] DEBUG Engine               - Logging environment variables
15:44:38.477 [FXGL Background Thread 3 ] DEBUG Engine               - achievements: []
15:44:38.477 [FXGL Background Thread 3 ] DEBUG Engine               - actualHeight: 672.0
15:44:38.478 [FXGL Background Thread 3 ] DEBUG Engine               - actualHeightProperty: ReadOnlyDoubleProperty [value: 672.0]
15:44:38.478 [FXGL Background Thread 3 ] DEBUG Engine               - actualWidth: 672.0
15:44:38.478 [FXGL Background Thread 3 ] DEBUG Engine               - actualWidthProperty: ReadOnlyDoubleProperty [value: 672.0]
15:44:38.478 [FXGL Background Thread 3 ] DEBUG Engine               - appIcon: fxgl_icon.png
15:44:38.478 [FXGL Background Thread 3 ] DEBUG Engine               - applicationMode: DEVELOPER
15:44:38.479 [FXGL Background Thread 3 ] DEBUG Engine               - cSSList: [fxgl_dark.css]
15:44:38.479 [FXGL Background Thread 3 ] DEBUG Engine               - collisionDetectionStrategy: BRUTE_FORCE
15:44:38.479 [FXGL Background Thread 3 ] DEBUG Engine               - configClass: Optional.empty
15:44:38.479 [FXGL Background Thread 3 ] DEBUG Engine               - credits: []
15:44:38.479 [FXGL Background Thread 3 ] DEBUG Engine               - defaultCursor: CursorInfo(imageName=fxgl_default_cursor.png, hotspotX=7.0, hotspotY=6.0)
15:44:38.480 [FXGL Background Thread 3 ] DEBUG Engine               - devBBoxColorProperty: ObjectProperty [value: 0xff0000ff]
15:44:38.480 [FXGL Background Thread 3 ] DEBUG Engine               - devEnableDebugCameraProperty: BooleanProperty [value: false]
15:44:38.481 [FXGL Background Thread 3 ] DEBUG Engine               - devSensorColorProperty: ObjectProperty [value: 0xffff00ff]
15:44:38.481 [FXGL Background Thread 3 ] DEBUG Engine               - devShowBBoxProperty: BooleanProperty [value: false]
15:44:38.481 [FXGL Background Thread 3 ] DEBUG Engine               - devShowPositionProperty: BooleanProperty [value: false]
15:44:38.481 [FXGL Background Thread 3 ] DEBUG Engine               - enabledMenuItems: []
15:44:38.481 [FXGL Background Thread 3 ] DEBUG Engine               - engineServices: [class com.almasb.fxgl.app.services.FXGLAssetLoaderService, class com.almasb.fxgl.app.FXGLApplication$GameApplicationService, class com.almasb.fxgl.app.services.FXGLDialogService, class com.almasb.fxgl.app.services.IOTaskExecutorService, class com.almasb.fxgl.io.FileSystemService, class com.almasb.fxgl.localization.LocalizationService, class com.almasb.fxgl.app.services.SystemBundleService, class com.almasb.fxgl.profile.SaveLoadService, class com.almasb.fxgl.ui.FXGLUIFactoryServiceProvider, class com.almasb.fxgl.ui.FXGLDialogFactoryServiceProvider, class com.almasb.fxgl.audio.AudioPlayer, class com.almasb.fxgl.notification.impl.NotificationServiceProvider, class com.almasb.fxgl.achievement.AchievementService, class com.almasb.fxgl.cutscene.CutsceneService, class com.almasb.fxgl.minigames.MiniGameService, class com.almasb.fxgl.net.NetService, class com.almasb.fxgl.app.services.UpdaterService, class com.almasb.fxgl.dev.DevService]
15:44:38.482 [FXGL Background Thread 3 ] DEBUG Engine               - fontGame: Abel-Regular.ttf
15:44:38.482 [FXGL Background Thread 3 ] DEBUG Engine               - fontMono: lucida_console.ttf
15:44:38.482 [FXGL Background Thread 3 ] DEBUG Engine               - fontText: Courier-Prime.ttf
15:44:38.482 [FXGL Background Thread 3 ] DEBUG Engine               - fontUI: VarelaRound-Regular.ttf
15:44:38.482 [FXGL Background Thread 3 ] DEBUG Engine               - fullScreen: BooleanProperty [value: false]
15:44:38.482 [FXGL Background Thread 3 ] DEBUG Engine               - gameDifficulty: MEDIUM
15:44:38.483 [FXGL Background Thread 3 ] DEBUG Engine               - gameDifficultyProperty: ObjectProperty [value: MEDIUM]
15:44:38.483 [FXGL Background Thread 3 ] DEBUG Engine               - globalMusicVolume: 0.5
15:44:38.483 [FXGL Background Thread 3 ] DEBUG Engine               - globalMusicVolumeProperty: DoubleProperty [value: 0.5]
15:44:38.483 [FXGL Background Thread 3 ] DEBUG Engine               - globalSoundVolume: 0.5
15:44:38.484 [FXGL Background Thread 3 ] DEBUG Engine               - globalSoundVolumeProperty: DoubleProperty [value: 0.5]
15:44:38.484 [FXGL Background Thread 3 ] DEBUG Engine               - height: 672
15:44:38.484 [FXGL Background Thread 3 ] DEBUG Engine               - is3D: false
15:44:38.484 [FXGL Background Thread 3 ] DEBUG Engine               - isAndroid: false
15:44:38.484 [FXGL Background Thread 3 ] DEBUG Engine               - isBrowser: false
15:44:38.484 [FXGL Background Thread 3 ] DEBUG Engine               - isClickFeedbackEnabled: false
15:44:38.484 [FXGL Background Thread 3 ] DEBUG Engine               - isCloseConfirmation: false
15:44:38.485 [FXGL Background Thread 3 ] DEBUG Engine               - isDesktop: true
15:44:38.485 [FXGL Background Thread 3 ] DEBUG Engine               - isDeveloperMenuEnabled: false
15:44:38.485 [FXGL Background Thread 3 ] DEBUG Engine               - isEntityPreloadEnabled: true
15:44:38.485 [FXGL Background Thread 3 ] DEBUG Engine               - isExperimentalTiledLargeMap: false
15:44:38.485 [FXGL Background Thread 3 ] DEBUG Engine               - isFileSystemWriteAllowed: true
15:44:38.485 [FXGL Background Thread 3 ] DEBUG Engine               - isFullScreenAllowed: false
15:44:38.486 [FXGL Background Thread 3 ] DEBUG Engine               - isFullScreenFromStart: false
15:44:38.486 [FXGL Background Thread 3 ] DEBUG Engine               - isGameMenuEnabled: true
15:44:38.486 [FXGL Background Thread 3 ] DEBUG Engine               - isIOS: false
15:44:38.486 [FXGL Background Thread 3 ] DEBUG Engine               - isIntroEnabled: false
15:44:38.486 [FXGL Background Thread 3 ] DEBUG Engine               - isLinux: false
15:44:38.487 [FXGL Background Thread 3 ] DEBUG Engine               - isMac: false
15:44:38.487 [FXGL Background Thread 3 ] DEBUG Engine               - isMainMenuEnabled: false
15:44:38.487 [FXGL Background Thread 3 ] DEBUG Engine               - isManualResizeEnabled: true
15:44:38.487 [FXGL Background Thread 3 ] DEBUG Engine               - isMobile: false
15:44:38.487 [FXGL Background Thread 3 ] DEBUG Engine               - isNative: false
15:44:38.487 [FXGL Background Thread 3 ] DEBUG Engine               - isPreserveResizeRatio: true
15:44:38.487 [FXGL Background Thread 3 ] DEBUG Engine               - isProfilingEnabled: false
15:44:38.488 [FXGL Background Thread 3 ] DEBUG Engine               - isScaleAffectedOnResize: true
15:44:38.488 [FXGL Background Thread 3 ] DEBUG Engine               - isSingleStep: false
15:44:38.488 [FXGL Background Thread 3 ] DEBUG Engine               - isUserProfileEnabled: false
15:44:38.488 [FXGL Background Thread 3 ] DEBUG Engine               - isWindows: true
15:44:38.488 [FXGL Background Thread 3 ] DEBUG Engine               - language: ObjectProperty [value: ENGLISH]
15:44:38.488 [FXGL Background Thread 3 ] DEBUG Engine               - menuKey: ESCAPE
15:44:38.489 [FXGL Background Thread 3 ] DEBUG Engine               - mouseSensitivity: 0.2
15:44:38.489 [FXGL Background Thread 3 ] DEBUG Engine               - notificationViewClass: class com.almasb.fxgl.notification.view.XboxNotificationView
15:44:38.489 [FXGL Background Thread 3 ] DEBUG Engine               - pixelsPerMeter: 50.0
15:44:38.489 [FXGL Background Thread 3 ] DEBUG Engine               - platform: WINDOWS
15:44:38.490 [FXGL Background Thread 3 ] DEBUG Engine               - prefHeightProperty: ReadOnlyDoubleProperty [value: 672.0]
15:44:38.490 [FXGL Background Thread 3 ] DEBUG Engine               - prefWidthProperty: ReadOnlyDoubleProperty [value: 672.0]
15:44:38.490 [FXGL Background Thread 3 ] DEBUG Engine               - profileDir: profiles/
15:44:38.490 [FXGL Background Thread 3 ] DEBUG Engine               - profileName: StringProperty [value: DEFAULT]
15:44:38.490 [FXGL Background Thread 3 ] DEBUG Engine               - randomSeed: -1
15:44:38.490 [FXGL Background Thread 3 ] DEBUG Engine               - runtimeInfo: RuntimeInfo(platform=WINDOWS, version=11.16, build=25.05.2021 08.16)
15:44:38.491 [FXGL Background Thread 3 ] DEBUG Engine               - saveFileExt: sav
15:44:38.491 [FXGL Background Thread 3 ] DEBUG Engine               - scaledHeightProp$fxgl: DoubleProperty [bound, value: 672.0]
15:44:38.491 [FXGL Background Thread 3 ] DEBUG Engine               - scaledWidthProp$fxgl: DoubleProperty [bound, value: 672.0]
15:44:38.491 [FXGL Background Thread 3 ] DEBUG Engine               - sceneFactory: com.almasb.fxgl.app.scene.SceneFactory@76e701a1
15:44:38.491 [FXGL Background Thread 3 ] DEBUG Engine               - secondsIn24h: 60
15:44:38.491 [FXGL Background Thread 3 ] DEBUG Engine               - soundMenuBack: menu/back.wav
15:44:38.492 [FXGL Background Thread 3 ] DEBUG Engine               - soundMenuPress: menu/press.wav
15:44:38.492 [FXGL Background Thread 3 ] DEBUG Engine               - soundMenuSelect: menu/select.wav
15:44:38.492 [FXGL Background Thread 3 ] DEBUG Engine               - soundNotification: core/notification.wav
15:44:38.492 [FXGL Background Thread 3 ] DEBUG Engine               - stageStyle: DECORATED
15:44:38.492 [FXGL Background Thread 3 ] DEBUG Engine               - supportedLanguages: [ENGLISH, FRENCH, GERMAN, HUNGARIAN, RUSSIAN]
15:44:38.493 [FXGL Background Thread 3 ] DEBUG Engine               - ticksPerSecond: -1
15:44:38.493 [FXGL Background Thread 3 ] DEBUG Engine               - title: FXGL tower defense
15:44:38.493 [FXGL Background Thread 3 ] DEBUG Engine               - urlGithub: https://github.com/AlmasB/FXGL
15:44:38.493 [FXGL Background Thread 3 ] DEBUG Engine               - urlLeaderboard: http://fxgl-top.herokuapp.com/
15:44:38.493 [FXGL Background Thread 3 ] DEBUG Engine               - urlPOM: https://raw.githubusercontent.com/AlmasB/FXGL/release/README.md
15:44:38.493 [FXGL Background Thread 3 ] DEBUG Engine               - userAppClass: class com.almasb.fxglgames.TowerDefense.TowerDefenseApp
15:44:38.493 [FXGL Background Thread 3 ] DEBUG Engine               - version: 1.0
15:44:38.494 [FXGL Background Thread 3 ] DEBUG Engine               - versionCheckDays: 7
15:44:38.494 [FXGL Background Thread 3 ] DEBUG Engine               - width: 672
15:44:38.494 [FXGL Background Thread 3 ] DEBUG Engine               - Logging services
15:44:38.494 [FXGL Background Thread 3 ] DEBUG Engine               - class com.almasb.fxgl.app.services.FXGLAssetLoaderService
15:44:38.494 [FXGL Background Thread 3 ] DEBUG Engine               - class com.almasb.fxgl.app.FXGLApplication$GameApplicationService
15:44:38.494 [FXGL Background Thread 3 ] DEBUG Engine               - class com.almasb.fxgl.app.services.FXGLDialogService
15:44:38.495 [FXGL Background Thread 3 ] DEBUG Engine               - class com.almasb.fxgl.app.services.IOTaskExecutorService
15:44:38.495 [FXGL Background Thread 3 ] DEBUG Engine               - class com.almasb.fxgl.io.FileSystemService
15:44:38.495 [FXGL Background Thread 3 ] DEBUG Engine               - class com.almasb.fxgl.localization.LocalizationService
15:44:38.495 [FXGL Background Thread 3 ] DEBUG Engine               - class com.almasb.fxgl.app.services.SystemBundleService
15:44:38.495 [FXGL Background Thread 3 ] DEBUG Engine               - class com.almasb.fxgl.profile.SaveLoadService
15:44:38.495 [FXGL Background Thread 3 ] DEBUG Engine               - class com.almasb.fxgl.ui.FXGLUIFactoryServiceProvider
15:44:38.495 [FXGL Background Thread 3 ] DEBUG Engine               - class com.almasb.fxgl.ui.FXGLDialogFactoryServiceProvider
15:44:38.496 [FXGL Background Thread 3 ] DEBUG Engine               - class com.almasb.fxgl.audio.AudioPlayer
15:44:38.496 [FXGL Background Thread 3 ] DEBUG Engine               - class com.almasb.fxgl.notification.impl.NotificationServiceProvider
15:44:38.496 [FXGL Background Thread 3 ] DEBUG Engine               - class com.almasb.fxgl.achievement.AchievementService
15:44:38.496 [FXGL Background Thread 3 ] DEBUG Engine               - class com.almasb.fxgl.cutscene.CutsceneService
15:44:38.496 [FXGL Background Thread 3 ] DEBUG Engine               - class com.almasb.fxgl.minigames.MiniGameService
15:44:38.496 [FXGL Background Thread 3 ] DEBUG Engine               - class com.almasb.fxgl.net.NetService
15:44:38.497 [FXGL Background Thread 3 ] DEBUG Engine               - class com.almasb.fxgl.app.services.UpdaterService
15:44:38.497 [FXGL Background Thread 3 ] DEBUG Engine               - class com.almasb.fxgl.dev.DevService
15:48:48.483 [JavaFX Application Thread] DEBUG FXGLAssetLoaderServi - Loading from file system: file:/C:/Users/zorm1/eclipse-workspace/TowerDefense%20Element/target/classes/assets/textures/choiceTower.png
15:48:49.158 [JavaFX Application Thread] DEBUG FXGLAssetLoaderServi - Loading from file system: file:/C:/Users/zorm1/eclipse-workspace/TowerDefense%20Element/target/classes/assets/textures/towerFireAnime.png
15:48:49.731 [JavaFX Application Thread] DEBUG FXGLApplication      - Exiting FXGL
15:48:49.731 [JavaFX Application Thread] DEBUG LoopRunner           - Stopping loop
15:48:49.731 [JavaFX Application Thread] DEBUG SystemBundleService  - Saving FXGL system data
15:48:49.733 [JavaFX Application Thread] DEBUG FileSystemAccess     - Writing to: C:\Users\zorm1\eclipse-workspace\TowerDefense Element\system\fxgl.bundle
15:48:49.735 [JavaFX Application Thread] DEBUG Async                - Shutting down background threads
15:48:49.735 [JavaFX Application Thread] DEBUG PrimaryStageWindow   - Closing main window
15:48:49.746 [JavaFX Application Thread] DEBUG Logger               - Closing Logger
