17:01:31.628 [main                     ] DEBUG Logger               - Configured Logger
17:01:31.714 [main                     ] DEBUG GameApplication      - Logging settings
Title: RTAIparty
Version: 1.0
Width: 1280
Height: 720
Fullscreen: false
Intro: false
Profiling: false
Single step:false
App Mode: DEVELOPER
Menu Key: ESCAPE
Stage Style: DECORATED
Scene Factory: class ui.RTAISceneFactory

17:01:32.517 [JavaFX Application Thread] DEBUG FXGLApplication      - Initializing FXGL
17:01:32.542 [JavaFX Application Thread] INFO  Engine               - FXGL-11.17 (16.07.2021 15.46) on MAC (J:13.0.2 FX:16)
17:01:32.543 [JavaFX Application Thread] DEBUG Engine               - JRE Vendor Name: Oracle Corporation
17:01:32.543 [JavaFX Application Thread] DEBUG Engine               - Running on OS: Mac OS X version 10.16
17:01:32.543 [JavaFX Application Thread] DEBUG Engine               - Architecture: x86_64
17:01:32.544 [JavaFX Application Thread] INFO  Engine               - Source code and latest versions at: https://github.com/AlmasB/FXGL
17:01:32.544 [JavaFX Application Thread] INFO  Engine               -              Join the FXGL chat at: https://gitter.im/AlmasB/FXGL
17:01:32.822 [JavaFX Application Thread] DEBUG PrimaryStageWindow   - Creating a JavaFX scene
17:01:32.948 [JavaFX Application Thread] DEBUG PrimaryStageWindow   - Target settings size: 1280.0 x 720.0
17:01:32.949 [JavaFX Application Thread] DEBUG PrimaryStageWindow   - Scaled scene size:    1280.0 x 720.0
17:01:32.950 [JavaFX Application Thread] DEBUG PrimaryStageWindow   - Scaled ratio: (1.0, 1.0)
17:01:32.951 [JavaFX Application Thread] DEBUG PrimaryStageWindow   - Set initial scene to FXGLStartupScene
17:01:32.965 [JavaFX Application Thread] DEBUG PrimaryStageWindow   - Opening main window
17:01:33.133 [JavaFX Application Thread] DEBUG PrimaryStageWindow   - Window border size: (0.0, 28.0)
17:01:33.133 [JavaFX Application Thread] DEBUG PrimaryStageWindow   - Scaled size: 1280.0 x 720.0
17:01:33.134 [JavaFX Application Thread] DEBUG PrimaryStageWindow   - Scaled ratio: (1.0, 1.0)
17:01:33.135 [JavaFX Application Thread] DEBUG PrimaryStageWindow   - Scene size: 1280.0 x 720.0
17:01:33.135 [JavaFX Application Thread] DEBUG PrimaryStageWindow   - Stage size: 1280.0 x 748.0
17:01:33.158 [FXGL Background Thread 1 ] DEBUG Engine               - Initializing environment variables
17:01:33.340 [FXGL Background Thread 1 ] DEBUG FXGLAssetLoaderServi - User app class for loading assets: class com.almasb.fxglgames.RTAIparty.RTAIpartyApp
17:01:33.341 [FXGL Background Thread 1 ] DEBUG GameApplicationServi - Applying CSS: fxgl_dark.css
17:01:33.343 [FXGL Background Thread 1 ] DEBUG FXGLAssetLoaderServi - Loading from file system: jar:file:///Users/mehnounekheira/.m2/repository/com/github/almasb/fxgl/11.17/fxgl-11.17.jar!/fxglassets/ui/css/fxgl_dark.css
17:01:33.435 [FXGL Background Thread 1 ] DEBUG GameApplicationServi - Initializing application scenes
17:01:34.056 [FXGL Background Thread 1 ] DEBUG GameWorld            - Game world initialized
17:01:34.157 [FXGL Background Thread 1 ] DEBUG PhysicsWorld         - Physics world initialized: appHeight=720, physics.ppm=50,0
17:01:34.157 [FXGL Background Thread 1 ] DEBUG PhysicsWorld         - Using strategy: BRUTE_FORCE
17:01:34.161 [FXGL Background Thread 1 ] DEBUG GameScene            - Game scene initialized: 1280x720
17:01:34.174 [FXGL Background Thread 1 ] DEBUG FXGLAssetLoaderServi - Loading from file system: file:/Users/mehnounekheira/eclipse-workspace/RTAIparty/target/classes/assets/textures/garcon_blond.png
17:01:34.205 [FXGL Background Thread 1 ] DEBUG FXGLAssetLoaderServi - Loading from file system: file:/Users/mehnounekheira/eclipse-workspace/RTAIparty/target/classes/assets/textures/garcon_brun.png
17:01:34.207 [FXGL Background Thread 1 ] DEBUG FXGLAssetLoaderServi - Loading from file system: file:/Users/mehnounekheira/eclipse-workspace/RTAIparty/target/classes/assets/textures/fille_blonde.png
17:01:34.209 [FXGL Background Thread 1 ] DEBUG FXGLAssetLoaderServi - Loading from file system: file:/Users/mehnounekheira/eclipse-workspace/RTAIparty/target/classes/assets/textures/fille_brune.png
17:01:34.211 [FXGL Background Thread 1 ] DEBUG FXGLAssetLoaderServi - Loading from file system: file:/Users/mehnounekheira/eclipse-workspace/RTAIparty/target/classes/assets/textures/background/classe.png
17:01:34.337 [FXGL Background Thread 1 ] DEBUG FXGLAssetLoaderServi - Loading from file system: file:/Users/mehnounekheira/eclipse-workspace/RTAIparty/target/classes/assets/textures/tableau.png
17:01:34.348 [FXGL Background Thread 1 ] DEBUG FXGLAssetLoaderServi - Loading from file system: file:/Users/mehnounekheira/eclipse-workspace/RTAIparty/target/classes/assets/textures/table.png
17:01:34.377 [FXGL Background Thread 1 ] DEBUG FXGL.DefaultMenu     - createMenuBodyGameMenu()
17:01:34.401 [FXGL Background Thread 1 ] DEBUG FXGL.DefaultMenu     - createOptionsMenu()
17:01:34.410 [FXGL Background Thread 1 ] DEBUG FXGLAssetLoaderServi - Loading from file system: jar:file:///Users/mehnounekheira/.m2/repository/com/github/almasb/fxgl/11.17/fxgl-11.17.jar!/fxglassets/textures/particles/smoke.png
17:01:34.558 [FXGL Background Thread 1 ] DEBUG FXGLAssetLoaderServi - Loading from file system: jar:file:///Users/mehnounekheira/.m2/repository/com/github/almasb/fxgl/11.17/fxgl-11.17.jar!/fxglassets/textures/particles/trace_horizontal.png
17:01:34.592 [FXGL Background Thread 1 ] DEBUG GameApplicationServi - Application scenes initialized
17:01:34.607 [FXGL Background Thread 1 ] DEBUG SystemBundleService  - Loading FXGL system data
17:01:34.615 [FXGL Background Thread 1 ] DEBUG FileSystemAccess     - Reading from: /Users/mehnounekheira/eclipse-workspace/RTAIparty/system/fxgl.bundle
17:01:34.629 [FXGL Background Thread 1 ] DEBUG SystemBundleService  - Bundle FXGL: {}
17:01:34.630 [FXGL Background Thread 1 ] DEBUG UpdaterService       - Checking for updates
17:01:34.638 [FXGL Background Thread 4 ] DEBUG FXGLApplication      - Loading fonts
17:01:34.639 [FXGL Background Thread 4 ] DEBUG FXGLAssetLoaderServi - Loading from file system: jar:file:///Users/mehnounekheira/.m2/repository/com/github/almasb/fxgl/11.17/fxgl-11.17.jar!/fxglassets/ui/fonts/VarelaRound-Regular.ttf
17:01:34.641 [FXGL Background Thread 1 ] DEBUG FXGLApplication      - Loading default localization
17:01:34.642 [FXGL Background Thread 1 ] DEBUG FXGLAssetLoaderServi - Loading from file system: jar:file:///Users/mehnounekheira/.m2/repository/com/github/almasb/fxgl/11.17/fxgl-11.17.jar!/fxglassets/languages/english.lang
17:01:34.665 [FXGL Background Thread 4 ] DEBUG FXGLAssetLoaderServi - Loading from file system: jar:file:///Users/mehnounekheira/.m2/repository/com/github/almasb/fxgl/11.17/fxgl-11.17.jar!/fxglassets/ui/fonts/Abel-Regular.ttf
17:01:34.671 [FXGL Background Thread 4 ] DEBUG FXGLAssetLoaderServi - Loading from file system: jar:file:///Users/mehnounekheira/.m2/repository/com/github/almasb/fxgl/11.17/fxgl-11.17.jar!/fxglassets/ui/fonts/lucida_console.ttf
17:01:34.679 [FXGL Background Thread 4 ] DEBUG FXGLAssetLoaderServi - Loading from file system: jar:file:///Users/mehnounekheira/.m2/repository/com/github/almasb/fxgl/11.17/fxgl-11.17.jar!/fxglassets/ui/fonts/Courier-Prime.ttf
17:01:34.684 [FXGL Background Thread 1 ] INFO  FXGLApplication      - FXGL initialization took: 1,526 sec
17:01:34.690 [JavaFX Application Thread] DEBUG Input                - Registered new binding: clic - LMB
17:01:34.703 [JavaFX Application Thread] DEBUG Input                - Registered new binding: test - E
17:01:34.703 [JavaFX Application Thread] DEBUG FXGLAssetLoaderServi - Loading from file system: jar:file:///Users/mehnounekheira/.m2/repository/com/github/almasb/fxgl/11.17/fxgl-11.17.jar!/fxglassets/textures/fxgl_icon.png
17:01:34.751 [JavaFX Application Thread] DEBUG FXGLAssetLoaderServi - Loading from file system: jar:file:///Users/mehnounekheira/.m2/repository/com/github/almasb/fxgl/11.17/fxgl-11.17.jar!/fxglassets/textures/fxgl_default_cursor.png
17:01:34.755 [JavaFX Application Thread] DEBUG Input                - Registered new binding: Screenshot - CTRL+8
17:01:34.756 [JavaFX Application Thread] DEBUG Input                - Registered new binding: System info dump - CTRL+9
17:01:34.757 [JavaFX Application Thread] DEBUG Input                - Registered new binding: Restart - CTRL+R
17:01:34.758 [JavaFX Application Thread] DEBUG Input                - Registered new binding: Toggle Debug Camera - CTRL+C
17:01:34.761 [JavaFX Application Thread] DEBUG LoopRunner           - Starting loop
17:01:34.761 [JavaFX Application Thread] DEBUG LoopRunner           - Initializing JavaFX AnimationTimerLoop
17:01:34.766 [JavaFX Application Thread] DEBUG Input                - Clearing active input actions
17:01:34.781 [JavaFX Application Thread] DEBUG GameApplicationServi - Removing overlay from FXGLStartupScene and adding to FXGLMainMenuDummyScene
17:01:34.782 [JavaFX Application Thread] DEBUG PrimaryStageWindow   - FXGLStartupScene -> FXGLMainMenuDummyScene
17:01:34.782 [JavaFX Application Thread] DEBUG PrimaryStageWindow   - Push state: RTAIpartyMainMenu
17:01:34.782 [JavaFX Application Thread] DEBUG Input                - Clearing active input actions
17:01:34.788 [JavaFX Application Thread] DEBUG GameApplicationServi - Removing overlay from FXGLMainMenuDummyScene and adding to RTAIpartyMainMenu
17:01:34.789 [JavaFX Application Thread] DEBUG PrimaryStageWindow   - FXGLMainMenuDummyScene -> RTAIpartyMainMenu
17:01:34.835 [JavaFX Application Thread] DEBUG FXGLApplication      - Registering font factories with UI factory
17:01:37.637 [FXGL Background Thread 3 ] DEBUG Engine               - Logging environment variables
17:01:37.638 [FXGL Background Thread 3 ] DEBUG Engine               - achievements: []
17:01:37.639 [FXGL Background Thread 3 ] DEBUG Engine               - actualHeight: 720.0
17:01:37.639 [FXGL Background Thread 3 ] DEBUG Engine               - actualHeightProperty: ReadOnlyDoubleProperty [value: 720.0]
17:01:37.639 [FXGL Background Thread 3 ] DEBUG Engine               - actualWidth: 1280.0
17:01:37.640 [FXGL Background Thread 3 ] DEBUG Engine               - actualWidthProperty: ReadOnlyDoubleProperty [value: 1280.0]
17:01:37.640 [FXGL Background Thread 3 ] DEBUG Engine               - appIcon: fxgl_icon.png
17:01:37.641 [FXGL Background Thread 3 ] DEBUG Engine               - applicationMode: DEVELOPER
17:01:37.641 [FXGL Background Thread 3 ] DEBUG Engine               - cSSList: [fxgl_dark.css]
17:01:37.641 [FXGL Background Thread 3 ] DEBUG Engine               - collisionDetectionStrategy: BRUTE_FORCE
17:01:37.641 [FXGL Background Thread 3 ] DEBUG Engine               - configClass: Optional.empty
17:01:37.642 [FXGL Background Thread 3 ] DEBUG Engine               - credits: []
17:01:37.642 [FXGL Background Thread 3 ] DEBUG Engine               - defaultCursor: CursorInfo(imageName=fxgl_default_cursor.png, hotspotX=7.0, hotspotY=6.0)
17:01:37.642 [FXGL Background Thread 3 ] DEBUG Engine               - devBBoxColorProperty: ObjectProperty [value: 0xff0000ff]
17:01:37.643 [FXGL Background Thread 3 ] DEBUG Engine               - devEnableDebugCameraProperty: BooleanProperty [value: false]
17:01:37.643 [FXGL Background Thread 3 ] DEBUG Engine               - devSensorColorProperty: ObjectProperty [value: 0xffff00ff]
17:01:37.643 [FXGL Background Thread 3 ] DEBUG Engine               - devShowBBoxProperty: BooleanProperty [value: false]
17:01:37.644 [FXGL Background Thread 3 ] DEBUG Engine               - devShowPositionProperty: BooleanProperty [value: false]
17:01:37.644 [FXGL Background Thread 3 ] DEBUG Engine               - enabledMenuItems: []
17:01:37.644 [FXGL Background Thread 3 ] DEBUG Engine               - engineServices: [class com.almasb.fxgl.app.services.FXGLAssetLoaderService, class com.almasb.fxgl.app.FXGLApplication$GameApplicationService, class com.almasb.fxgl.app.services.FXGLDialogService, class com.almasb.fxgl.app.services.IOTaskExecutorService, class com.almasb.fxgl.io.FileSystemService, class com.almasb.fxgl.localization.LocalizationService, class com.almasb.fxgl.app.services.SystemBundleService, class com.almasb.fxgl.profile.SaveLoadService, class com.almasb.fxgl.ui.FXGLUIFactoryServiceProvider, class com.almasb.fxgl.ui.FXGLDialogFactoryServiceProvider, class com.almasb.fxgl.audio.AudioPlayer, class com.almasb.fxgl.notification.impl.NotificationServiceProvider, class com.almasb.fxgl.achievement.AchievementService, class com.almasb.fxgl.cutscene.CutsceneService, class com.almasb.fxgl.minigames.MiniGameService, class com.almasb.fxgl.net.NetService, class com.almasb.fxgl.app.services.UpdaterService, class com.almasb.fxgl.dev.DevService]
17:01:37.644 [FXGL Background Thread 3 ] DEBUG Engine               - fontGame: Abel-Regular.ttf
17:01:37.645 [FXGL Background Thread 3 ] DEBUG Engine               - fontMono: lucida_console.ttf
17:01:37.645 [FXGL Background Thread 3 ] DEBUG Engine               - fontText: Courier-Prime.ttf
17:01:37.645 [FXGL Background Thread 3 ] DEBUG Engine               - fontUI: VarelaRound-Regular.ttf
17:01:37.645 [FXGL Background Thread 3 ] DEBUG Engine               - fullScreen: BooleanProperty [value: false]
17:01:37.646 [FXGL Background Thread 3 ] DEBUG Engine               - gameDifficulty: MEDIUM
17:01:37.646 [FXGL Background Thread 3 ] DEBUG Engine               - gameDifficultyProperty: ObjectProperty [value: MEDIUM]
17:01:37.646 [FXGL Background Thread 3 ] DEBUG Engine               - globalMusicVolume: 0.5
17:01:37.646 [FXGL Background Thread 3 ] DEBUG Engine               - globalMusicVolumeProperty: DoubleProperty [value: 0.5]
17:01:37.646 [FXGL Background Thread 3 ] DEBUG Engine               - globalSoundVolume: 0.5
17:01:37.647 [FXGL Background Thread 3 ] DEBUG Engine               - globalSoundVolumeProperty: DoubleProperty [value: 0.5]
17:01:37.647 [FXGL Background Thread 3 ] DEBUG Engine               - height: 720
17:01:37.647 [FXGL Background Thread 3 ] DEBUG Engine               - is3D: false
17:01:37.647 [FXGL Background Thread 3 ] DEBUG Engine               - isAndroid: false
17:01:37.648 [FXGL Background Thread 3 ] DEBUG Engine               - isBrowser: false
17:01:37.648 [FXGL Background Thread 3 ] DEBUG Engine               - isClickFeedbackEnabled: false
17:01:37.648 [FXGL Background Thread 3 ] DEBUG Engine               - isCloseConfirmation: false
17:01:37.648 [FXGL Background Thread 3 ] DEBUG Engine               - isDesktop: true
17:01:37.649 [FXGL Background Thread 3 ] DEBUG Engine               - isDeveloperMenuEnabled: false
17:01:37.649 [FXGL Background Thread 3 ] DEBUG Engine               - isEntityPreloadEnabled: true
17:01:37.649 [FXGL Background Thread 3 ] DEBUG Engine               - isExperimentalTiledLargeMap: false
17:01:37.649 [FXGL Background Thread 3 ] DEBUG Engine               - isFileSystemWriteAllowed: true
17:01:37.650 [FXGL Background Thread 3 ] DEBUG Engine               - isFullScreenAllowed: false
17:01:37.650 [FXGL Background Thread 3 ] DEBUG Engine               - isFullScreenFromStart: false
17:01:37.650 [FXGL Background Thread 3 ] DEBUG Engine               - isGameMenuEnabled: true
17:01:37.650 [FXGL Background Thread 3 ] DEBUG Engine               - isIOS: false
17:01:37.651 [FXGL Background Thread 3 ] DEBUG Engine               - isIntroEnabled: false
17:01:37.651 [FXGL Background Thread 3 ] DEBUG Engine               - isLinux: false
17:01:37.651 [FXGL Background Thread 3 ] DEBUG Engine               - isMac: true
17:01:37.651 [FXGL Background Thread 3 ] DEBUG Engine               - isMainMenuEnabled: true
17:01:37.651 [FXGL Background Thread 3 ] DEBUG Engine               - isManualResizeEnabled: true
17:01:37.652 [FXGL Background Thread 3 ] DEBUG Engine               - isMobile: false
17:01:37.652 [FXGL Background Thread 3 ] DEBUG Engine               - isNative: false
17:01:37.652 [FXGL Background Thread 3 ] DEBUG Engine               - isPauseMusicWhenMinimized: true
17:01:37.652 [FXGL Background Thread 3 ] DEBUG Engine               - isPreserveResizeRatio: true
17:01:37.653 [FXGL Background Thread 3 ] DEBUG Engine               - isProfilingEnabled: false
17:01:37.653 [FXGL Background Thread 3 ] DEBUG Engine               - isScaleAffectedOnResize: true
17:01:37.653 [FXGL Background Thread 3 ] DEBUG Engine               - isSingleStep: false
17:01:37.653 [FXGL Background Thread 3 ] DEBUG Engine               - isUserProfileEnabled: false
17:01:37.654 [FXGL Background Thread 3 ] DEBUG Engine               - isWindows: false
17:01:37.654 [FXGL Background Thread 3 ] DEBUG Engine               - language: ObjectProperty [value: ENGLISH]
17:01:37.654 [FXGL Background Thread 3 ] DEBUG Engine               - menuKey: ESCAPE
17:01:37.654 [FXGL Background Thread 3 ] DEBUG Engine               - mouseSensitivity: 0.2
17:01:37.655 [FXGL Background Thread 3 ] DEBUG Engine               - notificationViewClass: class com.almasb.fxgl.notification.view.XboxNotificationView
17:01:37.655 [FXGL Background Thread 3 ] DEBUG Engine               - pixelsPerMeter: 50.0
17:01:37.655 [FXGL Background Thread 3 ] DEBUG Engine               - platform: MAC
17:01:37.655 [FXGL Background Thread 3 ] DEBUG Engine               - prefHeightProperty: ReadOnlyDoubleProperty [value: 720.0]
17:01:37.655 [FXGL Background Thread 3 ] DEBUG Engine               - prefWidthProperty: ReadOnlyDoubleProperty [value: 1280.0]
17:01:37.655 [FXGL Background Thread 3 ] DEBUG Engine               - profileDir: profiles/
17:01:37.655 [FXGL Background Thread 3 ] DEBUG Engine               - profileName: StringProperty [value: DEFAULT]
17:01:37.655 [FXGL Background Thread 3 ] DEBUG Engine               - randomSeed: -1
17:01:37.656 [FXGL Background Thread 3 ] DEBUG Engine               - runtimeInfo: RuntimeInfo(platform=MAC, version=11.17, build=16.07.2021 15.46)
17:01:37.656 [FXGL Background Thread 3 ] DEBUG Engine               - saveFileExt: sav
17:01:37.656 [FXGL Background Thread 3 ] DEBUG Engine               - scaledHeightProp$fxgl: DoubleProperty [bound, value: 720.0]
17:01:37.656 [FXGL Background Thread 3 ] DEBUG Engine               - scaledWidthProp$fxgl: DoubleProperty [bound, value: 1280.0]
17:01:37.656 [FXGL Background Thread 3 ] DEBUG Engine               - sceneFactory: ui.RTAISceneFactory@1ba7fdf4
17:01:37.656 [FXGL Background Thread 3 ] DEBUG Engine               - secondsIn24h: 60
17:01:37.656 [FXGL Background Thread 3 ] DEBUG Engine               - soundMenuBack: menu/back.wav
17:01:37.657 [FXGL Background Thread 3 ] DEBUG Engine               - soundMenuPress: menu/press.wav
17:01:37.657 [FXGL Background Thread 3 ] DEBUG Engine               - soundMenuSelect: menu/select.wav
17:01:37.657 [FXGL Background Thread 3 ] DEBUG Engine               - soundNotification: core/notification.wav
17:01:37.657 [FXGL Background Thread 3 ] DEBUG Engine               - stageStyle: DECORATED
17:01:37.657 [FXGL Background Thread 3 ] DEBUG Engine               - supportedLanguages: [ENGLISH, FRENCH, GERMAN, HUNGARIAN, RUSSIAN]
17:01:37.657 [FXGL Background Thread 3 ] DEBUG Engine               - ticksPerSecond: -1
17:01:37.657 [FXGL Background Thread 3 ] DEBUG Engine               - title: RTAIparty
17:01:37.657 [FXGL Background Thread 3 ] DEBUG Engine               - urlGithub: https://github.com/AlmasB/FXGL
17:01:37.657 [FXGL Background Thread 3 ] DEBUG Engine               - urlLeaderboard: http://fxgl-top.herokuapp.com/
17:01:37.658 [FXGL Background Thread 3 ] DEBUG Engine               - urlPOM: https://raw.githubusercontent.com/AlmasB/FXGL/release/README.md
17:01:37.658 [FXGL Background Thread 3 ] DEBUG Engine               - userAppClass: class com.almasb.fxglgames.RTAIparty.RTAIpartyApp
17:01:37.658 [FXGL Background Thread 3 ] DEBUG Engine               - version: 1.0
17:01:37.658 [FXGL Background Thread 3 ] DEBUG Engine               - versionCheckDays: 7
17:01:37.658 [FXGL Background Thread 3 ] DEBUG Engine               - width: 1280
17:01:37.658 [FXGL Background Thread 3 ] DEBUG Engine               - Logging services
17:01:37.658 [FXGL Background Thread 3 ] DEBUG Engine               - class com.almasb.fxgl.app.services.FXGLAssetLoaderService
17:01:37.659 [FXGL Background Thread 3 ] DEBUG Engine               - class com.almasb.fxgl.app.FXGLApplication$GameApplicationService
17:01:37.659 [FXGL Background Thread 3 ] DEBUG Engine               - class com.almasb.fxgl.app.services.FXGLDialogService
17:01:37.659 [FXGL Background Thread 3 ] DEBUG Engine               - class com.almasb.fxgl.app.services.IOTaskExecutorService
17:01:37.660 [FXGL Background Thread 3 ] DEBUG Engine               - class com.almasb.fxgl.io.FileSystemService
17:01:37.660 [FXGL Background Thread 3 ] DEBUG Engine               - class com.almasb.fxgl.localization.LocalizationService
17:01:37.660 [FXGL Background Thread 3 ] DEBUG Engine               - class com.almasb.fxgl.app.services.SystemBundleService
17:01:37.661 [FXGL Background Thread 3 ] DEBUG Engine               - class com.almasb.fxgl.profile.SaveLoadService
17:01:37.661 [FXGL Background Thread 3 ] DEBUG Engine               - class com.almasb.fxgl.ui.FXGLUIFactoryServiceProvider
17:01:37.662 [FXGL Background Thread 3 ] DEBUG Engine               - class com.almasb.fxgl.ui.FXGLDialogFactoryServiceProvider
17:01:37.662 [FXGL Background Thread 3 ] DEBUG Engine               - class com.almasb.fxgl.audio.AudioPlayer
17:01:37.662 [FXGL Background Thread 3 ] DEBUG Engine               - class com.almasb.fxgl.notification.impl.NotificationServiceProvider
17:01:37.662 [FXGL Background Thread 3 ] DEBUG Engine               - class com.almasb.fxgl.achievement.AchievementService
17:01:37.662 [FXGL Background Thread 3 ] DEBUG Engine               - class com.almasb.fxgl.cutscene.CutsceneService
17:01:37.662 [FXGL Background Thread 3 ] DEBUG Engine               - class com.almasb.fxgl.minigames.MiniGameService
17:01:37.663 [FXGL Background Thread 3 ] DEBUG Engine               - class com.almasb.fxgl.net.NetService
17:01:37.663 [FXGL Background Thread 3 ] DEBUG Engine               - class com.almasb.fxgl.app.services.UpdaterService
17:01:37.663 [FXGL Background Thread 3 ] DEBUG Engine               - class com.almasb.fxgl.dev.DevService
17:01:42.247 [JavaFX Application Thread] DEBUG Menu                 - fireNewGame()
17:01:42.247 [JavaFX Application Thread] DEBUG GameApplicationServi - Starting new game
17:01:42.247 [JavaFX Application Thread] DEBUG PrimaryStageWindow   - Pop state: RTAIpartyMainMenu
17:01:42.247 [JavaFX Application Thread] DEBUG Input                - Clearing active input actions
17:01:42.248 [JavaFX Application Thread] DEBUG GameApplicationServi - Removing overlay from RTAIpartyMainMenu and adding to FXGLMainMenuDummyScene
17:01:42.248 [JavaFX Application Thread] DEBUG PrimaryStageWindow   - FXGLMainMenuDummyScene <- RTAIpartyMainMenu
17:01:42.249 [JavaFX Application Thread] DEBUG Input                - Clearing active input actions
17:01:42.265 [JavaFX Application Thread] DEBUG GameApplicationServi - Removing overlay from FXGLMainMenuDummyScene and adding to FXGLLoadingScene
17:01:42.265 [JavaFX Application Thread] DEBUG PrimaryStageWindow   - FXGLMainMenuDummyScene -> FXGLLoadingScene
17:01:42.266 [JavaFX Application Thread] DEBUG GameApplicationServi - Clearing previous game
17:01:42.266 [JavaFX Application Thread] DEBUG GameScene            - Clearing game scene
17:01:42.266 [JavaFX Application Thread] DEBUG GameWorld            - Clearing game world
17:01:42.266 [JavaFX Application Thread] DEBUG PhysicsWorld         - Clearing physics world
17:01:42.269 [FXGL Background Thread 2 ] DEBUG FXGLApplication      - Initializing game
17:01:42.275 [FXGL Background Thread 2 ] INFO  FXGLApplication      - Game initialization took: 0,005 sec
17:01:42.284 [JavaFX Application Thread] DEBUG Input                - Registered new binding: fin - E
17:01:42.288 [JavaFX Application Thread] DEBUG FXGLAssetLoaderServi - Loading from file system: file:/Users/mehnounekheira/eclipse-workspace/RTAIparty/target/classes/assets/textures/DodgeBlock.png
17:01:43.007 [JavaFX Application Thread] DEBUG GameWorld            - Clearing removable entities
17:01:43.007 [JavaFX Application Thread] DEBUG GameWorld            - Setting level: com.almasb.fxgl.entity.level.Level@78f58c24
17:01:43.063 [JavaFX Application Thread] DEBUG Input                - Clearing active input actions
17:01:43.200 [JavaFX Application Thread] DEBUG GameApplicationServi - Removing overlay from FXGLLoadingScene and adding to GameScene
17:01:43.201 [JavaFX Application Thread] DEBUG PrimaryStageWindow   - FXGLLoadingScene -> GameScene
17:01:43.233 [JavaFX Application Thread] DEBUG PrimaryStageWindow   - Push state: DodgeSubScene
17:01:43.234 [JavaFX Application Thread] DEBUG Input                - Clearing active input actions
17:01:43.234 [JavaFX Application Thread] DEBUG GameApplicationServi - Removing overlay from GameScene and adding to DodgeSubScene
17:01:43.235 [JavaFX Application Thread] DEBUG PrimaryStageWindow   - GameScene -> DodgeSubScene
17:01:46.332 [JavaFX Application Thread] DEBUG Input                - Registered new binding: fin - E
17:01:46.763 [JavaFX Application Thread] DEBUG GameWorld            - Clearing removable entities
17:01:46.822 [JavaFX Application Thread] DEBUG GameWorld            - Setting level: com.almasb.fxgl.entity.level.Level@1c81b494
17:01:47.368 [JavaFX Application Thread] DEBUG Input                - Registered new binding: fin - E
17:01:47.369 [JavaFX Application Thread] DEBUG FXGLAssetLoaderServi - Loading from file system: file:/Users/mehnounekheira/eclipse-workspace/RTAIparty/target/classes/assets/textures/background/decorrythm.png
17:01:50.408 [JavaFX Application Thread] DEBUG Input                - Registered new binding: fin - E
17:01:53.059 [JavaFX Application Thread] DEBUG FXGLApplication      - Exiting FXGL
17:01:53.060 [JavaFX Application Thread] DEBUG LoopRunner           - Stopping loop
17:01:53.060 [JavaFX Application Thread] DEBUG SystemBundleService  - Saving FXGL system data
17:01:53.064 [JavaFX Application Thread] DEBUG FileSystemAccess     - Writing to: /Users/mehnounekheira/eclipse-workspace/RTAIparty/system/fxgl.bundle
17:01:53.068 [JavaFX Application Thread] DEBUG Async                - Shutting down background threads
17:01:53.068 [JavaFX Application Thread] DEBUG PrimaryStageWindow   - Closing main window
17:01:53.079 [JavaFX Application Thread] DEBUG Logger               - Closing Logger
