23:39:54.538 [main                     ] DEBUG Logger               - Configured Logger
23:39:54.598 [main                     ] DEBUG GameApplication      - Logging settings
Title: RTAIparty
Version: 1.0
Width: 1280
Height: 720
Fullscreen: false
Intro: false
Profiling: false
Single step:false
App Mode: DEVELOPER
Menu Key: ESCAPE
Stage Style: DECORATED
Scene Factory: class ui.RTAISceneFactory

23:39:55.356 [JavaFX Application Thread] DEBUG FXGLApplication      - Initializing FXGL
23:39:55.358 [JavaFX Application Thread] INFO  Engine               - FXGL-11.17 (16.07.2021 15.46) on WINDOWS (J:16.0.2 FX:16)
23:39:55.360 [JavaFX Application Thread] DEBUG Engine               - JRE Vendor Name: Oracle Corporation
23:39:55.360 [JavaFX Application Thread] DEBUG Engine               - Running on OS: Windows 10 version 10.0
23:39:55.361 [JavaFX Application Thread] DEBUG Engine               - Architecture: amd64
23:39:55.361 [JavaFX Application Thread] INFO  Engine               - Source code and latest versions at: https://github.com/AlmasB/FXGL
23:39:55.361 [JavaFX Application Thread] INFO  Engine               -              Join the FXGL chat at: https://gitter.im/AlmasB/FXGL
23:39:55.521 [JavaFX Application Thread] DEBUG PrimaryStageWindow   - Creating a JavaFX scene
23:39:55.599 [JavaFX Application Thread] DEBUG PrimaryStageWindow   - Target settings size: 1280.0 x 720.0
23:39:55.600 [JavaFX Application Thread] DEBUG PrimaryStageWindow   - Scaled scene size:    1280.0 x 720.0
23:39:55.600 [JavaFX Application Thread] DEBUG PrimaryStageWindow   - Scaled ratio: (1.0, 1.0)
23:39:55.602 [JavaFX Application Thread] DEBUG PrimaryStageWindow   - Set initial scene to FXGLStartupScene
23:39:55.614 [JavaFX Application Thread] DEBUG PrimaryStageWindow   - Opening main window
23:39:55.738 [JavaFX Application Thread] DEBUG PrimaryStageWindow   - Window border size: (8.0, 28.0)
23:39:55.738 [JavaFX Application Thread] DEBUG PrimaryStageWindow   - Scaled size: 1280.0 x 720.0
23:39:55.738 [JavaFX Application Thread] DEBUG PrimaryStageWindow   - Scaled ratio: (1.0, 1.0)
23:39:55.739 [JavaFX Application Thread] DEBUG PrimaryStageWindow   - Scene size: 1280.0 x 720.0
23:39:55.739 [JavaFX Application Thread] DEBUG PrimaryStageWindow   - Stage size: 1288.0 x 748.0
23:39:55.750 [FXGL Background Thread 1 ] DEBUG Engine               - Initializing environment variables
23:39:55.855 [FXGL Background Thread 1 ] DEBUG FXGLAssetLoaderServi - User app class for loading assets: class com.almasb.fxglgames.RTAIparty.RTAIpartyApp
23:39:55.855 [FXGL Background Thread 1 ] DEBUG GameApplicationServi - Applying CSS: fxgl_dark.css
23:39:55.856 [FXGL Background Thread 1 ] DEBUG FXGLAssetLoaderServi - Loading from file system: jar:file:///C:/Users/moi/.m2/repository/com/github/almasb/fxgl/11.17/fxgl-11.17.jar!/fxglassets/ui/css/fxgl_dark.css
23:39:55.956 [FXGL Background Thread 1 ] DEBUG GameApplicationServi - Initializing application scenes
23:39:56.093 [FXGL Background Thread 1 ] DEBUG GameWorld            - Game world initialized
23:39:56.194 [FXGL Background Thread 1 ] DEBUG PhysicsWorld         - Physics world initialized: appHeight=720, physics.ppm=50,0
23:39:56.195 [FXGL Background Thread 1 ] DEBUG PhysicsWorld         - Using strategy: BRUTE_FORCE
23:39:56.200 [FXGL Background Thread 1 ] DEBUG GameScene            - Game scene initialized: 1280x720
23:39:56.212 [FXGL Background Thread 1 ] DEBUG FXGLAssetLoaderServi - Loading from file system: file:/C:/Users/moi/java-workspace/RTAIparty/target/classes/assets/textures/garcon_blond.png
23:39:56.235 [FXGL Background Thread 1 ] DEBUG FXGLAssetLoaderServi - Loading from file system: file:/C:/Users/moi/java-workspace/RTAIparty/target/classes/assets/textures/garcon_brun.png
23:39:56.238 [FXGL Background Thread 1 ] DEBUG FXGLAssetLoaderServi - Loading from file system: file:/C:/Users/moi/java-workspace/RTAIparty/target/classes/assets/textures/fille_blonde.png
23:39:56.240 [FXGL Background Thread 1 ] DEBUG FXGLAssetLoaderServi - Loading from file system: file:/C:/Users/moi/java-workspace/RTAIparty/target/classes/assets/textures/fille_brune.png
23:39:56.243 [FXGL Background Thread 1 ] DEBUG FXGLAssetLoaderServi - Loading from file system: file:/C:/Users/moi/java-workspace/RTAIparty/target/classes/assets/textures/background/classe.png
23:39:56.348 [FXGL Background Thread 1 ] DEBUG FXGLAssetLoaderServi - Loading from file system: file:/C:/Users/moi/java-workspace/RTAIparty/target/classes/assets/textures/tableau.png
23:39:56.357 [FXGL Background Thread 1 ] DEBUG FXGLAssetLoaderServi - Loading from file system: file:/C:/Users/moi/java-workspace/RTAIparty/target/classes/assets/textures/table.png
23:39:56.383 [FXGL Background Thread 1 ] DEBUG FXGL.DefaultMenu     - createMenuBodyGameMenu()
23:39:56.404 [FXGL Background Thread 1 ] DEBUG FXGL.DefaultMenu     - createOptionsMenu()
23:39:56.417 [FXGL Background Thread 1 ] DEBUG FXGLAssetLoaderServi - Loading from file system: jar:file:///C:/Users/moi/.m2/repository/com/github/almasb/fxgl/11.17/fxgl-11.17.jar!/fxglassets/textures/particles/smoke.png
23:39:56.635 [FXGL Background Thread 1 ] DEBUG FXGLAssetLoaderServi - Loading from file system: jar:file:///C:/Users/moi/.m2/repository/com/github/almasb/fxgl/11.17/fxgl-11.17.jar!/fxglassets/textures/particles/trace_horizontal.png
23:39:56.669 [FXGL Background Thread 1 ] DEBUG GameApplicationServi - Application scenes initialized
23:39:56.724 [FXGL Background Thread 1 ] DEBUG SystemBundleService  - Loading FXGL system data
23:39:56.736 [FXGL Background Thread 1 ] DEBUG FileSystemAccess     - Reading from: C:\Users\moi\java-workspace\RTAIparty\system\fxgl.bundle
23:39:56.748 [FXGL Background Thread 1 ] DEBUG SystemBundleService  - Bundle FXGL: {}
23:39:56.748 [FXGL Background Thread 1 ] DEBUG UpdaterService       - Checking for updates
23:39:56.755 [FXGL Background Thread 4 ] DEBUG FXGLApplication      - Loading fonts
23:39:56.756 [FXGL Background Thread 1 ] DEBUG FXGLApplication      - Loading default localization
23:39:56.757 [FXGL Background Thread 4 ] DEBUG FXGLAssetLoaderServi - Loading from file system: jar:file:///C:/Users/moi/.m2/repository/com/github/almasb/fxgl/11.17/fxgl-11.17.jar!/fxglassets/ui/fonts/VarelaRound-Regular.ttf
23:39:56.757 [FXGL Background Thread 1 ] DEBUG FXGLAssetLoaderServi - Loading from file system: jar:file:///C:/Users/moi/.m2/repository/com/github/almasb/fxgl/11.17/fxgl-11.17.jar!/fxglassets/languages/english.lang
23:39:56.812 [FXGL Background Thread 1 ] INFO  FXGLApplication      - FXGL initialization took: 1,061 sec
23:39:56.822 [JavaFX Application Thread] DEBUG Input                - Registered new binding: clic - LMB
23:39:56.836 [JavaFX Application Thread] DEBUG Input                - Registered new binding: test - E
23:39:56.837 [JavaFX Application Thread] DEBUG FXGLAssetLoaderServi - Loading from file system: jar:file:///C:/Users/moi/.m2/repository/com/github/almasb/fxgl/11.17/fxgl-11.17.jar!/fxglassets/textures/fxgl_icon.png
23:39:56.857 [JavaFX Application Thread] DEBUG FXGLAssetLoaderServi - Loading from file system: jar:file:///C:/Users/moi/.m2/repository/com/github/almasb/fxgl/11.17/fxgl-11.17.jar!/fxglassets/textures/fxgl_default_cursor.png
23:39:56.861 [JavaFX Application Thread] DEBUG Input                - Registered new binding: Screenshot - CTRL+8
23:39:56.862 [JavaFX Application Thread] DEBUG Input                - Registered new binding: System info dump - CTRL+9
23:39:56.862 [JavaFX Application Thread] DEBUG Input                - Registered new binding: Restart - CTRL+R
23:39:56.863 [JavaFX Application Thread] DEBUG Input                - Registered new binding: Toggle Debug Camera - CTRL+C
23:39:56.866 [JavaFX Application Thread] DEBUG LoopRunner           - Starting loop
23:39:56.866 [JavaFX Application Thread] DEBUG LoopRunner           - Initializing JavaFX AnimationTimerLoop
23:39:56.870 [JavaFX Application Thread] DEBUG Input                - Clearing active input actions
23:39:56.884 [JavaFX Application Thread] DEBUG GameApplicationServi - Removing overlay from FXGLStartupScene and adding to FXGLMainMenuDummyScene
23:39:56.884 [JavaFX Application Thread] DEBUG PrimaryStageWindow   - FXGLStartupScene -> FXGLMainMenuDummyScene
23:39:56.886 [JavaFX Application Thread] DEBUG PrimaryStageWindow   - Push state: RTAIpartyMainMenu
23:39:56.886 [JavaFX Application Thread] DEBUG Input                - Clearing active input actions
23:39:56.899 [JavaFX Application Thread] DEBUG GameApplicationServi - Removing overlay from FXGLMainMenuDummyScene and adding to RTAIpartyMainMenu
23:39:56.900 [JavaFX Application Thread] DEBUG PrimaryStageWindow   - FXGLMainMenuDummyScene -> RTAIpartyMainMenu
23:39:57.152 [FXGL Background Thread 4 ] DEBUG FXGLAssetLoaderServi - Loading from file system: jar:file:///C:/Users/moi/.m2/repository/com/github/almasb/fxgl/11.17/fxgl-11.17.jar!/fxglassets/ui/fonts/Abel-Regular.ttf
23:39:57.169 [FXGL Background Thread 4 ] DEBUG FXGLAssetLoaderServi - Loading from file system: jar:file:///C:/Users/moi/.m2/repository/com/github/almasb/fxgl/11.17/fxgl-11.17.jar!/fxglassets/ui/fonts/lucida_console.ttf
23:39:57.190 [FXGL Background Thread 4 ] DEBUG FXGLAssetLoaderServi - Loading from file system: jar:file:///C:/Users/moi/.m2/repository/com/github/almasb/fxgl/11.17/fxgl-11.17.jar!/fxglassets/ui/fonts/Courier-Prime.ttf
23:39:57.213 [JavaFX Application Thread] DEBUG FXGLApplication      - Registering font factories with UI factory
23:39:59.755 [FXGL Background Thread 3 ] DEBUG Engine               - Logging environment variables
23:39:59.756 [FXGL Background Thread 3 ] DEBUG Engine               - achievements: []
23:39:59.756 [FXGL Background Thread 3 ] DEBUG Engine               - actualHeight: 720.0
23:39:59.756 [FXGL Background Thread 3 ] DEBUG Engine               - actualHeightProperty: ReadOnlyDoubleProperty [value: 720.0]
23:39:59.757 [FXGL Background Thread 3 ] DEBUG Engine               - actualWidth: 1280.0
23:39:59.757 [FXGL Background Thread 3 ] DEBUG Engine               - actualWidthProperty: ReadOnlyDoubleProperty [value: 1280.0]
23:39:59.758 [FXGL Background Thread 3 ] DEBUG Engine               - appIcon: fxgl_icon.png
23:39:59.758 [FXGL Background Thread 3 ] DEBUG Engine               - applicationMode: DEVELOPER
23:39:59.759 [FXGL Background Thread 3 ] DEBUG Engine               - cSSList: [fxgl_dark.css]
23:39:59.759 [FXGL Background Thread 3 ] DEBUG Engine               - collisionDetectionStrategy: BRUTE_FORCE
23:39:59.760 [FXGL Background Thread 3 ] DEBUG Engine               - configClass: Optional.empty
23:39:59.761 [FXGL Background Thread 3 ] DEBUG Engine               - credits: []
23:39:59.761 [FXGL Background Thread 3 ] DEBUG Engine               - defaultCursor: CursorInfo(imageName=fxgl_default_cursor.png, hotspotX=7.0, hotspotY=6.0)
23:39:59.762 [FXGL Background Thread 3 ] DEBUG Engine               - devBBoxColorProperty: ObjectProperty [value: 0xff0000ff]
23:39:59.762 [FXGL Background Thread 3 ] DEBUG Engine               - devEnableDebugCameraProperty: BooleanProperty [value: false]
23:39:59.763 [FXGL Background Thread 3 ] DEBUG Engine               - devSensorColorProperty: ObjectProperty [value: 0xffff00ff]
23:39:59.763 [FXGL Background Thread 3 ] DEBUG Engine               - devShowBBoxProperty: BooleanProperty [value: false]
23:39:59.763 [FXGL Background Thread 3 ] DEBUG Engine               - devShowPositionProperty: BooleanProperty [value: false]
23:39:59.764 [FXGL Background Thread 3 ] DEBUG Engine               - enabledMenuItems: []
23:39:59.764 [FXGL Background Thread 3 ] DEBUG Engine               - engineServices: [class com.almasb.fxgl.app.services.FXGLAssetLoaderService, class com.almasb.fxgl.app.FXGLApplication$GameApplicationService, class com.almasb.fxgl.app.services.FXGLDialogService, class com.almasb.fxgl.app.services.IOTaskExecutorService, class com.almasb.fxgl.io.FileSystemService, class com.almasb.fxgl.localization.LocalizationService, class com.almasb.fxgl.app.services.SystemBundleService, class com.almasb.fxgl.profile.SaveLoadService, class com.almasb.fxgl.ui.FXGLUIFactoryServiceProvider, class com.almasb.fxgl.ui.FXGLDialogFactoryServiceProvider, class com.almasb.fxgl.audio.AudioPlayer, class com.almasb.fxgl.notification.impl.NotificationServiceProvider, class com.almasb.fxgl.achievement.AchievementService, class com.almasb.fxgl.cutscene.CutsceneService, class com.almasb.fxgl.minigames.MiniGameService, class com.almasb.fxgl.net.NetService, class com.almasb.fxgl.app.services.UpdaterService, class com.almasb.fxgl.dev.DevService]
23:39:59.764 [FXGL Background Thread 3 ] DEBUG Engine               - fontGame: Abel-Regular.ttf
23:39:59.765 [FXGL Background Thread 3 ] DEBUG Engine               - fontMono: lucida_console.ttf
23:39:59.765 [FXGL Background Thread 3 ] DEBUG Engine               - fontText: Courier-Prime.ttf
23:39:59.766 [FXGL Background Thread 3 ] DEBUG Engine               - fontUI: VarelaRound-Regular.ttf
23:39:59.766 [FXGL Background Thread 3 ] DEBUG Engine               - fullScreen: BooleanProperty [value: false]
23:39:59.766 [FXGL Background Thread 3 ] DEBUG Engine               - gameDifficulty: MEDIUM
23:39:59.767 [FXGL Background Thread 3 ] DEBUG Engine               - gameDifficultyProperty: ObjectProperty [value: MEDIUM]
23:39:59.767 [FXGL Background Thread 3 ] DEBUG Engine               - globalMusicVolume: 0.5
23:39:59.768 [FXGL Background Thread 3 ] DEBUG Engine               - globalMusicVolumeProperty: DoubleProperty [value: 0.5]
23:39:59.768 [FXGL Background Thread 3 ] DEBUG Engine               - globalSoundVolume: 0.5
23:39:59.769 [FXGL Background Thread 3 ] DEBUG Engine               - globalSoundVolumeProperty: DoubleProperty [value: 0.5]
23:39:59.769 [FXGL Background Thread 3 ] DEBUG Engine               - height: 720
23:39:59.769 [FXGL Background Thread 3 ] DEBUG Engine               - is3D: false
23:39:59.769 [FXGL Background Thread 3 ] DEBUG Engine               - isAndroid: false
23:39:59.770 [FXGL Background Thread 3 ] DEBUG Engine               - isBrowser: false
23:39:59.770 [FXGL Background Thread 3 ] DEBUG Engine               - isClickFeedbackEnabled: false
23:39:59.770 [FXGL Background Thread 3 ] DEBUG Engine               - isCloseConfirmation: false
23:39:59.771 [FXGL Background Thread 3 ] DEBUG Engine               - isDesktop: true
23:39:59.771 [FXGL Background Thread 3 ] DEBUG Engine               - isDeveloperMenuEnabled: false
23:39:59.771 [FXGL Background Thread 3 ] DEBUG Engine               - isEntityPreloadEnabled: true
23:39:59.771 [FXGL Background Thread 3 ] DEBUG Engine               - isExperimentalTiledLargeMap: false
23:39:59.772 [FXGL Background Thread 3 ] DEBUG Engine               - isFileSystemWriteAllowed: true
23:39:59.772 [FXGL Background Thread 3 ] DEBUG Engine               - isFullScreenAllowed: false
23:39:59.772 [FXGL Background Thread 3 ] DEBUG Engine               - isFullScreenFromStart: false
23:39:59.772 [FXGL Background Thread 3 ] DEBUG Engine               - isGameMenuEnabled: true
23:39:59.774 [FXGL Background Thread 3 ] DEBUG Engine               - isIOS: false
23:39:59.774 [FXGL Background Thread 3 ] DEBUG Engine               - isIntroEnabled: false
23:39:59.775 [FXGL Background Thread 3 ] DEBUG Engine               - isLinux: false
23:39:59.775 [FXGL Background Thread 3 ] DEBUG Engine               - isMac: false
23:39:59.776 [FXGL Background Thread 3 ] DEBUG Engine               - isMainMenuEnabled: true
23:39:59.776 [FXGL Background Thread 3 ] DEBUG Engine               - isManualResizeEnabled: true
23:39:59.777 [FXGL Background Thread 3 ] DEBUG Engine               - isMobile: false
23:39:59.777 [FXGL Background Thread 3 ] DEBUG Engine               - isNative: false
23:39:59.777 [FXGL Background Thread 3 ] DEBUG Engine               - isPauseMusicWhenMinimized: true
23:39:59.778 [FXGL Background Thread 3 ] DEBUG Engine               - isPreserveResizeRatio: true
23:39:59.778 [FXGL Background Thread 3 ] DEBUG Engine               - isProfilingEnabled: false
23:39:59.779 [FXGL Background Thread 3 ] DEBUG Engine               - isScaleAffectedOnResize: true
23:39:59.781 [FXGL Background Thread 3 ] DEBUG Engine               - isSingleStep: false
23:39:59.781 [FXGL Background Thread 3 ] DEBUG Engine               - isUserProfileEnabled: false
23:39:59.782 [FXGL Background Thread 3 ] DEBUG Engine               - isWindows: true
23:39:59.782 [FXGL Background Thread 3 ] DEBUG Engine               - language: ObjectProperty [value: ENGLISH]
23:39:59.783 [FXGL Background Thread 3 ] DEBUG Engine               - menuKey: ESCAPE
23:39:59.783 [FXGL Background Thread 3 ] DEBUG Engine               - mouseSensitivity: 0.2
23:39:59.783 [FXGL Background Thread 3 ] DEBUG Engine               - notificationViewClass: class com.almasb.fxgl.notification.view.XboxNotificationView
23:39:59.783 [FXGL Background Thread 3 ] DEBUG Engine               - pixelsPerMeter: 50.0
23:39:59.784 [FXGL Background Thread 3 ] DEBUG Engine               - platform: WINDOWS
23:39:59.784 [FXGL Background Thread 3 ] DEBUG Engine               - prefHeightProperty: ReadOnlyDoubleProperty [value: 720.0]
23:39:59.784 [FXGL Background Thread 3 ] DEBUG Engine               - prefWidthProperty: ReadOnlyDoubleProperty [value: 1280.0]
23:39:59.784 [FXGL Background Thread 3 ] DEBUG Engine               - profileDir: profiles/
23:39:59.784 [FXGL Background Thread 3 ] DEBUG Engine               - profileName: StringProperty [value: DEFAULT]
23:39:59.785 [FXGL Background Thread 3 ] DEBUG Engine               - randomSeed: -1
23:39:59.785 [FXGL Background Thread 3 ] DEBUG Engine               - runtimeInfo: RuntimeInfo(platform=WINDOWS, version=11.17, build=16.07.2021 15.46)
23:39:59.785 [FXGL Background Thread 3 ] DEBUG Engine               - saveFileExt: sav
23:39:59.786 [FXGL Background Thread 3 ] DEBUG Engine               - scaledHeightProp$fxgl: DoubleProperty [bound, value: 720.0]
23:39:59.787 [FXGL Background Thread 3 ] DEBUG Engine               - scaledWidthProp$fxgl: DoubleProperty [bound, value: 1280.0]
23:39:59.787 [FXGL Background Thread 3 ] DEBUG Engine               - sceneFactory: ui.RTAISceneFactory@4ad37aeb
23:39:59.788 [FXGL Background Thread 3 ] DEBUG Engine               - secondsIn24h: 60
23:39:59.788 [FXGL Background Thread 3 ] DEBUG Engine               - soundMenuBack: menu/back.wav
23:39:59.788 [FXGL Background Thread 3 ] DEBUG Engine               - soundMenuPress: menu/press.wav
23:39:59.788 [FXGL Background Thread 3 ] DEBUG Engine               - soundMenuSelect: menu/select.wav
23:39:59.789 [FXGL Background Thread 3 ] DEBUG Engine               - soundNotification: core/notification.wav
23:39:59.789 [FXGL Background Thread 3 ] DEBUG Engine               - stageStyle: DECORATED
23:39:59.789 [FXGL Background Thread 3 ] DEBUG Engine               - supportedLanguages: [ENGLISH, FRENCH, GERMAN, HUNGARIAN, RUSSIAN]
23:39:59.790 [FXGL Background Thread 3 ] DEBUG Engine               - ticksPerSecond: -1
23:39:59.790 [FXGL Background Thread 3 ] DEBUG Engine               - title: RTAIparty
23:39:59.791 [FXGL Background Thread 3 ] DEBUG Engine               - urlGithub: https://github.com/AlmasB/FXGL
23:39:59.791 [FXGL Background Thread 3 ] DEBUG Engine               - urlLeaderboard: http://fxgl-top.herokuapp.com/
23:39:59.791 [FXGL Background Thread 3 ] DEBUG Engine               - urlPOM: https://raw.githubusercontent.com/AlmasB/FXGL/release/README.md
23:39:59.791 [FXGL Background Thread 3 ] DEBUG Engine               - userAppClass: class com.almasb.fxglgames.RTAIparty.RTAIpartyApp
23:39:59.791 [FXGL Background Thread 3 ] DEBUG Engine               - version: 1.0
23:39:59.792 [FXGL Background Thread 3 ] DEBUG Engine               - versionCheckDays: 7
23:39:59.792 [FXGL Background Thread 3 ] DEBUG Engine               - width: 1280
23:39:59.795 [FXGL Background Thread 3 ] DEBUG Engine               - Logging services
23:39:59.796 [FXGL Background Thread 3 ] DEBUG Engine               - class com.almasb.fxgl.app.services.FXGLAssetLoaderService
23:39:59.796 [FXGL Background Thread 3 ] DEBUG Engine               - class com.almasb.fxgl.app.FXGLApplication$GameApplicationService
23:39:59.797 [FXGL Background Thread 3 ] DEBUG Engine               - class com.almasb.fxgl.app.services.FXGLDialogService
23:39:59.797 [FXGL Background Thread 3 ] DEBUG Engine               - class com.almasb.fxgl.app.services.IOTaskExecutorService
23:39:59.797 [FXGL Background Thread 3 ] DEBUG Engine               - class com.almasb.fxgl.io.FileSystemService
23:39:59.797 [FXGL Background Thread 3 ] DEBUG Engine               - class com.almasb.fxgl.localization.LocalizationService
23:39:59.798 [FXGL Background Thread 3 ] DEBUG Engine               - class com.almasb.fxgl.app.services.SystemBundleService
23:39:59.798 [FXGL Background Thread 3 ] DEBUG Engine               - class com.almasb.fxgl.profile.SaveLoadService
23:39:59.798 [FXGL Background Thread 3 ] DEBUG Engine               - class com.almasb.fxgl.ui.FXGLUIFactoryServiceProvider
23:39:59.799 [FXGL Background Thread 3 ] DEBUG Engine               - class com.almasb.fxgl.ui.FXGLDialogFactoryServiceProvider
23:39:59.799 [FXGL Background Thread 3 ] DEBUG Engine               - class com.almasb.fxgl.audio.AudioPlayer
23:39:59.799 [FXGL Background Thread 3 ] DEBUG Engine               - class com.almasb.fxgl.notification.impl.NotificationServiceProvider
23:39:59.800 [FXGL Background Thread 3 ] DEBUG Engine               - class com.almasb.fxgl.achievement.AchievementService
23:39:59.800 [FXGL Background Thread 3 ] DEBUG Engine               - class com.almasb.fxgl.cutscene.CutsceneService
23:39:59.801 [FXGL Background Thread 3 ] DEBUG Engine               - class com.almasb.fxgl.minigames.MiniGameService
23:39:59.804 [FXGL Background Thread 3 ] DEBUG Engine               - class com.almasb.fxgl.net.NetService
23:39:59.804 [FXGL Background Thread 3 ] DEBUG Engine               - class com.almasb.fxgl.app.services.UpdaterService
23:39:59.804 [FXGL Background Thread 3 ] DEBUG Engine               - class com.almasb.fxgl.dev.DevService
23:40:08.700 [JavaFX Application Thread] DEBUG Menu                 - fireNewGame()
23:40:08.700 [JavaFX Application Thread] DEBUG GameApplicationServi - Starting new game
23:40:08.700 [JavaFX Application Thread] DEBUG PrimaryStageWindow   - Pop state: RTAIpartyMainMenu
23:40:08.700 [JavaFX Application Thread] DEBUG Input                - Clearing active input actions
23:40:08.701 [JavaFX Application Thread] DEBUG GameApplicationServi - Removing overlay from RTAIpartyMainMenu and adding to FXGLMainMenuDummyScene
23:40:08.701 [JavaFX Application Thread] DEBUG PrimaryStageWindow   - FXGLMainMenuDummyScene <- RTAIpartyMainMenu
23:40:08.701 [JavaFX Application Thread] DEBUG Input                - Clearing active input actions
23:40:08.715 [JavaFX Application Thread] DEBUG GameApplicationServi - Removing overlay from FXGLMainMenuDummyScene and adding to FXGLLoadingScene
23:40:08.715 [JavaFX Application Thread] DEBUG PrimaryStageWindow   - FXGLMainMenuDummyScene -> FXGLLoadingScene
23:40:08.715 [JavaFX Application Thread] DEBUG GameApplicationServi - Clearing previous game
23:40:08.716 [JavaFX Application Thread] DEBUG GameScene            - Clearing game scene
23:40:08.716 [JavaFX Application Thread] DEBUG GameWorld            - Clearing game world
23:40:08.716 [JavaFX Application Thread] DEBUG PhysicsWorld         - Clearing physics world
23:40:08.719 [FXGL Background Thread 2 ] DEBUG FXGLApplication      - Initializing game
23:40:08.721 [FXGL Background Thread 2 ] INFO  FXGLApplication      - Game initialization took: 0,002 sec
23:40:08.729 [JavaFX Application Thread] DEBUG Input                - Registered new binding: fin - E
23:40:08.732 [JavaFX Application Thread] DEBUG FXGLAssetLoaderServi - Loading from file system: file:/C:/Users/moi/java-workspace/RTAIparty/target/classes/assets/textures/DodgeBlock.png
23:40:09.572 [JavaFX Application Thread] DEBUG GameWorld            - Clearing removable entities
23:40:09.572 [JavaFX Application Thread] DEBUG GameWorld            - Setting level: com.almasb.fxgl.entity.level.Level@30e7c86a
23:40:09.627 [JavaFX Application Thread] DEBUG Input                - Clearing active input actions
23:40:09.699 [JavaFX Application Thread] DEBUG GameApplicationServi - Removing overlay from FXGLLoadingScene and adding to GameScene
23:40:09.699 [JavaFX Application Thread] DEBUG PrimaryStageWindow   - FXGLLoadingScene -> GameScene
23:40:09.733 [JavaFX Application Thread] DEBUG PrimaryStageWindow   - Push state: DodgeSubScene
23:40:09.733 [JavaFX Application Thread] DEBUG Input                - Clearing active input actions
23:40:09.734 [JavaFX Application Thread] DEBUG GameApplicationServi - Removing overlay from GameScene and adding to DodgeSubScene
23:40:09.734 [JavaFX Application Thread] DEBUG PrimaryStageWindow   - GameScene -> DodgeSubScene
23:40:23.235 [JavaFX Application Thread] DEBUG FXGLApplication      - Exiting FXGL
23:40:23.235 [JavaFX Application Thread] DEBUG LoopRunner           - Stopping loop
23:40:23.235 [JavaFX Application Thread] DEBUG SystemBundleService  - Saving FXGL system data
23:40:23.238 [JavaFX Application Thread] DEBUG FileSystemAccess     - Writing to: C:\Users\moi\java-workspace\RTAIparty\system\fxgl.bundle
23:40:23.240 [JavaFX Application Thread] DEBUG Async                - Shutting down background threads
23:40:23.240 [JavaFX Application Thread] DEBUG PrimaryStageWindow   - Closing main window
23:40:23.265 [JavaFX Application Thread] DEBUG Logger               - Closing Logger
