14:27:52.239 [main                     ] DEBUG Logger               - Configured Logger
14:27:52.271 [main                     ] DEBUG GameApplication      - Logging settings
Title: RTAIparty
Version: 1.0
Width: 1280
Height: 720
Fullscreen: false
Intro: false
Profiling: false
Single step:false
App Mode: DEVELOPER
Menu Key: ESCAPE
Stage Style: DECORATED
Scene Factory: class ui.RTAISceneFactory

14:27:52.568 [JavaFX Application Thread] DEBUG FXGLApplication      - Initializing FXGL
14:27:52.570 [JavaFX Application Thread] INFO  Engine               - FXGL-11.17 (16.07.2021 15.46) on WINDOWS (J:16.0.2 FX:16)
14:27:52.571 [JavaFX Application Thread] DEBUG Engine               - JRE Vendor Name: Oracle Corporation
14:27:52.571 [JavaFX Application Thread] DEBUG Engine               - Running on OS: Windows 10 version 10.0
14:27:52.571 [JavaFX Application Thread] DEBUG Engine               - Architecture: amd64
14:27:52.571 [JavaFX Application Thread] INFO  Engine               - Source code and latest versions at: https://github.com/AlmasB/FXGL
14:27:52.571 [JavaFX Application Thread] INFO  Engine               -              Join the FXGL chat at: https://gitter.im/AlmasB/FXGL
14:27:52.670 [JavaFX Application Thread] DEBUG PrimaryStageWindow   - Creating a JavaFX scene
14:27:52.714 [JavaFX Application Thread] DEBUG PrimaryStageWindow   - Target settings size: 1280.0 x 720.0
14:27:52.714 [JavaFX Application Thread] DEBUG PrimaryStageWindow   - Scaled scene size:    1280.0 x 720.0
14:27:52.714 [JavaFX Application Thread] DEBUG PrimaryStageWindow   - Scaled ratio: (1.0, 1.0)
14:27:52.715 [JavaFX Application Thread] DEBUG PrimaryStageWindow   - Set initial scene to FXGLStartupScene
14:27:52.721 [JavaFX Application Thread] DEBUG PrimaryStageWindow   - Opening main window
14:27:52.796 [JavaFX Application Thread] DEBUG PrimaryStageWindow   - Window border size: (16.0, 39.0)
14:27:52.796 [JavaFX Application Thread] DEBUG PrimaryStageWindow   - Scaled size: 1280.0 x 720.0
14:27:52.797 [JavaFX Application Thread] DEBUG PrimaryStageWindow   - Scaled ratio: (1.0, 1.0)
14:27:52.797 [JavaFX Application Thread] DEBUG PrimaryStageWindow   - Scene size: 1280.0 x 720.0
14:27:52.797 [JavaFX Application Thread] DEBUG PrimaryStageWindow   - Stage size: 1296.0 x 759.0
14:27:52.805 [FXGL Background Thread 1 ] DEBUG Engine               - Initializing environment variables
14:27:52.881 [FXGL Background Thread 1 ] DEBUG FXGLAssetLoaderServi - User app class for loading assets: class com.almasb.fxglgames.RTAIparty.RTAIpartyApp
14:27:52.881 [FXGL Background Thread 1 ] DEBUG GameApplicationServi - Applying CSS: fxgl_dark.css
14:27:52.883 [FXGL Background Thread 1 ] DEBUG FXGLAssetLoaderServi - Loading from file system: jar:file:///C:/Users/zorm1/.m2/repository/com/github/almasb/fxgl/11.17/fxgl-11.17.jar!/fxglassets/ui/css/fxgl_dark.css
14:27:52.968 [FXGL Background Thread 1 ] DEBUG GameApplicationServi - Initializing application scenes
14:27:53.074 [FXGL Background Thread 1 ] DEBUG GameWorld            - Game world initialized
14:27:53.134 [FXGL Background Thread 1 ] DEBUG PhysicsWorld         - Physics world initialized: appHeight=720, physics.ppm=50,0
14:27:53.135 [FXGL Background Thread 1 ] DEBUG PhysicsWorld         - Using strategy: BRUTE_FORCE
14:27:53.137 [FXGL Background Thread 1 ] DEBUG GameScene            - Game scene initialized: 1280x720
14:27:53.144 [FXGL Background Thread 1 ] DEBUG FXGLAssetLoaderServi - Loading from file system: file:/C:/Users/zorm1/eclipse-workspace/RTAIparty/target/classes/assets/textures/garcon_blond.png
14:27:53.159 [FXGL Background Thread 1 ] DEBUG FXGLAssetLoaderServi - Loading from file system: file:/C:/Users/zorm1/eclipse-workspace/RTAIparty/target/classes/assets/textures/garcon_brun.png
14:27:53.160 [FXGL Background Thread 1 ] DEBUG FXGLAssetLoaderServi - Loading from file system: file:/C:/Users/zorm1/eclipse-workspace/RTAIparty/target/classes/assets/textures/fille_blonde.png
14:27:53.161 [FXGL Background Thread 1 ] DEBUG FXGLAssetLoaderServi - Loading from file system: file:/C:/Users/zorm1/eclipse-workspace/RTAIparty/target/classes/assets/textures/fille_brune.png
14:27:53.163 [FXGL Background Thread 1 ] DEBUG FXGLAssetLoaderServi - Loading from file system: file:/C:/Users/zorm1/eclipse-workspace/RTAIparty/target/classes/assets/textures/background/classe.png
14:27:53.226 [FXGL Background Thread 1 ] DEBUG FXGLAssetLoaderServi - Loading from file system: file:/C:/Users/zorm1/eclipse-workspace/RTAIparty/target/classes/assets/textures/tableau.png
14:27:53.232 [FXGL Background Thread 1 ] DEBUG FXGLAssetLoaderServi - Loading from file system: file:/C:/Users/zorm1/eclipse-workspace/RTAIparty/target/classes/assets/textures/table.png
14:27:53.252 [FXGL Background Thread 1 ] DEBUG FXGL.DefaultMenu     - createMenuBodyGameMenu()
14:27:53.261 [FXGL Background Thread 1 ] DEBUG FXGL.DefaultMenu     - createOptionsMenu()
14:27:53.271 [FXGL Background Thread 1 ] DEBUG FXGLAssetLoaderServi - Loading from file system: jar:file:///C:/Users/zorm1/.m2/repository/com/github/almasb/fxgl/11.17/fxgl-11.17.jar!/fxglassets/textures/particles/smoke.png
14:27:53.368 [FXGL Background Thread 1 ] DEBUG FXGLAssetLoaderServi - Loading from file system: jar:file:///C:/Users/zorm1/.m2/repository/com/github/almasb/fxgl/11.17/fxgl-11.17.jar!/fxglassets/textures/particles/trace_horizontal.png
14:27:53.390 [FXGL Background Thread 1 ] DEBUG GameApplicationServi - Application scenes initialized
14:27:53.402 [FXGL Background Thread 1 ] DEBUG SystemBundleService  - Loading FXGL system data
14:27:53.409 [FXGL Background Thread 1 ] DEBUG FileSystemAccess     - Reading from: C:\Users\zorm1\eclipse-workspace\RTAIparty\system\fxgl.bundle
14:27:53.418 [FXGL Background Thread 1 ] DEBUG SystemBundleService  - Bundle FXGL: {}
14:27:53.418 [FXGL Background Thread 1 ] DEBUG UpdaterService       - Checking for updates
14:27:53.422 [FXGL Background Thread 4 ] DEBUG FXGLApplication      - Loading fonts
14:27:53.423 [FXGL Background Thread 4 ] DEBUG FXGLAssetLoaderServi - Loading from file system: jar:file:///C:/Users/zorm1/.m2/repository/com/github/almasb/fxgl/11.17/fxgl-11.17.jar!/fxglassets/ui/fonts/VarelaRound-Regular.ttf
14:27:53.422 [FXGL Background Thread 1 ] DEBUG FXGLApplication      - Loading default localization
14:27:53.423 [FXGL Background Thread 1 ] DEBUG FXGLAssetLoaderServi - Loading from file system: jar:file:///C:/Users/zorm1/.m2/repository/com/github/almasb/fxgl/11.17/fxgl-11.17.jar!/fxglassets/languages/english.lang
14:27:53.442 [FXGL Background Thread 1 ] INFO  FXGLApplication      - FXGL initialization took: 0,637 sec
14:27:53.448 [JavaFX Application Thread] DEBUG Input                - Registered new binding: clic - LMB
14:27:53.456 [JavaFX Application Thread] DEBUG Input                - Registered new binding: test - E
14:27:53.457 [JavaFX Application Thread] DEBUG FXGLAssetLoaderServi - Loading from file system: jar:file:///C:/Users/zorm1/.m2/repository/com/github/almasb/fxgl/11.17/fxgl-11.17.jar!/fxglassets/textures/fxgl_icon.png
14:27:53.478 [JavaFX Application Thread] DEBUG FXGLAssetLoaderServi - Loading from file system: jar:file:///C:/Users/zorm1/.m2/repository/com/github/almasb/fxgl/11.17/fxgl-11.17.jar!/fxglassets/textures/fxgl_default_cursor.png
14:27:53.481 [JavaFX Application Thread] DEBUG Input                - Registered new binding: Screenshot - CTRL+8
14:27:53.482 [JavaFX Application Thread] DEBUG Input                - Registered new binding: System info dump - CTRL+9
14:27:53.482 [JavaFX Application Thread] DEBUG Input                - Registered new binding: Restart - CTRL+R
14:27:53.483 [JavaFX Application Thread] DEBUG Input                - Registered new binding: Toggle Debug Camera - CTRL+C
14:27:53.486 [JavaFX Application Thread] DEBUG LoopRunner           - Starting loop
14:27:53.486 [JavaFX Application Thread] DEBUG LoopRunner           - Initializing JavaFX AnimationTimerLoop
14:27:53.489 [JavaFX Application Thread] DEBUG Input                - Clearing active input actions
14:27:53.500 [JavaFX Application Thread] DEBUG GameApplicationServi - Removing overlay from FXGLStartupScene and adding to FXGLMainMenuDummyScene
14:27:53.500 [JavaFX Application Thread] DEBUG PrimaryStageWindow   - FXGLStartupScene -> FXGLMainMenuDummyScene
14:27:53.501 [JavaFX Application Thread] DEBUG PrimaryStageWindow   - Push state: RTAIpartyMainMenu
14:27:53.501 [JavaFX Application Thread] DEBUG Input                - Clearing active input actions
14:27:53.501 [FXGL Background Thread 4 ] DEBUG FXGLAssetLoaderServi - Loading from file system: jar:file:///C:/Users/zorm1/.m2/repository/com/github/almasb/fxgl/11.17/fxgl-11.17.jar!/fxglassets/ui/fonts/Abel-Regular.ttf
14:27:53.505 [JavaFX Application Thread] DEBUG GameApplicationServi - Removing overlay from FXGLMainMenuDummyScene and adding to RTAIpartyMainMenu
14:27:53.507 [JavaFX Application Thread] DEBUG PrimaryStageWindow   - FXGLMainMenuDummyScene -> RTAIpartyMainMenu
14:27:53.518 [FXGL Background Thread 4 ] DEBUG FXGLAssetLoaderServi - Loading from file system: jar:file:///C:/Users/zorm1/.m2/repository/com/github/almasb/fxgl/11.17/fxgl-11.17.jar!/fxglassets/ui/fonts/lucida_console.ttf
14:27:53.538 [FXGL Background Thread 4 ] DEBUG FXGLAssetLoaderServi - Loading from file system: jar:file:///C:/Users/zorm1/.m2/repository/com/github/almasb/fxgl/11.17/fxgl-11.17.jar!/fxglassets/ui/fonts/Courier-Prime.ttf
14:27:53.566 [JavaFX Application Thread] DEBUG FXGLApplication      - Registering font factories with UI factory
14:27:56.421 [FXGL Background Thread 3 ] DEBUG Engine               - Logging environment variables
14:27:56.422 [FXGL Background Thread 3 ] DEBUG Engine               - achievements: []
14:27:56.423 [FXGL Background Thread 3 ] DEBUG Engine               - actualHeight: 720.0
14:27:56.423 [FXGL Background Thread 3 ] DEBUG Engine               - actualHeightProperty: ReadOnlyDoubleProperty [value: 720.0]
14:27:56.424 [FXGL Background Thread 3 ] DEBUG Engine               - actualWidth: 1280.0
14:27:56.424 [FXGL Background Thread 3 ] DEBUG Engine               - actualWidthProperty: ReadOnlyDoubleProperty [value: 1280.0]
14:27:56.425 [FXGL Background Thread 3 ] DEBUG Engine               - appIcon: fxgl_icon.png
14:27:56.425 [FXGL Background Thread 3 ] DEBUG Engine               - applicationMode: DEVELOPER
14:27:56.426 [FXGL Background Thread 3 ] DEBUG Engine               - cSSList: [fxgl_dark.css]
14:27:56.426 [FXGL Background Thread 3 ] DEBUG Engine               - collisionDetectionStrategy: BRUTE_FORCE
14:27:56.427 [FXGL Background Thread 3 ] DEBUG Engine               - configClass: Optional.empty
14:27:56.428 [FXGL Background Thread 3 ] DEBUG Engine               - credits: []
14:27:56.428 [FXGL Background Thread 3 ] DEBUG Engine               - defaultCursor: CursorInfo(imageName=fxgl_default_cursor.png, hotspotX=7.0, hotspotY=6.0)
14:27:56.429 [FXGL Background Thread 3 ] DEBUG Engine               - devBBoxColorProperty: ObjectProperty [value: 0xff0000ff]
14:27:56.430 [FXGL Background Thread 3 ] DEBUG Engine               - devEnableDebugCameraProperty: BooleanProperty [value: false]
14:27:56.431 [FXGL Background Thread 3 ] DEBUG Engine               - devSensorColorProperty: ObjectProperty [value: 0xffff00ff]
14:27:56.431 [FXGL Background Thread 3 ] DEBUG Engine               - devShowBBoxProperty: BooleanProperty [value: false]
14:27:56.431 [FXGL Background Thread 3 ] DEBUG Engine               - devShowPositionProperty: BooleanProperty [value: false]
14:27:56.432 [FXGL Background Thread 3 ] DEBUG Engine               - enabledMenuItems: []
14:27:56.432 [FXGL Background Thread 3 ] DEBUG Engine               - engineServices: [class com.almasb.fxgl.app.services.FXGLAssetLoaderService, class com.almasb.fxgl.app.FXGLApplication$GameApplicationService, class com.almasb.fxgl.app.services.FXGLDialogService, class com.almasb.fxgl.app.services.IOTaskExecutorService, class com.almasb.fxgl.io.FileSystemService, class com.almasb.fxgl.localization.LocalizationService, class com.almasb.fxgl.app.services.SystemBundleService, class com.almasb.fxgl.profile.SaveLoadService, class com.almasb.fxgl.ui.FXGLUIFactoryServiceProvider, class com.almasb.fxgl.ui.FXGLDialogFactoryServiceProvider, class com.almasb.fxgl.audio.AudioPlayer, class com.almasb.fxgl.notification.impl.NotificationServiceProvider, class com.almasb.fxgl.achievement.AchievementService, class com.almasb.fxgl.cutscene.CutsceneService, class com.almasb.fxgl.minigames.MiniGameService, class com.almasb.fxgl.net.NetService, class com.almasb.fxgl.app.services.UpdaterService, class com.almasb.fxgl.dev.DevService]
14:27:56.433 [FXGL Background Thread 3 ] DEBUG Engine               - fontGame: Abel-Regular.ttf
14:27:56.433 [FXGL Background Thread 3 ] DEBUG Engine               - fontMono: lucida_console.ttf
14:27:56.433 [FXGL Background Thread 3 ] DEBUG Engine               - fontText: Courier-Prime.ttf
14:27:56.434 [FXGL Background Thread 3 ] DEBUG Engine               - fontUI: VarelaRound-Regular.ttf
14:27:56.434 [FXGL Background Thread 3 ] DEBUG Engine               - fullScreen: BooleanProperty [value: false]
14:27:56.435 [FXGL Background Thread 3 ] DEBUG Engine               - gameDifficulty: MEDIUM
14:27:56.435 [FXGL Background Thread 3 ] DEBUG Engine               - gameDifficultyProperty: ObjectProperty [value: MEDIUM]
14:27:56.436 [FXGL Background Thread 3 ] DEBUG Engine               - globalMusicVolume: 0.5
14:27:56.436 [FXGL Background Thread 3 ] DEBUG Engine               - globalMusicVolumeProperty: DoubleProperty [value: 0.5]
14:27:56.437 [FXGL Background Thread 3 ] DEBUG Engine               - globalSoundVolume: 0.5
14:27:56.437 [FXGL Background Thread 3 ] DEBUG Engine               - globalSoundVolumeProperty: DoubleProperty [value: 0.5]
14:27:56.438 [FXGL Background Thread 3 ] DEBUG Engine               - height: 720
14:27:56.438 [FXGL Background Thread 3 ] DEBUG Engine               - is3D: false
14:27:56.438 [FXGL Background Thread 3 ] DEBUG Engine               - isAndroid: false
14:27:56.439 [FXGL Background Thread 3 ] DEBUG Engine               - isBrowser: false
14:27:56.439 [FXGL Background Thread 3 ] DEBUG Engine               - isClickFeedbackEnabled: false
14:27:56.439 [FXGL Background Thread 3 ] DEBUG Engine               - isCloseConfirmation: false
14:27:56.440 [FXGL Background Thread 3 ] DEBUG Engine               - isDesktop: true
14:27:56.440 [FXGL Background Thread 3 ] DEBUG Engine               - isDeveloperMenuEnabled: false
14:27:56.441 [FXGL Background Thread 3 ] DEBUG Engine               - isEntityPreloadEnabled: true
14:27:56.441 [FXGL Background Thread 3 ] DEBUG Engine               - isExperimentalTiledLargeMap: false
14:27:56.442 [FXGL Background Thread 3 ] DEBUG Engine               - isFileSystemWriteAllowed: true
14:27:56.442 [FXGL Background Thread 3 ] DEBUG Engine               - isFullScreenAllowed: false
14:27:56.442 [FXGL Background Thread 3 ] DEBUG Engine               - isFullScreenFromStart: false
14:27:56.443 [FXGL Background Thread 3 ] DEBUG Engine               - isGameMenuEnabled: true
14:27:56.443 [FXGL Background Thread 3 ] DEBUG Engine               - isIOS: false
14:27:56.444 [FXGL Background Thread 3 ] DEBUG Engine               - isIntroEnabled: false
14:27:56.444 [FXGL Background Thread 3 ] DEBUG Engine               - isLinux: false
14:27:56.444 [FXGL Background Thread 3 ] DEBUG Engine               - isMac: false
14:27:56.445 [FXGL Background Thread 3 ] DEBUG Engine               - isMainMenuEnabled: true
14:27:56.445 [FXGL Background Thread 3 ] DEBUG Engine               - isManualResizeEnabled: true
14:27:56.445 [FXGL Background Thread 3 ] DEBUG Engine               - isMobile: false
14:27:56.446 [FXGL Background Thread 3 ] DEBUG Engine               - isNative: false
14:27:56.446 [FXGL Background Thread 3 ] DEBUG Engine               - isPauseMusicWhenMinimized: true
14:27:56.447 [FXGL Background Thread 3 ] DEBUG Engine               - isPreserveResizeRatio: true
14:27:56.447 [FXGL Background Thread 3 ] DEBUG Engine               - isProfilingEnabled: false
14:27:56.448 [FXGL Background Thread 3 ] DEBUG Engine               - isScaleAffectedOnResize: true
14:27:56.448 [FXGL Background Thread 3 ] DEBUG Engine               - isSingleStep: false
14:27:56.449 [FXGL Background Thread 3 ] DEBUG Engine               - isUserProfileEnabled: false
14:27:56.449 [FXGL Background Thread 3 ] DEBUG Engine               - isWindows: true
14:27:56.449 [FXGL Background Thread 3 ] DEBUG Engine               - language: ObjectProperty [value: ENGLISH]
14:27:56.450 [FXGL Background Thread 3 ] DEBUG Engine               - menuKey: ESCAPE
14:27:56.450 [FXGL Background Thread 3 ] DEBUG Engine               - mouseSensitivity: 0.2
14:27:56.450 [FXGL Background Thread 3 ] DEBUG Engine               - notificationViewClass: class com.almasb.fxgl.notification.view.XboxNotificationView
14:27:56.451 [FXGL Background Thread 3 ] DEBUG Engine               - pixelsPerMeter: 50.0
14:27:56.451 [FXGL Background Thread 3 ] DEBUG Engine               - platform: WINDOWS
14:27:56.452 [FXGL Background Thread 3 ] DEBUG Engine               - prefHeightProperty: ReadOnlyDoubleProperty [value: 720.0]
14:27:56.452 [FXGL Background Thread 3 ] DEBUG Engine               - prefWidthProperty: ReadOnlyDoubleProperty [value: 1280.0]
14:27:56.452 [FXGL Background Thread 3 ] DEBUG Engine               - profileDir: profiles/
14:27:56.453 [FXGL Background Thread 3 ] DEBUG Engine               - profileName: StringProperty [value: DEFAULT]
14:27:56.453 [FXGL Background Thread 3 ] DEBUG Engine               - randomSeed: -1
14:27:56.453 [FXGL Background Thread 3 ] DEBUG Engine               - runtimeInfo: RuntimeInfo(platform=WINDOWS, version=11.17, build=16.07.2021 15.46)
14:27:56.454 [FXGL Background Thread 3 ] DEBUG Engine               - saveFileExt: sav
14:27:56.454 [FXGL Background Thread 3 ] DEBUG Engine               - scaledHeightProp$fxgl: DoubleProperty [bound, value: 720.0]
14:27:56.455 [FXGL Background Thread 3 ] DEBUG Engine               - scaledWidthProp$fxgl: DoubleProperty [bound, value: 1280.0]
14:27:56.455 [FXGL Background Thread 3 ] DEBUG Engine               - sceneFactory: ui.RTAISceneFactory@224aad08
14:27:56.455 [FXGL Background Thread 3 ] DEBUG Engine               - secondsIn24h: 60
14:27:56.456 [FXGL Background Thread 3 ] DEBUG Engine               - soundMenuBack: menu/back.wav
14:27:56.456 [FXGL Background Thread 3 ] DEBUG Engine               - soundMenuPress: menu/press.wav
14:27:56.457 [FXGL Background Thread 3 ] DEBUG Engine               - soundMenuSelect: menu/select.wav
14:27:56.457 [FXGL Background Thread 3 ] DEBUG Engine               - soundNotification: core/notification.wav
14:27:56.457 [FXGL Background Thread 3 ] DEBUG Engine               - stageStyle: DECORATED
14:27:56.458 [FXGL Background Thread 3 ] DEBUG Engine               - supportedLanguages: [ENGLISH, FRENCH, GERMAN, HUNGARIAN, RUSSIAN]
14:27:56.458 [FXGL Background Thread 3 ] DEBUG Engine               - ticksPerSecond: -1
14:27:56.458 [FXGL Background Thread 3 ] DEBUG Engine               - title: RTAIparty
14:27:56.459 [FXGL Background Thread 3 ] DEBUG Engine               - urlGithub: https://github.com/AlmasB/FXGL
14:27:56.459 [FXGL Background Thread 3 ] DEBUG Engine               - urlLeaderboard: http://fxgl-top.herokuapp.com/
14:27:56.460 [FXGL Background Thread 3 ] DEBUG Engine               - urlPOM: https://raw.githubusercontent.com/AlmasB/FXGL/release/README.md
14:27:56.460 [FXGL Background Thread 3 ] DEBUG Engine               - userAppClass: class com.almasb.fxglgames.RTAIparty.RTAIpartyApp
14:27:56.461 [FXGL Background Thread 3 ] DEBUG Engine               - version: 1.0
14:27:56.461 [FXGL Background Thread 3 ] DEBUG Engine               - versionCheckDays: 7
14:27:56.462 [FXGL Background Thread 3 ] DEBUG Engine               - width: 1280
14:27:56.462 [FXGL Background Thread 3 ] DEBUG Engine               - Logging services
14:27:56.462 [FXGL Background Thread 3 ] DEBUG Engine               - class com.almasb.fxgl.app.services.FXGLAssetLoaderService
14:27:56.463 [FXGL Background Thread 3 ] DEBUG Engine               - class com.almasb.fxgl.app.FXGLApplication$GameApplicationService
14:27:56.463 [FXGL Background Thread 3 ] DEBUG Engine               - class com.almasb.fxgl.app.services.FXGLDialogService
14:27:56.463 [FXGL Background Thread 3 ] DEBUG Engine               - class com.almasb.fxgl.app.services.IOTaskExecutorService
14:27:56.464 [FXGL Background Thread 3 ] DEBUG Engine               - class com.almasb.fxgl.io.FileSystemService
14:27:56.464 [FXGL Background Thread 3 ] DEBUG Engine               - class com.almasb.fxgl.localization.LocalizationService
14:27:56.465 [FXGL Background Thread 3 ] DEBUG Engine               - class com.almasb.fxgl.app.services.SystemBundleService
14:27:56.465 [FXGL Background Thread 3 ] DEBUG Engine               - class com.almasb.fxgl.profile.SaveLoadService
14:27:56.465 [FXGL Background Thread 3 ] DEBUG Engine               - class com.almasb.fxgl.ui.FXGLUIFactoryServiceProvider
14:27:56.466 [FXGL Background Thread 3 ] DEBUG Engine               - class com.almasb.fxgl.ui.FXGLDialogFactoryServiceProvider
14:27:56.466 [FXGL Background Thread 3 ] DEBUG Engine               - class com.almasb.fxgl.audio.AudioPlayer
14:27:56.467 [FXGL Background Thread 3 ] DEBUG Engine               - class com.almasb.fxgl.notification.impl.NotificationServiceProvider
14:27:56.467 [FXGL Background Thread 3 ] DEBUG Engine               - class com.almasb.fxgl.achievement.AchievementService
14:27:56.467 [FXGL Background Thread 3 ] DEBUG Engine               - class com.almasb.fxgl.cutscene.CutsceneService
14:27:56.468 [FXGL Background Thread 3 ] DEBUG Engine               - class com.almasb.fxgl.minigames.MiniGameService
14:27:56.468 [FXGL Background Thread 3 ] DEBUG Engine               - class com.almasb.fxgl.net.NetService
14:27:56.468 [FXGL Background Thread 3 ] DEBUG Engine               - class com.almasb.fxgl.app.services.UpdaterService
14:27:56.469 [FXGL Background Thread 3 ] DEBUG Engine               - class com.almasb.fxgl.dev.DevService
14:27:59.845 [JavaFX Application Thread] DEBUG Menu                 - fireNewGame()
14:27:59.846 [JavaFX Application Thread] DEBUG GameApplicationServi - Starting new game
14:27:59.847 [JavaFX Application Thread] DEBUG PrimaryStageWindow   - Pop state: RTAIpartyMainMenu
14:27:59.847 [JavaFX Application Thread] DEBUG Input                - Clearing active input actions
14:27:59.848 [JavaFX Application Thread] DEBUG GameApplicationServi - Removing overlay from RTAIpartyMainMenu and adding to FXGLMainMenuDummyScene
14:27:59.849 [JavaFX Application Thread] DEBUG PrimaryStageWindow   - FXGLMainMenuDummyScene <- RTAIpartyMainMenu
14:27:59.849 [JavaFX Application Thread] DEBUG Input                - Clearing active input actions
14:27:59.873 [JavaFX Application Thread] DEBUG GameApplicationServi - Removing overlay from FXGLMainMenuDummyScene and adding to FXGLLoadingScene
14:27:59.875 [JavaFX Application Thread] DEBUG PrimaryStageWindow   - FXGLMainMenuDummyScene -> FXGLLoadingScene
14:27:59.875 [JavaFX Application Thread] DEBUG GameApplicationServi - Clearing previous game
14:27:59.875 [JavaFX Application Thread] DEBUG GameScene            - Clearing game scene
14:27:59.876 [JavaFX Application Thread] DEBUG GameWorld            - Clearing game world
14:27:59.876 [JavaFX Application Thread] DEBUG PhysicsWorld         - Clearing physics world
14:27:59.879 [FXGL Background Thread 2 ] DEBUG FXGLApplication      - Initializing game
14:27:59.882 [FXGL Background Thread 2 ] INFO  FXGLApplication      - Game initialization took: 0,003 sec
14:27:59.894 [JavaFX Application Thread] DEBUG Input                - Registered new binding: fin - E
14:27:59.898 [JavaFX Application Thread] DEBUG FXGLAssetLoaderServi - Loading from file system: file:/C:/Users/zorm1/eclipse-workspace/RTAIparty/target/classes/assets/textures/block-bleu.png
14:27:59.942 [JavaFX Application Thread] DEBUG GameWorld            - Clearing removable entities
14:27:59.943 [JavaFX Application Thread] DEBUG GameWorld            - Setting level: com.almasb.fxgl.entity.level.Level@83a5236
14:27:59.979 [JavaFX Application Thread] DEBUG Input                - Clearing active input actions
14:27:59.998 [JavaFX Application Thread] DEBUG GameApplicationServi - Removing overlay from FXGLLoadingScene and adding to GameScene
14:27:59.998 [JavaFX Application Thread] DEBUG PrimaryStageWindow   - FXGLLoadingScene -> GameScene
14:28:00.001 [JavaFX Application Thread] DEBUG PrimaryStageWindow   - Push state: DodgeSubScene
14:28:00.001 [JavaFX Application Thread] DEBUG Input                - Clearing active input actions
14:28:00.003 [JavaFX Application Thread] DEBUG GameApplicationServi - Removing overlay from GameScene and adding to DodgeSubScene
14:28:00.004 [JavaFX Application Thread] DEBUG PrimaryStageWindow   - GameScene -> DodgeSubScene
14:28:01.893 [JavaFX Application Thread] DEBUG FXGLApplication      - Exiting FXGL
14:28:01.893 [JavaFX Application Thread] DEBUG LoopRunner           - Stopping loop
14:28:01.893 [JavaFX Application Thread] DEBUG SystemBundleService  - Saving FXGL system data
14:28:01.895 [JavaFX Application Thread] DEBUG FileSystemAccess     - Writing to: C:\Users\zorm1\eclipse-workspace\RTAIparty\system\fxgl.bundle
14:28:01.897 [JavaFX Application Thread] DEBUG Async                - Shutting down background threads
14:28:01.898 [JavaFX Application Thread] DEBUG PrimaryStageWindow   - Closing main window
14:28:01.911 [JavaFX Application Thread] DEBUG Logger               - Closing Logger
