01:27:54.430 [main                     ] DEBUG Logger               - Configured Logger
01:27:54.454 [main                     ] DEBUG GameApplication      - Logging settings
Title: RTAIparty
Version: 1.0
Width: 1280
Height: 720
Fullscreen: false
Intro: false
Profiling: false
Single step:false
App Mode: DEVELOPER
Menu Key: ESCAPE
Stage Style: DECORATED
Scene Factory: class ui.RTAISceneFactory

01:27:54.663 [JavaFX Application Thread] DEBUG FXGLApplication      - Initializing FXGL
01:27:54.664 [JavaFX Application Thread] INFO  Engine               - FXGL-11+dev-SNAPSHOT (28.11.2021 18.20) on WINDOWS (J:16.0.2 FX:17.0.0.1)
01:27:54.665 [JavaFX Application Thread] DEBUG Engine               - JRE Vendor Name: Oracle Corporation
01:27:54.665 [JavaFX Application Thread] DEBUG Engine               - Running on OS: Windows 10 version 10.0
01:27:54.665 [JavaFX Application Thread] DEBUG Engine               - Architecture: amd64
01:27:54.665 [JavaFX Application Thread] INFO  Engine               - Source code and latest versions at: https://github.com/AlmasB/FXGL
01:27:54.665 [JavaFX Application Thread] INFO  Engine               -       Ask questions and discuss at: https://github.com/AlmasB/FXGL/discussions
01:27:54.666 [JavaFX Application Thread] INFO  Engine               -              Join the FXGL chat at: https://gitter.im/AlmasB/FXGL
01:27:54.737 [JavaFX Application Thread] DEBUG PrimaryStageWindow   - Creating a JavaFX scene
01:27:54.771 [JavaFX Application Thread] DEBUG PrimaryStageWindow   - Target settings size: 1280.0 x 720.0
01:27:54.771 [JavaFX Application Thread] DEBUG PrimaryStageWindow   - Scaled scene size:    1280.0 x 720.0
01:27:54.771 [JavaFX Application Thread] DEBUG PrimaryStageWindow   - Scaled ratio: (1.0, 1.0)
01:27:54.772 [JavaFX Application Thread] DEBUG PrimaryStageWindow   - Set initial scene to FXGLStartupScene
01:27:54.776 [JavaFX Application Thread] DEBUG PrimaryStageWindow   - Opening main window
01:27:54.834 [JavaFX Application Thread] DEBUG PrimaryStageWindow   - Window border size: (16.0, 39.0)
01:27:54.834 [JavaFX Application Thread] DEBUG PrimaryStageWindow   - Scaled size: 1280.0 x 720.0
01:27:54.834 [JavaFX Application Thread] DEBUG PrimaryStageWindow   - Scaled ratio: (1.0, 1.0)
01:27:54.834 [JavaFX Application Thread] DEBUG PrimaryStageWindow   - Scene size: 1280.0 x 720.0
01:27:54.835 [JavaFX Application Thread] DEBUG PrimaryStageWindow   - Stage size: 1296.0 x 759.0
01:27:54.842 [FXGL Background Thread 1 ] DEBUG Engine               - Initializing environment variables
01:27:54.911 [FXGL Background Thread 1 ] DEBUG FXGLAssetLoaderServi - User app class for loading assets: class com.almasb.fxglgames.RTAIparty.RTAIpartyApp
01:27:54.911 [FXGL Background Thread 1 ] DEBUG GameApplicationServi - Applying CSS: fxgl_dark.css
01:27:54.912 [FXGL Background Thread 1 ] DEBUG FXGLAssetLoaderServi - Loading from file system: jar:file:///C:/Users/zorm1/.m2/repository/com/github/almasb/fxgl/11+dev-SNAPSHOT/fxgl-11+dev-SNAPSHOT.jar!/fxglassets/ui/css/fxgl_dark.css
01:27:55.002 [FXGL Background Thread 1 ] DEBUG GameApplicationServi - Initializing application scenes
01:27:55.066 [FXGL Background Thread 1 ] DEBUG GameWorld            - Game world initialized
01:27:55.122 [FXGL Background Thread 1 ] DEBUG PhysicsWorld         - Physics world initialized: appHeight=720, physics.ppm=50,0
01:27:55.122 [FXGL Background Thread 1 ] DEBUG PhysicsWorld         - Using strategy: BRUTE_FORCE
01:27:55.124 [FXGL Background Thread 1 ] DEBUG GameScene            - Game scene initialized: 1280x720
01:27:55.131 [FXGL Background Thread 1 ] DEBUG FXGLAssetLoaderServi - Loading from file system: file:/C:/Users/zorm1/eclipse-workspace/RTAIparty/target/classes/assets/textures/garcon_blond.png
01:27:55.144 [FXGL Background Thread 1 ] DEBUG FXGLAssetLoaderServi - Loading from file system: file:/C:/Users/zorm1/eclipse-workspace/RTAIparty/target/classes/assets/textures/garcon_brun.png
01:27:55.145 [FXGL Background Thread 1 ] DEBUG FXGLAssetLoaderServi - Loading from file system: file:/C:/Users/zorm1/eclipse-workspace/RTAIparty/target/classes/assets/textures/fille_blonde.png
01:27:55.147 [FXGL Background Thread 1 ] DEBUG FXGLAssetLoaderServi - Loading from file system: file:/C:/Users/zorm1/eclipse-workspace/RTAIparty/target/classes/assets/textures/fille_brune.png
01:27:55.149 [FXGL Background Thread 1 ] DEBUG FXGLAssetLoaderServi - Loading from file system: file:/C:/Users/zorm1/eclipse-workspace/RTAIparty/target/classes/assets/textures/background/classe.png
01:27:55.208 [FXGL Background Thread 1 ] DEBUG FXGLAssetLoaderServi - Loading from file system: file:/C:/Users/zorm1/eclipse-workspace/RTAIparty/target/classes/assets/textures/tableau.png
01:27:55.214 [FXGL Background Thread 1 ] DEBUG FXGLAssetLoaderServi - Loading from file system: file:/C:/Users/zorm1/eclipse-workspace/RTAIparty/target/classes/assets/textures/table.png
01:27:55.233 [FXGL Background Thread 1 ] DEBUG FXGL.DefaultMenu     - createMenuBodyGameMenu()
01:27:55.246 [FXGL Background Thread 1 ] DEBUG FXGL.DefaultMenu     - createOptionsMenu()
01:27:55.258 [FXGL Background Thread 1 ] DEBUG FXGLAssetLoaderServi - Loading from file system: jar:file:///C:/Users/zorm1/.m2/repository/com/github/almasb/fxgl/11+dev-SNAPSHOT/fxgl-11+dev-SNAPSHOT.jar!/fxglassets/textures/particles/smoke.png
01:27:55.329 [FXGL Background Thread 1 ] DEBUG FXGLAssetLoaderServi - Loading from file system: jar:file:///C:/Users/zorm1/.m2/repository/com/github/almasb/fxgl/11+dev-SNAPSHOT/fxgl-11+dev-SNAPSHOT.jar!/fxglassets/textures/particles/trace_horizontal.png
01:27:55.354 [FXGL Background Thread 1 ] DEBUG GameApplicationServi - Application scenes initialized
01:27:55.363 [FXGL Background Thread 1 ] DEBUG SystemBundleService  - Loading FXGL system data
01:27:55.369 [FXGL Background Thread 1 ] DEBUG FileSystemAccess     - Reading from: C:\Users\zorm1\eclipse-workspace\RTAIparty\system\fxgl.bundle
01:27:55.375 [FXGL Background Thread 1 ] DEBUG SystemBundleService  - Bundle FXGL: {}
01:27:55.376 [FXGL Background Thread 1 ] DEBUG UpdaterService       - Checking for updates
01:27:55.381 [FXGL Background Thread 4 ] DEBUG FXGLApplication      - Loading fonts
01:27:55.381 [FXGL Background Thread 1 ] DEBUG FXGLApplication      - Loading default localization
01:27:55.381 [FXGL Background Thread 4 ] DEBUG FXGLAssetLoaderServi - Loading from file system: jar:file:///C:/Users/zorm1/.m2/repository/com/github/almasb/fxgl/11+dev-SNAPSHOT/fxgl-11+dev-SNAPSHOT.jar!/fxglassets/ui/fonts/VarelaRound-Regular.ttf
01:27:55.381 [FXGL Background Thread 1 ] DEBUG FXGLAssetLoaderServi - Loading from file system: jar:file:///C:/Users/zorm1/.m2/repository/com/github/almasb/fxgl/11+dev-SNAPSHOT/fxgl-11+dev-SNAPSHOT.jar!/fxglassets/languages/english.lang
01:27:55.394 [FXGL Background Thread 1 ] INFO  FXGLApplication      - FXGL initialization took: 0,552 sec
01:27:55.403 [JavaFX Application Thread] DEBUG Input                - Registered new binding: clic - LMB
01:27:55.414 [JavaFX Application Thread] DEBUG Input                - Registered new binding: test - E
01:27:55.415 [JavaFX Application Thread] DEBUG FXGLAssetLoaderServi - Loading from file system: jar:file:///C:/Users/zorm1/.m2/repository/com/github/almasb/fxgl/11+dev-SNAPSHOT/fxgl-11+dev-SNAPSHOT.jar!/fxglassets/textures/fxgl_icon.png
01:27:55.429 [JavaFX Application Thread] DEBUG FXGLAssetLoaderServi - Loading from file system: jar:file:///C:/Users/zorm1/.m2/repository/com/github/almasb/fxgl/11+dev-SNAPSHOT/fxgl-11+dev-SNAPSHOT.jar!/fxglassets/textures/fxgl_default_cursor.png
01:27:55.431 [JavaFX Application Thread] DEBUG Input                - Registered new binding: Screenshot - CTRL+8
01:27:55.431 [JavaFX Application Thread] DEBUG Input                - Registered new binding: System info dump - CTRL+9
01:27:55.431 [JavaFX Application Thread] DEBUG Input                - Registered new binding: Restart - CTRL+R
01:27:55.432 [JavaFX Application Thread] DEBUG Input                - Registered new binding: Toggle Debug Camera - CTRL+7
01:27:55.434 [JavaFX Application Thread] DEBUG LoopRunner           - Starting loop
01:27:55.434 [JavaFX Application Thread] DEBUG LoopRunner           - Initializing JavaFX AnimationTimerLoop
01:27:55.436 [JavaFX Application Thread] DEBUG Input                - Clearing active input actions
01:27:55.444 [JavaFX Application Thread] DEBUG GameApplicationServi - Removing overlay from FXGLStartupScene and adding to FXGLMainMenuDummyScene
01:27:55.444 [JavaFX Application Thread] DEBUG PrimaryStageWindow   - FXGLStartupScene -> FXGLMainMenuDummyScene
01:27:55.445 [JavaFX Application Thread] DEBUG PrimaryStageWindow   - Push state: RTAIpartyMainMenu
01:27:55.445 [JavaFX Application Thread] DEBUG Input                - Clearing active input actions
01:27:55.451 [JavaFX Application Thread] DEBUG GameApplicationServi - Removing overlay from FXGLMainMenuDummyScene and adding to RTAIpartyMainMenu
01:27:55.455 [JavaFX Application Thread] DEBUG PrimaryStageWindow   - FXGLMainMenuDummyScene -> RTAIpartyMainMenu
01:27:55.462 [FXGL Background Thread 4 ] DEBUG FXGLAssetLoaderServi - Loading from file system: jar:file:///C:/Users/zorm1/.m2/repository/com/github/almasb/fxgl/11+dev-SNAPSHOT/fxgl-11+dev-SNAPSHOT.jar!/fxglassets/ui/fonts/Abel-Regular.ttf
01:27:55.490 [FXGL Background Thread 4 ] DEBUG FXGLAssetLoaderServi - Loading from file system: jar:file:///C:/Users/zorm1/.m2/repository/com/github/almasb/fxgl/11+dev-SNAPSHOT/fxgl-11+dev-SNAPSHOT.jar!/fxglassets/ui/fonts/lucida_console.ttf
01:27:55.522 [FXGL Background Thread 4 ] DEBUG FXGLAssetLoaderServi - Loading from file system: jar:file:///C:/Users/zorm1/.m2/repository/com/github/almasb/fxgl/11+dev-SNAPSHOT/fxgl-11+dev-SNAPSHOT.jar!/fxglassets/ui/fonts/Courier-Prime.ttf
01:27:55.538 [JavaFX Application Thread] DEBUG FXGLApplication      - Registering font factories with UI factory
01:27:55.807 [FXGL Background Thread 2 ] INFO  UpdaterService       - Your current version:  11+dev-SNAPSHOT
01:27:55.807 [FXGL Background Thread 2 ] INFO  UpdaterService       - Latest stable version: 11.17
01:27:58.381 [FXGL Background Thread 3 ] DEBUG Engine               - Logging environment variables
01:27:58.381 [FXGL Background Thread 3 ] DEBUG Engine               - achievements: []
01:27:58.382 [FXGL Background Thread 3 ] DEBUG Engine               - actualHeight: 720.0
01:27:58.382 [FXGL Background Thread 3 ] DEBUG Engine               - actualHeightProperty: ReadOnlyDoubleProperty [value: 720.0]
01:27:58.382 [FXGL Background Thread 3 ] DEBUG Engine               - actualWidth: 1280.0
01:27:58.383 [FXGL Background Thread 3 ] DEBUG Engine               - actualWidthProperty: ReadOnlyDoubleProperty [value: 1280.0]
01:27:58.383 [FXGL Background Thread 3 ] DEBUG Engine               - appIcon: fxgl_icon.png
01:27:58.383 [FXGL Background Thread 3 ] DEBUG Engine               - applicationMode: DEVELOPER
01:27:58.383 [FXGL Background Thread 3 ] DEBUG Engine               - cSSList: [fxgl_dark.css]
01:27:58.383 [FXGL Background Thread 3 ] DEBUG Engine               - collisionDetectionStrategy: BRUTE_FORCE
01:27:58.383 [FXGL Background Thread 3 ] DEBUG Engine               - configClass: Optional.empty
01:27:58.384 [FXGL Background Thread 3 ] DEBUG Engine               - credits: []
01:27:58.384 [FXGL Background Thread 3 ] DEBUG Engine               - defaultCursor: CursorInfo(imageName=fxgl_default_cursor.png, hotspotX=7.0, hotspotY=6.0)
01:27:58.384 [FXGL Background Thread 3 ] DEBUG Engine               - devBBoxColorProperty: ObjectProperty [value: 0xff0000ff]
01:27:58.384 [FXGL Background Thread 3 ] DEBUG Engine               - devEnableDebugCameraProperty: BooleanProperty [value: false]
01:27:58.385 [FXGL Background Thread 3 ] DEBUG Engine               - devSensorColorProperty: ObjectProperty [value: 0xffff00ff]
01:27:58.385 [FXGL Background Thread 3 ] DEBUG Engine               - devShowBBoxProperty: BooleanProperty [value: false]
01:27:58.385 [FXGL Background Thread 3 ] DEBUG Engine               - devShowPositionProperty: BooleanProperty [value: false]
01:27:58.385 [FXGL Background Thread 3 ] DEBUG Engine               - enabledMenuItems: []
01:27:58.385 [FXGL Background Thread 3 ] DEBUG Engine               - engineServices: [class com.almasb.fxgl.app.services.FXGLAssetLoaderService, class com.almasb.fxgl.app.FXGLApplication$GameApplicationService, class com.almasb.fxgl.app.services.FXGLDialogService, class com.almasb.fxgl.app.services.IOTaskExecutorService, class com.almasb.fxgl.io.FileSystemService, class com.almasb.fxgl.localization.LocalizationService, class com.almasb.fxgl.app.services.SystemBundleService, class com.almasb.fxgl.profile.SaveLoadService, class com.almasb.fxgl.ui.FXGLUIFactoryServiceProvider, class com.almasb.fxgl.ui.FXGLDialogFactoryServiceProvider, class com.almasb.fxgl.audio.AudioPlayer, class com.almasb.fxgl.notification.impl.NotificationServiceProvider, class com.almasb.fxgl.achievement.AchievementService, class com.almasb.fxgl.cutscene.CutsceneService, class com.almasb.fxgl.minigames.MiniGameService, class com.almasb.fxgl.net.NetService, class com.almasb.fxgl.app.services.UpdaterService, class com.almasb.fxgl.dev.DevService]
01:27:58.385 [FXGL Background Thread 3 ] DEBUG Engine               - fontGame: Abel-Regular.ttf
01:27:58.385 [FXGL Background Thread 3 ] DEBUG Engine               - fontMono: lucida_console.ttf
01:27:58.385 [FXGL Background Thread 3 ] DEBUG Engine               - fontText: Courier-Prime.ttf
01:27:58.386 [FXGL Background Thread 3 ] DEBUG Engine               - fontUI: VarelaRound-Regular.ttf
01:27:58.386 [FXGL Background Thread 3 ] DEBUG Engine               - fullScreen: BooleanProperty [value: false]
01:27:58.386 [FXGL Background Thread 3 ] DEBUG Engine               - gameDifficulty: MEDIUM
01:27:58.386 [FXGL Background Thread 3 ] DEBUG Engine               - gameDifficultyProperty: ObjectProperty [value: MEDIUM]
01:27:58.386 [FXGL Background Thread 3 ] DEBUG Engine               - globalMusicVolume: 0.5
01:27:58.386 [FXGL Background Thread 3 ] DEBUG Engine               - globalMusicVolumeProperty: DoubleProperty [value: 0.5]
01:27:58.386 [FXGL Background Thread 3 ] DEBUG Engine               - globalSoundVolume: 0.5
01:27:58.387 [FXGL Background Thread 3 ] DEBUG Engine               - globalSoundVolumeProperty: DoubleProperty [value: 0.5]
01:27:58.387 [FXGL Background Thread 3 ] DEBUG Engine               - height: 720
01:27:58.387 [FXGL Background Thread 3 ] DEBUG Engine               - is3D: false
01:27:58.387 [FXGL Background Thread 3 ] DEBUG Engine               - isAndroid: false
01:27:58.387 [FXGL Background Thread 3 ] DEBUG Engine               - isBrowser: false
01:27:58.387 [FXGL Background Thread 3 ] DEBUG Engine               - isClickFeedbackEnabled: false
01:27:58.387 [FXGL Background Thread 3 ] DEBUG Engine               - isCloseConfirmation: false
01:27:58.388 [FXGL Background Thread 3 ] DEBUG Engine               - isDesktop: true
01:27:58.388 [FXGL Background Thread 3 ] DEBUG Engine               - isDeveloperMenuEnabled: false
01:27:58.388 [FXGL Background Thread 3 ] DEBUG Engine               - isEmbedded: false
01:27:58.388 [FXGL Background Thread 3 ] DEBUG Engine               - isEntityPreloadEnabled: true
01:27:58.388 [FXGL Background Thread 3 ] DEBUG Engine               - isExperimentalTiledLargeMap: false
01:27:58.388 [FXGL Background Thread 3 ] DEBUG Engine               - isFileSystemWriteAllowed: true
01:27:58.388 [FXGL Background Thread 3 ] DEBUG Engine               - isFullScreenAllowed: false
01:27:58.388 [FXGL Background Thread 3 ] DEBUG Engine               - isFullScreenFromStart: false
01:27:58.388 [FXGL Background Thread 3 ] DEBUG Engine               - isGameMenuEnabled: true
01:27:58.388 [FXGL Background Thread 3 ] DEBUG Engine               - isIOS: false
01:27:58.389 [FXGL Background Thread 3 ] DEBUG Engine               - isIntroEnabled: false
01:27:58.389 [FXGL Background Thread 3 ] DEBUG Engine               - isLinux: false
01:27:58.389 [FXGL Background Thread 3 ] DEBUG Engine               - isMac: false
01:27:58.389 [FXGL Background Thread 3 ] DEBUG Engine               - isMainMenuEnabled: true
01:27:58.389 [FXGL Background Thread 3 ] DEBUG Engine               - isManualResizeEnabled: true
01:27:58.389 [FXGL Background Thread 3 ] DEBUG Engine               - isMobile: false
01:27:58.389 [FXGL Background Thread 3 ] DEBUG Engine               - isNative: false
01:27:58.389 [FXGL Background Thread 3 ] DEBUG Engine               - isPauseMusicWhenMinimized: true
01:27:58.389 [FXGL Background Thread 3 ] DEBUG Engine               - isPreserveResizeRatio: true
01:27:58.390 [FXGL Background Thread 3 ] DEBUG Engine               - isProfilingEnabled: false
01:27:58.390 [FXGL Background Thread 3 ] DEBUG Engine               - isScaleAffectedOnResize: true
01:27:58.390 [FXGL Background Thread 3 ] DEBUG Engine               - isSingleStep: false
01:27:58.390 [FXGL Background Thread 3 ] DEBUG Engine               - isUserProfileEnabled: false
01:27:58.390 [FXGL Background Thread 3 ] DEBUG Engine               - isWindows: true
01:27:58.390 [FXGL Background Thread 3 ] DEBUG Engine               - language: ObjectProperty [value: ENGLISH]
01:27:58.390 [FXGL Background Thread 3 ] DEBUG Engine               - menuKey: ESCAPE
01:27:58.391 [FXGL Background Thread 3 ] DEBUG Engine               - mouseSensitivity: 0.2
01:27:58.391 [FXGL Background Thread 3 ] DEBUG Engine               - notificationViewClass: class com.almasb.fxgl.notification.view.XboxNotificationView
01:27:58.391 [FXGL Background Thread 3 ] DEBUG Engine               - pixelsPerMeter: 50.0
01:27:58.391 [FXGL Background Thread 3 ] DEBUG Engine               - platform: WINDOWS
01:27:58.391 [FXGL Background Thread 3 ] DEBUG Engine               - prefHeightProperty: ReadOnlyDoubleProperty [value: 720.0]
01:27:58.391 [FXGL Background Thread 3 ] DEBUG Engine               - prefWidthProperty: ReadOnlyDoubleProperty [value: 1280.0]
01:27:58.391 [FXGL Background Thread 3 ] DEBUG Engine               - profileDir: profiles/
01:27:58.391 [FXGL Background Thread 3 ] DEBUG Engine               - profileName: StringProperty [value: DEFAULT]
01:27:58.391 [FXGL Background Thread 3 ] DEBUG Engine               - randomSeed: -1
01:27:58.392 [FXGL Background Thread 3 ] DEBUG Engine               - runtimeInfo: RuntimeInfo(platform=WINDOWS, version=11+dev-SNAPSHOT, build=28.11.2021 18.20)
01:27:58.392 [FXGL Background Thread 3 ] DEBUG Engine               - saveFileExt: sav
01:27:58.392 [FXGL Background Thread 3 ] DEBUG Engine               - scaledHeightProp$fxgl: DoubleProperty [bound, value: 720.0]
01:27:58.392 [FXGL Background Thread 3 ] DEBUG Engine               - scaledWidthProp$fxgl: DoubleProperty [bound, value: 1280.0]
01:27:58.392 [FXGL Background Thread 3 ] DEBUG Engine               - sceneFactory: ui.RTAISceneFactory@58e0d352
01:27:58.392 [FXGL Background Thread 3 ] DEBUG Engine               - secondsIn24h: 60
01:27:58.392 [FXGL Background Thread 3 ] DEBUG Engine               - soundMenuBack: menu/back.wav
01:27:58.392 [FXGL Background Thread 3 ] DEBUG Engine               - soundMenuPress: menu/press.wav
01:27:58.393 [FXGL Background Thread 3 ] DEBUG Engine               - soundMenuSelect: menu/select.wav
01:27:58.393 [FXGL Background Thread 3 ] DEBUG Engine               - soundNotification: core/notification.wav
01:27:58.393 [FXGL Background Thread 3 ] DEBUG Engine               - stageStyle: DECORATED
01:27:58.393 [FXGL Background Thread 3 ] DEBUG Engine               - supportedLanguages: [ENGLISH, FRENCH, GERMAN, HUNGARIAN, RUSSIAN]
01:27:58.393 [FXGL Background Thread 3 ] DEBUG Engine               - ticksPerSecond: -1
01:27:58.393 [FXGL Background Thread 3 ] DEBUG Engine               - title: RTAIparty
01:27:58.393 [FXGL Background Thread 3 ] DEBUG Engine               - urlGithub: https://github.com/AlmasB/FXGL
01:27:58.393 [FXGL Background Thread 3 ] DEBUG Engine               - urlLeaderboard: http://fxgl-top.herokuapp.com/
01:27:58.393 [FXGL Background Thread 3 ] DEBUG Engine               - urlPOM: https://raw.githubusercontent.com/AlmasB/FXGL/release/README.md
01:27:58.393 [FXGL Background Thread 3 ] DEBUG Engine               - userAppClass: class com.almasb.fxglgames.RTAIparty.RTAIpartyApp
01:27:58.393 [FXGL Background Thread 3 ] DEBUG Engine               - version: 1.0
01:27:58.394 [FXGL Background Thread 3 ] DEBUG Engine               - versionCheckDays: 7
01:27:58.394 [FXGL Background Thread 3 ] DEBUG Engine               - width: 1280
01:27:58.394 [FXGL Background Thread 3 ] DEBUG Engine               - Logging services
01:27:58.394 [FXGL Background Thread 3 ] DEBUG Engine               - class com.almasb.fxgl.app.services.FXGLAssetLoaderService
01:27:58.394 [FXGL Background Thread 3 ] DEBUG Engine               - class com.almasb.fxgl.app.FXGLApplication$GameApplicationService
01:27:58.394 [FXGL Background Thread 3 ] DEBUG Engine               - class com.almasb.fxgl.app.services.FXGLDialogService
01:27:58.394 [FXGL Background Thread 3 ] DEBUG Engine               - class com.almasb.fxgl.app.services.IOTaskExecutorService
01:27:58.394 [FXGL Background Thread 3 ] DEBUG Engine               - class com.almasb.fxgl.io.FileSystemService
01:27:58.394 [FXGL Background Thread 3 ] DEBUG Engine               - class com.almasb.fxgl.localization.LocalizationService
01:27:58.394 [FXGL Background Thread 3 ] DEBUG Engine               - class com.almasb.fxgl.app.services.SystemBundleService
01:27:58.395 [FXGL Background Thread 3 ] DEBUG Engine               - class com.almasb.fxgl.profile.SaveLoadService
01:27:58.395 [FXGL Background Thread 3 ] DEBUG Engine               - class com.almasb.fxgl.ui.FXGLUIFactoryServiceProvider
01:27:58.395 [FXGL Background Thread 3 ] DEBUG Engine               - class com.almasb.fxgl.ui.FXGLDialogFactoryServiceProvider
01:27:58.395 [FXGL Background Thread 3 ] DEBUG Engine               - class com.almasb.fxgl.audio.AudioPlayer
01:27:58.395 [FXGL Background Thread 3 ] DEBUG Engine               - class com.almasb.fxgl.notification.impl.NotificationServiceProvider
01:27:58.395 [FXGL Background Thread 3 ] DEBUG Engine               - class com.almasb.fxgl.achievement.AchievementService
01:27:58.395 [FXGL Background Thread 3 ] DEBUG Engine               - class com.almasb.fxgl.cutscene.CutsceneService
01:27:58.395 [FXGL Background Thread 3 ] DEBUG Engine               - class com.almasb.fxgl.minigames.MiniGameService
01:27:58.396 [FXGL Background Thread 3 ] DEBUG Engine               - class com.almasb.fxgl.net.NetService
01:27:58.396 [FXGL Background Thread 3 ] DEBUG Engine               - class com.almasb.fxgl.app.services.UpdaterService
01:27:58.396 [FXGL Background Thread 3 ] DEBUG Engine               - class com.almasb.fxgl.dev.DevService
01:27:59.389 [JavaFX Application Thread] DEBUG Menu                 - fireNewGame()
01:27:59.390 [JavaFX Application Thread] DEBUG GameApplicationServi - Starting new game
01:27:59.390 [JavaFX Application Thread] DEBUG PrimaryStageWindow   - Pop state: RTAIpartyMainMenu
01:27:59.390 [JavaFX Application Thread] DEBUG Input                - Clearing active input actions
01:27:59.390 [JavaFX Application Thread] DEBUG GameApplicationServi - Removing overlay from RTAIpartyMainMenu and adding to FXGLMainMenuDummyScene
01:27:59.390 [JavaFX Application Thread] DEBUG PrimaryStageWindow   - FXGLMainMenuDummyScene <- RTAIpartyMainMenu
01:27:59.391 [JavaFX Application Thread] DEBUG Input                - Clearing active input actions
01:27:59.396 [JavaFX Application Thread] DEBUG GameApplicationServi - Removing overlay from FXGLMainMenuDummyScene and adding to FXGLLoadingScene
01:27:59.396 [JavaFX Application Thread] DEBUG PrimaryStageWindow   - FXGLMainMenuDummyScene -> FXGLLoadingScene
01:27:59.396 [JavaFX Application Thread] DEBUG GameApplicationServi - Clearing previous game
01:27:59.396 [JavaFX Application Thread] DEBUG GameScene            - Clearing game scene
01:27:59.396 [JavaFX Application Thread] DEBUG GameWorld            - Clearing game world
01:27:59.397 [JavaFX Application Thread] DEBUG PhysicsWorld         - Clearing physics world
01:27:59.398 [FXGL Background Thread 2 ] DEBUG FXGLApplication      - Initializing game
01:27:59.399 [FXGL Background Thread 2 ] INFO  FXGLApplication      - Game initialization took: 0,001 sec
01:27:59.403 [JavaFX Application Thread] DEBUG GameWorld            - Game world initialized
01:27:59.404 [JavaFX Application Thread] DEBUG PhysicsWorld         - Physics world initialized: appHeight=720, physics.ppm=50,0
01:27:59.404 [JavaFX Application Thread] DEBUG PhysicsWorld         - Using strategy: BRUTE_FORCE
01:27:59.404 [JavaFX Application Thread] DEBUG GameScene            - Game scene initialized: 1280x720
01:27:59.405 [JavaFX Application Thread] DEBUG Input                - Registered new binding: Fin - E
01:27:59.405 [JavaFX Application Thread] DEBUG Input                - Registered new binding: Up - Up
01:27:59.405 [JavaFX Application Thread] DEBUG Input                - Registered new binding: Down - Down
01:27:59.405 [JavaFX Application Thread] DEBUG Input                - Registered new binding: Left - Left
01:27:59.405 [JavaFX Application Thread] DEBUG Input                - Registered new binding: Right - Right
01:27:59.405 [JavaFX Application Thread] DEBUG Input                - Registered new binding: Start - Enter
01:27:59.415 [JavaFX Application Thread] DEBUG FXGLAssetLoaderServi - Loading from file system: file:/C:/Users/zorm1/eclipse-workspace/RTAIparty/target/classes/assets/textures/background/decordodge.png
01:27:59.432 [JavaFX Application Thread] DEBUG FXGLAssetLoaderServi - Loading from file system: file:/C:/Users/zorm1/eclipse-workspace/RTAIparty/target/classes/assets/textures/garcon_blond_dodge.png
01:27:59.459 [JavaFX Application Thread] DEBUG Input                - Clearing active input actions
01:27:59.465 [JavaFX Application Thread] DEBUG GameApplicationServi - Removing overlay from FXGLLoadingScene and adding to GameScene
01:27:59.466 [JavaFX Application Thread] DEBUG PrimaryStageWindow   - FXGLLoadingScene -> GameScene
01:27:59.473 [JavaFX Application Thread] DEBUG PrimaryStageWindow   - Push state: DodgeSubScene
01:27:59.474 [JavaFX Application Thread] DEBUG Input                - Clearing active input actions
01:27:59.474 [JavaFX Application Thread] DEBUG GameApplicationServi - Removing overlay from GameScene and adding to DodgeSubScene
01:27:59.475 [JavaFX Application Thread] DEBUG PrimaryStageWindow   - GameScene -> DodgeSubScene
01:28:00.785 [JavaFX Application Thread] DEBUG PrimaryStageWindow   - Pop state: DodgeSubScene
01:28:00.785 [JavaFX Application Thread] DEBUG Input                - Clearing active input actions
01:28:00.785 [JavaFX Application Thread] DEBUG GameApplicationServi - Removing overlay from DodgeSubScene and adding to GameScene
01:28:00.786 [JavaFX Application Thread] DEBUG PrimaryStageWindow   - GameScene <- DodgeSubScene
01:28:00.787 [JavaFX Application Thread] DEBUG GameWorld            - Game world initialized
01:28:00.787 [JavaFX Application Thread] DEBUG PhysicsWorld         - Physics world initialized: appHeight=720, physics.ppm=50,0
01:28:00.787 [JavaFX Application Thread] DEBUG PhysicsWorld         - Using strategy: BRUTE_FORCE
01:28:00.788 [JavaFX Application Thread] DEBUG GameScene            - Game scene initialized: 1280x720
01:28:00.788 [JavaFX Application Thread] DEBUG Input                - Registered new binding: Fin - E
01:28:00.788 [JavaFX Application Thread] DEBUG Input                - Registered new binding: Up - Up
01:28:00.788 [JavaFX Application Thread] DEBUG Input                - Registered new binding: Down - Down
01:28:00.788 [JavaFX Application Thread] DEBUG Input                - Registered new binding: Left - Left
01:28:00.788 [JavaFX Application Thread] DEBUG Input                - Registered new binding: Right - Right
01:28:00.788 [JavaFX Application Thread] DEBUG Input                - Registered new binding: Start - Enter
01:28:00.791 [JavaFX Application Thread] DEBUG FXGLAssetLoaderServi - Loading from file system: file:/C:/Users/zorm1/eclipse-workspace/RTAIparty/target/classes/assets/textures/garcon_brun_dodge.png
01:28:00.793 [JavaFX Application Thread] DEBUG PrimaryStageWindow   - Push state: DodgeSubScene
01:28:00.794 [JavaFX Application Thread] DEBUG Input                - Clearing active input actions
01:28:00.795 [JavaFX Application Thread] DEBUG GameApplicationServi - Removing overlay from GameScene and adding to DodgeSubScene
01:28:00.796 [JavaFX Application Thread] DEBUG PrimaryStageWindow   - GameScene -> DodgeSubScene
01:28:00.992 [JavaFX Application Thread] DEBUG PrimaryStageWindow   - Pop state: DodgeSubScene
01:28:00.992 [JavaFX Application Thread] DEBUG Input                - Clearing active input actions
01:28:00.993 [JavaFX Application Thread] DEBUG GameApplicationServi - Removing overlay from DodgeSubScene and adding to GameScene
01:28:00.993 [JavaFX Application Thread] DEBUG PrimaryStageWindow   - GameScene <- DodgeSubScene
01:28:00.998 [JavaFX Application Thread] DEBUG GameWorld            - Game world initialized
01:28:00.999 [JavaFX Application Thread] DEBUG PhysicsWorld         - Physics world initialized: appHeight=720, physics.ppm=50,0
01:28:01.000 [JavaFX Application Thread] DEBUG PhysicsWorld         - Using strategy: BRUTE_FORCE
01:28:01.001 [JavaFX Application Thread] DEBUG GameScene            - Game scene initialized: 1280x720
01:28:01.003 [JavaFX Application Thread] DEBUG PrimaryStageWindow   - Push state: EndgameSubScene
01:28:01.004 [JavaFX Application Thread] DEBUG Input                - Clearing active input actions
01:28:01.006 [JavaFX Application Thread] DEBUG GameApplicationServi - Removing overlay from GameScene and adding to EndgameSubScene
01:28:01.006 [JavaFX Application Thread] DEBUG PrimaryStageWindow   - GameScene -> EndgameSubScene
01:28:05.186 [JavaFX Application Thread] DEBUG FXGLApplication      - Exiting FXGL
01:28:05.186 [JavaFX Application Thread] DEBUG LoopRunner           - Stopping loop
01:28:05.186 [JavaFX Application Thread] DEBUG SystemBundleService  - Saving FXGL system data
01:28:05.188 [JavaFX Application Thread] DEBUG FileSystemAccess     - Writing to: C:\Users\zorm1\eclipse-workspace\RTAIparty\system\fxgl.bundle
01:28:05.189 [JavaFX Application Thread] DEBUG Async                - Shutting down background threads
01:28:05.189 [JavaFX Application Thread] DEBUG PrimaryStageWindow   - Closing main window
01:28:05.203 [JavaFX Application Thread] DEBUG Logger               - Closing Logger
