02:02:03.234 [main                     ] DEBUG Logger               - Configured Logger
02:02:03.260 [main                     ] DEBUG GameApplication      - Logging settings
Title: RTAIparty
Version: 1.0
Width: 1280
Height: 720
Fullscreen: false
Intro: false
Profiling: false
Single step:false
App Mode: DEVELOPER
Menu Key: ESCAPE
Stage Style: DECORATED
Scene Factory: class ui.RTAISceneFactory

02:02:03.469 [JavaFX Application Thread] DEBUG FXGLApplication      - Initializing FXGL
02:02:03.470 [JavaFX Application Thread] INFO  Engine               - FXGL-11+dev-SNAPSHOT (28.11.2021 18.20) on WINDOWS (J:16.0.2 FX:17.0.0.1)
02:02:03.471 [JavaFX Application Thread] DEBUG Engine               - JRE Vendor Name: Oracle Corporation
02:02:03.471 [JavaFX Application Thread] DEBUG Engine               - Running on OS: Windows 10 version 10.0
02:02:03.471 [JavaFX Application Thread] DEBUG Engine               - Architecture: amd64
02:02:03.472 [JavaFX Application Thread] INFO  Engine               - Source code and latest versions at: https://github.com/AlmasB/FXGL
02:02:03.472 [JavaFX Application Thread] INFO  Engine               -       Ask questions and discuss at: https://github.com/AlmasB/FXGL/discussions
02:02:03.472 [JavaFX Application Thread] INFO  Engine               -              Join the FXGL chat at: https://gitter.im/AlmasB/FXGL
02:02:03.533 [JavaFX Application Thread] DEBUG PrimaryStageWindow   - Creating a JavaFX scene
02:02:03.566 [JavaFX Application Thread] DEBUG PrimaryStageWindow   - Target settings size: 1280.0 x 720.0
02:02:03.566 [JavaFX Application Thread] DEBUG PrimaryStageWindow   - Scaled scene size:    1280.0 x 720.0
02:02:03.567 [JavaFX Application Thread] DEBUG PrimaryStageWindow   - Scaled ratio: (1.0, 1.0)
02:02:03.567 [JavaFX Application Thread] DEBUG PrimaryStageWindow   - Set initial scene to FXGLStartupScene
02:02:03.571 [JavaFX Application Thread] DEBUG PrimaryStageWindow   - Opening main window
02:02:03.640 [JavaFX Application Thread] DEBUG PrimaryStageWindow   - Window border size: (16.0, 39.0)
02:02:03.640 [JavaFX Application Thread] DEBUG PrimaryStageWindow   - Scaled size: 1280.0 x 720.0
02:02:03.640 [JavaFX Application Thread] DEBUG PrimaryStageWindow   - Scaled ratio: (1.0, 1.0)
02:02:03.640 [JavaFX Application Thread] DEBUG PrimaryStageWindow   - Scene size: 1280.0 x 720.0
02:02:03.640 [JavaFX Application Thread] DEBUG PrimaryStageWindow   - Stage size: 1296.0 x 759.0
02:02:03.647 [FXGL Background Thread 1 ] DEBUG Engine               - Initializing environment variables
02:02:03.780 [FXGL Background Thread 1 ] DEBUG FXGLAssetLoaderServi - User app class for loading assets: class com.almasb.fxglgames.RTAIparty.RTAIpartyApp
02:02:03.781 [FXGL Background Thread 1 ] DEBUG GameApplicationServi - Applying CSS: fxgl_dark.css
02:02:03.784 [FXGL Background Thread 1 ] DEBUG FXGLAssetLoaderServi - Loading from file system: jar:file:///C:/Users/zorm1/.m2/repository/com/github/almasb/fxgl/11+dev-SNAPSHOT/fxgl-11+dev-SNAPSHOT.jar!/fxglassets/ui/css/fxgl_dark.css
02:02:03.921 [FXGL Background Thread 1 ] DEBUG GameApplicationServi - Initializing application scenes
02:02:03.950 [FXGL Background Thread 1 ] DEBUG GameWorld            - Game world initialized
02:02:03.991 [FXGL Background Thread 1 ] DEBUG PhysicsWorld         - Physics world initialized: appHeight=720, physics.ppm=50,0
02:02:03.992 [FXGL Background Thread 1 ] DEBUG PhysicsWorld         - Using strategy: BRUTE_FORCE
02:02:03.994 [FXGL Background Thread 1 ] DEBUG GameScene            - Game scene initialized: 1280x720
02:02:04.001 [FXGL Background Thread 1 ] DEBUG FXGLAssetLoaderServi - Loading from file system: file:/C:/Users/zorm1/eclipse-workspace/RTAIparty/target/classes/assets/textures/garcon_blond.png
02:02:04.014 [FXGL Background Thread 1 ] DEBUG FXGLAssetLoaderServi - Loading from file system: file:/C:/Users/zorm1/eclipse-workspace/RTAIparty/target/classes/assets/textures/garcon_brun.png
02:02:04.016 [FXGL Background Thread 1 ] DEBUG FXGLAssetLoaderServi - Loading from file system: file:/C:/Users/zorm1/eclipse-workspace/RTAIparty/target/classes/assets/textures/fille_blonde.png
02:02:04.017 [FXGL Background Thread 1 ] DEBUG FXGLAssetLoaderServi - Loading from file system: file:/C:/Users/zorm1/eclipse-workspace/RTAIparty/target/classes/assets/textures/fille_brune.png
02:02:04.018 [FXGL Background Thread 1 ] DEBUG FXGLAssetLoaderServi - Loading from file system: file:/C:/Users/zorm1/eclipse-workspace/RTAIparty/target/classes/assets/textures/background/classe.png
02:02:04.064 [FXGL Background Thread 1 ] DEBUG FXGLAssetLoaderServi - Loading from file system: file:/C:/Users/zorm1/eclipse-workspace/RTAIparty/target/classes/assets/textures/tableau.png
02:02:04.070 [FXGL Background Thread 1 ] DEBUG FXGLAssetLoaderServi - Loading from file system: file:/C:/Users/zorm1/eclipse-workspace/RTAIparty/target/classes/assets/textures/table.png
02:02:04.085 [FXGL Background Thread 1 ] DEBUG FXGL.DefaultMenu     - createMenuBodyGameMenu()
02:02:04.101 [FXGL Background Thread 1 ] DEBUG FXGL.DefaultMenu     - createOptionsMenu()
02:02:04.107 [FXGL Background Thread 1 ] DEBUG FXGLAssetLoaderServi - Loading from file system: jar:file:///C:/Users/zorm1/.m2/repository/com/github/almasb/fxgl/11+dev-SNAPSHOT/fxgl-11+dev-SNAPSHOT.jar!/fxglassets/textures/particles/smoke.png
02:02:04.164 [FXGL Background Thread 1 ] DEBUG FXGLAssetLoaderServi - Loading from file system: jar:file:///C:/Users/zorm1/.m2/repository/com/github/almasb/fxgl/11+dev-SNAPSHOT/fxgl-11+dev-SNAPSHOT.jar!/fxglassets/textures/particles/trace_horizontal.png
02:02:04.183 [FXGL Background Thread 1 ] DEBUG GameApplicationServi - Application scenes initialized
02:02:04.189 [FXGL Background Thread 1 ] DEBUG SystemBundleService  - Loading FXGL system data
02:02:04.194 [FXGL Background Thread 1 ] DEBUG FileSystemAccess     - Reading from: C:\Users\zorm1\eclipse-workspace\RTAIparty\system\fxgl.bundle
02:02:04.199 [FXGL Background Thread 1 ] DEBUG SystemBundleService  - Bundle FXGL: {}
02:02:04.199 [FXGL Background Thread 1 ] DEBUG UpdaterService       - Checking for updates
02:02:04.205 [FXGL Background Thread 4 ] DEBUG FXGLApplication      - Loading fonts
02:02:04.205 [FXGL Background Thread 1 ] DEBUG FXGLApplication      - Loading default localization
02:02:04.205 [FXGL Background Thread 4 ] DEBUG FXGLAssetLoaderServi - Loading from file system: jar:file:///C:/Users/zorm1/.m2/repository/com/github/almasb/fxgl/11+dev-SNAPSHOT/fxgl-11+dev-SNAPSHOT.jar!/fxglassets/ui/fonts/VarelaRound-Regular.ttf
02:02:04.206 [FXGL Background Thread 1 ] DEBUG FXGLAssetLoaderServi - Loading from file system: jar:file:///C:/Users/zorm1/.m2/repository/com/github/almasb/fxgl/11+dev-SNAPSHOT/fxgl-11+dev-SNAPSHOT.jar!/fxglassets/languages/english.lang
02:02:04.215 [FXGL Background Thread 1 ] INFO  FXGLApplication      - FXGL initialization took: 0,568 sec
02:02:04.218 [JavaFX Application Thread] DEBUG Input                - Registered new binding: clic - LMB
02:02:04.226 [JavaFX Application Thread] DEBUG Input                - Registered new binding: test - E
02:02:04.226 [JavaFX Application Thread] DEBUG FXGLAssetLoaderServi - Loading from file system: jar:file:///C:/Users/zorm1/.m2/repository/com/github/almasb/fxgl/11+dev-SNAPSHOT/fxgl-11+dev-SNAPSHOT.jar!/fxglassets/textures/fxgl_icon.png
02:02:04.239 [JavaFX Application Thread] DEBUG FXGLAssetLoaderServi - Loading from file system: jar:file:///C:/Users/zorm1/.m2/repository/com/github/almasb/fxgl/11+dev-SNAPSHOT/fxgl-11+dev-SNAPSHOT.jar!/fxglassets/textures/fxgl_default_cursor.png
02:02:04.240 [JavaFX Application Thread] DEBUG Input                - Registered new binding: Screenshot - CTRL+8
02:02:04.241 [JavaFX Application Thread] DEBUG Input                - Registered new binding: System info dump - CTRL+9
02:02:04.241 [JavaFX Application Thread] DEBUG Input                - Registered new binding: Restart - CTRL+R
02:02:04.242 [JavaFX Application Thread] DEBUG Input                - Registered new binding: Toggle Debug Camera - CTRL+7
02:02:04.244 [JavaFX Application Thread] DEBUG LoopRunner           - Starting loop
02:02:04.244 [JavaFX Application Thread] DEBUG LoopRunner           - Initializing JavaFX AnimationTimerLoop
02:02:04.246 [JavaFX Application Thread] DEBUG Input                - Clearing active input actions
02:02:04.257 [JavaFX Application Thread] DEBUG GameApplicationServi - Removing overlay from FXGLStartupScene and adding to FXGLMainMenuDummyScene
02:02:04.257 [JavaFX Application Thread] DEBUG PrimaryStageWindow   - FXGLStartupScene -> FXGLMainMenuDummyScene
02:02:04.257 [JavaFX Application Thread] DEBUG PrimaryStageWindow   - Push state: RTAIpartyMainMenu
02:02:04.259 [JavaFX Application Thread] DEBUG Input                - Clearing active input actions
02:02:04.263 [JavaFX Application Thread] DEBUG GameApplicationServi - Removing overlay from FXGLMainMenuDummyScene and adding to RTAIpartyMainMenu
02:02:04.263 [JavaFX Application Thread] DEBUG PrimaryStageWindow   - FXGLMainMenuDummyScene -> RTAIpartyMainMenu
02:02:04.274 [FXGL Background Thread 4 ] DEBUG FXGLAssetLoaderServi - Loading from file system: jar:file:///C:/Users/zorm1/.m2/repository/com/github/almasb/fxgl/11+dev-SNAPSHOT/fxgl-11+dev-SNAPSHOT.jar!/fxglassets/ui/fonts/Abel-Regular.ttf
02:02:04.291 [FXGL Background Thread 4 ] DEBUG FXGLAssetLoaderServi - Loading from file system: jar:file:///C:/Users/zorm1/.m2/repository/com/github/almasb/fxgl/11+dev-SNAPSHOT/fxgl-11+dev-SNAPSHOT.jar!/fxglassets/ui/fonts/lucida_console.ttf
02:02:04.308 [FXGL Background Thread 4 ] DEBUG FXGLAssetLoaderServi - Loading from file system: jar:file:///C:/Users/zorm1/.m2/repository/com/github/almasb/fxgl/11+dev-SNAPSHOT/fxgl-11+dev-SNAPSHOT.jar!/fxglassets/ui/fonts/Courier-Prime.ttf
02:02:04.329 [JavaFX Application Thread] DEBUG FXGLApplication      - Registering font factories with UI factory
02:02:05.056 [FXGL Background Thread 2 ] INFO  UpdaterService       - Your current version:  11+dev-SNAPSHOT
02:02:05.056 [FXGL Background Thread 2 ] INFO  UpdaterService       - Latest stable version: 11.17
02:02:07.204 [FXGL Background Thread 3 ] DEBUG Engine               - Logging environment variables
02:02:07.204 [FXGL Background Thread 3 ] DEBUG Engine               - achievements: []
02:02:07.205 [FXGL Background Thread 3 ] DEBUG Engine               - actualHeight: 720.0
02:02:07.205 [FXGL Background Thread 3 ] DEBUG Engine               - actualHeightProperty: ReadOnlyDoubleProperty [value: 720.0]
02:02:07.205 [FXGL Background Thread 3 ] DEBUG Engine               - actualWidth: 1280.0
02:02:07.205 [FXGL Background Thread 3 ] DEBUG Engine               - actualWidthProperty: ReadOnlyDoubleProperty [value: 1280.0]
02:02:07.205 [FXGL Background Thread 3 ] DEBUG Engine               - appIcon: fxgl_icon.png
02:02:07.205 [FXGL Background Thread 3 ] DEBUG Engine               - applicationMode: DEVELOPER
02:02:07.205 [FXGL Background Thread 3 ] DEBUG Engine               - cSSList: [fxgl_dark.css]
02:02:07.205 [FXGL Background Thread 3 ] DEBUG Engine               - collisionDetectionStrategy: BRUTE_FORCE
02:02:07.206 [FXGL Background Thread 3 ] DEBUG Engine               - configClass: Optional.empty
02:02:07.206 [FXGL Background Thread 3 ] DEBUG Engine               - credits: []
02:02:07.206 [FXGL Background Thread 3 ] DEBUG Engine               - defaultCursor: CursorInfo(imageName=fxgl_default_cursor.png, hotspotX=7.0, hotspotY=6.0)
02:02:07.206 [FXGL Background Thread 3 ] DEBUG Engine               - devBBoxColorProperty: ObjectProperty [value: 0xff0000ff]
02:02:07.206 [FXGL Background Thread 3 ] DEBUG Engine               - devEnableDebugCameraProperty: BooleanProperty [value: false]
02:02:07.206 [FXGL Background Thread 3 ] DEBUG Engine               - devSensorColorProperty: ObjectProperty [value: 0xffff00ff]
02:02:07.207 [FXGL Background Thread 3 ] DEBUG Engine               - devShowBBoxProperty: BooleanProperty [value: false]
02:02:07.207 [FXGL Background Thread 3 ] DEBUG Engine               - devShowPositionProperty: BooleanProperty [value: false]
02:02:07.207 [FXGL Background Thread 3 ] DEBUG Engine               - enabledMenuItems: []
02:02:07.207 [FXGL Background Thread 3 ] DEBUG Engine               - engineServices: [class com.almasb.fxgl.app.services.FXGLAssetLoaderService, class com.almasb.fxgl.app.FXGLApplication$GameApplicationService, class com.almasb.fxgl.app.services.FXGLDialogService, class com.almasb.fxgl.app.services.IOTaskExecutorService, class com.almasb.fxgl.io.FileSystemService, class com.almasb.fxgl.localization.LocalizationService, class com.almasb.fxgl.app.services.SystemBundleService, class com.almasb.fxgl.profile.SaveLoadService, class com.almasb.fxgl.ui.FXGLUIFactoryServiceProvider, class com.almasb.fxgl.ui.FXGLDialogFactoryServiceProvider, class com.almasb.fxgl.audio.AudioPlayer, class com.almasb.fxgl.notification.impl.NotificationServiceProvider, class com.almasb.fxgl.achievement.AchievementService, class com.almasb.fxgl.cutscene.CutsceneService, class com.almasb.fxgl.minigames.MiniGameService, class com.almasb.fxgl.net.NetService, class com.almasb.fxgl.app.services.UpdaterService, class com.almasb.fxgl.dev.DevService]
02:02:07.207 [FXGL Background Thread 3 ] DEBUG Engine               - fontGame: Abel-Regular.ttf
02:02:07.207 [FXGL Background Thread 3 ] DEBUG Engine               - fontMono: lucida_console.ttf
02:02:07.207 [FXGL Background Thread 3 ] DEBUG Engine               - fontText: Courier-Prime.ttf
02:02:07.207 [FXGL Background Thread 3 ] DEBUG Engine               - fontUI: VarelaRound-Regular.ttf
02:02:07.207 [FXGL Background Thread 3 ] DEBUG Engine               - fullScreen: BooleanProperty [value: false]
02:02:07.207 [FXGL Background Thread 3 ] DEBUG Engine               - gameDifficulty: MEDIUM
02:02:07.208 [FXGL Background Thread 3 ] DEBUG Engine               - gameDifficultyProperty: ObjectProperty [value: MEDIUM]
02:02:07.208 [FXGL Background Thread 3 ] DEBUG Engine               - globalMusicVolume: 0.5
02:02:07.208 [FXGL Background Thread 3 ] DEBUG Engine               - globalMusicVolumeProperty: DoubleProperty [value: 0.5]
02:02:07.208 [FXGL Background Thread 3 ] DEBUG Engine               - globalSoundVolume: 0.5
02:02:07.208 [FXGL Background Thread 3 ] DEBUG Engine               - globalSoundVolumeProperty: DoubleProperty [value: 0.5]
02:02:07.208 [FXGL Background Thread 3 ] DEBUG Engine               - height: 720
02:02:07.208 [FXGL Background Thread 3 ] DEBUG Engine               - is3D: false
02:02:07.208 [FXGL Background Thread 3 ] DEBUG Engine               - isAndroid: false
02:02:07.209 [FXGL Background Thread 3 ] DEBUG Engine               - isBrowser: false
02:02:07.209 [FXGL Background Thread 3 ] DEBUG Engine               - isClickFeedbackEnabled: false
02:02:07.209 [FXGL Background Thread 3 ] DEBUG Engine               - isCloseConfirmation: false
02:02:07.209 [FXGL Background Thread 3 ] DEBUG Engine               - isDesktop: true
02:02:07.209 [FXGL Background Thread 3 ] DEBUG Engine               - isDeveloperMenuEnabled: false
02:02:07.209 [FXGL Background Thread 3 ] DEBUG Engine               - isEmbedded: false
02:02:07.209 [FXGL Background Thread 3 ] DEBUG Engine               - isEntityPreloadEnabled: true
02:02:07.209 [FXGL Background Thread 3 ] DEBUG Engine               - isExperimentalTiledLargeMap: false
02:02:07.209 [FXGL Background Thread 3 ] DEBUG Engine               - isFileSystemWriteAllowed: true
02:02:07.209 [FXGL Background Thread 3 ] DEBUG Engine               - isFullScreenAllowed: false
02:02:07.209 [FXGL Background Thread 3 ] DEBUG Engine               - isFullScreenFromStart: false
02:02:07.209 [FXGL Background Thread 3 ] DEBUG Engine               - isGameMenuEnabled: true
02:02:07.210 [FXGL Background Thread 3 ] DEBUG Engine               - isIOS: false
02:02:07.210 [FXGL Background Thread 3 ] DEBUG Engine               - isIntroEnabled: false
02:02:07.210 [FXGL Background Thread 3 ] DEBUG Engine               - isLinux: false
02:02:07.210 [FXGL Background Thread 3 ] DEBUG Engine               - isMac: false
02:02:07.210 [FXGL Background Thread 3 ] DEBUG Engine               - isMainMenuEnabled: true
02:02:07.210 [FXGL Background Thread 3 ] DEBUG Engine               - isManualResizeEnabled: true
02:02:07.210 [FXGL Background Thread 3 ] DEBUG Engine               - isMobile: false
02:02:07.210 [FXGL Background Thread 3 ] DEBUG Engine               - isNative: false
02:02:07.210 [FXGL Background Thread 3 ] DEBUG Engine               - isPauseMusicWhenMinimized: true
02:02:07.211 [FXGL Background Thread 3 ] DEBUG Engine               - isPreserveResizeRatio: true
02:02:07.211 [FXGL Background Thread 3 ] DEBUG Engine               - isProfilingEnabled: false
02:02:07.211 [FXGL Background Thread 3 ] DEBUG Engine               - isScaleAffectedOnResize: true
02:02:07.211 [FXGL Background Thread 3 ] DEBUG Engine               - isSingleStep: false
02:02:07.211 [FXGL Background Thread 3 ] DEBUG Engine               - isUserProfileEnabled: false
02:02:07.211 [FXGL Background Thread 3 ] DEBUG Engine               - isWindows: true
02:02:07.211 [FXGL Background Thread 3 ] DEBUG Engine               - language: ObjectProperty [value: ENGLISH]
02:02:07.211 [FXGL Background Thread 3 ] DEBUG Engine               - menuKey: ESCAPE
02:02:07.211 [FXGL Background Thread 3 ] DEBUG Engine               - mouseSensitivity: 0.2
02:02:07.211 [FXGL Background Thread 3 ] DEBUG Engine               - notificationViewClass: class com.almasb.fxgl.notification.view.XboxNotificationView
02:02:07.212 [FXGL Background Thread 3 ] DEBUG Engine               - pixelsPerMeter: 50.0
02:02:07.212 [FXGL Background Thread 3 ] DEBUG Engine               - platform: WINDOWS
02:02:07.212 [FXGL Background Thread 3 ] DEBUG Engine               - prefHeightProperty: ReadOnlyDoubleProperty [value: 720.0]
02:02:07.212 [FXGL Background Thread 3 ] DEBUG Engine               - prefWidthProperty: ReadOnlyDoubleProperty [value: 1280.0]
02:02:07.212 [FXGL Background Thread 3 ] DEBUG Engine               - profileDir: profiles/
02:02:07.212 [FXGL Background Thread 3 ] DEBUG Engine               - profileName: StringProperty [value: DEFAULT]
02:02:07.212 [FXGL Background Thread 3 ] DEBUG Engine               - randomSeed: -1
02:02:07.212 [FXGL Background Thread 3 ] DEBUG Engine               - runtimeInfo: RuntimeInfo(platform=WINDOWS, version=11+dev-SNAPSHOT, build=28.11.2021 18.20)
02:02:07.212 [FXGL Background Thread 3 ] DEBUG Engine               - saveFileExt: sav
02:02:07.212 [FXGL Background Thread 3 ] DEBUG Engine               - scaledHeightProp$fxgl: DoubleProperty [bound, value: 720.0]
02:02:07.213 [FXGL Background Thread 3 ] DEBUG Engine               - scaledWidthProp$fxgl: DoubleProperty [bound, value: 1280.0]
02:02:07.213 [FXGL Background Thread 3 ] DEBUG Engine               - sceneFactory: ui.RTAISceneFactory@a894b55
02:02:07.213 [FXGL Background Thread 3 ] DEBUG Engine               - secondsIn24h: 60
02:02:07.213 [FXGL Background Thread 3 ] DEBUG Engine               - soundMenuBack: menu/back.wav
02:02:07.213 [FXGL Background Thread 3 ] DEBUG Engine               - soundMenuPress: menu/press.wav
02:02:07.213 [FXGL Background Thread 3 ] DEBUG Engine               - soundMenuSelect: menu/select.wav
02:02:07.213 [FXGL Background Thread 3 ] DEBUG Engine               - soundNotification: core/notification.wav
02:02:07.213 [FXGL Background Thread 3 ] DEBUG Engine               - stageStyle: DECORATED
02:02:07.213 [FXGL Background Thread 3 ] DEBUG Engine               - supportedLanguages: [ENGLISH, FRENCH, GERMAN, HUNGARIAN, RUSSIAN]
02:02:07.213 [FXGL Background Thread 3 ] DEBUG Engine               - ticksPerSecond: -1
02:02:07.214 [FXGL Background Thread 3 ] DEBUG Engine               - title: RTAIparty
02:02:07.214 [FXGL Background Thread 3 ] DEBUG Engine               - urlGithub: https://github.com/AlmasB/FXGL
02:02:07.214 [FXGL Background Thread 3 ] DEBUG Engine               - urlLeaderboard: http://fxgl-top.herokuapp.com/
02:02:07.214 [FXGL Background Thread 3 ] DEBUG Engine               - urlPOM: https://raw.githubusercontent.com/AlmasB/FXGL/release/README.md
02:02:07.214 [FXGL Background Thread 3 ] DEBUG Engine               - userAppClass: class com.almasb.fxglgames.RTAIparty.RTAIpartyApp
02:02:07.214 [FXGL Background Thread 3 ] DEBUG Engine               - version: 1.0
02:02:07.214 [FXGL Background Thread 3 ] DEBUG Engine               - versionCheckDays: 7
02:02:07.214 [FXGL Background Thread 3 ] DEBUG Engine               - width: 1280
02:02:07.214 [FXGL Background Thread 3 ] DEBUG Engine               - Logging services
02:02:07.215 [FXGL Background Thread 3 ] DEBUG Engine               - class com.almasb.fxgl.app.services.FXGLAssetLoaderService
02:02:07.215 [FXGL Background Thread 3 ] DEBUG Engine               - class com.almasb.fxgl.app.FXGLApplication$GameApplicationService
02:02:07.215 [FXGL Background Thread 3 ] DEBUG Engine               - class com.almasb.fxgl.app.services.FXGLDialogService
02:02:07.215 [FXGL Background Thread 3 ] DEBUG Engine               - class com.almasb.fxgl.app.services.IOTaskExecutorService
02:02:07.215 [FXGL Background Thread 3 ] DEBUG Engine               - class com.almasb.fxgl.io.FileSystemService
02:02:07.215 [FXGL Background Thread 3 ] DEBUG Engine               - class com.almasb.fxgl.localization.LocalizationService
02:02:07.215 [FXGL Background Thread 3 ] DEBUG Engine               - class com.almasb.fxgl.app.services.SystemBundleService
02:02:07.215 [FXGL Background Thread 3 ] DEBUG Engine               - class com.almasb.fxgl.profile.SaveLoadService
02:02:07.215 [FXGL Background Thread 3 ] DEBUG Engine               - class com.almasb.fxgl.ui.FXGLUIFactoryServiceProvider
02:02:07.215 [FXGL Background Thread 3 ] DEBUG Engine               - class com.almasb.fxgl.ui.FXGLDialogFactoryServiceProvider
02:02:07.215 [FXGL Background Thread 3 ] DEBUG Engine               - class com.almasb.fxgl.audio.AudioPlayer
02:02:07.215 [FXGL Background Thread 3 ] DEBUG Engine               - class com.almasb.fxgl.notification.impl.NotificationServiceProvider
02:02:07.216 [FXGL Background Thread 3 ] DEBUG Engine               - class com.almasb.fxgl.achievement.AchievementService
02:02:07.216 [FXGL Background Thread 3 ] DEBUG Engine               - class com.almasb.fxgl.cutscene.CutsceneService
02:02:07.216 [FXGL Background Thread 3 ] DEBUG Engine               - class com.almasb.fxgl.minigames.MiniGameService
02:02:07.216 [FXGL Background Thread 3 ] DEBUG Engine               - class com.almasb.fxgl.net.NetService
02:02:07.216 [FXGL Background Thread 3 ] DEBUG Engine               - class com.almasb.fxgl.app.services.UpdaterService
02:02:07.216 [FXGL Background Thread 3 ] DEBUG Engine               - class com.almasb.fxgl.dev.DevService
02:02:07.949 [JavaFX Application Thread] DEBUG Menu                 - fireNewGame()
02:02:07.949 [JavaFX Application Thread] DEBUG GameApplicationServi - Starting new game
02:02:07.949 [JavaFX Application Thread] DEBUG PrimaryStageWindow   - Pop state: RTAIpartyMainMenu
02:02:07.949 [JavaFX Application Thread] DEBUG Input                - Clearing active input actions
02:02:07.949 [JavaFX Application Thread] DEBUG GameApplicationServi - Removing overlay from RTAIpartyMainMenu and adding to FXGLMainMenuDummyScene
02:02:07.949 [JavaFX Application Thread] DEBUG PrimaryStageWindow   - FXGLMainMenuDummyScene <- RTAIpartyMainMenu
02:02:07.950 [JavaFX Application Thread] DEBUG Input                - Clearing active input actions
02:02:07.956 [JavaFX Application Thread] DEBUG GameApplicationServi - Removing overlay from FXGLMainMenuDummyScene and adding to FXGLLoadingScene
02:02:07.956 [JavaFX Application Thread] DEBUG PrimaryStageWindow   - FXGLMainMenuDummyScene -> FXGLLoadingScene
02:02:07.956 [JavaFX Application Thread] DEBUG GameApplicationServi - Clearing previous game
02:02:07.957 [JavaFX Application Thread] DEBUG GameScene            - Clearing game scene
02:02:07.957 [JavaFX Application Thread] DEBUG GameWorld            - Clearing game world
02:02:07.957 [JavaFX Application Thread] DEBUG PhysicsWorld         - Clearing physics world
02:02:07.958 [FXGL Background Thread 2 ] DEBUG FXGLApplication      - Initializing game
02:02:07.959 [FXGL Background Thread 2 ] INFO  FXGLApplication      - Game initialization took: 0,001 sec
02:02:07.962 [JavaFX Application Thread] DEBUG GameWorld            - Game world initialized
02:02:07.963 [JavaFX Application Thread] DEBUG PhysicsWorld         - Physics world initialized: appHeight=720, physics.ppm=50,0
02:02:07.963 [JavaFX Application Thread] DEBUG PhysicsWorld         - Using strategy: BRUTE_FORCE
02:02:07.964 [JavaFX Application Thread] DEBUG GameScene            - Game scene initialized: 1280x720
02:02:07.964 [JavaFX Application Thread] DEBUG Input                - Registered new binding: Fin - E
02:02:07.964 [JavaFX Application Thread] DEBUG Input                - Registered new binding: Up - Up
02:02:07.964 [JavaFX Application Thread] DEBUG Input                - Registered new binding: Down - Down
02:02:07.964 [JavaFX Application Thread] DEBUG Input                - Registered new binding: Left - Left
02:02:07.965 [JavaFX Application Thread] DEBUG Input                - Registered new binding: Right - Right
02:02:07.965 [JavaFX Application Thread] DEBUG Input                - Registered new binding: Start - Enter
02:02:07.972 [JavaFX Application Thread] DEBUG FXGLAssetLoaderServi - Loading from file system: file:/C:/Users/zorm1/eclipse-workspace/RTAIparty/target/classes/assets/textures/background/decordodge.png
02:02:07.992 [JavaFX Application Thread] DEBUG FXGLAssetLoaderServi - Loading from file system: file:/C:/Users/zorm1/eclipse-workspace/RTAIparty/target/classes/assets/textures/garcon_blond_dodge.png
02:02:08.025 [JavaFX Application Thread] DEBUG Input                - Clearing active input actions
02:02:08.031 [JavaFX Application Thread] DEBUG GameApplicationServi - Removing overlay from FXGLLoadingScene and adding to GameScene
02:02:08.032 [JavaFX Application Thread] DEBUG PrimaryStageWindow   - FXGLLoadingScene -> GameScene
02:02:08.038 [JavaFX Application Thread] DEBUG PrimaryStageWindow   - Push state: DodgeSubScene
02:02:08.038 [JavaFX Application Thread] DEBUG Input                - Clearing active input actions
02:02:08.039 [JavaFX Application Thread] DEBUG GameApplicationServi - Removing overlay from GameScene and adding to DodgeSubScene
02:02:08.039 [JavaFX Application Thread] DEBUG PrimaryStageWindow   - GameScene -> DodgeSubScene
02:02:08.710 [JavaFX Application Thread] DEBUG PrimaryStageWindow   - Pop state: DodgeSubScene
02:02:08.710 [JavaFX Application Thread] DEBUG Input                - Clearing active input actions
02:02:08.711 [JavaFX Application Thread] DEBUG GameApplicationServi - Removing overlay from DodgeSubScene and adding to GameScene
02:02:08.711 [JavaFX Application Thread] DEBUG PrimaryStageWindow   - GameScene <- DodgeSubScene
02:02:08.712 [JavaFX Application Thread] DEBUG GameWorld            - Game world initialized
02:02:08.713 [JavaFX Application Thread] DEBUG PhysicsWorld         - Physics world initialized: appHeight=720, physics.ppm=50,0
02:02:08.713 [JavaFX Application Thread] DEBUG PhysicsWorld         - Using strategy: BRUTE_FORCE
02:02:08.714 [JavaFX Application Thread] DEBUG GameScene            - Game scene initialized: 1280x720
02:02:08.714 [JavaFX Application Thread] DEBUG Input                - Registered new binding: Fin - E
02:02:08.714 [JavaFX Application Thread] DEBUG Input                - Registered new binding: Up - Up
02:02:08.714 [JavaFX Application Thread] DEBUG Input                - Registered new binding: Down - Down
02:02:08.714 [JavaFX Application Thread] DEBUG Input                - Registered new binding: Left - Left
02:02:08.714 [JavaFX Application Thread] DEBUG Input                - Registered new binding: Right - Right
02:02:08.714 [JavaFX Application Thread] DEBUG Input                - Registered new binding: Start - Enter
02:02:08.717 [JavaFX Application Thread] DEBUG FXGLAssetLoaderServi - Loading from file system: file:/C:/Users/zorm1/eclipse-workspace/RTAIparty/target/classes/assets/textures/garcon_brun_dodge.png
02:02:08.719 [JavaFX Application Thread] DEBUG PrimaryStageWindow   - Push state: DodgeSubScene
02:02:08.719 [JavaFX Application Thread] DEBUG Input                - Clearing active input actions
02:02:08.719 [JavaFX Application Thread] DEBUG GameApplicationServi - Removing overlay from GameScene and adding to DodgeSubScene
02:02:08.720 [JavaFX Application Thread] DEBUG PrimaryStageWindow   - GameScene -> DodgeSubScene
02:02:08.854 [JavaFX Application Thread] DEBUG PrimaryStageWindow   - Pop state: DodgeSubScene
02:02:08.854 [JavaFX Application Thread] DEBUG Input                - Clearing active input actions
02:02:08.855 [JavaFX Application Thread] DEBUG GameApplicationServi - Removing overlay from DodgeSubScene and adding to GameScene
02:02:08.855 [JavaFX Application Thread] DEBUG PrimaryStageWindow   - GameScene <- DodgeSubScene
02:02:08.858 [JavaFX Application Thread] DEBUG GameWorld            - Game world initialized
02:02:08.860 [JavaFX Application Thread] DEBUG PhysicsWorld         - Physics world initialized: appHeight=720, physics.ppm=50,0
02:02:08.860 [JavaFX Application Thread] DEBUG PhysicsWorld         - Using strategy: BRUTE_FORCE
02:02:08.861 [JavaFX Application Thread] DEBUG GameScene            - Game scene initialized: 1280x720
02:02:08.862 [JavaFX Application Thread] DEBUG Input                - Registered new binding: goMenu - Enter
02:02:08.868 [JavaFX Application Thread] DEBUG PrimaryStageWindow   - Push state: EndgameSubScene
02:02:08.868 [JavaFX Application Thread] DEBUG Input                - Clearing active input actions
02:02:08.868 [JavaFX Application Thread] DEBUG GameApplicationServi - Removing overlay from GameScene and adding to EndgameSubScene
02:02:08.869 [JavaFX Application Thread] DEBUG PrimaryStageWindow   - GameScene -> EndgameSubScene
02:02:09.974 [JavaFX Application Thread] DEBUG PrimaryStageWindow   - Pop state: EndgameSubScene
02:02:09.974 [JavaFX Application Thread] DEBUG Input                - Clearing active input actions
02:02:09.974 [JavaFX Application Thread] DEBUG GameApplicationServi - Removing overlay from EndgameSubScene and adding to GameScene
02:02:09.974 [JavaFX Application Thread] DEBUG PrimaryStageWindow   - GameScene <- EndgameSubScene
02:02:09.975 [JavaFX Application Thread] DEBUG Input                - Clearing active input actions
02:02:09.978 [JavaFX Application Thread] DEBUG GameApplicationServi - Removing overlay from GameScene and adding to FXGLMainMenuDummyScene
02:02:09.978 [JavaFX Application Thread] DEBUG PrimaryStageWindow   - GameScene -> FXGLMainMenuDummyScene
02:02:09.978 [JavaFX Application Thread] DEBUG PrimaryStageWindow   - Push state: RTAIpartyMainMenu
02:02:09.978 [JavaFX Application Thread] DEBUG Input                - Clearing active input actions
02:02:09.979 [JavaFX Application Thread] DEBUG GameApplicationServi - Removing overlay from FXGLMainMenuDummyScene and adding to RTAIpartyMainMenu
02:02:09.979 [JavaFX Application Thread] DEBUG PrimaryStageWindow   - FXGLMainMenuDummyScene -> RTAIpartyMainMenu
02:02:13.258 [JavaFX Application Thread] DEBUG FXGLApplication      - Exiting FXGL
02:02:13.258 [JavaFX Application Thread] DEBUG LoopRunner           - Stopping loop
02:02:13.258 [JavaFX Application Thread] DEBUG SystemBundleService  - Saving FXGL system data
02:02:13.259 [JavaFX Application Thread] DEBUG FileSystemAccess     - Writing to: C:\Users\zorm1\eclipse-workspace\RTAIparty\system\fxgl.bundle
02:02:13.261 [JavaFX Application Thread] DEBUG Async                - Shutting down background threads
02:02:13.261 [JavaFX Application Thread] DEBUG PrimaryStageWindow   - Closing main window
02:02:13.269 [JavaFX Application Thread] DEBUG Logger               - Closing Logger
