00:58:00.332 [main                     ] DEBUG Logger               - Configured Logger
00:58:00.353 [main                     ] DEBUG GameApplication      - Logging settings
Title: RTAIparty
Version: 1.0
Width: 1280
Height: 720
Fullscreen: false
Intro: false
Profiling: false
Single step:false
App Mode: DEVELOPER
Menu Key: ESCAPE
Stage Style: DECORATED
Scene Factory: class ui.RTAISceneFactory

00:58:00.555 [JavaFX Application Thread] DEBUG FXGLApplication      - Initializing FXGL
00:58:00.556 [JavaFX Application Thread] INFO  Engine               - FXGL-11+dev-SNAPSHOT (28.11.2021 18.20) on WINDOWS (J:16.0.2 FX:17.0.0.1)
00:58:00.557 [JavaFX Application Thread] DEBUG Engine               - JRE Vendor Name: Oracle Corporation
00:58:00.557 [JavaFX Application Thread] DEBUG Engine               - Running on OS: Windows 10 version 10.0
00:58:00.557 [JavaFX Application Thread] DEBUG Engine               - Architecture: amd64
00:58:00.557 [JavaFX Application Thread] INFO  Engine               - Source code and latest versions at: https://github.com/AlmasB/FXGL
00:58:00.557 [JavaFX Application Thread] INFO  Engine               -       Ask questions and discuss at: https://github.com/AlmasB/FXGL/discussions
00:58:00.557 [JavaFX Application Thread] INFO  Engine               -              Join the FXGL chat at: https://gitter.im/AlmasB/FXGL
00:58:00.624 [JavaFX Application Thread] DEBUG PrimaryStageWindow   - Creating a JavaFX scene
00:58:00.656 [JavaFX Application Thread] DEBUG PrimaryStageWindow   - Target settings size: 1280.0 x 720.0
00:58:00.656 [JavaFX Application Thread] DEBUG PrimaryStageWindow   - Scaled scene size:    1280.0 x 720.0
00:58:00.656 [JavaFX Application Thread] DEBUG PrimaryStageWindow   - Scaled ratio: (1.0, 1.0)
00:58:00.657 [JavaFX Application Thread] DEBUG PrimaryStageWindow   - Set initial scene to FXGLStartupScene
00:58:00.662 [JavaFX Application Thread] DEBUG PrimaryStageWindow   - Opening main window
00:58:00.732 [JavaFX Application Thread] DEBUG PrimaryStageWindow   - Window border size: (16.0, 39.0)
00:58:00.733 [JavaFX Application Thread] DEBUG PrimaryStageWindow   - Scaled size: 1280.0 x 720.0
00:58:00.733 [JavaFX Application Thread] DEBUG PrimaryStageWindow   - Scaled ratio: (1.0, 1.0)
00:58:00.733 [JavaFX Application Thread] DEBUG PrimaryStageWindow   - Scene size: 1280.0 x 720.0
00:58:00.733 [JavaFX Application Thread] DEBUG PrimaryStageWindow   - Stage size: 1296.0 x 759.0
00:58:00.740 [FXGL Background Thread 1 ] DEBUG Engine               - Initializing environment variables
00:58:00.860 [FXGL Background Thread 1 ] DEBUG FXGLAssetLoaderServi - User app class for loading assets: class com.almasb.fxglgames.RTAIparty.RTAIpartyApp
00:58:00.861 [FXGL Background Thread 1 ] DEBUG GameApplicationServi - Applying CSS: fxgl_dark.css
00:58:00.863 [FXGL Background Thread 1 ] DEBUG FXGLAssetLoaderServi - Loading from file system: jar:file:///C:/Users/zorm1/.m2/repository/com/github/almasb/fxgl/11+dev-SNAPSHOT/fxgl-11+dev-SNAPSHOT.jar!/fxglassets/ui/css/fxgl_dark.css
00:58:00.988 [FXGL Background Thread 1 ] DEBUG GameApplicationServi - Initializing application scenes
00:58:01.037 [FXGL Background Thread 1 ] DEBUG GameWorld            - Game world initialized
00:58:01.084 [FXGL Background Thread 1 ] DEBUG PhysicsWorld         - Physics world initialized: appHeight=720, physics.ppm=50,0
00:58:01.085 [FXGL Background Thread 1 ] DEBUG PhysicsWorld         - Using strategy: BRUTE_FORCE
00:58:01.086 [FXGL Background Thread 1 ] DEBUG GameScene            - Game scene initialized: 1280x720
00:58:01.092 [FXGL Background Thread 1 ] DEBUG FXGLAssetLoaderServi - Loading from file system: file:/C:/Users/zorm1/eclipse-workspace/RTAIparty/target/classes/assets/textures/garcon_blond.png
00:58:01.107 [FXGL Background Thread 1 ] DEBUG FXGLAssetLoaderServi - Loading from file system: file:/C:/Users/zorm1/eclipse-workspace/RTAIparty/target/classes/assets/textures/garcon_brun.png
00:58:01.109 [FXGL Background Thread 1 ] DEBUG FXGLAssetLoaderServi - Loading from file system: file:/C:/Users/zorm1/eclipse-workspace/RTAIparty/target/classes/assets/textures/fille_blonde.png
00:58:01.111 [FXGL Background Thread 1 ] DEBUG FXGLAssetLoaderServi - Loading from file system: file:/C:/Users/zorm1/eclipse-workspace/RTAIparty/target/classes/assets/textures/fille_brune.png
00:58:01.112 [FXGL Background Thread 1 ] DEBUG FXGLAssetLoaderServi - Loading from file system: file:/C:/Users/zorm1/eclipse-workspace/RTAIparty/target/classes/assets/textures/background/classe.png
00:58:01.151 [FXGL Background Thread 1 ] DEBUG FXGLAssetLoaderServi - Loading from file system: file:/C:/Users/zorm1/eclipse-workspace/RTAIparty/target/classes/assets/textures/tableau.png
00:58:01.155 [FXGL Background Thread 1 ] DEBUG FXGLAssetLoaderServi - Loading from file system: file:/C:/Users/zorm1/eclipse-workspace/RTAIparty/target/classes/assets/textures/table.png
00:58:01.171 [FXGL Background Thread 1 ] DEBUG FXGL.DefaultMenu     - createMenuBodyGameMenu()
00:58:01.181 [FXGL Background Thread 1 ] DEBUG FXGL.DefaultMenu     - createOptionsMenu()
00:58:01.186 [FXGL Background Thread 1 ] DEBUG FXGLAssetLoaderServi - Loading from file system: jar:file:///C:/Users/zorm1/.m2/repository/com/github/almasb/fxgl/11+dev-SNAPSHOT/fxgl-11+dev-SNAPSHOT.jar!/fxglassets/textures/particles/smoke.png
00:58:01.241 [FXGL Background Thread 1 ] DEBUG FXGLAssetLoaderServi - Loading from file system: jar:file:///C:/Users/zorm1/.m2/repository/com/github/almasb/fxgl/11+dev-SNAPSHOT/fxgl-11+dev-SNAPSHOT.jar!/fxglassets/textures/particles/trace_horizontal.png
00:58:01.259 [FXGL Background Thread 1 ] DEBUG GameApplicationServi - Application scenes initialized
00:58:01.267 [FXGL Background Thread 1 ] DEBUG SystemBundleService  - Loading FXGL system data
00:58:01.273 [FXGL Background Thread 1 ] DEBUG FileSystemAccess     - Reading from: C:\Users\zorm1\eclipse-workspace\RTAIparty\system\fxgl.bundle
00:58:01.277 [FXGL Background Thread 1 ] DEBUG SystemBundleService  - Bundle FXGL: {}
00:58:01.278 [FXGL Background Thread 1 ] DEBUG UpdaterService       - Checking for updates
00:58:01.280 [FXGL Background Thread 4 ] DEBUG FXGLApplication      - Loading fonts
00:58:01.280 [FXGL Background Thread 1 ] DEBUG FXGLApplication      - Loading default localization
00:58:01.280 [FXGL Background Thread 4 ] DEBUG FXGLAssetLoaderServi - Loading from file system: jar:file:///C:/Users/zorm1/.m2/repository/com/github/almasb/fxgl/11+dev-SNAPSHOT/fxgl-11+dev-SNAPSHOT.jar!/fxglassets/ui/fonts/VarelaRound-Regular.ttf
00:58:01.281 [FXGL Background Thread 1 ] DEBUG FXGLAssetLoaderServi - Loading from file system: jar:file:///C:/Users/zorm1/.m2/repository/com/github/almasb/fxgl/11+dev-SNAPSHOT/fxgl-11+dev-SNAPSHOT.jar!/fxglassets/languages/english.lang
00:58:01.290 [FXGL Background Thread 1 ] INFO  FXGLApplication      - FXGL initialization took: 0,549 sec
00:58:01.292 [JavaFX Application Thread] DEBUG Input                - Registered new binding: clic - LMB
00:58:01.302 [JavaFX Application Thread] DEBUG Input                - Registered new binding: test - E
00:58:01.304 [JavaFX Application Thread] DEBUG FXGLAssetLoaderServi - Loading from file system: jar:file:///C:/Users/zorm1/.m2/repository/com/github/almasb/fxgl/11+dev-SNAPSHOT/fxgl-11+dev-SNAPSHOT.jar!/fxglassets/textures/fxgl_icon.png
00:58:01.315 [JavaFX Application Thread] DEBUG FXGLAssetLoaderServi - Loading from file system: jar:file:///C:/Users/zorm1/.m2/repository/com/github/almasb/fxgl/11+dev-SNAPSHOT/fxgl-11+dev-SNAPSHOT.jar!/fxglassets/textures/fxgl_default_cursor.png
00:58:01.317 [JavaFX Application Thread] DEBUG Input                - Registered new binding: Screenshot - CTRL+8
00:58:01.318 [JavaFX Application Thread] DEBUG Input                - Registered new binding: System info dump - CTRL+9
00:58:01.318 [JavaFX Application Thread] DEBUG Input                - Registered new binding: Restart - CTRL+R
00:58:01.319 [JavaFX Application Thread] DEBUG Input                - Registered new binding: Toggle Debug Camera - CTRL+7
00:58:01.321 [JavaFX Application Thread] DEBUG LoopRunner           - Starting loop
00:58:01.321 [JavaFX Application Thread] DEBUG LoopRunner           - Initializing JavaFX AnimationTimerLoop
00:58:01.324 [JavaFX Application Thread] DEBUG Input                - Clearing active input actions
00:58:01.330 [JavaFX Application Thread] DEBUG GameApplicationServi - Removing overlay from FXGLStartupScene and adding to FXGLMainMenuDummyScene
00:58:01.331 [JavaFX Application Thread] DEBUG PrimaryStageWindow   - FXGLStartupScene -> FXGLMainMenuDummyScene
00:58:01.331 [JavaFX Application Thread] DEBUG PrimaryStageWindow   - Push state: RTAIpartyMainMenu
00:58:01.331 [JavaFX Application Thread] DEBUG Input                - Clearing active input actions
00:58:01.334 [FXGL Background Thread 4 ] DEBUG FXGLAssetLoaderServi - Loading from file system: jar:file:///C:/Users/zorm1/.m2/repository/com/github/almasb/fxgl/11+dev-SNAPSHOT/fxgl-11+dev-SNAPSHOT.jar!/fxglassets/ui/fonts/Abel-Regular.ttf
00:58:01.334 [JavaFX Application Thread] DEBUG GameApplicationServi - Removing overlay from FXGLMainMenuDummyScene and adding to RTAIpartyMainMenu
00:58:01.335 [JavaFX Application Thread] DEBUG PrimaryStageWindow   - FXGLMainMenuDummyScene -> RTAIpartyMainMenu
00:58:01.354 [FXGL Background Thread 4 ] DEBUG FXGLAssetLoaderServi - Loading from file system: jar:file:///C:/Users/zorm1/.m2/repository/com/github/almasb/fxgl/11+dev-SNAPSHOT/fxgl-11+dev-SNAPSHOT.jar!/fxglassets/ui/fonts/lucida_console.ttf
00:58:01.372 [FXGL Background Thread 4 ] DEBUG FXGLAssetLoaderServi - Loading from file system: jar:file:///C:/Users/zorm1/.m2/repository/com/github/almasb/fxgl/11+dev-SNAPSHOT/fxgl-11+dev-SNAPSHOT.jar!/fxglassets/ui/fonts/Courier-Prime.ttf
00:58:01.387 [JavaFX Application Thread] DEBUG FXGLApplication      - Registering font factories with UI factory
00:58:01.676 [FXGL Background Thread 2 ] INFO  UpdaterService       - Your current version:  11+dev-SNAPSHOT
00:58:01.676 [FXGL Background Thread 2 ] INFO  UpdaterService       - Latest stable version: 11.17
00:58:04.280 [FXGL Background Thread 3 ] DEBUG Engine               - Logging environment variables
00:58:04.280 [FXGL Background Thread 3 ] DEBUG Engine               - achievements: []
00:58:04.281 [FXGL Background Thread 3 ] DEBUG Engine               - actualHeight: 720.0
00:58:04.281 [FXGL Background Thread 3 ] DEBUG Engine               - actualHeightProperty: ReadOnlyDoubleProperty [value: 720.0]
00:58:04.281 [FXGL Background Thread 3 ] DEBUG Engine               - actualWidth: 1280.0
00:58:04.281 [FXGL Background Thread 3 ] DEBUG Engine               - actualWidthProperty: ReadOnlyDoubleProperty [value: 1280.0]
00:58:04.281 [FXGL Background Thread 3 ] DEBUG Engine               - appIcon: fxgl_icon.png
00:58:04.281 [FXGL Background Thread 3 ] DEBUG Engine               - applicationMode: DEVELOPER
00:58:04.281 [FXGL Background Thread 3 ] DEBUG Engine               - cSSList: [fxgl_dark.css]
00:58:04.282 [FXGL Background Thread 3 ] DEBUG Engine               - collisionDetectionStrategy: BRUTE_FORCE
00:58:04.282 [FXGL Background Thread 3 ] DEBUG Engine               - configClass: Optional.empty
00:58:04.282 [FXGL Background Thread 3 ] DEBUG Engine               - credits: []
00:58:04.282 [FXGL Background Thread 3 ] DEBUG Engine               - defaultCursor: CursorInfo(imageName=fxgl_default_cursor.png, hotspotX=7.0, hotspotY=6.0)
00:58:04.282 [FXGL Background Thread 3 ] DEBUG Engine               - devBBoxColorProperty: ObjectProperty [value: 0xff0000ff]
00:58:04.283 [FXGL Background Thread 3 ] DEBUG Engine               - devEnableDebugCameraProperty: BooleanProperty [value: false]
00:58:04.283 [FXGL Background Thread 3 ] DEBUG Engine               - devSensorColorProperty: ObjectProperty [value: 0xffff00ff]
00:58:04.283 [FXGL Background Thread 3 ] DEBUG Engine               - devShowBBoxProperty: BooleanProperty [value: false]
00:58:04.283 [FXGL Background Thread 3 ] DEBUG Engine               - devShowPositionProperty: BooleanProperty [value: false]
00:58:04.283 [FXGL Background Thread 3 ] DEBUG Engine               - enabledMenuItems: []
00:58:04.283 [FXGL Background Thread 3 ] DEBUG Engine               - engineServices: [class com.almasb.fxgl.app.services.FXGLAssetLoaderService, class com.almasb.fxgl.app.FXGLApplication$GameApplicationService, class com.almasb.fxgl.app.services.FXGLDialogService, class com.almasb.fxgl.app.services.IOTaskExecutorService, class com.almasb.fxgl.io.FileSystemService, class com.almasb.fxgl.localization.LocalizationService, class com.almasb.fxgl.app.services.SystemBundleService, class com.almasb.fxgl.profile.SaveLoadService, class com.almasb.fxgl.ui.FXGLUIFactoryServiceProvider, class com.almasb.fxgl.ui.FXGLDialogFactoryServiceProvider, class com.almasb.fxgl.audio.AudioPlayer, class com.almasb.fxgl.notification.impl.NotificationServiceProvider, class com.almasb.fxgl.achievement.AchievementService, class com.almasb.fxgl.cutscene.CutsceneService, class com.almasb.fxgl.minigames.MiniGameService, class com.almasb.fxgl.net.NetService, class com.almasb.fxgl.app.services.UpdaterService, class com.almasb.fxgl.dev.DevService]
00:58:04.283 [FXGL Background Thread 3 ] DEBUG Engine               - fontGame: Abel-Regular.ttf
00:58:04.283 [FXGL Background Thread 3 ] DEBUG Engine               - fontMono: lucida_console.ttf
00:58:04.283 [FXGL Background Thread 3 ] DEBUG Engine               - fontText: Courier-Prime.ttf
00:58:04.284 [FXGL Background Thread 3 ] DEBUG Engine               - fontUI: VarelaRound-Regular.ttf
00:58:04.284 [FXGL Background Thread 3 ] DEBUG Engine               - fullScreen: BooleanProperty [value: false]
00:58:04.284 [FXGL Background Thread 3 ] DEBUG Engine               - gameDifficulty: MEDIUM
00:58:04.284 [FXGL Background Thread 3 ] DEBUG Engine               - gameDifficultyProperty: ObjectProperty [value: MEDIUM]
00:58:04.284 [FXGL Background Thread 3 ] DEBUG Engine               - globalMusicVolume: 0.5
00:58:04.284 [FXGL Background Thread 3 ] DEBUG Engine               - globalMusicVolumeProperty: DoubleProperty [value: 0.5]
00:58:04.284 [FXGL Background Thread 3 ] DEBUG Engine               - globalSoundVolume: 0.5
00:58:04.285 [FXGL Background Thread 3 ] DEBUG Engine               - globalSoundVolumeProperty: DoubleProperty [value: 0.5]
00:58:04.285 [FXGL Background Thread 3 ] DEBUG Engine               - height: 720
00:58:04.285 [FXGL Background Thread 3 ] DEBUG Engine               - is3D: false
00:58:04.285 [FXGL Background Thread 3 ] DEBUG Engine               - isAndroid: false
00:58:04.285 [FXGL Background Thread 3 ] DEBUG Engine               - isBrowser: false
00:58:04.285 [FXGL Background Thread 3 ] DEBUG Engine               - isClickFeedbackEnabled: false
00:58:04.285 [FXGL Background Thread 3 ] DEBUG Engine               - isCloseConfirmation: false
00:58:04.285 [FXGL Background Thread 3 ] DEBUG Engine               - isDesktop: true
00:58:04.285 [FXGL Background Thread 3 ] DEBUG Engine               - isDeveloperMenuEnabled: false
00:58:04.285 [FXGL Background Thread 3 ] DEBUG Engine               - isEmbedded: false
00:58:04.286 [FXGL Background Thread 3 ] DEBUG Engine               - isEntityPreloadEnabled: true
00:58:04.286 [FXGL Background Thread 3 ] DEBUG Engine               - isExperimentalTiledLargeMap: false
00:58:04.286 [FXGL Background Thread 3 ] DEBUG Engine               - isFileSystemWriteAllowed: true
00:58:04.286 [FXGL Background Thread 3 ] DEBUG Engine               - isFullScreenAllowed: false
00:58:04.286 [FXGL Background Thread 3 ] DEBUG Engine               - isFullScreenFromStart: false
00:58:04.286 [FXGL Background Thread 3 ] DEBUG Engine               - isGameMenuEnabled: true
00:58:04.286 [FXGL Background Thread 3 ] DEBUG Engine               - isIOS: false
00:58:04.286 [FXGL Background Thread 3 ] DEBUG Engine               - isIntroEnabled: false
00:58:04.286 [FXGL Background Thread 3 ] DEBUG Engine               - isLinux: false
00:58:04.287 [FXGL Background Thread 3 ] DEBUG Engine               - isMac: false
00:58:04.287 [FXGL Background Thread 3 ] DEBUG Engine               - isMainMenuEnabled: true
00:58:04.287 [FXGL Background Thread 3 ] DEBUG Engine               - isManualResizeEnabled: true
00:58:04.287 [FXGL Background Thread 3 ] DEBUG Engine               - isMobile: false
00:58:04.287 [FXGL Background Thread 3 ] DEBUG Engine               - isNative: false
00:58:04.287 [FXGL Background Thread 3 ] DEBUG Engine               - isPauseMusicWhenMinimized: true
00:58:04.287 [FXGL Background Thread 3 ] DEBUG Engine               - isPreserveResizeRatio: true
00:58:04.287 [FXGL Background Thread 3 ] DEBUG Engine               - isProfilingEnabled: false
00:58:04.287 [FXGL Background Thread 3 ] DEBUG Engine               - isScaleAffectedOnResize: true
00:58:04.287 [FXGL Background Thread 3 ] DEBUG Engine               - isSingleStep: false
00:58:04.288 [FXGL Background Thread 3 ] DEBUG Engine               - isUserProfileEnabled: false
00:58:04.288 [FXGL Background Thread 3 ] DEBUG Engine               - isWindows: true
00:58:04.288 [FXGL Background Thread 3 ] DEBUG Engine               - language: ObjectProperty [value: ENGLISH]
00:58:04.288 [FXGL Background Thread 3 ] DEBUG Engine               - menuKey: ESCAPE
00:58:04.288 [FXGL Background Thread 3 ] DEBUG Engine               - mouseSensitivity: 0.2
00:58:04.288 [FXGL Background Thread 3 ] DEBUG Engine               - notificationViewClass: class com.almasb.fxgl.notification.view.XboxNotificationView
00:58:04.288 [FXGL Background Thread 3 ] DEBUG Engine               - pixelsPerMeter: 50.0
00:58:04.288 [FXGL Background Thread 3 ] DEBUG Engine               - platform: WINDOWS
00:58:04.288 [FXGL Background Thread 3 ] DEBUG Engine               - prefHeightProperty: ReadOnlyDoubleProperty [value: 720.0]
00:58:04.289 [FXGL Background Thread 3 ] DEBUG Engine               - prefWidthProperty: ReadOnlyDoubleProperty [value: 1280.0]
00:58:04.289 [FXGL Background Thread 3 ] DEBUG Engine               - profileDir: profiles/
00:58:04.289 [FXGL Background Thread 3 ] DEBUG Engine               - profileName: StringProperty [value: DEFAULT]
00:58:04.289 [FXGL Background Thread 3 ] DEBUG Engine               - randomSeed: -1
00:58:04.289 [FXGL Background Thread 3 ] DEBUG Engine               - runtimeInfo: RuntimeInfo(platform=WINDOWS, version=11+dev-SNAPSHOT, build=28.11.2021 18.20)
00:58:04.289 [FXGL Background Thread 3 ] DEBUG Engine               - saveFileExt: sav
00:58:04.289 [FXGL Background Thread 3 ] DEBUG Engine               - scaledHeightProp$fxgl: DoubleProperty [bound, value: 720.0]
00:58:04.289 [FXGL Background Thread 3 ] DEBUG Engine               - scaledWidthProp$fxgl: DoubleProperty [bound, value: 1280.0]
00:58:04.290 [FXGL Background Thread 3 ] DEBUG Engine               - sceneFactory: ui.RTAISceneFactory@6193aaed
00:58:04.290 [FXGL Background Thread 3 ] DEBUG Engine               - secondsIn24h: 60
00:58:04.290 [FXGL Background Thread 3 ] DEBUG Engine               - soundMenuBack: menu/back.wav
00:58:04.290 [FXGL Background Thread 3 ] DEBUG Engine               - soundMenuPress: menu/press.wav
00:58:04.290 [FXGL Background Thread 3 ] DEBUG Engine               - soundMenuSelect: menu/select.wav
00:58:04.290 [FXGL Background Thread 3 ] DEBUG Engine               - soundNotification: core/notification.wav
00:58:04.290 [FXGL Background Thread 3 ] DEBUG Engine               - stageStyle: DECORATED
00:58:04.290 [FXGL Background Thread 3 ] DEBUG Engine               - supportedLanguages: [ENGLISH, FRENCH, GERMAN, HUNGARIAN, RUSSIAN]
00:58:04.290 [FXGL Background Thread 3 ] DEBUG Engine               - ticksPerSecond: -1
00:58:04.290 [FXGL Background Thread 3 ] DEBUG Engine               - title: RTAIparty
00:58:04.291 [FXGL Background Thread 3 ] DEBUG Engine               - urlGithub: https://github.com/AlmasB/FXGL
00:58:04.291 [FXGL Background Thread 3 ] DEBUG Engine               - urlLeaderboard: http://fxgl-top.herokuapp.com/
00:58:04.291 [FXGL Background Thread 3 ] DEBUG Engine               - urlPOM: https://raw.githubusercontent.com/AlmasB/FXGL/release/README.md
00:58:04.291 [FXGL Background Thread 3 ] DEBUG Engine               - userAppClass: class com.almasb.fxglgames.RTAIparty.RTAIpartyApp
00:58:04.291 [FXGL Background Thread 3 ] DEBUG Engine               - version: 1.0
00:58:04.291 [FXGL Background Thread 3 ] DEBUG Engine               - versionCheckDays: 7
00:58:04.291 [FXGL Background Thread 3 ] DEBUG Engine               - width: 1280
00:58:04.291 [FXGL Background Thread 3 ] DEBUG Engine               - Logging services
00:58:04.291 [FXGL Background Thread 3 ] DEBUG Engine               - class com.almasb.fxgl.app.services.FXGLAssetLoaderService
00:58:04.292 [FXGL Background Thread 3 ] DEBUG Engine               - class com.almasb.fxgl.app.FXGLApplication$GameApplicationService
00:58:04.292 [FXGL Background Thread 3 ] DEBUG Engine               - class com.almasb.fxgl.app.services.FXGLDialogService
00:58:04.292 [FXGL Background Thread 3 ] DEBUG Engine               - class com.almasb.fxgl.app.services.IOTaskExecutorService
00:58:04.292 [FXGL Background Thread 3 ] DEBUG Engine               - class com.almasb.fxgl.io.FileSystemService
00:58:04.292 [FXGL Background Thread 3 ] DEBUG Engine               - class com.almasb.fxgl.localization.LocalizationService
00:58:04.292 [FXGL Background Thread 3 ] DEBUG Engine               - class com.almasb.fxgl.app.services.SystemBundleService
00:58:04.292 [FXGL Background Thread 3 ] DEBUG Engine               - class com.almasb.fxgl.profile.SaveLoadService
00:58:04.292 [FXGL Background Thread 3 ] DEBUG Engine               - class com.almasb.fxgl.ui.FXGLUIFactoryServiceProvider
00:58:04.292 [FXGL Background Thread 3 ] DEBUG Engine               - class com.almasb.fxgl.ui.FXGLDialogFactoryServiceProvider
00:58:04.292 [FXGL Background Thread 3 ] DEBUG Engine               - class com.almasb.fxgl.audio.AudioPlayer
00:58:04.292 [FXGL Background Thread 3 ] DEBUG Engine               - class com.almasb.fxgl.notification.impl.NotificationServiceProvider
00:58:04.293 [FXGL Background Thread 3 ] DEBUG Engine               - class com.almasb.fxgl.achievement.AchievementService
00:58:04.293 [FXGL Background Thread 3 ] DEBUG Engine               - class com.almasb.fxgl.cutscene.CutsceneService
00:58:04.293 [FXGL Background Thread 3 ] DEBUG Engine               - class com.almasb.fxgl.minigames.MiniGameService
00:58:04.293 [FXGL Background Thread 3 ] DEBUG Engine               - class com.almasb.fxgl.net.NetService
00:58:04.293 [FXGL Background Thread 3 ] DEBUG Engine               - class com.almasb.fxgl.app.services.UpdaterService
00:58:04.293 [FXGL Background Thread 3 ] DEBUG Engine               - class com.almasb.fxgl.dev.DevService
00:58:19.814 [JavaFX Application Thread] DEBUG Menu                 - fireNewGame()
00:58:19.814 [JavaFX Application Thread] DEBUG GameApplicationServi - Starting new game
00:58:19.814 [JavaFX Application Thread] DEBUG PrimaryStageWindow   - Pop state: RTAIpartyMainMenu
00:58:19.815 [JavaFX Application Thread] DEBUG Input                - Clearing active input actions
00:58:19.815 [JavaFX Application Thread] DEBUG GameApplicationServi - Removing overlay from RTAIpartyMainMenu and adding to FXGLMainMenuDummyScene
00:58:19.815 [JavaFX Application Thread] DEBUG PrimaryStageWindow   - FXGLMainMenuDummyScene <- RTAIpartyMainMenu
00:58:19.815 [JavaFX Application Thread] DEBUG Input                - Clearing active input actions
00:58:19.819 [JavaFX Application Thread] DEBUG GameApplicationServi - Removing overlay from FXGLMainMenuDummyScene and adding to FXGLLoadingScene
00:58:19.820 [JavaFX Application Thread] DEBUG PrimaryStageWindow   - FXGLMainMenuDummyScene -> FXGLLoadingScene
00:58:19.820 [JavaFX Application Thread] DEBUG GameApplicationServi - Clearing previous game
00:58:19.820 [JavaFX Application Thread] DEBUG GameScene            - Clearing game scene
00:58:19.820 [JavaFX Application Thread] DEBUG GameWorld            - Clearing game world
00:58:19.820 [JavaFX Application Thread] DEBUG PhysicsWorld         - Clearing physics world
00:58:19.822 [FXGL Background Thread 2 ] DEBUG FXGLApplication      - Initializing game
00:58:19.823 [FXGL Background Thread 2 ] INFO  FXGLApplication      - Game initialization took: 0,001 sec
00:58:19.826 [JavaFX Application Thread] DEBUG GameWorld            - Game world initialized
00:58:19.827 [JavaFX Application Thread] DEBUG PhysicsWorld         - Physics world initialized: appHeight=720, physics.ppm=50,0
00:58:19.827 [JavaFX Application Thread] DEBUG PhysicsWorld         - Using strategy: BRUTE_FORCE
00:58:19.827 [JavaFX Application Thread] DEBUG GameScene            - Game scene initialized: 1280x720
00:58:19.827 [JavaFX Application Thread] DEBUG Input                - Registered new binding: Fin - E
00:58:19.828 [JavaFX Application Thread] DEBUG Input                - Registered new binding: Up - Up
00:58:19.828 [JavaFX Application Thread] DEBUG Input                - Registered new binding: Down - Down
00:58:19.828 [JavaFX Application Thread] DEBUG Input                - Registered new binding: Left - Left
00:58:19.828 [JavaFX Application Thread] DEBUG Input                - Registered new binding: Right - Right
00:58:19.828 [JavaFX Application Thread] DEBUG Input                - Registered new binding: Start - Enter
00:58:19.833 [JavaFX Application Thread] DEBUG FXGLAssetLoaderServi - Loading from file system: file:/C:/Users/zorm1/eclipse-workspace/RTAIparty/target/classes/assets/textures/background/decordodge.png
00:58:19.859 [JavaFX Application Thread] DEBUG FXGLAssetLoaderServi - Loading from file system: file:/C:/Users/zorm1/eclipse-workspace/RTAIparty/target/classes/assets/textures/garcon_blond_dodge.png
00:58:19.877 [JavaFX Application Thread] DEBUG Input                - Clearing active input actions
00:58:19.882 [JavaFX Application Thread] DEBUG GameApplicationServi - Removing overlay from FXGLLoadingScene and adding to GameScene
00:58:19.882 [JavaFX Application Thread] DEBUG PrimaryStageWindow   - FXGLLoadingScene -> GameScene
00:58:19.882 [JavaFX Application Thread] DEBUG PrimaryStageWindow   - Push state: DodgeSubScene
00:58:19.882 [JavaFX Application Thread] DEBUG Input                - Clearing active input actions
00:58:19.882 [JavaFX Application Thread] DEBUG GameApplicationServi - Removing overlay from GameScene and adding to DodgeSubScene
00:58:19.883 [JavaFX Application Thread] DEBUG PrimaryStageWindow   - GameScene -> DodgeSubScene
00:58:21.732 [JavaFX Application Thread] DEBUG FXGLAssetLoaderServi - Loading from file system: file:/C:/Users/zorm1/eclipse-workspace/RTAIparty/target/classes/assets/textures/screen.png
00:58:21.734 [JavaFX Application Thread] DEBUG FXGLAssetLoaderServi - Loading from file system: file:/C:/Users/zorm1/eclipse-workspace/RTAIparty/target/classes/assets/textures/mouse.png
00:58:26.208 [JavaFX Application Thread] DEBUG FXGLAssetLoaderServi - Loading from file system: file:/C:/Users/zorm1/eclipse-workspace/RTAIparty/target/classes/assets/textures/loose.png
00:58:29.300 [JavaFX Application Thread] DEBUG PrimaryStageWindow   - Pop state: DodgeSubScene
00:58:29.300 [JavaFX Application Thread] DEBUG Input                - Clearing active input actions
00:58:29.301 [JavaFX Application Thread] DEBUG GameApplicationServi - Removing overlay from DodgeSubScene and adding to GameScene
00:58:29.301 [JavaFX Application Thread] DEBUG PrimaryStageWindow   - GameScene <- DodgeSubScene
00:58:29.302 [JavaFX Application Thread] DEBUG GameWorld            - Game world initialized
00:58:29.302 [JavaFX Application Thread] DEBUG PhysicsWorld         - Physics world initialized: appHeight=720, physics.ppm=50,0
00:58:29.302 [JavaFX Application Thread] DEBUG PhysicsWorld         - Using strategy: BRUTE_FORCE
00:58:29.303 [JavaFX Application Thread] DEBUG GameScene            - Game scene initialized: 1280x720
00:58:29.303 [JavaFX Application Thread] DEBUG Input                - Registered new binding: Fin - E
00:58:29.303 [JavaFX Application Thread] DEBUG Input                - Registered new binding: Up - Up
00:58:29.303 [JavaFX Application Thread] DEBUG Input                - Registered new binding: Down - Down
00:58:29.303 [JavaFX Application Thread] DEBUG Input                - Registered new binding: Left - Left
00:58:29.303 [JavaFX Application Thread] DEBUG Input                - Registered new binding: Right - Right
00:58:29.303 [JavaFX Application Thread] DEBUG Input                - Registered new binding: Start - Enter
00:58:29.306 [JavaFX Application Thread] DEBUG FXGLAssetLoaderServi - Loading from file system: file:/C:/Users/zorm1/eclipse-workspace/RTAIparty/target/classes/assets/textures/garcon_brun_dodge.png
00:58:29.308 [JavaFX Application Thread] DEBUG PrimaryStageWindow   - Push state: DodgeSubScene
00:58:29.308 [JavaFX Application Thread] DEBUG Input                - Clearing active input actions
00:58:29.309 [JavaFX Application Thread] DEBUG GameApplicationServi - Removing overlay from GameScene and adding to DodgeSubScene
00:58:29.309 [JavaFX Application Thread] DEBUG PrimaryStageWindow   - GameScene -> DodgeSubScene
00:58:34.724 [JavaFX Application Thread] DEBUG PrimaryStageWindow   - Pop state: DodgeSubScene
00:58:34.724 [JavaFX Application Thread] DEBUG Input                - Clearing active input actions
00:58:34.724 [JavaFX Application Thread] DEBUG GameApplicationServi - Removing overlay from DodgeSubScene and adding to GameScene
00:58:34.724 [JavaFX Application Thread] DEBUG PrimaryStageWindow   - GameScene <- DodgeSubScene
00:58:34.725 [JavaFX Application Thread] DEBUG GameWorld            - Game world initialized
00:58:34.726 [JavaFX Application Thread] DEBUG PhysicsWorld         - Physics world initialized: appHeight=720, physics.ppm=50,0
00:58:34.726 [JavaFX Application Thread] DEBUG PhysicsWorld         - Using strategy: BRUTE_FORCE
00:58:34.726 [JavaFX Application Thread] DEBUG GameScene            - Game scene initialized: 1280x720
00:58:34.726 [JavaFX Application Thread] DEBUG Input                - Registered new binding: Fin - E
00:58:34.726 [JavaFX Application Thread] DEBUG Input                - Registered new binding: Up - Up
00:58:34.726 [JavaFX Application Thread] DEBUG Input                - Registered new binding: Down - Down
00:58:34.727 [JavaFX Application Thread] DEBUG Input                - Registered new binding: Left - Left
00:58:34.727 [JavaFX Application Thread] DEBUG Input                - Registered new binding: Right - Right
00:58:34.727 [JavaFX Application Thread] DEBUG Input                - Registered new binding: Start - Enter
00:58:34.729 [JavaFX Application Thread] DEBUG FXGLAssetLoaderServi - Loading from file system: file:/C:/Users/zorm1/eclipse-workspace/RTAIparty/target/classes/assets/textures/fille_blonde_dodge.png
00:58:34.731 [JavaFX Application Thread] DEBUG PrimaryStageWindow   - Push state: DodgeSubScene
00:58:34.732 [JavaFX Application Thread] DEBUG Input                - Clearing active input actions
00:58:34.732 [JavaFX Application Thread] DEBUG GameApplicationServi - Removing overlay from GameScene and adding to DodgeSubScene
00:58:34.733 [JavaFX Application Thread] DEBUG PrimaryStageWindow   - GameScene -> DodgeSubScene
00:58:40.260 [JavaFX Application Thread] DEBUG PrimaryStageWindow   - Pop state: DodgeSubScene
00:58:40.260 [JavaFX Application Thread] DEBUG Input                - Clearing active input actions
00:58:40.261 [JavaFX Application Thread] DEBUG GameApplicationServi - Removing overlay from DodgeSubScene and adding to GameScene
00:58:40.261 [JavaFX Application Thread] DEBUG PrimaryStageWindow   - GameScene <- DodgeSubScene
00:58:40.262 [JavaFX Application Thread] DEBUG GameWorld            - Game world initialized
00:58:40.263 [JavaFX Application Thread] DEBUG PhysicsWorld         - Physics world initialized: appHeight=720, physics.ppm=50,0
00:58:40.263 [JavaFX Application Thread] DEBUG PhysicsWorld         - Using strategy: BRUTE_FORCE
00:58:40.263 [JavaFX Application Thread] DEBUG GameScene            - Game scene initialized: 1280x720
00:58:40.263 [JavaFX Application Thread] DEBUG Input                - Registered new binding: Fin - E
00:58:40.263 [JavaFX Application Thread] DEBUG Input                - Registered new binding: Up - Up
00:58:40.264 [JavaFX Application Thread] DEBUG Input                - Registered new binding: Down - Down
00:58:40.264 [JavaFX Application Thread] DEBUG Input                - Registered new binding: Left - Left
00:58:40.264 [JavaFX Application Thread] DEBUG Input                - Registered new binding: Right - Right
00:58:40.264 [JavaFX Application Thread] DEBUG Input                - Registered new binding: Start - Enter
00:58:40.267 [JavaFX Application Thread] DEBUG FXGLAssetLoaderServi - Loading from file system: file:/C:/Users/zorm1/eclipse-workspace/RTAIparty/target/classes/assets/textures/fille_brune_dodge.png
00:58:40.269 [JavaFX Application Thread] DEBUG GameWorld            - Game world initialized
00:58:40.270 [JavaFX Application Thread] DEBUG PhysicsWorld         - Physics world initialized: appHeight=720, physics.ppm=50,0
00:58:40.271 [JavaFX Application Thread] DEBUG PhysicsWorld         - Using strategy: BRUTE_FORCE
00:58:40.271 [JavaFX Application Thread] DEBUG GameScene            - Game scene initialized: 1280x720
00:58:40.273 [JavaFX Application Thread] DEBUG PrimaryStageWindow   - Push state: EndgameSubScene
00:58:40.274 [JavaFX Application Thread] DEBUG Input                - Clearing active input actions
00:58:40.274 [JavaFX Application Thread] DEBUG GameApplicationServi - Removing overlay from GameScene and adding to EndgameSubScene
00:58:40.274 [JavaFX Application Thread] DEBUG PrimaryStageWindow   - GameScene -> EndgameSubScene
00:58:40.274 [JavaFX Application Thread] DEBUG PrimaryStageWindow   - Push state: DodgeSubScene
00:58:40.274 [JavaFX Application Thread] DEBUG Input                - Clearing active input actions
00:58:40.275 [JavaFX Application Thread] DEBUG GameApplicationServi - Removing overlay from EndgameSubScene and adding to DodgeSubScene
00:58:40.275 [JavaFX Application Thread] DEBUG PrimaryStageWindow   - EndgameSubScene -> DodgeSubScene
00:58:47.156 [JavaFX Application Thread] DEBUG PrimaryStageWindow   - Pop state: DodgeSubScene
00:58:47.157 [JavaFX Application Thread] DEBUG Input                - Clearing active input actions
00:58:47.158 [JavaFX Application Thread] DEBUG GameApplicationServi - Removing overlay from DodgeSubScene and adding to EndgameSubScene
00:58:47.158 [JavaFX Application Thread] DEBUG PrimaryStageWindow   - EndgameSubScene <- DodgeSubScene
00:58:47.159 [JavaFX Application Thread] DEBUG LoopRunner           - Stopping loop
00:58:47.160 [JavaFX Application Thread] FATAL FXGLApplication      - Uncaught Exception:
java.lang.IndexOutOfBoundsException: Index 4 out of bounds for length 4
	at java.base/jdk.internal.util.Preconditions.outOfBounds(Preconditions.java:64)
	at java.base/jdk.internal.util.Preconditions.outOfBoundsCheckIndex(Preconditions.java:70)
	at java.base/jdk.internal.util.Preconditions.checkIndex(Preconditions.java:266)
	at java.base/java.util.Objects.checkIndex(Objects.java:359)
	at java.base/java.util.ArrayList.get(ArrayList.java:427)
	at TowerDefense.main/com.almasb.fxglgames.RTAIparty.PartyManager.nextPlayer(PartyManager.java:62)
	at TowerDefense.main/com.almasb.fxglgames.RTAIparty.DodgeSubScene.lambda$2(DodgeSubScene.java:307)
	at com.almasb.fxgl.core@11+dev-SNAPSHOT/com.almasb.fxgl.time.TimerAction.update(TimerAction.kt:69)
	at com.almasb.fxgl.core@11+dev-SNAPSHOT/com.almasb.fxgl.time.Timer.update(Timer.kt:38)
	at com.almasb.fxgl.scene@11+dev-SNAPSHOT/com.almasb.fxgl.scene.Scene.update(Scene.kt:104)
	at com.almasb.fxgl.all@11+dev-SNAPSHOT/com.almasb.fxgl.app.MainWindow$update$1.invoke(MainWindow.kt:115)
	at com.almasb.fxgl.all@11+dev-SNAPSHOT/com.almasb.fxgl.app.MainWindow$update$1.invoke(MainWindow.kt:115)
	at com.almasb.fxgl.core@11+dev-SNAPSHOT/com.almasb.fxgl.core.fsm.StateMachine.runOnActiveStates(StateMachine.kt:69)
	at com.almasb.fxgl.all@11+dev-SNAPSHOT/com.almasb.fxgl.app.MainWindow.update(MainWindow.kt:115)
	at com.almasb.fxgl.all@11+dev-SNAPSHOT/com.almasb.fxgl.app.FXGLApplication$GameApplicationService.onUpdate(FXGLApplication.kt:426)
	at com.almasb.fxgl.all@11+dev-SNAPSHOT/com.almasb.fxgl.app.Engine.loop(Engine.kt:134)
	at com.almasb.fxgl.all@11+dev-SNAPSHOT/com.almasb.fxgl.app.Engine.access$loop(Engine.kt:24)
	at com.almasb.fxgl.all@11+dev-SNAPSHOT/com.almasb.fxgl.app.Engine$loop$1.invoke(Engine.kt:28)
	at com.almasb.fxgl.all@11+dev-SNAPSHOT/com.almasb.fxgl.app.Engine$loop$1.invoke(Engine.kt:28)
	at com.almasb.fxgl.all@11+dev-SNAPSHOT/com.almasb.fxgl.app.LoopRunner.frame(LoopRunner.kt:103)
	at com.almasb.fxgl.all@11+dev-SNAPSHOT/com.almasb.fxgl.app.LoopRunner.access$frame(LoopRunner.kt:23)
	at com.almasb.fxgl.all@11+dev-SNAPSHOT/com.almasb.fxgl.app.LoopRunner$impl$2$1.onTick(LoopRunner.kt:57)
	at com.almasb.fxgl.all@11+dev-SNAPSHOT/com.almasb.fxgl.app.AnimationTimerLoop$timer$1.handle(LoopRunner.kt:137)
	at javafx.graphics/javafx.animation.AnimationTimer$AnimationTimerReceiver.lambda$handle$0(AnimationTimer.java:58)
	at java.base/java.security.AccessController.doPrivileged(AccessController.java:391)
	at javafx.graphics/javafx.animation.AnimationTimer$AnimationTimerReceiver.handle(AnimationTimer.java:57)
	at javafx.graphics/com.sun.scenario.animation.AbstractPrimaryTimer.timePulseImpl(AbstractPrimaryTimer.java:356)
	at javafx.graphics/com.sun.scenario.animation.AbstractPrimaryTimer$MainLoop.run(AbstractPrimaryTimer.java:266)
	at javafx.graphics/com.sun.javafx.tk.quantum.QuantumToolkit.pulse(QuantumToolkit.java:571)
	at javafx.graphics/com.sun.javafx.tk.quantum.QuantumToolkit.pulse(QuantumToolkit.java:555)
	at javafx.graphics/com.sun.javafx.tk.quantum.QuantumToolkit.pulseFromQueue(QuantumToolkit.java:548)
	at javafx.graphics/com.sun.javafx.tk.quantum.QuantumToolkit.lambda$runToolkit$11(QuantumToolkit.java:353)
	at javafx.graphics/com.sun.glass.ui.InvokeLaterDispatcher$Future.run(InvokeLaterDispatcher.java:96)
	at javafx.graphics/com.sun.glass.ui.win.WinApplication._runLoop(Native Method)
	at javafx.graphics/com.sun.glass.ui.win.WinApplication.lambda$runLoop$3(WinApplication.java:184)
	at java.base/java.lang.Thread.run(Thread.java:831)

00:58:47.160 [JavaFX Application Thread] FATAL FXGLApplication      - Application will now exit
00:58:47.167 [JavaFX Application Thread] DEBUG PrimaryStageWindow   - Push state: ErrorSubScene
00:58:47.167 [JavaFX Application Thread] DEBUG Input                - Clearing active input actions
00:58:47.169 [JavaFX Application Thread] DEBUG GameApplicationServi - Removing overlay from EndgameSubScene and adding to ErrorSubScene
00:58:47.169 [JavaFX Application Thread] DEBUG PrimaryStageWindow   - EndgameSubScene -> ErrorSubScene
01:38:50.613 [JavaFX Application Thread] DEBUG FXGLApplication      - Exiting FXGL
01:38:50.614 [JavaFX Application Thread] DEBUG Async                - Shutting down background threads
01:38:50.614 [JavaFX Application Thread] DEBUG PrimaryStageWindow   - Closing main window
01:38:50.621 [JavaFX Application Thread] DEBUG Logger               - Closing Logger
