14:05:17.332 [main                     ] DEBUG Logger               - Configured Logger
14:05:17.366 [main                     ] DEBUG GameApplication      - Logging settings
Title: RTAIparty
Version: 1.0
Width: 1280
Height: 720
Fullscreen: false
Intro: false
Profiling: false
Single step:false
App Mode: DEVELOPER
Menu Key: ESCAPE
Stage Style: DECORATED
Scene Factory: class ui.RTAISceneFactory

14:05:17.696 [JavaFX Application Thread] DEBUG FXGLApplication      - Initializing FXGL
14:05:17.698 [JavaFX Application Thread] INFO  Engine               - FXGL-11.17 (16.07.2021 15.46) on WINDOWS (J:16.0.2 FX:16)
14:05:17.700 [JavaFX Application Thread] DEBUG Engine               - JRE Vendor Name: Oracle Corporation
14:05:17.700 [JavaFX Application Thread] DEBUG Engine               - Running on OS: Windows 10 version 10.0
14:05:17.700 [JavaFX Application Thread] DEBUG Engine               - Architecture: amd64
14:05:17.701 [JavaFX Application Thread] INFO  Engine               - Source code and latest versions at: https://github.com/AlmasB/FXGL
14:05:17.701 [JavaFX Application Thread] INFO  Engine               -              Join the FXGL chat at: https://gitter.im/AlmasB/FXGL
14:05:17.803 [JavaFX Application Thread] DEBUG PrimaryStageWindow   - Creating a JavaFX scene
14:05:17.848 [JavaFX Application Thread] DEBUG PrimaryStageWindow   - Target settings size: 1280.0 x 720.0
14:05:17.848 [JavaFX Application Thread] DEBUG PrimaryStageWindow   - Scaled scene size:    1280.0 x 720.0
14:05:17.848 [JavaFX Application Thread] DEBUG PrimaryStageWindow   - Scaled ratio: (1.0, 1.0)
14:05:17.849 [JavaFX Application Thread] DEBUG PrimaryStageWindow   - Set initial scene to FXGLStartupScene
14:05:17.855 [JavaFX Application Thread] DEBUG PrimaryStageWindow   - Opening main window
14:05:17.926 [JavaFX Application Thread] DEBUG PrimaryStageWindow   - Window border size: (16.0, 39.0)
14:05:17.927 [JavaFX Application Thread] DEBUG PrimaryStageWindow   - Scaled size: 1280.0 x 720.0
14:05:17.927 [JavaFX Application Thread] DEBUG PrimaryStageWindow   - Scaled ratio: (1.0, 1.0)
14:05:17.928 [JavaFX Application Thread] DEBUG PrimaryStageWindow   - Scene size: 1280.0 x 720.0
14:05:17.929 [JavaFX Application Thread] DEBUG PrimaryStageWindow   - Stage size: 1296.0 x 759.0
14:05:17.937 [FXGL Background Thread 1 ] DEBUG Engine               - Initializing environment variables
14:05:18.001 [FXGL Background Thread 1 ] DEBUG FXGLAssetLoaderServi - User app class for loading assets: class com.almasb.fxglgames.RTAIparty.RTAIpartyApp
14:05:18.002 [FXGL Background Thread 1 ] DEBUG GameApplicationServi - Applying CSS: fxgl_dark.css
14:05:18.004 [FXGL Background Thread 1 ] DEBUG FXGLAssetLoaderServi - Loading from file system: jar:file:///C:/Users/zorm1/.m2/repository/com/github/almasb/fxgl/11.17/fxgl-11.17.jar!/fxglassets/ui/css/fxgl_dark.css
14:05:18.090 [FXGL Background Thread 1 ] DEBUG GameApplicationServi - Initializing application scenes
14:05:18.159 [FXGL Background Thread 1 ] DEBUG GameWorld            - Game world initialized
14:05:18.240 [FXGL Background Thread 1 ] DEBUG PhysicsWorld         - Physics world initialized: appHeight=720, physics.ppm=50,0
14:05:18.241 [FXGL Background Thread 1 ] DEBUG PhysicsWorld         - Using strategy: BRUTE_FORCE
14:05:18.243 [FXGL Background Thread 1 ] DEBUG GameScene            - Game scene initialized: 1280x720
14:05:18.251 [FXGL Background Thread 1 ] DEBUG FXGLAssetLoaderServi - Loading from file system: file:/C:/Users/zorm1/eclipse-workspace/RTAIparty/target/classes/assets/textures/garcon_blond.png
14:05:18.269 [FXGL Background Thread 1 ] DEBUG FXGLAssetLoaderServi - Loading from file system: file:/C:/Users/zorm1/eclipse-workspace/RTAIparty/target/classes/assets/textures/garcon_brun.png
14:05:18.272 [FXGL Background Thread 1 ] DEBUG FXGLAssetLoaderServi - Loading from file system: file:/C:/Users/zorm1/eclipse-workspace/RTAIparty/target/classes/assets/textures/fille_blonde.png
14:05:18.273 [FXGL Background Thread 1 ] DEBUG FXGLAssetLoaderServi - Loading from file system: file:/C:/Users/zorm1/eclipse-workspace/RTAIparty/target/classes/assets/textures/fille_brune.png
14:05:18.276 [FXGL Background Thread 1 ] DEBUG FXGLAssetLoaderServi - Loading from file system: file:/C:/Users/zorm1/eclipse-workspace/RTAIparty/target/classes/assets/textures/background/classe.png
14:05:18.344 [FXGL Background Thread 1 ] DEBUG FXGLAssetLoaderServi - Loading from file system: file:/C:/Users/zorm1/eclipse-workspace/RTAIparty/target/classes/assets/textures/tableau.png
14:05:18.349 [FXGL Background Thread 1 ] DEBUG FXGLAssetLoaderServi - Loading from file system: file:/C:/Users/zorm1/eclipse-workspace/RTAIparty/target/classes/assets/textures/table.png
14:05:18.377 [FXGL Background Thread 1 ] DEBUG FXGL.DefaultMenu     - createMenuBodyGameMenu()
14:05:18.386 [FXGL Background Thread 1 ] DEBUG FXGL.DefaultMenu     - createOptionsMenu()
14:05:18.392 [FXGL Background Thread 1 ] DEBUG FXGLAssetLoaderServi - Loading from file system: jar:file:///C:/Users/zorm1/.m2/repository/com/github/almasb/fxgl/11.17/fxgl-11.17.jar!/fxglassets/textures/particles/smoke.png
14:05:18.486 [FXGL Background Thread 1 ] DEBUG FXGLAssetLoaderServi - Loading from file system: jar:file:///C:/Users/zorm1/.m2/repository/com/github/almasb/fxgl/11.17/fxgl-11.17.jar!/fxglassets/textures/particles/trace_horizontal.png
14:05:18.515 [FXGL Background Thread 1 ] DEBUG GameApplicationServi - Application scenes initialized
14:05:18.531 [FXGL Background Thread 1 ] DEBUG SystemBundleService  - Loading FXGL system data
14:05:18.537 [FXGL Background Thread 1 ] DEBUG FileSystemAccess     - Reading from: C:\Users\zorm1\eclipse-workspace\RTAIparty\system\fxgl.bundle
14:05:18.545 [FXGL Background Thread 1 ] DEBUG SystemBundleService  - Bundle FXGL: {}
14:05:18.545 [FXGL Background Thread 1 ] DEBUG UpdaterService       - Checking for updates
14:05:18.550 [FXGL Background Thread 4 ] DEBUG FXGLApplication      - Loading fonts
14:05:18.550 [FXGL Background Thread 1 ] DEBUG FXGLApplication      - Loading default localization
14:05:18.550 [FXGL Background Thread 4 ] DEBUG FXGLAssetLoaderServi - Loading from file system: jar:file:///C:/Users/zorm1/.m2/repository/com/github/almasb/fxgl/11.17/fxgl-11.17.jar!/fxglassets/ui/fonts/VarelaRound-Regular.ttf
14:05:18.551 [FXGL Background Thread 1 ] DEBUG FXGLAssetLoaderServi - Loading from file system: jar:file:///C:/Users/zorm1/.m2/repository/com/github/almasb/fxgl/11.17/fxgl-11.17.jar!/fxglassets/languages/english.lang
14:05:18.571 [FXGL Background Thread 1 ] INFO  FXGLApplication      - FXGL initialization took: 0,633 sec
14:05:18.577 [JavaFX Application Thread] DEBUG Input                - Registered new binding: clic - LMB
14:05:18.590 [JavaFX Application Thread] DEBUG Input                - Registered new binding: test - E
14:05:18.591 [JavaFX Application Thread] DEBUG FXGLAssetLoaderServi - Loading from file system: jar:file:///C:/Users/zorm1/.m2/repository/com/github/almasb/fxgl/11.17/fxgl-11.17.jar!/fxglassets/textures/fxgl_icon.png
14:05:18.613 [JavaFX Application Thread] DEBUG FXGLAssetLoaderServi - Loading from file system: jar:file:///C:/Users/zorm1/.m2/repository/com/github/almasb/fxgl/11.17/fxgl-11.17.jar!/fxglassets/textures/fxgl_default_cursor.png
14:05:18.617 [JavaFX Application Thread] DEBUG Input                - Registered new binding: Screenshot - CTRL+8
14:05:18.618 [JavaFX Application Thread] DEBUG Input                - Registered new binding: System info dump - CTRL+9
14:05:18.619 [JavaFX Application Thread] DEBUG Input                - Registered new binding: Restart - CTRL+R
14:05:18.621 [JavaFX Application Thread] DEBUG Input                - Registered new binding: Toggle Debug Camera - CTRL+C
14:05:18.625 [JavaFX Application Thread] DEBUG LoopRunner           - Starting loop
14:05:18.625 [JavaFX Application Thread] DEBUG LoopRunner           - Initializing JavaFX AnimationTimerLoop
14:05:18.629 [JavaFX Application Thread] DEBUG Input                - Clearing active input actions
14:05:18.633 [FXGL Background Thread 4 ] DEBUG FXGLAssetLoaderServi - Loading from file system: jar:file:///C:/Users/zorm1/.m2/repository/com/github/almasb/fxgl/11.17/fxgl-11.17.jar!/fxglassets/ui/fonts/Abel-Regular.ttf
14:05:18.642 [JavaFX Application Thread] DEBUG GameApplicationServi - Removing overlay from FXGLStartupScene and adding to FXGLMainMenuDummyScene
14:05:18.643 [JavaFX Application Thread] DEBUG PrimaryStageWindow   - FXGLStartupScene -> FXGLMainMenuDummyScene
14:05:18.644 [JavaFX Application Thread] DEBUG PrimaryStageWindow   - Push state: RTAIpartyMainMenu
14:05:18.644 [JavaFX Application Thread] DEBUG Input                - Clearing active input actions
14:05:18.651 [JavaFX Application Thread] DEBUG GameApplicationServi - Removing overlay from FXGLMainMenuDummyScene and adding to RTAIpartyMainMenu
14:05:18.652 [JavaFX Application Thread] DEBUG PrimaryStageWindow   - FXGLMainMenuDummyScene -> RTAIpartyMainMenu
14:05:18.657 [FXGL Background Thread 4 ] DEBUG FXGLAssetLoaderServi - Loading from file system: jar:file:///C:/Users/zorm1/.m2/repository/com/github/almasb/fxgl/11.17/fxgl-11.17.jar!/fxglassets/ui/fonts/lucida_console.ttf
14:05:18.689 [FXGL Background Thread 4 ] DEBUG FXGLAssetLoaderServi - Loading from file system: jar:file:///C:/Users/zorm1/.m2/repository/com/github/almasb/fxgl/11.17/fxgl-11.17.jar!/fxglassets/ui/fonts/Courier-Prime.ttf
14:05:18.711 [JavaFX Application Thread] DEBUG FXGLApplication      - Registering font factories with UI factory
14:05:21.550 [FXGL Background Thread 3 ] DEBUG Engine               - Logging environment variables
14:05:21.551 [FXGL Background Thread 3 ] DEBUG Engine               - achievements: []
14:05:21.552 [FXGL Background Thread 3 ] DEBUG Engine               - actualHeight: 720.0
14:05:21.552 [FXGL Background Thread 3 ] DEBUG Engine               - actualHeightProperty: ReadOnlyDoubleProperty [value: 720.0]
14:05:21.553 [FXGL Background Thread 3 ] DEBUG Engine               - actualWidth: 1280.0
14:05:21.553 [FXGL Background Thread 3 ] DEBUG Engine               - actualWidthProperty: ReadOnlyDoubleProperty [value: 1280.0]
14:05:21.554 [FXGL Background Thread 3 ] DEBUG Engine               - appIcon: fxgl_icon.png
14:05:21.554 [FXGL Background Thread 3 ] DEBUG Engine               - applicationMode: DEVELOPER
14:05:21.555 [FXGL Background Thread 3 ] DEBUG Engine               - cSSList: [fxgl_dark.css]
14:05:21.555 [FXGL Background Thread 3 ] DEBUG Engine               - collisionDetectionStrategy: BRUTE_FORCE
14:05:21.556 [FXGL Background Thread 3 ] DEBUG Engine               - configClass: Optional.empty
14:05:21.556 [FXGL Background Thread 3 ] DEBUG Engine               - credits: []
14:05:21.557 [FXGL Background Thread 3 ] DEBUG Engine               - defaultCursor: CursorInfo(imageName=fxgl_default_cursor.png, hotspotX=7.0, hotspotY=6.0)
14:05:21.558 [FXGL Background Thread 3 ] DEBUG Engine               - devBBoxColorProperty: ObjectProperty [value: 0xff0000ff]
14:05:21.559 [FXGL Background Thread 3 ] DEBUG Engine               - devEnableDebugCameraProperty: BooleanProperty [value: false]
14:05:21.559 [FXGL Background Thread 3 ] DEBUG Engine               - devSensorColorProperty: ObjectProperty [value: 0xffff00ff]
14:05:21.560 [FXGL Background Thread 3 ] DEBUG Engine               - devShowBBoxProperty: BooleanProperty [value: false]
14:05:21.560 [FXGL Background Thread 3 ] DEBUG Engine               - devShowPositionProperty: BooleanProperty [value: false]
14:05:21.561 [FXGL Background Thread 3 ] DEBUG Engine               - enabledMenuItems: []
14:05:21.561 [FXGL Background Thread 3 ] DEBUG Engine               - engineServices: [class com.almasb.fxgl.app.services.FXGLAssetLoaderService, class com.almasb.fxgl.app.FXGLApplication$GameApplicationService, class com.almasb.fxgl.app.services.FXGLDialogService, class com.almasb.fxgl.app.services.IOTaskExecutorService, class com.almasb.fxgl.io.FileSystemService, class com.almasb.fxgl.localization.LocalizationService, class com.almasb.fxgl.app.services.SystemBundleService, class com.almasb.fxgl.profile.SaveLoadService, class com.almasb.fxgl.ui.FXGLUIFactoryServiceProvider, class com.almasb.fxgl.ui.FXGLDialogFactoryServiceProvider, class com.almasb.fxgl.audio.AudioPlayer, class com.almasb.fxgl.notification.impl.NotificationServiceProvider, class com.almasb.fxgl.achievement.AchievementService, class com.almasb.fxgl.cutscene.CutsceneService, class com.almasb.fxgl.minigames.MiniGameService, class com.almasb.fxgl.net.NetService, class com.almasb.fxgl.app.services.UpdaterService, class com.almasb.fxgl.dev.DevService]
14:05:21.562 [FXGL Background Thread 3 ] DEBUG Engine               - fontGame: Abel-Regular.ttf
14:05:21.562 [FXGL Background Thread 3 ] DEBUG Engine               - fontMono: lucida_console.ttf
14:05:21.562 [FXGL Background Thread 3 ] DEBUG Engine               - fontText: Courier-Prime.ttf
14:05:21.563 [FXGL Background Thread 3 ] DEBUG Engine               - fontUI: VarelaRound-Regular.ttf
14:05:21.563 [FXGL Background Thread 3 ] DEBUG Engine               - fullScreen: BooleanProperty [value: false]
14:05:21.564 [FXGL Background Thread 3 ] DEBUG Engine               - gameDifficulty: MEDIUM
14:05:21.564 [FXGL Background Thread 3 ] DEBUG Engine               - gameDifficultyProperty: ObjectProperty [value: MEDIUM]
14:05:21.565 [FXGL Background Thread 3 ] DEBUG Engine               - globalMusicVolume: 0.5
14:05:21.565 [FXGL Background Thread 3 ] DEBUG Engine               - globalMusicVolumeProperty: DoubleProperty [value: 0.5]
14:05:21.566 [FXGL Background Thread 3 ] DEBUG Engine               - globalSoundVolume: 0.5
14:05:21.566 [FXGL Background Thread 3 ] DEBUG Engine               - globalSoundVolumeProperty: DoubleProperty [value: 0.5]
14:05:21.567 [FXGL Background Thread 3 ] DEBUG Engine               - height: 720
14:05:21.567 [FXGL Background Thread 3 ] DEBUG Engine               - is3D: false
14:05:21.567 [FXGL Background Thread 3 ] DEBUG Engine               - isAndroid: false
14:05:21.568 [FXGL Background Thread 3 ] DEBUG Engine               - isBrowser: false
14:05:21.568 [FXGL Background Thread 3 ] DEBUG Engine               - isClickFeedbackEnabled: false
14:05:21.568 [FXGL Background Thread 3 ] DEBUG Engine               - isCloseConfirmation: false
14:05:21.569 [FXGL Background Thread 3 ] DEBUG Engine               - isDesktop: true
14:05:21.569 [FXGL Background Thread 3 ] DEBUG Engine               - isDeveloperMenuEnabled: false
14:05:21.569 [FXGL Background Thread 3 ] DEBUG Engine               - isEntityPreloadEnabled: true
14:05:21.570 [FXGL Background Thread 3 ] DEBUG Engine               - isExperimentalTiledLargeMap: false
14:05:21.570 [FXGL Background Thread 3 ] DEBUG Engine               - isFileSystemWriteAllowed: true
14:05:21.571 [FXGL Background Thread 3 ] DEBUG Engine               - isFullScreenAllowed: false
14:05:21.571 [FXGL Background Thread 3 ] DEBUG Engine               - isFullScreenFromStart: false
14:05:21.572 [FXGL Background Thread 3 ] DEBUG Engine               - isGameMenuEnabled: true
14:05:21.572 [FXGL Background Thread 3 ] DEBUG Engine               - isIOS: false
14:05:21.573 [FXGL Background Thread 3 ] DEBUG Engine               - isIntroEnabled: false
14:05:21.573 [FXGL Background Thread 3 ] DEBUG Engine               - isLinux: false
14:05:21.573 [FXGL Background Thread 3 ] DEBUG Engine               - isMac: false
14:05:21.574 [FXGL Background Thread 3 ] DEBUG Engine               - isMainMenuEnabled: true
14:05:21.574 [FXGL Background Thread 3 ] DEBUG Engine               - isManualResizeEnabled: true
14:05:21.574 [FXGL Background Thread 3 ] DEBUG Engine               - isMobile: false
14:05:21.575 [FXGL Background Thread 3 ] DEBUG Engine               - isNative: false
14:05:21.575 [FXGL Background Thread 3 ] DEBUG Engine               - isPauseMusicWhenMinimized: true
14:05:21.575 [FXGL Background Thread 3 ] DEBUG Engine               - isPreserveResizeRatio: true
14:05:21.576 [FXGL Background Thread 3 ] DEBUG Engine               - isProfilingEnabled: false
14:05:21.576 [FXGL Background Thread 3 ] DEBUG Engine               - isScaleAffectedOnResize: true
14:05:21.577 [FXGL Background Thread 3 ] DEBUG Engine               - isSingleStep: false
14:05:21.577 [FXGL Background Thread 3 ] DEBUG Engine               - isUserProfileEnabled: false
14:05:21.578 [FXGL Background Thread 3 ] DEBUG Engine               - isWindows: true
14:05:21.578 [FXGL Background Thread 3 ] DEBUG Engine               - language: ObjectProperty [value: ENGLISH]
14:05:21.578 [FXGL Background Thread 3 ] DEBUG Engine               - menuKey: ESCAPE
14:05:21.579 [FXGL Background Thread 3 ] DEBUG Engine               - mouseSensitivity: 0.2
14:05:21.579 [FXGL Background Thread 3 ] DEBUG Engine               - notificationViewClass: class com.almasb.fxgl.notification.view.XboxNotificationView
14:05:21.580 [FXGL Background Thread 3 ] DEBUG Engine               - pixelsPerMeter: 50.0
14:05:21.580 [FXGL Background Thread 3 ] DEBUG Engine               - platform: WINDOWS
14:05:21.580 [FXGL Background Thread 3 ] DEBUG Engine               - prefHeightProperty: ReadOnlyDoubleProperty [value: 720.0]
14:05:21.580 [FXGL Background Thread 3 ] DEBUG Engine               - prefWidthProperty: ReadOnlyDoubleProperty [value: 1280.0]
14:05:21.581 [FXGL Background Thread 3 ] DEBUG Engine               - profileDir: profiles/
14:05:21.581 [FXGL Background Thread 3 ] DEBUG Engine               - profileName: StringProperty [value: DEFAULT]
14:05:21.582 [FXGL Background Thread 3 ] DEBUG Engine               - randomSeed: -1
14:05:21.582 [FXGL Background Thread 3 ] DEBUG Engine               - runtimeInfo: RuntimeInfo(platform=WINDOWS, version=11.17, build=16.07.2021 15.46)
14:05:21.582 [FXGL Background Thread 3 ] DEBUG Engine               - saveFileExt: sav
14:05:21.583 [FXGL Background Thread 3 ] DEBUG Engine               - scaledHeightProp$fxgl: DoubleProperty [bound, value: 720.0]
14:05:21.583 [FXGL Background Thread 3 ] DEBUG Engine               - scaledWidthProp$fxgl: DoubleProperty [bound, value: 1280.0]
14:05:21.584 [FXGL Background Thread 3 ] DEBUG Engine               - sceneFactory: ui.RTAISceneFactory@7ab0588a
14:05:21.584 [FXGL Background Thread 3 ] DEBUG Engine               - secondsIn24h: 60
14:05:21.584 [FXGL Background Thread 3 ] DEBUG Engine               - soundMenuBack: menu/back.wav
14:05:21.585 [FXGL Background Thread 3 ] DEBUG Engine               - soundMenuPress: menu/press.wav
14:05:21.585 [FXGL Background Thread 3 ] DEBUG Engine               - soundMenuSelect: menu/select.wav
14:05:21.585 [FXGL Background Thread 3 ] DEBUG Engine               - soundNotification: core/notification.wav
14:05:21.586 [FXGL Background Thread 3 ] DEBUG Engine               - stageStyle: DECORATED
14:05:21.586 [FXGL Background Thread 3 ] DEBUG Engine               - supportedLanguages: [ENGLISH, FRENCH, GERMAN, HUNGARIAN, RUSSIAN]
14:05:21.586 [FXGL Background Thread 3 ] DEBUG Engine               - ticksPerSecond: -1
14:05:21.587 [FXGL Background Thread 3 ] DEBUG Engine               - title: RTAIparty
14:05:21.587 [FXGL Background Thread 3 ] DEBUG Engine               - urlGithub: https://github.com/AlmasB/FXGL
14:05:21.587 [FXGL Background Thread 3 ] DEBUG Engine               - urlLeaderboard: http://fxgl-top.herokuapp.com/
14:05:21.587 [FXGL Background Thread 3 ] DEBUG Engine               - urlPOM: https://raw.githubusercontent.com/AlmasB/FXGL/release/README.md
14:05:21.588 [FXGL Background Thread 3 ] DEBUG Engine               - userAppClass: class com.almasb.fxglgames.RTAIparty.RTAIpartyApp
14:05:21.588 [FXGL Background Thread 3 ] DEBUG Engine               - version: 1.0
14:05:21.589 [FXGL Background Thread 3 ] DEBUG Engine               - versionCheckDays: 7
14:05:21.589 [FXGL Background Thread 3 ] DEBUG Engine               - width: 1280
14:05:21.590 [FXGL Background Thread 3 ] DEBUG Engine               - Logging services
14:05:21.590 [FXGL Background Thread 3 ] DEBUG Engine               - class com.almasb.fxgl.app.services.FXGLAssetLoaderService
14:05:21.590 [FXGL Background Thread 3 ] DEBUG Engine               - class com.almasb.fxgl.app.FXGLApplication$GameApplicationService
14:05:21.591 [FXGL Background Thread 3 ] DEBUG Engine               - class com.almasb.fxgl.app.services.FXGLDialogService
14:05:21.591 [FXGL Background Thread 3 ] DEBUG Engine               - class com.almasb.fxgl.app.services.IOTaskExecutorService
14:05:21.591 [FXGL Background Thread 3 ] DEBUG Engine               - class com.almasb.fxgl.io.FileSystemService
14:05:21.592 [FXGL Background Thread 3 ] DEBUG Engine               - class com.almasb.fxgl.localization.LocalizationService
14:05:21.592 [FXGL Background Thread 3 ] DEBUG Engine               - class com.almasb.fxgl.app.services.SystemBundleService
14:05:21.592 [FXGL Background Thread 3 ] DEBUG Engine               - class com.almasb.fxgl.profile.SaveLoadService
14:05:21.593 [FXGL Background Thread 3 ] DEBUG Engine               - class com.almasb.fxgl.ui.FXGLUIFactoryServiceProvider
14:05:21.593 [FXGL Background Thread 3 ] DEBUG Engine               - class com.almasb.fxgl.ui.FXGLDialogFactoryServiceProvider
14:05:21.593 [FXGL Background Thread 3 ] DEBUG Engine               - class com.almasb.fxgl.audio.AudioPlayer
14:05:21.594 [FXGL Background Thread 3 ] DEBUG Engine               - class com.almasb.fxgl.notification.impl.NotificationServiceProvider
14:05:21.594 [FXGL Background Thread 3 ] DEBUG Engine               - class com.almasb.fxgl.achievement.AchievementService
14:05:21.595 [FXGL Background Thread 3 ] DEBUG Engine               - class com.almasb.fxgl.cutscene.CutsceneService
14:05:21.595 [FXGL Background Thread 3 ] DEBUG Engine               - class com.almasb.fxgl.minigames.MiniGameService
14:05:21.595 [FXGL Background Thread 3 ] DEBUG Engine               - class com.almasb.fxgl.net.NetService
14:05:21.596 [FXGL Background Thread 3 ] DEBUG Engine               - class com.almasb.fxgl.app.services.UpdaterService
14:05:21.596 [FXGL Background Thread 3 ] DEBUG Engine               - class com.almasb.fxgl.dev.DevService
14:13:47.979 [JavaFX Application Thread] DEBUG FXGLApplication      - Exiting FXGL
14:13:47.980 [JavaFX Application Thread] DEBUG LoopRunner           - Stopping loop
14:13:47.980 [JavaFX Application Thread] DEBUG SystemBundleService  - Saving FXGL system data
14:13:47.987 [JavaFX Application Thread] DEBUG FileSystemAccess     - Writing to: C:\Users\zorm1\eclipse-workspace\RTAIparty\system\fxgl.bundle
14:13:47.992 [JavaFX Application Thread] DEBUG Async                - Shutting down background threads
14:13:47.993 [JavaFX Application Thread] DEBUG PrimaryStageWindow   - Closing main window
14:13:48.008 [JavaFX Application Thread] DEBUG Logger               - Closing Logger
